1     0.0000000000     0.0000000000     -9.0095276495     0.0000000000     0.0001466872     -0.0021529974
2     0.0000000000     0.0000000000     -9.0095276495     0.0000000000     0.0001450783     -0.0021526622
3     0.0000000000     0.0000000000     -9.0095276495     0.0000000000     0.0001419130     -0.0021507373
4     0.0000000000     0.0000000000     -9.0095276495     0.0000000000     0.0001380322     -0.0021488208
5     0.0000000000     0.0000000000     -9.0095276495     0.0000000000     0.0001334198     -0.0021470997
6     0.0000000000     0.0000000000     -9.0095276495     0.0000000000     0.0001280405     -0.0021455842
7     0.0000000000     0.0000000000     -9.0095276495     0.0000000000     0.0001219790     -0.0021440713
8     0.0000000000     0.0000000000     -9.0095276495     0.0000000000     0.0001153772     -0.0021423092
9     0.0000000000     0.0000000000     -9.0095276495     0.0000000000     0.0001083815     -0.0021404826
10     0.0000000000     0.0000000000     -9.0095276495     0.0000000000     0.0001010485     -0.0021390608
11     0.0000000000     0.0000000000     -9.0095276495     0.0000000000     0.0000933567     -0.0021379445
12     0.0000000000     0.0000000000     -9.0095276495     0.0000000000     0.0000854009     -0.0021366622
13     0.0000000000     0.0000000000     -9.0095276495     0.0000000000     0.0000773867     -0.0021351925
14     0.0000000000     0.0000000000     -9.0095276495     0.0000000000     0.0000695538     -0.0021337326
15     0.0000000000     0.0000000000     -9.0095276495     0.0000000000     0.0000620855     -0.0021323727
16     0.0000000000     0.0000000000     -9.0095276495     0.0000000000     0.0000549480     -0.0021311710
17     0.0000000000     0.0000000000     -9.0095276495     0.0000000000     0.0000479525     -0.0021301405
18     0.0000000000     0.0000000000     -9.0095276495     0.0000000000     0.0000409281     -0.0021291950
19     0.0000000000     0.0000000000     -9.0095276495     0.0000000000     0.0000338363     -0.0021282669
20     0.0000000000     0.0000000000     -9.0095276495     0.0000000000     0.0000267596     -0.0021273151
21     0.0000000000     0.0000000000     -9.0095276495     0.0000000000     0.0000198631     -0.0021261013
22     0.0000000000     0.0000000000     -9.0095276495     0.0000000000     0.0000133849     -0.0021242612
23     0.0000000000     0.0000000000     -9.0095276495     0.0000000000     0.0000075241     -0.0021216510
24     0.0000000000     0.0000000000     -9.0095276495     0.0000000000     0.0000022842     -0.0021185888
25     0.0000000000     0.0000000000     -9.0095276495     0.0000000000     -0.0000025118     -0.0021154546
26     0.0000000000     0.0000000000     -9.0095276495     0.0000000000     -0.0000069991     -0.0021125937
27     0.0000000000     0.0000000000     0.0000000000     0.0000000000     0.0001462509     -0.0021184761
28     0.0000000000     0.0000000000     0.0000000000     0.0000000000     0.0001451465     -0.0021181838
29     0.0000000000     0.0000000000     0.0000000000     0.0000000000     0.0001419559     -0.0021161976
30     0.0000000000     0.0000000000     0.0000000000     0.0000000000     0.0001381706     -0.0021141084
31     0.0000000000     0.0000000000     0.0000000000     0.0000000000     0.0001335739     -0.0021122473
32     0.0000000000     0.0000000000     0.0000000000     0.0000000000     0.0001280716     -0.0021106133
33     0.0000000000     0.0000000000     0.0000000000     0.0000000000     0.0001218589     -0.0021090148
34     0.0000000000     0.0000000000     0.0000000000     0.0000000000     0.0001151161     -0.0021068046
35     0.0000000000     0.0000000000     0.0000000000     0.0000000000     0.0001080850     -0.0021042367
36     0.0000000000     0.0000000000     0.0000000000     0.0000000000     0.0001008117     -0.0021026241
37     0.0000000000     0.0000000000     0.0000000000     0.0000000000     0.0000929921     -0.0021017297
38     0.0000000000     0.0000000000     0.0000000000     0.0000000000     0.0000847657     -0.0021002994
39     0.0000000000     0.0000000000     0.0000000000     0.0000000000     0.0000764751     -0.0020986873
40     0.0000000000     0.0000000000     0.0000000000     0.0000000000     0.0000684391     -0.0020971982
41     0.0000000000     0.0000000000     0.0000000000     0.0000000000     0.0000609983     -0.0020957347
42     0.0000000000     0.0000000000     0.0000000000     0.0000000000     0.0000539719     -0.0020944218
43     0.0000000000     0.0000000000     0.0000000000     0.0000000000     0.0000469973     -0.0020933551
44     0.0000000000     0.0000000000     0.0000000000     0.0000000000     0.0000398037     -0.0020923122
45     0.0000000000     0.0000000000     0.0000000000     0.0000000000     0.0000324077     -0.0020911804
46     0.0000000000     0.0000000000     0.0000000000     0.0000000000     0.0000249773     -0.0020902102
47     0.0000000000     0.0000000000     0.0000000000     0.0000000000     0.0000177247     -0.0020890526
48     0.0000000000     0.0000000000     0.0000000000     0.0000000000     0.0000110352     -0.0020871109
49     0.0000000000     0.0000000000     0.0000000000     0.0000000000     0.0000052247     -0.0020840260
50     0.0000000000     0.0000000000     0.0000000000     0.0000000000     0.0000002722     -0.0020808014
51     0.0000000000     0.0000000000     0.0000000000     0.0000000000     -0.0000042905     -0.0020778990
52     0.0000000000     0.0000000000     0.0000000000     0.0000000000     -0.0000085679     -0.0020752335
53     0.0000000000     0.0000000000     0.0000000000     0.0000000000     0.0001456602     -0.0020841562
54     0.0000000000     0.0000000000     0.0000000000     0.0000000000     0.0001449494     -0.0020839778
55     0.0000000000     0.0000000000     0.0000000000     0.0000000000     0.0001417372     -0.0020822854
56     0.0000000000     0.0000000000     0.0000000000     0.0000000000     0.0001380082     -0.0020801536
57     0.0000000000     0.0000000000     0.0000000000     0.0000000000     0.0001333927     -0.0020781967
58     0.0000000000     0.0000000000     0.0000000000     0.0000000000     0.0001276296     -0.0020760226
59     0.0000000000     0.0000000000     0.0000000000     0.0000000000     0.0001213143     -0.0020740115
60     0.0000000000     0.0000000000     0.0000000000     0.0000000000     0.0001144682     -0.0020713644
61     0.0000000000     0.0000000000     0.0000000000     0.0000000000     0.0001075234     -0.0020679303
62     0.0000000000     0.0000000000     0.0000000000     0.0000000000     0.0001006831     -0.0020659156
63     0.0000000000     0.0000000000     0.0000000000     0.0000000000     0.0000927546     -0.0020650792
64     0.0000000000     0.0000000000     0.0000000000     0.0000000000     0.0000841367     -0.0020632184
65     0.0000000000     0.0000000000     0.0000000000     0.0000000000     0.0000756185     -0.0020620065
66     0.0000000000     0.0000000000     0.0000000000     0.0000000000     0.0000674923     -0.0020608483
67     0.0000000000     0.0000000000     0.0000000000     0.0000000000     0.0000603311     -0.0020591666
68     0.0000000000     0.0000000000     0.0000000000     0.0000000000     0.0000534691     -0.0020576823
69     0.0000000000     0.0000000000     0.0000000000     0.0000000000     0.0000464075     -0.0020566274
70     0.0000000000     0.0000000000     0.0000000000     0.0000000000     0.0000388246     -0.0020554232
71     0.0000000000     0.0000000000     0.0000000000     0.0000000000     0.0000309380     -0.0020537173
72     0.0000000000     0.0000000000     0.0000000000     0.0000000000     0.0000230113     -0.0020525427
73     0.0000000000     0.0000000000     0.0000000000     0.0000000000     0.0000153089     -0.0020510925
74     0.0000000000     0.0000000000     0.0000000000     0.0000000000     0.0000085249     -0.0020487813
75     0.0000000000     0.0000000000     0.0000000000     0.0000000000     0.0000029046     -0.0020444143
76     0.0000000000     0.0000000000     0.0000000000     0.0000000000     -0.0000015376     -0.0020412587
77     0.0000000000     0.0000000000     0.0000000000     0.0000000000     -0.0000059282     -0.0020399794
78     0.0000000000     0.0000000000     0.0000000000     0.0000000000     -0.0000099554     -0.0020382210
79     0.0000000000     0.0000000000     0.0000000000     0.0000000000     0.0001450334     -0.0020496771
80     0.0000000000     0.0000000000     0.0000000000     0.0000000000     0.0001445784     -0.0020496296
81     0.0000000000     0.0000000000     0.0000000000     0.0000000000     0.0001411319     -0.0020491280
82     0.0000000000     0.0000000000     0.0000000000     0.0000000000     0.0001373811     -0.0020466037
83     0.0000000000     0.0000000000     0.0000000000     0.0000000000     0.0001327034     -0.0020443025
84     0.0000000000     0.0000000000     0.0000000000     0.0000000000     0.0001266483     -0.0020414353
85     0.0000000000     0.0000000000     0.0000000000     0.0000000000     0.0001205160     -0.0020381040
86     0.0000000000     0.0000000000     0.0000000000     0.0000000000     0.0001137999     -0.0020359012
87     0.0000000000     0.0000000000     0.0000000000     0.0000000000     0.0001070161     -0.0020336382
88     0.0000000000     0.0000000000     0.0000000000     0.0000000000     0.0001005589     -0.0020307840
89     0.0000000000     0.0000000000     0.0000000000     0.0000000000     0.0000923269     -0.0020280960
90     0.0000000000     0.0000000000     0.0000000000     0.0000000000     0.0000830846     -0.0020263564
91     0.0000000000     0.0000000000     0.0000000000     0.0000000000     0.0000745636     -0.0020265793
92     0.0000000000     0.0000000000     0.0000000000     0.0000000000     0.0000671050     -0.0020255714
93     0.0000000000     0.0000000000     0.0000000000     0.0000000000     0.0000605169     -0.0020229369
94     0.0000000000     0.0000000000     0.0000000000     0.0000000000     0.0000538249     -0.0020214183
95     0.0000000000     0.0000000000     0.0000000000     0.0000000000     0.0000460997     -0.0020205628
96     0.0000000000     0.0000000000     0.0000000000     0.0000000000     0.0000375599     -0.0020188759
97     0.0000000000     0.0000000000     0.0000000000     0.0000000000     0.0000290849     -0.0020166819
98     0.0000000000     0.0000000000     0.0000000000     0.0000000000     0.0000204819     -0.0020146261
99     0.0000000000     0.0000000000     0.0000000000     0.0000000000     0.0000124934     -0.0020124851
100     0.0000000000     0.0000000000     0.0000000000     0.0000000000     0.0000059969     -0.0020093420
101     0.0000000000     0.0000000000     0.0000000000     0.0000000000     0.0000009686     -0.0020034696
102     0.0000000000     0.0000000000     0.0000000000     0.0000000000     -0.0000030843     -0.0020007600
103     0.0000000000     0.0000000000     0.0000000000     0.0000000000     -0.0000071105     -0.0020027214
104     0.0000000000     0.0000000000     0.0000000000     0.0000000000     -0.0000109390     -0.0020038541
105     0.0000000000     0.0000000000     0.0000000000     0.0000000000     0.0001437053     -0.0020167883
106     0.0000000000     0.0000000000     0.0000000000     0.0000000000     0.0001432649     -0.0020167307
107     0.0000000000     0.0000000000     0.0000000000     0.0000000000     0.0001395512     -0.0020145871
108     0.0000000000     0.0000000000     0.0000000000     0.0000000000     0.0001361409     -0.0020101318
109     0.0000000000     0.0000000000     0.0000000000     0.0000000000     0.0001317729     -0.0020055344
110     0.0000000000     0.0000000000     0.0000000000     0.0000000000     0.0001262572     -0.0020030913
111     0.0000000000     0.0000000000     0.0000000000     0.0000000000     0.0001207152     -0.0020028019
112     0.0000000000     0.0000000000     0.0000000000     0.0000000000     0.0001150287     -0.0020032554
113     0.0000000000     0.0000000000     0.0000000000     0.0000000000     0.0001083978     -0.0020012525
114     0.0000000000     0.0000000000     0.0000000000     0.0000000000     0.0000997752     -0.0019984682
115     0.0000000000     0.0000000000     0.0000000000     0.0000000000     0.0000897352     -0.0019973012
116     0.0000000000     0.0000000000     0.0000000000     0.0000000000     0.0000809085     -0.0019957174
117     0.0000000000     0.0000000000     0.0000000000     0.0000000000     0.0000738104     -0.0019936233
118     0.0000000000     0.0000000000     0.0000000000     0.0000000000     0.0000670178     -0.0019907213
119     0.0000000000     0.0000000000     0.0000000000     0.0000000000     0.0000611774     -0.0019872841
120     0.0000000000     0.0000000000     0.0000000000     0.0000000000     0.0000545762     -0.0019857989
121     0.0000000000     0.0000000000     0.0000000000     0.0000000000     0.0000453443     -0.0019855448
122     0.0000000000     0.0000000000     0.0000000000     0.0000000000     0.0000349425     -0.0019835160
123     0.0000000000     0.0000000000     0.0000000000     0.0000000000     0.0000259147     -0.0019815577
124     0.0000000000     0.0000000000     0.0000000000     0.0000000000     0.0000176664     -0.0019780252
125     0.0000000000     0.0000000000     0.0000000000     0.0000000000     0.0000105003     -0.0019746647
126     0.0000000000     0.0000000000     0.0000000000     0.0000000000     0.0000040824     -0.0019717285
127     0.0000000000     0.0000000000     0.0000000000     0.0000000000     -0.0000007521     -0.0019688138
128     0.0000000000     0.0000000000     0.0000000000     0.0000000000     -0.0000040491     -0.0019679814
129     0.0000000000     0.0000000000     0.0000000000     0.0000000000     -0.0000069920     -0.0019706183
130     0.0000000000     0.0000000000     0.0000000000     0.0000000000     -0.0000104405     -0.0019705698
131     0.0000000000     0.0000000000     0.0000000000     0.0000000000     0.0001414826     -0.0019800753
132     0.0000000000     0.0000000000     0.0000000000     0.0000000000     0.0001410620     -0.0019800002
133     0.0000000000     0.0000000000     0.0000000000     0.0000000000     0.0001375660     -0.0019771827
134     0.0000000000     0.0000000000     0.0000000000     0.0000000000     0.0001347305     -0.0019740569
135     0.0000000000     0.0000000000     0.0000000000     0.0000000000     0.0001307557     -0.0019715862
136     0.0000000000     0.0000000000     0.0000000000     0.0000000000     0.0001255846     -0.0019679682
137     0.0000000000     0.0000000000     0.0000000000     0.0000000000     0.0001204061     -0.0019660654
138     0.0000000000     0.0000000000     0.0000000000     0.0000000000     0.0001158128     -0.0019658513
139     0.0000000000     0.0000000000     0.0000000000     0.0000000000     0.0001094416     -0.0019635842
140     0.0000000000     0.0000000000     0.0000000000     0.0000000000     0.0000993848     -0.0019631558
141     0.0000000000     0.0000000000     0.0000000000     0.0000000000     0.0000883449     -0.0019623790
142     0.0000000000     0.0000000000     0.0000000000     0.0000000000     0.0000800215     -0.0019580731
143     0.0000000000     0.0000000000     0.0000000000     0.0000000000     0.0000741076     -0.0019541666
144     0.0000000000     0.0000000000     0.0000000000     0.0000000000     0.0000680821     -0.0019512921
145     0.0000000000     0.0000000000     0.0000000000     0.0000000000     0.0000611934     -0.0019501539
146     0.0000000000     0.0000000000     0.0000000000     0.0000000000     0.0000523053     -0.0019488133
147     0.0000000000     0.0000000000     0.0000000000     0.0000000000     0.0000420650     -0.0019482938
148     0.0000000000     0.0000000000     0.0000000000     0.0000000000     0.0000325110     -0.0019477043
149     0.0000000000     0.0000000000     0.0000000000     0.0000000000     0.0000237261     -0.0019481723
150     0.0000000000     0.0000000000     0.0000000000     0.0000000000     0.0000159196     -0.0019461845
151     0.0000000000     0.0000000000     0.0000000000     0.0000000000     0.0000099036     -0.0019389933
152     0.0000000000     0.0000000000     0.0000000000     0.0000000000     0.0000040810     -0.0019333783
153     0.0000000000     0.0000000000     0.0000000000     0.0000000000     -0.0000008844     -0.0019332445
154     0.0000000000     0.0000000000     0.0000000000     0.0000000000     -0.0000042887     -0.0019354860
155     0.0000000000     0.0000000000     0.0000000000     0.0000000000     -0.0000071227     -0.0019361049
156     0.0000000000     0.0000000000     0.0000000000     0.0000000000     -0.0000108200     -0.0019345665
157     0.0000000000     0.0000000000     0.0000000000     0.0000000000     0.0001394903     -0.0019416267
158     0.0000000000     0.0000000000     0.0000000000     0.0000000000     0.0001391973     -0.0019417280
159     0.0000000000     0.0000000000     0.0000000000     0.0000000000     0.0001363633     -0.0019412924
160     0.0000000000     0.0000000000     0.0000000000     0.0000000000     0.0001334002     -0.0019410440
161     0.0000000000     0.0000000000     0.0000000000     0.0000000000     0.0001296101     -0.0019391392
162     0.0000000000     0.0000000000     0.0000000000     0.0000000000     0.0001245799     -0.0019331893
163     0.0000000000     0.0000000000     0.0000000000     0.0000000000     0.0001187190     -0.0019277394
164     0.0000000000     0.0000000000     0.0000000000     0.0000000000     0.0001130951     -0.0019271732
165     0.0000000000     0.0000000000     0.0000000000     0.0000000000     0.0001067292     -0.0019271339
166     0.0000000000     0.0000000000     0.0000000000     0.0000000000     0.0000986018     -0.0019254359
167     0.0000000000     0.0000000000     0.0000000000     0.0000000000     0.0000892169     -0.0019224285
168     0.0000000000     0.0000000000     0.0000000000     0.0000000000     0.0000805539     -0.0019190634
169     0.0000000000     0.0000000000     0.0000000000     0.0000000000     0.0000742539     -0.0019158993
170     0.0000000000     0.0000000000     0.0000000000     0.0000000000     0.0000683401     -0.0019152296
171     0.0000000000     0.0000000000     0.0000000000     0.0000000000     0.0000599575     -0.0019162511
172     0.0000000000     0.0000000000     0.0000000000     0.0000000000     0.0000491047     -0.0019148915
173     0.0000000000     0.0000000000     0.0000000000     0.0000000000     0.0000391185     -0.0019133101
174     0.0000000000     0.0000000000     0.0000000000     0.0000000000     0.0000320005     -0.0019130222
175     0.0000000000     0.0000000000     0.0000000000     0.0000000000     0.0000235281     -0.0019141855
176     0.0000000000     0.0000000000     0.0000000000     0.0000000000     0.0000150984     -0.0019143237
177     0.0000000000     0.0000000000     0.0000000000     0.0000000000     0.0000083912     -0.0019092499
178     0.0000000000     0.0000000000     0.0000000000     0.0000000000     0.0000030607     -0.0019067374
179     0.0000000000     0.0000000000     0.0000000000     0.0000000000     -0.0000007224     -0.0019077224
180     0.0000000000     0.0000000000     0.0000000000     0.0000000000     -0.0000047774     -0.0019036047
181     0.0000000000     0.0000000000     0.0000000000     0.0000000000     -0.0000087142     -0.0018965200
182     0.0000000000     0.0000000000     0.0000000000     0.0000000000     -0.0000125314     -0.0018950944
183     0.0000000000     0.0000000000     0.0000000000     0.0000000000     0.0001386244     -0.0019055745
184     0.0000000000     0.0000000000     0.0000000000     0.0000000000     0.0001383499     -0.0019057256
185     0.0000000000     0.0000000000     0.0000000000     0.0000000000     0.0001354671     -0.0019050391
186     0.0000000000     0.0000000000     0.0000000000     0.0000000000     0.0001321167     -0.0019041703
187     0.0000000000     0.0000000000     0.0000000000     0.0000000000     0.0001279405     -0.0019002061
188     0.0000000000     0.0000000000     0.0000000000     0.0000000000     0.0001235351     -0.0018968243
189     0.0000000000     0.0000000000     0.0000000000     0.0000000000     0.0001185024     -0.0018938811
190     0.0000000000     0.0000000000     0.0000000000     0.0000000000     0.0001125779     -0.0018923307
191     0.0000000000     0.0000000000     0.0000000000     0.0000000000     0.0001045960     -0.0018917693
192     0.0000000000     0.0000000000     0.0000000000     0.0000000000     0.0000950334     -0.0018895733
193     0.0000000000     0.0000000000     0.0000000000     0.0000000000     0.0000869123     -0.0018876172
194     0.0000000000     0.0000000000     0.0000000000     0.0000000000     0.0000798763     -0.0018868861
195     0.0000000000     0.0000000000     0.0000000000     0.0000000000     0.0000732831     -0.0018835137
196     0.0000000000     0.0000000000     0.0000000000     0.0000000000     0.0000655567     -0.0018797015
197     0.0000000000     0.0000000000     0.0000000000     0.0000000000     0.0000567533     -0.0018785804
198     0.0000000000     0.0000000000     0.0000000000     0.0000000000     0.0000471972     -0.0018787851
199     0.0000000000     0.0000000000     0.0000000000     0.0000000000     0.0000386989     -0.0018781376
200     0.0000000000     0.0000000000     0.0000000000     0.0000000000     0.0000312344     -0.0018756028
201     0.0000000000     0.0000000000     0.0000000000     0.0000000000     0.0000233015     -0.0018749101
202     0.0000000000     0.0000000000     0.0000000000     0.0000000000     0.0000159499     -0.0018767820
203     0.0000000000     0.0000000000     0.0000000000     0.0000000000     0.0000087262     -0.0018766557
204     0.0000000000     0.0000000000     0.0000000000     0.0000000000     0.0000025353     -0.0018744382
205     0.0000000000     0.0000000000     0.0000000000     0.0000000000     -0.0000011943     -0.0018711454
206     0.0000000000     0.0000000000     0.0000000000     0.0000000000     -0.0000057619     -0.0018653603
207     0.0000000000     0.0000000000     0.0000000000     0.0000000000     -0.0000112765     -0.0018632349
208     0.0000000000     0.0000000000     0.0000000000     0.0000000000     -0.0000145130     -0.0018632103
209     0.0000000000     0.0000000000     0.0000000000     0.0000000000     0.0001392981     -0.0018721836
210     0.0000000000     0.0000000000     0.0000000000     0.0000000000     0.0001389467     -0.0018720414
211     0.0000000000     0.0000000000     0.0000000000     0.0000000000     0.0001354714     -0.0018691486
212     0.0000000000     0.0000000000     0.0000000000     0.0000000000     0.0001320662     -0.0018682168
213     0.0000000000     0.0000000000     0.0000000000     0.0000000000     0.0001282442     -0.0018689014
214     0.0000000000     0.0000000000     0.0000000000     0.0000000000     0.0001235612     -0.0018673778
215     0.0000000000     0.0000000000     0.0000000000     0.0000000000     0.0001177553     -0.0018651214
216     0.0000000000     0.0000000000     0.0000000000     0.0000000000     0.0001106579     -0.0018616110
217     0.0000000000     0.0000000000     0.0000000000     0.0000000000     0.0001022797     -0.0018585762
218     0.0000000000     0.0000000000     0.0000000000     0.0000000000     0.0000933276     -0.0018582181
219     0.0000000000     0.0000000000     0.0000000000     0.0000000000     0.0000858163     -0.0018540916
220     0.0000000000     0.0000000000     0.0000000000     0.0000000000     0.0000789865     -0.0018479931
221     0.0000000000     0.0000000000     0.0000000000     0.0000000000     0.0000712346     -0.0018446247
222     0.0000000000     0.0000000000     0.0000000000     0.0000000000     0.0000618915     -0.0018420905
223     0.0000000000     0.0000000000     0.0000000000     0.0000000000     0.0000535538     -0.0018396330
224     0.0000000000     0.0000000000     0.0000000000     0.0000000000     0.0000463264     -0.0018386925
225     0.0000000000     0.0000000000     0.0000000000     0.0000000000     0.0000396195     -0.0018374279
226     0.0000000000     0.0000000000     0.0000000000     0.0000000000     0.0000316241     -0.0018355724
227     0.0000000000     0.0000000000     0.0000000000     0.0000000000     0.0000225731     -0.0018338971
228     0.0000000000     0.0000000000     0.0000000000     0.0000000000     0.0000157752     -0.0018324681
229     0.0000000000     0.0000000000     0.0000000000     0.0000000000     0.0000091613     -0.0018324078
230     0.0000000000     0.0000000000     0.0000000000     0.0000000000     0.0000033232     -0.0018316705
231     0.0000000000     0.0000000000     0.0000000000     0.0000000000     -0.0000012809     -0.0018279359
232     0.0000000000     0.0000000000     0.0000000000     0.0000000000     -0.0000067744     -0.0018260038
233     0.0000000000     0.0000000000     0.0000000000     0.0000000000     -0.0000111559     -0.0018289078
234     0.0000000000     0.0000000000     0.0000000000     0.0000000000     -0.0000143581     -0.0018276825
235     0.0000000000     0.0000000000     0.0000000000     0.0000000000     0.0001406673     -0.0018383683
236     0.0000000000     0.0000000000     0.0000000000     0.0000000000     0.0001403531     -0.0018380958
237     0.0000000000     0.0000000000     0.0000000000     0.0000000000     0.0001373783     -0.0018351926
238     0.0000000000     0.0000000000     0.0000000000     0.0000000000     0.0001326642     -0.0018338810
239     0.0000000000     0.0000000000     0.0000000000     0.0000000000     0.0001274210     -0.0018338252
240     0.0000000000     0.0000000000     0.0000000000     0.0000000000     0.0001223825     -0.0018306414
241     0.0000000000     0.0000000000     0.0000000000     0.0000000000     0.0001159106     -0.0018273958
242     0.0000000000     0.0000000000     0.0000000000     0.0000000000     0.0001088799     -0.0018252197
243     0.0000000000     0.0000000000     0.0000000000     0.0000000000     0.0001009550     -0.0018226493
244     0.0000000000     0.0000000000     0.0000000000     0.0000000000     0.0000928708     -0.0018216535
245     0.0000000000     0.0000000000     0.0000000000     0.0000000000     0.0000850481     -0.0018202486
246     0.0000000000     0.0000000000     0.0000000000     0.0000000000     0.0000769363     -0.0018157242
247     0.0000000000     0.0000000000     0.0000000000     0.0000000000     0.0000684824     -0.0018116371
248     0.0000000000     0.0000000000     0.0000000000     0.0000000000     0.0000594853     -0.0018089187
249     0.0000000000     0.0000000000     0.0000000000     0.0000000000     0.0000516813     -0.0018064740
250     0.0000000000     0.0000000000     0.0000000000     0.0000000000     0.0000451859     -0.0018035372
251     0.0000000000     0.0000000000     0.0000000000     0.0000000000     0.0000391591     -0.0017996611
252     0.0000000000     0.0000000000     0.0000000000     0.0000000000     0.0000310945     -0.0017965499
253     0.0000000000     0.0000000000     0.0000000000     0.0000000000     0.0000219591     -0.0017929853
254     0.0000000000     0.0000000000     0.0000000000     0.0000000000     0.0000147489     -0.0017917587
255     0.0000000000     0.0000000000     0.0000000000     0.0000000000     0.0000088700     -0.0017925942
256     0.0000000000     0.0000000000     0.0000000000     0.0000000000     0.0000040529     -0.0017935069
257     0.0000000000     0.0000000000     0.0000000000     0.0000000000     -0.0000007971     -0.0017943518
258     0.0000000000     0.0000000000     0.0000000000     0.0000000000     -0.0000059604     -0.0017921989
259     0.0000000000     0.0000000000     0.0000000000     0.0000000000     -0.0000097108     -0.0017882931
260     0.0000000000     0.0000000000     0.0000000000     0.0000000000     -0.0000133822     -0.0017849737
261     0.0000000000     0.0000000000     0.0000000000     0.0000000000     0.0001376041     -0.0018045273
262     0.0000000000     0.0000000000     0.0000000000     0.0000000000     0.0001373488     -0.0018040444
263     0.0000000000     0.0000000000     0.0000000000     0.0000000000     0.0001346779     -0.0017989141
264     0.0000000000     0.0000000000     0.0000000000     0.0000000000     0.0001306365     -0.0017948081
265     0.0000000000     0.0000000000     0.0000000000     0.0000000000     0.0001256114     -0.0017920360
266     0.0000000000     0.0000000000     0.0000000000     0.0000000000     0.0001208105     -0.0017897191
267     0.0000000000     0.0000000000     0.0000000000     0.0000000000     0.0001136158     -0.0017878393
268     0.0000000000     0.0000000000     0.0000000000     0.0000000000     0.0001060536     -0.0017882349
269     0.0000000000     0.0000000000     0.0000000000     0.0000000000     0.0000995754     -0.0017876838
270     0.0000000000     0.0000000000     0.0000000000     0.0000000000     0.0000924879     -0.0017837834
271     0.0000000000     0.0000000000     0.0000000000     0.0000000000     0.0000840792     -0.0017829396
272     0.0000000000     0.0000000000     0.0000000000     0.0000000000     0.0000754772     -0.0017811434
273     0.0000000000     0.0000000000     0.0000000000     0.0000000000     0.0000681766     -0.0017771000
274     0.0000000000     0.0000000000     0.0000000000     0.0000000000     0.0000594224     -0.0017765928
275     0.0000000000     0.0000000000     0.0000000000     0.0000000000     0.0000506489     -0.0017767665
276     0.0000000000     0.0000000000     0.0000000000     0.0000000000     0.0000426318     -0.0017743597
277     0.0000000000     0.0000000000     0.0000000000     0.0000000000     0.0000353169     -0.0017700569
278     0.0000000000     0.0000000000     0.0000000000     0.0000000000     0.0000286888     -0.0017663356
279     0.0000000000     0.0000000000     0.0000000000     0.0000000000     0.0000224570     -0.0017634170
280     0.0000000000     0.0000000000     0.0000000000     0.0000000000     0.0000161698     -0.0017620204
281     0.0000000000     0.0000000000     0.0000000000     0.0000000000     0.0000100021     -0.0017609065
282     0.0000000000     0.0000000000     0.0000000000     0.0000000000     0.0000040297     -0.0017605503
283     0.0000000000     0.0000000000     0.0000000000     0.0000000000     -0.0000013970     -0.0017606700
284     0.0000000000     0.0000000000     0.0000000000     0.0000000000     -0.0000059753     -0.0017569134
285     0.0000000000     0.0000000000     0.0000000000     0.0000000000     -0.0000098787     -0.0017490949
286     0.0000000000     0.0000000000     0.0000000000     0.0000000000     -0.0000134520     -0.0017468163
287     0.0000000000     0.0000000000     0.0000000000     0.0000000000     0.0001353533     -0.0017686472
288     0.0000000000     0.0000000000     0.0000000000     0.0000000000     0.0001351209     -0.0017685435
289     0.0000000000     0.0000000000     0.0000000000     0.0000000000     0.0001327199     -0.0017663516
290     0.0000000000     0.0000000000     0.0000000000     0.0000000000     0.0001293633     -0.0017624170
291     0.0000000000     0.0000000000     0.0000000000     0.0000000000     0.0001242631     -0.0017557563
292     0.0000000000     0.0000000000     0.0000000000     0.0000000000     0.0001187229     -0.0017547598
293     0.0000000000     0.0000000000     0.0000000000     0.0000000000     0.0001119131     -0.0017552703
294     0.0000000000     0.0000000000     0.0000000000     0.0000000000     0.0001045040     -0.0017547177
295     0.0000000000     0.0000000000     0.0000000000     0.0000000000     0.0000979557     -0.0017543412
296     0.0000000000     0.0000000000     0.0000000000     0.0000000000     0.0000909646     -0.0017528385
297     0.0000000000     0.0000000000     0.0000000000     0.0000000000     0.0000834389     -0.0017504368
298     0.0000000000     0.0000000000     0.0000000000     0.0000000000     0.0000752479     -0.0017478632
299     0.0000000000     0.0000000000     0.0000000000     0.0000000000     0.0000678157     -0.0017456685
300     0.0000000000     0.0000000000     0.0000000000     0.0000000000     0.0000592829     -0.0017446908
301     0.0000000000     0.0000000000     0.0000000000     0.0000000000     0.0000509797     -0.0017434004
302     0.0000000000     0.0000000000     0.0000000000     0.0000000000     0.0000430949     -0.0017426772
303     0.0000000000     0.0000000000     0.0000000000     0.0000000000     0.0000347749     -0.0017398747
304     0.0000000000     0.0000000000     0.0000000000     0.0000000000     0.0000275932     -0.0017357279
305     0.0000000000     0.0000000000     0.0000000000     0.0000000000     0.0000215325     -0.0017340141
306     0.0000000000     0.0000000000     0.0000000000     0.0000000000     0.0000158664     -0.0017310511
307     0.0000000000     0.0000000000     0.0000000000     0.0000000000     0.0000093691     -0.0017260582
308     0.0000000000     0.0000000000     0.0000000000     0.0000000000     0.0000029252     -0.0017233092
309     0.0000000000     0.0000000000     0.0000000000     0.0000000000     -0.0000025903     -0.0017218098
310     0.0000000000     0.0000000000     0.0000000000     0.0000000000     -0.0000069035     -0.0017202713
311     0.0000000000     0.0000000000     0.0000000000     0.0000000000     -0.0000102894     -0.0017172619
312     0.0000000000     0.0000000000     0.0000000000     0.0000000000     -0.0000142258     -0.0017166246
313     0.0000000000     0.0000000000     0.0000000000     0.0000000000     0.0001344728     -0.0017318480
314     0.0000000000     0.0000000000     0.0000000000     0.0000000000     0.0001342428     -0.0017317222
315     0.0000000000     0.0000000000     0.0000000000     0.0000000000     0.0001319713     -0.0017310996
316     0.0000000000     0.0000000000     0.0000000000     0.0000000000     0.0001284311     -0.0017280657
317     0.0000000000     0.0000000000     0.0000000000     0.0000000000     0.0001228268     -0.0017221691
318     0.0000000000     0.0000000000     0.0000000000     0.0000000000     0.0001167207     -0.0017196150
319     0.0000000000     0.0000000000     0.0000000000     0.0000000000     0.0001109310     -0.0017187189
320     0.0000000000     0.0000000000     0.0000000000     0.0000000000     0.0001051059     -0.0017161954
321     0.0000000000     0.0000000000     0.0000000000     0.0000000000     0.0000983571     -0.0017133378
322     0.0000000000     0.0000000000     0.0000000000     0.0000000000     0.0000915965     -0.0017144954
323     0.0000000000     0.0000000000     0.0000000000     0.0000000000     0.0000850610     -0.0017149971
324     0.0000000000     0.0000000000     0.0000000000     0.0000000000     0.0000761268     -0.0017111798
325     0.0000000000     0.0000000000     0.0000000000     0.0000000000     0.0000663599     -0.0017082777
326     0.0000000000     0.0000000000     0.0000000000     0.0000000000     0.0000571514     -0.0017044679
327     0.0000000000     0.0000000000     0.0000000000     0.0000000000     0.0000487273     -0.0017019072
328     0.0000000000     0.0000000000     0.0000000000     0.0000000000     0.0000420805     -0.0017021174
329     0.0000000000     0.0000000000     0.0000000000     0.0000000000     0.0000347076     -0.0017004169
330     0.0000000000     0.0000000000     0.0000000000     0.0000000000     0.0000271696     -0.0016983669
331     0.0000000000     0.0000000000     0.0000000000     0.0000000000     0.0000201561     -0.0016980488
332     0.0000000000     0.0000000000     0.0000000000     0.0000000000     0.0000134447     -0.0016951067
333     0.0000000000     0.0000000000     0.0000000000     0.0000000000     0.0000078292     -0.0016898080
334     0.0000000000     0.0000000000     0.0000000000     0.0000000000     0.0000025422     -0.0016859988
335     0.0000000000     0.0000000000     0.0000000000     0.0000000000     -0.0000027468     -0.0016849505
336     0.0000000000     0.0000000000     0.0000000000     0.0000000000     -0.0000072439     -0.0016853592
337     0.0000000000     0.0000000000     0.0000000000     0.0000000000     -0.0000105661     -0.0016844409
338     0.0000000000     0.0000000000     0.0000000000     0.0000000000     -0.0000145368     -0.0016845694
339     0.0000000000     0.0000000000     0.0000000000     0.0000000000     0.0001326263     -0.0017009688
340     0.0000000000     0.0000000000     0.0000000000     0.0000000000     0.0001323312     -0.0017004375
341     0.0000000000     0.0000000000     0.0000000000     0.0000000000     0.0001295597     -0.0016950162
342     0.0000000000     0.0000000000     0.0000000000     0.0000000000     0.0001261749     -0.0016909685
343     0.0000000000     0.0000000000     0.0000000000     0.0000000000     0.0001211773     -0.0016902999
344     0.0000000000     0.0000000000     0.0000000000     0.0000000000     0.0001156036     -0.0016882734
345     0.0000000000     0.0000000000     0.0000000000     0.0000000000     0.0001098902     -0.0016854083
346     0.0000000000     0.0000000000     0.0000000000     0.0000000000     0.0001036474     -0.0016817036
347     0.0000000000     0.0000000000     0.0000000000     0.0000000000     0.0000969083     -0.0016772837
348     0.0000000000     0.0000000000     0.0000000000     0.0000000000     0.0000905757     -0.0016760941
349     0.0000000000     0.0000000000     0.0000000000     0.0000000000     0.0000838119     -0.0016746017
350     0.0000000000     0.0000000000     0.0000000000     0.0000000000     0.0000732485     -0.0016711510
351     0.0000000000     0.0000000000     0.0000000000     0.0000000000     0.0000636600     -0.0016703615
352     0.0000000000     0.0000000000     0.0000000000     0.0000000000     0.0000554782     -0.0016688435
353     0.0000000000     0.0000000000     0.0000000000     0.0000000000     0.0000476049     -0.0016663100
354     0.0000000000     0.0000000000     0.0000000000     0.0000000000     0.0000407748     -0.0016640781
355     0.0000000000     0.0000000000     0.0000000000     0.0000000000     0.0000340088     -0.0016615080
356     0.0000000000     0.0000000000     0.0000000000     0.0000000000     0.0000274963     -0.0016612067
357     0.0000000000     0.0000000000     0.0000000000     0.0000000000     0.0000205408     -0.0016622572
358     0.0000000000     0.0000000000     0.0000000000     0.0000000000     0.0000133496     -0.0016612559
359     0.0000000000     0.0000000000     0.0000000000     0.0000000000     0.0000072724     -0.0016572061
360     0.0000000000     0.0000000000     0.0000000000     0.0000000000     0.0000020904     -0.0016515010
361     0.0000000000     0.0000000000     0.0000000000     0.0000000000     -0.0000034428     -0.0016467660
362     0.0000000000     0.0000000000     0.0000000000     0.0000000000     -0.0000086617     -0.0016460303
363     0.0000000000     0.0000000000     0.0000000000     0.0000000000     -0.0000125103     -0.0016484093
364     0.0000000000     0.0000000000     0.0000000000     0.0000000000     -0.0000162017     -0.0016512896
365     0.0000000000     0.0000000000     9.0095276495     0.0000000000     0.0001315773     -0.0016654446
366     0.0000000000     0.0000000000     9.0095276495     0.0000000000     0.0001312604     -0.0016654909
367     0.0000000000     0.0000000000     9.0095276495     0.0000000000     0.0001282650     -0.0016631641
368     0.0000000000     0.0000000000     9.0095276495     0.0000000000     0.0001246123     -0.0016599790
369     0.0000000000     0.0000000000     9.0095276495     0.0000000000     0.0001198524     -0.0016590568
370     0.0000000000     0.0000000000     9.0095276495     0.0000000000     0.0001147193     -0.0016548189
371     0.0000000000     0.0000000000     9.0095276495     0.0000000000     0.0001084416     -0.0016507627
372     0.0000000000     0.0000000000     9.0095276495     0.0000000000     0.0001018152     -0.0016478795
373     0.0000000000     0.0000000000     9.0095276495     0.0000000000     0.0000944759     -0.0016444002
374     0.0000000000     0.0000000000     9.0095276495     0.0000000000     0.0000860506     -0.0016415426
375     0.0000000000     0.0000000000     9.0095276495     0.0000000000     0.0000783430     -0.0016394545
376     0.0000000000     0.0000000000     9.0095276495     0.0000000000     0.0000707890     -0.0016383123
377     0.0000000000     0.0000000000     9.0095276495     0.0000000000     0.0000630725     -0.0016394671
378     0.0000000000     0.0000000000     9.0095276495     0.0000000000     0.0000547689     -0.0016379435
379     0.0000000000     0.0000000000     9.0095276495     0.0000000000     0.0000471736     -0.0016345668
380     0.0000000000     0.0000000000     9.0095276495     0.0000000000     0.0000403377     -0.0016320834
381     0.0000000000     0.0000000000     9.0095276495     0.0000000000     0.0000338147     -0.0016273285
382     0.0000000000     0.0000000000     9.0095276495     0.0000000000     0.0000279835     -0.0016233176
383     0.0000000000     0.0000000000     9.0095276495     0.0000000000     0.0000205578     -0.0016218440
384     0.0000000000     0.0000000000     9.0095276495     0.0000000000     0.0000120476     -0.0016204087
385     0.0000000000     0.0000000000     9.0095276495     0.0000000000     0.0000049393     -0.0016178675
386     0.0000000000     0.0000000000     9.0095276495     0.0000000000     -0.0000005601     -0.0016147509
387     0.0000000000     0.0000000000     9.0095276495     0.0000000000     -0.0000053768     -0.0016127116
388     0.0000000000     0.0000000000     9.0095276495     0.0000000000     -0.0000098865     -0.0016113662
389     0.0000000000     0.0000000000     9.0095276495     0.0000000000     -0.0000139003     -0.0016116915
390     0.0000000000     0.0000000000     9.0095276495     0.0000000000     -0.0000179998     -0.0016134340
