1     0.0000000000     0.0000000000     -12.9057394165     0.0000000000     0.0002081988     -0.0031907822
2     0.0000000000     0.0000000000     -12.9057394165     0.0000000000     0.0002050503     -0.0031904819
3     0.0000000000     0.0000000000     -12.9057394165     0.0000000000     0.0002000810     -0.0031885320
4     0.0000000000     0.0000000000     -12.9057394165     0.0000000000     0.0001941062     -0.0031865690
5     0.0000000000     0.0000000000     -12.9057394165     0.0000000000     0.0001871104     -0.0031847789
6     0.0000000000     0.0000000000     -12.9057394165     0.0000000000     0.0001790713     -0.0031831736
7     0.0000000000     0.0000000000     -12.9057394165     0.0000000000     0.0001700926     -0.0031815519
8     0.0000000000     0.0000000000     -12.9057394165     0.0000000000     0.0001603386     -0.0031796624
9     0.0000000000     0.0000000000     -12.9057394165     0.0000000000     0.0001499814     -0.0031776991
10     0.0000000000     0.0000000000     -12.9057394165     0.0000000000     0.0001391082     -0.0031761462
11     0.0000000000     0.0000000000     -12.9057394165     0.0000000000     0.0001277334     -0.0031749036
12     0.0000000000     0.0000000000     -12.9057394165     0.0000000000     0.0001159855     -0.0031734931
13     0.0000000000     0.0000000000     -12.9057394165     0.0000000000     0.0001040957     -0.0031719043
14     0.0000000000     0.0000000000     -12.9057394165     0.0000000000     0.0000923210     -0.0031703508
15     0.0000000000     0.0000000000     -12.9057394165     0.0000000000     0.0000808619     -0.0031689298
16     0.0000000000     0.0000000000     -12.9057394165     0.0000000000     0.0000697110     -0.0031676964
17     0.0000000000     0.0000000000     -12.9057394165     0.0000000000     0.0000587183     -0.0031666482
18     0.0000000000     0.0000000000     -12.9057394165     0.0000000000     0.0000477580     -0.0031656729
19     0.0000000000     0.0000000000     -12.9057394165     0.0000000000     0.0000368365     -0.0031646765
20     0.0000000000     0.0000000000     -12.9057394165     0.0000000000     0.0000260748     -0.0031636020
21     0.0000000000     0.0000000000     -12.9057394165     0.0000000000     0.0000156670     -0.0031622040
22     0.0000000000     0.0000000000     -12.9057394165     0.0000000000     0.0000058671     -0.0031601210
23     0.0000000000     0.0000000000     -12.9057394165     0.0000000000     -0.0000031228     -0.0031572277
24     0.0000000000     0.0000000000     -12.9057394165     0.0000000000     -0.0000113069     -0.0031538769
25     0.0000000000     0.0000000000     -12.9057394165     0.0000000000     -0.0000188792     -0.0031504829
26     0.0000000000     0.0000000000     -12.9057394165     0.0000000000     -0.0000259981     -0.0031474159
27     0.0000000000     0.0000000000     0.0000000000     0.0000000000     0.0002083421     -0.0031404007
28     0.0000000000     0.0000000000     0.0000000000     0.0000000000     0.0002058293     -0.0031401599
29     0.0000000000     0.0000000000     0.0000000000     0.0000000000     0.0002009113     -0.0031381624
30     0.0000000000     0.0000000000     0.0000000000     0.0000000000     0.0001950582     -0.0031360282
31     0.0000000000     0.0000000000     0.0000000000     0.0000000000     0.0001880683     -0.0031340849
32     0.0000000000     0.0000000000     0.0000000000     0.0000000000     0.0001798691     -0.0031323364
33     0.0000000000     0.0000000000     0.0000000000     0.0000000000     0.0001706789     -0.0031306038
34     0.0000000000     0.0000000000     0.0000000000     0.0000000000     0.0001607035     -0.0031282364
35     0.0000000000     0.0000000000     0.0000000000     0.0000000000     0.0001502110     -0.0031254979
36     0.0000000000     0.0000000000     0.0000000000     0.0000000000     0.0001392818     -0.0031237338
37     0.0000000000     0.0000000000     0.0000000000     0.0000000000     0.0001276613     -0.0031226964
38     0.0000000000     0.0000000000     0.0000000000     0.0000000000     0.0001155351     -0.0031211040
39     0.0000000000     0.0000000000     0.0000000000     0.0000000000     0.0001032721     -0.0031193430
40     0.0000000000     0.0000000000     0.0000000000     0.0000000000     0.0000911978     -0.0031177478
41     0.0000000000     0.0000000000     0.0000000000     0.0000000000     0.0000796548     -0.0031162282
42     0.0000000000     0.0000000000     0.0000000000     0.0000000000     0.0000684858     -0.0031149099
43     0.0000000000     0.0000000000     0.0000000000     0.0000000000     0.0000573766     -0.0031138705
44     0.0000000000     0.0000000000     0.0000000000     0.0000000000     0.0000461160     -0.0031128426
45     0.0000000000     0.0000000000     0.0000000000     0.0000000000     0.0000347763     -0.0031116673
46     0.0000000000     0.0000000000     0.0000000000     0.0000000000     0.0000235729     -0.0031105754
47     0.0000000000     0.0000000000     0.0000000000     0.0000000000     0.0000127537     -0.0031092083
48     0.0000000000     0.0000000000     0.0000000000     0.0000000000     0.0000027230     -0.0031069751
49     0.0000000000     0.0000000000     0.0000000000     0.0000000000     -0.0000062031     -0.0031035398
50     0.0000000000     0.0000000000     0.0000000000     0.0000000000     -0.0000140590     -0.0030999729
51     0.0000000000     0.0000000000     0.0000000000     0.0000000000     -0.0000213380     -0.0030967842
52     0.0000000000     0.0000000000     0.0000000000     0.0000000000     -0.0000281779     -0.0030939069
53     0.0000000000     0.0000000000     0.0000000000     0.0000000000     0.0002083163     -0.0030902172
54     0.0000000000     0.0000000000     0.0000000000     0.0000000000     0.0002063608     -0.0030901162
55     0.0000000000     0.0000000000     0.0000000000     0.0000000000     0.0002014910     -0.0030884500
56     0.0000000000     0.0000000000     0.0000000000     0.0000000000     0.0001957078     -0.0030862878
57     0.0000000000     0.0000000000     0.0000000000     0.0000000000     0.0001886835     -0.0030842308
58     0.0000000000     0.0000000000     0.0000000000     0.0000000000     0.0001801841     -0.0030818855
59     0.0000000000     0.0000000000     0.0000000000     0.0000000000     0.0001708287     -0.0030796904
60     0.0000000000     0.0000000000     0.0000000000     0.0000000000     0.0001606675     -0.0030768584
61     0.0000000000     0.0000000000     0.0000000000     0.0000000000     0.0001501536     -0.0030732289
62     0.0000000000     0.0000000000     0.0000000000     0.0000000000     0.0001395225     -0.0030710441
63     0.0000000000     0.0000000000     0.0000000000     0.0000000000     0.0001276587     -0.0030700360
64     0.0000000000     0.0000000000     0.0000000000     0.0000000000     0.0001150348     -0.0030679523
65     0.0000000000     0.0000000000     0.0000000000     0.0000000000     0.0001024693     -0.0030665603
66     0.0000000000     0.0000000000     0.0000000000     0.0000000000     0.0000902352     -0.0030652819
67     0.0000000000     0.0000000000     0.0000000000     0.0000000000     0.0000788711     -0.0030635401
68     0.0000000000     0.0000000000     0.0000000000     0.0000000000     0.0000677306     -0.0030620824
69     0.0000000000     0.0000000000     0.0000000000     0.0000000000     0.0000563840     -0.0030611257
70     0.0000000000     0.0000000000     0.0000000000     0.0000000000     0.0000445933     -0.0030600129
71     0.0000000000     0.0000000000     0.0000000000     0.0000000000     0.0000326422     -0.0030583011
72     0.0000000000     0.0000000000     0.0000000000     0.0000000000     0.0000208491     -0.0030570042
73     0.0000000000     0.0000000000     0.0000000000     0.0000000000     0.0000095242     -0.0030552969
74     0.0000000000     0.0000000000     0.0000000000     0.0000000000     -0.0000006126     -0.0030526215
75     0.0000000000     0.0000000000     0.0000000000     0.0000000000     -0.0000093179     -0.0030477952
76     0.0000000000     0.0000000000     0.0000000000     0.0000000000     -0.0000166009     -0.0030442328
77     0.0000000000     0.0000000000     0.0000000000     0.0000000000     -0.0000236252     -0.0030426727
78     0.0000000000     0.0000000000     0.0000000000     0.0000000000     -0.0000301294     -0.0030407224
79     0.0000000000     0.0000000000     0.0000000000     0.0000000000     0.0002082227     -0.0030398493
80     0.0000000000     0.0000000000     0.0000000000     0.0000000000     0.0002067365     -0.0030399126
81     0.0000000000     0.0000000000     0.0000000000     0.0000000000     0.0002016537     -0.0030395286
82     0.0000000000     0.0000000000     0.0000000000     0.0000000000     0.0001958499     -0.0030370030
83     0.0000000000     0.0000000000     0.0000000000     0.0000000000     0.0001887549     -0.0030345643
84     0.0000000000     0.0000000000     0.0000000000     0.0000000000     0.0001799250     -0.0030314215
85     0.0000000000     0.0000000000     0.0000000000     0.0000000000     0.0001706885     -0.0030277976
86     0.0000000000     0.0000000000     0.0000000000     0.0000000000     0.0001605799     -0.0030254203
87     0.0000000000     0.0000000000     0.0000000000     0.0000000000     0.0001501174     -0.0030230366
88     0.0000000000     0.0000000000     0.0000000000     0.0000000000     0.0001397073     -0.0030200049
89     0.0000000000     0.0000000000     0.0000000000     0.0000000000     0.0001273688     -0.0030170472
90     0.0000000000     0.0000000000     0.0000000000     0.0000000000     0.0001140130     -0.0030150083
91     0.0000000000     0.0000000000     0.0000000000     0.0000000000     0.0001014174     -0.0030150243
92     0.0000000000     0.0000000000     0.0000000000     0.0000000000     0.0000898345     -0.0030138585
93     0.0000000000     0.0000000000     0.0000000000     0.0000000000     0.0000789622     -0.0030111202
94     0.0000000000     0.0000000000     0.0000000000     0.0000000000     0.0000678373     -0.0030096615
95     0.0000000000     0.0000000000     0.0000000000     0.0000000000     0.0000556606     -0.0030090132
96     0.0000000000     0.0000000000     0.0000000000     0.0000000000     0.0000427732     -0.0030075400
97     0.0000000000     0.0000000000     0.0000000000     0.0000000000     0.0000301142     -0.0030054223
98     0.0000000000     0.0000000000     0.0000000000     0.0000000000     0.0000175448     -0.0030032250
99     0.0000000000     0.0000000000     0.0000000000     0.0000000000     0.0000058703     -0.0030007444
100     0.0000000000     0.0000000000     0.0000000000     0.0000000000     -0.0000039822     -0.0029971347
101     0.0000000000     0.0000000000     0.0000000000     0.0000000000     -0.0000120390     -0.0029906769
102     0.0000000000     0.0000000000     0.0000000000     0.0000000000     -0.0000188383     -0.0029874806
103     0.0000000000     0.0000000000     0.0000000000     0.0000000000     -0.0000253939     -0.0029891939
104     0.0000000000     0.0000000000     0.0000000000     0.0000000000     -0.0000315991     -0.0029902266
105     0.0000000000     0.0000000000     0.0000000000     0.0000000000     0.0002073331     -0.0029910793
106     0.0000000000     0.0000000000     0.0000000000     0.0000000000     0.0002061673     -0.0029911627
107     0.0000000000     0.0000000000     0.0000000000     0.0000000000     0.0002006985     -0.0029891939
108     0.0000000000     0.0000000000     0.0000000000     0.0000000000     0.0001952893     -0.0029847834
109     0.0000000000     0.0000000000     0.0000000000     0.0000000000     0.0001885311     -0.0029799295
110     0.0000000000     0.0000000000     0.0000000000     0.0000000000     0.0001801916     -0.0029770413
111     0.0000000000     0.0000000000     0.0000000000     0.0000000000     0.0001714619     -0.0029764264
112     0.0000000000     0.0000000000     0.0000000000     0.0000000000     0.0001623250     -0.0029768180
113     0.0000000000     0.0000000000     0.0000000000     0.0000000000     0.0001519328     -0.0029748188
114     0.0000000000     0.0000000000     0.0000000000     0.0000000000     0.0001391678     -0.0029719344
115     0.0000000000     0.0000000000     0.0000000000     0.0000000000     0.0001247705     -0.0029704873
116     0.0000000000     0.0000000000     0.0000000000     0.0000000000     0.0001116987     -0.0029684689
117     0.0000000000     0.0000000000     0.0000000000     0.0000000000     0.0001005884     -0.0029659908
118     0.0000000000     0.0000000000     0.0000000000     0.0000000000     0.0000897720     -0.0029628172
119     0.0000000000     0.0000000000     0.0000000000     0.0000000000     0.0000795872     -0.0029591958
120     0.0000000000     0.0000000000     0.0000000000     0.0000000000     0.0000683422     -0.0029577679
121     0.0000000000     0.0000000000     0.0000000000     0.0000000000     0.0000544682     -0.0029578782
122     0.0000000000     0.0000000000     0.0000000000     0.0000000000     0.0000396184     -0.0029562819
123     0.0000000000     0.0000000000     0.0000000000     0.0000000000     0.0000263146     -0.0029545742
124     0.0000000000     0.0000000000     0.0000000000     0.0000000000     0.0000139780     -0.0029508592
125     0.0000000000     0.0000000000     0.0000000000     0.0000000000     0.0000030290     -0.0029470100
126     0.0000000000     0.0000000000     0.0000000000     0.0000000000     -0.0000067323     -0.0029435405
127     0.0000000000     0.0000000000     0.0000000000     0.0000000000     -0.0000144795     -0.0029400843
128     0.0000000000     0.0000000000     0.0000000000     0.0000000000     -0.0000203922     -0.0029386780
129     0.0000000000     0.0000000000     0.0000000000     0.0000000000     -0.0000257537     -0.0029409574
130     0.0000000000     0.0000000000     0.0000000000     0.0000000000     -0.0000314796     -0.0029408077
131     0.0000000000     0.0000000000     0.0000000000     0.0000000000     0.0002053451     -0.0029383074
132     0.0000000000     0.0000000000     0.0000000000     0.0000000000     0.0002044070     -0.0029383757
133     0.0000000000     0.0000000000     0.0000000000     0.0000000000     0.0001991189     -0.0029359264
134     0.0000000000     0.0000000000     0.0000000000     0.0000000000     0.0001944346     -0.0029330833
135     0.0000000000     0.0000000000     0.0000000000     0.0000000000     0.0001881504     -0.0029303527
136     0.0000000000     0.0000000000     0.0000000000     0.0000000000     0.0001800825     -0.0029258828
137     0.0000000000     0.0000000000     0.0000000000     0.0000000000     0.0001715963     -0.0029233960
138     0.0000000000     0.0000000000     0.0000000000     0.0000000000     0.0001635678     -0.0029232100
139     0.0000000000     0.0000000000     0.0000000000     0.0000000000     0.0001534308     -0.0029211614
140     0.0000000000     0.0000000000     0.0000000000     0.0000000000     0.0001389478     -0.0029208865
141     0.0000000000     0.0000000000     0.0000000000     0.0000000000     0.0001231000     -0.0029197651
142     0.0000000000     0.0000000000     0.0000000000     0.0000000000     0.0001103706     -0.0029147049
143     0.0000000000     0.0000000000     0.0000000000     0.0000000000     0.0001007170     -0.0029102256
144     0.0000000000     0.0000000000     0.0000000000     0.0000000000     0.0000909460     -0.0029070376
145     0.0000000000     0.0000000000     0.0000000000     0.0000000000     0.0000796574     -0.0029056446
146     0.0000000000     0.0000000000     0.0000000000     0.0000000000     0.0000658052     -0.0029042551
147     0.0000000000     0.0000000000     0.0000000000     0.0000000000     0.0000506878     -0.0029042632
148     0.0000000000     0.0000000000     0.0000000000     0.0000000000     0.0000367022     -0.0029045001
149     0.0000000000     0.0000000000     0.0000000000     0.0000000000     0.0000236184     -0.0029055354
150     0.0000000000     0.0000000000     0.0000000000     0.0000000000     0.0000115797     -0.0029034475
151     0.0000000000     0.0000000000     0.0000000000     0.0000000000     0.0000016078     -0.0028954446
152     0.0000000000     0.0000000000     0.0000000000     0.0000000000     -0.0000075521     -0.0028891922
153     0.0000000000     0.0000000000     0.0000000000     0.0000000000     -0.0000152042     -0.0028887132
154     0.0000000000     0.0000000000     0.0000000000     0.0000000000     -0.0000210536     -0.0028901941
155     0.0000000000     0.0000000000     0.0000000000     0.0000000000     -0.0000262037     -0.0028900885
156     0.0000000000     0.0000000000     0.0000000000     0.0000000000     -0.0000320768     -0.0028885898
157     0.0000000000     0.0000000000     0.0000000000     0.0000000000     0.0002033677     -0.0028837554
158     0.0000000000     0.0000000000     0.0000000000     0.0000000000     0.0002026429     -0.0028840354
159     0.0000000000     0.0000000000     0.0000000000     0.0000000000     0.0001981881     -0.0028841625
160     0.0000000000     0.0000000000     0.0000000000     0.0000000000     0.0001934790     -0.0028844682
161     0.0000000000     0.0000000000     0.0000000000     0.0000000000     0.0001874546     -0.0028822645
162     0.0000000000     0.0000000000     0.0000000000     0.0000000000     0.0001794770     -0.0028749438
163     0.0000000000     0.0000000000     0.0000000000     0.0000000000     0.0001702520     -0.0028686306
164     0.0000000000     0.0000000000     0.0000000000     0.0000000000     0.0001613208     -0.0028682650
165     0.0000000000     0.0000000000     0.0000000000     0.0000000000     0.0001511447     -0.0028686581
166     0.0000000000     0.0000000000     0.0000000000     0.0000000000     0.0001380771     -0.0028673017
167     0.0000000000     0.0000000000     0.0000000000     0.0000000000     0.0001233105     -0.0028639154
168     0.0000000000     0.0000000000     0.0000000000     0.0000000000     0.0001102873     -0.0028597493
169     0.0000000000     0.0000000000     0.0000000000     0.0000000000     0.0001007452     -0.0028558240
170     0.0000000000     0.0000000000     0.0000000000     0.0000000000     0.0000912948     -0.0028546735
171     0.0000000000     0.0000000000     0.0000000000     0.0000000000     0.0000783595     -0.0028552458
172     0.0000000000     0.0000000000     0.0000000000     0.0000000000     0.0000621907     -0.0028537811
173     0.0000000000     0.0000000000     0.0000000000     0.0000000000     0.0000471306     -0.0028529154
174     0.0000000000     0.0000000000     0.0000000000     0.0000000000     0.0000358673     -0.0028536394
175     0.0000000000     0.0000000000     0.0000000000     0.0000000000     0.0000231346     -0.0028554273
176     0.0000000000     0.0000000000     0.0000000000     0.0000000000     0.0000103688     -0.0028559500
177     0.0000000000     0.0000000000     0.0000000000     0.0000000000     -0.0000005790     -0.0028500545
178     0.0000000000     0.0000000000     0.0000000000     0.0000000000     -0.0000093241     -0.0028470175
179     0.0000000000     0.0000000000     0.0000000000     0.0000000000     -0.0000153587     -0.0028479699
180     0.0000000000     0.0000000000     0.0000000000     0.0000000000     -0.0000216860     -0.0028423784
181     0.0000000000     0.0000000000     0.0000000000     0.0000000000     -0.0000279150     -0.0028338212
182     0.0000000000     0.0000000000     0.0000000000     0.0000000000     -0.0000338038     -0.0028330203
183     0.0000000000     0.0000000000     0.0000000000     0.0000000000     0.0002026227     -0.0028321665
184     0.0000000000     0.0000000000     0.0000000000     0.0000000000     0.0002019370     -0.0028324506
185     0.0000000000     0.0000000000     0.0000000000     0.0000000000     0.0001974869     -0.0028320675
186     0.0000000000     0.0000000000     0.0000000000     0.0000000000     0.0001923602     -0.0028313697
187     0.0000000000     0.0000000000     0.0000000000     0.0000000000     0.0001857815     -0.0028268828
188     0.0000000000     0.0000000000     0.0000000000     0.0000000000     0.0001785218     -0.0028226859
189     0.0000000000     0.0000000000     0.0000000000     0.0000000000     0.0001705195     -0.0028192427
190     0.0000000000     0.0000000000     0.0000000000     0.0000000000     0.0001612995     -0.0028174951
191     0.0000000000     0.0000000000     0.0000000000     0.0000000000     0.0001489439     -0.0028170444
192     0.0000000000     0.0000000000     0.0000000000     0.0000000000     0.0001336820     -0.0028146732
193     0.0000000000     0.0000000000     0.0000000000     0.0000000000     0.0001204168     -0.0028124468
194     0.0000000000     0.0000000000     0.0000000000     0.0000000000     0.0001098160     -0.0028117280
195     0.0000000000     0.0000000000     0.0000000000     0.0000000000     0.0000999215     -0.0028073428
196     0.0000000000     0.0000000000     0.0000000000     0.0000000000     0.0000879152     -0.0028023126
197     0.0000000000     0.0000000000     0.0000000000     0.0000000000     0.0000743697     -0.0028006304
198     0.0000000000     0.0000000000     0.0000000000     0.0000000000     0.0000598124     -0.0028013493
199     0.0000000000     0.0000000000     0.0000000000     0.0000000000     0.0000466234     -0.0028016059
200     0.0000000000     0.0000000000     0.0000000000     0.0000000000     0.0000348760     -0.0027990252
201     0.0000000000     0.0000000000     0.0000000000     0.0000000000     0.0000226556     -0.0027982906
202     0.0000000000     0.0000000000     0.0000000000     0.0000000000     0.0000111642     -0.0028014442
203     0.0000000000     0.0000000000     0.0000000000     0.0000000000     -0.0000005138     -0.0028018898
204     0.0000000000     0.0000000000     0.0000000000     0.0000000000     -0.0000102238     -0.0027992705
205     0.0000000000     0.0000000000     0.0000000000     0.0000000000     -0.0000158930     -0.0027954418
206     0.0000000000     0.0000000000     0.0000000000     0.0000000000     -0.0000225404     -0.0027880097
207     0.0000000000     0.0000000000     0.0000000000     0.0000000000     -0.0000304447     -0.0027850169
208     0.0000000000     0.0000000000     0.0000000000     0.0000000000     -0.0000355024     -0.0027855900
209     0.0000000000     0.0000000000     0.0000000000     0.0000000000     0.0002039705     -0.0027845192
210     0.0000000000     0.0000000000     0.0000000000     0.0000000000     0.0002031053     -0.0027842615
211     0.0000000000     0.0000000000     0.0000000000     0.0000000000     0.0001978026     -0.0027807563
212     0.0000000000     0.0000000000     0.0000000000     0.0000000000     0.0001924779     -0.0027794452
213     0.0000000000     0.0000000000     0.0000000000     0.0000000000     0.0001863513     -0.0027803418
214     0.0000000000     0.0000000000     0.0000000000     0.0000000000     0.0001787381     -0.0027785102
215     0.0000000000     0.0000000000     0.0000000000     0.0000000000     0.0001696406     -0.0027756526
216     0.0000000000     0.0000000000     0.0000000000     0.0000000000     0.0001589404     -0.0027714999
217     0.0000000000     0.0000000000     0.0000000000     0.0000000000     0.0001460152     -0.0027674412
218     0.0000000000     0.0000000000     0.0000000000     0.0000000000     0.0001317944     -0.0027662856
219     0.0000000000     0.0000000000     0.0000000000     0.0000000000     0.0001199457     -0.0027615308
220     0.0000000000     0.0000000000     0.0000000000     0.0000000000     0.0001094524     -0.0027544532
221     0.0000000000     0.0000000000     0.0000000000     0.0000000000     0.0000974327     -0.0027504090
222     0.0000000000     0.0000000000     0.0000000000     0.0000000000     0.0000829078     -0.0027483997
223     0.0000000000     0.0000000000     0.0000000000     0.0000000000     0.0000701342     -0.0027462037
224     0.0000000000     0.0000000000     0.0000000000     0.0000000000     0.0000589599     -0.0027451691
225     0.0000000000     0.0000000000     0.0000000000     0.0000000000     0.0000480979     -0.0027440439
226     0.0000000000     0.0000000000     0.0000000000     0.0000000000     0.0000352929     -0.0027417440
227     0.0000000000     0.0000000000     0.0000000000     0.0000000000     0.0000211996     -0.0027395648
228     0.0000000000     0.0000000000     0.0000000000     0.0000000000     0.0000103822     -0.0027386220
229     0.0000000000     0.0000000000     0.0000000000     0.0000000000     -0.0000000076     -0.0027395357
230     0.0000000000     0.0000000000     0.0000000000     0.0000000000     -0.0000086814     -0.0027398074
231     0.0000000000     0.0000000000     0.0000000000     0.0000000000     -0.0000158361     -0.0027359645
232     0.0000000000     0.0000000000     0.0000000000     0.0000000000     -0.0000240777     -0.0027336694
233     0.0000000000     0.0000000000     0.0000000000     0.0000000000     -0.0000306047     -0.0027363716
234     0.0000000000     0.0000000000     0.0000000000     0.0000000000     -0.0000355485     -0.0027336433
235     0.0000000000     0.0000000000     0.0000000000     0.0000000000     0.0002055239     -0.0027352114
236     0.0000000000     0.0000000000     0.0000000000     0.0000000000     0.0002048620     -0.0027348346
237     0.0000000000     0.0000000000     0.0000000000     0.0000000000     0.0002004076     -0.0027313424
238     0.0000000000     0.0000000000     0.0000000000     0.0000000000     0.0001933296     -0.0027295512
239     0.0000000000     0.0000000000     0.0000000000     0.0000000000     0.0001852207     -0.0027294596
240     0.0000000000     0.0000000000     0.0000000000     0.0000000000     0.0001771839     -0.0027257079
241     0.0000000000     0.0000000000     0.0000000000     0.0000000000     0.0001671020     -0.0027215154
242     0.0000000000     0.0000000000     0.0000000000     0.0000000000     0.0001562842     -0.0027189131
243     0.0000000000     0.0000000000     0.0000000000     0.0000000000     0.0001442953     -0.0027154077
244     0.0000000000     0.0000000000     0.0000000000     0.0000000000     0.0001317915     -0.0027137576
245     0.0000000000     0.0000000000     0.0000000000     0.0000000000     0.0001196101     -0.0027126574
246     0.0000000000     0.0000000000     0.0000000000     0.0000000000     0.0001072226     -0.0027075714
247     0.0000000000     0.0000000000     0.0000000000     0.0000000000     0.0000938896     -0.0027024499
248     0.0000000000     0.0000000000     0.0000000000     0.0000000000     0.0000794318     -0.0027003650
249     0.0000000000     0.0000000000     0.0000000000     0.0000000000     0.0000672776     -0.0026988029
250     0.0000000000     0.0000000000     0.0000000000     0.0000000000     0.0000571779     -0.0026957775
251     0.0000000000     0.0000000000     0.0000000000     0.0000000000     0.0000475966     -0.0026915767
252     0.0000000000     0.0000000000     0.0000000000     0.0000000000     0.0000348017     -0.0026873345
253     0.0000000000     0.0000000000     0.0000000000     0.0000000000     0.0000205609     -0.0026820895
254     0.0000000000     0.0000000000     0.0000000000     0.0000000000     0.0000091158     -0.0026810062
255     0.0000000000     0.0000000000     0.0000000000     0.0000000000     -0.0000003911     -0.0026827575
256     0.0000000000     0.0000000000     0.0000000000     0.0000000000     -0.0000078128     -0.0026841426
257     0.0000000000     0.0000000000     0.0000000000     0.0000000000     -0.0000154107     -0.0026856193
258     0.0000000000     0.0000000000     0.0000000000     0.0000000000     -0.0000238713     -0.0026833969
259     0.0000000000     0.0000000000     0.0000000000     0.0000000000     -0.0000304157     -0.0026780852
260     0.0000000000     0.0000000000     0.0000000000     0.0000000000     -0.0000364644     -0.0026730139
261     0.0000000000     0.0000000000     0.0000000000     0.0000000000     0.0002013422     -0.0026861595
262     0.0000000000     0.0000000000     0.0000000000     0.0000000000     0.0002006961     -0.0026853255
263     0.0000000000     0.0000000000     0.0000000000     0.0000000000     0.0001965881     -0.0026784694
264     0.0000000000     0.0000000000     0.0000000000     0.0000000000     0.0001904799     -0.0026723433
265     0.0000000000     0.0000000000     0.0000000000     0.0000000000     0.0001828007     -0.0026686758
266     0.0000000000     0.0000000000     0.0000000000     0.0000000000     0.0001753351     -0.0026669155
267     0.0000000000     0.0000000000     0.0000000000     0.0000000000     0.0001642190     -0.0026654645
268     0.0000000000     0.0000000000     0.0000000000     0.0000000000     0.0001523009     -0.0026658535
269     0.0000000000     0.0000000000     0.0000000000     0.0000000000     0.0001421579     -0.0026645299
270     0.0000000000     0.0000000000     0.0000000000     0.0000000000     0.0001312998     -0.0026598183
271     0.0000000000     0.0000000000     0.0000000000     0.0000000000     0.0001182747     -0.0026596107
272     0.0000000000     0.0000000000     0.0000000000     0.0000000000     0.0001050933     -0.0026576719
273     0.0000000000     0.0000000000     0.0000000000     0.0000000000     0.0000935224     -0.0026525264
274     0.0000000000     0.0000000000     0.0000000000     0.0000000000     0.0000797959     -0.0026523120
275     0.0000000000     0.0000000000     0.0000000000     0.0000000000     0.0000664734     -0.0026538411
276     0.0000000000     0.0000000000     0.0000000000     0.0000000000     0.0000543672     -0.0026513567
277     0.0000000000     0.0000000000     0.0000000000     0.0000000000     0.0000427802     -0.0026454836
278     0.0000000000     0.0000000000     0.0000000000     0.0000000000     0.0000318896     -0.0026402433
279     0.0000000000     0.0000000000     0.0000000000     0.0000000000     0.0000217223     -0.0026367002
280     0.0000000000     0.0000000000     0.0000000000     0.0000000000     0.0000116423     -0.0026354362
281     0.0000000000     0.0000000000     0.0000000000     0.0000000000     0.0000015551     -0.0026340152
282     0.0000000000     0.0000000000     0.0000000000     0.0000000000     -0.0000079055     -0.0026332522
283     0.0000000000     0.0000000000     0.0000000000     0.0000000000     -0.0000164643     -0.0026328255
284     0.0000000000     0.0000000000     0.0000000000     0.0000000000     -0.0000238571     -0.0026277385
285     0.0000000000     0.0000000000     0.0000000000     0.0000000000     -0.0000302750     -0.0026191412
286     0.0000000000     0.0000000000     0.0000000000     0.0000000000     -0.0000364220     -0.0026183889
287     0.0000000000     0.0000000000     0.0000000000     0.0000000000     0.0001989577     -0.0026324336
288     0.0000000000     0.0000000000     0.0000000000     0.0000000000     0.0001983171     -0.0026321884
289     0.0000000000     0.0000000000     0.0000000000     0.0000000000     0.0001945459     -0.0026296005
290     0.0000000000     0.0000000000     0.0000000000     0.0000000000     0.0001893853     -0.0026256488
291     0.0000000000     0.0000000000     0.0000000000     0.0000000000     0.0001812467     -0.0026184923
292     0.0000000000     0.0000000000     0.0000000000     0.0000000000     0.0001722007     -0.0026170867
293     0.0000000000     0.0000000000     0.0000000000     0.0000000000     0.0001615998     -0.0026174721
294     0.0000000000     0.0000000000     0.0000000000     0.0000000000     0.0001502375     -0.0026165762
295     0.0000000000     0.0000000000     0.0000000000     0.0000000000     0.0001397703     -0.0026161028
296     0.0000000000     0.0000000000     0.0000000000     0.0000000000     0.0001287608     -0.0026143998
297     0.0000000000     0.0000000000     0.0000000000     0.0000000000     0.0001170032     -0.0026118102
298     0.0000000000     0.0000000000     0.0000000000     0.0000000000     0.0001046420     -0.0026090893
299     0.0000000000     0.0000000000     0.0000000000     0.0000000000     0.0000933787     -0.0026064330
300     0.0000000000     0.0000000000     0.0000000000     0.0000000000     0.0000801569     -0.0026048833
301     0.0000000000     0.0000000000     0.0000000000     0.0000000000     0.0000672630     -0.0026036879
302     0.0000000000     0.0000000000     0.0000000000     0.0000000000     0.0000553073     -0.0026031566
303     0.0000000000     0.0000000000     0.0000000000     0.0000000000     0.0000421564     -0.0025995532
304     0.0000000000     0.0000000000     0.0000000000     0.0000000000     0.0000305028     -0.0025948687
305     0.0000000000     0.0000000000     0.0000000000     0.0000000000     0.0000207879     -0.0025939727
306     0.0000000000     0.0000000000     0.0000000000     0.0000000000     0.0000117337     -0.0025902931
307     0.0000000000     0.0000000000     0.0000000000     0.0000000000     0.0000014753     -0.0025832309
308     0.0000000000     0.0000000000     0.0000000000     0.0000000000     -0.0000087224     -0.0025794658
309     0.0000000000     0.0000000000     0.0000000000     0.0000000000     -0.0000173152     -0.0025773224
310     0.0000000000     0.0000000000     0.0000000000     0.0000000000     -0.0000240719     -0.0025749499
311     0.0000000000     0.0000000000     0.0000000000     0.0000000000     -0.0000294910     -0.0025715335
312     0.0000000000     0.0000000000     0.0000000000     0.0000000000     -0.0000358470     -0.0025722779
313     0.0000000000     0.0000000000     0.0000000000     0.0000000000     0.0001986916     -0.0025797524
314     0.0000000000     0.0000000000     0.0000000000     0.0000000000     0.0001981733     -0.0025793092
315     0.0000000000     0.0000000000     0.0000000000     0.0000000000     0.0001946798     -0.0025778407
316     0.0000000000     0.0000000000     0.0000000000     0.0000000000     0.0001889076     -0.0025751922
317     0.0000000000     0.0000000000     0.0000000000     0.0000000000     0.0001794777     -0.0025699662
318     0.0000000000     0.0000000000     0.0000000000     0.0000000000     0.0001689737     -0.0025666869
319     0.0000000000     0.0000000000     0.0000000000     0.0000000000     0.0001598351     -0.0025647032
320     0.0000000000     0.0000000000     0.0000000000     0.0000000000     0.0001508986     -0.0025618762
321     0.0000000000     0.0000000000     0.0000000000     0.0000000000     0.0001399961     -0.0025586791
322     0.0000000000     0.0000000000     0.0000000000     0.0000000000     0.0001290745     -0.0025603742
323     0.0000000000     0.0000000000     0.0000000000     0.0000000000     0.0001190255     -0.0025611198
324     0.0000000000     0.0000000000     0.0000000000     0.0000000000     0.0001057825     -0.0025556463
325     0.0000000000     0.0000000000     0.0000000000     0.0000000000     0.0000913978     -0.0025517911
326     0.0000000000     0.0000000000     0.0000000000     0.0000000000     0.0000776580     -0.0025483133
327     0.0000000000     0.0000000000     0.0000000000     0.0000000000     0.0000648869     -0.0025464078
328     0.0000000000     0.0000000000     0.0000000000     0.0000000000     0.0000541186     -0.0025467610
329     0.0000000000     0.0000000000     0.0000000000     0.0000000000     0.0000419671     -0.0025447460
330     0.0000000000     0.0000000000     0.0000000000     0.0000000000     0.0000301105     -0.0025428565
331     0.0000000000     0.0000000000     0.0000000000     0.0000000000     0.0000195271     -0.0025426507
332     0.0000000000     0.0000000000     0.0000000000     0.0000000000     0.0000090799     -0.0025382643
333     0.0000000000     0.0000000000     0.0000000000     0.0000000000     -0.0000002753     -0.0025315312
334     0.0000000000     0.0000000000     0.0000000000     0.0000000000     -0.0000091026     -0.0025271324
335     0.0000000000     0.0000000000     0.0000000000     0.0000000000     -0.0000173931     -0.0025258841
336     0.0000000000     0.0000000000     0.0000000000     0.0000000000     -0.0000242997     -0.0025263955
337     0.0000000000     0.0000000000     0.0000000000     0.0000000000     -0.0000295694     -0.0025249978
338     0.0000000000     0.0000000000     0.0000000000     0.0000000000     -0.0000356938     -0.0025250188
339     0.0000000000     0.0000000000     0.0000000000     0.0000000000     0.0001961180     -0.0025340755
340     0.0000000000     0.0000000000     0.0000000000     0.0000000000     0.0001954124     -0.0025334462
341     0.0000000000     0.0000000000     0.0000000000     0.0000000000     0.0001910890     -0.0025268119
342     0.0000000000     0.0000000000     0.0000000000     0.0000000000     0.0001855638     -0.0025211362
343     0.0000000000     0.0000000000     0.0000000000     0.0000000000     0.0001775204     -0.0025200172
344     0.0000000000     0.0000000000     0.0000000000     0.0000000000     0.0001683299     -0.0025179185
345     0.0000000000     0.0000000000     0.0000000000     0.0000000000     0.0001587679     -0.0025150981
346     0.0000000000     0.0000000000     0.0000000000     0.0000000000     0.0001487716     -0.0025120473
347     0.0000000000     0.0000000000     0.0000000000     0.0000000000     0.0001382026     -0.0025075978
348     0.0000000000     0.0000000000     0.0000000000     0.0000000000     0.0001281446     -0.0025062697
349     0.0000000000     0.0000000000     0.0000000000     0.0000000000     0.0001178463     -0.0025045908
350     0.0000000000     0.0000000000     0.0000000000     0.0000000000     0.0001024452     -0.0024997283
351     0.0000000000     0.0000000000     0.0000000000     0.0000000000     0.0000877569     -0.0024981537
352     0.0000000000     0.0000000000     0.0000000000     0.0000000000     0.0000753718     -0.0024971345
353     0.0000000000     0.0000000000     0.0000000000     0.0000000000     0.0000637599     -0.0024947805
354     0.0000000000     0.0000000000     0.0000000000     0.0000000000     0.0000527451     -0.0024915376
355     0.0000000000     0.0000000000     0.0000000000     0.0000000000     0.0000412709     -0.0024878307
356     0.0000000000     0.0000000000     0.0000000000     0.0000000000     0.0000307829     -0.0024876547
357     0.0000000000     0.0000000000     0.0000000000     0.0000000000     0.0000201000     -0.0024896123
358     0.0000000000     0.0000000000     0.0000000000     0.0000000000     0.0000088497     -0.0024889821
359     0.0000000000     0.0000000000     0.0000000000     0.0000000000     -0.0000011587     -0.0024840089
360     0.0000000000     0.0000000000     0.0000000000     0.0000000000     -0.0000097933     -0.0024770691
361     0.0000000000     0.0000000000     0.0000000000     0.0000000000     -0.0000183854     -0.0024718112
362     0.0000000000     0.0000000000     0.0000000000     0.0000000000     -0.0000262140     -0.0024714509
363     0.0000000000     0.0000000000     0.0000000000     0.0000000000     -0.0000323249     -0.0024745055
364     0.0000000000     0.0000000000     0.0000000000     0.0000000000     -0.0000379557     -0.0024784655
365     0.0000000000     0.0000000000     12.9057394165     0.0000000000     0.0001938378     -0.0024844984
366     0.0000000000     0.0000000000     12.9057394165     0.0000000000     0.0001930972     -0.0024845050
367     0.0000000000     0.0000000000     12.9057394165     0.0000000000     0.0001885261     -0.0024812312
368     0.0000000000     0.0000000000     12.9057394165     0.0000000000     0.0001830757     -0.0024760404
369     0.0000000000     0.0000000000     12.9057394165     0.0000000000     0.0001759889     -0.0024738732
370     0.0000000000     0.0000000000     12.9057394165     0.0000000000     0.0001678992     -0.0024688919
371     0.0000000000     0.0000000000     12.9057394165     0.0000000000     0.0001577103     -0.0024645954
372     0.0000000000     0.0000000000     12.9057394165     0.0000000000     0.0001468305     -0.0024616671
373     0.0000000000     0.0000000000     12.9057394165     0.0000000000     0.0001352924     -0.0024580459
374     0.0000000000     0.0000000000     12.9057394165     0.0000000000     0.0001226234     -0.0024546329
375     0.0000000000     0.0000000000     12.9057394165     0.0000000000     0.0001109838     -0.0024521828
376     0.0000000000     0.0000000000     12.9057394165     0.0000000000     0.0000995392     -0.0024514110
377     0.0000000000     0.0000000000     12.9057394165     0.0000000000     0.0000873577     -0.0024531714
378     0.0000000000     0.0000000000     12.9057394165     0.0000000000     0.0000742195     -0.0024516558
379     0.0000000000     0.0000000000     12.9057394165     0.0000000000     0.0000625889     -0.0024473744
380     0.0000000000     0.0000000000     12.9057394165     0.0000000000     0.0000516294     -0.0024439101
381     0.0000000000     0.0000000000     12.9057394165     0.0000000000     0.0000406198     -0.0024378077
382     0.0000000000     0.0000000000     12.9057394165     0.0000000000     0.0000309711     -0.0024327763
383     0.0000000000     0.0000000000     12.9057394165     0.0000000000     0.0000194245     -0.0024315150
384     0.0000000000     0.0000000000     12.9057394165     0.0000000000     0.0000065276     -0.0024308746
385     0.0000000000     0.0000000000     12.9057394165     0.0000000000     -0.0000043756     -0.0024284397
386     0.0000000000     0.0000000000     12.9057394165     0.0000000000     -0.0000128923     -0.0024246124
387     0.0000000000     0.0000000000     12.9057394165     0.0000000000     -0.0000204692     -0.0024220340
388     0.0000000000     0.0000000000     12.9057394165     0.0000000000     -0.0000276618     -0.0024203019
389     0.0000000000     0.0000000000     12.9057394165     0.0000000000     -0.0000340801     -0.0024204944
390     0.0000000000     0.0000000000     12.9057394165     0.0000000000     -0.0000403563     -0.0024238686
