1     0.0000000000     0.0000000000     -16.7916679211     0.0000000000     0.0002730894     -0.0042318419
2     0.0000000000     0.0000000000     -16.7916679211     0.0000000000     0.0002680333     -0.0042314537
3     0.0000000000     0.0000000000     -16.7916679211     0.0000000000     0.0002609395     -0.0042293589
4     0.0000000000     0.0000000000     -16.7916679211     0.0000000000     0.0002526049     -0.0042272384
5     0.0000000000     0.0000000000     -16.7916679211     0.0000000000     0.0002430117     -0.0042252787
6     0.0000000000     0.0000000000     -16.7916679211     0.0000000000     0.0002321455     -0.0042234848
7     0.0000000000     0.0000000000     -16.7916679211     0.0000000000     0.0002201249     -0.0042216427
8     0.0000000000     0.0000000000     -16.7916679211     0.0000000000     0.0002071354     -0.0042194881
9     0.0000000000     0.0000000000     -16.7916679211     0.0000000000     0.0001933734     -0.0042172188
10     0.0000000000     0.0000000000     -16.7916679211     0.0000000000     0.0001789541     -0.0042153376
11     0.0000000000     0.0000000000     -16.7916679211     0.0000000000     0.0001639210     -0.0042137516
12     0.0000000000     0.0000000000     -16.7916679211     0.0000000000     0.0001484287     -0.0042119841
13     0.0000000000     0.0000000000     -16.7916679211     0.0000000000     0.0001327313     -0.0042100440
14     0.0000000000     0.0000000000     -16.7916679211     0.0000000000     0.0001171060     -0.0042081714
15     0.0000000000     0.0000000000     -16.7916679211     0.0000000000     0.0001017740     -0.0042064843
16     0.0000000000     0.0000000000     -16.7916679211     0.0000000000     0.0000867510     -0.0042050511
17     0.0000000000     0.0000000000     -16.7916679211     0.0000000000     0.0000719136     -0.0042038723
18     0.0000000000     0.0000000000     -16.7916679211     0.0000000000     0.0000571634     -0.0042028249
19     0.0000000000     0.0000000000     -16.7916679211     0.0000000000     0.0000425336     -0.0042017967
20     0.0000000000     0.0000000000     -16.7916679211     0.0000000000     0.0000281697     -0.0042007075
21     0.0000000000     0.0000000000     -16.7916679211     0.0000000000     0.0000142852     -0.0041992827
22     0.0000000000     0.0000000000     -16.7916679211     0.0000000000     0.0000011465     -0.0041971326
23     0.0000000000     0.0000000000     -16.7916679211     0.0000000000     -0.0000110387     -0.0041941176
24     0.0000000000     0.0000000000     -16.7916679211     0.0000000000     -0.0000222752     -0.0041905993
25     0.0000000000     0.0000000000     -16.7916679211     0.0000000000     -0.0000327632     -0.0041870085
26     0.0000000000     0.0000000000     -16.7916679211     0.0000000000     -0.0000426734     -0.0041837350
27     0.0000000000     0.0000000000     0.0000000000     0.0000000000     0.0002737049     -0.0041658911
28     0.0000000000     0.0000000000     0.0000000000     0.0000000000     0.0002693707     -0.0041655716
29     0.0000000000     0.0000000000     0.0000000000     0.0000000000     0.0002623821     -0.0041634377
30     0.0000000000     0.0000000000     0.0000000000     0.0000000000     0.0002541866     -0.0041611539
31     0.0000000000     0.0000000000     0.0000000000     0.0000000000     0.0002445832     -0.0041590509
32     0.0000000000     0.0000000000     0.0000000000     0.0000000000     0.0002335118     -0.0041571223
33     0.0000000000     0.0000000000     0.0000000000     0.0000000000     0.0002212091     -0.0041551724
34     0.0000000000     0.0000000000     0.0000000000     0.0000000000     0.0002079068     -0.0041525211
35     0.0000000000     0.0000000000     0.0000000000     0.0000000000     0.0001939027     -0.0041494349
36     0.0000000000     0.0000000000     0.0000000000     0.0000000000     0.0001793115     -0.0041473018
37     0.0000000000     0.0000000000     0.0000000000     0.0000000000     0.0001639161     -0.0041458790
38     0.0000000000     0.0000000000     0.0000000000     0.0000000000     0.0001479317     -0.0041438678
39     0.0000000000     0.0000000000     0.0000000000     0.0000000000     0.0001317491     -0.0041416923
40     0.0000000000     0.0000000000     0.0000000000     0.0000000000     0.0001157121     -0.0041397259
41     0.0000000000     0.0000000000     0.0000000000     0.0000000000     0.0001001815     -0.0041379021
42     0.0000000000     0.0000000000     0.0000000000     0.0000000000     0.0000850239     -0.0041363681
43     0.0000000000     0.0000000000     0.0000000000     0.0000000000     0.0000699548     -0.0041352090
44     0.0000000000     0.0000000000     0.0000000000     0.0000000000     0.0000547948     -0.0041341392
45     0.0000000000     0.0000000000     0.0000000000     0.0000000000     0.0000396479     -0.0041329719
46     0.0000000000     0.0000000000     0.0000000000     0.0000000000     0.0000247598     -0.0041319127
47     0.0000000000     0.0000000000     0.0000000000     0.0000000000     0.0000104035     -0.0041305595
48     0.0000000000     0.0000000000     0.0000000000     0.0000000000     -0.0000030023     -0.0041282780
49     0.0000000000     0.0000000000     0.0000000000     0.0000000000     -0.0000151360     -0.0041247093
50     0.0000000000     0.0000000000     0.0000000000     0.0000000000     -0.0000260333     -0.0041209565
51     0.0000000000     0.0000000000     0.0000000000     0.0000000000     -0.0000361968     -0.0041175556
52     0.0000000000     0.0000000000     0.0000000000     0.0000000000     -0.0000457843     -0.0041144526
53     0.0000000000     0.0000000000     0.0000000000     0.0000000000     0.0002741646     -0.0041001482
54     0.0000000000     0.0000000000     0.0000000000     0.0000000000     0.0002704941     -0.0040999788
55     0.0000000000     0.0000000000     0.0000000000     0.0000000000     0.0002636149     -0.0040981960
56     0.0000000000     0.0000000000     0.0000000000     0.0000000000     0.0002555059     -0.0040958991
57     0.0000000000     0.0000000000     0.0000000000     0.0000000000     0.0002458477     -0.0040937002
58     0.0000000000     0.0000000000     0.0000000000     0.0000000000     0.0002344260     -0.0040911795
59     0.0000000000     0.0000000000     0.0000000000     0.0000000000     0.0002218786     -0.0040887691
60     0.0000000000     0.0000000000     0.0000000000     0.0000000000     0.0002082870     -0.0040856416
61     0.0000000000     0.0000000000     0.0000000000     0.0000000000     0.0001941402     -0.0040816215
62     0.0000000000     0.0000000000     0.0000000000     0.0000000000     0.0001797164     -0.0040790170
63     0.0000000000     0.0000000000     0.0000000000     0.0000000000     0.0001639545     -0.0040775671
64     0.0000000000     0.0000000000     0.0000000000     0.0000000000     0.0001473589     -0.0040749789
65     0.0000000000     0.0000000000     0.0000000000     0.0000000000     0.0001307648     -0.0040731074
66     0.0000000000     0.0000000000     0.0000000000     0.0000000000     0.0001144596     -0.0040713992
67     0.0000000000     0.0000000000     0.0000000000     0.0000000000     0.0000989932     -0.0040692985
68     0.0000000000     0.0000000000     0.0000000000     0.0000000000     0.0000837460     -0.0040676028
69     0.0000000000     0.0000000000     0.0000000000     0.0000000000     0.0000683206     -0.0040665440
70     0.0000000000     0.0000000000     0.0000000000     0.0000000000     0.0000525147     -0.0040654318
71     0.0000000000     0.0000000000     0.0000000000     0.0000000000     0.0000366481     -0.0040637767
72     0.0000000000     0.0000000000     0.0000000000     0.0000000000     0.0000210795     -0.0040625751
73     0.0000000000     0.0000000000     0.0000000000     0.0000000000     0.0000061519     -0.0040609263
74     0.0000000000     0.0000000000     0.0000000000     0.0000000000     -0.0000073961     -0.0040582169
75     0.0000000000     0.0000000000     0.0000000000     0.0000000000     -0.0000193158     -0.0040532135
76     0.0000000000     0.0000000000     0.0000000000     0.0000000000     -0.0000296165     -0.0040494398
77     0.0000000000     0.0000000000     0.0000000000     0.0000000000     -0.0000394747     -0.0040476800
78     0.0000000000     0.0000000000     0.0000000000     0.0000000000     -0.0000486660     -0.0040454961
79     0.0000000000     0.0000000000     0.0000000000     0.0000000000     0.0002745631     -0.0040342213
80     0.0000000000     0.0000000000     0.0000000000     0.0000000000     0.0002714935     -0.0040342233
81     0.0000000000     0.0000000000     0.0000000000     0.0000000000     0.0002644643     -0.0040337665
82     0.0000000000     0.0000000000     0.0000000000     0.0000000000     0.0002563447     -0.0040311122
83     0.0000000000     0.0000000000     0.0000000000     0.0000000000     0.0002465901     -0.0040285491
84     0.0000000000     0.0000000000     0.0000000000     0.0000000000     0.0002347844     -0.0040252421
85     0.0000000000     0.0000000000     0.0000000000     0.0000000000     0.0002222688     -0.0040213897
86     0.0000000000     0.0000000000     0.0000000000     0.0000000000     0.0002086103     -0.0040187416
87     0.0000000000     0.0000000000     0.0000000000     0.0000000000     0.0001943740     -0.0040159913
88     0.0000000000     0.0000000000     0.0000000000     0.0000000000     0.0001800261     -0.0040124764
89     0.0000000000     0.0000000000     0.0000000000     0.0000000000     0.0001636625     -0.0040089550
90     0.0000000000     0.0000000000     0.0000000000     0.0000000000     0.0001462284     -0.0040063265
91     0.0000000000     0.0000000000     0.0000000000     0.0000000000     0.0001295047     -0.0040058072
92     0.0000000000     0.0000000000     0.0000000000     0.0000000000     0.0001137467     -0.0040041241
93     0.0000000000     0.0000000000     0.0000000000     0.0000000000     0.0000986620     -0.0040009321
94     0.0000000000     0.0000000000     0.0000000000     0.0000000000     0.0000833157     -0.0039992100
95     0.0000000000     0.0000000000     0.0000000000     0.0000000000     0.0000669446     -0.0039984880
96     0.0000000000     0.0000000000     0.0000000000     0.0000000000     0.0000499226     -0.0039970646
97     0.0000000000     0.0000000000     0.0000000000     0.0000000000     0.0000332281     -0.0039950811
98     0.0000000000     0.0000000000     0.0000000000     0.0000000000     0.0000167796     -0.0039930499
99     0.0000000000     0.0000000000     0.0000000000     0.0000000000     0.0000014272     -0.0039906812
100     0.0000000000     0.0000000000     0.0000000000     0.0000000000     -0.0000118747     -0.0039870411
101     0.0000000000     0.0000000000     0.0000000000     0.0000000000     -0.0000231445     -0.0039803397
102     0.0000000000     0.0000000000     0.0000000000     0.0000000000     -0.0000329182     -0.0039768928
103     0.0000000000     0.0000000000     0.0000000000     0.0000000000     -0.0000422354     -0.0039784474
104     0.0000000000     0.0000000000     0.0000000000     0.0000000000     -0.0000510457     -0.0039792888
105     0.0000000000     0.0000000000     0.0000000000     0.0000000000     0.0002741658     -0.0039699513
106     0.0000000000     0.0000000000     0.0000000000     0.0000000000     0.0002715801     -0.0039699682
107     0.0000000000     0.0000000000     0.0000000000     0.0000000000     0.0002642146     -0.0039678748
108     0.0000000000     0.0000000000     0.0000000000     0.0000000000     0.0002564806     -0.0039632922
109     0.0000000000     0.0000000000     0.0000000000     0.0000000000     0.0002470344     -0.0039582798
110     0.0000000000     0.0000000000     0.0000000000     0.0000000000     0.0002356638     -0.0039552861
111     0.0000000000     0.0000000000     0.0000000000     0.0000000000     0.0002235604     -0.0039545749
112     0.0000000000     0.0000000000     0.0000000000     0.0000000000     0.0002107314     -0.0039547970
113     0.0000000000     0.0000000000     0.0000000000     0.0000000000     0.0001963994     -0.0039524360
114     0.0000000000     0.0000000000     0.0000000000     0.0000000000     0.0001795507     -0.0039490411
115     0.0000000000     0.0000000000     0.0000000000     0.0000000000     0.0001610107     -0.0039470121
116     0.0000000000     0.0000000000     0.0000000000     0.0000000000     0.0001437595     -0.0039443062
117     0.0000000000     0.0000000000     0.0000000000     0.0000000000     0.0001284294     -0.0039410969
118     0.0000000000     0.0000000000     0.0000000000     0.0000000000     0.0001133515     -0.0039372295
119     0.0000000000     0.0000000000     0.0000000000     0.0000000000     0.0000988561     -0.0039330432
120     0.0000000000     0.0000000000     0.0000000000     0.0000000000     0.0000832851     -0.0039313176
121     0.0000000000     0.0000000000     0.0000000000     0.0000000000     0.0000651136     -0.0039313961
122     0.0000000000     0.0000000000     0.0000000000     0.0000000000     0.0000460131     -0.0039299156
123     0.0000000000     0.0000000000     0.0000000000     0.0000000000     0.0000285392     -0.0039284695
124     0.0000000000     0.0000000000     0.0000000000     0.0000000000     0.0000121911     -0.0039250134
125     0.0000000000     0.0000000000     0.0000000000     0.0000000000     -0.0000025313     -0.0039213465
126     0.0000000000     0.0000000000     0.0000000000     0.0000000000     -0.0000157721     -0.0039178834
127     0.0000000000     0.0000000000     0.0000000000     0.0000000000     -0.0000267021     -0.0039142202
128     0.0000000000     0.0000000000     0.0000000000     0.0000000000     -0.0000355243     -0.0039125250
129     0.0000000000     0.0000000000     0.0000000000     0.0000000000     -0.0000435634     -0.0039145833
130     0.0000000000     0.0000000000     0.0000000000     0.0000000000     -0.0000518028     -0.0039141549
131     0.0000000000     0.0000000000     0.0000000000     0.0000000000     0.0002726659     -0.0039015895
132     0.0000000000     0.0000000000     0.0000000000     0.0000000000     0.0002705178     -0.0039015725
133     0.0000000000     0.0000000000     0.0000000000     0.0000000000     0.0002632994     -0.0038989522
134     0.0000000000     0.0000000000     0.0000000000     0.0000000000     0.0002562535     -0.0038959811
135     0.0000000000     0.0000000000     0.0000000000     0.0000000000     0.0002472590     -0.0038931990
136     0.0000000000     0.0000000000     0.0000000000     0.0000000000     0.0002361329     -0.0038886481
137     0.0000000000     0.0000000000     0.0000000000     0.0000000000     0.0002242039     -0.0038860690
138     0.0000000000     0.0000000000     0.0000000000     0.0000000000     0.0002123325     -0.0038857188
139     0.0000000000     0.0000000000     0.0000000000     0.0000000000     0.0001980466     -0.0038833032
140     0.0000000000     0.0000000000     0.0000000000     0.0000000000     0.0001792893     -0.0038825793
141     0.0000000000     0.0000000000     0.0000000000     0.0000000000     0.0001591707     -0.0038808423
142     0.0000000000     0.0000000000     0.0000000000     0.0000000000     0.0001421849     -0.0038749054
143     0.0000000000     0.0000000000     0.0000000000     0.0000000000     0.0001282549     -0.0038694899
144     0.0000000000     0.0000000000     0.0000000000     0.0000000000     0.0001141595     -0.0038654658
145     0.0000000000     0.0000000000     0.0000000000     0.0000000000     0.0000984954     -0.0038634758
146     0.0000000000     0.0000000000     0.0000000000     0.0000000000     0.0000802519     -0.0038617472
147     0.0000000000     0.0000000000     0.0000000000     0.0000000000     0.0000607486     -0.0038617299
148     0.0000000000     0.0000000000     0.0000000000     0.0000000000     0.0000423785     -0.0038621955
149     0.0000000000     0.0000000000     0.0000000000     0.0000000000     0.0000249663     -0.0038636973
150     0.0000000000     0.0000000000     0.0000000000     0.0000000000     0.0000087619     -0.0038621028
151     0.0000000000     0.0000000000     0.0000000000     0.0000000000     -0.0000050996     -0.0038543299
152     0.0000000000     0.0000000000     0.0000000000     0.0000000000     -0.0000177667     -0.0038480394
153     0.0000000000     0.0000000000     0.0000000000     0.0000000000     -0.0000285449     -0.0038473232
154     0.0000000000     0.0000000000     0.0000000000     0.0000000000     -0.0000372103     -0.0038484408
155     0.0000000000     0.0000000000     0.0000000000     0.0000000000     -0.0000449356     -0.0038479480
156     0.0000000000     0.0000000000     0.0000000000     0.0000000000     -0.0000532116     -0.0038460915
157     0.0000000000     0.0000000000     0.0000000000     0.0000000000     0.0002711000     -0.0038314510
158     0.0000000000     0.0000000000     0.0000000000     0.0000000000     0.0002694273     -0.0038316199
159     0.0000000000     0.0000000000     0.0000000000     0.0000000000     0.0002628469     -0.0038315666
160     0.0000000000     0.0000000000     0.0000000000     0.0000000000     0.0002557853     -0.0038318179
161     0.0000000000     0.0000000000     0.0000000000     0.0000000000     0.0002470580     -0.0038296285
162     0.0000000000     0.0000000000     0.0000000000     0.0000000000     0.0002360340     -0.0038222297
163     0.0000000000     0.0000000000     0.0000000000     0.0000000000     0.0002233526     -0.0038157676
164     0.0000000000     0.0000000000     0.0000000000     0.0000000000     0.0002104558     -0.0038152217
165     0.0000000000     0.0000000000     0.0000000000     0.0000000000     0.0001958636     -0.0038153017
166     0.0000000000     0.0000000000     0.0000000000     0.0000000000     0.0001782373     -0.0038134938
167     0.0000000000     0.0000000000     0.0000000000     0.0000000000     0.0001590493     -0.0038094523
168     0.0000000000     0.0000000000     0.0000000000     0.0000000000     0.0001417512     -0.0038043625
169     0.0000000000     0.0000000000     0.0000000000     0.0000000000     0.0001279329     -0.0037993535
170     0.0000000000     0.0000000000     0.0000000000     0.0000000000     0.0001141164     -0.0037972892
171     0.0000000000     0.0000000000     0.0000000000     0.0000000000     0.0000967527     -0.0037972366
172     0.0000000000     0.0000000000     0.0000000000     0.0000000000     0.0000761532     -0.0037953940
173     0.0000000000     0.0000000000     0.0000000000     0.0000000000     0.0000566693     -0.0037944765
174     0.0000000000     0.0000000000     0.0000000000     0.0000000000     0.0000409046     -0.0037954260
175     0.0000000000     0.0000000000     0.0000000000     0.0000000000     0.0000236486     -0.0037977482
176     0.0000000000     0.0000000000     0.0000000000     0.0000000000     0.0000065334     -0.0037990678
177     0.0000000000     0.0000000000     0.0000000000     0.0000000000     -0.0000083994     -0.0037937369
178     0.0000000000     0.0000000000     0.0000000000     0.0000000000     -0.0000206306     -0.0037908166
179     0.0000000000     0.0000000000     0.0000000000     0.0000000000     -0.0000297144     -0.0037913492
180     0.0000000000     0.0000000000     0.0000000000     0.0000000000     -0.0000387847     -0.0037849211
181     0.0000000000     0.0000000000     0.0000000000     0.0000000000     -0.0000474945     -0.0037756671
182     0.0000000000     0.0000000000     0.0000000000     0.0000000000     -0.0000556600     -0.0037745422
183     0.0000000000     0.0000000000     0.0000000000     0.0000000000     0.0002705015     -0.0037644282
184     0.0000000000     0.0000000000     0.0000000000     0.0000000000     0.0002690299     -0.0037645651
185     0.0000000000     0.0000000000     0.0000000000     0.0000000000     0.0002624396     -0.0037638673
186     0.0000000000     0.0000000000     0.0000000000     0.0000000000     0.0002550126     -0.0037630777
187     0.0000000000     0.0000000000     0.0000000000     0.0000000000     0.0002457342     -0.0037585845
188     0.0000000000     0.0000000000     0.0000000000     0.0000000000     0.0002354215     -0.0037544414
189     0.0000000000     0.0000000000     0.0000000000     0.0000000000     0.0002239927     -0.0037509094
190     0.0000000000     0.0000000000     0.0000000000     0.0000000000     0.0002107573     -0.0037488222
191     0.0000000000     0.0000000000     0.0000000000     0.0000000000     0.0001936853     -0.0037479755
192     0.0000000000     0.0000000000     0.0000000000     0.0000000000     0.0001735410     -0.0037452452
193     0.0000000000     0.0000000000     0.0000000000     0.0000000000     0.0001557520     -0.0037426018
194     0.0000000000     0.0000000000     0.0000000000     0.0000000000     0.0001408869     -0.0037410688
195     0.0000000000     0.0000000000     0.0000000000     0.0000000000     0.0001267040     -0.0037353788
196     0.0000000000     0.0000000000     0.0000000000     0.0000000000     0.0001102497     -0.0037293123
197     0.0000000000     0.0000000000     0.0000000000     0.0000000000     0.0000922148     -0.0037269570
198     0.0000000000     0.0000000000     0.0000000000     0.0000000000     0.0000732110     -0.0037273327
199     0.0000000000     0.0000000000     0.0000000000     0.0000000000     0.0000557157     -0.0037276076
200     0.0000000000     0.0000000000     0.0000000000     0.0000000000     0.0000394793     -0.0037249416
201     0.0000000000     0.0000000000     0.0000000000     0.0000000000     0.0000224153     -0.0037243778
202     0.0000000000     0.0000000000     0.0000000000     0.0000000000     0.0000063599     -0.0037285847
203     0.0000000000     0.0000000000     0.0000000000     0.0000000000     -0.0000093673     -0.0037301768
204     0.0000000000     0.0000000000     0.0000000000     0.0000000000     -0.0000224306     -0.0037278356
205     0.0000000000     0.0000000000     0.0000000000     0.0000000000     -0.0000310228     -0.0037231709
206     0.0000000000     0.0000000000     0.0000000000     0.0000000000     -0.0000404438     -0.0037144323
207     0.0000000000     0.0000000000     0.0000000000     0.0000000000     -0.0000508011     -0.0037110833
208     0.0000000000     0.0000000000     0.0000000000     0.0000000000     -0.0000579767     -0.0037113966
209     0.0000000000     0.0000000000     0.0000000000     0.0000000000     0.0002718047     -0.0037014755
210     0.0000000000     0.0000000000     0.0000000000     0.0000000000     0.0002702939     -0.0037010521
211     0.0000000000     0.0000000000     0.0000000000     0.0000000000     0.0002630903     -0.0036971605
212     0.0000000000     0.0000000000     0.0000000000     0.0000000000     0.0002553704     -0.0036958736
213     0.0000000000     0.0000000000     0.0000000000     0.0000000000     0.0002464181     -0.0036970377
214     0.0000000000     0.0000000000     0.0000000000     0.0000000000     0.0002356485     -0.0036949419
215     0.0000000000     0.0000000000     0.0000000000     0.0000000000     0.0002230642     -0.0036914788
216     0.0000000000     0.0000000000     0.0000000000     0.0000000000     0.0002084043     -0.0036868069
217     0.0000000000     0.0000000000     0.0000000000     0.0000000000     0.0001907051     -0.0036823088
218     0.0000000000     0.0000000000     0.0000000000     0.0000000000     0.0001714835     -0.0036809813
219     0.0000000000     0.0000000000     0.0000000000     0.0000000000     0.0001551340     -0.0036760968
220     0.0000000000     0.0000000000     0.0000000000     0.0000000000     0.0001402416     -0.0036682916
221     0.0000000000     0.0000000000     0.0000000000     0.0000000000     0.0001235710     -0.0036627215
222     0.0000000000     0.0000000000     0.0000000000     0.0000000000     0.0001042303     -0.0036600767
223     0.0000000000     0.0000000000     0.0000000000     0.0000000000     0.0000870086     -0.0036577649
224     0.0000000000     0.0000000000     0.0000000000     0.0000000000     0.0000716864     -0.0036562998
225     0.0000000000     0.0000000000     0.0000000000     0.0000000000     0.0000570484     -0.0036549978
226     0.0000000000     0.0000000000     0.0000000000     0.0000000000     0.0000396989     -0.0036522334
227     0.0000000000     0.0000000000     0.0000000000     0.0000000000     0.0000201221     -0.0036494901
228     0.0000000000     0.0000000000     0.0000000000     0.0000000000     0.0000047769     -0.0036489595
229     0.0000000000     0.0000000000     0.0000000000     0.0000000000     -0.0000094620     -0.0036508349
230     0.0000000000     0.0000000000     0.0000000000     0.0000000000     -0.0000211557     -0.0036517832
231     0.0000000000     0.0000000000     0.0000000000     0.0000000000     -0.0000311540     -0.0036476879
232     0.0000000000     0.0000000000     0.0000000000     0.0000000000     -0.0000426063     -0.0036445698
233     0.0000000000     0.0000000000     0.0000000000     0.0000000000     -0.0000517764     -0.0036470496
234     0.0000000000     0.0000000000     0.0000000000     0.0000000000     -0.0000587127     -0.0036433339
235     0.0000000000     0.0000000000     0.0000000000     0.0000000000     0.0002729375     -0.0036375158
236     0.0000000000     0.0000000000     0.0000000000     0.0000000000     0.0002717643     -0.0036370364
237     0.0000000000     0.0000000000     0.0000000000     0.0000000000     0.0002656102     -0.0036334146
238     0.0000000000     0.0000000000     0.0000000000     0.0000000000     0.0002559438     -0.0036313268
239     0.0000000000     0.0000000000     0.0000000000     0.0000000000     0.0002448221     -0.0036304993
240     0.0000000000     0.0000000000     0.0000000000     0.0000000000     0.0002336820     -0.0036254822
241     0.0000000000     0.0000000000     0.0000000000     0.0000000000     0.0002199028     -0.0036201596
242     0.0000000000     0.0000000000     0.0000000000     0.0000000000     0.0002048982     -0.0036173737
243     0.0000000000     0.0000000000     0.0000000000     0.0000000000     0.0001885700     -0.0036136648
244     0.0000000000     0.0000000000     0.0000000000     0.0000000000     0.0001717963     -0.0036117001
245     0.0000000000     0.0000000000     0.0000000000     0.0000000000     0.0001551458     -0.0036103957
246     0.0000000000     0.0000000000     0.0000000000     0.0000000000     0.0001379823     -0.0036047273
247     0.0000000000     0.0000000000     0.0000000000     0.0000000000     0.0001195053     -0.0035987688
248     0.0000000000     0.0000000000     0.0000000000     0.0000000000     0.0000997120     -0.0035968658
249     0.0000000000     0.0000000000     0.0000000000     0.0000000000     0.0000830797     -0.0035963814
250     0.0000000000     0.0000000000     0.0000000000     0.0000000000     0.0000691786     -0.0035929793
251     0.0000000000     0.0000000000     0.0000000000     0.0000000000     0.0000561957     -0.0035875557
252     0.0000000000     0.0000000000     0.0000000000     0.0000000000     0.0000387681     -0.0035821300
253     0.0000000000     0.0000000000     0.0000000000     0.0000000000     0.0000191309     -0.0035757716
254     0.0000000000     0.0000000000     0.0000000000     0.0000000000     0.0000032669     -0.0035746082
255     0.0000000000     0.0000000000     0.0000000000     0.0000000000     -0.0000099523     -0.0035765894
256     0.0000000000     0.0000000000     0.0000000000     0.0000000000     -0.0000202633     -0.0035780919
257     0.0000000000     0.0000000000     0.0000000000     0.0000000000     -0.0000309595     -0.0035802982
258     0.0000000000     0.0000000000     0.0000000000     0.0000000000     -0.0000429878     -0.0035787634
259     0.0000000000     0.0000000000     0.0000000000     0.0000000000     -0.0000523406     -0.0035725709
260     0.0000000000     0.0000000000     0.0000000000     0.0000000000     -0.0000606143     -0.0035662145
261     0.0000000000     0.0000000000     0.0000000000     0.0000000000     0.0002678721     -0.0035727922
262     0.0000000000     0.0000000000     0.0000000000     0.0000000000     0.0002665970     -0.0035719538
263     0.0000000000     0.0000000000     0.0000000000     0.0000000000     0.0002608124     -0.0035648618
264     0.0000000000     0.0000000000     0.0000000000     0.0000000000     0.0002524105     -0.0035575454
265     0.0000000000     0.0000000000     0.0000000000     0.0000000000     0.0002417633     -0.0035517310
266     0.0000000000     0.0000000000     0.0000000000     0.0000000000     0.0002312486     -0.0035490411
267     0.0000000000     0.0000000000     0.0000000000     0.0000000000     0.0002162475     -0.0035483003
268     0.0000000000     0.0000000000     0.0000000000     0.0000000000     0.0001997146     -0.0035491151
269     0.0000000000     0.0000000000     0.0000000000     0.0000000000     0.0001854766     -0.0035469480
270     0.0000000000     0.0000000000     0.0000000000     0.0000000000     0.0001709289     -0.0035410186
271     0.0000000000     0.0000000000     0.0000000000     0.0000000000     0.0001534121     -0.0035403835
272     0.0000000000     0.0000000000     0.0000000000     0.0000000000     0.0001354320     -0.0035382823
273     0.0000000000     0.0000000000     0.0000000000     0.0000000000     0.0001194489     -0.0035333257
274     0.0000000000     0.0000000000     0.0000000000     0.0000000000     0.0001005444     -0.0035331224
275     0.0000000000     0.0000000000     0.0000000000     0.0000000000     0.0000822648     -0.0035350115
276     0.0000000000     0.0000000000     0.0000000000     0.0000000000     0.0000659693     -0.0035324970
277     0.0000000000     0.0000000000     0.0000000000     0.0000000000     0.0000502337     -0.0035255926
278     0.0000000000     0.0000000000     0.0000000000     0.0000000000     0.0000350188     -0.0035192386
279     0.0000000000     0.0000000000     0.0000000000     0.0000000000     0.0000203803     -0.0035154326
280     0.0000000000     0.0000000000     0.0000000000     0.0000000000     0.0000062179     -0.0035144518
281     0.0000000000     0.0000000000     0.0000000000     0.0000000000     -0.0000076241     -0.0035126155
282     0.0000000000     0.0000000000     0.0000000000     0.0000000000     -0.0000205688     -0.0035113086
283     0.0000000000     0.0000000000     0.0000000000     0.0000000000     -0.0000328163     -0.0035105467
284     0.0000000000     0.0000000000     0.0000000000     0.0000000000     -0.0000435868     -0.0035046063
285     0.0000000000     0.0000000000     0.0000000000     0.0000000000     -0.0000525151     -0.0034953569
286     0.0000000000     0.0000000000     0.0000000000     0.0000000000     -0.0000609036     -0.0034955330
287     0.0000000000     0.0000000000     0.0000000000     0.0000000000     0.0002653937     -0.0035019792
288     0.0000000000     0.0000000000     0.0000000000     0.0000000000     0.0002641382     -0.0035010490
289     0.0000000000     0.0000000000     0.0000000000     0.0000000000     0.0002589092     -0.0034968030
290     0.0000000000     0.0000000000     0.0000000000     0.0000000000     0.0002516021     -0.0034925778
291     0.0000000000     0.0000000000     0.0000000000     0.0000000000     0.0002400579     -0.0034859105
292     0.0000000000     0.0000000000     0.0000000000     0.0000000000     0.0002274676     -0.0034844316
293     0.0000000000     0.0000000000     0.0000000000     0.0000000000     0.0002132361     -0.0034850716
294     0.0000000000     0.0000000000     0.0000000000     0.0000000000     0.0001977926     -0.0034843398
295     0.0000000000     0.0000000000     0.0000000000     0.0000000000     0.0001828575     -0.0034833620
296     0.0000000000     0.0000000000     0.0000000000     0.0000000000     0.0001673412     -0.0034809163
297     0.0000000000     0.0000000000     0.0000000000     0.0000000000     0.0001511370     -0.0034779847
298     0.0000000000     0.0000000000     0.0000000000     0.0000000000     0.0001344109     -0.0034752455
299     0.0000000000     0.0000000000     0.0000000000     0.0000000000     0.0001193462     -0.0034725854
300     0.0000000000     0.0000000000     0.0000000000     0.0000000000     0.0001014590     -0.0034703419
301     0.0000000000     0.0000000000     0.0000000000     0.0000000000     0.0000835048     -0.0034685613
302     0.0000000000     0.0000000000     0.0000000000     0.0000000000     0.0000672220     -0.0034685489
303     0.0000000000     0.0000000000     0.0000000000     0.0000000000     0.0000494767     -0.0034650372
304     0.0000000000     0.0000000000     0.0000000000     0.0000000000     0.0000333441     -0.0034599031
305     0.0000000000     0.0000000000     0.0000000000     0.0000000000     0.0000192347     -0.0034592293
306     0.0000000000     0.0000000000     0.0000000000     0.0000000000     0.0000062536     -0.0034545622
307     0.0000000000     0.0000000000     0.0000000000     0.0000000000     -0.0000075524     -0.0034456757
308     0.0000000000     0.0000000000     0.0000000000     0.0000000000     -0.0000217557     -0.0034414911
309     0.0000000000     0.0000000000     0.0000000000     0.0000000000     -0.0000340082     -0.0034389503
310     0.0000000000     0.0000000000     0.0000000000     0.0000000000     -0.0000435588     -0.0034352840
311     0.0000000000     0.0000000000     0.0000000000     0.0000000000     -0.0000513062     -0.0034309035
312     0.0000000000     0.0000000000     0.0000000000     0.0000000000     -0.0000599339     -0.0034324516
313     0.0000000000     0.0000000000     0.0000000000     0.0000000000     0.0002650828     -0.0034332557
314     0.0000000000     0.0000000000     0.0000000000     0.0000000000     0.0002640365     -0.0034322310
315     0.0000000000     0.0000000000     0.0000000000     0.0000000000     0.0002590594     -0.0034292450
316     0.0000000000     0.0000000000     0.0000000000     0.0000000000     0.0002507845     -0.0034263072
317     0.0000000000     0.0000000000     0.0000000000     0.0000000000     0.0002376163     -0.0034214522
318     0.0000000000     0.0000000000     0.0000000000     0.0000000000     0.0002233288     -0.0034174700
319     0.0000000000     0.0000000000     0.0000000000     0.0000000000     0.0002108152     -0.0034150003
320     0.0000000000     0.0000000000     0.0000000000     0.0000000000     0.0001982621     -0.0034124448
321     0.0000000000     0.0000000000     0.0000000000     0.0000000000     0.0001827198     -0.0034096693
322     0.0000000000     0.0000000000     0.0000000000     0.0000000000     0.0001674243     -0.0034120419
323     0.0000000000     0.0000000000     0.0000000000     0.0000000000     0.0001538719     -0.0034122606
324     0.0000000000     0.0000000000     0.0000000000     0.0000000000     0.0001361357     -0.0034048234
325     0.0000000000     0.0000000000     0.0000000000     0.0000000000     0.0001167185     -0.0033999354
326     0.0000000000     0.0000000000     0.0000000000     0.0000000000     0.0000985546     -0.0033970398
327     0.0000000000     0.0000000000     0.0000000000     0.0000000000     0.0000815976     -0.0033966499
328     0.0000000000     0.0000000000     0.0000000000     0.0000000000     0.0000663459     -0.0033974283
329     0.0000000000     0.0000000000     0.0000000000     0.0000000000     0.0000493833     -0.0033943371
330     0.0000000000     0.0000000000     0.0000000000     0.0000000000     0.0000330867     -0.0033917318
331     0.0000000000     0.0000000000     0.0000000000     0.0000000000     0.0000180707     -0.0033910768
332     0.0000000000     0.0000000000     0.0000000000     0.0000000000     0.0000030851     -0.0033857525
333     0.0000000000     0.0000000000     0.0000000000     0.0000000000     -0.0000099834     -0.0033785891
334     0.0000000000     0.0000000000     0.0000000000     0.0000000000     -0.0000227334     -0.0033739051
335     0.0000000000     0.0000000000     0.0000000000     0.0000000000     -0.0000346690     -0.0033726981
336     0.0000000000     0.0000000000     0.0000000000     0.0000000000     -0.0000440238     -0.0033731216
337     0.0000000000     0.0000000000     0.0000000000     0.0000000000     -0.0000514933     -0.0033701929
338     0.0000000000     0.0000000000     0.0000000000     0.0000000000     -0.0000595779     -0.0033695836
339     0.0000000000     0.0000000000     0.0000000000     0.0000000000     0.0002617587     -0.0033719483
340     0.0000000000     0.0000000000     0.0000000000     0.0000000000     0.0002604342     -0.0033710018
341     0.0000000000     0.0000000000     0.0000000000     0.0000000000     0.0002543579     -0.0033629705
342     0.0000000000     0.0000000000     0.0000000000     0.0000000000     0.0002464010     -0.0033559451
343     0.0000000000     0.0000000000     0.0000000000     0.0000000000     0.0002351171     -0.0033542638
344     0.0000000000     0.0000000000     0.0000000000     0.0000000000     0.0002223563     -0.0033520785
345     0.0000000000     0.0000000000     0.0000000000     0.0000000000     0.0002090312     -0.0033498087
346     0.0000000000     0.0000000000     0.0000000000     0.0000000000     0.0001951873     -0.0033469114
347     0.0000000000     0.0000000000     0.0000000000     0.0000000000     0.0001804226     -0.0033423723
348     0.0000000000     0.0000000000     0.0000000000     0.0000000000     0.0001665706     -0.0033414202
349     0.0000000000     0.0000000000     0.0000000000     0.0000000000     0.0001528070     -0.0033390371
350     0.0000000000     0.0000000000     0.0000000000     0.0000000000     0.0001326002     -0.0033324571
351     0.0000000000     0.0000000000     0.0000000000     0.0000000000     0.0001125766     -0.0033300715
352     0.0000000000     0.0000000000     0.0000000000     0.0000000000     0.0000958895     -0.0033296649
353     0.0000000000     0.0000000000     0.0000000000     0.0000000000     0.0000807383     -0.0033279649
354     0.0000000000     0.0000000000     0.0000000000     0.0000000000     0.0000649096     -0.0033242032
355     0.0000000000     0.0000000000     0.0000000000     0.0000000000     0.0000481880     -0.0033200405
356     0.0000000000     0.0000000000     0.0000000000     0.0000000000     0.0000335214     -0.0033202466
357     0.0000000000     0.0000000000     0.0000000000     0.0000000000     0.0000184460     -0.0033218717
358     0.0000000000     0.0000000000     0.0000000000     0.0000000000     0.0000026090     -0.0033212276
359     0.0000000000     0.0000000000     0.0000000000     0.0000000000     -0.0000113659     -0.0033164111
360     0.0000000000     0.0000000000     0.0000000000     0.0000000000     -0.0000237645     -0.0033081107
361     0.0000000000     0.0000000000     0.0000000000     0.0000000000     -0.0000360057     -0.0033017509
362     0.0000000000     0.0000000000     0.0000000000     0.0000000000     -0.0000467046     -0.0033019103
363     0.0000000000     0.0000000000     0.0000000000     0.0000000000     -0.0000551060     -0.0033055127
364     0.0000000000     0.0000000000     0.0000000000     0.0000000000     -0.0000627517     -0.0033097507
365     0.0000000000     0.0000000000     16.7916679211     0.0000000000     0.0002585352     -0.0033067357
366     0.0000000000     0.0000000000     16.7916679211     0.0000000000     0.0002572468     -0.0033064658
367     0.0000000000     0.0000000000     16.7916679211     0.0000000000     0.0002509712     -0.0033020607
368     0.0000000000     0.0000000000     16.7916679211     0.0000000000     0.0002432534     -0.0032957995
369     0.0000000000     0.0000000000     16.7916679211     0.0000000000     0.0002334180     -0.0032933486
370     0.0000000000     0.0000000000     16.7916679211     0.0000000000     0.0002222276     -0.0032880513
371     0.0000000000     0.0000000000     16.7916679211     0.0000000000     0.0002084113     -0.0032836550
372     0.0000000000     0.0000000000     16.7916679211     0.0000000000     0.0001933297     -0.0032803703
373     0.0000000000     0.0000000000     16.7916679211     0.0000000000     0.0001770582     -0.0032760141
374     0.0000000000     0.0000000000     16.7916679211     0.0000000000     0.0001598985     -0.0032724530
375     0.0000000000     0.0000000000     16.7916679211     0.0000000000     0.0001443239     -0.0032701982
376     0.0000000000     0.0000000000     16.7916679211     0.0000000000     0.0001286976     -0.0032695912
377     0.0000000000     0.0000000000     16.7916679211     0.0000000000     0.0001119772     -0.0032719728
378     0.0000000000     0.0000000000     16.7916679211     0.0000000000     0.0000943820     -0.0032704517
379     0.0000000000     0.0000000000     16.7916679211     0.0000000000     0.0000788274     -0.0032649798
380     0.0000000000     0.0000000000     16.7916679211     0.0000000000     0.0000631217     -0.0032608021
381     0.0000000000     0.0000000000     16.7916679211     0.0000000000     0.0000471865     -0.0032546996
382     0.0000000000     0.0000000000     16.7916679211     0.0000000000     0.0000333624     -0.0032487035
383     0.0000000000     0.0000000000     16.7916679211     0.0000000000     0.0000170774     -0.0032458421
384     0.0000000000     0.0000000000     16.7916679211     0.0000000000     -0.0000005949     -0.0032449123
385     0.0000000000     0.0000000000     16.7916679211     0.0000000000     -0.0000154281     -0.0032430967
386     0.0000000000     0.0000000000     16.7916679211     0.0000000000     -0.0000271101     -0.0032392532
387     0.0000000000     0.0000000000     16.7916679211     0.0000000000     -0.0000378364     -0.0032363939
388     0.0000000000     0.0000000000     16.7916679211     0.0000000000     -0.0000480746     -0.0032338275
389     0.0000000000     0.0000000000     16.7916679211     0.0000000000     -0.0000571670     -0.0032337640
390     0.0000000000     0.0000000000     16.7916679211     0.0000000000     -0.0000656546     -0.0032390513
