1     0.0000000000     0.0000000000     -20.4734126853     0.0000000000     0.0003319901     -0.0052424868
2     0.0000000000     0.0000000000     -20.4734126853     0.0000000000     0.0003247703     -0.0052420577
3     0.0000000000     0.0000000000     -20.4734126853     0.0000000000     0.0003153155     -0.0052398574
4     0.0000000000     0.0000000000     -20.4734126853     0.0000000000     0.0003044105     -0.0052376155
5     0.0000000000     0.0000000000     -20.4734126853     0.0000000000     0.0002920383     -0.0052355237
6     0.0000000000     0.0000000000     -20.4734126853     0.0000000000     0.0002781934     -0.0052335881
7     0.0000000000     0.0000000000     -20.4734126853     0.0000000000     0.0002630096     -0.0052315901
8     0.0000000000     0.0000000000     -20.4734126853     0.0000000000     0.0002466912     -0.0052292603
9     0.0000000000     0.0000000000     -20.4734126853     0.0000000000     0.0002294568     -0.0052268065
10     0.0000000000     0.0000000000     -20.4734126853     0.0000000000     0.0002114461     -0.0052247510
11     0.0000000000     0.0000000000     -20.4734126853     0.0000000000     0.0001927287     -0.0052230040
12     0.0000000000     0.0000000000     -20.4734126853     0.0000000000     0.0001734841     -0.0052210812
13     0.0000000000     0.0000000000     -20.4734126853     0.0000000000     0.0001539887     -0.0052189981
14     0.0000000000     0.0000000000     -20.4734126853     0.0000000000     0.0001345408     -0.0052170090
15     0.0000000000     0.0000000000     -20.4734126853     0.0000000000     0.0001153819     -0.0052152412
16     0.0000000000     0.0000000000     -20.4734126853     0.0000000000     0.0000965490     -0.0052137702
17     0.0000000000     0.0000000000     -20.4734126853     0.0000000000     0.0000779405     -0.0052126002
18     0.0000000000     0.0000000000     -20.4734126853     0.0000000000     0.0000594794     -0.0052116064
19     0.0000000000     0.0000000000     -20.4734126853     0.0000000000     0.0000412186     -0.0052106729
20     0.0000000000     0.0000000000     -20.4734126853     0.0000000000     0.0000233206     -0.0052097156
21     0.0000000000     0.0000000000     -20.4734126853     0.0000000000     0.0000060129     -0.0052084480
22     0.0000000000     0.0000000000     -20.4734126853     0.0000000000     -0.0000104285     -0.0052064634
23     0.0000000000     0.0000000000     -20.4734126853     0.0000000000     -0.0000257893     -0.0052036115
24     0.0000000000     0.0000000000     -20.4734126853     0.0000000000     -0.0000400694     -0.0052002573
25     0.0000000000     0.0000000000     -20.4734126853     0.0000000000     -0.0000534670     -0.0051968376
26     0.0000000000     0.0000000000     -20.4734126853     0.0000000000     -0.0000661549     -0.0051937477
27     0.0000000000     0.0000000000     0.0000000000     0.0000000000     0.0003331219     -0.0051605206
28     0.0000000000     0.0000000000     0.0000000000     0.0000000000     0.0003266856     -0.0051601579
29     0.0000000000     0.0000000000     0.0000000000     0.0000000000     0.0003173725     -0.0051579105
30     0.0000000000     0.0000000000     0.0000000000     0.0000000000     0.0003066132     -0.0051554907
31     0.0000000000     0.0000000000     0.0000000000     0.0000000000     0.0002942090     -0.0051532387
32     0.0000000000     0.0000000000     0.0000000000     0.0000000000     0.0002801119     -0.0051511482
33     0.0000000000     0.0000000000     0.0000000000     0.0000000000     0.0002645768     -0.0051490196
34     0.0000000000     0.0000000000     0.0000000000     0.0000000000     0.0002478593     -0.0051461560
35     0.0000000000     0.0000000000     0.0000000000     0.0000000000     0.0002302827     -0.0051428358
36     0.0000000000     0.0000000000     0.0000000000     0.0000000000     0.0002119907     -0.0051404934
37     0.0000000000     0.0000000000     0.0000000000     0.0000000000     0.0001927990     -0.0051388857
38     0.0000000000     0.0000000000     0.0000000000     0.0000000000     0.0001729507     -0.0051366828
39     0.0000000000     0.0000000000     0.0000000000     0.0000000000     0.0001528599     -0.0051343292
40     0.0000000000     0.0000000000     0.0000000000     0.0000000000     0.0001328923     -0.0051322178
41     0.0000000000     0.0000000000     0.0000000000     0.0000000000     0.0001134278     -0.0051302875
42     0.0000000000     0.0000000000     0.0000000000     0.0000000000     0.0000943560     -0.0051286963
43     0.0000000000     0.0000000000     0.0000000000     0.0000000000     0.0000754166     -0.0051275361
44     0.0000000000     0.0000000000     0.0000000000     0.0000000000     0.0000564541     -0.0051265151
45     0.0000000000     0.0000000000     0.0000000000     0.0000000000     0.0000375941     -0.0051254413
46     0.0000000000     0.0000000000     0.0000000000     0.0000000000     0.0000191028     -0.0051245249
47     0.0000000000     0.0000000000     0.0000000000     0.0000000000     0.0000012692     -0.0051233474
48     0.0000000000     0.0000000000     0.0000000000     0.0000000000     -0.0000154777     -0.0051212492
49     0.0000000000     0.0000000000     0.0000000000     0.0000000000     -0.0000308103     -0.0051178521
50     0.0000000000     0.0000000000     0.0000000000     0.0000000000     -0.0000447582     -0.0051142826
51     0.0000000000     0.0000000000     0.0000000000     0.0000000000     -0.0000578209     -0.0051110828
52     0.0000000000     0.0000000000     0.0000000000     0.0000000000     -0.0000701610     -0.0051081898
53     0.0000000000     0.0000000000     0.0000000000     0.0000000000     0.0003341042     -0.0050787672
54     0.0000000000     0.0000000000     0.0000000000     0.0000000000     0.0003284091     -0.0050785547
55     0.0000000000     0.0000000000     0.0000000000     0.0000000000     0.0003192509     -0.0050766620
56     0.0000000000     0.0000000000     0.0000000000     0.0000000000     0.0003085880     -0.0050742193
57     0.0000000000     0.0000000000     0.0000000000     0.0000000000     0.0002961054     -0.0050718555
58     0.0000000000     0.0000000000     0.0000000000     0.0000000000     0.0002816069     -0.0050691388
59     0.0000000000     0.0000000000     0.0000000000     0.0000000000     0.0002657504     -0.0050665157
60     0.0000000000     0.0000000000     0.0000000000     0.0000000000     0.0002486478     -0.0050631380
61     0.0000000000     0.0000000000     0.0000000000     0.0000000000     0.0002308189     -0.0050588296
62     0.0000000000     0.0000000000     0.0000000000     0.0000000000     0.0002125742     -0.0050559729
63     0.0000000000     0.0000000000     0.0000000000     0.0000000000     0.0001928982     -0.0050543064
64     0.0000000000     0.0000000000     0.0000000000     0.0000000000     0.0001723248     -0.0050514772
65     0.0000000000     0.0000000000     0.0000000000     0.0000000000     0.0001517110     -0.0050494051
66     0.0000000000     0.0000000000     0.0000000000     0.0000000000     0.0001313669     -0.0050475305
67     0.0000000000     0.0000000000     0.0000000000     0.0000000000     0.0001118586     -0.0050452902
68     0.0000000000     0.0000000000     0.0000000000     0.0000000000     0.0000925930     -0.0050435131
69     0.0000000000     0.0000000000     0.0000000000     0.0000000000     0.0000731974     -0.0050424432
70     0.0000000000     0.0000000000     0.0000000000     0.0000000000     0.0000534949     -0.0050413721
71     0.0000000000     0.0000000000     0.0000000000     0.0000000000     0.0000338291     -0.0050397970
72     0.0000000000     0.0000000000     0.0000000000     0.0000000000     0.0000145845     -0.0050387435
73     0.0000000000     0.0000000000     0.0000000000     0.0000000000     -0.0000038759     -0.0050372798
74     0.0000000000     0.0000000000     0.0000000000     0.0000000000     -0.0000208035     -0.0050347669
75     0.0000000000     0.0000000000     0.0000000000     0.0000000000     -0.0000359440     -0.0050299228
76     0.0000000000     0.0000000000     0.0000000000     0.0000000000     -0.0000492970     -0.0050263629
77     0.0000000000     0.0000000000     0.0000000000     0.0000000000     -0.0000620331     -0.0050248810
78     0.0000000000     0.0000000000     0.0000000000     0.0000000000     -0.0000739415     -0.0050229574
79     0.0000000000     0.0000000000     0.0000000000     0.0000000000     0.0003350202     -0.0049968213
80     0.0000000000     0.0000000000     0.0000000000     0.0000000000     0.0003300230     -0.0049967807
81     0.0000000000     0.0000000000     0.0000000000     0.0000000000     0.0003207698     -0.0049962460
82     0.0000000000     0.0000000000     0.0000000000     0.0000000000     0.0003101088     -0.0049934257
83     0.0000000000     0.0000000000     0.0000000000     0.0000000000     0.0002975034     -0.0049906742
84     0.0000000000     0.0000000000     0.0000000000     0.0000000000     0.0002825636     -0.0049871308
85     0.0000000000     0.0000000000     0.0000000000     0.0000000000     0.0002666524     -0.0049830014
86     0.0000000000     0.0000000000     0.0000000000     0.0000000000     0.0002493753     -0.0049800925
87     0.0000000000     0.0000000000     0.0000000000     0.0000000000     0.0002313364     -0.0049770650
88     0.0000000000     0.0000000000     0.0000000000     0.0000000000     0.0002130413     -0.0049732421
89     0.0000000000     0.0000000000     0.0000000000     0.0000000000     0.0001926441     -0.0049694113
90     0.0000000000     0.0000000000     0.0000000000     0.0000000000     0.0001711198     -0.0049665068
91     0.0000000000     0.0000000000     0.0000000000     0.0000000000     0.0001502658     -0.0049657925
92     0.0000000000     0.0000000000     0.0000000000     0.0000000000     0.0001303592     -0.0049639115
93     0.0000000000     0.0000000000     0.0000000000     0.0000000000     0.0001111284     -0.0049605198
94     0.0000000000     0.0000000000     0.0000000000     0.0000000000     0.0000916649     -0.0049586937
95     0.0000000000     0.0000000000     0.0000000000     0.0000000000     0.0000712295     -0.0049579544
96     0.0000000000     0.0000000000     0.0000000000     0.0000000000     0.0000502166     -0.0049565521
97     0.0000000000     0.0000000000     0.0000000000     0.0000000000     0.0000296298     -0.0049546354
98     0.0000000000     0.0000000000     0.0000000000     0.0000000000     0.0000094265     -0.0049527339
99     0.0000000000     0.0000000000     0.0000000000     0.0000000000     -0.0000095184     -0.0049505477
100     0.0000000000     0.0000000000     0.0000000000     0.0000000000     -0.0000262394     -0.0049471070
101     0.0000000000     0.0000000000     0.0000000000     0.0000000000     -0.0000407491     -0.0049405524
102     0.0000000000     0.0000000000     0.0000000000     0.0000000000     -0.0000535678     -0.0049373673
103     0.0000000000     0.0000000000     0.0000000000     0.0000000000     -0.0000657310     -0.0049393305
104     0.0000000000     0.0000000000     0.0000000000     0.0000000000     -0.0000772092     -0.0049405453
105     0.0000000000     0.0000000000     0.0000000000     0.0000000000     0.0003351205     -0.0049165765
106     0.0000000000     0.0000000000     0.0000000000     0.0000000000     0.0003307276     -0.0049165448
107     0.0000000000     0.0000000000     0.0000000000     0.0000000000     0.0003212061     -0.0049143166
108     0.0000000000     0.0000000000     0.0000000000     0.0000000000     0.0003109416     -0.0049095015
109     0.0000000000     0.0000000000     0.0000000000     0.0000000000     0.0002986118     -0.0049042160
110     0.0000000000     0.0000000000     0.0000000000     0.0000000000     0.0002840351     -0.0049009762
111     0.0000000000     0.0000000000     0.0000000000     0.0000000000     0.0002684334     -0.0049000559
112     0.0000000000     0.0000000000     0.0000000000     0.0000000000     0.0002518604     -0.0049000760
113     0.0000000000     0.0000000000     0.0000000000     0.0000000000     0.0002335975     -0.0048974255
114     0.0000000000     0.0000000000     0.0000000000     0.0000000000     0.0002126918     -0.0048937033
115     0.0000000000     0.0000000000     0.0000000000     0.0000000000     0.0001900120     -0.0048913819
116     0.0000000000     0.0000000000     0.0000000000     0.0000000000     0.0001685536     -0.0048883632
117     0.0000000000     0.0000000000     0.0000000000     0.0000000000     0.0001489753     -0.0048848411
118     0.0000000000     0.0000000000     0.0000000000     0.0000000000     0.0001296486     -0.0048806763
119     0.0000000000     0.0000000000     0.0000000000     0.0000000000     0.0001109163     -0.0048762324
120     0.0000000000     0.0000000000     0.0000000000     0.0000000000     0.0000911441     -0.0048743801
121     0.0000000000     0.0000000000     0.0000000000     0.0000000000     0.0000688275     -0.0048744454
122     0.0000000000     0.0000000000     0.0000000000     0.0000000000     0.0000456426     -0.0048729665
123     0.0000000000     0.0000000000     0.0000000000     0.0000000000     0.0000241700     -0.0048715903
124     0.0000000000     0.0000000000     0.0000000000     0.0000000000     0.0000039685     -0.0048682189
125     0.0000000000     0.0000000000     0.0000000000     0.0000000000     -0.0000144167     -0.0048647119
126     0.0000000000     0.0000000000     0.0000000000     0.0000000000     -0.0000311054     -0.0048614899
127     0.0000000000     0.0000000000     0.0000000000     0.0000000000     -0.0000452740     -0.0048581136
128     0.0000000000     0.0000000000     0.0000000000     0.0000000000     -0.0000571259     -0.0048567810
129     0.0000000000     0.0000000000     0.0000000000     0.0000000000     -0.0000679810     -0.0048592989
130     0.0000000000     0.0000000000     0.0000000000     0.0000000000     -0.0000788374     -0.0048592274
131     0.0000000000     0.0000000000     0.0000000000     0.0000000000     0.0003340821     -0.0048321147
132     0.0000000000     0.0000000000     0.0000000000     0.0000000000     0.0003302762     -0.0048320359
133     0.0000000000     0.0000000000     0.0000000000     0.0000000000     0.0003209673     -0.0048292502
134     0.0000000000     0.0000000000     0.0000000000     0.0000000000     0.0003113859     -0.0048260852
135     0.0000000000     0.0000000000     0.0000000000     0.0000000000     0.0002994607     -0.0048230863
136     0.0000000000     0.0000000000     0.0000000000     0.0000000000     0.0002850558     -0.0048182210
137     0.0000000000     0.0000000000     0.0000000000     0.0000000000     0.0002695301     -0.0048153446
138     0.0000000000     0.0000000000     0.0000000000     0.0000000000     0.0002537854     -0.0048147463
139     0.0000000000     0.0000000000     0.0000000000     0.0000000000     0.0002354320     -0.0048120231
140     0.0000000000     0.0000000000     0.0000000000     0.0000000000     0.0002124988     -0.0048110412
141     0.0000000000     0.0000000000     0.0000000000     0.0000000000     0.0001881313     -0.0048090026
142     0.0000000000     0.0000000000     0.0000000000     0.0000000000     0.0001668253     -0.0048026230
143     0.0000000000     0.0000000000     0.0000000000     0.0000000000     0.0001485371     -0.0047967876
144     0.0000000000     0.0000000000     0.0000000000     0.0000000000     0.0001301059     -0.0047924284
145     0.0000000000     0.0000000000     0.0000000000     0.0000000000     0.0001101595     -0.0047902247
146     0.0000000000     0.0000000000     0.0000000000     0.0000000000     0.0000876839     -0.0047883492
147     0.0000000000     0.0000000000     0.0000000000     0.0000000000     0.0000639640     -0.0047882918
148     0.0000000000     0.0000000000     0.0000000000     0.0000000000     0.0000413796     -0.0047887885
149     0.0000000000     0.0000000000     0.0000000000     0.0000000000     0.0000198303     -0.0047904171
150     0.0000000000     0.0000000000     0.0000000000     0.0000000000     -0.0000003393     -0.0047889407
151     0.0000000000     0.0000000000     0.0000000000     0.0000000000     -0.0000179369     -0.0047812091
152     0.0000000000     0.0000000000     0.0000000000     0.0000000000     -0.0000340721     -0.0047751182
153     0.0000000000     0.0000000000     0.0000000000     0.0000000000     -0.0000480706     -0.0047748464
154     0.0000000000     0.0000000000     0.0000000000     0.0000000000     -0.0000597374     -0.0047764751
155     0.0000000000     0.0000000000     0.0000000000     0.0000000000     -0.0000702455     -0.0047764042
156     0.0000000000     0.0000000000     0.0000000000     0.0000000000     -0.0000810765     -0.0047748744
157     0.0000000000     0.0000000000     0.0000000000     0.0000000000     0.0003329076     -0.0047458237
158     0.0000000000     0.0000000000     0.0000000000     0.0000000000     0.0003297554     -0.0047459092
159     0.0000000000     0.0000000000     0.0000000000     0.0000000000     0.0003211193     -0.0047457324
160     0.0000000000     0.0000000000     0.0000000000     0.0000000000     0.0003114982     -0.0047458801
161     0.0000000000     0.0000000000     0.0000000000     0.0000000000     0.0002997918     -0.0047434955
162     0.0000000000     0.0000000000     0.0000000000     0.0000000000     0.0002854244     -0.0047356667
163     0.0000000000     0.0000000000     0.0000000000     0.0000000000     0.0002690650     -0.0047287333
164     0.0000000000     0.0000000000     0.0000000000     0.0000000000     0.0002521881     -0.0047278977
165     0.0000000000     0.0000000000     0.0000000000     0.0000000000     0.0002333940     -0.0047277477
166     0.0000000000     0.0000000000     0.0000000000     0.0000000000     0.0002114458     -0.0047256687
167     0.0000000000     0.0000000000     0.0000000000     0.0000000000     0.0001878876     -0.0047212609
168     0.0000000000     0.0000000000     0.0000000000     0.0000000000     0.0001661785     -0.0047157208
169     0.0000000000     0.0000000000     0.0000000000     0.0000000000     0.0001479105     -0.0047102554
170     0.0000000000     0.0000000000     0.0000000000     0.0000000000     0.0001296886     -0.0047078947
171     0.0000000000     0.0000000000     0.0000000000     0.0000000000     0.0001080424     -0.0047076874
172     0.0000000000     0.0000000000     0.0000000000     0.0000000000     0.0000832432     -0.0047056813
173     0.0000000000     0.0000000000     0.0000000000     0.0000000000     0.0000595000     -0.0047046653
174     0.0000000000     0.0000000000     0.0000000000     0.0000000000     0.0000393466     -0.0047056159
175     0.0000000000     0.0000000000     0.0000000000     0.0000000000     0.0000177503     -0.0047080258
176     0.0000000000     0.0000000000     0.0000000000     0.0000000000     -0.0000034624     -0.0047094842
177     0.0000000000     0.0000000000     0.0000000000     0.0000000000     -0.0000221598     -0.0047042430
178     0.0000000000     0.0000000000     0.0000000000     0.0000000000     -0.0000378278     -0.0047016739
179     0.0000000000     0.0000000000     0.0000000000     0.0000000000     -0.0000501059     -0.0047027941
180     0.0000000000     0.0000000000     0.0000000000     0.0000000000     -0.0000621704     -0.0046967444
181     0.0000000000     0.0000000000     0.0000000000     0.0000000000     -0.0000736437     -0.0046876846
182     0.0000000000     0.0000000000     0.0000000000     0.0000000000     -0.0000842943     -0.0046868976
183     0.0000000000     0.0000000000     0.0000000000     0.0000000000     0.0003325880     -0.0046627559
184     0.0000000000     0.0000000000     0.0000000000     0.0000000000     0.0003298291     -0.0046627536
185     0.0000000000     0.0000000000     0.0000000000     0.0000000000     0.0003211383     -0.0046618261
186     0.0000000000     0.0000000000     0.0000000000     0.0000000000     0.0003111197     -0.0046609120
187     0.0000000000     0.0000000000     0.0000000000     0.0000000000     0.0002988294     -0.0046562030
188     0.0000000000     0.0000000000     0.0000000000     0.0000000000     0.0002851285     -0.0046516657
189     0.0000000000     0.0000000000     0.0000000000     0.0000000000     0.0002699455     -0.0046476150
190     0.0000000000     0.0000000000     0.0000000000     0.0000000000     0.0002526441     -0.0046451521
191     0.0000000000     0.0000000000     0.0000000000     0.0000000000     0.0002312664     -0.0046440997
192     0.0000000000     0.0000000000     0.0000000000     0.0000000000     0.0002066880     -0.0046411415
193     0.0000000000     0.0000000000     0.0000000000     0.0000000000     0.0001844403     -0.0046382278
194     0.0000000000     0.0000000000     0.0000000000     0.0000000000     0.0001650941     -0.0046363107
195     0.0000000000     0.0000000000     0.0000000000     0.0000000000     0.0001463585     -0.0046300639
196     0.0000000000     0.0000000000     0.0000000000     0.0000000000     0.0001254141     -0.0046236163
197     0.0000000000     0.0000000000     0.0000000000     0.0000000000     0.0001031213     -0.0046211142
198     0.0000000000     0.0000000000     0.0000000000     0.0000000000     0.0000800483     -0.0046213713
199     0.0000000000     0.0000000000     0.0000000000     0.0000000000     0.0000583480     -0.0046215187
200     0.0000000000     0.0000000000     0.0000000000     0.0000000000     0.0000375238     -0.0046186912
201     0.0000000000     0.0000000000     0.0000000000     0.0000000000     0.0000157753     -0.0046180229
202     0.0000000000     0.0000000000     0.0000000000     0.0000000000     -0.0000045685     -0.0046223023
203     0.0000000000     0.0000000000     0.0000000000     0.0000000000     -0.0000240256     -0.0046241032
204     0.0000000000     0.0000000000     0.0000000000     0.0000000000     -0.0000404062     -0.0046221761
205     0.0000000000     0.0000000000     0.0000000000     0.0000000000     -0.0000521397     -0.0046181119
206     0.0000000000     0.0000000000     0.0000000000     0.0000000000     -0.0000645911     -0.0046098442
207     0.0000000000     0.0000000000     0.0000000000     0.0000000000     -0.0000777094     -0.0046068738
208     0.0000000000     0.0000000000     0.0000000000     0.0000000000     -0.0000872912     -0.0046075031
209     0.0000000000     0.0000000000     0.0000000000     0.0000000000     0.0003339010     -0.0045838886
210     0.0000000000     0.0000000000     0.0000000000     0.0000000000     0.0003312507     -0.0045832420
211     0.0000000000     0.0000000000     0.0000000000     0.0000000000     0.0003218782     -0.0045788785
212     0.0000000000     0.0000000000     0.0000000000     0.0000000000     0.0003115431     -0.0045774594
213     0.0000000000     0.0000000000     0.0000000000     0.0000000000     0.0002995500     -0.0045786861
214     0.0000000000     0.0000000000     0.0000000000     0.0000000000     0.0002854299     -0.0045761100
215     0.0000000000     0.0000000000     0.0000000000     0.0000000000     0.0002690587     -0.0045718500
216     0.0000000000     0.0000000000     0.0000000000     0.0000000000     0.0002503157     -0.0045667571
217     0.0000000000     0.0000000000     0.0000000000     0.0000000000     0.0002282477     -0.0045620990
218     0.0000000000     0.0000000000     0.0000000000     0.0000000000     0.0002044486     -0.0045606560
219     0.0000000000     0.0000000000     0.0000000000     0.0000000000     0.0001836314     -0.0045555679
220     0.0000000000     0.0000000000     0.0000000000     0.0000000000     0.0001643270     -0.0045471616
221     0.0000000000     0.0000000000     0.0000000000     0.0000000000     0.0001429434     -0.0045408662
222     0.0000000000     0.0000000000     0.0000000000     0.0000000000     0.0001188785     -0.0045381664
223     0.0000000000     0.0000000000     0.0000000000     0.0000000000     0.0000974010     -0.0045360048
224     0.0000000000     0.0000000000     0.0000000000     0.0000000000     0.0000783081     -0.0045342399
225     0.0000000000     0.0000000000     0.0000000000     0.0000000000     0.0000597983     -0.0045325587
226     0.0000000000     0.0000000000     0.0000000000     0.0000000000     0.0000375948     -0.0045295827
227     0.0000000000     0.0000000000     0.0000000000     0.0000000000     0.0000127701     -0.0045265498
228     0.0000000000     0.0000000000     0.0000000000     0.0000000000     -0.0000070197     -0.0045256956
229     0.0000000000     0.0000000000     0.0000000000     0.0000000000     -0.0000248936     -0.0045275923
230     0.0000000000     0.0000000000     0.0000000000     0.0000000000     -0.0000396747     -0.0045290052
231     0.0000000000     0.0000000000     0.0000000000     0.0000000000     -0.0000527266     -0.0045257408
232     0.0000000000     0.0000000000     0.0000000000     0.0000000000     -0.0000674089     -0.0045236239
233     0.0000000000     0.0000000000     0.0000000000     0.0000000000     -0.0000794085     -0.0045265676
234     0.0000000000     0.0000000000     0.0000000000     0.0000000000     -0.0000885978     -0.0045228832
235     0.0000000000     0.0000000000     0.0000000000     0.0000000000     0.0003344266     -0.0045039334
236     0.0000000000     0.0000000000     0.0000000000     0.0000000000     0.0003322796     -0.0045032761
237     0.0000000000     0.0000000000     0.0000000000     0.0000000000     0.0003240856     -0.0044992497
238     0.0000000000     0.0000000000     0.0000000000     0.0000000000     0.0003117187     -0.0044969038
239     0.0000000000     0.0000000000     0.0000000000     0.0000000000     0.0002975380     -0.0044956626
240     0.0000000000     0.0000000000     0.0000000000     0.0000000000     0.0002832071     -0.0044897278
241     0.0000000000     0.0000000000     0.0000000000     0.0000000000     0.0002656455     -0.0044836456
242     0.0000000000     0.0000000000     0.0000000000     0.0000000000     0.0002464472     -0.0044807619
243     0.0000000000     0.0000000000     0.0000000000     0.0000000000     0.0002258564     -0.0044770545
244     0.0000000000     0.0000000000     0.0000000000     0.0000000000     0.0002047139     -0.0044749764
245     0.0000000000     0.0000000000     0.0000000000     0.0000000000     0.0001836387     -0.0044734583
246     0.0000000000     0.0000000000     0.0000000000     0.0000000000     0.0001621076     -0.0044671663
247     0.0000000000     0.0000000000     0.0000000000     0.0000000000     0.0001387325     -0.0044608238
248     0.0000000000     0.0000000000     0.0000000000     0.0000000000     0.0001138070     -0.0044593445
249     0.0000000000     0.0000000000     0.0000000000     0.0000000000     0.0000928720     -0.0044594151
250     0.0000000000     0.0000000000     0.0000000000     0.0000000000     0.0000754302     -0.0044555230
251     0.0000000000     0.0000000000     0.0000000000     0.0000000000     0.0000589982     -0.0044490983
252     0.0000000000     0.0000000000     0.0000000000     0.0000000000     0.0000366258     -0.0044430516
253     0.0000000000     0.0000000000     0.0000000000     0.0000000000     0.0000114746     -0.0044361296
254     0.0000000000     0.0000000000     0.0000000000     0.0000000000     -0.0000088533     -0.0044349071
255     0.0000000000     0.0000000000     0.0000000000     0.0000000000     -0.0000257085     -0.0044367786
256     0.0000000000     0.0000000000     0.0000000000     0.0000000000     -0.0000388827     -0.0044380071
257     0.0000000000     0.0000000000     0.0000000000     0.0000000000     -0.0000528534     -0.0044412035
258     0.0000000000     0.0000000000     0.0000000000     0.0000000000     -0.0000684522     -0.0044414259
259     0.0000000000     0.0000000000     0.0000000000     0.0000000000     -0.0000806019     -0.0044353057
260     0.0000000000     0.0000000000     0.0000000000     0.0000000000     -0.0000908158     -0.0044285745
261     0.0000000000     0.0000000000     0.0000000000     0.0000000000     0.0003282496     -0.0044225903
262     0.0000000000     0.0000000000     0.0000000000     0.0000000000     0.0003259710     -0.0044216694
263     0.0000000000     0.0000000000     0.0000000000     0.0000000000     0.0003183525     -0.0044140242
264     0.0000000000     0.0000000000     0.0000000000     0.0000000000     0.0003076394     -0.0044059278
265     0.0000000000     0.0000000000     0.0000000000     0.0000000000     0.0002939976     -0.0043989988
266     0.0000000000     0.0000000000     0.0000000000     0.0000000000     0.0002802015     -0.0043960163
267     0.0000000000     0.0000000000     0.0000000000     0.0000000000     0.0002612686     -0.0043963773
268     0.0000000000     0.0000000000     0.0000000000     0.0000000000     0.0002403887     -0.0043978663
269     0.0000000000     0.0000000000     0.0000000000     0.0000000000     0.0002222064     -0.0043948803
270     0.0000000000     0.0000000000     0.0000000000     0.0000000000     0.0002038173     -0.0043878849
271     0.0000000000     0.0000000000     0.0000000000     0.0000000000     0.0001817790     -0.0043869603
272     0.0000000000     0.0000000000     0.0000000000     0.0000000000     0.0001593326     -0.0043849021
273     0.0000000000     0.0000000000     0.0000000000     0.0000000000     0.0001390984     -0.0043801829
274     0.0000000000     0.0000000000     0.0000000000     0.0000000000     0.0001151517     -0.0043798951
275     0.0000000000     0.0000000000     0.0000000000     0.0000000000     0.0000921370     -0.0043815196
276     0.0000000000     0.0000000000     0.0000000000     0.0000000000     0.0000717992     -0.0043786943
277     0.0000000000     0.0000000000     0.0000000000     0.0000000000     0.0000518668     -0.0043713311
278     0.0000000000     0.0000000000     0.0000000000     0.0000000000     0.0000322473     -0.0043645317
279     0.0000000000     0.0000000000     0.0000000000     0.0000000000     0.0000130518     -0.0043601416
280     0.0000000000     0.0000000000     0.0000000000     0.0000000000     -0.0000053597     -0.0043593644
281     0.0000000000     0.0000000000     0.0000000000     0.0000000000     -0.0000229455     -0.0043576608
282     0.0000000000     0.0000000000     0.0000000000     0.0000000000     -0.0000393155     -0.0043565924
283     0.0000000000     0.0000000000     0.0000000000     0.0000000000     -0.0000551363     -0.0043559094
284     0.0000000000     0.0000000000     0.0000000000     0.0000000000     -0.0000694780     -0.0043487949
285     0.0000000000     0.0000000000     0.0000000000     0.0000000000     -0.0000810457     -0.0043387119
286     0.0000000000     0.0000000000     0.0000000000     0.0000000000     -0.0000911189     -0.0043402979
287     0.0000000000     0.0000000000     0.0000000000     0.0000000000     0.0003251417     -0.0043362344
288     0.0000000000     0.0000000000     0.0000000000     0.0000000000     0.0003230935     -0.0043347855
289     0.0000000000     0.0000000000     0.0000000000     0.0000000000     0.0003164444     -0.0043296856
290     0.0000000000     0.0000000000     0.0000000000     0.0000000000     0.0003069983     -0.0043250862
291     0.0000000000     0.0000000000     0.0000000000     0.0000000000     0.0002921118     -0.0043180311
292     0.0000000000     0.0000000000     0.0000000000     0.0000000000     0.0002758395     -0.0043165175
293     0.0000000000     0.0000000000     0.0000000000     0.0000000000     0.0002579398     -0.0043176433
294     0.0000000000     0.0000000000     0.0000000000     0.0000000000     0.0002387622     -0.0043171959
295     0.0000000000     0.0000000000     0.0000000000     0.0000000000     0.0002195039     -0.0043162586
296     0.0000000000     0.0000000000     0.0000000000     0.0000000000     0.0001992105     -0.0043134927
297     0.0000000000     0.0000000000     0.0000000000     0.0000000000     0.0001785413     -0.0043098736
298     0.0000000000     0.0000000000     0.0000000000     0.0000000000     0.0001579115     -0.0043068786
299     0.0000000000     0.0000000000     0.0000000000     0.0000000000     0.0001392270     -0.0043040244
300     0.0000000000     0.0000000000     0.0000000000     0.0000000000     0.0001165898     -0.0043015532
301     0.0000000000     0.0000000000     0.0000000000     0.0000000000     0.0000938068     -0.0043001115
302     0.0000000000     0.0000000000     0.0000000000     0.0000000000     0.0000732027     -0.0043002864
303     0.0000000000     0.0000000000     0.0000000000     0.0000000000     0.0000507746     -0.0042961213
304     0.0000000000     0.0000000000     0.0000000000     0.0000000000     0.0000304544     -0.0042903223
305     0.0000000000     0.0000000000     0.0000000000     0.0000000000     0.0000120339     -0.0042895111
306     0.0000000000     0.0000000000     0.0000000000     0.0000000000     -0.0000051594     -0.0042844493
307     0.0000000000     0.0000000000     0.0000000000     0.0000000000     -0.0000228386     -0.0042748693
308     0.0000000000     0.0000000000     0.0000000000     0.0000000000     -0.0000411654     -0.0042707216
309     0.0000000000     0.0000000000     0.0000000000     0.0000000000     -0.0000567877     -0.0042682946
310     0.0000000000     0.0000000000     0.0000000000     0.0000000000     -0.0000691589     -0.0042635235
311     0.0000000000     0.0000000000     0.0000000000     0.0000000000     -0.0000795735     -0.0042578504
312     0.0000000000     0.0000000000     0.0000000000     0.0000000000     -0.0000898294     -0.0042603017
313     0.0000000000     0.0000000000     0.0000000000     0.0000000000     0.0003252371     -0.0042522001
314     0.0000000000     0.0000000000     0.0000000000     0.0000000000     0.0003234591     -0.0042507147
315     0.0000000000     0.0000000000     0.0000000000     0.0000000000     0.0003168635     -0.0042467632
316     0.0000000000     0.0000000000     0.0000000000     0.0000000000     0.0003060735     -0.0042435885
317     0.0000000000     0.0000000000     0.0000000000     0.0000000000     0.0002894130     -0.0042385677
318     0.0000000000     0.0000000000     0.0000000000     0.0000000000     0.0002712085     -0.0042336529
319     0.0000000000     0.0000000000     0.0000000000     0.0000000000     0.0002550568     -0.0042301781
320     0.0000000000     0.0000000000     0.0000000000     0.0000000000     0.0002390764     -0.0042273855
321     0.0000000000     0.0000000000     0.0000000000     0.0000000000     0.0002191461     -0.0042254656
322     0.0000000000     0.0000000000     0.0000000000     0.0000000000     0.0001994058     -0.0042287778
323     0.0000000000     0.0000000000     0.0000000000     0.0000000000     0.0001823898     -0.0042284199
324     0.0000000000     0.0000000000     0.0000000000     0.0000000000     0.0001606431     -0.0042197534
325     0.0000000000     0.0000000000     0.0000000000     0.0000000000     0.0001361483     -0.0042143310
326     0.0000000000     0.0000000000     0.0000000000     0.0000000000     0.0001131334     -0.0042116160
327     0.0000000000     0.0000000000     0.0000000000     0.0000000000     0.0000920585     -0.0042123072
328     0.0000000000     0.0000000000     0.0000000000     0.0000000000     0.0000727254     -0.0042137453
329     0.0000000000     0.0000000000     0.0000000000     0.0000000000     0.0000509547     -0.0042095655
330     0.0000000000     0.0000000000     0.0000000000     0.0000000000     0.0000302239     -0.0042060617
331     0.0000000000     0.0000000000     0.0000000000     0.0000000000     0.0000106205     -0.0042052057
332     0.0000000000     0.0000000000     0.0000000000     0.0000000000     -0.0000092404     -0.0041996035
333     0.0000000000     0.0000000000     0.0000000000     0.0000000000     -0.0000259866     -0.0041925201
334     0.0000000000     0.0000000000     0.0000000000     0.0000000000     -0.0000426447     -0.0041874283
335     0.0000000000     0.0000000000     0.0000000000     0.0000000000     -0.0000583367     -0.0041858892
336     0.0000000000     0.0000000000     0.0000000000     0.0000000000     -0.0000702895     -0.0041861900
337     0.0000000000     0.0000000000     0.0000000000     0.0000000000     -0.0000800146     -0.0041822366
338     0.0000000000     0.0000000000     0.0000000000     0.0000000000     -0.0000893226     -0.0041822658
339     0.0000000000     0.0000000000     0.0000000000     0.0000000000     0.0003218104     -0.0041762921
340     0.0000000000     0.0000000000     0.0000000000     0.0000000000     0.0003196378     -0.0041741392
341     0.0000000000     0.0000000000     0.0000000000     0.0000000000     0.0003117649     -0.0041640359
342     0.0000000000     0.0000000000     0.0000000000     0.0000000000     0.0003013678     -0.0041563825
343     0.0000000000     0.0000000000     0.0000000000     0.0000000000     0.0002867795     -0.0041546655
344     0.0000000000     0.0000000000     0.0000000000     0.0000000000     0.0002701146     -0.0041521161
345     0.0000000000     0.0000000000     0.0000000000     0.0000000000     0.0002529731     -0.0041496917
346     0.0000000000     0.0000000000     0.0000000000     0.0000000000     0.0002354232     -0.0041462648
347     0.0000000000     0.0000000000     0.0000000000     0.0000000000     0.0002163746     -0.0041414680
348     0.0000000000     0.0000000000     0.0000000000     0.0000000000     0.0001986982     -0.0041413420
349     0.0000000000     0.0000000000     0.0000000000     0.0000000000     0.0001815696     -0.0041387364
350     0.0000000000     0.0000000000     0.0000000000     0.0000000000     0.0001568232     -0.0041309655
351     0.0000000000     0.0000000000     0.0000000000     0.0000000000     0.0001317512     -0.0041284314
352     0.0000000000     0.0000000000     0.0000000000     0.0000000000     0.0001106294     -0.0041282100
353     0.0000000000     0.0000000000     0.0000000000     0.0000000000     0.0000917732     -0.0041266250
354     0.0000000000     0.0000000000     0.0000000000     0.0000000000     0.0000713066     -0.0041226453
355     0.0000000000     0.0000000000     0.0000000000     0.0000000000     0.0000494299     -0.0041184604
356     0.0000000000     0.0000000000     0.0000000000     0.0000000000     0.0000304020     -0.0041193543
357     0.0000000000     0.0000000000     0.0000000000     0.0000000000     0.0000109359     -0.0041209015
358     0.0000000000     0.0000000000     0.0000000000     0.0000000000     -0.0000097016     -0.0041196135
359     0.0000000000     0.0000000000     0.0000000000     0.0000000000     -0.0000276578     -0.0041146206
360     0.0000000000     0.0000000000     0.0000000000     0.0000000000     -0.0000436114     -0.0041053055
361     0.0000000000     0.0000000000     0.0000000000     0.0000000000     -0.0000595060     -0.0040977667
362     0.0000000000     0.0000000000     0.0000000000     0.0000000000     -0.0000734206     -0.0040983570
363     0.0000000000     0.0000000000     0.0000000000     0.0000000000     -0.0000842143     -0.0041033823
364     0.0000000000     0.0000000000     0.0000000000     0.0000000000     -0.0000930367     -0.0041088343
365     0.0000000000     0.0000000000     20.4734126853     0.0000000000     0.0003178671     -0.0040937268
366     0.0000000000     0.0000000000     20.4734126853     0.0000000000     0.0003156726     -0.0040933463
367     0.0000000000     0.0000000000     20.4734126853     0.0000000000     0.0003074641     -0.0040883677
368     0.0000000000     0.0000000000     20.4734126853     0.0000000000     0.0002974230     -0.0040812886
369     0.0000000000     0.0000000000     20.4734126853     0.0000000000     0.0002849199     -0.0040782009
370     0.0000000000     0.0000000000     20.4734126853     0.0000000000     0.0002704843     -0.0040725577
371     0.0000000000     0.0000000000     20.4734126853     0.0000000000     0.0002528129     -0.0040679876
372     0.0000000000     0.0000000000     20.4734126853     0.0000000000     0.0002336350     -0.0040642487
373     0.0000000000     0.0000000000     20.4734126853     0.0000000000     0.0002127059     -0.0040595120
374     0.0000000000     0.0000000000     20.4734126853     0.0000000000     0.0001908995     -0.0040562366
375     0.0000000000     0.0000000000     20.4734126853     0.0000000000     0.0001713490     -0.0040545042
376     0.0000000000     0.0000000000     20.4734126853     0.0000000000     0.0001517093     -0.0040542266
377     0.0000000000     0.0000000000     20.4734126853     0.0000000000     0.0001307392     -0.0040566924
378     0.0000000000     0.0000000000     20.4734126853     0.0000000000     0.0001088544     -0.0040545435
379     0.0000000000     0.0000000000     20.4734126853     0.0000000000     0.0000892776     -0.0040481238
380     0.0000000000     0.0000000000     20.4734126853     0.0000000000     0.0000690571     -0.0040433539
381     0.0000000000     0.0000000000     20.4734126853     0.0000000000     0.0000484501     -0.0040367869
382     0.0000000000     0.0000000000     20.4734126853     0.0000000000     0.0000302760     -0.0040302249
383     0.0000000000     0.0000000000     20.4734126853     0.0000000000     0.0000093005     -0.0040268284
384     0.0000000000     0.0000000000     20.4734126853     0.0000000000     -0.0000132072     -0.0040258622
385     0.0000000000     0.0000000000     20.4734126853     0.0000000000     -0.0000322004     -0.0040243199
386     0.0000000000     0.0000000000     20.4734126853     0.0000000000     -0.0000470824     -0.0040204389
387     0.0000000000     0.0000000000     20.4734126853     0.0000000000     -0.0000608288     -0.0040172696
388     0.0000000000     0.0000000000     20.4734126853     0.0000000000     -0.0000742931     -0.0040143519
389     0.0000000000     0.0000000000     20.4734126853     0.0000000000     -0.0000864124     -0.0040146521
390     0.0000000000     0.0000000000     20.4734126853     0.0000000000     -0.0000963124     -0.0040214721
