1     0.0000000000     0.0000000000     -24.3619683169     0.0000000000     0.0004050077     -0.0062689010
2     0.0000000000     0.0000000000     -24.3619683169     0.0000000000     0.0003955141     -0.0062681951
3     0.0000000000     0.0000000000     -24.3619683169     0.0000000000     0.0003836436     -0.0062656579
4     0.0000000000     0.0000000000     -24.3619683169     0.0000000000     0.0003701704     -0.0062630673
5     0.0000000000     0.0000000000     -24.3619683169     0.0000000000     0.0003550764     -0.0062606219
6     0.0000000000     0.0000000000     -24.3619683169     0.0000000000     0.0003383593     -0.0062583294
7     0.0000000000     0.0000000000     -24.3619683169     0.0000000000     0.0003201597     -0.0062559664
8     0.0000000000     0.0000000000     -24.3619683169     0.0000000000     0.0003006916     -0.0062532573
9     0.0000000000     0.0000000000     -24.3619683169     0.0000000000     0.0002801852     -0.0062504167
10     0.0000000000     0.0000000000     -24.3619683169     0.0000000000     0.0002587940     -0.0062479825
11     0.0000000000     0.0000000000     -24.3619683169     0.0000000000     0.0002366038     -0.0062458641
12     0.0000000000     0.0000000000     -24.3619683169     0.0000000000     0.0002138099     -0.0062435653
13     0.0000000000     0.0000000000     -24.3619683169     0.0000000000     0.0001907037     -0.0062411037
14     0.0000000000     0.0000000000     -24.3619683169     0.0000000000     0.0001675983     -0.0062387420
15     0.0000000000     0.0000000000     -24.3619683169     0.0000000000     0.0001447497     -0.0062366125
16     0.0000000000     0.0000000000     -24.3619683169     0.0000000000     0.0001222106     -0.0062347938
17     0.0000000000     0.0000000000     -24.3619683169     0.0000000000     0.0000998953     -0.0062332911
18     0.0000000000     0.0000000000     -24.3619683169     0.0000000000     0.0000777415     -0.0062319767
19     0.0000000000     0.0000000000     -24.3619683169     0.0000000000     0.0000558138     -0.0062307315
20     0.0000000000     0.0000000000     -24.3619683169     0.0000000000     0.0000342844     -0.0062294690
21     0.0000000000     0.0000000000     -24.3619683169     0.0000000000     0.0000133878     -0.0062278946
22     0.0000000000     0.0000000000     -24.3619683169     0.0000000000     -0.0000065950     -0.0062255909
23     0.0000000000     0.0000000000     -24.3619683169     0.0000000000     -0.0000254460     -0.0062224043
24     0.0000000000     0.0000000000     -24.3619683169     0.0000000000     -0.0000431606     -0.0062187118
25     0.0000000000     0.0000000000     -24.3619683169     0.0000000000     -0.0000599328     -0.0062149646
26     0.0000000000     0.0000000000     -24.3619683169     0.0000000000     -0.0000759331     -0.0062115712
27     0.0000000000     0.0000000000     0.0000000000     0.0000000000     0.0004065420     -0.0061715446
28     0.0000000000     0.0000000000     0.0000000000     0.0000000000     0.0003978800     -0.0061709078
29     0.0000000000     0.0000000000     0.0000000000     0.0000000000     0.0003861838     -0.0061683221
30     0.0000000000     0.0000000000     0.0000000000     0.0000000000     0.0003728686     -0.0061655477
31     0.0000000000     0.0000000000     0.0000000000     0.0000000000     0.0003577352     -0.0061629361
32     0.0000000000     0.0000000000     0.0000000000     0.0000000000     0.0003407401     -0.0061604827
33     0.0000000000     0.0000000000     0.0000000000     0.0000000000     0.0003221466     -0.0061579833
34     0.0000000000     0.0000000000     0.0000000000     0.0000000000     0.0003022222     -0.0061547227
35     0.0000000000     0.0000000000     0.0000000000     0.0000000000     0.0002813039     -0.0061509880
36     0.0000000000     0.0000000000     0.0000000000     0.0000000000     0.0002595512     -0.0061482543
37     0.0000000000     0.0000000000     0.0000000000     0.0000000000     0.0002368012     -0.0061462735
38     0.0000000000     0.0000000000     0.0000000000     0.0000000000     0.0002133152     -0.0061436809
39     0.0000000000     0.0000000000     0.0000000000     0.0000000000     0.0001895231     -0.0061409354
40     0.0000000000     0.0000000000     0.0000000000     0.0000000000     0.0001658067     -0.0061384422
41     0.0000000000     0.0000000000     0.0000000000     0.0000000000     0.0001425613     -0.0061361402
42     0.0000000000     0.0000000000     0.0000000000     0.0000000000     0.0001196952     -0.0061341932
43     0.0000000000     0.0000000000     0.0000000000     0.0000000000     0.0000969668     -0.0061326967
44     0.0000000000     0.0000000000     0.0000000000     0.0000000000     0.0000742370     -0.0061313513
45     0.0000000000     0.0000000000     0.0000000000     0.0000000000     0.0000516438     -0.0061299589
46     0.0000000000     0.0000000000     0.0000000000     0.0000000000     0.0000294632     -0.0061287349
47     0.0000000000     0.0000000000     0.0000000000     0.0000000000     0.0000079916     -0.0061272484
48     0.0000000000     0.0000000000     0.0000000000     0.0000000000     -0.0000123384     -0.0061248214
49     0.0000000000     0.0000000000     0.0000000000     0.0000000000     -0.0000311965     -0.0061210663
50     0.0000000000     0.0000000000     0.0000000000     0.0000000000     -0.0000486064     -0.0061171432
51     0.0000000000     0.0000000000     0.0000000000     0.0000000000     -0.0000650614     -0.0061136130
52     0.0000000000     0.0000000000     0.0000000000     0.0000000000     -0.0000807233     -0.0061104147
53     0.0000000000     0.0000000000     0.0000000000     0.0000000000     0.0004079487     -0.0060744150
54     0.0000000000     0.0000000000     0.0000000000     0.0000000000     0.0004000876     -0.0060739339
55     0.0000000000     0.0000000000     0.0000000000     0.0000000000     0.0003885858     -0.0060717127
56     0.0000000000     0.0000000000     0.0000000000     0.0000000000     0.0003753826     -0.0060689139
57     0.0000000000     0.0000000000     0.0000000000     0.0000000000     0.0003601629     -0.0060661868
58     0.0000000000     0.0000000000     0.0000000000     0.0000000000     0.0003427382     -0.0060630894
59     0.0000000000     0.0000000000     0.0000000000     0.0000000000     0.0003237744     -0.0060600812
60     0.0000000000     0.0000000000     0.0000000000     0.0000000000     0.0003034001     -0.0060562911
61     0.0000000000     0.0000000000     0.0000000000     0.0000000000     0.0002821507     -0.0060515383
62     0.0000000000     0.0000000000     0.0000000000     0.0000000000     0.0002603543     -0.0060482716
63     0.0000000000     0.0000000000     0.0000000000     0.0000000000     0.0002370265     -0.0060462249
64     0.0000000000     0.0000000000     0.0000000000     0.0000000000     0.0002127202     -0.0060429829
65     0.0000000000     0.0000000000     0.0000000000     0.0000000000     0.0001883072     -0.0060405202
66     0.0000000000     0.0000000000     0.0000000000     0.0000000000     0.0001641160     -0.0060382640
67     0.0000000000     0.0000000000     0.0000000000     0.0000000000     0.0001407282     -0.0060356378
68     0.0000000000     0.0000000000     0.0000000000     0.0000000000     0.0001175749     -0.0060334953
69     0.0000000000     0.0000000000     0.0000000000     0.0000000000     0.0000943051     -0.0060320886
70     0.0000000000     0.0000000000     0.0000000000     0.0000000000     0.0000707598     -0.0060306900
71     0.0000000000     0.0000000000     0.0000000000     0.0000000000     0.0000472935     -0.0060287815
72     0.0000000000     0.0000000000     0.0000000000     0.0000000000     0.0000243019     -0.0060274147
73     0.0000000000     0.0000000000     0.0000000000     0.0000000000     0.0000021544     -0.0060256301
74     0.0000000000     0.0000000000     0.0000000000     0.0000000000     -0.0000183984     -0.0060227696
75     0.0000000000     0.0000000000     0.0000000000     0.0000000000     -0.0000371000     -0.0060175171
76     0.0000000000     0.0000000000     0.0000000000     0.0000000000     -0.0000539406     -0.0060135909
77     0.0000000000     0.0000000000     0.0000000000     0.0000000000     -0.0000700798     -0.0060118131
78     0.0000000000     0.0000000000     0.0000000000     0.0000000000     -0.0000853136     -0.0060096003
79     0.0000000000     0.0000000000     0.0000000000     0.0000000000     0.0004093073     -0.0059770958
80     0.0000000000     0.0000000000     0.0000000000     0.0000000000     0.0004022179     -0.0059767927
81     0.0000000000     0.0000000000     0.0000000000     0.0000000000     0.0003906694     -0.0059759665
82     0.0000000000     0.0000000000     0.0000000000     0.0000000000     0.0003774878     -0.0059727792
83     0.0000000000     0.0000000000     0.0000000000     0.0000000000     0.0003621361     -0.0059696539
84     0.0000000000     0.0000000000     0.0000000000     0.0000000000     0.0003442369     -0.0059657088
85     0.0000000000     0.0000000000     0.0000000000     0.0000000000     0.0003251607     -0.0059611548
86     0.0000000000     0.0000000000     0.0000000000     0.0000000000     0.0003045353     -0.0059578472
87     0.0000000000     0.0000000000     0.0000000000     0.0000000000     0.0002829861     -0.0059544092
88     0.0000000000     0.0000000000     0.0000000000     0.0000000000     0.0002610405     -0.0059501462
89     0.0000000000     0.0000000000     0.0000000000     0.0000000000     0.0002368927     -0.0059458708
90     0.0000000000     0.0000000000     0.0000000000     0.0000000000     0.0002115359     -0.0059425452
91     0.0000000000     0.0000000000     0.0000000000     0.0000000000     0.0001867769     -0.0059414703
92     0.0000000000     0.0000000000     0.0000000000     0.0000000000     0.0001629133     -0.0059392002
93     0.0000000000     0.0000000000     0.0000000000     0.0000000000     0.0001396967     -0.0059353846
94     0.0000000000     0.0000000000     0.0000000000     0.0000000000     0.0001162487     -0.0059331874
95     0.0000000000     0.0000000000     0.0000000000     0.0000000000     0.0000918565     -0.0059321186
96     0.0000000000     0.0000000000     0.0000000000     0.0000000000     0.0000669274     -0.0059303803
97     0.0000000000     0.0000000000     0.0000000000     0.0000000000     0.0000424725     -0.0059281225
98     0.0000000000     0.0000000000     0.0000000000     0.0000000000     0.0000184644     -0.0059258856
99     0.0000000000     0.0000000000     0.0000000000     0.0000000000     -0.0000042181     -0.0059233565
100     0.0000000000     0.0000000000     0.0000000000     0.0000000000     -0.0000246088     -0.0059195350
101     0.0000000000     0.0000000000     0.0000000000     0.0000000000     -0.0000427162     -0.0059125110
102     0.0000000000     0.0000000000     0.0000000000     0.0000000000     -0.0000590429     -0.0059089514
103     0.0000000000     0.0000000000     0.0000000000     0.0000000000     -0.0000746133     -0.0059106944
104     0.0000000000     0.0000000000     0.0000000000     0.0000000000     -0.0000894103     -0.0059116913
105     0.0000000000     0.0000000000     0.0000000000     0.0000000000     0.0004098644     -0.0058815329
106     0.0000000000     0.0000000000     0.0000000000     0.0000000000     0.0004034711     -0.0058812399
107     0.0000000000     0.0000000000     0.0000000000     0.0000000000     0.0003917166     -0.0058786722
108     0.0000000000     0.0000000000     0.0000000000     0.0000000000     0.0003789536     -0.0058734337
109     0.0000000000     0.0000000000     0.0000000000     0.0000000000     0.0003638645     -0.0058677061
110     0.0000000000     0.0000000000     0.0000000000     0.0000000000     0.0003462802     -0.0058640775
111     0.0000000000     0.0000000000     0.0000000000     0.0000000000     0.0003274376     -0.0058628266
112     0.0000000000     0.0000000000     0.0000000000     0.0000000000     0.0003074197     -0.0058625326
113     0.0000000000     0.0000000000     0.0000000000     0.0000000000     0.0002855470     -0.0058594831
114     0.0000000000     0.0000000000     0.0000000000     0.0000000000     0.0002609039     -0.0058553225
115     0.0000000000     0.0000000000     0.0000000000     0.0000000000     0.0002343818     -0.0058525936
116     0.0000000000     0.0000000000     0.0000000000     0.0000000000     0.0002089792     -0.0058491435
117     0.0000000000     0.0000000000     0.0000000000     0.0000000000     0.0001853738     -0.0058451750
118     0.0000000000     0.0000000000     0.0000000000     0.0000000000     0.0001619752     -0.0058405504
119     0.0000000000     0.0000000000     0.0000000000     0.0000000000     0.0001391463     -0.0058356465
120     0.0000000000     0.0000000000     0.0000000000     0.0000000000     0.0001152918     -0.0058334174
121     0.0000000000     0.0000000000     0.0000000000     0.0000000000     0.0000889420     -0.0058331744
122     0.0000000000     0.0000000000     0.0000000000     0.0000000000     0.0000617741     -0.0058313604
123     0.0000000000     0.0000000000     0.0000000000     0.0000000000     0.0000363654     -0.0058296636
124     0.0000000000     0.0000000000     0.0000000000     0.0000000000     0.0000122921     -0.0058259226
125     0.0000000000     0.0000000000     0.0000000000     0.0000000000     -0.0000098897     -0.0058220385
126     0.0000000000     0.0000000000     0.0000000000     0.0000000000     -0.0000302874     -0.0058184351
127     0.0000000000     0.0000000000     0.0000000000     0.0000000000     -0.0000480769     -0.0058146585
128     0.0000000000     0.0000000000     0.0000000000     0.0000000000     -0.0000634525     -0.0058129750
129     0.0000000000     0.0000000000     0.0000000000     0.0000000000     -0.0000777217     -0.0058152588
130     0.0000000000     0.0000000000     0.0000000000     0.0000000000     -0.0000918907     -0.0058149113
131     0.0000000000     0.0000000000     0.0000000000     0.0000000000     0.0004092948     -0.0057816474
132     0.0000000000     0.0000000000     0.0000000000     0.0000000000     0.0004036037     -0.0057813053
133     0.0000000000     0.0000000000     0.0000000000     0.0000000000     0.0003921317     -0.0057781591
134     0.0000000000     0.0000000000     0.0000000000     0.0000000000     0.0003800683     -0.0057746104
135     0.0000000000     0.0000000000     0.0000000000     0.0000000000     0.0003653572     -0.0057712340
136     0.0000000000     0.0000000000     0.0000000000     0.0000000000     0.0003478885     -0.0057659461
137     0.0000000000     0.0000000000     0.0000000000     0.0000000000     0.0003290393     -0.0057627009
138     0.0000000000     0.0000000000     0.0000000000     0.0000000000     0.0003097419     -0.0057617830
139     0.0000000000     0.0000000000     0.0000000000     0.0000000000     0.0002876673     -0.0057586633
140     0.0000000000     0.0000000000     0.0000000000     0.0000000000     0.0002608971     -0.0057573162
141     0.0000000000     0.0000000000     0.0000000000     0.0000000000     0.0002325865     -0.0057548720
142     0.0000000000     0.0000000000     0.0000000000     0.0000000000     0.0002072204     -0.0057479612
143     0.0000000000     0.0000000000     0.0000000000     0.0000000000     0.0001847801     -0.0057416075
144     0.0000000000     0.0000000000     0.0000000000     0.0000000000     0.0001621590     -0.0057367745
145     0.0000000000     0.0000000000     0.0000000000     0.0000000000     0.0001380224     -0.0057341647
146     0.0000000000     0.0000000000     0.0000000000     0.0000000000     0.0001113884     -0.0057319063
147     0.0000000000     0.0000000000     0.0000000000     0.0000000000     0.0000835532     -0.0057315342
148     0.0000000000     0.0000000000     0.0000000000     0.0000000000     0.0000568958     -0.0057317519
149     0.0000000000     0.0000000000     0.0000000000     0.0000000000     0.0000313379     -0.0057331525
150     0.0000000000     0.0000000000     0.0000000000     0.0000000000     0.0000072339     -0.0057313738
151     0.0000000000     0.0000000000     0.0000000000     0.0000000000     -0.0000142243     -0.0057231615
152     0.0000000000     0.0000000000     0.0000000000     0.0000000000     -0.0000341138     -0.0057166079
153     0.0000000000     0.0000000000     0.0000000000     0.0000000000     -0.0000517506     -0.0057159963
154     0.0000000000     0.0000000000     0.0000000000     0.0000000000     -0.0000669431     -0.0057173137
155     0.0000000000     0.0000000000     0.0000000000     0.0000000000     -0.0000808623     -0.0057168926
156     0.0000000000     0.0000000000     0.0000000000     0.0000000000     -0.0000949864     -0.0057150137
157     0.0000000000     0.0000000000     0.0000000000     0.0000000000     0.0004085835     -0.0056798947
158     0.0000000000     0.0000000000     0.0000000000     0.0000000000     0.0004036892     -0.0056797186
159     0.0000000000     0.0000000000     0.0000000000     0.0000000000     0.0003929622     -0.0056792376
160     0.0000000000     0.0000000000     0.0000000000     0.0000000000     0.0003808717     -0.0056790784
161     0.0000000000     0.0000000000     0.0000000000     0.0000000000     0.0003663442     -0.0056763341
162     0.0000000000     0.0000000000     0.0000000000     0.0000000000     0.0003488441     -0.0056680233
163     0.0000000000     0.0000000000     0.0000000000     0.0000000000     0.0003290715     -0.0056606433
164     0.0000000000     0.0000000000     0.0000000000     0.0000000000     0.0003085357     -0.0056595077
165     0.0000000000     0.0000000000     0.0000000000     0.0000000000     0.0002859029     -0.0056590387
166     0.0000000000     0.0000000000     0.0000000000     0.0000000000     0.0002599908     -0.0056565568
167     0.0000000000     0.0000000000     0.0000000000     0.0000000000     0.0002323664     -0.0056516679
168     0.0000000000     0.0000000000     0.0000000000     0.0000000000     0.0002064883     -0.0056456126
169     0.0000000000     0.0000000000     0.0000000000     0.0000000000     0.0001839605     -0.0056396345
170     0.0000000000     0.0000000000     0.0000000000     0.0000000000     0.0001614443     -0.0056368484
171     0.0000000000     0.0000000000     0.0000000000     0.0000000000     0.0001355254     -0.0056362809
172     0.0000000000     0.0000000000     0.0000000000     0.0000000000     0.0001064926     -0.0056338780
173     0.0000000000     0.0000000000     0.0000000000     0.0000000000     0.0000785406     -0.0056325107
174     0.0000000000     0.0000000000     0.0000000000     0.0000000000     0.0000542054     -0.0056331917
175     0.0000000000     0.0000000000     0.0000000000     0.0000000000     0.0000285242     -0.0056354092
176     0.0000000000     0.0000000000     0.0000000000     0.0000000000     0.0000033251     -0.0056366766
177     0.0000000000     0.0000000000     0.0000000000     0.0000000000     -0.0000192698     -0.0056310561
178     0.0000000000     0.0000000000     0.0000000000     0.0000000000     -0.0000387237     -0.0056281295
179     0.0000000000     0.0000000000     0.0000000000     0.0000000000     -0.0000546680     -0.0056289139
180     0.0000000000     0.0000000000     0.0000000000     0.0000000000     -0.0000702670     -0.0056222763
181     0.0000000000     0.0000000000     0.0000000000     0.0000000000     -0.0000851406     -0.0056125475
182     0.0000000000     0.0000000000     0.0000000000     0.0000000000     -0.0000990508     -0.0056113843
183     0.0000000000     0.0000000000     0.0000000000     0.0000000000     0.0004086998     -0.0055814706
184     0.0000000000     0.0000000000     0.0000000000     0.0000000000     0.0004043754     -0.0055812014
185     0.0000000000     0.0000000000     0.0000000000     0.0000000000     0.0003936702     -0.0055799180
186     0.0000000000     0.0000000000     0.0000000000     0.0000000000     0.0003811875     -0.0055786317
187     0.0000000000     0.0000000000     0.0000000000     0.0000000000     0.0003660347     -0.0055734924
188     0.0000000000     0.0000000000     0.0000000000     0.0000000000     0.0003491044     -0.0055686043
189     0.0000000000     0.0000000000     0.0000000000     0.0000000000     0.0003303778     -0.0055642537
190     0.0000000000     0.0000000000     0.0000000000     0.0000000000     0.0003092922     -0.0055614950
191     0.0000000000     0.0000000000     0.0000000000     0.0000000000     0.0002839740     -0.0055601050
192     0.0000000000     0.0000000000     0.0000000000     0.0000000000     0.0002553389     -0.0055567008
193     0.0000000000     0.0000000000     0.0000000000     0.0000000000     0.0002289030     -0.0055533277
194     0.0000000000     0.0000000000     0.0000000000     0.0000000000     0.0002052668     -0.0055509902
195     0.0000000000     0.0000000000     0.0000000000     0.0000000000     0.0001821849     -0.0055442164
196     0.0000000000     0.0000000000     0.0000000000     0.0000000000     0.0001568818     -0.0055372363
197     0.0000000000     0.0000000000     0.0000000000     0.0000000000     0.0001302317     -0.0055343018
198     0.0000000000     0.0000000000     0.0000000000     0.0000000000     0.0001028211     -0.0055342022
199     0.0000000000     0.0000000000     0.0000000000     0.0000000000     0.0000768042     -0.0055340044
200     0.0000000000     0.0000000000     0.0000000000     0.0000000000     0.0000517121     -0.0055307860
201     0.0000000000     0.0000000000     0.0000000000     0.0000000000     0.0000257942     -0.0055298499
202     0.0000000000     0.0000000000     0.0000000000     0.0000000000     0.0000013924     -0.0055340681
203     0.0000000000     0.0000000000     0.0000000000     0.0000000000     -0.0000219931     -0.0055357570
204     0.0000000000     0.0000000000     0.0000000000     0.0000000000     -0.0000421819     -0.0055335304
205     0.0000000000     0.0000000000     0.0000000000     0.0000000000     -0.0000576078     -0.0055289446
206     0.0000000000     0.0000000000     0.0000000000     0.0000000000     -0.0000735894     -0.0055199108
207     0.0000000000     0.0000000000     0.0000000000     0.0000000000     -0.0000900576     -0.0055163189
208     0.0000000000     0.0000000000     0.0000000000     0.0000000000     -0.0001028560     -0.0055165492
209     0.0000000000     0.0000000000     0.0000000000     0.0000000000     0.0004104021     -0.0054873846
210     0.0000000000     0.0000000000     0.0000000000     0.0000000000     0.0004063960     -0.0054864611
211     0.0000000000     0.0000000000     0.0000000000     0.0000000000     0.0003950528     -0.0054815949
212     0.0000000000     0.0000000000     0.0000000000     0.0000000000     0.0003822349     -0.0054797074
213     0.0000000000     0.0000000000     0.0000000000     0.0000000000     0.0003673172     -0.0054806282
214     0.0000000000     0.0000000000     0.0000000000     0.0000000000     0.0003498723     -0.0054778251
215     0.0000000000     0.0000000000     0.0000000000     0.0000000000     0.0003298250     -0.0054734020
216     0.0000000000     0.0000000000     0.0000000000     0.0000000000     0.0003071638     -0.0054680357
217     0.0000000000     0.0000000000     0.0000000000     0.0000000000     0.0002810464     -0.0054629263
218     0.0000000000     0.0000000000     0.0000000000     0.0000000000     0.0002530815     -0.0054610162
219     0.0000000000     0.0000000000     0.0000000000     0.0000000000     0.0002279576     -0.0054553780
220     0.0000000000     0.0000000000     0.0000000000     0.0000000000     0.0002042815     -0.0054463891
221     0.0000000000     0.0000000000     0.0000000000     0.0000000000     0.0001785234     -0.0054396033
222     0.0000000000     0.0000000000     0.0000000000     0.0000000000     0.0001500691     -0.0054364990
223     0.0000000000     0.0000000000     0.0000000000     0.0000000000     0.0001241533     -0.0054339078
224     0.0000000000     0.0000000000     0.0000000000     0.0000000000     0.0001006054     -0.0054316981
225     0.0000000000     0.0000000000     0.0000000000     0.0000000000     0.0000776611     -0.0054295743
226     0.0000000000     0.0000000000     0.0000000000     0.0000000000     0.0000511139     -0.0054261423
227     0.0000000000     0.0000000000     0.0000000000     0.0000000000     0.0000220563     -0.0054227441
228     0.0000000000     0.0000000000     0.0000000000     0.0000000000     -0.0000018819     -0.0054217637
229     0.0000000000     0.0000000000     0.0000000000     0.0000000000     -0.0000237448     -0.0054237148
230     0.0000000000     0.0000000000     0.0000000000     0.0000000000     -0.0000423627     -0.0054250332
231     0.0000000000     0.0000000000     0.0000000000     0.0000000000     -0.0000591071     -0.0054212102
232     0.0000000000     0.0000000000     0.0000000000     0.0000000000     -0.0000772888     -0.0054182769
233     0.0000000000     0.0000000000     0.0000000000     0.0000000000     -0.0000925928     -0.0054205572
234     0.0000000000     0.0000000000     0.0000000000     0.0000000000     -0.0001049335     -0.0054162990
235     0.0000000000     0.0000000000     0.0000000000     0.0000000000     0.0004112408     -0.0053921920
236     0.0000000000     0.0000000000     0.0000000000     0.0000000000     0.0004079471     -0.0053912983
237     0.0000000000     0.0000000000     0.0000000000     0.0000000000     0.0003977372     -0.0053867387
238     0.0000000000     0.0000000000     0.0000000000     0.0000000000     0.0003828725     -0.0053837550
239     0.0000000000     0.0000000000     0.0000000000     0.0000000000     0.0003657538     -0.0053819974
240     0.0000000000     0.0000000000     0.0000000000     0.0000000000     0.0003480254     -0.0053758189
241     0.0000000000     0.0000000000     0.0000000000     0.0000000000     0.0003266141     -0.0053698196
242     0.0000000000     0.0000000000     0.0000000000     0.0000000000     0.0003033102     -0.0053669116
243     0.0000000000     0.0000000000     0.0000000000     0.0000000000     0.0002785832     -0.0053626924
244     0.0000000000     0.0000000000     0.0000000000     0.0000000000     0.0002531858     -0.0053599887
245     0.0000000000     0.0000000000     0.0000000000     0.0000000000     0.0002276717     -0.0053579794
246     0.0000000000     0.0000000000     0.0000000000     0.0000000000     0.0002017543     -0.0053512036
247     0.0000000000     0.0000000000     0.0000000000     0.0000000000     0.0001740781     -0.0053444579
248     0.0000000000     0.0000000000     0.0000000000     0.0000000000     0.0001447331     -0.0053426840
249     0.0000000000     0.0000000000     0.0000000000     0.0000000000     0.0001192933     -0.0053424011
250     0.0000000000     0.0000000000     0.0000000000     0.0000000000     0.0000973324     -0.0053379622
251     0.0000000000     0.0000000000     0.0000000000     0.0000000000     0.0000763535     -0.0053309069
252     0.0000000000     0.0000000000     0.0000000000     0.0000000000     0.0000495582     -0.0053241909
253     0.0000000000     0.0000000000     0.0000000000     0.0000000000     0.0000200719     -0.0053166185
254     0.0000000000     0.0000000000     0.0000000000     0.0000000000     -0.0000045093     -0.0053153383
255     0.0000000000     0.0000000000     0.0000000000     0.0000000000     -0.0000254045     -0.0053175527
256     0.0000000000     0.0000000000     0.0000000000     0.0000000000     -0.0000424339     -0.0053189286
257     0.0000000000     0.0000000000     0.0000000000     0.0000000000     -0.0000600913     -0.0053216949
258     0.0000000000     0.0000000000     0.0000000000     0.0000000000     -0.0000791937     -0.0053207693
259     0.0000000000     0.0000000000     0.0000000000     0.0000000000     -0.0000945719     -0.0053134239
260     0.0000000000     0.0000000000     0.0000000000     0.0000000000     -0.0001078128     -0.0053060748
261     0.0000000000     0.0000000000     0.0000000000     0.0000000000     0.0004048772     -0.0052954377
262     0.0000000000     0.0000000000     0.0000000000     0.0000000000     0.0004018617     -0.0052943739
263     0.0000000000     0.0000000000     0.0000000000     0.0000000000     0.0003922551     -0.0052863257
264     0.0000000000     0.0000000000     0.0000000000     0.0000000000     0.0003790326     -0.0052773381
265     0.0000000000     0.0000000000     0.0000000000     0.0000000000     0.0003624301     -0.0052693333
266     0.0000000000     0.0000000000     0.0000000000     0.0000000000     0.0003452014     -0.0052660981
267     0.0000000000     0.0000000000     0.0000000000     0.0000000000     0.0003222251     -0.0052671076
268     0.0000000000     0.0000000000     0.0000000000     0.0000000000     0.0002970353     -0.0052689876
269     0.0000000000     0.0000000000     0.0000000000     0.0000000000     0.0002746929     -0.0052654929
270     0.0000000000     0.0000000000     0.0000000000     0.0000000000     0.0002519845     -0.0052576025
271     0.0000000000     0.0000000000     0.0000000000     0.0000000000     0.0002252655     -0.0052560809
272     0.0000000000     0.0000000000     0.0000000000     0.0000000000     0.0001985020     -0.0052536468
273     0.0000000000     0.0000000000     0.0000000000     0.0000000000     0.0001742920     -0.0052486908
274     0.0000000000     0.0000000000     0.0000000000     0.0000000000     0.0001458247     -0.0052483336
275     0.0000000000     0.0000000000     0.0000000000     0.0000000000     0.0001182359     -0.0052498549
276     0.0000000000     0.0000000000     0.0000000000     0.0000000000     0.0000934672     -0.0052464379
277     0.0000000000     0.0000000000     0.0000000000     0.0000000000     0.0000688558     -0.0052382085
278     0.0000000000     0.0000000000     0.0000000000     0.0000000000     0.0000447869     -0.0052306147
279     0.0000000000     0.0000000000     0.0000000000     0.0000000000     0.0000210709     -0.0052252697
280     0.0000000000     0.0000000000     0.0000000000     0.0000000000     -0.0000017802     -0.0052245555
281     0.0000000000     0.0000000000     0.0000000000     0.0000000000     -0.0000234018     -0.0052232731
282     0.0000000000     0.0000000000     0.0000000000     0.0000000000     -0.0000436989     -0.0052224758
283     0.0000000000     0.0000000000     0.0000000000     0.0000000000     -0.0000631751     -0.0052213890
284     0.0000000000     0.0000000000     0.0000000000     0.0000000000     -0.0000810455     -0.0052124844
285     0.0000000000     0.0000000000     0.0000000000     0.0000000000     -0.0000956022     -0.0052008647
286     0.0000000000     0.0000000000     0.0000000000     0.0000000000     -0.0001085593     -0.0052023105
287     0.0000000000     0.0000000000     0.0000000000     0.0000000000     0.0004014455     -0.0051933023
288     0.0000000000     0.0000000000     0.0000000000     0.0000000000     0.0003986278     -0.0051916489
289     0.0000000000     0.0000000000     0.0000000000     0.0000000000     0.0003903460     -0.0051868333
290     0.0000000000     0.0000000000     0.0000000000     0.0000000000     0.0003784899     -0.0051817929
291     0.0000000000     0.0000000000     0.0000000000     0.0000000000     0.0003603571     -0.0051731715
292     0.0000000000     0.0000000000     0.0000000000     0.0000000000     0.0003404056     -0.0051711065
293     0.0000000000     0.0000000000     0.0000000000     0.0000000000     0.0003184566     -0.0051724175
294     0.0000000000     0.0000000000     0.0000000000     0.0000000000     0.0002952105     -0.0051721485
295     0.0000000000     0.0000000000     0.0000000000     0.0000000000     0.0002716237     -0.0051716615
296     0.0000000000     0.0000000000     0.0000000000     0.0000000000     0.0002466984     -0.0051685579
297     0.0000000000     0.0000000000     0.0000000000     0.0000000000     0.0002214954     -0.0051638555
298     0.0000000000     0.0000000000     0.0000000000     0.0000000000     0.0001968185     -0.0051604932
299     0.0000000000     0.0000000000     0.0000000000     0.0000000000     0.0001743367     -0.0051574410
300     0.0000000000     0.0000000000     0.0000000000     0.0000000000     0.0001470194     -0.0051548389
301     0.0000000000     0.0000000000     0.0000000000     0.0000000000     0.0001196532     -0.0051539076
302     0.0000000000     0.0000000000     0.0000000000     0.0000000000     0.0000947606     -0.0051538858
303     0.0000000000     0.0000000000     0.0000000000     0.0000000000     0.0000675796     -0.0051480998
304     0.0000000000     0.0000000000     0.0000000000     0.0000000000     0.0000428994     -0.0051411414
305     0.0000000000     0.0000000000     0.0000000000     0.0000000000     0.0000195796     -0.0051402237
306     0.0000000000     0.0000000000     0.0000000000     0.0000000000     -0.0000022387     -0.0051346666
307     0.0000000000     0.0000000000     0.0000000000     0.0000000000     -0.0000238642     -0.0051246474
308     0.0000000000     0.0000000000     0.0000000000     0.0000000000     -0.0000466006     -0.0051202344
309     0.0000000000     0.0000000000     0.0000000000     0.0000000000     -0.0000658456     -0.0051172091
310     0.0000000000     0.0000000000     0.0000000000     0.0000000000     -0.0000811930     -0.0051117739
311     0.0000000000     0.0000000000     0.0000000000     0.0000000000     -0.0000944222     -0.0051050160
312     0.0000000000     0.0000000000     0.0000000000     0.0000000000     -0.0001075455     -0.0051072346
313     0.0000000000     0.0000000000     0.0000000000     0.0000000000     0.0004017076     -0.0050936623
314     0.0000000000     0.0000000000     0.0000000000     0.0000000000     0.0003993228     -0.0050920237
315     0.0000000000     0.0000000000     0.0000000000     0.0000000000     0.0003909812     -0.0050874729
316     0.0000000000     0.0000000000     0.0000000000     0.0000000000     0.0003774906     -0.0050840319
317     0.0000000000     0.0000000000     0.0000000000     0.0000000000     0.0003571973     -0.0050784228
318     0.0000000000     0.0000000000     0.0000000000     0.0000000000     0.0003348038     -0.0050725339
319     0.0000000000     0.0000000000     0.0000000000     0.0000000000     0.0003147390     -0.0050683735
320     0.0000000000     0.0000000000     0.0000000000     0.0000000000     0.0002950675     -0.0050651584
321     0.0000000000     0.0000000000     0.0000000000     0.0000000000     0.0002707189     -0.0050629978
322     0.0000000000     0.0000000000     0.0000000000     0.0000000000     0.0002467120     -0.0050667052
323     0.0000000000     0.0000000000     0.0000000000     0.0000000000     0.0002260489     -0.0050667678
324     0.0000000000     0.0000000000     0.0000000000     0.0000000000     0.0002001212     -0.0050579280
325     0.0000000000     0.0000000000     0.0000000000     0.0000000000     0.0001708626     -0.0050519590
326     0.0000000000     0.0000000000     0.0000000000     0.0000000000     0.0001431189     -0.0050484537
327     0.0000000000     0.0000000000     0.0000000000     0.0000000000     0.0001177920     -0.0050490772
328     0.0000000000     0.0000000000     0.0000000000     0.0000000000     0.0000943373     -0.0050508749
329     0.0000000000     0.0000000000     0.0000000000     0.0000000000     0.0000677857     -0.0050462781
330     0.0000000000     0.0000000000     0.0000000000     0.0000000000     0.0000425260     -0.0050421682
331     0.0000000000     0.0000000000     0.0000000000     0.0000000000     0.0000180439     -0.0050406038
332     0.0000000000     0.0000000000     0.0000000000     0.0000000000     -0.0000069889     -0.0050335713
333     0.0000000000     0.0000000000     0.0000000000     0.0000000000     -0.0000277549     -0.0050260278
334     0.0000000000     0.0000000000     0.0000000000     0.0000000000     -0.0000485084     -0.0050202797
335     0.0000000000     0.0000000000     0.0000000000     0.0000000000     -0.0000680457     -0.0050182338
336     0.0000000000     0.0000000000     0.0000000000     0.0000000000     -0.0000831108     -0.0050185711
337     0.0000000000     0.0000000000     0.0000000000     0.0000000000     -0.0000953914     -0.0050138100
338     0.0000000000     0.0000000000     0.0000000000     0.0000000000     -0.0001073863     -0.0050138748
339     0.0000000000     0.0000000000     0.0000000000     0.0000000000     0.0003980587     -0.0050022010
340     0.0000000000     0.0000000000     0.0000000000     0.0000000000     0.0003953192     -0.0049997677
341     0.0000000000     0.0000000000     0.0000000000     0.0000000000     0.0003854167     -0.0049884549
342     0.0000000000     0.0000000000     0.0000000000     0.0000000000     0.0003719912     -0.0049803072
343     0.0000000000     0.0000000000     0.0000000000     0.0000000000     0.0003538986     -0.0049784894
344     0.0000000000     0.0000000000     0.0000000000     0.0000000000     0.0003333425     -0.0049752577
345     0.0000000000     0.0000000000     0.0000000000     0.0000000000     0.0003123689     -0.0049725384
346     0.0000000000     0.0000000000     0.0000000000     0.0000000000     0.0002908866     -0.0049686733
347     0.0000000000     0.0000000000     0.0000000000     0.0000000000     0.0002674479     -0.0049629361
348     0.0000000000     0.0000000000     0.0000000000     0.0000000000     0.0002458738     -0.0049627200
349     0.0000000000     0.0000000000     0.0000000000     0.0000000000     0.0002249570     -0.0049605708
350     0.0000000000     0.0000000000     0.0000000000     0.0000000000     0.0001953790     -0.0049526974
351     0.0000000000     0.0000000000     0.0000000000     0.0000000000     0.0001654811     -0.0049497086
352     0.0000000000     0.0000000000     0.0000000000     0.0000000000     0.0001403232     -0.0049488010
353     0.0000000000     0.0000000000     0.0000000000     0.0000000000     0.0001175839     -0.0049463100
354     0.0000000000     0.0000000000     0.0000000000     0.0000000000     0.0000924041     -0.0049415426
355     0.0000000000     0.0000000000     0.0000000000     0.0000000000     0.0000653307     -0.0049374454
356     0.0000000000     0.0000000000     0.0000000000     0.0000000000     0.0000418070     -0.0049388274
357     0.0000000000     0.0000000000     0.0000000000     0.0000000000     0.0000181430     -0.0049401509
358     0.0000000000     0.0000000000     0.0000000000     0.0000000000     -0.0000073560     -0.0049385030
359     0.0000000000     0.0000000000     0.0000000000     0.0000000000     -0.0000299069     -0.0049332037
360     0.0000000000     0.0000000000     0.0000000000     0.0000000000     -0.0000497717     -0.0049226218
361     0.0000000000     0.0000000000     0.0000000000     0.0000000000     -0.0000694784     -0.0049139469
362     0.0000000000     0.0000000000     0.0000000000     0.0000000000     -0.0000867678     -0.0049146356
363     0.0000000000     0.0000000000     0.0000000000     0.0000000000     -0.0001002636     -0.0049203842
364     0.0000000000     0.0000000000     0.0000000000     0.0000000000     -0.0001120542     -0.0049270282
365     0.0000000000     0.0000000000     24.3619683169     0.0000000000     0.0003929082     -0.0049045286
366     0.0000000000     0.0000000000     24.3619683169     0.0000000000     0.0003900685     -0.0049040655
367     0.0000000000     0.0000000000     24.3619683169     0.0000000000     0.0003799149     -0.0048983159
368     0.0000000000     0.0000000000     24.3619683169     0.0000000000     0.0003672006     -0.0048899708
369     0.0000000000     0.0000000000     24.3619683169     0.0000000000     0.0003518279     -0.0048857834
370     0.0000000000     0.0000000000     24.3619683169     0.0000000000     0.0003340926     -0.0048797264
371     0.0000000000     0.0000000000     24.3619683169     0.0000000000     0.0003123329     -0.0048751654
372     0.0000000000     0.0000000000     24.3619683169     0.0000000000     0.0002887715     -0.0048708089
373     0.0000000000     0.0000000000     24.3619683169     0.0000000000     0.0002634521     -0.0048652230
374     0.0000000000     0.0000000000     24.3619683169     0.0000000000     0.0002370262     -0.0048613624
375     0.0000000000     0.0000000000     24.3619683169     0.0000000000     0.0002129828     -0.0048590599
376     0.0000000000     0.0000000000     24.3619683169     0.0000000000     0.0001893124     -0.0048588733
377     0.0000000000     0.0000000000     24.3619683169     0.0000000000     0.0001640603     -0.0048619356
378     0.0000000000     0.0000000000     24.3619683169     0.0000000000     0.0001376405     -0.0048594566
379     0.0000000000     0.0000000000     24.3619683169     0.0000000000     0.0001139973     -0.0048522186
380     0.0000000000     0.0000000000     24.3619683169     0.0000000000     0.0000894035     -0.0048469730
381     0.0000000000     0.0000000000     24.3619683169     0.0000000000     0.0000640264     -0.0048394193
382     0.0000000000     0.0000000000     24.3619683169     0.0000000000     0.0000410887     -0.0048316556
383     0.0000000000     0.0000000000     24.3619683169     0.0000000000     0.0000153465     -0.0048280414
384     0.0000000000     0.0000000000     24.3619683169     0.0000000000     -0.0000120601     -0.0048275882
385     0.0000000000     0.0000000000     24.3619683169     0.0000000000     -0.0000352924     -0.0048265092
386     0.0000000000     0.0000000000     24.3619683169     0.0000000000     -0.0000535584     -0.0048220944
387     0.0000000000     0.0000000000     24.3619683169     0.0000000000     -0.0000708007     -0.0048179685
388     0.0000000000     0.0000000000     24.3619683169     0.0000000000     -0.0000878167     -0.0048144536
389     0.0000000000     0.0000000000     24.3619683169     0.0000000000     -0.0001029869     -0.0048144507
390     0.0000000000     0.0000000000     24.3619683169     0.0000000000     -0.0001160851     -0.0048227447
