1     0.0000000000     0.0000000000     -28.0730003911     0.0000000000     0.0004502989     -0.0073024477
2     0.0000000000     0.0000000000     -28.0730003911     0.0000000000     0.0004384559     -0.0073017905
3     0.0000000000     0.0000000000     -28.0730003911     0.0000000000     0.0004241273     -0.0072992521
4     0.0000000000     0.0000000000     -28.0730003911     0.0000000000     0.0004080772     -0.0072966596
5     0.0000000000     0.0000000000     -28.0730003911     0.0000000000     0.0003902866     -0.0072942164
6     0.0000000000     0.0000000000     -28.0730003911     0.0000000000     0.0003707557     -0.0072919297
7     0.0000000000     0.0000000000     -28.0730003911     0.0000000000     0.0003496300     -0.0072895682
8     0.0000000000     0.0000000000     -28.0730003911     0.0000000000     0.0003271301     -0.0072868468
9     0.0000000000     0.0000000000     -28.0730003911     0.0000000000     0.0003034944     -0.0072839834
10     0.0000000000     0.0000000000     -28.0730003911     0.0000000000     0.0002788858     -0.0072815278
11     0.0000000000     0.0000000000     -28.0730003911     0.0000000000     0.0002534025     -0.0072793834
12     0.0000000000     0.0000000000     -28.0730003911     0.0000000000     0.0002272519     -0.0072770374
13     0.0000000000     0.0000000000     -28.0730003911     0.0000000000     0.0002007368     -0.0072745050
14     0.0000000000     0.0000000000     -28.0730003911     0.0000000000     0.0001741812     -0.0072720540
15     0.0000000000     0.0000000000     -28.0730003911     0.0000000000     0.0001478527     -0.0072698190
16     0.0000000000     0.0000000000     -28.0730003911     0.0000000000     0.0001218171     -0.0072678811
17     0.0000000000     0.0000000000     -28.0730003911     0.0000000000     0.0000960024     -0.0072662471
18     0.0000000000     0.0000000000     -28.0730003911     0.0000000000     0.0000703597     -0.0072647885
19     0.0000000000     0.0000000000     -28.0730003911     0.0000000000     0.0000449649     -0.0072633874
20     0.0000000000     0.0000000000     -28.0730003911     0.0000000000     0.0000200003     -0.0072619599
21     0.0000000000     0.0000000000     -28.0730003911     0.0000000000     -0.0000042915     -0.0072602093
22     0.0000000000     0.0000000000     -28.0730003911     0.0000000000     -0.0000276231     -0.0072577125
23     0.0000000000     0.0000000000     -28.0730003911     0.0000000000     -0.0000497708     -0.0072543183
24     0.0000000000     0.0000000000     -28.0730003911     0.0000000000     -0.0000707242     -0.0072504193
25     0.0000000000     0.0000000000     -28.0730003911     0.0000000000     -0.0000906716     -0.0072464844
26     0.0000000000     0.0000000000     -28.0730003911     0.0000000000     -0.0001097801     -0.0072429374
27     0.0000000000     0.0000000000     0.0000000000     0.0000000000     0.0004526439     -0.0071891629
28     0.0000000000     0.0000000000     0.0000000000     0.0000000000     0.0004416647     -0.0071885772
29     0.0000000000     0.0000000000     0.0000000000     0.0000000000     0.0004275315     -0.0071859908
30     0.0000000000     0.0000000000     0.0000000000     0.0000000000     0.0004116450     -0.0071832128
31     0.0000000000     0.0000000000     0.0000000000     0.0000000000     0.0003938053     -0.0071806045
32     0.0000000000     0.0000000000     0.0000000000     0.0000000000     0.0003739724     -0.0071781603
33     0.0000000000     0.0000000000     0.0000000000     0.0000000000     0.0003524147     -0.0071756690
34     0.0000000000     0.0000000000     0.0000000000     0.0000000000     0.0003294086     -0.0071723933
35     0.0000000000     0.0000000000     0.0000000000     0.0000000000     0.0003053000     -0.0071686252
36     0.0000000000     0.0000000000     0.0000000000     0.0000000000     0.0002802591     -0.0071658763
37     0.0000000000     0.0000000000     0.0000000000     0.0000000000     0.0002541391     -0.0071638876
38     0.0000000000     0.0000000000     0.0000000000     0.0000000000     0.0002272162     -0.0071612522
39     0.0000000000     0.0000000000     0.0000000000     0.0000000000     0.0001999318     -0.0071584377
40     0.0000000000     0.0000000000     0.0000000000     0.0000000000     0.0001726797     -0.0071558572
41     0.0000000000     0.0000000000     0.0000000000     0.0000000000     0.0001458671     -0.0071534458
42     0.0000000000     0.0000000000     0.0000000000     0.0000000000     0.0001194176     -0.0071513713
43     0.0000000000     0.0000000000     0.0000000000     0.0000000000     0.0000931064     -0.0071497336
44     0.0000000000     0.0000000000     0.0000000000     0.0000000000     0.0000668094     -0.0071482282
45     0.0000000000     0.0000000000     0.0000000000     0.0000000000     0.0000406770     -0.0071466571
46     0.0000000000     0.0000000000     0.0000000000     0.0000000000     0.0000149955     -0.0071452476
47     0.0000000000     0.0000000000     0.0000000000     0.0000000000     -0.0000099298     -0.0071435647
48     0.0000000000     0.0000000000     0.0000000000     0.0000000000     -0.0000336600     -0.0071409190
49     0.0000000000     0.0000000000     0.0000000000     0.0000000000     -0.0000558589     -0.0071369199
50     0.0000000000     0.0000000000     0.0000000000     0.0000000000     -0.0000765434     -0.0071327666
51     0.0000000000     0.0000000000     0.0000000000     0.0000000000     -0.0000961984     -0.0071290419
52     0.0000000000     0.0000000000     0.0000000000     0.0000000000     -0.0001149832     -0.0071256876
53     0.0000000000     0.0000000000     0.0000000000     0.0000000000     0.0004548926     -0.0070760938
54     0.0000000000     0.0000000000     0.0000000000     0.0000000000     0.0004447557     -0.0070756667
55     0.0000000000     0.0000000000     0.0000000000     0.0000000000     0.0004308437     -0.0070734546
56     0.0000000000     0.0000000000     0.0000000000     0.0000000000     0.0004150781     -0.0070706537
57     0.0000000000     0.0000000000     0.0000000000     0.0000000000     0.0003971430     -0.0070679313
58     0.0000000000     0.0000000000     0.0000000000     0.0000000000     0.0003768556     -0.0070648333
59     0.0000000000     0.0000000000     0.0000000000     0.0000000000     0.0003548852     -0.0070618304
60     0.0000000000     0.0000000000     0.0000000000     0.0000000000     0.0003313729     -0.0070580251
61     0.0000000000     0.0000000000     0.0000000000     0.0000000000     0.0003068645     -0.0070532279
62     0.0000000000     0.0000000000     0.0000000000     0.0000000000     0.0002816989     -0.0070499503
63     0.0000000000     0.0000000000     0.0000000000     0.0000000000     0.0002549167     -0.0070479128
64     0.0000000000     0.0000000000     0.0000000000     0.0000000000     0.0002270873     -0.0070446276
65     0.0000000000     0.0000000000     0.0000000000     0.0000000000     0.0001990908     -0.0070421178
66     0.0000000000     0.0000000000     0.0000000000     0.0000000000     0.0001712705     -0.0070397901
67     0.0000000000     0.0000000000     0.0000000000     0.0000000000     0.0001442198     -0.0070370488
68     0.0000000000     0.0000000000     0.0000000000     0.0000000000     0.0001173902     -0.0070347700
69     0.0000000000     0.0000000000     0.0000000000     0.0000000000     0.0000904495     -0.0070332141
70     0.0000000000     0.0000000000     0.0000000000     0.0000000000     0.0000632552     -0.0070316375
71     0.0000000000     0.0000000000     0.0000000000     0.0000000000     0.0000361739     -0.0070295143
72     0.0000000000     0.0000000000     0.0000000000     0.0000000000     0.0000096123     -0.0070279330
73     0.0000000000     0.0000000000     0.0000000000     0.0000000000     -0.0000160503     -0.0070259170
74     0.0000000000     0.0000000000     0.0000000000     0.0000000000     -0.0000400580     -0.0070227996
75     0.0000000000     0.0000000000     0.0000000000     0.0000000000     -0.0000621475     -0.0070172378
76     0.0000000000     0.0000000000     0.0000000000     0.0000000000     -0.0000822992     -0.0070130618
77     0.0000000000     0.0000000000     0.0000000000     0.0000000000     -0.0001016590     -0.0070111243
78     0.0000000000     0.0000000000     0.0000000000     0.0000000000     -0.0001200257     -0.0070087756
79     0.0000000000     0.0000000000     0.0000000000     0.0000000000     0.0004571232     -0.0069628111
80     0.0000000000     0.0000000000     0.0000000000     0.0000000000     0.0004478110     -0.0069625627
81     0.0000000000     0.0000000000     0.0000000000     0.0000000000     0.0004338865     -0.0069617814
82     0.0000000000     0.0000000000     0.0000000000     0.0000000000     0.0004181565     -0.0069585806
83     0.0000000000     0.0000000000     0.0000000000     0.0000000000     0.0004000807     -0.0069554518
84     0.0000000000     0.0000000000     0.0000000000     0.0000000000     0.0003792910     -0.0069514894
85     0.0000000000     0.0000000000     0.0000000000     0.0000000000     0.0003571596     -0.0069469096
86     0.0000000000     0.0000000000     0.0000000000     0.0000000000     0.0003333287     -0.0069436167
87     0.0000000000     0.0000000000     0.0000000000     0.0000000000     0.0003084400     -0.0069401915
88     0.0000000000     0.0000000000     0.0000000000     0.0000000000     0.0002830369     -0.0069359139
89     0.0000000000     0.0000000000     0.0000000000     0.0000000000     0.0002553469     -0.0069316111
90     0.0000000000     0.0000000000     0.0000000000     0.0000000000     0.0002263747     -0.0069282637
91     0.0000000000     0.0000000000     0.0000000000     0.0000000000     0.0001979317     -0.0069272002
92     0.0000000000     0.0000000000     0.0000000000     0.0000000000     0.0001703336     -0.0069248727
93     0.0000000000     0.0000000000     0.0000000000     0.0000000000     0.0001433508     -0.0069209162
94     0.0000000000     0.0000000000     0.0000000000     0.0000000000     0.0001161282     -0.0069185793
95     0.0000000000     0.0000000000     0.0000000000     0.0000000000     0.0000879766     -0.0069173600
96     0.0000000000     0.0000000000     0.0000000000     0.0000000000     0.0000593164     -0.0069154159
97     0.0000000000     0.0000000000     0.0000000000     0.0000000000     0.0000311666     -0.0069129087
98     0.0000000000     0.0000000000     0.0000000000     0.0000000000     0.0000035159     -0.0069104039
99     0.0000000000     0.0000000000     0.0000000000     0.0000000000     -0.0000227485     -0.0069075914
100     0.0000000000     0.0000000000     0.0000000000     0.0000000000     -0.0000466550     -0.0069034554
101     0.0000000000     0.0000000000     0.0000000000     0.0000000000     -0.0000682019     -0.0068960452
102     0.0000000000     0.0000000000     0.0000000000     0.0000000000     -0.0000878738     -0.0068922241
103     0.0000000000     0.0000000000     0.0000000000     0.0000000000     -0.0001066811     -0.0068938910
104     0.0000000000     0.0000000000     0.0000000000     0.0000000000     -0.0001246129     -0.0068948352
105     0.0000000000     0.0000000000     0.0000000000     0.0000000000     0.0004585800     -0.0068513142
106     0.0000000000     0.0000000000     0.0000000000     0.0000000000     0.0004500323     -0.0068510682
107     0.0000000000     0.0000000000     0.0000000000     0.0000000000     0.0004359520     -0.0068484901
108     0.0000000000     0.0000000000     0.0000000000     0.0000000000     0.0004206600     -0.0068431764
109     0.0000000000     0.0000000000     0.0000000000     0.0000000000     0.0004028387     -0.0068373722
110     0.0000000000     0.0000000000     0.0000000000     0.0000000000     0.0003823229     -0.0068337397
111     0.0000000000     0.0000000000     0.0000000000     0.0000000000     0.0003603566     -0.0068325661
112     0.0000000000     0.0000000000     0.0000000000     0.0000000000     0.0003370453     -0.0068323887
113     0.0000000000     0.0000000000     0.0000000000     0.0000000000     0.0003117434     -0.0068293873
114     0.0000000000     0.0000000000     0.0000000000     0.0000000000     0.0002835641     -0.0068252437
115     0.0000000000     0.0000000000     0.0000000000     0.0000000000     0.0002534135     -0.0068225615
116     0.0000000000     0.0000000000     0.0000000000     0.0000000000     0.0002242904     -0.0068191178
117     0.0000000000     0.0000000000     0.0000000000     0.0000000000     0.0001968867     -0.0068151094
118     0.0000000000     0.0000000000     0.0000000000     0.0000000000     0.0001696438     -0.0068103841
119     0.0000000000     0.0000000000     0.0000000000     0.0000000000     0.0001429394     -0.0068053213
120     0.0000000000     0.0000000000     0.0000000000     0.0000000000     0.0001152093     -0.0068029522
121     0.0000000000     0.0000000000     0.0000000000     0.0000000000     0.0000850151     -0.0068025711
122     0.0000000000     0.0000000000     0.0000000000     0.0000000000     0.0000540367     -0.0068005292
123     0.0000000000     0.0000000000     0.0000000000     0.0000000000     0.0000248480     -0.0067985694
124     0.0000000000     0.0000000000     0.0000000000     0.0000000000     -0.0000029539     -0.0067944841
125     0.0000000000     0.0000000000     0.0000000000     0.0000000000     -0.0000287980     -0.0067902417
126     0.0000000000     0.0000000000     0.0000000000     0.0000000000     -0.0000527732     -0.0067862938
127     0.0000000000     0.0000000000     0.0000000000     0.0000000000     -0.0000740477     -0.0067821897
128     0.0000000000     0.0000000000     0.0000000000     0.0000000000     -0.0000928014     -0.0067802729
129     0.0000000000     0.0000000000     0.0000000000     0.0000000000     -0.0001103257     -0.0067824818
130     0.0000000000     0.0000000000     0.0000000000     0.0000000000     -0.0001276286     -0.0067820408
131     0.0000000000     0.0000000000     0.0000000000     0.0000000000     0.0004589441     -0.0067353561
132     0.0000000000     0.0000000000     0.0000000000     0.0000000000     0.0004511872     -0.0067350470
133     0.0000000000     0.0000000000     0.0000000000     0.0000000000     0.0004374481     -0.0067318615
134     0.0000000000     0.0000000000     0.0000000000     0.0000000000     0.0004228710     -0.0067282738
135     0.0000000000     0.0000000000     0.0000000000     0.0000000000     0.0004054062     -0.0067248796
136     0.0000000000     0.0000000000     0.0000000000     0.0000000000     0.0003849611     -0.0067195416
137     0.0000000000     0.0000000000     0.0000000000     0.0000000000     0.0003629184     -0.0067163269
138     0.0000000000     0.0000000000     0.0000000000     0.0000000000     0.0003402309     -0.0067155275
139     0.0000000000     0.0000000000     0.0000000000     0.0000000000     0.0003146245     -0.0067124823
140     0.0000000000     0.0000000000     0.0000000000     0.0000000000     0.0002842219     -0.0067112657
141     0.0000000000     0.0000000000     0.0000000000     0.0000000000     0.0002521859     -0.0067089166
142     0.0000000000     0.0000000000     0.0000000000     0.0000000000     0.0002229901     -0.0067019587
143     0.0000000000     0.0000000000     0.0000000000     0.0000000000     0.0001966310     -0.0066955384
144     0.0000000000     0.0000000000     0.0000000000     0.0000000000     0.0001700486     -0.0066906295
145     0.0000000000     0.0000000000     0.0000000000     0.0000000000     0.0001419390     -0.0066879422
146     0.0000000000     0.0000000000     0.0000000000     0.0000000000     0.0001113473     -0.0066855481
147     0.0000000000     0.0000000000     0.0000000000     0.0000000000     0.0000795760     -0.0066850250
148     0.0000000000     0.0000000000     0.0000000000     0.0000000000     0.0000490019     -0.0066850471
149     0.0000000000     0.0000000000     0.0000000000     0.0000000000     0.0000195679     -0.0066862360
150     0.0000000000     0.0000000000     0.0000000000     0.0000000000     -0.0000083551     -0.0066841264
151     0.0000000000     0.0000000000     0.0000000000     0.0000000000     -0.0000335660     -0.0066753924
152     0.0000000000     0.0000000000     0.0000000000     0.0000000000     -0.0000571057     -0.0066683712
153     0.0000000000     0.0000000000     0.0000000000     0.0000000000     -0.0000782717     -0.0066674850
154     0.0000000000     0.0000000000     0.0000000000     0.0000000000     -0.0000968647     -0.0066686278
155     0.0000000000     0.0000000000     0.0000000000     0.0000000000     -0.0001140467     -0.0066680439
156     0.0000000000     0.0000000000     0.0000000000     0.0000000000     -0.0001312899     -0.0066660297
157     0.0000000000     0.0000000000     0.0000000000     0.0000000000     0.0004591855     -0.0066174627
158     0.0000000000     0.0000000000     0.0000000000     0.0000000000     0.0004523393     -0.0066173059
159     0.0000000000     0.0000000000     0.0000000000     0.0000000000     0.0004394104     -0.0066168399
160     0.0000000000     0.0000000000     0.0000000000     0.0000000000     0.0004248237     -0.0066167168
161     0.0000000000     0.0000000000     0.0000000000     0.0000000000     0.0004075175     -0.0066139570
162     0.0000000000     0.0000000000     0.0000000000     0.0000000000     0.0003869861     -0.0066055034
163     0.0000000000     0.0000000000     0.0000000000     0.0000000000     0.0003639445     -0.0065980413
164     0.0000000000     0.0000000000     0.0000000000     0.0000000000     0.0003399208     -0.0065970350
165     0.0000000000     0.0000000000     0.0000000000     0.0000000000     0.0003136407     -0.0065967454
166     0.0000000000     0.0000000000     0.0000000000     0.0000000000     0.0002839725     -0.0065944062
167     0.0000000000     0.0000000000     0.0000000000     0.0000000000     0.0002525021     -0.0065895964
168     0.0000000000     0.0000000000     0.0000000000     0.0000000000     0.0002226829     -0.0065835719
169     0.0000000000     0.0000000000     0.0000000000     0.0000000000     0.0001961251     -0.0065775887
170     0.0000000000     0.0000000000     0.0000000000     0.0000000000     0.0001695378     -0.0065748245
171     0.0000000000     0.0000000000     0.0000000000     0.0000000000     0.0001395566     -0.0065742629
172     0.0000000000     0.0000000000     0.0000000000     0.0000000000     0.0001064845     -0.0065717309
173     0.0000000000     0.0000000000     0.0000000000     0.0000000000     0.0000744936     -0.0065701776
174     0.0000000000     0.0000000000     0.0000000000     0.0000000000     0.0000461160     -0.0065706491
175     0.0000000000     0.0000000000     0.0000000000     0.0000000000     0.0000164554     -0.0065726383
176     0.0000000000     0.0000000000     0.0000000000     0.0000000000     -0.0000126512     -0.0065736124
177     0.0000000000     0.0000000000     0.0000000000     0.0000000000     -0.0000390769     -0.0065674936
178     0.0000000000     0.0000000000     0.0000000000     0.0000000000     -0.0000622524     -0.0065641542
179     0.0000000000     0.0000000000     0.0000000000     0.0000000000     -0.0000817840     -0.0065646653
180     0.0000000000     0.0000000000     0.0000000000     0.0000000000     -0.0001008090     -0.0065576075
181     0.0000000000     0.0000000000     0.0000000000     0.0000000000     -0.0001189423     -0.0065474472
182     0.0000000000     0.0000000000     0.0000000000     0.0000000000     -0.0001359422     -0.0065461750
183     0.0000000000     0.0000000000     0.0000000000     0.0000000000     0.0004602500     -0.0065029788
184     0.0000000000     0.0000000000     0.0000000000     0.0000000000     0.0004541238     -0.0065027022
185     0.0000000000     0.0000000000     0.0000000000     0.0000000000     0.0004413093     -0.0065013829
186     0.0000000000     0.0000000000     0.0000000000     0.0000000000     0.0004263573     -0.0065000707
187     0.0000000000     0.0000000000     0.0000000000     0.0000000000     0.0004083961     -0.0064948206
188     0.0000000000     0.0000000000     0.0000000000     0.0000000000     0.0003883408     -0.0064898651
189     0.0000000000     0.0000000000     0.0000000000     0.0000000000     0.0003662212     -0.0064855107
190     0.0000000000     0.0000000000     0.0000000000     0.0000000000     0.0003415299     -0.0064828473
191     0.0000000000     0.0000000000     0.0000000000     0.0000000000     0.0003124599     -0.0064816416
192     0.0000000000     0.0000000000     0.0000000000     0.0000000000     0.0002799686     -0.0064784025
193     0.0000000000     0.0000000000     0.0000000000     0.0000000000     0.0002495572     -0.0064752138
194     0.0000000000     0.0000000000     0.0000000000     0.0000000000     0.0002218466     -0.0064730790
195     0.0000000000     0.0000000000     0.0000000000     0.0000000000     0.0001946353     -0.0064663426
196     0.0000000000     0.0000000000     0.0000000000     0.0000000000     0.0001651879     -0.0064593233
197     0.0000000000     0.0000000000     0.0000000000     0.0000000000     0.0001343859     -0.0064563689
198     0.0000000000     0.0000000000     0.0000000000     0.0000000000     0.0001028251     -0.0064562217
199     0.0000000000     0.0000000000     0.0000000000     0.0000000000     0.0000726523     -0.0064558644
200     0.0000000000     0.0000000000     0.0000000000     0.0000000000     0.0000434164     -0.0064523029
201     0.0000000000     0.0000000000     0.0000000000     0.0000000000     0.0000134068     -0.0064510077
202     0.0000000000     0.0000000000     0.0000000000     0.0000000000     -0.0000150203     -0.0064549596
203     0.0000000000     0.0000000000     0.0000000000     0.0000000000     -0.0000423256     -0.0064562991
204     0.0000000000     0.0000000000     0.0000000000     0.0000000000     -0.0000663098     -0.0064536326
205     0.0000000000     0.0000000000     0.0000000000     0.0000000000     -0.0000853832     -0.0064485874
206     0.0000000000     0.0000000000     0.0000000000     0.0000000000     -0.0001048049     -0.0064390447
207     0.0000000000     0.0000000000     0.0000000000     0.0000000000     -0.0001244944     -0.0064351876
208     0.0000000000     0.0000000000     0.0000000000     0.0000000000     -0.0001403402     -0.0064353619
209     0.0000000000     0.0000000000     0.0000000000     0.0000000000     0.0004628759     -0.0063929488
210     0.0000000000     0.0000000000     0.0000000000     0.0000000000     0.0004572698     -0.0063919710
211     0.0000000000     0.0000000000     0.0000000000     0.0000000000     0.0004439367     -0.0063869312
212     0.0000000000     0.0000000000     0.0000000000     0.0000000000     0.0004286604     -0.0063849575
213     0.0000000000     0.0000000000     0.0000000000     0.0000000000     0.0004108506     -0.0063858939
214     0.0000000000     0.0000000000     0.0000000000     0.0000000000     0.0003901656     -0.0063830447
215     0.0000000000     0.0000000000     0.0000000000     0.0000000000     0.0003666017     -0.0063785927
216     0.0000000000     0.0000000000     0.0000000000     0.0000000000     0.0003402131     -0.0063732476
217     0.0000000000     0.0000000000     0.0000000000     0.0000000000     0.0003102201     -0.0063682448
218     0.0000000000     0.0000000000     0.0000000000     0.0000000000     0.0002782666     -0.0063665959
219     0.0000000000     0.0000000000     0.0000000000     0.0000000000     0.0002490457     -0.0063611523
220     0.0000000000     0.0000000000     0.0000000000     0.0000000000     0.0002211995     -0.0063522625
221     0.0000000000     0.0000000000     0.0000000000     0.0000000000     0.0001912424     -0.0063455909
222     0.0000000000     0.0000000000     0.0000000000     0.0000000000     0.0001585827     -0.0063426211
223     0.0000000000     0.0000000000     0.0000000000     0.0000000000     0.0001284243     -0.0063400730
224     0.0000000000     0.0000000000     0.0000000000     0.0000000000     0.0001006083     -0.0063377891
225     0.0000000000     0.0000000000     0.0000000000     0.0000000000     0.0000733894     -0.0063354541
226     0.0000000000     0.0000000000     0.0000000000     0.0000000000     0.0000426074     -0.0063316467
227     0.0000000000     0.0000000000     0.0000000000     0.0000000000     0.0000093652     -0.0063277755
228     0.0000000000     0.0000000000     0.0000000000     0.0000000000     -0.0000187370     -0.0063263265
229     0.0000000000     0.0000000000     0.0000000000     0.0000000000     -0.0000446568     -0.0063278795
230     0.0000000000     0.0000000000     0.0000000000     0.0000000000     -0.0000671760     -0.0063288137
231     0.0000000000     0.0000000000     0.0000000000     0.0000000000     -0.0000876096     -0.0063245270
232     0.0000000000     0.0000000000     0.0000000000     0.0000000000     -0.0001092116     -0.0063212417
233     0.0000000000     0.0000000000     0.0000000000     0.0000000000     -0.0001276974     -0.0063234203
234     0.0000000000     0.0000000000     0.0000000000     0.0000000000     -0.0001430200     -0.0063190047
235     0.0000000000     0.0000000000     0.0000000000     0.0000000000     0.0004645994     -0.0062817846
236     0.0000000000     0.0000000000     0.0000000000     0.0000000000     0.0004599917     -0.0062808059
237     0.0000000000     0.0000000000     0.0000000000     0.0000000000     0.0004479068     -0.0062760343
238     0.0000000000     0.0000000000     0.0000000000     0.0000000000     0.0004305626     -0.0062728790
239     0.0000000000     0.0000000000     0.0000000000     0.0000000000     0.0004104520     -0.0062710020
240     0.0000000000     0.0000000000     0.0000000000     0.0000000000     0.0003893352     -0.0062646218
241     0.0000000000     0.0000000000     0.0000000000     0.0000000000     0.0003642642     -0.0062585000
242     0.0000000000     0.0000000000     0.0000000000     0.0000000000     0.0003370905     -0.0062556614
243     0.0000000000     0.0000000000     0.0000000000     0.0000000000     0.0003083367     -0.0062515917
244     0.0000000000     0.0000000000     0.0000000000     0.0000000000     0.0002788063     -0.0062491832
245     0.0000000000     0.0000000000     0.0000000000     0.0000000000     0.0002491046     -0.0062475509
246     0.0000000000     0.0000000000     0.0000000000     0.0000000000     0.0002189652     -0.0062410226
247     0.0000000000     0.0000000000     0.0000000000     0.0000000000     0.0001870344     -0.0062344709
248     0.0000000000     0.0000000000     0.0000000000     0.0000000000     0.0001534137     -0.0062329394
249     0.0000000000     0.0000000000     0.0000000000     0.0000000000     0.0001236588     -0.0062328323
250     0.0000000000     0.0000000000     0.0000000000     0.0000000000     0.0000973573     -0.0062283117
251     0.0000000000     0.0000000000     0.0000000000     0.0000000000     0.0000720160     -0.0062209276
252     0.0000000000     0.0000000000     0.0000000000     0.0000000000     0.0000408920     -0.0062137246
253     0.0000000000     0.0000000000     0.0000000000     0.0000000000     0.0000070976     -0.0062055131
254     0.0000000000     0.0000000000     0.0000000000     0.0000000000     -0.0000217926     -0.0062036955
255     0.0000000000     0.0000000000     0.0000000000     0.0000000000     -0.0000469041     -0.0062054751
256     0.0000000000     0.0000000000     0.0000000000     0.0000000000     -0.0000679656     -0.0062064533
257     0.0000000000     0.0000000000     0.0000000000     0.0000000000     -0.0000893512     -0.0062089461
258     0.0000000000     0.0000000000     0.0000000000     0.0000000000     -0.0001118514     -0.0062077304
259     0.0000000000     0.0000000000     0.0000000000     0.0000000000     -0.0001303534     -0.0062000172
260     0.0000000000     0.0000000000     0.0000000000     0.0000000000     -0.0001464652     -0.0061924529
261     0.0000000000     0.0000000000     0.0000000000     0.0000000000     0.0004590141     -0.0061690261
262     0.0000000000     0.0000000000     0.0000000000     0.0000000000     0.0004551559     -0.0061678451
263     0.0000000000     0.0000000000     0.0000000000     0.0000000000     0.0004437747     -0.0061594253
264     0.0000000000     0.0000000000     0.0000000000     0.0000000000     0.0004279627     -0.0061500400
265     0.0000000000     0.0000000000     0.0000000000     0.0000000000     0.0004081967     -0.0061416765
266     0.0000000000     0.0000000000     0.0000000000     0.0000000000     0.0003873553     -0.0061382369
267     0.0000000000     0.0000000000     0.0000000000     0.0000000000     0.0003605670     -0.0061392361
268     0.0000000000     0.0000000000     0.0000000000     0.0000000000     0.0003314114     -0.0061412637
269     0.0000000000     0.0000000000     0.0000000000     0.0000000000     0.0003048893     -0.0061379379
270     0.0000000000     0.0000000000     0.0000000000     0.0000000000     0.0002779052     -0.0061302436
271     0.0000000000     0.0000000000     0.0000000000     0.0000000000     0.0002469687     -0.0061291878
272     0.0000000000     0.0000000000     0.0000000000     0.0000000000     0.0002159840     -0.0061272067
273     0.0000000000     0.0000000000     0.0000000000     0.0000000000     0.0001874329     -0.0061225511
274     0.0000000000     0.0000000000     0.0000000000     0.0000000000     0.0001545864     -0.0061225177
275     0.0000000000     0.0000000000     0.0000000000     0.0000000000     0.0001226474     -0.0061243531
276     0.0000000000     0.0000000000     0.0000000000     0.0000000000     0.0000935485     -0.0061209862
277     0.0000000000     0.0000000000     0.0000000000     0.0000000000     0.0000645635     -0.0061124482
278     0.0000000000     0.0000000000     0.0000000000     0.0000000000     0.0000360559     -0.0061043408
279     0.0000000000     0.0000000000     0.0000000000     0.0000000000     0.0000078553     -0.0060983637
280     0.0000000000     0.0000000000     0.0000000000     0.0000000000     -0.0000194855     -0.0060970543
281     0.0000000000     0.0000000000     0.0000000000     0.0000000000     -0.0000454937     -0.0060952305
282     0.0000000000     0.0000000000     0.0000000000     0.0000000000     -0.0000699381     -0.0060940327
283     0.0000000000     0.0000000000     0.0000000000     0.0000000000     -0.0000931874     -0.0060926586
284     0.0000000000     0.0000000000     0.0000000000     0.0000000000     -0.0001144315     -0.0060833044
285     0.0000000000     0.0000000000     0.0000000000     0.0000000000     -0.0001320133     -0.0060711683
286     0.0000000000     0.0000000000     0.0000000000     0.0000000000     -0.0001476852     -0.0060726503
287     0.0000000000     0.0000000000     0.0000000000     0.0000000000     0.0004560495     -0.0060507293
288     0.0000000000     0.0000000000     0.0000000000     0.0000000000     0.0004531127     -0.0060489769
289     0.0000000000     0.0000000000     0.0000000000     0.0000000000     0.0004429895     -0.0060437150
290     0.0000000000     0.0000000000     0.0000000000     0.0000000000     0.0004284104     -0.0060383827
291     0.0000000000     0.0000000000     0.0000000000     0.0000000000     0.0004068948     -0.0060293880
292     0.0000000000     0.0000000000     0.0000000000     0.0000000000     0.0003830439     -0.0060270508
293     0.0000000000     0.0000000000     0.0000000000     0.0000000000     0.0003571715     -0.0060282176
294     0.0000000000     0.0000000000     0.0000000000     0.0000000000     0.0003299764     -0.0060279191
295     0.0000000000     0.0000000000     0.0000000000     0.0000000000     0.0003020718     -0.0060276593
296     0.0000000000     0.0000000000     0.0000000000     0.0000000000     0.0002727497     -0.0060249242
297     0.0000000000     0.0000000000     0.0000000000     0.0000000000     0.0002434076     -0.0060206391
298     0.0000000000     0.0000000000     0.0000000000     0.0000000000     0.0002146060     -0.0060177353
299     0.0000000000     0.0000000000     0.0000000000     0.0000000000     0.0001877106     -0.0060149895
300     0.0000000000     0.0000000000     0.0000000000     0.0000000000     0.0001558359     -0.0060125764
301     0.0000000000     0.0000000000     0.0000000000     0.0000000000     0.0001240835     -0.0060120201
302     0.0000000000     0.0000000000     0.0000000000     0.0000000000     0.0000949227     -0.0060123589
303     0.0000000000     0.0000000000     0.0000000000     0.0000000000     0.0000632887     -0.0060064330
304     0.0000000000     0.0000000000     0.0000000000     0.0000000000     0.0000340974     -0.0059990487
305     0.0000000000     0.0000000000     0.0000000000     0.0000000000     0.0000062200     -0.0059976142
306     0.0000000000     0.0000000000     0.0000000000     0.0000000000     -0.0000202727     -0.0059911447
307     0.0000000000     0.0000000000     0.0000000000     0.0000000000     -0.0000464351     -0.0059804435
308     0.0000000000     0.0000000000     0.0000000000     0.0000000000     -0.0000734767     -0.0059757130
309     0.0000000000     0.0000000000     0.0000000000     0.0000000000     -0.0000965654     -0.0059726156
310     0.0000000000     0.0000000000     0.0000000000     0.0000000000     -0.0001151954     -0.0059670827
311     0.0000000000     0.0000000000     0.0000000000     0.0000000000     -0.0001313141     -0.0059597253
312     0.0000000000     0.0000000000     0.0000000000     0.0000000000     -0.0001469509     -0.0059619821
313     0.0000000000     0.0000000000     0.0000000000     0.0000000000     0.0004566832     -0.0059350698
314     0.0000000000     0.0000000000     0.0000000000     0.0000000000     0.0004544268     -0.0059334220
315     0.0000000000     0.0000000000     0.0000000000     0.0000000000     0.0004443764     -0.0059278331
316     0.0000000000     0.0000000000     0.0000000000     0.0000000000     0.0004279935     -0.0059243069
317     0.0000000000     0.0000000000     0.0000000000     0.0000000000     0.0004039742     -0.0059189027
318     0.0000000000     0.0000000000     0.0000000000     0.0000000000     0.0003774285     -0.0059123816
319     0.0000000000     0.0000000000     0.0000000000     0.0000000000     0.0003535514     -0.0059076404
320     0.0000000000     0.0000000000     0.0000000000     0.0000000000     0.0003299346     -0.0059043280
321     0.0000000000     0.0000000000     0.0000000000     0.0000000000     0.0003009843     -0.0059020733
322     0.0000000000     0.0000000000     0.0000000000     0.0000000000     0.0002727223     -0.0059064459
323     0.0000000000     0.0000000000     0.0000000000     0.0000000000     0.0002483441     -0.0059072907
324     0.0000000000     0.0000000000     0.0000000000     0.0000000000     0.0002182457     -0.0058982485
325     0.0000000000     0.0000000000     0.0000000000     0.0000000000     0.0001843277     -0.0058920119
326     0.0000000000     0.0000000000     0.0000000000     0.0000000000     0.0001521577     -0.0058888269
327     0.0000000000     0.0000000000     0.0000000000     0.0000000000     0.0001226334     -0.0058899967
328     0.0000000000     0.0000000000     0.0000000000     0.0000000000     0.0000946482     -0.0058921641
329     0.0000000000     0.0000000000     0.0000000000     0.0000000000     0.0000632273     -0.0058879421
330     0.0000000000     0.0000000000     0.0000000000     0.0000000000     0.0000334492     -0.0058839810
331     0.0000000000     0.0000000000     0.0000000000     0.0000000000     0.0000045372     -0.0058817214
332     0.0000000000     0.0000000000     0.0000000000     0.0000000000     -0.0000253765     -0.0058733991
333     0.0000000000     0.0000000000     0.0000000000     0.0000000000     -0.0000504963     -0.0058655626
334     0.0000000000     0.0000000000     0.0000000000     0.0000000000     -0.0000755754     -0.0058599146
335     0.0000000000     0.0000000000     0.0000000000     0.0000000000     -0.0000992837     -0.0058583811
336     0.0000000000     0.0000000000     0.0000000000     0.0000000000     -0.0001175410     -0.0058590675
337     0.0000000000     0.0000000000     0.0000000000     0.0000000000     -0.0001323931     -0.0058535288
338     0.0000000000     0.0000000000     0.0000000000     0.0000000000     -0.0001467293     -0.0058537415
339     0.0000000000     0.0000000000     0.0000000000     0.0000000000     0.0004534654     -0.0058279285
340     0.0000000000     0.0000000000     0.0000000000     0.0000000000     0.0004508452     -0.0058254688
341     0.0000000000     0.0000000000     0.0000000000     0.0000000000     0.0004389857     -0.0058129771
342     0.0000000000     0.0000000000     0.0000000000     0.0000000000     0.0004223542     -0.0058043089
343     0.0000000000     0.0000000000     0.0000000000     0.0000000000     0.0004005241     -0.0058024636
344     0.0000000000     0.0000000000     0.0000000000     0.0000000000     0.0003760440     -0.0057992565
345     0.0000000000     0.0000000000     0.0000000000     0.0000000000     0.0003512006     -0.0057968105
346     0.0000000000     0.0000000000     0.0000000000     0.0000000000     0.0003254474     -0.0057925441
347     0.0000000000     0.0000000000     0.0000000000     0.0000000000     0.0002975854     -0.0057863997
348     0.0000000000     0.0000000000     0.0000000000     0.0000000000     0.0002719099     -0.0057867320
349     0.0000000000     0.0000000000     0.0000000000     0.0000000000     0.0002470680     -0.0057851538
350     0.0000000000     0.0000000000     0.0000000000     0.0000000000     0.0002132260     -0.0057769745
351     0.0000000000     0.0000000000     0.0000000000     0.0000000000     0.0001787005     -0.0057733989
352     0.0000000000     0.0000000000     0.0000000000     0.0000000000     0.0001493409     -0.0057723476
353     0.0000000000     0.0000000000     0.0000000000     0.0000000000     0.0001227648     -0.0057698093
354     0.0000000000     0.0000000000     0.0000000000     0.0000000000     0.0000928130     -0.0057645891
355     0.0000000000     0.0000000000     0.0000000000     0.0000000000     0.0000604759     -0.0057608660
356     0.0000000000     0.0000000000     0.0000000000     0.0000000000     0.0000321215     -0.0057632158
357     0.0000000000     0.0000000000     0.0000000000     0.0000000000     0.0000038464     -0.0057646751
358     0.0000000000     0.0000000000     0.0000000000     0.0000000000     -0.0000262353     -0.0057635601
359     0.0000000000     0.0000000000     0.0000000000     0.0000000000     -0.0000527970     -0.0057585775
360     0.0000000000     0.0000000000     0.0000000000     0.0000000000     -0.0000765639     -0.0057469717
361     0.0000000000     0.0000000000     0.0000000000     0.0000000000     -0.0001003050     -0.0057372764
362     0.0000000000     0.0000000000     0.0000000000     0.0000000000     -0.0001209511     -0.0057385664
363     0.0000000000     0.0000000000     0.0000000000     0.0000000000     -0.0001374489     -0.0057455758
364     0.0000000000     0.0000000000     0.0000000000     0.0000000000     -0.0001516839     -0.0057531022
365     0.0000000000     0.0000000000     28.0730003911     0.0000000000     0.0004479454     -0.0057139915
366     0.0000000000     0.0000000000     28.0730003911     0.0000000000     0.0004452657     -0.0057135305
367     0.0000000000     0.0000000000     28.0730003911     0.0000000000     0.0004330224     -0.0057073153
368     0.0000000000     0.0000000000     28.0730003911     0.0000000000     0.0004171639     -0.0056985218
369     0.0000000000     0.0000000000     28.0730003911     0.0000000000     0.0003986486     -0.0056941399
370     0.0000000000     0.0000000000     28.0730003911     0.0000000000     0.0003774750     -0.0056882686
371     0.0000000000     0.0000000000     28.0730003911     0.0000000000     0.0003515709     -0.0056839719
372     0.0000000000     0.0000000000     28.0730003911     0.0000000000     0.0003235673     -0.0056789911
373     0.0000000000     0.0000000000     28.0730003911     0.0000000000     0.0002938061     -0.0056729975
374     0.0000000000     0.0000000000     28.0730003911     0.0000000000     0.0002628610     -0.0056692819
375     0.0000000000     0.0000000000     28.0730003911     0.0000000000     0.0002343139     -0.0056670358
376     0.0000000000     0.0000000000     28.0730003911     0.0000000000     0.0002065136     -0.0056674643
377     0.0000000000     0.0000000000     28.0730003911     0.0000000000     0.0001771219     -0.0056712724
378     0.0000000000     0.0000000000     28.0730003911     0.0000000000     0.0001462145     -0.0056682780
379     0.0000000000     0.0000000000     28.0730003911     0.0000000000     0.0001183417     -0.0056604143
380     0.0000000000     0.0000000000     28.0730003911     0.0000000000     0.0000894953     -0.0056552356
381     0.0000000000     0.0000000000     28.0730003911     0.0000000000     0.0000594548     -0.0056472263
382     0.0000000000     0.0000000000     28.0730003911     0.0000000000     0.0000315473     -0.0056388906
383     0.0000000000     0.0000000000     28.0730003911     0.0000000000     0.0000009382     -0.0056350761
384     0.0000000000     0.0000000000     28.0730003911     0.0000000000     -0.0000311371     -0.0056346847
385     0.0000000000     0.0000000000     28.0730003911     0.0000000000     -0.0000584978     -0.0056341842
386     0.0000000000     0.0000000000     28.0730003911     0.0000000000     -0.0000802922     -0.0056300170
387     0.0000000000     0.0000000000     28.0730003911     0.0000000000     -0.0001010782     -0.0056255639
388     0.0000000000     0.0000000000     28.0730003911     0.0000000000     -0.0001216824     -0.0056211892
389     0.0000000000     0.0000000000     28.0730003911     0.0000000000     -0.0001404828     -0.0056214537
390     0.0000000000     0.0000000000     28.0730003911     0.0000000000     -0.0001560790     -0.0056318448
