1     0.0000000000     0.0000000000     -35.7303734214     0.0000000000     0.0005677718     -0.0093725331
2     0.0000000000     0.0000000000     -35.7303734214     0.0000000000     0.0005510038     -0.0093717180
3     0.0000000000     0.0000000000     -35.7303734214     0.0000000000     0.0005315908     -0.0093689229
4     0.0000000000     0.0000000000     -35.7303734214     0.0000000000     0.0005102849     -0.0093660758
5     0.0000000000     0.0000000000     -35.7303734214     0.0000000000     0.0004870692     -0.0093633937
6     0.0000000000     0.0000000000     -35.7303734214     0.0000000000     0.0004619498     -0.0093608864
7     0.0000000000     0.0000000000     -35.7303734214     0.0000000000     0.0004350791     -0.0093583125
8     0.0000000000     0.0000000000     -35.7303734214     0.0000000000     0.0004066869     -0.0093553734
9     0.0000000000     0.0000000000     -35.7303734214     0.0000000000     0.0003770212     -0.0093523005
10     0.0000000000     0.0000000000     -35.7303734214     0.0000000000     0.0003462575     -0.0093496746
11     0.0000000000     0.0000000000     -35.7303734214     0.0000000000     0.0003145092     -0.0093473950
12     0.0000000000     0.0000000000     -35.7303734214     0.0000000000     0.0002819991     -0.0093449213
13     0.0000000000     0.0000000000     -35.7303734214     0.0000000000     0.0002490433     -0.0093422695
14     0.0000000000     0.0000000000     -35.7303734214     0.0000000000     0.0002159797     -0.0093397214
15     0.0000000000     0.0000000000     -35.7303734214     0.0000000000     0.0001830906     -0.0093374181
16     0.0000000000     0.0000000000     -35.7303734214     0.0000000000     0.0001504593     -0.0093354434
17     0.0000000000     0.0000000000     -35.7303734214     0.0000000000     0.0001180331     -0.0093338028
18     0.0000000000     0.0000000000     -35.7303734214     0.0000000000     0.0000857811     -0.0093323586
19     0.0000000000     0.0000000000     -35.7303734214     0.0000000000     0.0000537947     -0.0093309842
20     0.0000000000     0.0000000000     -35.7303734214     0.0000000000     0.0000222685     -0.0093295887
21     0.0000000000     0.0000000000     -35.7303734214     0.0000000000     -0.0000085450     -0.0093278566
22     0.0000000000     0.0000000000     -35.7303734214     0.0000000000     -0.0000383510     -0.0093253398
23     0.0000000000     0.0000000000     -35.7303734214     0.0000000000     -0.0000669189     -0.0093218763
24     0.0000000000     0.0000000000     -35.7303734214     0.0000000000     -0.0000942288     -0.0093178779
25     0.0000000000     0.0000000000     -35.7303734214     0.0000000000     -0.0001204587     -0.0093138369
26     0.0000000000     0.0000000000     -35.7303734214     0.0000000000     -0.0001457672     -0.0093101981
27     0.0000000000     0.0000000000     0.0000000000     0.0000000000     0.0005710101     -0.0092272322
28     0.0000000000     0.0000000000     0.0000000000     0.0000000000     0.0005551305     -0.0092264759
29     0.0000000000     0.0000000000     0.0000000000     0.0000000000     0.0005359236     -0.0092236128
30     0.0000000000     0.0000000000     0.0000000000     0.0000000000     0.0005147709     -0.0092205525
31     0.0000000000     0.0000000000     0.0000000000     0.0000000000     0.0004914764     -0.0092176786
32     0.0000000000     0.0000000000     0.0000000000     0.0000000000     0.0004660072     -0.0092149883
33     0.0000000000     0.0000000000     0.0000000000     0.0000000000     0.0004386391     -0.0092122616
34     0.0000000000     0.0000000000     0.0000000000     0.0000000000     0.0004096593     -0.0092087240
35     0.0000000000     0.0000000000     0.0000000000     0.0000000000     0.0003794240     -0.0092046850
36     0.0000000000     0.0000000000     0.0000000000     0.0000000000     0.0003481167     -0.0092017403
37     0.0000000000     0.0000000000     0.0000000000     0.0000000000     0.0003156129     -0.0091996177
38     0.0000000000     0.0000000000     0.0000000000     0.0000000000     0.0002822059     -0.0091968346
39     0.0000000000     0.0000000000     0.0000000000     0.0000000000     0.0002483509     -0.0091938839
40     0.0000000000     0.0000000000     0.0000000000     0.0000000000     0.0002144566     -0.0091912005
41     0.0000000000     0.0000000000     0.0000000000     0.0000000000     0.0001809451     -0.0091887150
42     0.0000000000     0.0000000000     0.0000000000     0.0000000000     0.0001477619     -0.0091866026
43     0.0000000000     0.0000000000     0.0000000000     0.0000000000     0.0001147061     -0.0091849664
44     0.0000000000     0.0000000000     0.0000000000     0.0000000000     0.0000816748     -0.0091834828
45     0.0000000000     0.0000000000     0.0000000000     0.0000000000     0.0000488342     -0.0091819402
46     0.0000000000     0.0000000000     0.0000000000     0.0000000000     0.0000164838     -0.0091805754
47     0.0000000000     0.0000000000     0.0000000000     0.0000000000     -0.0000150611     -0.0091789268
48     0.0000000000     0.0000000000     0.0000000000     0.0000000000     -0.0000453556     -0.0091762650
49     0.0000000000     0.0000000000     0.0000000000     0.0000000000     -0.0000740580     -0.0091721756
50     0.0000000000     0.0000000000     0.0000000000     0.0000000000     -0.0001011730     -0.0091679201
51     0.0000000000     0.0000000000     0.0000000000     0.0000000000     -0.0001271701     -0.0091641104
52     0.0000000000     0.0000000000     0.0000000000     0.0000000000     -0.0001522015     -0.0091606832
53     0.0000000000     0.0000000000     0.0000000000     0.0000000000     0.0005742191     -0.0090821631
54     0.0000000000     0.0000000000     0.0000000000     0.0000000000     0.0005592165     -0.0090815555
55     0.0000000000     0.0000000000     0.0000000000     0.0000000000     0.0005402470     -0.0090790674
56     0.0000000000     0.0000000000     0.0000000000     0.0000000000     0.0005192078     -0.0090759623
57     0.0000000000     0.0000000000     0.0000000000     0.0000000000     0.0004957875     -0.0090729475
58     0.0000000000     0.0000000000     0.0000000000     0.0000000000     0.0004698147     -0.0090695480
59     0.0000000000     0.0000000000     0.0000000000     0.0000000000     0.0004419619     -0.0090662634
60     0.0000000000     0.0000000000     0.0000000000     0.0000000000     0.0004123853     -0.0090621506
61     0.0000000000     0.0000000000     0.0000000000     0.0000000000     0.0003816418     -0.0090570123
62     0.0000000000     0.0000000000     0.0000000000     0.0000000000     0.0003500826     -0.0090534984
63     0.0000000000     0.0000000000     0.0000000000     0.0000000000     0.0003167854     -0.0090513158
64     0.0000000000     0.0000000000     0.0000000000     0.0000000000     0.0002823367     -0.0090478422
65     0.0000000000     0.0000000000     0.0000000000     0.0000000000     0.0002476257     -0.0090452106
66     0.0000000000     0.0000000000     0.0000000000     0.0000000000     0.0002130145     -0.0090427949
67     0.0000000000     0.0000000000     0.0000000000     0.0000000000     0.0001791104     -0.0090399656
68     0.0000000000     0.0000000000     0.0000000000     0.0000000000     0.0001453967     -0.0090376446
69     0.0000000000     0.0000000000     0.0000000000     0.0000000000     0.0001115694     -0.0090361037
70     0.0000000000     0.0000000000     0.0000000000     0.0000000000     0.0000775096     -0.0090345559
71     0.0000000000     0.0000000000     0.0000000000     0.0000000000     0.0000435979     -0.0090324433
72     0.0000000000     0.0000000000     0.0000000000     0.0000000000     0.0000102551     -0.0090309103
73     0.0000000000     0.0000000000     0.0000000000     0.0000000000     -0.0000221296     -0.0090289238
74     0.0000000000     0.0000000000     0.0000000000     0.0000000000     -0.0000527979     -0.0090257779
75     0.0000000000     0.0000000000     0.0000000000     0.0000000000     -0.0000814806     -0.0090200537
76     0.0000000000     0.0000000000     0.0000000000     0.0000000000     -0.0001081399     -0.0090157861
77     0.0000000000     0.0000000000     0.0000000000     0.0000000000     -0.0001338956     -0.0090138709
78     0.0000000000     0.0000000000     0.0000000000     0.0000000000     -0.0001585507     -0.0090115127
79     0.0000000000     0.0000000000     0.0000000000     0.0000000000     0.0005774789     -0.0089368762
80     0.0000000000     0.0000000000     0.0000000000     0.0000000000     0.0005633482     -0.0089364363
81     0.0000000000     0.0000000000     0.0000000000     0.0000000000     0.0005443906     -0.0089354341
82     0.0000000000     0.0000000000     0.0000000000     0.0000000000     0.0005233843     -0.0089318839
83     0.0000000000     0.0000000000     0.0000000000     0.0000000000     0.0004997929     -0.0089284167
84     0.0000000000     0.0000000000     0.0000000000     0.0000000000     0.0004732645     -0.0089240827
85     0.0000000000     0.0000000000     0.0000000000     0.0000000000     0.0004451685     -0.0089191136
86     0.0000000000     0.0000000000     0.0000000000     0.0000000000     0.0004151676     -0.0089155212
87     0.0000000000     0.0000000000     0.0000000000     0.0000000000     0.0003839195     -0.0089118124
88     0.0000000000     0.0000000000     0.0000000000     0.0000000000     0.0003519846     -0.0089072305
89     0.0000000000     0.0000000000     0.0000000000     0.0000000000     0.0003176405     -0.0089026493
90     0.0000000000     0.0000000000     0.0000000000     0.0000000000     0.0002819038     -0.0088991035
91     0.0000000000     0.0000000000     0.0000000000     0.0000000000     0.0002465851     -0.0088979939
92     0.0000000000     0.0000000000     0.0000000000     0.0000000000     0.0002120223     -0.0088955790
93     0.0000000000     0.0000000000     0.0000000000     0.0000000000     0.0001780141     -0.0088914727
94     0.0000000000     0.0000000000     0.0000000000     0.0000000000     0.0001437451     -0.0088890977
95     0.0000000000     0.0000000000     0.0000000000     0.0000000000     0.0001085632     -0.0088879215
96     0.0000000000     0.0000000000     0.0000000000     0.0000000000     0.0000729049     -0.0088859979
97     0.0000000000     0.0000000000     0.0000000000     0.0000000000     0.0000377958     -0.0088834935
98     0.0000000000     0.0000000000     0.0000000000     0.0000000000     0.0000032463     -0.0088810007
99     0.0000000000     0.0000000000     0.0000000000     0.0000000000     -0.0000298512     -0.0088781888
100     0.0000000000     0.0000000000     0.0000000000     0.0000000000     -0.0000605249     -0.0088739834
101     0.0000000000     0.0000000000     0.0000000000     0.0000000000     -0.0000887634     -0.0088663243
102     0.0000000000     0.0000000000     0.0000000000     0.0000000000     -0.0001150174     -0.0088624435
103     0.0000000000     0.0000000000     0.0000000000     0.0000000000     -0.0001402693     -0.0088643392
104     0.0000000000     0.0000000000     0.0000000000     0.0000000000     -0.0001645195     -0.0088654613
105     0.0000000000     0.0000000000     0.0000000000     0.0000000000     0.0005800382     -0.0087934826
106     0.0000000000     0.0000000000     0.0000000000     0.0000000000     0.0005667360     -0.0087930225
107     0.0000000000     0.0000000000     0.0000000000     0.0000000000     0.0005476650     -0.0087901010
108     0.0000000000     0.0000000000     0.0000000000     0.0000000000     0.0005270971     -0.0087842959
109     0.0000000000     0.0000000000     0.0000000000     0.0000000000     0.0005037272     -0.0087779802
110     0.0000000000     0.0000000000     0.0000000000     0.0000000000     0.0004773991     -0.0087739663
111     0.0000000000     0.0000000000     0.0000000000     0.0000000000     0.0004493607     -0.0087725624
112     0.0000000000     0.0000000000     0.0000000000     0.0000000000     0.0004197436     -0.0087722316
113     0.0000000000     0.0000000000     0.0000000000     0.0000000000     0.0003879449     -0.0087689502
114     0.0000000000     0.0000000000     0.0000000000     0.0000000000     0.0003531174     -0.0087644941
115     0.0000000000     0.0000000000     0.0000000000     0.0000000000     0.0003161817     -0.0087616099
116     0.0000000000     0.0000000000     0.0000000000     0.0000000000     0.0002801227     -0.0087579544
117     0.0000000000     0.0000000000     0.0000000000     0.0000000000     0.0002456483     -0.0087537357
118     0.0000000000     0.0000000000     0.0000000000     0.0000000000     0.0002112520     -0.0087487926
119     0.0000000000     0.0000000000     0.0000000000     0.0000000000     0.0001773338     -0.0087435239
120     0.0000000000     0.0000000000     0.0000000000     0.0000000000     0.0001423850     -0.0087411226
121     0.0000000000     0.0000000000     0.0000000000     0.0000000000     0.0001050200     -0.0087408404
122     0.0000000000     0.0000000000     0.0000000000     0.0000000000     0.0000669153     -0.0087388257
123     0.0000000000     0.0000000000     0.0000000000     0.0000000000     0.0000306307     -0.0087369124
124     0.0000000000     0.0000000000     0.0000000000     0.0000000000     -0.0000042104     -0.0087327682
125     0.0000000000     0.0000000000     0.0000000000     0.0000000000     -0.0000370209     -0.0087284640
126     0.0000000000     0.0000000000     0.0000000000     0.0000000000     -0.0000678679     -0.0087244718
127     0.0000000000     0.0000000000     0.0000000000     0.0000000000     -0.0000959167     -0.0087203124
128     0.0000000000     0.0000000000     0.0000000000     0.0000000000     -0.0001213259     -0.0087184525
129     0.0000000000     0.0000000000     0.0000000000     0.0000000000     -0.0001453545     -0.0087209313
130     0.0000000000     0.0000000000     0.0000000000     0.0000000000     -0.0001690117     -0.0087206027
131     0.0000000000     0.0000000000     0.0000000000     0.0000000000     0.0005815931     -0.0086454019
132     0.0000000000     0.0000000000     0.0000000000     0.0000000000     0.0005691666     -0.0086448502
133     0.0000000000     0.0000000000     0.0000000000     0.0000000000     0.0005504842     -0.0086412597
134     0.0000000000     0.0000000000     0.0000000000     0.0000000000     0.0005306238     -0.0086372419
135     0.0000000000     0.0000000000     0.0000000000     0.0000000000     0.0005075610     -0.0086334337
136     0.0000000000     0.0000000000     0.0000000000     0.0000000000     0.0004812269     -0.0086275899
137     0.0000000000     0.0000000000     0.0000000000     0.0000000000     0.0004530034     -0.0086240044
138     0.0000000000     0.0000000000     0.0000000000     0.0000000000     0.0004238611     -0.0086229913
139     0.0000000000     0.0000000000     0.0000000000     0.0000000000     0.0003916014     -0.0086196414
140     0.0000000000     0.0000000000     0.0000000000     0.0000000000     0.0003544068     -0.0086182539
141     0.0000000000     0.0000000000     0.0000000000     0.0000000000     0.0003154327     -0.0086157071
142     0.0000000000     0.0000000000     0.0000000000     0.0000000000     0.0002791148     -0.0086083362
143     0.0000000000     0.0000000000     0.0000000000     0.0000000000     0.0002454735     -0.0086015687
144     0.0000000000     0.0000000000     0.0000000000     0.0000000000     0.0002115291     -0.0085964312
145     0.0000000000     0.0000000000     0.0000000000     0.0000000000     0.0001760325     -0.0085936707
146     0.0000000000     0.0000000000     0.0000000000     0.0000000000     0.0001380765     -0.0085912502
147     0.0000000000     0.0000000000     0.0000000000     0.0000000000     0.0000989749     -0.0085908287
148     0.0000000000     0.0000000000     0.0000000000     0.0000000000     0.0000610951     -0.0085910039
149     0.0000000000     0.0000000000     0.0000000000     0.0000000000     0.0000244115     -0.0085924253
150     0.0000000000     0.0000000000     0.0000000000     0.0000000000     -0.0000106919     -0.0085903795
151     0.0000000000     0.0000000000     0.0000000000     0.0000000000     -0.0000430176     -0.0085813552
152     0.0000000000     0.0000000000     0.0000000000     0.0000000000     -0.0000735511     -0.0085741377
153     0.0000000000     0.0000000000     0.0000000000     0.0000000000     -0.0001015700     -0.0085733853
154     0.0000000000     0.0000000000     0.0000000000     0.0000000000     -0.0001268730     -0.0085747645
155     0.0000000000     0.0000000000     0.0000000000     0.0000000000     -0.0001506078     -0.0085743112
156     0.0000000000     0.0000000000     0.0000000000     0.0000000000     -0.0001742247     -0.0085723336
157     0.0000000000     0.0000000000     0.0000000000     0.0000000000     0.0005830978     -0.0084953017
158     0.0000000000     0.0000000000     0.0000000000     0.0000000000     0.0005716916     -0.0084948833
159     0.0000000000     0.0000000000     0.0000000000     0.0000000000     0.0005538683     -0.0084941259
160     0.0000000000     0.0000000000     0.0000000000     0.0000000000     0.0005339965     -0.0084937233
161     0.0000000000     0.0000000000     0.0000000000     0.0000000000     0.0005110411     -0.0084905456
162     0.0000000000     0.0000000000     0.0000000000     0.0000000000     0.0004845347     -0.0084813803
163     0.0000000000     0.0000000000     0.0000000000     0.0000000000     0.0004552021     -0.0084732833
164     0.0000000000     0.0000000000     0.0000000000     0.0000000000     0.0004245821     -0.0084720228
165     0.0000000000     0.0000000000     0.0000000000     0.0000000000     0.0003914759     -0.0084715538
166     0.0000000000     0.0000000000     0.0000000000     0.0000000000     0.0003548166     -0.0084689624
167     0.0000000000     0.0000000000     0.0000000000     0.0000000000     0.0003162045     -0.0084638050
168     0.0000000000     0.0000000000     0.0000000000     0.0000000000     0.0002790698     -0.0084574065
169     0.0000000000     0.0000000000     0.0000000000     0.0000000000     0.0002450262     -0.0084510923
170     0.0000000000     0.0000000000     0.0000000000     0.0000000000     0.0002108702     -0.0084482137
171     0.0000000000     0.0000000000     0.0000000000     0.0000000000     0.0001733297     -0.0084476967
172     0.0000000000     0.0000000000     0.0000000000     0.0000000000     0.0001327345     -0.0084451370
173     0.0000000000     0.0000000000     0.0000000000     0.0000000000     0.0000932213     -0.0084436401
174     0.0000000000     0.0000000000     0.0000000000     0.0000000000     0.0000573163     -0.0084443037
175     0.0000000000     0.0000000000     0.0000000000     0.0000000000     0.0000202396     -0.0084465841
176     0.0000000000     0.0000000000     0.0000000000     0.0000000000     -0.0000161764     -0.0084478041
177     0.0000000000     0.0000000000     0.0000000000     0.0000000000     -0.0000498260     -0.0084415507
178     0.0000000000     0.0000000000     0.0000000000     0.0000000000     -0.0000801012     -0.0084382289
179     0.0000000000     0.0000000000     0.0000000000     0.0000000000     -0.0001065880     -0.0084389637
180     0.0000000000     0.0000000000     0.0000000000     0.0000000000     -0.0001323934     -0.0084317100
181     0.0000000000     0.0000000000     0.0000000000     0.0000000000     -0.0001571209     -0.0084211726
182     0.0000000000     0.0000000000     0.0000000000     0.0000000000     -0.0001804979     -0.0084199879
183     0.0000000000     0.0000000000     0.0000000000     0.0000000000     0.0005854738     -0.0083488204
184     0.0000000000     0.0000000000     0.0000000000     0.0000000000     0.0005749328     -0.0083482473
185     0.0000000000     0.0000000000     0.0000000000     0.0000000000     0.0005573055     -0.0083465532
186     0.0000000000     0.0000000000     0.0000000000     0.0000000000     0.0005370820     -0.0083448538
187     0.0000000000     0.0000000000     0.0000000000     0.0000000000     0.0005134243     -0.0083390057
188     0.0000000000     0.0000000000     0.0000000000     0.0000000000     0.0004872612     -0.0083334845
189     0.0000000000     0.0000000000     0.0000000000     0.0000000000     0.0004586717     -0.0083286255
190     0.0000000000     0.0000000000     0.0000000000     0.0000000000     0.0004272114     -0.0083255868
191     0.0000000000     0.0000000000     0.0000000000     0.0000000000     0.0003911603     -0.0083241276
192     0.0000000000     0.0000000000     0.0000000000     0.0000000000     0.0003515199     -0.0083205674
193     0.0000000000     0.0000000000     0.0000000000     0.0000000000     0.0003137418     -0.0083171019
194     0.0000000000     0.0000000000     0.0000000000     0.0000000000     0.0002784706     -0.0083147907
195     0.0000000000     0.0000000000     0.0000000000     0.0000000000     0.0002435753     -0.0083076716
196     0.0000000000     0.0000000000     0.0000000000     0.0000000000     0.0002063967     -0.0083002994
197     0.0000000000     0.0000000000     0.0000000000     0.0000000000     0.0001678378     -0.0082972583
198     0.0000000000     0.0000000000     0.0000000000     0.0000000000     0.0001285215     -0.0082972190
199     0.0000000000     0.0000000000     0.0000000000     0.0000000000     0.0000905924     -0.0082969943
200     0.0000000000     0.0000000000     0.0000000000     0.0000000000     0.0000536402     -0.0082934187
201     0.0000000000     0.0000000000     0.0000000000     0.0000000000     0.0000160304     -0.0082922502
202     0.0000000000     0.0000000000     0.0000000000     0.0000000000     -0.0000198748     -0.0082966237
203     0.0000000000     0.0000000000     0.0000000000     0.0000000000     -0.0000545115     -0.0082982452
204     0.0000000000     0.0000000000     0.0000000000     0.0000000000     -0.0000856924     -0.0082956426
205     0.0000000000     0.0000000000     0.0000000000     0.0000000000     -0.0001118243     -0.0082905305
206     0.0000000000     0.0000000000     0.0000000000     0.0000000000     -0.0001380769     -0.0082806693
207     0.0000000000     0.0000000000     0.0000000000     0.0000000000     -0.0001643368     -0.0082767906
208     0.0000000000     0.0000000000     0.0000000000     0.0000000000     -0.0001865582     -0.0082771436
209     0.0000000000     0.0000000000     0.0000000000     0.0000000000     0.0005894423     -0.0082070645
210     0.0000000000     0.0000000000     0.0000000000     0.0000000000     0.0005796136     -0.0082057239
211     0.0000000000     0.0000000000     0.0000000000     0.0000000000     0.0005615834     -0.0082000665
212     0.0000000000     0.0000000000     0.0000000000     0.0000000000     0.0005410410     -0.0081976177
213     0.0000000000     0.0000000000     0.0000000000     0.0000000000     0.0005174276     -0.0081982363
214     0.0000000000     0.0000000000     0.0000000000     0.0000000000     0.0004904857     -0.0081948866
215     0.0000000000     0.0000000000     0.0000000000     0.0000000000     0.0004602808     -0.0081898852
216     0.0000000000     0.0000000000     0.0000000000     0.0000000000     0.0004269418     -0.0081839889
217     0.0000000000     0.0000000000     0.0000000000     0.0000000000     0.0003897705     -0.0081785033
218     0.0000000000     0.0000000000     0.0000000000     0.0000000000     0.0003504418     -0.0081766014
219     0.0000000000     0.0000000000     0.0000000000     0.0000000000     0.0003136235     -0.0081707414
220     0.0000000000     0.0000000000     0.0000000000     0.0000000000     0.0002780106     -0.0081612906
221     0.0000000000     0.0000000000     0.0000000000     0.0000000000     0.0002402068     -0.0081542240
222     0.0000000000     0.0000000000     0.0000000000     0.0000000000     0.0001996645     -0.0081511093
223     0.0000000000     0.0000000000     0.0000000000     0.0000000000     0.0001615277     -0.0081484902
224     0.0000000000     0.0000000000     0.0000000000     0.0000000000     0.0001256740     -0.0081462001
225     0.0000000000     0.0000000000     0.0000000000     0.0000000000     0.0000904296     -0.0081439002
226     0.0000000000     0.0000000000     0.0000000000     0.0000000000     0.0000517495     -0.0081400782
227     0.0000000000     0.0000000000     0.0000000000     0.0000000000     0.0000107628     -0.0081362049
228     0.0000000000     0.0000000000     0.0000000000     0.0000000000     -0.0000250110     -0.0081348927
229     0.0000000000     0.0000000000     0.0000000000     0.0000000000     -0.0000584329     -0.0081367440
230     0.0000000000     0.0000000000     0.0000000000     0.0000000000     -0.0000882778     -0.0081379408
231     0.0000000000     0.0000000000     0.0000000000     0.0000000000     -0.0001158259     -0.0081336329
232     0.0000000000     0.0000000000     0.0000000000     0.0000000000     -0.0001442479     -0.0081303806
233     0.0000000000     0.0000000000     0.0000000000     0.0000000000     -0.0001693042     -0.0081328840
234     0.0000000000     0.0000000000     0.0000000000     0.0000000000     -0.0001909902     -0.0081284145
235     0.0000000000     0.0000000000     0.0000000000     0.0000000000     0.0005925590     -0.0080641539
236     0.0000000000     0.0000000000     0.0000000000     0.0000000000     0.0005839825     -0.0080627863
237     0.0000000000     0.0000000000     0.0000000000     0.0000000000     0.0005673099     -0.0080573611
238     0.0000000000     0.0000000000     0.0000000000     0.0000000000     0.0005447074     -0.0080536030
239     0.0000000000     0.0000000000     0.0000000000     0.0000000000     0.0005187005     -0.0080511913
240     0.0000000000     0.0000000000     0.0000000000     0.0000000000     0.0004911393     -0.0080440624
241     0.0000000000     0.0000000000     0.0000000000     0.0000000000     0.0004592140     -0.0080372590
242     0.0000000000     0.0000000000     0.0000000000     0.0000000000     0.0004248494     -0.0080339779
243     0.0000000000     0.0000000000     0.0000000000     0.0000000000     0.0003886556     -0.0080294595
244     0.0000000000     0.0000000000     0.0000000000     0.0000000000     0.0003514855     -0.0080267449
245     0.0000000000     0.0000000000     0.0000000000     0.0000000000     0.0003139818     -0.0080248909
246     0.0000000000     0.0000000000     0.0000000000     0.0000000000     0.0002759157     -0.0080179115
247     0.0000000000     0.0000000000     0.0000000000     0.0000000000     0.0002359803     -0.0080109481
248     0.0000000000     0.0000000000     0.0000000000     0.0000000000     0.0001943030     -0.0080093270
249     0.0000000000     0.0000000000     0.0000000000     0.0000000000     0.0001563648     -0.0080092651
250     0.0000000000     0.0000000000     0.0000000000     0.0000000000     0.0001217853     -0.0080046102
251     0.0000000000     0.0000000000     0.0000000000     0.0000000000     0.0000881580     -0.0079969919
252     0.0000000000     0.0000000000     0.0000000000     0.0000000000     0.0000489191     -0.0079896022
253     0.0000000000     0.0000000000     0.0000000000     0.0000000000     0.0000071769     -0.0079811641
254     0.0000000000     0.0000000000     0.0000000000     0.0000000000     -0.0000295555     -0.0079794650
255     0.0000000000     0.0000000000     0.0000000000     0.0000000000     -0.0000623355     -0.0079815448
256     0.0000000000     0.0000000000     0.0000000000     0.0000000000     -0.0000908641     -0.0079827722
257     0.0000000000     0.0000000000     0.0000000000     0.0000000000     -0.0001194049     -0.0079856058
258     0.0000000000     0.0000000000     0.0000000000     0.0000000000     -0.0001487354     -0.0079845468
259     0.0000000000     0.0000000000     0.0000000000     0.0000000000     -0.0001738228     -0.0079766458
260     0.0000000000     0.0000000000     0.0000000000     0.0000000000     -0.0001962393     -0.0079688832
261     0.0000000000     0.0000000000     0.0000000000     0.0000000000     0.0005884305     -0.0079196154
262     0.0000000000     0.0000000000     0.0000000000     0.0000000000     0.0005809783     -0.0079180211
263     0.0000000000     0.0000000000     0.0000000000     0.0000000000     0.0005651746     -0.0079086905
264     0.0000000000     0.0000000000     0.0000000000     0.0000000000     0.0005440518     -0.0078982767
265     0.0000000000     0.0000000000     0.0000000000     0.0000000000     0.0005182030     -0.0078889435
266     0.0000000000     0.0000000000     0.0000000000     0.0000000000     0.0004906314     -0.0078848516
267     0.0000000000     0.0000000000     0.0000000000     0.0000000000     0.0004567105     -0.0078855168
268     0.0000000000     0.0000000000     0.0000000000     0.0000000000     0.0004201104     -0.0078873462
269     0.0000000000     0.0000000000     0.0000000000     0.0000000000     0.0003858558     -0.0078836076
270     0.0000000000     0.0000000000     0.0000000000     0.0000000000     0.0003509705     -0.0078753264
271     0.0000000000     0.0000000000     0.0000000000     0.0000000000     0.0003120622     -0.0078740790
272     0.0000000000     0.0000000000     0.0000000000     0.0000000000     0.0002729892     -0.0078718729
273     0.0000000000     0.0000000000     0.0000000000     0.0000000000     0.0002362030     -0.0078668729
274     0.0000000000     0.0000000000     0.0000000000     0.0000000000     0.0001951211     -0.0078667933
275     0.0000000000     0.0000000000     0.0000000000     0.0000000000     0.0001548647     -0.0078687446
276     0.0000000000     0.0000000000     0.0000000000     0.0000000000     0.0001173400     -0.0078652810
277     0.0000000000     0.0000000000     0.0000000000     0.0000000000     0.0000799121     -0.0078564396
278     0.0000000000     0.0000000000     0.0000000000     0.0000000000     0.0000430134     -0.0078481113
279     0.0000000000     0.0000000000     0.0000000000     0.0000000000     0.0000065581     -0.0078420474
280     0.0000000000     0.0000000000     0.0000000000     0.0000000000     -0.0000288325     -0.0078408803
281     0.0000000000     0.0000000000     0.0000000000     0.0000000000     -0.0000626521     -0.0078391249
282     0.0000000000     0.0000000000     0.0000000000     0.0000000000     -0.0000946333     -0.0078380031
283     0.0000000000     0.0000000000     0.0000000000     0.0000000000     -0.0001251027     -0.0078367218
284     0.0000000000     0.0000000000     0.0000000000     0.0000000000     -0.0001532495     -0.0078270906
285     0.0000000000     0.0000000000     0.0000000000     0.0000000000     -0.0001774072     -0.0078145762
286     0.0000000000     0.0000000000     0.0000000000     0.0000000000     -0.0001992722     -0.0078164055
287     0.0000000000     0.0000000000     0.0000000000     0.0000000000     0.0005868438     -0.0077692871
288     0.0000000000     0.0000000000     0.0000000000     0.0000000000     0.0005808799     -0.0077671128
289     0.0000000000     0.0000000000     0.0000000000     0.0000000000     0.0005664642     -0.0077610175
290     0.0000000000     0.0000000000     0.0000000000     0.0000000000     0.0005463833     -0.0077547471
291     0.0000000000     0.0000000000     0.0000000000     0.0000000000     0.0005185108     -0.0077446629
292     0.0000000000     0.0000000000     0.0000000000     0.0000000000     0.0004876410     -0.0077416878
293     0.0000000000     0.0000000000     0.0000000000     0.0000000000     0.0004543106     -0.0077424996
294     0.0000000000     0.0000000000     0.0000000000     0.0000000000     0.0004193438     -0.0077418509
295     0.0000000000     0.0000000000     0.0000000000     0.0000000000     0.0003834593     -0.0077413514
296     0.0000000000     0.0000000000     0.0000000000     0.0000000000     0.0003460736     -0.0077383439
297     0.0000000000     0.0000000000     0.0000000000     0.0000000000     0.0003085840     -0.0077337221
298     0.0000000000     0.0000000000     0.0000000000     0.0000000000     0.0002715101     -0.0077305209
299     0.0000000000     0.0000000000     0.0000000000     0.0000000000     0.0002362055     -0.0077274841
300     0.0000000000     0.0000000000     0.0000000000     0.0000000000     0.0001959602     -0.0077248432
301     0.0000000000     0.0000000000     0.0000000000     0.0000000000     0.0001557655     -0.0077242083
302     0.0000000000     0.0000000000     0.0000000000     0.0000000000     0.0001180025     -0.0077245819
303     0.0000000000     0.0000000000     0.0000000000     0.0000000000     0.0000777502     -0.0077184611
304     0.0000000000     0.0000000000     0.0000000000     0.0000000000     0.0000399476     -0.0077109109
305     0.0000000000     0.0000000000     0.0000000000     0.0000000000     0.0000036005     -0.0077096622
306     0.0000000000     0.0000000000     0.0000000000     0.0000000000     -0.0000311491     -0.0077030500
307     0.0000000000     0.0000000000     0.0000000000     0.0000000000     -0.0000652753     -0.0076918713
308     0.0000000000     0.0000000000     0.0000000000     0.0000000000     -0.0000999411     -0.0076868996
309     0.0000000000     0.0000000000     0.0000000000     0.0000000000     -0.0001303697     -0.0076836970
310     0.0000000000     0.0000000000     0.0000000000     0.0000000000     -0.0001559679     -0.0076781161
311     0.0000000000     0.0000000000     0.0000000000     0.0000000000     -0.0001786028     -0.0076707552
312     0.0000000000     0.0000000000     0.0000000000     0.0000000000     -0.0002003055     -0.0076734943
313     0.0000000000     0.0000000000     0.0000000000     0.0000000000     0.0005885584     -0.0076217423
314     0.0000000000     0.0000000000     0.0000000000     0.0000000000     0.0005842249     -0.0076198166
315     0.0000000000     0.0000000000     0.0000000000     0.0000000000     0.0005698339     -0.0076131527
316     0.0000000000     0.0000000000     0.0000000000     0.0000000000     0.0005476811     -0.0076086499
317     0.0000000000     0.0000000000     0.0000000000     0.0000000000     0.0005169522     -0.0076023179
318     0.0000000000     0.0000000000     0.0000000000     0.0000000000     0.0004830845     -0.0075949405
319     0.0000000000     0.0000000000     0.0000000000     0.0000000000     0.0004514795     -0.0075895322
320     0.0000000000     0.0000000000     0.0000000000     0.0000000000     0.0004197322     -0.0075856056
321     0.0000000000     0.0000000000     0.0000000000     0.0000000000     0.0003824861     -0.0075829539
322     0.0000000000     0.0000000000     0.0000000000     0.0000000000     0.0003459587     -0.0075875704
323     0.0000000000     0.0000000000     0.0000000000     0.0000000000     0.0003132756     -0.0075884714
324     0.0000000000     0.0000000000     0.0000000000     0.0000000000     0.0002747958     -0.0075787855
325     0.0000000000     0.0000000000     0.0000000000     0.0000000000     0.0002324235     -0.0075720196
326     0.0000000000     0.0000000000     0.0000000000     0.0000000000     0.0001918568     -0.0075685324
327     0.0000000000     0.0000000000     0.0000000000     0.0000000000     0.0001538850     -0.0075696141
328     0.0000000000     0.0000000000     0.0000000000     0.0000000000     0.0001171082     -0.0075717120
329     0.0000000000     0.0000000000     0.0000000000     0.0000000000     0.0000767979     -0.0075672666
330     0.0000000000     0.0000000000     0.0000000000     0.0000000000     0.0000382152     -0.0075633484
331     0.0000000000     0.0000000000     0.0000000000     0.0000000000     0.0000006155     -0.0075612407
332     0.0000000000     0.0000000000     0.0000000000     0.0000000000     -0.0000376924     -0.0075526796
333     0.0000000000     0.0000000000     0.0000000000     0.0000000000     -0.0000708237     -0.0075445067
334     0.0000000000     0.0000000000     0.0000000000     0.0000000000     -0.0001036520     -0.0075383469
335     0.0000000000     0.0000000000     0.0000000000     0.0000000000     -0.0001348922     -0.0075365236
336     0.0000000000     0.0000000000     0.0000000000     0.0000000000     -0.0001602068     -0.0075375532
337     0.0000000000     0.0000000000     0.0000000000     0.0000000000     -0.0001814781     -0.0075323555
338     0.0000000000     0.0000000000     0.0000000000     0.0000000000     -0.0002017467     -0.0075330749
339     0.0000000000     0.0000000000     0.0000000000     0.0000000000     0.0005858362     -0.0074831218
340     0.0000000000     0.0000000000     0.0000000000     0.0000000000     0.0005822167     -0.0074804085
341     0.0000000000     0.0000000000     0.0000000000     0.0000000000     0.0005658948     -0.0074661477
342     0.0000000000     0.0000000000     0.0000000000     0.0000000000     0.0005433154     -0.0074563435
343     0.0000000000     0.0000000000     0.0000000000     0.0000000000     0.0005143769     -0.0074538903
344     0.0000000000     0.0000000000     0.0000000000     0.0000000000     0.0004822963     -0.0074500895
345     0.0000000000     0.0000000000     0.0000000000     0.0000000000     0.0004497638     -0.0074472287
346     0.0000000000     0.0000000000     0.0000000000     0.0000000000     0.0004156690     -0.0074419408
347     0.0000000000     0.0000000000     0.0000000000     0.0000000000     0.0003790124     -0.0074349047
348     0.0000000000     0.0000000000     0.0000000000     0.0000000000     0.0003447923     -0.0074354169
349     0.0000000000     0.0000000000     0.0000000000     0.0000000000     0.0003116313     -0.0074339999
350     0.0000000000     0.0000000000     0.0000000000     0.0000000000     0.0002693433     -0.0074254763
351     0.0000000000     0.0000000000     0.0000000000     0.0000000000     0.0002261533     -0.0074216470
352     0.0000000000     0.0000000000     0.0000000000     0.0000000000     0.0001883963     -0.0074202942
353     0.0000000000     0.0000000000     0.0000000000     0.0000000000     0.0001536392     -0.0074172975
354     0.0000000000     0.0000000000     0.0000000000     0.0000000000     0.0001147684     -0.0074112469
355     0.0000000000     0.0000000000     0.0000000000     0.0000000000     0.0000732286     -0.0074069746
356     0.0000000000     0.0000000000     0.0000000000     0.0000000000     0.0000360307     -0.0074096721
357     0.0000000000     0.0000000000     0.0000000000     0.0000000000     -0.0000011961     -0.0074112942
358     0.0000000000     0.0000000000     0.0000000000     0.0000000000     -0.0000399970     -0.0074102891
359     0.0000000000     0.0000000000     0.0000000000     0.0000000000     -0.0000743396     -0.0074054384
360     0.0000000000     0.0000000000     0.0000000000     0.0000000000     -0.0001058531     -0.0073928773
361     0.0000000000     0.0000000000     0.0000000000     0.0000000000     -0.0001374219     -0.0073819130
362     0.0000000000     0.0000000000     0.0000000000     0.0000000000     -0.0001653808     -0.0073835755
363     0.0000000000     0.0000000000     0.0000000000     0.0000000000     -0.0001882390     -0.0073919561
364     0.0000000000     0.0000000000     0.0000000000     0.0000000000     -0.0002082476     -0.0074005115
365     0.0000000000     0.0000000000     35.7303734214     0.0000000000     0.0005801062     -0.0073370468
366     0.0000000000     0.0000000000     35.7303734214     0.0000000000     0.0005771198     -0.0073365358
367     0.0000000000     0.0000000000     35.7303734214     0.0000000000     0.0005603395     -0.0073293002
368     0.0000000000     0.0000000000     35.7303734214     0.0000000000     0.0005381507     -0.0073193204
369     0.0000000000     0.0000000000     35.7303734214     0.0000000000     0.0005126864     -0.0073144536
370     0.0000000000     0.0000000000     35.7303734214     0.0000000000     0.0004842780     -0.0073080143
371     0.0000000000     0.0000000000     35.7303734214     0.0000000000     0.0004504809     -0.0073028718
372     0.0000000000     0.0000000000     35.7303734214     0.0000000000     0.0004140021     -0.0072965603
373     0.0000000000     0.0000000000     35.7303734214     0.0000000000     0.0003752561     -0.0072893804
374     0.0000000000     0.0000000000     35.7303734214     0.0000000000     0.0003354721     -0.0072847691
375     0.0000000000     0.0000000000     35.7303734214     0.0000000000     0.0002982708     -0.0072824749
376     0.0000000000     0.0000000000     35.7303734214     0.0000000000     0.0002619451     -0.0072842848
377     0.0000000000     0.0000000000     35.7303734214     0.0000000000     0.0002240777     -0.0072890665
378     0.0000000000     0.0000000000     35.7303734214     0.0000000000     0.0001847044     -0.0072850062
379     0.0000000000     0.0000000000     35.7303734214     0.0000000000     0.0001483411     -0.0072761541
380     0.0000000000     0.0000000000     35.7303734214     0.0000000000     0.0001107176     -0.0072707720
381     0.0000000000     0.0000000000     35.7303734214     0.0000000000     0.0000717694     -0.0072616078
382     0.0000000000     0.0000000000     35.7303734214     0.0000000000     0.0000348097     -0.0072519451
383     0.0000000000     0.0000000000     35.7303734214     0.0000000000     -0.0000050962     -0.0072476230
384     0.0000000000     0.0000000000     35.7303734214     0.0000000000     -0.0000459120     -0.0072471552
385     0.0000000000     0.0000000000     35.7303734214     0.0000000000     -0.0000807769     -0.0072474505
386     0.0000000000     0.0000000000     35.7303734214     0.0000000000     -0.0001101085     -0.0072436707
387     0.0000000000     0.0000000000     35.7303734214     0.0000000000     -0.0001390929     -0.0072387040
388     0.0000000000     0.0000000000     35.7303734214     0.0000000000     -0.0001675653     -0.0072337252
389     0.0000000000     0.0000000000     35.7303734214     0.0000000000     -0.0001931750     -0.0072342009
390     0.0000000000     0.0000000000     35.7303734214     0.0000000000     -0.0002139389     -0.0072451417
