1     0.0000000000     0.0000000000     -51.1447300669     0.0000000000     0.0007493448     -0.0134966436
2     0.0000000000     0.0000000000     -51.1447300669     0.0000000000     0.0007230193     -0.0134958461
3     0.0000000000     0.0000000000     -51.1447300669     0.0000000000     0.0006938921     -0.0134928664
4     0.0000000000     0.0000000000     -51.1447300669     0.0000000000     0.0006626991     -0.0134898257
5     0.0000000000     0.0000000000     -51.1447300669     0.0000000000     0.0006294301     -0.0134869624
6     0.0000000000     0.0000000000     -51.1447300669     0.0000000000     0.0005941003     -0.0134842868
7     0.0000000000     0.0000000000     -51.1447300669     0.0000000000     0.0005568709     -0.0134815329
8     0.0000000000     0.0000000000     -51.1447300669     0.0000000000     0.0005179804     -0.0134783718
9     0.0000000000     0.0000000000     -51.1447300669     0.0000000000     0.0004776854     -0.0134750577
10     0.0000000000     0.0000000000     -51.1447300669     0.0000000000     0.0004361733     -0.0134722296
11     0.0000000000     0.0000000000     -51.1447300669     0.0000000000     0.0003935729     -0.0134697763
12     0.0000000000     0.0000000000     -51.1447300669     0.0000000000     0.0003501212     -0.0134671031
13     0.0000000000     0.0000000000     -51.1447300669     0.0000000000     0.0003061463     -0.0134642275
14     0.0000000000     0.0000000000     -51.1447300669     0.0000000000     0.0002619973     -0.0134614595
15     0.0000000000     0.0000000000     -51.1447300669     0.0000000000     0.0002179700     -0.0134589545
16     0.0000000000     0.0000000000     -51.1447300669     0.0000000000     0.0001741666     -0.0134568050
17     0.0000000000     0.0000000000     -51.1447300669     0.0000000000     0.0001305563     -0.0134550171
18     0.0000000000     0.0000000000     -51.1447300669     0.0000000000     0.0000871291     -0.0134534400
19     0.0000000000     0.0000000000     -51.1447300669     0.0000000000     0.0000439934     -0.0134519347
20     0.0000000000     0.0000000000     -51.1447300669     0.0000000000     0.0000013570     -0.0134504022
21     0.0000000000     0.0000000000     -51.1447300669     0.0000000000     -0.0000405172     -0.0134484961
22     0.0000000000     0.0000000000     -51.1447300669     0.0000000000     -0.0000813268     -0.0134457243
23     0.0000000000     0.0000000000     -51.1447300669     0.0000000000     -0.0001208332     -0.0134419094
24     0.0000000000     0.0000000000     -51.1447300669     0.0000000000     -0.0001590034     -0.0134375060
25     0.0000000000     0.0000000000     -51.1447300669     0.0000000000     -0.0001959983     -0.0134330565
26     0.0000000000     0.0000000000     -51.1447300669     0.0000000000     -0.0002319622     -0.0134290519
27     0.0000000000     0.0000000000     0.0000000000     0.0000000000     0.0007542221     -0.0132886234
28     0.0000000000     0.0000000000     0.0000000000     0.0000000000     0.0007287529     -0.0132878951
29     0.0000000000     0.0000000000     0.0000000000     0.0000000000     0.0006997915     -0.0132848448
30     0.0000000000     0.0000000000     0.0000000000     0.0000000000     0.0006686895     -0.0132815737
31     0.0000000000     0.0000000000     0.0000000000     0.0000000000     0.0006352615     -0.0132785035
32     0.0000000000     0.0000000000     0.0000000000     0.0000000000     0.0005994861     -0.0132756305
33     0.0000000000     0.0000000000     0.0000000000     0.0000000000     0.0005616465     -0.0132727124
34     0.0000000000     0.0000000000     0.0000000000     0.0000000000     0.0005220399     -0.0132688962
35     0.0000000000     0.0000000000     0.0000000000     0.0000000000     0.0004810300     -0.0132645225
36     0.0000000000     0.0000000000     0.0000000000     0.0000000000     0.0004388121     -0.0132613465
37     0.0000000000     0.0000000000     0.0000000000     0.0000000000     0.0003952863     -0.0132590685
38     0.0000000000     0.0000000000     0.0000000000     0.0000000000     0.0003507622     -0.0132560568
39     0.0000000000     0.0000000000     0.0000000000     0.0000000000     0.0003057051     -0.0132528535
40     0.0000000000     0.0000000000     0.0000000000     0.0000000000     0.0002605358     -0.0132499371
41     0.0000000000     0.0000000000     0.0000000000     0.0000000000     0.0002156890     -0.0132472314
42     0.0000000000     0.0000000000     0.0000000000     0.0000000000     0.0001711351     -0.0132449292
43     0.0000000000     0.0000000000     0.0000000000     0.0000000000     0.0001267017     -0.0132431441
44     0.0000000000     0.0000000000     0.0000000000     0.0000000000     0.0000823113     -0.0132415209
45     0.0000000000     0.0000000000     0.0000000000     0.0000000000     0.0000381471     -0.0132398270
46     0.0000000000     0.0000000000     0.0000000000     0.0000000000     -0.0000054780     -0.0132383241
47     0.0000000000     0.0000000000     0.0000000000     0.0000000000     -0.0000482383     -0.0132365051
48     0.0000000000     0.0000000000     0.0000000000     0.0000000000     -0.0000896841     -0.0132335687
49     0.0000000000     0.0000000000     0.0000000000     0.0000000000     -0.0001294679     -0.0132290599
50     0.0000000000     0.0000000000     0.0000000000     0.0000000000     -0.0001675765     -0.0132243685
51     0.0000000000     0.0000000000     0.0000000000     0.0000000000     -0.0002044538     -0.0132201691
52     0.0000000000     0.0000000000     0.0000000000     0.0000000000     -0.0002402383     -0.0132163935
53     0.0000000000     0.0000000000     0.0000000000     0.0000000000     0.0007592097     -0.0130808453
54     0.0000000000     0.0000000000     0.0000000000     0.0000000000     0.0007345917     -0.0130802852
55     0.0000000000     0.0000000000     0.0000000000     0.0000000000     0.0007058284     -0.0130776522
56     0.0000000000     0.0000000000     0.0000000000     0.0000000000     0.0006747779     -0.0130743364
57     0.0000000000     0.0000000000     0.0000000000     0.0000000000     0.0006411417     -0.0130711159
58     0.0000000000     0.0000000000     0.0000000000     0.0000000000     0.0006047654     -0.0130674670
59     0.0000000000     0.0000000000     0.0000000000     0.0000000000     0.0005663195     -0.0130639394
60     0.0000000000     0.0000000000     0.0000000000     0.0000000000     0.0005259758     -0.0130594945
61     0.0000000000     0.0000000000     0.0000000000     0.0000000000     0.0004842971     -0.0130539150
62     0.0000000000     0.0000000000     0.0000000000     0.0000000000     0.0004416419     -0.0130501163
63     0.0000000000     0.0000000000     0.0000000000     0.0000000000     0.0003971360     -0.0130477755
64     0.0000000000     0.0000000000     0.0000000000     0.0000000000     0.0003513797     -0.0130440064
65     0.0000000000     0.0000000000     0.0000000000     0.0000000000     0.0003052626     -0.0130411561
66     0.0000000000     0.0000000000     0.0000000000     0.0000000000     0.0002591639     -0.0130385354
67     0.0000000000     0.0000000000     0.0000000000     0.0000000000     0.0002137015     -0.0130354516
68     0.0000000000     0.0000000000     0.0000000000     0.0000000000     0.0001683981     -0.0130329189
69     0.0000000000     0.0000000000     0.0000000000     0.0000000000     0.0001229849     -0.0130312368
70     0.0000000000     0.0000000000     0.0000000000     0.0000000000     0.0000773710     -0.0130295397
71     0.0000000000     0.0000000000     0.0000000000     0.0000000000     0.0000319504     -0.0130272147
72     0.0000000000     0.0000000000     0.0000000000     0.0000000000     -0.0000128422     -0.0130255217
73     0.0000000000     0.0000000000     0.0000000000     0.0000000000     -0.0000566078     -0.0130233255
74     0.0000000000     0.0000000000     0.0000000000     0.0000000000     -0.0000985898     -0.0130198502
75     0.0000000000     0.0000000000     0.0000000000     0.0000000000     -0.0001385121     -0.0130135363
76     0.0000000000     0.0000000000     0.0000000000     0.0000000000     -0.0001763103     -0.0130088255
77     0.0000000000     0.0000000000     0.0000000000     0.0000000000     -0.0002130588     -0.0130067055
78     0.0000000000     0.0000000000     0.0000000000     0.0000000000     -0.0002485639     -0.0130041017
79     0.0000000000     0.0000000000     0.0000000000     0.0000000000     0.0007643962     -0.0128728128
80     0.0000000000     0.0000000000     0.0000000000     0.0000000000     0.0007406328     -0.0128724421
81     0.0000000000     0.0000000000     0.0000000000     0.0000000000     0.0007118473     -0.0128714491
82     0.0000000000     0.0000000000     0.0000000000     0.0000000000     0.0006807714     -0.0128676485
83     0.0000000000     0.0000000000     0.0000000000     0.0000000000     0.0006468801     -0.0128639351
84     0.0000000000     0.0000000000     0.0000000000     0.0000000000     0.0006098459     -0.0128592630
85     0.0000000000     0.0000000000     0.0000000000     0.0000000000     0.0005710220     -0.0128538868
86     0.0000000000     0.0000000000     0.0000000000     0.0000000000     0.0005300934     -0.0128500197
87     0.0000000000     0.0000000000     0.0000000000     0.0000000000     0.0004877280     -0.0128460181
88     0.0000000000     0.0000000000     0.0000000000     0.0000000000     0.0004444979     -0.0128410486
89     0.0000000000     0.0000000000     0.0000000000     0.0000000000     0.0003987490     -0.0128360722
90     0.0000000000     0.0000000000     0.0000000000     0.0000000000     0.0003514995     -0.0128322271
91     0.0000000000     0.0000000000     0.0000000000     0.0000000000     0.0003045421     -0.0128310544
92     0.0000000000     0.0000000000     0.0000000000     0.0000000000     0.0002582379     -0.0128284364
93     0.0000000000     0.0000000000     0.0000000000     0.0000000000     0.0002124184     -0.0128239479
94     0.0000000000     0.0000000000     0.0000000000     0.0000000000     0.0001663204     -0.0128213553
95     0.0000000000     0.0000000000     0.0000000000     0.0000000000     0.0001193399     -0.0128200728
96     0.0000000000     0.0000000000     0.0000000000     0.0000000000     0.0000719287     -0.0128179590
97     0.0000000000     0.0000000000     0.0000000000     0.0000000000     0.0000251117     -0.0128151984
98     0.0000000000     0.0000000000     0.0000000000     0.0000000000     -0.0000210740     -0.0128124438
99     0.0000000000     0.0000000000     0.0000000000     0.0000000000     -0.0000657362     -0.0128093326
100     0.0000000000     0.0000000000     0.0000000000     0.0000000000     -0.0001079083     -0.0128046842
101     0.0000000000     0.0000000000     0.0000000000     0.0000000000     -0.0001475658     -0.0127962333
102     0.0000000000     0.0000000000     0.0000000000     0.0000000000     -0.0001851067     -0.0127919409
103     0.0000000000     0.0000000000     0.0000000000     0.0000000000     -0.0002214646     -0.0127940081
104     0.0000000000     0.0000000000     0.0000000000     0.0000000000     -0.0002566512     -0.0127952290
105     0.0000000000     0.0000000000     0.0000000000     0.0000000000     0.0007690476     -0.0126668470
106     0.0000000000     0.0000000000     0.0000000000     0.0000000000     0.0007461077     -0.0126664591
107     0.0000000000     0.0000000000     0.0000000000     0.0000000000     0.0007171953     -0.0126633589
108     0.0000000000     0.0000000000     0.0000000000     0.0000000000     0.0006864981     -0.0126570823
109     0.0000000000     0.0000000000     0.0000000000     0.0000000000     0.0006527394     -0.0126502398
110     0.0000000000     0.0000000000     0.0000000000     0.0000000000     0.0006157726     -0.0126459258
111     0.0000000000     0.0000000000     0.0000000000     0.0000000000     0.0005768359     -0.0126444790
112     0.0000000000     0.0000000000     0.0000000000     0.0000000000     0.0005360866     -0.0126442073
113     0.0000000000     0.0000000000     0.0000000000     0.0000000000     0.0004929733     -0.0126406817
114     0.0000000000     0.0000000000     0.0000000000     0.0000000000     0.0004466944     -0.0126358558
115     0.0000000000     0.0000000000     0.0000000000     0.0000000000     0.0003981734     -0.0126327516
116     0.0000000000     0.0000000000     0.0000000000     0.0000000000     0.0003503522     -0.0126287902
117     0.0000000000     0.0000000000     0.0000000000     0.0000000000     0.0003039498     -0.0126242001
118     0.0000000000     0.0000000000     0.0000000000     0.0000000000     0.0002575317     -0.0126188029
119     0.0000000000     0.0000000000     0.0000000000     0.0000000000     0.0002115198     -0.0126130368
120     0.0000000000     0.0000000000     0.0000000000     0.0000000000     0.0001644828     -0.0126104155
121     0.0000000000     0.0000000000     0.0000000000     0.0000000000     0.0001151088     -0.0126101152
122     0.0000000000     0.0000000000     0.0000000000     0.0000000000     0.0000650564     -0.0126078981
123     0.0000000000     0.0000000000     0.0000000000     0.0000000000     0.0000168486     -0.0126057832
124     0.0000000000     0.0000000000     0.0000000000     0.0000000000     -0.0000298573     -0.0126012050
125     0.0000000000     0.0000000000     0.0000000000     0.0000000000     -0.0000744582     -0.0125964438
126     0.0000000000     0.0000000000     0.0000000000     0.0000000000     -0.0001169918     -0.0125920213
127     0.0000000000     0.0000000000     0.0000000000     0.0000000000     -0.0001566225     -0.0125874126
128     0.0000000000     0.0000000000     0.0000000000     0.0000000000     -0.0001934744     -0.0125853351
129     0.0000000000     0.0000000000     0.0000000000     0.0000000000     -0.0002287492     -0.0125880361
130     0.0000000000     0.0000000000     0.0000000000     0.0000000000     -0.0002634471     -0.0125876539
131     0.0000000000     0.0000000000     0.0000000000     0.0000000000     0.0007728985     -0.0124557038
132     0.0000000000     0.0000000000     0.0000000000     0.0000000000     0.0007508433     -0.0124552201
133     0.0000000000     0.0000000000     0.0000000000     0.0000000000     0.0007222996     -0.0124513888
134     0.0000000000     0.0000000000     0.0000000000     0.0000000000     0.0006922317     -0.0124470850
135     0.0000000000     0.0000000000     0.0000000000     0.0000000000     0.0006586671     -0.0124430083
136     0.0000000000     0.0000000000     0.0000000000     0.0000000000     0.0006215647     -0.0124366869
137     0.0000000000     0.0000000000     0.0000000000     0.0000000000     0.0005822812     -0.0124328460
138     0.0000000000     0.0000000000     0.0000000000     0.0000000000     0.0005417902     -0.0124318306
139     0.0000000000     0.0000000000     0.0000000000     0.0000000000     0.0004979944     -0.0124282365
140     0.0000000000     0.0000000000     0.0000000000     0.0000000000     0.0004491496     -0.0124267939
141     0.0000000000     0.0000000000     0.0000000000     0.0000000000     0.0003983732     -0.0124240672
142     0.0000000000     0.0000000000     0.0000000000     0.0000000000     0.0003500184     -0.0124160231
143     0.0000000000     0.0000000000     0.0000000000     0.0000000000     0.0003041283     -0.0124086335
144     0.0000000000     0.0000000000     0.0000000000     0.0000000000     0.0002578428     -0.0124030265
145     0.0000000000     0.0000000000     0.0000000000     0.0000000000     0.0002099889     -0.0124000234
146     0.0000000000     0.0000000000     0.0000000000     0.0000000000     0.0001597248     -0.0123973819
147     0.0000000000     0.0000000000     0.0000000000     0.0000000000     0.0001083674     -0.0123969276
148     0.0000000000     0.0000000000     0.0000000000     0.0000000000     0.0000582542     -0.0123971176
149     0.0000000000     0.0000000000     0.0000000000     0.0000000000     0.0000093973     -0.0123986673
150     0.0000000000     0.0000000000     0.0000000000     0.0000000000     -0.0000378077     -0.0123963910
151     0.0000000000     0.0000000000     0.0000000000     0.0000000000     -0.0000821792     -0.0123864264
152     0.0000000000     0.0000000000     0.0000000000     0.0000000000     -0.0001246227     -0.0123784439
153     0.0000000000     0.0000000000     0.0000000000     0.0000000000     -0.0001643884     -0.0123775734
154     0.0000000000     0.0000000000     0.0000000000     0.0000000000     -0.0002012690     -0.0123790495
155     0.0000000000     0.0000000000     0.0000000000     0.0000000000     -0.0002363805     -0.0123785136
156     0.0000000000     0.0000000000     0.0000000000     0.0000000000     -0.0002711258     -0.0123763086
157     0.0000000000     0.0000000000     0.0000000000     0.0000000000     0.0007768848     -0.0122423162
158     0.0000000000     0.0000000000     0.0000000000     0.0000000000     0.0007558729     -0.0122419840
159     0.0000000000     0.0000000000     0.0000000000     0.0000000000     0.0007281534     -0.0122412763
160     0.0000000000     0.0000000000     0.0000000000     0.0000000000     0.0006980052     -0.0122409572
161     0.0000000000     0.0000000000     0.0000000000     0.0000000000     0.0006644410     -0.0122375809
162     0.0000000000     0.0000000000     0.0000000000     0.0000000000     0.0006270365     -0.0122276110
163     0.0000000000     0.0000000000     0.0000000000     0.0000000000     0.0005864983     -0.0122188124
164     0.0000000000     0.0000000000     0.0000000000     0.0000000000     0.0005443410     -0.0122175326
165     0.0000000000     0.0000000000     0.0000000000     0.0000000000     0.0004994569     -0.0122171172
166     0.0000000000     0.0000000000     0.0000000000     0.0000000000     0.0004508569     -0.0122143580
167     0.0000000000     0.0000000000     0.0000000000     0.0000000000     0.0004001383     -0.0122087665
168     0.0000000000     0.0000000000     0.0000000000     0.0000000000     0.0003506716     -0.0122018000
169     0.0000000000     0.0000000000     0.0000000000     0.0000000000     0.0003040614     -0.0121949161
170     0.0000000000     0.0000000000     0.0000000000     0.0000000000     0.0002572356     -0.0121918011
171     0.0000000000     0.0000000000     0.0000000000     0.0000000000     0.0002070643     -0.0121912712
172     0.0000000000     0.0000000000     0.0000000000     0.0000000000     0.0001539099     -0.0121884792
173     0.0000000000     0.0000000000     0.0000000000     0.0000000000     0.0001018333     -0.0121868420
174     0.0000000000     0.0000000000     0.0000000000     0.0000000000     0.0000533334     -0.0121875672
175     0.0000000000     0.0000000000     0.0000000000     0.0000000000     0.0000038076     -0.0121900570
176     0.0000000000     0.0000000000     0.0000000000     0.0000000000     -0.0000449326     -0.0121913666
177     0.0000000000     0.0000000000     0.0000000000     0.0000000000     -0.0000908277     -0.0121844407
178     0.0000000000     0.0000000000     0.0000000000     0.0000000000     -0.0001332206     -0.0121807327
179     0.0000000000     0.0000000000     0.0000000000     0.0000000000     -0.0001716685     -0.0121814849
180     0.0000000000     0.0000000000     0.0000000000     0.0000000000     -0.0002092192     -0.0121734466
181     0.0000000000     0.0000000000     0.0000000000     0.0000000000     -0.0002454528     -0.0121618000
182     0.0000000000     0.0000000000     0.0000000000     0.0000000000     -0.0002800342     -0.0121604575
183     0.0000000000     0.0000000000     0.0000000000     0.0000000000     0.0007818944     -0.0120328873
184     0.0000000000     0.0000000000     0.0000000000     0.0000000000     0.0007617958     -0.0120323890
185     0.0000000000     0.0000000000     0.0000000000     0.0000000000     0.0007342787     -0.0120306554
186     0.0000000000     0.0000000000     0.0000000000     0.0000000000     0.0007037396     -0.0120289149
187     0.0000000000     0.0000000000     0.0000000000     0.0000000000     0.0006693918     -0.0120226064
188     0.0000000000     0.0000000000     0.0000000000     0.0000000000     0.0006321462     -0.0120166550
189     0.0000000000     0.0000000000     0.0000000000     0.0000000000     0.0005921113     -0.0120114288
190     0.0000000000     0.0000000000     0.0000000000     0.0000000000     0.0005488912     -0.0120082010
191     0.0000000000     0.0000000000     0.0000000000     0.0000000000     0.0005008620     -0.0120067049
192     0.0000000000     0.0000000000     0.0000000000     0.0000000000     0.0004490595     -0.0120028887
193     0.0000000000     0.0000000000     0.0000000000     0.0000000000     0.0003988226     -0.0119991691
194     0.0000000000     0.0000000000     0.0000000000     0.0000000000     0.0003508188     -0.0119967107
195     0.0000000000     0.0000000000     0.0000000000     0.0000000000     0.0003030291     -0.0119889500
196     0.0000000000     0.0000000000     0.0000000000     0.0000000000     0.0002529108     -0.0119808977
197     0.0000000000     0.0000000000     0.0000000000     0.0000000000     0.0002013907     -0.0119775971
198     0.0000000000     0.0000000000     0.0000000000     0.0000000000     0.0001491263     -0.0119775839
199     0.0000000000     0.0000000000     0.0000000000     0.0000000000     0.0000982448     -0.0119773492
200     0.0000000000     0.0000000000     0.0000000000     0.0000000000     0.0000483862     -0.0119734084
201     0.0000000000     0.0000000000     0.0000000000     0.0000000000     -0.0000019812     -0.0119720979
202     0.0000000000     0.0000000000     0.0000000000     0.0000000000     -0.0000505066     -0.0119768688
203     0.0000000000     0.0000000000     0.0000000000     0.0000000000     -0.0000975963     -0.0119785963
204     0.0000000000     0.0000000000     0.0000000000     0.0000000000     -0.0001410952     -0.0119756641
205     0.0000000000     0.0000000000     0.0000000000     0.0000000000     -0.0001794127     -0.0119699640
206     0.0000000000     0.0000000000     0.0000000000     0.0000000000     -0.0002175623     -0.0119590381
207     0.0000000000     0.0000000000     0.0000000000     0.0000000000     -0.0002553670     -0.0119547041
208     0.0000000000     0.0000000000     0.0000000000     0.0000000000     -0.0002888758     -0.0119550416
209     0.0000000000     0.0000000000     0.0000000000     0.0000000000     0.0007886328     -0.0118286324
210     0.0000000000     0.0000000000     0.0000000000     0.0000000000     0.0007693259     -0.0118272926
211     0.0000000000     0.0000000000     0.0000000000     0.0000000000     0.0007414537     -0.0118212008
212     0.0000000000     0.0000000000     0.0000000000     0.0000000000     0.0007105548     -0.0118186410
213     0.0000000000     0.0000000000     0.0000000000     0.0000000000     0.0006761005     -0.0118194572
214     0.0000000000     0.0000000000     0.0000000000     0.0000000000     0.0006379059     -0.0118159042
215     0.0000000000     0.0000000000     0.0000000000     0.0000000000     0.0005960663     -0.0118105304
216     0.0000000000     0.0000000000     0.0000000000     0.0000000000     0.0005507537     -0.0118041676
217     0.0000000000     0.0000000000     0.0000000000     0.0000000000     0.0005013396     -0.0117982508
218     0.0000000000     0.0000000000     0.0000000000     0.0000000000     0.0004495016     -0.0117962712
219     0.0000000000     0.0000000000     0.0000000000     0.0000000000     0.0003998457     -0.0117899281
220     0.0000000000     0.0000000000     0.0000000000     0.0000000000     0.0003511458     -0.0117796237
221     0.0000000000     0.0000000000     0.0000000000     0.0000000000     0.0003001477     -0.0117719319
222     0.0000000000     0.0000000000     0.0000000000     0.0000000000     0.0002463781     -0.0117685758
223     0.0000000000     0.0000000000     0.0000000000     0.0000000000     0.0001948819     -0.0117657500
224     0.0000000000     0.0000000000     0.0000000000     0.0000000000     0.0001455918     -0.0117632686
225     0.0000000000     0.0000000000     0.0000000000     0.0000000000     0.0000969363     -0.0117607557
226     0.0000000000     0.0000000000     0.0000000000     0.0000000000     0.0000450396     -0.0117565448
227     0.0000000000     0.0000000000     0.0000000000     0.0000000000     -0.0000089536     -0.0117522543
228     0.0000000000     0.0000000000     0.0000000000     0.0000000000     -0.0000576875     -0.0117507585
229     0.0000000000     0.0000000000     0.0000000000     0.0000000000     -0.0001038820     -0.0117527233
230     0.0000000000     0.0000000000     0.0000000000     0.0000000000     -0.0001463130     -0.0117539520
231     0.0000000000     0.0000000000     0.0000000000     0.0000000000     -0.0001862072     -0.0117491143
232     0.0000000000     0.0000000000     0.0000000000     0.0000000000     -0.0002265907     -0.0117454393
233     0.0000000000     0.0000000000     0.0000000000     0.0000000000     -0.0002632895     -0.0117481092
234     0.0000000000     0.0000000000     0.0000000000     0.0000000000     -0.0002963464     -0.0117431231
235     0.0000000000     0.0000000000     0.0000000000     0.0000000000     0.0007947351     -0.0116230752
236     0.0000000000     0.0000000000     0.0000000000     0.0000000000     0.0007767806     -0.0116217075
237     0.0000000000     0.0000000000     0.0000000000     0.0000000000     0.0007502723     -0.0116158744
238     0.0000000000     0.0000000000     0.0000000000     0.0000000000     0.0007173140     -0.0116118780
239     0.0000000000     0.0000000000     0.0000000000     0.0000000000     0.0006804042     -0.0116093654
240     0.0000000000     0.0000000000     0.0000000000     0.0000000000     0.0006414182     -0.0116016620
241     0.0000000000     0.0000000000     0.0000000000     0.0000000000     0.0005976453     -0.0115943154
242     0.0000000000     0.0000000000     0.0000000000     0.0000000000     0.0005510129     -0.0115908431
243     0.0000000000     0.0000000000     0.0000000000     0.0000000000     0.0005022002     -0.0115860039
244     0.0000000000     0.0000000000     0.0000000000     0.0000000000     0.0004520894     -0.0115831437
245     0.0000000000     0.0000000000     0.0000000000     0.0000000000     0.0004013706     -0.0115812227
246     0.0000000000     0.0000000000     0.0000000000     0.0000000000     0.0003498894     -0.0115736512
247     0.0000000000     0.0000000000     0.0000000000     0.0000000000     0.0002964230     -0.0115660862
248     0.0000000000     0.0000000000     0.0000000000     0.0000000000     0.0002411508     -0.0115643876
249     0.0000000000     0.0000000000     0.0000000000     0.0000000000     0.0001894445     -0.0115643901
250     0.0000000000     0.0000000000     0.0000000000     0.0000000000     0.0001409839     -0.0115593191
251     0.0000000000     0.0000000000     0.0000000000     0.0000000000     0.0000934888     -0.0115509634
252     0.0000000000     0.0000000000     0.0000000000     0.0000000000     0.0000406586     -0.0115428317
253     0.0000000000     0.0000000000     0.0000000000     0.0000000000     -0.0000144448     -0.0115335163
254     0.0000000000     0.0000000000     0.0000000000     0.0000000000     -0.0000644515     -0.0115315855
255     0.0000000000     0.0000000000     0.0000000000     0.0000000000     -0.0001103273     -0.0115337838
256     0.0000000000     0.0000000000     0.0000000000     0.0000000000     -0.0001517406     -0.0115350209
257     0.0000000000     0.0000000000     0.0000000000     0.0000000000     -0.0001927737     -0.0115380136
258     0.0000000000     0.0000000000     0.0000000000     0.0000000000     -0.0002341788     -0.0115367232
259     0.0000000000     0.0000000000     0.0000000000     0.0000000000     -0.0002710511     -0.0115279147
260     0.0000000000     0.0000000000     0.0000000000     0.0000000000     -0.0003048660     -0.0115192841
261     0.0000000000     0.0000000000     0.0000000000     0.0000000000     0.0007939340     -0.0114156886
262     0.0000000000     0.0000000000     0.0000000000     0.0000000000     0.0007772643     -0.0114140704
263     0.0000000000     0.0000000000     0.0000000000     0.0000000000     0.0007516961     -0.0114039390
264     0.0000000000     0.0000000000     0.0000000000     0.0000000000     0.0007201723     -0.0113926201
265     0.0000000000     0.0000000000     0.0000000000     0.0000000000     0.0006832975     -0.0113824960
266     0.0000000000     0.0000000000     0.0000000000     0.0000000000     0.0006440391     -0.0113781465
267     0.0000000000     0.0000000000     0.0000000000     0.0000000000     0.0005979798     -0.0113790340
268     0.0000000000     0.0000000000     0.0000000000     0.0000000000     0.0005488017     -0.0113812010
269     0.0000000000     0.0000000000     0.0000000000     0.0000000000     0.0005014870     -0.0113772358
270     0.0000000000     0.0000000000     0.0000000000     0.0000000000     0.0004532043     -0.0113682641
271     0.0000000000     0.0000000000     0.0000000000     0.0000000000     0.0004007062     -0.0113670251
272     0.0000000000     0.0000000000     0.0000000000     0.0000000000     0.0003478224     -0.0113647218
273     0.0000000000     0.0000000000     0.0000000000     0.0000000000     0.0002969838     -0.0113593339
274     0.0000000000     0.0000000000     0.0000000000     0.0000000000     0.0002418692     -0.0113593486
275     0.0000000000     0.0000000000     0.0000000000     0.0000000000     0.0001874995     -0.0113615841
276     0.0000000000     0.0000000000     0.0000000000     0.0000000000     0.0001357687     -0.0113578419
277     0.0000000000     0.0000000000     0.0000000000     0.0000000000     0.0000841745     -0.0113481565
278     0.0000000000     0.0000000000     0.0000000000     0.0000000000     0.0000332039     -0.0113390038
279     0.0000000000     0.0000000000     0.0000000000     0.0000000000     -0.0000171533     -0.0113323042
280     0.0000000000     0.0000000000     0.0000000000     0.0000000000     -0.0000662128     -0.0113309507
281     0.0000000000     0.0000000000     0.0000000000     0.0000000000     -0.0001134332     -0.0113289087
282     0.0000000000     0.0000000000     0.0000000000     0.0000000000     -0.0001584850     -0.0113275306
283     0.0000000000     0.0000000000     0.0000000000     0.0000000000     -0.0002016311     -0.0113259576
284     0.0000000000     0.0000000000     0.0000000000     0.0000000000     -0.0002420834     -0.0113151920
285     0.0000000000     0.0000000000     0.0000000000     0.0000000000     -0.0002781553     -0.0113012693
286     0.0000000000     0.0000000000     0.0000000000     0.0000000000     -0.0003113776     -0.0113031718
287     0.0000000000     0.0000000000     0.0000000000     0.0000000000     0.0007958514     -0.0112018893
288     0.0000000000     0.0000000000     0.0000000000     0.0000000000     0.0007808865     -0.0111996277
289     0.0000000000     0.0000000000     0.0000000000     0.0000000000     0.0007567424     -0.0111930546
290     0.0000000000     0.0000000000     0.0000000000     0.0000000000     0.0007261424     -0.0111862982
291     0.0000000000     0.0000000000     0.0000000000     0.0000000000     0.0006871015     -0.0111753535
292     0.0000000000     0.0000000000     0.0000000000     0.0000000000     0.0006443309     -0.0111722456
293     0.0000000000     0.0000000000     0.0000000000     0.0000000000     0.0005984851     -0.0111733121
294     0.0000000000     0.0000000000     0.0000000000     0.0000000000     0.0005505012     -0.0111727704
295     0.0000000000     0.0000000000     0.0000000000     0.0000000000     0.0005011693     -0.0111723878
296     0.0000000000     0.0000000000     0.0000000000     0.0000000000     0.0004500207     -0.0111692361
297     0.0000000000     0.0000000000     0.0000000000     0.0000000000     0.0003984797     -0.0111642987
298     0.0000000000     0.0000000000     0.0000000000     0.0000000000     0.0003471081     -0.0111609156
299     0.0000000000     0.0000000000     0.0000000000     0.0000000000     0.0002972761     -0.0111577044
300     0.0000000000     0.0000000000     0.0000000000     0.0000000000     0.0002425500     -0.0111549179
301     0.0000000000     0.0000000000     0.0000000000     0.0000000000     0.0001878139     -0.0111543280
302     0.0000000000     0.0000000000     0.0000000000     0.0000000000     0.0001354286     -0.0111548330
303     0.0000000000     0.0000000000     0.0000000000     0.0000000000     0.0000806817     -0.0111481662
304     0.0000000000     0.0000000000     0.0000000000     0.0000000000     0.0000284172     -0.0111398912
305     0.0000000000     0.0000000000     0.0000000000     0.0000000000     -0.0000222264     -0.0111385025
306     0.0000000000     0.0000000000     0.0000000000     0.0000000000     -0.0000710702     -0.0111311534
307     0.0000000000     0.0000000000     0.0000000000     0.0000000000     -0.0001189817     -0.0111187204
308     0.0000000000     0.0000000000     0.0000000000     0.0000000000     -0.0001669597     -0.0111130686
309     0.0000000000     0.0000000000     0.0000000000     0.0000000000     -0.0002103128     -0.0111093317
310     0.0000000000     0.0000000000     0.0000000000     0.0000000000     -0.0002484176     -0.0111029701
311     0.0000000000     0.0000000000     0.0000000000     0.0000000000     -0.0002830366     -0.0110946727
312     0.0000000000     0.0000000000     0.0000000000     0.0000000000     -0.0003160573     -0.0110975466
313     0.0000000000     0.0000000000     0.0000000000     0.0000000000     0.0008011890     -0.0109911104
314     0.0000000000     0.0000000000     0.0000000000     0.0000000000     0.0007881404     -0.0109891119
315     0.0000000000     0.0000000000     0.0000000000     0.0000000000     0.0007641152     -0.0109819026
316     0.0000000000     0.0000000000     0.0000000000     0.0000000000     0.0007313656     -0.0109770874
317     0.0000000000     0.0000000000     0.0000000000     0.0000000000     0.0006892526     -0.0109702790
318     0.0000000000     0.0000000000     0.0000000000     0.0000000000     0.0006432207     -0.0109623412
319     0.0000000000     0.0000000000     0.0000000000     0.0000000000     0.0005986431     -0.0109565853
320     0.0000000000     0.0000000000     0.0000000000     0.0000000000     0.0005533236     -0.0109524611
321     0.0000000000     0.0000000000     0.0000000000     0.0000000000     0.0005022061     -0.0109497298
322     0.0000000000     0.0000000000     0.0000000000     0.0000000000     0.0004514097     -0.0109549894
323     0.0000000000     0.0000000000     0.0000000000     0.0000000000     0.0004040674     -0.0109561490
324     0.0000000000     0.0000000000     0.0000000000     0.0000000000     0.0003509185     -0.0109456413
325     0.0000000000     0.0000000000     0.0000000000     0.0000000000     0.0002938381     -0.0109383365
326     0.0000000000     0.0000000000     0.0000000000     0.0000000000     0.0002383844     -0.0109346335
327     0.0000000000     0.0000000000     0.0000000000     0.0000000000     0.0001853740     -0.0109359543
328     0.0000000000     0.0000000000     0.0000000000     0.0000000000     0.0001335117     -0.0109383862
329     0.0000000000     0.0000000000     0.0000000000     0.0000000000     0.0000782762     -0.0109335993
330     0.0000000000     0.0000000000     0.0000000000     0.0000000000     0.0000248270     -0.0109293590
331     0.0000000000     0.0000000000     0.0000000000     0.0000000000     -0.0000274677     -0.0109270518
332     0.0000000000     0.0000000000     0.0000000000     0.0000000000     -0.0000801860     -0.0109175646
333     0.0000000000     0.0000000000     0.0000000000     0.0000000000     -0.0001275106     -0.0109084196
334     0.0000000000     0.0000000000     0.0000000000     0.0000000000     -0.0001740454     -0.0109014163
335     0.0000000000     0.0000000000     0.0000000000     0.0000000000     -0.0002184343     -0.0108991362
336     0.0000000000     0.0000000000     0.0000000000     0.0000000000     -0.0002563831     -0.0108999813
337     0.0000000000     0.0000000000     0.0000000000     0.0000000000     -0.0002897078     -0.0108940023
338     0.0000000000     0.0000000000     0.0000000000     0.0000000000     -0.0003212659     -0.0108946141
339     0.0000000000     0.0000000000     0.0000000000     0.0000000000     0.0008022963     -0.0107901064
340     0.0000000000     0.0000000000     0.0000000000     0.0000000000     0.0007903981     -0.0107872259
341     0.0000000000     0.0000000000     0.0000000000     0.0000000000     0.0007646249     -0.0107716293
342     0.0000000000     0.0000000000     0.0000000000     0.0000000000     0.0007313029     -0.0107609593
343     0.0000000000     0.0000000000     0.0000000000     0.0000000000     0.0006905393     -0.0107584271
344     0.0000000000     0.0000000000     0.0000000000     0.0000000000     0.0006457452     -0.0107544558
345     0.0000000000     0.0000000000     0.0000000000     0.0000000000     0.0005997239     -0.0107515426
346     0.0000000000     0.0000000000     0.0000000000     0.0000000000     0.0005516094     -0.0107459516
347     0.0000000000     0.0000000000     0.0000000000     0.0000000000     0.0005005885     -0.0107384163
348     0.0000000000     0.0000000000     0.0000000000     0.0000000000     0.0004515822     -0.0107391781
349     0.0000000000     0.0000000000     0.0000000000     0.0000000000     0.0004033570     -0.0107378063
350     0.0000000000     0.0000000000     0.0000000000     0.0000000000     0.0003461355     -0.0107285913
351     0.0000000000     0.0000000000     0.0000000000     0.0000000000     0.0002878930     -0.0107245268
352     0.0000000000     0.0000000000     0.0000000000     0.0000000000     0.0002347759     -0.0107231807
353     0.0000000000     0.0000000000     0.0000000000     0.0000000000     0.0001844714     -0.0107200218
354     0.0000000000     0.0000000000     0.0000000000     0.0000000000     0.0001301656     -0.0107135038
355     0.0000000000     0.0000000000     0.0000000000     0.0000000000     0.0000733169     -0.0107089523
356     0.0000000000     0.0000000000     0.0000000000     0.0000000000     0.0000207763     -0.0107120565
357     0.0000000000     0.0000000000     0.0000000000     0.0000000000     -0.0000315999     -0.0107139045
358     0.0000000000     0.0000000000     0.0000000000     0.0000000000     -0.0000852054     -0.0107127513
359     0.0000000000     0.0000000000     0.0000000000     0.0000000000     -0.0001341014     -0.0107072505
360     0.0000000000     0.0000000000     0.0000000000     0.0000000000     -0.0001797606     -0.0106931609
361     0.0000000000     0.0000000000     0.0000000000     0.0000000000     -0.0002248084     -0.0106807518
362     0.0000000000     0.0000000000     0.0000000000     0.0000000000     -0.0002655052     -0.0106822061
363     0.0000000000     0.0000000000     0.0000000000     0.0000000000     -0.0003003321     -0.0106910893
364     0.0000000000     0.0000000000     0.0000000000     0.0000000000     -0.0003314715     -0.0107002761
365     0.0000000000     0.0000000000     51.1447300669     0.0000000000     0.0008006450     -0.0105808303
366     0.0000000000     0.0000000000     51.1447300669     0.0000000000     0.0007900149     -0.0105803729
367     0.0000000000     0.0000000000     51.1447300669     0.0000000000     0.0007636980     -0.0105724744
368     0.0000000000     0.0000000000     51.1447300669     0.0000000000     0.0007304022     -0.0105615677
369     0.0000000000     0.0000000000     51.1447300669     0.0000000000     0.0006925500     -0.0105563747
370     0.0000000000     0.0000000000     51.1447300669     0.0000000000     0.0006507351     -0.0105495399
371     0.0000000000     0.0000000000     51.1447300669     0.0000000000     0.0006028522     -0.0105441778
372     0.0000000000     0.0000000000     51.1447300669     0.0000000000     0.0005518551     -0.0105375094
373     0.0000000000     0.0000000000     51.1447300669     0.0000000000     0.0004983493     -0.0105298284
374     0.0000000000     0.0000000000     51.1447300669     0.0000000000     0.0004435729     -0.0105249602
375     0.0000000000     0.0000000000     51.1447300669     0.0000000000     0.0003910658     -0.0105226650
376     0.0000000000     0.0000000000     51.1447300669     0.0000000000     0.0003392664     -0.0105248556
377     0.0000000000     0.0000000000     51.1447300669     0.0000000000     0.0002858737     -0.0105302706
378     0.0000000000     0.0000000000     51.1447300669     0.0000000000     0.0002308827     -0.0105259461
379     0.0000000000     0.0000000000     51.1447300669     0.0000000000     0.0001786681     -0.0105163221
380     0.0000000000     0.0000000000     51.1447300669     0.0000000000     0.0001252119     -0.0105105042
381     0.0000000000     0.0000000000     51.1447300669     0.0000000000     0.0000704872     -0.0105006008
382     0.0000000000     0.0000000000     51.1447300669     0.0000000000     0.0000177184     -0.0104902042
383     0.0000000000     0.0000000000     51.1447300669     0.0000000000     -0.0000377268     -0.0104855858
384     0.0000000000     0.0000000000     51.1447300669     0.0000000000     -0.0000937378     -0.0104850459
385     0.0000000000     0.0000000000     51.1447300669     0.0000000000     -0.0001435668     -0.0104852209
386     0.0000000000     0.0000000000     51.1447300669     0.0000000000     -0.0001874739     -0.0104807956
387     0.0000000000     0.0000000000     51.1447300669     0.0000000000     -0.0002303006     -0.0104749410
388     0.0000000000     0.0000000000     51.1447300669     0.0000000000     -0.0002717663     -0.0104689852
389     0.0000000000     0.0000000000     51.1447300669     0.0000000000     -0.0003093994     -0.0104690356
390     0.0000000000     0.0000000000     51.1447300669     0.0000000000     -0.0003410858     -0.0104807644
