1     0.0000000000     0.0000000000     6.5369225244     0.0000000000     -0.0000966296     0.0007398005
2     0.0000000000     0.0000000000     6.5369225244     0.0000000000     -0.0000967004     0.0007398199
3     0.0000000000     0.0000000000     6.5369225244     0.0000000000     -0.0000966870     0.0007398062
4     0.0000000000     0.0000000000     6.5369225244     0.0000000000     -0.0000967688     0.0007398537
5     0.0000000000     0.0000000000     6.5369225244     0.0000000000     -0.0000888739     0.0007394656
6     0.0000000000     0.0000000000     6.5369225244     0.0000000000     -0.0000741781     0.0007397113
7     0.0000000000     0.0000000000     6.5369225244     0.0000000000     -0.0000618289     0.0007391731
8     0.0000000000     0.0000000000     6.5369225244     0.0000000000     -0.0000534111     0.0007438155
9     0.0000000000     0.0000000000     6.5369225244     0.0000000000     -0.0000426794     0.0007485179
10     0.0000000000     0.0000000000     6.5369225244     0.0000000000     -0.0000315863     0.0007488227
11     0.0000000000     0.0000000000     6.5369225244     0.0000000000     -0.0000203019     0.0007492399
12     0.0000000000     0.0000000000     6.5369225244     0.0000000000     -0.0000077041     0.0007524429
13     0.0000000000     0.0000000000     6.5369225244     0.0000000000     0.0000053286     0.0007602343
14     0.0000000000     0.0000000000     6.5369225244     0.0000000000     0.0000169781     0.0007618451
15     0.0000000000     0.0000000000     6.5369225244     0.0000000000     0.0000288634     0.0007519181
16     0.0000000000     0.0000000000     6.5369225244     0.0000000000     0.0000404028     0.0007405069
17     0.0000000000     0.0000000000     6.5369225244     0.0000000000     0.0000504887     0.0007364497
18     0.0000000000     0.0000000000     6.5369225244     0.0000000000     0.0000593586     0.0007324579
19     0.0000000000     0.0000000000     6.5369225244     0.0000000000     0.0000710494     0.0007283974
20     0.0000000000     0.0000000000     6.5369225244     0.0000000000     0.0000826982     0.0007245971
21     0.0000000000     0.0000000000     6.5369225244     0.0000000000     0.0000891808     0.0007165777
22     0.0000000000     0.0000000000     6.5369225244     0.0000000000     0.0000951153     0.0007072573
23     0.0000000000     0.0000000000     6.5369225244     0.0000000000     0.0001037376     0.0006967554
24     0.0000000000     0.0000000000     6.5369225244     0.0000000000     0.0001125271     0.0006848130
25     0.0000000000     0.0000000000     6.5369225244     0.0000000000     0.0001123174     0.0006849028
26     0.0000000000     0.0000000000     6.5369225244     0.0000000000     0.0001122538     0.0006850797
27     0.0000000000     0.0000000000     -0.0000000000     0.0000000000     -0.0000947514     0.0007184455
28     0.0000000000     0.0000000000     -0.0000000000     0.0000000000     -0.0000947266     0.0007186013
29     0.0000000000     0.0000000000     -0.0000000000     0.0000000000     -0.0000947321     0.0007185615
30     0.0000000000     0.0000000000     -0.0000000000     0.0000000000     -0.0000948171     0.0007185556
31     0.0000000000     0.0000000000     -0.0000000000     0.0000000000     -0.0000871719     0.0007152912
32     0.0000000000     0.0000000000     -0.0000000000     0.0000000000     -0.0000745264     0.0007137863
33     0.0000000000     0.0000000000     -0.0000000000     0.0000000000     -0.0000625896     0.0007116517
34     0.0000000000     0.0000000000     -0.0000000000     0.0000000000     -0.0000535574     0.0007110993
35     0.0000000000     0.0000000000     -0.0000000000     0.0000000000     -0.0000436050     0.0007123970
36     0.0000000000     0.0000000000     -0.0000000000     0.0000000000     -0.0000329506     0.0007104004
37     0.0000000000     0.0000000000     -0.0000000000     0.0000000000     -0.0000215892     0.0007110743
38     0.0000000000     0.0000000000     -0.0000000000     0.0000000000     -0.0000098485     0.0007150416
39     0.0000000000     0.0000000000     -0.0000000000     0.0000000000     0.0000042073     0.0007186868
40     0.0000000000     0.0000000000     -0.0000000000     0.0000000000     0.0000182068     0.0007220383
41     0.0000000000     0.0000000000     -0.0000000000     0.0000000000     0.0000304527     0.0007184639
42     0.0000000000     0.0000000000     -0.0000000000     0.0000000000     0.0000419493     0.0007119534
43     0.0000000000     0.0000000000     -0.0000000000     0.0000000000     0.0000541977     0.0007116046
44     0.0000000000     0.0000000000     -0.0000000000     0.0000000000     0.0000644727     0.0007086103
45     0.0000000000     0.0000000000     -0.0000000000     0.0000000000     0.0000741880     0.0006991815
46     0.0000000000     0.0000000000     -0.0000000000     0.0000000000     0.0000859262     0.0006926454
47     0.0000000000     0.0000000000     -0.0000000000     0.0000000000     0.0000947860     0.0006914017
48     0.0000000000     0.0000000000     -0.0000000000     0.0000000000     0.0001014868     0.0006863681
49     0.0000000000     0.0000000000     -0.0000000000     0.0000000000     0.0001103393     0.0006770088
50     0.0000000000     0.0000000000     -0.0000000000     0.0000000000     0.0001199406     0.0006674855
51     0.0000000000     0.0000000000     -0.0000000000     0.0000000000     0.0001197255     0.0006676973
52     0.0000000000     0.0000000000     -0.0000000000     0.0000000000     0.0001196258     0.0006676907
53     0.0000000000     0.0000000000     -0.0000000000     0.0000000000     -0.0000950062     0.0006882376
54     0.0000000000     0.0000000000     -0.0000000000     0.0000000000     -0.0000949434     0.0006884801
55     0.0000000000     0.0000000000     -0.0000000000     0.0000000000     -0.0000949563     0.0006884335
56     0.0000000000     0.0000000000     -0.0000000000     0.0000000000     -0.0000950530     0.0006884611
57     0.0000000000     0.0000000000     -0.0000000000     0.0000000000     -0.0000863384     0.0006869506
58     0.0000000000     0.0000000000     -0.0000000000     0.0000000000     -0.0000731901     0.0006847688
59     0.0000000000     0.0000000000     -0.0000000000     0.0000000000     -0.0000627762     0.0006824836
60     0.0000000000     0.0000000000     -0.0000000000     0.0000000000     -0.0000541421     0.0006819880
61     0.0000000000     0.0000000000     -0.0000000000     0.0000000000     -0.0000434816     0.0006798915
62     0.0000000000     0.0000000000     -0.0000000000     0.0000000000     -0.0000323935     0.0006745037
63     0.0000000000     0.0000000000     -0.0000000000     0.0000000000     -0.0000209155     0.0006757548
64     0.0000000000     0.0000000000     -0.0000000000     0.0000000000     -0.0000095610     0.0006776753
65     0.0000000000     0.0000000000     -0.0000000000     0.0000000000     0.0000037613     0.0006761469
66     0.0000000000     0.0000000000     -0.0000000000     0.0000000000     0.0000179094     0.0006752542
67     0.0000000000     0.0000000000     -0.0000000000     0.0000000000     0.0000305880     0.0006766064
68     0.0000000000     0.0000000000     -0.0000000000     0.0000000000     0.0000424885     0.0006801918
69     0.0000000000     0.0000000000     -0.0000000000     0.0000000000     0.0000558958     0.0006796544
70     0.0000000000     0.0000000000     -0.0000000000     0.0000000000     0.0000676262     0.0006747026
71     0.0000000000     0.0000000000     -0.0000000000     0.0000000000     0.0000766314     0.0006658243
72     0.0000000000     0.0000000000     -0.0000000000     0.0000000000     0.0000867111     0.0006607863
73     0.0000000000     0.0000000000     -0.0000000000     0.0000000000     0.0000968442     0.0006638656
74     0.0000000000     0.0000000000     -0.0000000000     0.0000000000     0.0001050055     0.0006637135
75     0.0000000000     0.0000000000     -0.0000000000     0.0000000000     0.0001134601     0.0006579117
76     0.0000000000     0.0000000000     -0.0000000000     0.0000000000     0.0001221712     0.0006510770
77     0.0000000000     0.0000000000     -0.0000000000     0.0000000000     0.0001219471     0.0006512816
78     0.0000000000     0.0000000000     -0.0000000000     0.0000000000     0.0001219707     0.0006509715
79     0.0000000000     0.0000000000     -0.0000000000     0.0000000000     -0.0000969719     0.0006479945
80     0.0000000000     0.0000000000     -0.0000000000     0.0000000000     -0.0000970209     0.0006479389
81     0.0000000000     0.0000000000     -0.0000000000     0.0000000000     -0.0000970243     0.0006479300
82     0.0000000000     0.0000000000     -0.0000000000     0.0000000000     -0.0000971024     0.0006479709
83     0.0000000000     0.0000000000     -0.0000000000     0.0000000000     -0.0000868612     0.0006479799
84     0.0000000000     0.0000000000     -0.0000000000     0.0000000000     -0.0000726782     0.0006489775
85     0.0000000000     0.0000000000     -0.0000000000     0.0000000000     -0.0000620166     0.0006511146
86     0.0000000000     0.0000000000     -0.0000000000     0.0000000000     -0.0000538491     0.0006522267
87     0.0000000000     0.0000000000     -0.0000000000     0.0000000000     -0.0000420811     0.0006483402
88     0.0000000000     0.0000000000     -0.0000000000     0.0000000000     -0.0000307660     0.0006440321
89     0.0000000000     0.0000000000     -0.0000000000     0.0000000000     -0.0000204115     0.0006462685
90     0.0000000000     0.0000000000     -0.0000000000     0.0000000000     -0.0000086583     0.0006467158
91     0.0000000000     0.0000000000     -0.0000000000     0.0000000000     0.0000046523     0.0006430168
92     0.0000000000     0.0000000000     -0.0000000000     0.0000000000     0.0000186834     0.0006392398
93     0.0000000000     0.0000000000     -0.0000000000     0.0000000000     0.0000315048     0.0006399775
94     0.0000000000     0.0000000000     -0.0000000000     0.0000000000     0.0000437988     0.0006444207
95     0.0000000000     0.0000000000     -0.0000000000     0.0000000000     0.0000570773     0.0006437042
96     0.0000000000     0.0000000000     -0.0000000000     0.0000000000     0.0000690238     0.0006397073
97     0.0000000000     0.0000000000     -0.0000000000     0.0000000000     0.0000790409     0.0006376302
98     0.0000000000     0.0000000000     -0.0000000000     0.0000000000     0.0000882703     0.0006359521
99     0.0000000000     0.0000000000     -0.0000000000     0.0000000000     0.0000982057     0.0006349216
100     0.0000000000     0.0000000000     -0.0000000000     0.0000000000     0.0001070483     0.0006342089
101     0.0000000000     0.0000000000     -0.0000000000     0.0000000000     0.0001157064     0.0006302942
102     0.0000000000     0.0000000000     -0.0000000000     0.0000000000     0.0001236842     0.0006245829
103     0.0000000000     0.0000000000     -0.0000000000     0.0000000000     0.0001234221     0.0006247860
104     0.0000000000     0.0000000000     -0.0000000000     0.0000000000     0.0001234951     0.0006244534
105     0.0000000000     0.0000000000     -0.0000000000     0.0000000000     -0.0000968319     0.0006099942
106     0.0000000000     0.0000000000     -0.0000000000     0.0000000000     -0.0000969052     0.0006099794
107     0.0000000000     0.0000000000     -0.0000000000     0.0000000000     -0.0000969087     0.0006099945
108     0.0000000000     0.0000000000     -0.0000000000     0.0000000000     -0.0000969628     0.0006099372
109     0.0000000000     0.0000000000     -0.0000000000     0.0000000000     -0.0000864246     0.0006096490
110     0.0000000000     0.0000000000     -0.0000000000     0.0000000000     -0.0000744992     0.0006110774
111     0.0000000000     0.0000000000     -0.0000000000     0.0000000000     -0.0000640019     0.0006130229
112     0.0000000000     0.0000000000     -0.0000000000     0.0000000000     -0.0000536485     0.0006152764
113     0.0000000000     0.0000000000     -0.0000000000     0.0000000000     -0.0000411988     0.0006148285
114     0.0000000000     0.0000000000     -0.0000000000     0.0000000000     -0.0000291758     0.0006149206
115     0.0000000000     0.0000000000     -0.0000000000     0.0000000000     -0.0000191544     0.0006168047
116     0.0000000000     0.0000000000     -0.0000000000     0.0000000000     -0.0000074112     0.0006150296
117     0.0000000000     0.0000000000     -0.0000000000     0.0000000000     0.0000058270     0.0006112437
118     0.0000000000     0.0000000000     -0.0000000000     0.0000000000     0.0000189019     0.0006104820
119     0.0000000000     0.0000000000     -0.0000000000     0.0000000000     0.0000318825     0.0006104977
120     0.0000000000     0.0000000000     -0.0000000000     0.0000000000     0.0000445413     0.0006090544
121     0.0000000000     0.0000000000     -0.0000000000     0.0000000000     0.0000572698     0.0006088671
122     0.0000000000     0.0000000000     -0.0000000000     0.0000000000     0.0000688599     0.0006078736
123     0.0000000000     0.0000000000     -0.0000000000     0.0000000000     0.0000795559     0.0006088321
124     0.0000000000     0.0000000000     -0.0000000000     0.0000000000     0.0000898384     0.0006098504
125     0.0000000000     0.0000000000     -0.0000000000     0.0000000000     0.0000990488     0.0006064250
126     0.0000000000     0.0000000000     -0.0000000000     0.0000000000     0.0001074165     0.0006022763
127     0.0000000000     0.0000000000     -0.0000000000     0.0000000000     0.0001161971     0.0005949657
128     0.0000000000     0.0000000000     -0.0000000000     0.0000000000     0.0001242776     0.0005888707
129     0.0000000000     0.0000000000     -0.0000000000     0.0000000000     0.0001240214     0.0005889641
130     0.0000000000     0.0000000000     -0.0000000000     0.0000000000     0.0001241274     0.0005892029
131     0.0000000000     0.0000000000     -0.0000000000     0.0000000000     -0.0000931388     0.0005724062
132     0.0000000000     0.0000000000     -0.0000000000     0.0000000000     -0.0000931078     0.0005723980
133     0.0000000000     0.0000000000     -0.0000000000     0.0000000000     -0.0000931283     0.0005724103
134     0.0000000000     0.0000000000     -0.0000000000     0.0000000000     -0.0000931974     0.0005723662
135     0.0000000000     0.0000000000     -0.0000000000     0.0000000000     -0.0000843570     0.0005753643
136     0.0000000000     0.0000000000     -0.0000000000     0.0000000000     -0.0000747609     0.0005772358
137     0.0000000000     0.0000000000     -0.0000000000     0.0000000000     -0.0000655379     0.0005781800
138     0.0000000000     0.0000000000     -0.0000000000     0.0000000000     -0.0000532520     0.0005802937
139     0.0000000000     0.0000000000     -0.0000000000     0.0000000000     -0.0000397659     0.0005801709
140     0.0000000000     0.0000000000     -0.0000000000     0.0000000000     -0.0000284917     0.0005821594
141     0.0000000000     0.0000000000     -0.0000000000     0.0000000000     -0.0000181410     0.0005863381
142     0.0000000000     0.0000000000     -0.0000000000     0.0000000000     -0.0000057301     0.0005843217
143     0.0000000000     0.0000000000     -0.0000000000     0.0000000000     0.0000072581     0.0005803615
144     0.0000000000     0.0000000000     -0.0000000000     0.0000000000     0.0000194241     0.0005797792
145     0.0000000000     0.0000000000     -0.0000000000     0.0000000000     0.0000324743     0.0005788808
146     0.0000000000     0.0000000000     -0.0000000000     0.0000000000     0.0000453013     0.0005766514
147     0.0000000000     0.0000000000     -0.0000000000     0.0000000000     0.0000582282     0.0005771207
148     0.0000000000     0.0000000000     -0.0000000000     0.0000000000     0.0000702608     0.0005748902
149     0.0000000000     0.0000000000     -0.0000000000     0.0000000000     0.0000802177     0.0005746506
150     0.0000000000     0.0000000000     -0.0000000000     0.0000000000     0.0000898974     0.0005785620
151     0.0000000000     0.0000000000     -0.0000000000     0.0000000000     0.0000992184     0.0005781350
152     0.0000000000     0.0000000000     -0.0000000000     0.0000000000     0.0001081277     0.0005740716
153     0.0000000000     0.0000000000     -0.0000000000     0.0000000000     0.0001173674     0.0005668292
154     0.0000000000     0.0000000000     -0.0000000000     0.0000000000     0.0001260922     0.0005614766
155     0.0000000000     0.0000000000     -0.0000000000     0.0000000000     0.0001258136     0.0005615046
156     0.0000000000     0.0000000000     -0.0000000000     0.0000000000     0.0001259374     0.0005616912
157     0.0000000000     0.0000000000     -0.0000000000     0.0000000000     -0.0000910179     0.0005347344
158     0.0000000000     0.0000000000     -0.0000000000     0.0000000000     -0.0000909391     0.0005345699
159     0.0000000000     0.0000000000     -0.0000000000     0.0000000000     -0.0000909737     0.0005345797
160     0.0000000000     0.0000000000     -0.0000000000     0.0000000000     -0.0000910326     0.0005346051
161     0.0000000000     0.0000000000     -0.0000000000     0.0000000000     -0.0000822007     0.0005422439
162     0.0000000000     0.0000000000     -0.0000000000     0.0000000000     -0.0000724121     0.0005449958
163     0.0000000000     0.0000000000     -0.0000000000     0.0000000000     -0.0000634682     0.0005458853
164     0.0000000000     0.0000000000     -0.0000000000     0.0000000000     -0.0000523143     0.0005467722
165     0.0000000000     0.0000000000     -0.0000000000     0.0000000000     -0.0000396297     0.0005479343
166     0.0000000000     0.0000000000     -0.0000000000     0.0000000000     -0.0000295333     0.0005520770
167     0.0000000000     0.0000000000     -0.0000000000     0.0000000000     -0.0000186127     0.0005556365
168     0.0000000000     0.0000000000     -0.0000000000     0.0000000000     -0.0000050569     0.0005524236
169     0.0000000000     0.0000000000     -0.0000000000     0.0000000000     0.0000084360     0.0005470519
170     0.0000000000     0.0000000000     -0.0000000000     0.0000000000     0.0000206077     0.0005464286
171     0.0000000000     0.0000000000     -0.0000000000     0.0000000000     0.0000339699     0.0005436807
172     0.0000000000     0.0000000000     -0.0000000000     0.0000000000     0.0000468808     0.0005418558
173     0.0000000000     0.0000000000     -0.0000000000     0.0000000000     0.0000596120     0.0005449682
174     0.0000000000     0.0000000000     -0.0000000000     0.0000000000     0.0000725746     0.0005437712
175     0.0000000000     0.0000000000     -0.0000000000     0.0000000000     0.0000818542     0.0005442005
176     0.0000000000     0.0000000000     -0.0000000000     0.0000000000     0.0000908168     0.0005472063
177     0.0000000000     0.0000000000     -0.0000000000     0.0000000000     0.0001008749     0.0005478985
178     0.0000000000     0.0000000000     -0.0000000000     0.0000000000     0.0001103847     0.0005452336
179     0.0000000000     0.0000000000     -0.0000000000     0.0000000000     0.0001203419     0.0005414817
180     0.0000000000     0.0000000000     -0.0000000000     0.0000000000     0.0001301648     0.0005413481
181     0.0000000000     0.0000000000     -0.0000000000     0.0000000000     0.0001299134     0.0005413843
182     0.0000000000     0.0000000000     -0.0000000000     0.0000000000     0.0001298733     0.0005411859
183     0.0000000000     0.0000000000     -0.0000000000     0.0000000000     -0.0000936924     0.0005063276
184     0.0000000000     0.0000000000     -0.0000000000     0.0000000000     -0.0000936826     0.0005062257
185     0.0000000000     0.0000000000     -0.0000000000     0.0000000000     -0.0000937068     0.0005062258
186     0.0000000000     0.0000000000     -0.0000000000     0.0000000000     -0.0000937387     0.0005062386
187     0.0000000000     0.0000000000     -0.0000000000     0.0000000000     -0.0000829868     0.0005137813
188     0.0000000000     0.0000000000     -0.0000000000     0.0000000000     -0.0000711409     0.0005156235
189     0.0000000000     0.0000000000     -0.0000000000     0.0000000000     -0.0000616208     0.0005117569
190     0.0000000000     0.0000000000     -0.0000000000     0.0000000000     -0.0000537206     0.0005115439
191     0.0000000000     0.0000000000     -0.0000000000     0.0000000000     -0.0000418339     0.0005176064
192     0.0000000000     0.0000000000     -0.0000000000     0.0000000000     -0.0000287450     0.0005210136
193     0.0000000000     0.0000000000     -0.0000000000     0.0000000000     -0.0000164199     0.0005156490
194     0.0000000000     0.0000000000     -0.0000000000     0.0000000000     -0.0000034182     0.0005099431
195     0.0000000000     0.0000000000     -0.0000000000     0.0000000000     0.0000082878     0.0005092597
196     0.0000000000     0.0000000000     -0.0000000000     0.0000000000     0.0000204913     0.0005109043
197     0.0000000000     0.0000000000     -0.0000000000     0.0000000000     0.0000342035     0.0005111375
198     0.0000000000     0.0000000000     -0.0000000000     0.0000000000     0.0000467923     0.0005112430
199     0.0000000000     0.0000000000     -0.0000000000     0.0000000000     0.0000584120     0.0005149696
200     0.0000000000     0.0000000000     -0.0000000000     0.0000000000     0.0000713544     0.0005182252
201     0.0000000000     0.0000000000     -0.0000000000     0.0000000000     0.0000820705     0.0005207219
202     0.0000000000     0.0000000000     -0.0000000000     0.0000000000     0.0000920039     0.0005195355
203     0.0000000000     0.0000000000     -0.0000000000     0.0000000000     0.0001022234     0.0005171059
204     0.0000000000     0.0000000000     -0.0000000000     0.0000000000     0.0001117570     0.0005128514
205     0.0000000000     0.0000000000     -0.0000000000     0.0000000000     0.0001211481     0.0005101242
206     0.0000000000     0.0000000000     -0.0000000000     0.0000000000     0.0001299199     0.0005137210
207     0.0000000000     0.0000000000     -0.0000000000     0.0000000000     0.0001297182     0.0005136713
208     0.0000000000     0.0000000000     -0.0000000000     0.0000000000     0.0001296107     0.0005137761
209     0.0000000000     0.0000000000     -0.0000000000     0.0000000000     -0.0000961548     0.0004831435
210     0.0000000000     0.0000000000     -0.0000000000     0.0000000000     -0.0000962346     0.0004832335
211     0.0000000000     0.0000000000     -0.0000000000     0.0000000000     -0.0000962362     0.0004832118
212     0.0000000000     0.0000000000     -0.0000000000     0.0000000000     -0.0000963015     0.0004831541
213     0.0000000000     0.0000000000     -0.0000000000     0.0000000000     -0.0000864291     0.0004871288
214     0.0000000000     0.0000000000     -0.0000000000     0.0000000000     -0.0000748456     0.0004891730
215     0.0000000000     0.0000000000     -0.0000000000     0.0000000000     -0.0000642541     0.0004854227
216     0.0000000000     0.0000000000     -0.0000000000     0.0000000000     -0.0000552011     0.0004846445
217     0.0000000000     0.0000000000     -0.0000000000     0.0000000000     -0.0000423374     0.0004880341
218     0.0000000000     0.0000000000     -0.0000000000     0.0000000000     -0.0000269524     0.0004876954
219     0.0000000000     0.0000000000     -0.0000000000     0.0000000000     -0.0000137303     0.0004805660
220     0.0000000000     0.0000000000     -0.0000000000     0.0000000000     -0.0000016416     0.0004757045
221     0.0000000000     0.0000000000     -0.0000000000     0.0000000000     0.0000091574     0.0004778794
222     0.0000000000     0.0000000000     -0.0000000000     0.0000000000     0.0000205523     0.0004783915
223     0.0000000000     0.0000000000     -0.0000000000     0.0000000000     0.0000341536     0.0004814560
224     0.0000000000     0.0000000000     -0.0000000000     0.0000000000     0.0000471712     0.0004844341
225     0.0000000000     0.0000000000     -0.0000000000     0.0000000000     0.0000579447     0.0004843910
226     0.0000000000     0.0000000000     -0.0000000000     0.0000000000     0.0000689865     0.0004878806
227     0.0000000000     0.0000000000     -0.0000000000     0.0000000000     0.0000802218     0.0004909520
228     0.0000000000     0.0000000000     -0.0000000000     0.0000000000     0.0000921282     0.0004869835
229     0.0000000000     0.0000000000     -0.0000000000     0.0000000000     0.0001026590     0.0004834320
230     0.0000000000     0.0000000000     -0.0000000000     0.0000000000     0.0001113185     0.0004837447
231     0.0000000000     0.0000000000     -0.0000000000     0.0000000000     0.0001186972     0.0004850951
232     0.0000000000     0.0000000000     -0.0000000000     0.0000000000     0.0001245552     0.0004889628
233     0.0000000000     0.0000000000     -0.0000000000     0.0000000000     0.0001243262     0.0004889032
234     0.0000000000     0.0000000000     -0.0000000000     0.0000000000     0.0001244605     0.0004890711
235     0.0000000000     0.0000000000     -0.0000000000     0.0000000000     -0.0000955835     0.0004563379
236     0.0000000000     0.0000000000     -0.0000000000     0.0000000000     -0.0000956399     0.0004564414
237     0.0000000000     0.0000000000     -0.0000000000     0.0000000000     -0.0000956367     0.0004564219
238     0.0000000000     0.0000000000     -0.0000000000     0.0000000000     -0.0000956959     0.0004564137
239     0.0000000000     0.0000000000     -0.0000000000     0.0000000000     -0.0000871368     0.0004571462
240     0.0000000000     0.0000000000     -0.0000000000     0.0000000000     -0.0000767295     0.0004587309
241     0.0000000000     0.0000000000     -0.0000000000     0.0000000000     -0.0000650515     0.0004581715
242     0.0000000000     0.0000000000     -0.0000000000     0.0000000000     -0.0000529641     0.0004580245
243     0.0000000000     0.0000000000     -0.0000000000     0.0000000000     -0.0000409735     0.0004576244
244     0.0000000000     0.0000000000     -0.0000000000     0.0000000000     -0.0000255855     0.0004560093
245     0.0000000000     0.0000000000     -0.0000000000     0.0000000000     -0.0000109732     0.0004529389
246     0.0000000000     0.0000000000     -0.0000000000     0.0000000000     0.0000005755     0.0004504042
247     0.0000000000     0.0000000000     -0.0000000000     0.0000000000     0.0000110874     0.0004528606
248     0.0000000000     0.0000000000     -0.0000000000     0.0000000000     0.0000218077     0.0004526647
249     0.0000000000     0.0000000000     -0.0000000000     0.0000000000     0.0000352402     0.0004502469
250     0.0000000000     0.0000000000     -0.0000000000     0.0000000000     0.0000491306     0.0004507055
251     0.0000000000     0.0000000000     -0.0000000000     0.0000000000     0.0000596777     0.0004521570
252     0.0000000000     0.0000000000     -0.0000000000     0.0000000000     0.0000688077     0.0004552249
253     0.0000000000     0.0000000000     -0.0000000000     0.0000000000     0.0000787161     0.0004569322
254     0.0000000000     0.0000000000     -0.0000000000     0.0000000000     0.0000916473     0.0004553952
255     0.0000000000     0.0000000000     -0.0000000000     0.0000000000     0.0001024615     0.0004565395
256     0.0000000000     0.0000000000     -0.0000000000     0.0000000000     0.0001098536     0.0004634393
257     0.0000000000     0.0000000000     -0.0000000000     0.0000000000     0.0001161278     0.0004686227
258     0.0000000000     0.0000000000     -0.0000000000     0.0000000000     0.0001210687     0.0004699981
259     0.0000000000     0.0000000000     -0.0000000000     0.0000000000     0.0001208575     0.0004699806
260     0.0000000000     0.0000000000     -0.0000000000     0.0000000000     0.0001210398     0.0004698369
261     0.0000000000     0.0000000000     -0.0000000000     0.0000000000     -0.0000915467     0.0004244344
262     0.0000000000     0.0000000000     -0.0000000000     0.0000000000     -0.0000915523     0.0004243827
263     0.0000000000     0.0000000000     -0.0000000000     0.0000000000     -0.0000915605     0.0004243957
264     0.0000000000     0.0000000000     -0.0000000000     0.0000000000     -0.0000916211     0.0004243845
265     0.0000000000     0.0000000000     -0.0000000000     0.0000000000     -0.0000844751     0.0004228658
266     0.0000000000     0.0000000000     -0.0000000000     0.0000000000     -0.0000748183     0.0004224087
267     0.0000000000     0.0000000000     -0.0000000000     0.0000000000     -0.0000625290     0.0004214631
268     0.0000000000     0.0000000000     -0.0000000000     0.0000000000     -0.0000507252     0.0004223591
269     0.0000000000     0.0000000000     -0.0000000000     0.0000000000     -0.0000399267     0.0004213296
270     0.0000000000     0.0000000000     -0.0000000000     0.0000000000     -0.0000236733     0.0004180168
271     0.0000000000     0.0000000000     -0.0000000000     0.0000000000     -0.0000081211     0.0004190986
272     0.0000000000     0.0000000000     -0.0000000000     0.0000000000     0.0000017883     0.0004219395
273     0.0000000000     0.0000000000     -0.0000000000     0.0000000000     0.0000115697     0.0004246571
274     0.0000000000     0.0000000000     -0.0000000000     0.0000000000     0.0000244708     0.0004243028
275     0.0000000000     0.0000000000     -0.0000000000     0.0000000000     0.0000375683     0.0004186410
276     0.0000000000     0.0000000000     -0.0000000000     0.0000000000     0.0000493424     0.0004180211
277     0.0000000000     0.0000000000     -0.0000000000     0.0000000000     0.0000607291     0.0004231958
278     0.0000000000     0.0000000000     -0.0000000000     0.0000000000     0.0000705844     0.0004268969
279     0.0000000000     0.0000000000     -0.0000000000     0.0000000000     0.0000794274     0.0004272644
280     0.0000000000     0.0000000000     -0.0000000000     0.0000000000     0.0000910578     0.0004297590
281     0.0000000000     0.0000000000     -0.0000000000     0.0000000000     0.0001009835     0.0004360788
282     0.0000000000     0.0000000000     -0.0000000000     0.0000000000     0.0001079714     0.0004428231
283     0.0000000000     0.0000000000     -0.0000000000     0.0000000000     0.0001152214     0.0004463173
284     0.0000000000     0.0000000000     -0.0000000000     0.0000000000     0.0001216191     0.0004460558
285     0.0000000000     0.0000000000     -0.0000000000     0.0000000000     0.0001214358     0.0004460780
286     0.0000000000     0.0000000000     -0.0000000000     0.0000000000     0.0001215266     0.0004459252
287     0.0000000000     0.0000000000     -0.0000000000     0.0000000000     -0.0000876529     0.0003937066
288     0.0000000000     0.0000000000     -0.0000000000     0.0000000000     -0.0000875961     0.0003937135
289     0.0000000000     0.0000000000     -0.0000000000     0.0000000000     -0.0000876221     0.0003937257
290     0.0000000000     0.0000000000     -0.0000000000     0.0000000000     -0.0000876906     0.0003936460
291     0.0000000000     0.0000000000     -0.0000000000     0.0000000000     -0.0000805782     0.0003920006
292     0.0000000000     0.0000000000     -0.0000000000     0.0000000000     -0.0000723662     0.0003881557
293     0.0000000000     0.0000000000     -0.0000000000     0.0000000000     -0.0000621143     0.0003867363
294     0.0000000000     0.0000000000     -0.0000000000     0.0000000000     -0.0000514007     0.0003873055
295     0.0000000000     0.0000000000     -0.0000000000     0.0000000000     -0.0000385828     0.0003834737
296     0.0000000000     0.0000000000     -0.0000000000     0.0000000000     -0.0000238226     0.0003794283
297     0.0000000000     0.0000000000     -0.0000000000     0.0000000000     -0.0000108106     0.0003854040
298     0.0000000000     0.0000000000     -0.0000000000     0.0000000000     0.0000001983     0.0003940949
299     0.0000000000     0.0000000000     -0.0000000000     0.0000000000     0.0000106519     0.0003944187
300     0.0000000000     0.0000000000     -0.0000000000     0.0000000000     0.0000245746     0.0003924981
301     0.0000000000     0.0000000000     -0.0000000000     0.0000000000     0.0000374768     0.0003911665
302     0.0000000000     0.0000000000     -0.0000000000     0.0000000000     0.0000483018     0.0003931526
303     0.0000000000     0.0000000000     -0.0000000000     0.0000000000     0.0000605631     0.0003960920
304     0.0000000000     0.0000000000     -0.0000000000     0.0000000000     0.0000713658     0.0003982195
305     0.0000000000     0.0000000000     -0.0000000000     0.0000000000     0.0000801387     0.0003999761
306     0.0000000000     0.0000000000     -0.0000000000     0.0000000000     0.0000901972     0.0004040987
307     0.0000000000     0.0000000000     -0.0000000000     0.0000000000     0.0000997266     0.0004107446
308     0.0000000000     0.0000000000     -0.0000000000     0.0000000000     0.0001076493     0.0004146331
309     0.0000000000     0.0000000000     -0.0000000000     0.0000000000     0.0001159688     0.0004166228
310     0.0000000000     0.0000000000     -0.0000000000     0.0000000000     0.0001232313     0.0004176513
311     0.0000000000     0.0000000000     -0.0000000000     0.0000000000     0.0001230393     0.0004176518
312     0.0000000000     0.0000000000     -0.0000000000     0.0000000000     0.0001230602     0.0004178140
313     0.0000000000     0.0000000000     -0.0000000000     0.0000000000     -0.0000862592     0.0003649903
314     0.0000000000     0.0000000000     -0.0000000000     0.0000000000     -0.0000862145     0.0003649565
315     0.0000000000     0.0000000000     -0.0000000000     0.0000000000     -0.0000862472     0.0003649408
316     0.0000000000     0.0000000000     -0.0000000000     0.0000000000     -0.0000862483     0.0003650481
317     0.0000000000     0.0000000000     -0.0000000000     0.0000000000     -0.0000765101     0.0003699806
318     0.0000000000     0.0000000000     -0.0000000000     0.0000000000     -0.0000691252     0.0003670257
319     0.0000000000     0.0000000000     -0.0000000000     0.0000000000     -0.0000609701     0.0003621921
320     0.0000000000     0.0000000000     -0.0000000000     0.0000000000     -0.0000505120     0.0003580737
321     0.0000000000     0.0000000000     -0.0000000000     0.0000000000     -0.0000379205     0.0003514962
322     0.0000000000     0.0000000000     -0.0000000000     0.0000000000     -0.0000262347     0.0003494907
323     0.0000000000     0.0000000000     -0.0000000000     0.0000000000     -0.0000158796     0.0003532632
324     0.0000000000     0.0000000000     -0.0000000000     0.0000000000     -0.0000023695     0.0003601659
325     0.0000000000     0.0000000000     -0.0000000000     0.0000000000     0.0000104890     0.0003625599
326     0.0000000000     0.0000000000     -0.0000000000     0.0000000000     0.0000225898     0.0003621778
327     0.0000000000     0.0000000000     -0.0000000000     0.0000000000     0.0000349630     0.0003648926
328     0.0000000000     0.0000000000     -0.0000000000     0.0000000000     0.0000480160     0.0003673388
329     0.0000000000     0.0000000000     -0.0000000000     0.0000000000     0.0000608241     0.0003671498
330     0.0000000000     0.0000000000     -0.0000000000     0.0000000000     0.0000704536     0.0003695169
331     0.0000000000     0.0000000000     -0.0000000000     0.0000000000     0.0000789061     0.0003750717
332     0.0000000000     0.0000000000     -0.0000000000     0.0000000000     0.0000886567     0.0003823536
333     0.0000000000     0.0000000000     -0.0000000000     0.0000000000     0.0000994636     0.0003887981
334     0.0000000000     0.0000000000     -0.0000000000     0.0000000000     0.0001084077     0.0003910682
335     0.0000000000     0.0000000000     -0.0000000000     0.0000000000     0.0001162620     0.0003930987
336     0.0000000000     0.0000000000     -0.0000000000     0.0000000000     0.0001234597     0.0003948155
337     0.0000000000     0.0000000000     -0.0000000000     0.0000000000     0.0001232964     0.0003947644
338     0.0000000000     0.0000000000     -0.0000000000     0.0000000000     0.0001232085     0.0003949557
339     0.0000000000     0.0000000000     -0.0000000000     0.0000000000     -0.0000874016     0.0003377329
340     0.0000000000     0.0000000000     -0.0000000000     0.0000000000     -0.0000874642     0.0003376456
341     0.0000000000     0.0000000000     -0.0000000000     0.0000000000     -0.0000874740     0.0003376429
342     0.0000000000     0.0000000000     -0.0000000000     0.0000000000     -0.0000875258     0.0003376847
343     0.0000000000     0.0000000000     -0.0000000000     0.0000000000     -0.0000770682     0.0003432156
344     0.0000000000     0.0000000000     -0.0000000000     0.0000000000     -0.0000679367     0.0003431368
345     0.0000000000     0.0000000000     -0.0000000000     0.0000000000     -0.0000586561     0.0003366061
346     0.0000000000     0.0000000000     -0.0000000000     0.0000000000     -0.0000480881     0.0003323490
347     0.0000000000     0.0000000000     -0.0000000000     0.0000000000     -0.0000380480     0.0003291834
348     0.0000000000     0.0000000000     -0.0000000000     0.0000000000     -0.0000273986     0.0003276961
349     0.0000000000     0.0000000000     -0.0000000000     0.0000000000     -0.0000168480     0.0003251908
350     0.0000000000     0.0000000000     -0.0000000000     0.0000000000     -0.0000036789     0.0003272660
351     0.0000000000     0.0000000000     -0.0000000000     0.0000000000     0.0000104411     0.0003297227
352     0.0000000000     0.0000000000     -0.0000000000     0.0000000000     0.0000224954     0.0003304763
353     0.0000000000     0.0000000000     -0.0000000000     0.0000000000     0.0000348830     0.0003350125
354     0.0000000000     0.0000000000     -0.0000000000     0.0000000000     0.0000472975     0.0003377121
355     0.0000000000     0.0000000000     -0.0000000000     0.0000000000     0.0000584225     0.0003400691
356     0.0000000000     0.0000000000     -0.0000000000     0.0000000000     0.0000667020     0.0003471254
357     0.0000000000     0.0000000000     -0.0000000000     0.0000000000     0.0000748034     0.0003546009
358     0.0000000000     0.0000000000     -0.0000000000     0.0000000000     0.0000849853     0.0003620674
359     0.0000000000     0.0000000000     -0.0000000000     0.0000000000     0.0000970574     0.0003688942
360     0.0000000000     0.0000000000     -0.0000000000     0.0000000000     0.0001060203     0.0003729254
361     0.0000000000     0.0000000000     -0.0000000000     0.0000000000     0.0001129659     0.0003760396
362     0.0000000000     0.0000000000     -0.0000000000     0.0000000000     0.0001192859     0.0003786109
363     0.0000000000     0.0000000000     -0.0000000000     0.0000000000     0.0001191463     0.0003785547
364     0.0000000000     0.0000000000     -0.0000000000     0.0000000000     0.0001190978     0.0003785391
365     0.0000000000     0.0000000000     -0.0000000000     0.0000000000     -0.0000855847     0.0003162394
366     0.0000000000     0.0000000000     -0.0000000000     0.0000000000     -0.0000856066     0.0003163114
367     0.0000000000     0.0000000000     -0.0000000000     0.0000000000     -0.0000856081     0.0003163294
368     0.0000000000     0.0000000000     -0.0000000000     0.0000000000     -0.0000856989     0.0003162046
369     0.0000000000     0.0000000000     -0.0000000000     0.0000000000     -0.0000776602     0.0003126404
370     0.0000000000     0.0000000000     -0.0000000000     0.0000000000     -0.0000682599     0.0003097796
371     0.0000000000     0.0000000000     -0.0000000000     0.0000000000     -0.0000583394     0.0003086200
372     0.0000000000     0.0000000000     -0.0000000000     0.0000000000     -0.0000474952     0.0003078488
373     0.0000000000     0.0000000000     -0.0000000000     0.0000000000     -0.0000367296     0.0003058689
374     0.0000000000     0.0000000000     -0.0000000000     0.0000000000     -0.0000257883     0.0003037533
375     0.0000000000     0.0000000000     -0.0000000000     0.0000000000     -0.0000155490     0.0003006559
376     0.0000000000     0.0000000000     -0.0000000000     0.0000000000     -0.0000032241     0.0003004425
377     0.0000000000     0.0000000000     -0.0000000000     0.0000000000     0.0000112380     0.0003004503
378     0.0000000000     0.0000000000     -0.0000000000     0.0000000000     0.0000229154     0.0002998730
379     0.0000000000     0.0000000000     -0.0000000000     0.0000000000     0.0000331046     0.0003041200
380     0.0000000000     0.0000000000     -0.0000000000     0.0000000000     0.0000428892     0.0003113901
381     0.0000000000     0.0000000000     -0.0000000000     0.0000000000     0.0000527324     0.0003187458
382     0.0000000000     0.0000000000     -0.0000000000     0.0000000000     0.0000611180     0.0003257228
383     0.0000000000     0.0000000000     -0.0000000000     0.0000000000     0.0000693896     0.0003318830
384     0.0000000000     0.0000000000     -0.0000000000     0.0000000000     0.0000800020     0.0003360019
385     0.0000000000     0.0000000000     -0.0000000000     0.0000000000     0.0000912815     0.0003407196
386     0.0000000000     0.0000000000     -0.0000000000     0.0000000000     0.0000999045     0.0003482646
387     0.0000000000     0.0000000000     -0.0000000000     0.0000000000     0.0001067159     0.0003561722
388     0.0000000000     0.0000000000     -0.0000000000     0.0000000000     0.0001122177     0.0003614657
389     0.0000000000     0.0000000000     -0.0000000000     0.0000000000     0.0001120835     0.0003614227
390     0.0000000000     0.0000000000     -0.0000000000     0.0000000000     0.0001120694     0.0003613384
391     0.0000000000     0.0000000000     -6.5369225244     0.0000000000     -0.0000820518     0.0002918611
392     0.0000000000     0.0000000000     -6.5369225244     0.0000000000     -0.0000820317     0.0002918164
393     0.0000000000     0.0000000000     -6.5369225244     0.0000000000     -0.0000820400     0.0002918399
394     0.0000000000     0.0000000000     -6.5369225244     0.0000000000     -0.0000820948     0.0002918832
395     0.0000000000     0.0000000000     -6.5369225244     0.0000000000     -0.0000745541     0.0002863581
396     0.0000000000     0.0000000000     -6.5369225244     0.0000000000     -0.0000662881     0.0002816217
397     0.0000000000     0.0000000000     -6.5369225244     0.0000000000     -0.0000565203     0.0002821782
398     0.0000000000     0.0000000000     -6.5369225244     0.0000000000     -0.0000436610     0.0002822589
399     0.0000000000     0.0000000000     -6.5369225244     0.0000000000     -0.0000320996     0.0002784639
400     0.0000000000     0.0000000000     -6.5369225244     0.0000000000     -0.0000235628     0.0002757810
401     0.0000000000     0.0000000000     -6.5369225244     0.0000000000     -0.0000150681     0.0002740859
402     0.0000000000     0.0000000000     -6.5369225244     0.0000000000     -0.0000040007     0.0002713819
403     0.0000000000     0.0000000000     -6.5369225244     0.0000000000     0.0000097631     0.0002715516
404     0.0000000000     0.0000000000     -6.5369225244     0.0000000000     0.0000209228     0.0002738793
405     0.0000000000     0.0000000000     -6.5369225244     0.0000000000     0.0000286372     0.0002778103
406     0.0000000000     0.0000000000     -6.5369225244     0.0000000000     0.0000371505     0.0002868222
407     0.0000000000     0.0000000000     -6.5369225244     0.0000000000     0.0000471311     0.0002947103
408     0.0000000000     0.0000000000     -6.5369225244     0.0000000000     0.0000562423     0.0003006944
409     0.0000000000     0.0000000000     -6.5369225244     0.0000000000     0.0000645943     0.0003052847
410     0.0000000000     0.0000000000     -6.5369225244     0.0000000000     0.0000745007     0.0003071470
411     0.0000000000     0.0000000000     -6.5369225244     0.0000000000     0.0000841288     0.0003118409
412     0.0000000000     0.0000000000     -6.5369225244     0.0000000000     0.0000916722     0.0003214105
413     0.0000000000     0.0000000000     -6.5369225244     0.0000000000     0.0000976115     0.0003336886
414     0.0000000000     0.0000000000     -6.5369225244     0.0000000000     0.0001028897     0.0003417837
415     0.0000000000     0.0000000000     -6.5369225244     0.0000000000     0.0001027805     0.0003417385
416     0.0000000000     0.0000000000     -6.5369225244     0.0000000000     0.0001027943     0.0003416525
