1     0.0000000000     0.0000000000     11.5667558290     0.0000000000     -0.0001973487     0.0015551284
2     0.0000000000     0.0000000000     11.5667558290     0.0000000000     -0.0001974229     0.0015557488
3     0.0000000000     0.0000000000     11.5667558290     0.0000000000     -0.0001978259     0.0015554116
4     0.0000000000     0.0000000000     11.5667558290     0.0000000000     -0.0001936030     0.0015568102
5     0.0000000000     0.0000000000     11.5667558290     0.0000000000     -0.0001782300     0.0015541155
6     0.0000000000     0.0000000000     11.5667558290     0.0000000000     -0.0001518430     0.0015503724
7     0.0000000000     0.0000000000     11.5667558290     0.0000000000     -0.0001295317     0.0015478077
8     0.0000000000     0.0000000000     11.5667558290     0.0000000000     -0.0001139371     0.0015568933
9     0.0000000000     0.0000000000     11.5667558290     0.0000000000     -0.0000933730     0.0015649890
10     0.0000000000     0.0000000000     11.5667558290     0.0000000000     -0.0000728907     0.0015626863
11     0.0000000000     0.0000000000     11.5667558290     0.0000000000     -0.0000529812     0.0015636976
12     0.0000000000     0.0000000000     11.5667558290     0.0000000000     -0.0000289023     0.0015760332
13     0.0000000000     0.0000000000     11.5667558290     0.0000000000     -0.0000047507     0.0015977657
14     0.0000000000     0.0000000000     11.5667558290     0.0000000000     0.0000161479     0.0016092678
15     0.0000000000     0.0000000000     11.5667558290     0.0000000000     0.0000367857     0.0015898667
16     0.0000000000     0.0000000000     11.5667558290     0.0000000000     0.0000576614     0.0015641999
17     0.0000000000     0.0000000000     11.5667558290     0.0000000000     0.0000766803     0.0015585303
18     0.0000000000     0.0000000000     11.5667558290     0.0000000000     0.0000936751     0.0015554788
19     0.0000000000     0.0000000000     11.5667558290     0.0000000000     0.0001185850     0.0015538435
20     0.0000000000     0.0000000000     11.5667558290     0.0000000000     0.0001429168     0.0015516374
21     0.0000000000     0.0000000000     11.5667558290     0.0000000000     0.0001563372     0.0015362539
22     0.0000000000     0.0000000000     11.5667558290     0.0000000000     0.0001700023     0.0015164123
23     0.0000000000     0.0000000000     11.5667558290     0.0000000000     0.0001916625     0.0014955455
24     0.0000000000     0.0000000000     11.5667558290     0.0000000000     0.0002119525     0.0014740652
25     0.0000000000     0.0000000000     11.5667558290     0.0000000000     0.0002105197     0.0014750649
26     0.0000000000     0.0000000000     11.5667558290     0.0000000000     0.0002102274     0.0014756220
27     0.0000000000     0.0000000000     -0.0000000000     0.0000000000     -0.0001963231     0.0015096160
28     0.0000000000     0.0000000000     -0.0000000000     0.0000000000     -0.0001961275     0.0015111230
29     0.0000000000     0.0000000000     -0.0000000000     0.0000000000     -0.0001966595     0.0015103478
30     0.0000000000     0.0000000000     -0.0000000000     0.0000000000     -0.0001909357     0.0015148756
31     0.0000000000     0.0000000000     -0.0000000000     0.0000000000     -0.0001751111     0.0015086680
32     0.0000000000     0.0000000000     -0.0000000000     0.0000000000     -0.0001521286     0.0014999828
33     0.0000000000     0.0000000000     -0.0000000000     0.0000000000     -0.0001307528     0.0014894001
34     0.0000000000     0.0000000000     -0.0000000000     0.0000000000     -0.0001147715     0.0014845960
35     0.0000000000     0.0000000000     -0.0000000000     0.0000000000     -0.0000962070     0.0014851107
36     0.0000000000     0.0000000000     -0.0000000000     0.0000000000     -0.0000761921     0.0014784024
37     0.0000000000     0.0000000000     -0.0000000000     0.0000000000     -0.0000560364     0.0014806841
38     0.0000000000     0.0000000000     -0.0000000000     0.0000000000     -0.0000353267     0.0014920197
39     0.0000000000     0.0000000000     -0.0000000000     0.0000000000     -0.0000095221     0.0015044284
40     0.0000000000     0.0000000000     -0.0000000000     0.0000000000     0.0000169233     0.0015190581
41     0.0000000000     0.0000000000     -0.0000000000     0.0000000000     0.0000379548     0.0015151912
42     0.0000000000     0.0000000000     -0.0000000000     0.0000000000     0.0000583766     0.0015028184
43     0.0000000000     0.0000000000     -0.0000000000     0.0000000000     0.0000824536     0.0015063040
44     0.0000000000     0.0000000000     -0.0000000000     0.0000000000     0.0001023748     0.0015030104
45     0.0000000000     0.0000000000     -0.0000000000     0.0000000000     0.0001227390     0.0014847990
46     0.0000000000     0.0000000000     -0.0000000000     0.0000000000     0.0001487073     0.0014743831
47     0.0000000000     0.0000000000     -0.0000000000     0.0000000000     0.0001670264     0.0014742500
48     0.0000000000     0.0000000000     -0.0000000000     0.0000000000     0.0001819931     0.0014649989
49     0.0000000000     0.0000000000     -0.0000000000     0.0000000000     0.0002048781     0.0014467264
50     0.0000000000     0.0000000000     -0.0000000000     0.0000000000     0.0002260996     0.0014315526
51     0.0000000000     0.0000000000     -0.0000000000     0.0000000000     0.0002246504     0.0014326825
52     0.0000000000     0.0000000000     -0.0000000000     0.0000000000     0.0002241340     0.0014320608
53     0.0000000000     0.0000000000     -0.0000000000     0.0000000000     -0.0001975977     0.0014449765
54     0.0000000000     0.0000000000     -0.0000000000     0.0000000000     -0.0001973437     0.0014466459
55     0.0000000000     0.0000000000     -0.0000000000     0.0000000000     -0.0001979398     0.0014457530
56     0.0000000000     0.0000000000     -0.0000000000     0.0000000000     -0.0001918526     0.0014515256
57     0.0000000000     0.0000000000     -0.0000000000     0.0000000000     -0.0001736313     0.0014483698
58     0.0000000000     0.0000000000     -0.0000000000     0.0000000000     -0.0001487896     0.0014358525
59     0.0000000000     0.0000000000     -0.0000000000     0.0000000000     -0.0001299178     0.0014248194
60     0.0000000000     0.0000000000     -0.0000000000     0.0000000000     -0.0001146428     0.0014215743
61     0.0000000000     0.0000000000     -0.0000000000     0.0000000000     -0.0000960843     0.0014171971
62     0.0000000000     0.0000000000     -0.0000000000     0.0000000000     -0.0000767763     0.0014053384
63     0.0000000000     0.0000000000     -0.0000000000     0.0000000000     -0.0000561223     0.0014083240
64     0.0000000000     0.0000000000     -0.0000000000     0.0000000000     -0.0000362321     0.0014122161
65     0.0000000000     0.0000000000     -0.0000000000     0.0000000000     -0.0000119719     0.0014061455
66     0.0000000000     0.0000000000     -0.0000000000     0.0000000000     0.0000139611     0.0014017344
67     0.0000000000     0.0000000000     -0.0000000000     0.0000000000     0.0000346913     0.0014119450
68     0.0000000000     0.0000000000     -0.0000000000     0.0000000000     0.0000574577     0.0014299903
69     0.0000000000     0.0000000000     -0.0000000000     0.0000000000     0.0000842296     0.0014323558
70     0.0000000000     0.0000000000     -0.0000000000     0.0000000000     0.0001070165     0.0014208400
71     0.0000000000     0.0000000000     -0.0000000000     0.0000000000     0.0001244652     0.0014013532
72     0.0000000000     0.0000000000     -0.0000000000     0.0000000000     0.0001474621     0.0013935539
73     0.0000000000     0.0000000000     -0.0000000000     0.0000000000     0.0001696062     0.0014067289
74     0.0000000000     0.0000000000     -0.0000000000     0.0000000000     0.0001873276     0.0014107212
75     0.0000000000     0.0000000000     -0.0000000000     0.0000000000     0.0002077655     0.0014004051
76     0.0000000000     0.0000000000     -0.0000000000     0.0000000000     0.0002261245     0.0013891883
77     0.0000000000     0.0000000000     -0.0000000000     0.0000000000     0.0002247391     0.0013904034
78     0.0000000000     0.0000000000     -0.0000000000     0.0000000000     0.0002250603     0.0013880827
79     0.0000000000     0.0000000000     -0.0000000000     0.0000000000     -0.0002008010     0.0013595062
80     0.0000000000     0.0000000000     -0.0000000000     0.0000000000     -0.0002007522     0.0013601554
81     0.0000000000     0.0000000000     -0.0000000000     0.0000000000     -0.0002013182     0.0013597315
82     0.0000000000     0.0000000000     -0.0000000000     0.0000000000     -0.0001959696     0.0013607879
83     0.0000000000     0.0000000000     -0.0000000000     0.0000000000     -0.0001756576     0.0013560784
84     0.0000000000     0.0000000000     -0.0000000000     0.0000000000     -0.0001476061     0.0013527325
85     0.0000000000     0.0000000000     -0.0000000000     0.0000000000     -0.0001283642     0.0013557044
86     0.0000000000     0.0000000000     -0.0000000000     0.0000000000     -0.0001141602     0.0013589179
87     0.0000000000     0.0000000000     -0.0000000000     0.0000000000     -0.0000941128     0.0013518265
88     0.0000000000     0.0000000000     -0.0000000000     0.0000000000     -0.0000750866     0.0013423620
89     0.0000000000     0.0000000000     -0.0000000000     0.0000000000     -0.0000562929     0.0013474723
90     0.0000000000     0.0000000000     -0.0000000000     0.0000000000     -0.0000355335     0.0013475868
91     0.0000000000     0.0000000000     -0.0000000000     0.0000000000     -0.0000115747     0.0013366533
92     0.0000000000     0.0000000000     -0.0000000000     0.0000000000     0.0000135839     0.0013258557
93     0.0000000000     0.0000000000     -0.0000000000     0.0000000000     0.0000351843     0.0013258176
94     0.0000000000     0.0000000000     -0.0000000000     0.0000000000     0.0000584764     0.0013429372
95     0.0000000000     0.0000000000     -0.0000000000     0.0000000000     0.0000856478     0.0013475761
96     0.0000000000     0.0000000000     -0.0000000000     0.0000000000     0.0001090472     0.0013383465
97     0.0000000000     0.0000000000     -0.0000000000     0.0000000000     0.0001284626     0.0013359894
98     0.0000000000     0.0000000000     -0.0000000000     0.0000000000     0.0001480144     0.0013376079
99     0.0000000000     0.0000000000     -0.0000000000     0.0000000000     0.0001698839     0.0013388983
100     0.0000000000     0.0000000000     -0.0000000000     0.0000000000     0.0001896361     0.0013393813
101     0.0000000000     0.0000000000     -0.0000000000     0.0000000000     0.0002097947     0.0013340856
102     0.0000000000     0.0000000000     -0.0000000000     0.0000000000     0.0002258928     0.0013212403
103     0.0000000000     0.0000000000     -0.0000000000     0.0000000000     0.0002245744     0.0013226141
104     0.0000000000     0.0000000000     -0.0000000000     0.0000000000     0.0002249940     0.0013209029
105     0.0000000000     0.0000000000     -0.0000000000     0.0000000000     -0.0002005877     0.0012717220
106     0.0000000000     0.0000000000     -0.0000000000     0.0000000000     -0.0002004951     0.0012716303
107     0.0000000000     0.0000000000     -0.0000000000     0.0000000000     -0.0002010877     0.0012717248
108     0.0000000000     0.0000000000     -0.0000000000     0.0000000000     -0.0001960821     0.0012706076
109     0.0000000000     0.0000000000     -0.0000000000     0.0000000000     -0.0001764748     0.0012662407
110     0.0000000000     0.0000000000     -0.0000000000     0.0000000000     -0.0001530643     0.0012700668
111     0.0000000000     0.0000000000     -0.0000000000     0.0000000000     -0.0001334575     0.0012767974
112     0.0000000000     0.0000000000     -0.0000000000     0.0000000000     -0.0001155650     0.0012820856
113     0.0000000000     0.0000000000     -0.0000000000     0.0000000000     -0.0000933633     0.0012818957
114     0.0000000000     0.0000000000     -0.0000000000     0.0000000000     -0.0000720608     0.0012828579
115     0.0000000000     0.0000000000     -0.0000000000     0.0000000000     -0.0000539976     0.0012868924
116     0.0000000000     0.0000000000     -0.0000000000     0.0000000000     -0.0000335191     0.0012818020
117     0.0000000000     0.0000000000     -0.0000000000     0.0000000000     -0.0000100383     0.0012719101
118     0.0000000000     0.0000000000     -0.0000000000     0.0000000000     0.0000130684     0.0012675783
119     0.0000000000     0.0000000000     -0.0000000000     0.0000000000     0.0000362436     0.0012663064
120     0.0000000000     0.0000000000     -0.0000000000     0.0000000000     0.0000604460     0.0012628816
121     0.0000000000     0.0000000000     -0.0000000000     0.0000000000     0.0000855570     0.0012660491
122     0.0000000000     0.0000000000     -0.0000000000     0.0000000000     0.0001077394     0.0012657619
123     0.0000000000     0.0000000000     -0.0000000000     0.0000000000     0.0001287882     0.0012710056
124     0.0000000000     0.0000000000     -0.0000000000     0.0000000000     0.0001503290     0.0012781042
125     0.0000000000     0.0000000000     -0.0000000000     0.0000000000     0.0001692249     0.0012703390
126     0.0000000000     0.0000000000     -0.0000000000     0.0000000000     0.0001877406     0.0012623084
127     0.0000000000     0.0000000000     -0.0000000000     0.0000000000     0.0002082053     0.0012485673
128     0.0000000000     0.0000000000     -0.0000000000     0.0000000000     0.0002245960     0.0012336962
129     0.0000000000     0.0000000000     -0.0000000000     0.0000000000     0.0002233027     0.0012347877
130     0.0000000000     0.0000000000     -0.0000000000     0.0000000000     0.0002238369     0.0012356347
131     0.0000000000     0.0000000000     -0.0000000000     0.0000000000     -0.0001954414     0.0011854809
132     0.0000000000     0.0000000000     -0.0000000000     0.0000000000     -0.0001949325     0.0011848446
133     0.0000000000     0.0000000000     -0.0000000000     0.0000000000     -0.0001957364     0.0011851265
134     0.0000000000     0.0000000000     -0.0000000000     0.0000000000     -0.0001888883     0.0011844553
135     0.0000000000     0.0000000000     -0.0000000000     0.0000000000     -0.0001728735     0.0011902896
136     0.0000000000     0.0000000000     -0.0000000000     0.0000000000     -0.0001558558     0.0011971210
137     0.0000000000     0.0000000000     -0.0000000000     0.0000000000     -0.0001385596     0.0012009785
138     0.0000000000     0.0000000000     -0.0000000000     0.0000000000     -0.0001159296     0.0012061412
139     0.0000000000     0.0000000000     -0.0000000000     0.0000000000     -0.0000911719     0.0012084332
140     0.0000000000     0.0000000000     -0.0000000000     0.0000000000     -0.0000706810     0.0012147733
141     0.0000000000     0.0000000000     -0.0000000000     0.0000000000     -0.0000519945     0.0012220715
142     0.0000000000     0.0000000000     -0.0000000000     0.0000000000     -0.0000301909     0.0012156307
143     0.0000000000     0.0000000000     -0.0000000000     0.0000000000     -0.0000071161     0.0012040085
144     0.0000000000     0.0000000000     -0.0000000000     0.0000000000     0.0000138911     0.0012006533
145     0.0000000000     0.0000000000     -0.0000000000     0.0000000000     0.0000378293     0.0011988353
146     0.0000000000     0.0000000000     -0.0000000000     0.0000000000     0.0000625235     0.0011931253
147     0.0000000000     0.0000000000     -0.0000000000     0.0000000000     0.0000874371     0.0011940180
148     0.0000000000     0.0000000000     -0.0000000000     0.0000000000     0.0001097246     0.0011874794
149     0.0000000000     0.0000000000     -0.0000000000     0.0000000000     0.0001284316     0.0011862469
150     0.0000000000     0.0000000000     -0.0000000000     0.0000000000     0.0001480367     0.0011992151
151     0.0000000000     0.0000000000     -0.0000000000     0.0000000000     0.0001683420     0.0012014103
152     0.0000000000     0.0000000000     -0.0000000000     0.0000000000     0.0001884134     0.0011927657
153     0.0000000000     0.0000000000     -0.0000000000     0.0000000000     0.0002084795     0.0011775489
154     0.0000000000     0.0000000000     -0.0000000000     0.0000000000     0.0002246975     0.0011673710
155     0.0000000000     0.0000000000     -0.0000000000     0.0000000000     0.0002234360     0.0011679426
156     0.0000000000     0.0000000000     -0.0000000000     0.0000000000     0.0002242068     0.0011682998
157     0.0000000000     0.0000000000     -0.0000000000     0.0000000000     -0.0001939482     0.0011040627
158     0.0000000000     0.0000000000     -0.0000000000     0.0000000000     -0.0001932653     0.0011029843
159     0.0000000000     0.0000000000     -0.0000000000     0.0000000000     -0.0001941772     0.0011033788
160     0.0000000000     0.0000000000     -0.0000000000     0.0000000000     -0.0001857540     0.0011016204
161     0.0000000000     0.0000000000     -0.0000000000     0.0000000000     -0.0001696222     0.0011180108
162     0.0000000000     0.0000000000     -0.0000000000     0.0000000000     -0.0001529095     0.0011263100
163     0.0000000000     0.0000000000     -0.0000000000     0.0000000000     -0.0001363335     0.0011293757
164     0.0000000000     0.0000000000     -0.0000000000     0.0000000000     -0.0001154528     0.0011315134
165     0.0000000000     0.0000000000     -0.0000000000     0.0000000000     -0.0000925536     0.0011373635
166     0.0000000000     0.0000000000     -0.0000000000     0.0000000000     -0.0000744823     0.0011516179
167     0.0000000000     0.0000000000     -0.0000000000     0.0000000000     -0.0000544193     0.0011571086
168     0.0000000000     0.0000000000     -0.0000000000     0.0000000000     -0.0000299438     0.0011452104
169     0.0000000000     0.0000000000     -0.0000000000     0.0000000000     -0.0000054831     0.0011282862
170     0.0000000000     0.0000000000     -0.0000000000     0.0000000000     0.0000155412     0.0011264339
171     0.0000000000     0.0000000000     -0.0000000000     0.0000000000     0.0000396975     0.0011195396
172     0.0000000000     0.0000000000     -0.0000000000     0.0000000000     0.0000643136     0.0011145930
173     0.0000000000     0.0000000000     -0.0000000000     0.0000000000     0.0000893688     0.0011219708
174     0.0000000000     0.0000000000     -0.0000000000     0.0000000000     0.0001143289     0.0011156793
175     0.0000000000     0.0000000000     -0.0000000000     0.0000000000     0.0001314773     0.0011122668
176     0.0000000000     0.0000000000     -0.0000000000     0.0000000000     0.0001494850     0.0011212724
177     0.0000000000     0.0000000000     -0.0000000000     0.0000000000     0.0001725391     0.0011270976
178     0.0000000000     0.0000000000     -0.0000000000     0.0000000000     0.0001935625     0.0011198535
179     0.0000000000     0.0000000000     -0.0000000000     0.0000000000     0.0002135558     0.0011115219
180     0.0000000000     0.0000000000     -0.0000000000     0.0000000000     0.0002304449     0.0011119985
181     0.0000000000     0.0000000000     -0.0000000000     0.0000000000     0.0002292967     0.0011119669
182     0.0000000000     0.0000000000     -0.0000000000     0.0000000000     0.0002295956     0.0011111754
183     0.0000000000     0.0000000000     -0.0000000000     0.0000000000     -0.0002013781     0.0010404689
184     0.0000000000     0.0000000000     -0.0000000000     0.0000000000     -0.0002011507     0.0010398031
185     0.0000000000     0.0000000000     -0.0000000000     0.0000000000     -0.0002018209     0.0010398678
186     0.0000000000     0.0000000000     -0.0000000000     0.0000000000     -0.0001956001     0.0010408382
187     0.0000000000     0.0000000000     -0.0000000000     0.0000000000     -0.0001746435     0.0010573548
188     0.0000000000     0.0000000000     -0.0000000000     0.0000000000     -0.0001531859     0.0010627828
189     0.0000000000     0.0000000000     -0.0000000000     0.0000000000     -0.0001352156     0.0010565707
190     0.0000000000     0.0000000000     -0.0000000000     0.0000000000     -0.0001204668     0.0010568885
191     0.0000000000     0.0000000000     -0.0000000000     0.0000000000     -0.0000987846     0.0010695087
192     0.0000000000     0.0000000000     -0.0000000000     0.0000000000     -0.0000748387     0.0010761334
193     0.0000000000     0.0000000000     -0.0000000000     0.0000000000     -0.0000528570     0.0010611847
194     0.0000000000     0.0000000000     -0.0000000000     0.0000000000     -0.0000290873     0.0010438116
195     0.0000000000     0.0000000000     -0.0000000000     0.0000000000     -0.0000070963     0.0010395016
196     0.0000000000     0.0000000000     -0.0000000000     0.0000000000     0.0000147857     0.0010437237
197     0.0000000000     0.0000000000     -0.0000000000     0.0000000000     0.0000395602     0.0010462674
198     0.0000000000     0.0000000000     -0.0000000000     0.0000000000     0.0000631030     0.0010451428
199     0.0000000000     0.0000000000     -0.0000000000     0.0000000000     0.0000858052     0.0010537423
200     0.0000000000     0.0000000000     -0.0000000000     0.0000000000     0.0001113102     0.0010593123
201     0.0000000000     0.0000000000     -0.0000000000     0.0000000000     0.0001322970     0.0010618132
202     0.0000000000     0.0000000000     -0.0000000000     0.0000000000     0.0001527295     0.0010568370
203     0.0000000000     0.0000000000     -0.0000000000     0.0000000000     0.0001750880     0.0010506290
204     0.0000000000     0.0000000000     -0.0000000000     0.0000000000     0.0001958662     0.0010392489
205     0.0000000000     0.0000000000     -0.0000000000     0.0000000000     0.0002153514     0.0010321790
206     0.0000000000     0.0000000000     -0.0000000000     0.0000000000     0.0002306143     0.0010397741
207     0.0000000000     0.0000000000     -0.0000000000     0.0000000000     0.0002296596     0.0010390424
208     0.0000000000     0.0000000000     -0.0000000000     0.0000000000     0.0002295051     0.0010402335
209     0.0000000000     0.0000000000     -0.0000000000     0.0000000000     -0.0002083719     0.0009875453
210     0.0000000000     0.0000000000     -0.0000000000     0.0000000000     -0.0002086598     0.0009879347
211     0.0000000000     0.0000000000     -0.0000000000     0.0000000000     -0.0002090735     0.0009874575
212     0.0000000000     0.0000000000     -0.0000000000     0.0000000000     -0.0002049231     0.0009917971
213     0.0000000000     0.0000000000     -0.0000000000     0.0000000000     -0.0001851046     0.0010022271
214     0.0000000000     0.0000000000     -0.0000000000     0.0000000000     -0.0001627442     0.0010082511
215     0.0000000000     0.0000000000     -0.0000000000     0.0000000000     -0.0001416717     0.0010024426
216     0.0000000000     0.0000000000     -0.0000000000     0.0000000000     -0.0001243579     0.0009994206
217     0.0000000000     0.0000000000     -0.0000000000     0.0000000000     -0.0001003173     0.0010028069
218     0.0000000000     0.0000000000     -0.0000000000     0.0000000000     -0.0000712900     0.0009960073
219     0.0000000000     0.0000000000     -0.0000000000     0.0000000000     -0.0000478624     0.0009767138
220     0.0000000000     0.0000000000     -0.0000000000     0.0000000000     -0.0000256206     0.0009639356
221     0.0000000000     0.0000000000     -0.0000000000     0.0000000000     -0.0000055736     0.0009668404
222     0.0000000000     0.0000000000     -0.0000000000     0.0000000000     0.0000152745     0.0009669974
223     0.0000000000     0.0000000000     -0.0000000000     0.0000000000     0.0000400227     0.0009772166
224     0.0000000000     0.0000000000     -0.0000000000     0.0000000000     0.0000639026     0.0009844812
225     0.0000000000     0.0000000000     -0.0000000000     0.0000000000     0.0000847460     0.0009824510
226     0.0000000000     0.0000000000     -0.0000000000     0.0000000000     0.0001056154     0.0009885109
227     0.0000000000     0.0000000000     -0.0000000000     0.0000000000     0.0001279595     0.0009930813
228     0.0000000000     0.0000000000     -0.0000000000     0.0000000000     0.0001528038     0.0009812393
229     0.0000000000     0.0000000000     -0.0000000000     0.0000000000     0.0001754905     0.0009710952
230     0.0000000000     0.0000000000     -0.0000000000     0.0000000000     0.0001943430     0.0009705352
231     0.0000000000     0.0000000000     -0.0000000000     0.0000000000     0.0002103924     0.0009711804
232     0.0000000000     0.0000000000     -0.0000000000     0.0000000000     0.0002210392     0.0009776475
233     0.0000000000     0.0000000000     -0.0000000000     0.0000000000     0.0002201255     0.0009771081
234     0.0000000000     0.0000000000     -0.0000000000     0.0000000000     0.0002206700     0.0009786171
235     0.0000000000     0.0000000000     -0.0000000000     0.0000000000     -0.0002080340     0.0009287206
236     0.0000000000     0.0000000000     -0.0000000000     0.0000000000     -0.0002082122     0.0009296156
237     0.0000000000     0.0000000000     -0.0000000000     0.0000000000     -0.0002086348     0.0009289436
238     0.0000000000     0.0000000000     -0.0000000000     0.0000000000     -0.0002040950     0.0009346116
239     0.0000000000     0.0000000000     -0.0000000000     0.0000000000     -0.0001870054     0.0009389480
240     0.0000000000     0.0000000000     -0.0000000000     0.0000000000     -0.0001663380     0.0009422926
241     0.0000000000     0.0000000000     -0.0000000000     0.0000000000     -0.0001421576     0.0009418054
242     0.0000000000     0.0000000000     -0.0000000000     0.0000000000     -0.0001187347     0.0009398258
243     0.0000000000     0.0000000000     -0.0000000000     0.0000000000     -0.0000963607     0.0009355667
244     0.0000000000     0.0000000000     -0.0000000000     0.0000000000     -0.0000664936     0.0009269546
245     0.0000000000     0.0000000000     -0.0000000000     0.0000000000     -0.0000393588     0.0009178607
246     0.0000000000     0.0000000000     -0.0000000000     0.0000000000     -0.0000190702     0.0009096277
247     0.0000000000     0.0000000000     -0.0000000000     0.0000000000     -0.0000006929     0.0009125951
248     0.0000000000     0.0000000000     -0.0000000000     0.0000000000     0.0000188532     0.0009089450
249     0.0000000000     0.0000000000     -0.0000000000     0.0000000000     0.0000433218     0.0009022142
250     0.0000000000     0.0000000000     -0.0000000000     0.0000000000     0.0000688030     0.0009048827
251     0.0000000000     0.0000000000     -0.0000000000     0.0000000000     0.0000892646     0.0009054804
252     0.0000000000     0.0000000000     -0.0000000000     0.0000000000     0.0001065427     0.0009106598
253     0.0000000000     0.0000000000     -0.0000000000     0.0000000000     0.0001252341     0.0009115404
254     0.0000000000     0.0000000000     -0.0000000000     0.0000000000     0.0001520197     0.0009062867
255     0.0000000000     0.0000000000     -0.0000000000     0.0000000000     0.0001754580     0.0009082595
256     0.0000000000     0.0000000000     -0.0000000000     0.0000000000     0.0001907132     0.0009247301
257     0.0000000000     0.0000000000     -0.0000000000     0.0000000000     0.0002040857     0.0009357916
258     0.0000000000     0.0000000000     -0.0000000000     0.0000000000     0.0002141038     0.0009363109
259     0.0000000000     0.0000000000     -0.0000000000     0.0000000000     0.0002130937     0.0009365396
260     0.0000000000     0.0000000000     -0.0000000000     0.0000000000     0.0002142859     0.0009351875
261     0.0000000000     0.0000000000     -0.0000000000     0.0000000000     -0.0002009521     0.0008582507
262     0.0000000000     0.0000000000     -0.0000000000     0.0000000000     -0.0002007234     0.0008585625
263     0.0000000000     0.0000000000     -0.0000000000     0.0000000000     -0.0002013779     0.0008582085
264     0.0000000000     0.0000000000     -0.0000000000     0.0000000000     -0.0001951911     0.0008608577
265     0.0000000000     0.0000000000     -0.0000000000     0.0000000000     -0.0001807724     0.0008582584
266     0.0000000000     0.0000000000     -0.0000000000     0.0000000000     -0.0001618547     0.0008565223
267     0.0000000000     0.0000000000     -0.0000000000     0.0000000000     -0.0001367764     0.0008544803
268     0.0000000000     0.0000000000     -0.0000000000     0.0000000000     -0.0001135274     0.0008565943
269     0.0000000000     0.0000000000     -0.0000000000     0.0000000000     -0.0000932490     0.0008533804
270     0.0000000000     0.0000000000     -0.0000000000     0.0000000000     -0.0000621145     0.0008414463
271     0.0000000000     0.0000000000     -0.0000000000     0.0000000000     -0.0000333755     0.0008430848
272     0.0000000000     0.0000000000     -0.0000000000     0.0000000000     -0.0000159843     0.0008480814
273     0.0000000000     0.0000000000     -0.0000000000     0.0000000000     0.0000008654     0.0008522241
274     0.0000000000     0.0000000000     -0.0000000000     0.0000000000     0.0000246789     0.0008476323
275     0.0000000000     0.0000000000     -0.0000000000     0.0000000000     0.0000492418     0.0008302871
276     0.0000000000     0.0000000000     -0.0000000000     0.0000000000     0.0000709072     0.0008287914
277     0.0000000000     0.0000000000     -0.0000000000     0.0000000000     0.0000939905     0.0008383603
278     0.0000000000     0.0000000000     -0.0000000000     0.0000000000     0.0001135698     0.0008446388
279     0.0000000000     0.0000000000     -0.0000000000     0.0000000000     0.0001302731     0.0008415814
280     0.0000000000     0.0000000000     -0.0000000000     0.0000000000     0.0001542963     0.0008441226
281     0.0000000000     0.0000000000     -0.0000000000     0.0000000000     0.0001745778     0.0008576520
282     0.0000000000     0.0000000000     -0.0000000000     0.0000000000     0.0001883957     0.0008737241
283     0.0000000000     0.0000000000     -0.0000000000     0.0000000000     0.0002052915     0.0008792264
284     0.0000000000     0.0000000000     -0.0000000000     0.0000000000     0.0002189621     0.0008754102
285     0.0000000000     0.0000000000     -0.0000000000     0.0000000000     0.0002178331     0.0008759246
286     0.0000000000     0.0000000000     -0.0000000000     0.0000000000     0.0002186168     0.0008746632
287     0.0000000000     0.0000000000     -0.0000000000     0.0000000000     -0.0001941135     0.0007856081
288     0.0000000000     0.0000000000     -0.0000000000     0.0000000000     -0.0001935864     0.0007852426
289     0.0000000000     0.0000000000     -0.0000000000     0.0000000000     -0.0001944304     0.0007853995
290     0.0000000000     0.0000000000     -0.0000000000     0.0000000000     -0.0001865891     0.0007838492
291     0.0000000000     0.0000000000     -0.0000000000     0.0000000000     -0.0001719090     0.0007798245
292     0.0000000000     0.0000000000     -0.0000000000     0.0000000000     -0.0001563631     0.0007719670
293     0.0000000000     0.0000000000     -0.0000000000     0.0000000000     -0.0001361897     0.0007694765
294     0.0000000000     0.0000000000     -0.0000000000     0.0000000000     -0.0001149890     0.0007719047
295     0.0000000000     0.0000000000     -0.0000000000     0.0000000000     -0.0000903541     0.0007619503
296     0.0000000000     0.0000000000     -0.0000000000     0.0000000000     -0.0000630112     0.0007505985
297     0.0000000000     0.0000000000     -0.0000000000     0.0000000000     -0.0000394279     0.0007653321
298     0.0000000000     0.0000000000     -0.0000000000     0.0000000000     -0.0000194254     0.0007878229
299     0.0000000000     0.0000000000     -0.0000000000     0.0000000000     -0.0000000986     0.0007865430
300     0.0000000000     0.0000000000     -0.0000000000     0.0000000000     0.0000259516     0.0007775922
301     0.0000000000     0.0000000000     -0.0000000000     0.0000000000     0.0000501109     0.0007713371
302     0.0000000000     0.0000000000     -0.0000000000     0.0000000000     0.0000709208     0.0007731472
303     0.0000000000     0.0000000000     -0.0000000000     0.0000000000     0.0000969099     0.0007750792
304     0.0000000000     0.0000000000     -0.0000000000     0.0000000000     0.0001194104     0.0007762230
305     0.0000000000     0.0000000000     -0.0000000000     0.0000000000     0.0001363753     0.0007749357
306     0.0000000000     0.0000000000     -0.0000000000     0.0000000000     0.0001565956     0.0007807747
307     0.0000000000     0.0000000000     -0.0000000000     0.0000000000     0.0001757218     0.0007940938
308     0.0000000000     0.0000000000     -0.0000000000     0.0000000000     0.0001933085     0.0007984552
309     0.0000000000     0.0000000000     -0.0000000000     0.0000000000     0.0002131968     0.0007970719
310     0.0000000000     0.0000000000     -0.0000000000     0.0000000000     0.0002277990     0.0007985717
311     0.0000000000     0.0000000000     -0.0000000000     0.0000000000     0.0002267152     0.0007984495
312     0.0000000000     0.0000000000     -0.0000000000     0.0000000000     0.0002269171     0.0007997463
313     0.0000000000     0.0000000000     -0.0000000000     0.0000000000     -0.0001922446     0.0007186499
314     0.0000000000     0.0000000000     -0.0000000000     0.0000000000     -0.0001917973     0.0007180474
315     0.0000000000     0.0000000000     -0.0000000000     0.0000000000     -0.0001926339     0.0007182729
316     0.0000000000     0.0000000000     -0.0000000000     0.0000000000     -0.0001843062     0.0007183534
317     0.0000000000     0.0000000000     -0.0000000000     0.0000000000     -0.0001633762     0.0007305840
318     0.0000000000     0.0000000000     -0.0000000000     0.0000000000     -0.0001500692     0.0007241320
319     0.0000000000     0.0000000000     -0.0000000000     0.0000000000     -0.0001338831     0.0007133998
320     0.0000000000     0.0000000000     -0.0000000000     0.0000000000     -0.0001127837     0.0007037109
321     0.0000000000     0.0000000000     -0.0000000000     0.0000000000     -0.0000893969     0.0006873157
322     0.0000000000     0.0000000000     -0.0000000000     0.0000000000     -0.0000674127     0.0006821668
323     0.0000000000     0.0000000000     -0.0000000000     0.0000000000     -0.0000482792     0.0006912328
324     0.0000000000     0.0000000000     -0.0000000000     0.0000000000     -0.0000229461     0.0007098241
325     0.0000000000     0.0000000000     -0.0000000000     0.0000000000     0.0000011868     0.0007144662
326     0.0000000000     0.0000000000     -0.0000000000     0.0000000000     0.0000238471     0.0007111593
327     0.0000000000     0.0000000000     -0.0000000000     0.0000000000     0.0000476691     0.0007145956
328     0.0000000000     0.0000000000     -0.0000000000     0.0000000000     0.0000738911     0.0007154871
329     0.0000000000     0.0000000000     -0.0000000000     0.0000000000     0.0001003289     0.0007072400
330     0.0000000000     0.0000000000     -0.0000000000     0.0000000000     0.0001200180     0.0007076037
331     0.0000000000     0.0000000000     -0.0000000000     0.0000000000     0.0001367240     0.0007155101
332     0.0000000000     0.0000000000     -0.0000000000     0.0000000000     0.0001566306     0.0007291752
333     0.0000000000     0.0000000000     -0.0000000000     0.0000000000     0.0001801757     0.0007403109
334     0.0000000000     0.0000000000     -0.0000000000     0.0000000000     0.0002007262     0.0007390920
335     0.0000000000     0.0000000000     -0.0000000000     0.0000000000     0.0002188514     0.0007371412
336     0.0000000000     0.0000000000     -0.0000000000     0.0000000000     0.0002331678     0.0007383192
337     0.0000000000     0.0000000000     -0.0000000000     0.0000000000     0.0002322095     0.0007380878
338     0.0000000000     0.0000000000     -0.0000000000     0.0000000000     0.0002319082     0.0007398315
339     0.0000000000     0.0000000000     -0.0000000000     0.0000000000     -0.0001945321     0.0006583762
340     0.0000000000     0.0000000000     -0.0000000000     0.0000000000     -0.0001944463     0.0006578737
341     0.0000000000     0.0000000000     -0.0000000000     0.0000000000     -0.0001951106     0.0006580243
342     0.0000000000     0.0000000000     -0.0000000000     0.0000000000     -0.0001880817     0.0006581167
343     0.0000000000     0.0000000000     -0.0000000000     0.0000000000     -0.0001653076     0.0006719807
344     0.0000000000     0.0000000000     -0.0000000000     0.0000000000     -0.0001477972     0.0006703971
345     0.0000000000     0.0000000000     -0.0000000000     0.0000000000     -0.0001290382     0.0006567760
346     0.0000000000     0.0000000000     -0.0000000000     0.0000000000     -0.0001077939     0.0006470487
347     0.0000000000     0.0000000000     -0.0000000000     0.0000000000     -0.0000892341     0.0006386184
348     0.0000000000     0.0000000000     -0.0000000000     0.0000000000     -0.0000692921     0.0006351002
349     0.0000000000     0.0000000000     -0.0000000000     0.0000000000     -0.0000487338     0.0006301401
350     0.0000000000     0.0000000000     -0.0000000000     0.0000000000     -0.0000234738     0.0006340914
351     0.0000000000     0.0000000000     -0.0000000000     0.0000000000     0.0000026985     0.0006375383
352     0.0000000000     0.0000000000     -0.0000000000     0.0000000000     0.0000258919     0.0006358301
353     0.0000000000     0.0000000000     -0.0000000000     0.0000000000     0.0000506589     0.0006442372
354     0.0000000000     0.0000000000     -0.0000000000     0.0000000000     0.0000756171     0.0006471349
355     0.0000000000     0.0000000000     -0.0000000000     0.0000000000     0.0000975474     0.0006455609
356     0.0000000000     0.0000000000     -0.0000000000     0.0000000000     0.0001140603     0.0006571896
357     0.0000000000     0.0000000000     -0.0000000000     0.0000000000     0.0001308082     0.0006709558
358     0.0000000000     0.0000000000     -0.0000000000     0.0000000000     0.0001527324     0.0006830847
359     0.0000000000     0.0000000000     -0.0000000000     0.0000000000     0.0001795519     0.0006925298
360     0.0000000000     0.0000000000     -0.0000000000     0.0000000000     0.0002000789     0.0006976687
361     0.0000000000     0.0000000000     -0.0000000000     0.0000000000     0.0002169400     0.0006985277
362     0.0000000000     0.0000000000     -0.0000000000     0.0000000000     0.0002302261     0.0006985214
363     0.0000000000     0.0000000000     -0.0000000000     0.0000000000     0.0002294018     0.0006985970
364     0.0000000000     0.0000000000     -0.0000000000     0.0000000000     0.0002289674     0.0006986922
365     0.0000000000     0.0000000000     -0.0000000000     0.0000000000     -0.0001926752     0.0006071764
366     0.0000000000     0.0000000000     -0.0000000000     0.0000000000     -0.0001926633     0.0006071618
367     0.0000000000     0.0000000000     -0.0000000000     0.0000000000     -0.0001932426     0.0006072380
368     0.0000000000     0.0000000000     -0.0000000000     0.0000000000     -0.0001867796     0.0006076274
369     0.0000000000     0.0000000000     -0.0000000000     0.0000000000     -0.0001679197     0.0006016718
370     0.0000000000     0.0000000000     -0.0000000000     0.0000000000     -0.0001490137     0.0005960333
371     0.0000000000     0.0000000000     -0.0000000000     0.0000000000     -0.0001288712     0.0005943715
372     0.0000000000     0.0000000000     -0.0000000000     0.0000000000     -0.0001068566     0.0005913548
373     0.0000000000     0.0000000000     -0.0000000000     0.0000000000     -0.0000868079     0.0005860836
374     0.0000000000     0.0000000000     -0.0000000000     0.0000000000     -0.0000656325     0.0005811361
375     0.0000000000     0.0000000000     -0.0000000000     0.0000000000     -0.0000455207     0.0005748243
376     0.0000000000     0.0000000000     -0.0000000000     0.0000000000     -0.0000210885     0.0005726203
377     0.0000000000     0.0000000000     -0.0000000000     0.0000000000     0.0000071753     0.0005691371
378     0.0000000000     0.0000000000     -0.0000000000     0.0000000000     0.0000293566     0.0005631742
379     0.0000000000     0.0000000000     -0.0000000000     0.0000000000     0.0000486507     0.0005679049
380     0.0000000000     0.0000000000     -0.0000000000     0.0000000000     0.0000683342     0.0005805019
381     0.0000000000     0.0000000000     -0.0000000000     0.0000000000     0.0000881414     0.0005929091
382     0.0000000000     0.0000000000     -0.0000000000     0.0000000000     0.0001045526     0.0006063661
383     0.0000000000     0.0000000000     -0.0000000000     0.0000000000     0.0001220011     0.0006161944
384     0.0000000000     0.0000000000     -0.0000000000     0.0000000000     0.0001456340     0.0006197108
385     0.0000000000     0.0000000000     -0.0000000000     0.0000000000     0.0001712996     0.0006233473
386     0.0000000000     0.0000000000     -0.0000000000     0.0000000000     0.0001911611     0.0006342833
387     0.0000000000     0.0000000000     -0.0000000000     0.0000000000     0.0002074394     0.0006486874
388     0.0000000000     0.0000000000     -0.0000000000     0.0000000000     0.0002184415     0.0006566301
389     0.0000000000     0.0000000000     -0.0000000000     0.0000000000     0.0002177639     0.0006563021
390     0.0000000000     0.0000000000     -0.0000000000     0.0000000000     0.0002174966     0.0006558890
391     0.0000000000     0.0000000000     -11.5667558290     0.0000000000     -0.0001872476     0.0005525479
392     0.0000000000     0.0000000000     -11.5667558290     0.0000000000     -0.0001871702     0.0005522958
393     0.0000000000     0.0000000000     -11.5667558290     0.0000000000     -0.0001877078     0.0005526750
394     0.0000000000     0.0000000000     -11.5667558290     0.0000000000     -0.0001808441     0.0005498465
395     0.0000000000     0.0000000000     -11.5667558290     0.0000000000     -0.0001637088     0.0005393818
396     0.0000000000     0.0000000000     -11.5667558290     0.0000000000     -0.0001466449     0.0005307553
397     0.0000000000     0.0000000000     -11.5667558290     0.0000000000     -0.0001267316     0.0005315995
398     0.0000000000     0.0000000000     -11.5667558290     0.0000000000     -0.0000987065     0.0005313181
399     0.0000000000     0.0000000000     -11.5667558290     0.0000000000     -0.0000764138     0.0005232173
400     0.0000000000     0.0000000000     -11.5667558290     0.0000000000     -0.0000603469     0.0005155696
401     0.0000000000     0.0000000000     -11.5667558290     0.0000000000     -0.0000434493     0.0005104227
402     0.0000000000     0.0000000000     -11.5667558290     0.0000000000     -0.0000211573     0.0005014301
403     0.0000000000     0.0000000000     -11.5667558290     0.0000000000     0.0000057166     0.0004975130
404     0.0000000000     0.0000000000     -11.5667558290     0.0000000000     0.0000262576     0.0004982562
405     0.0000000000     0.0000000000     -11.5667558290     0.0000000000     0.0000407437     0.0005014763
406     0.0000000000     0.0000000000     -11.5667558290     0.0000000000     0.0000579063     0.0005178109
407     0.0000000000     0.0000000000     -11.5667558290     0.0000000000     0.0000785463     0.0005325172
408     0.0000000000     0.0000000000     -11.5667558290     0.0000000000     0.0000961872     0.0005443711
409     0.0000000000     0.0000000000     -11.5667558290     0.0000000000     0.0001137919     0.0005483861
410     0.0000000000     0.0000000000     -11.5667558290     0.0000000000     0.0001366323     0.0005465173
411     0.0000000000     0.0000000000     -11.5667558290     0.0000000000     0.0001585456     0.0005490461
412     0.0000000000     0.0000000000     -11.5667558290     0.0000000000     0.0001759803     0.0005622587
413     0.0000000000     0.0000000000     -11.5667558290     0.0000000000     0.0001905055     0.0005894309
414     0.0000000000     0.0000000000     -11.5667558290     0.0000000000     0.0002008969     0.0006062848
415     0.0000000000     0.0000000000     -11.5667558290     0.0000000000     0.0002002454     0.0006054558
416     0.0000000000     0.0000000000     -11.5667558290     0.0000000000     0.0002001859     0.0006053225
