1     0.0000000000     0.0000000000     12.6969498213     0.0000000000     -0.0002345110     0.0019631791
2     0.0000000000     0.0000000000     12.6969498213     0.0000000000     -0.0002346899     0.0019641269
3     0.0000000000     0.0000000000     12.6969498213     0.0000000000     -0.0002352005     0.0019638936
4     0.0000000000     0.0000000000     12.6969498213     0.0000000000     -0.0002301872     0.0019640045
5     0.0000000000     0.0000000000     12.6969498213     0.0000000000     -0.0002124940     0.0019589429
6     0.0000000000     0.0000000000     12.6969498213     0.0000000000     -0.0001826480     0.0019531758
7     0.0000000000     0.0000000000     12.6969498213     0.0000000000     -0.0001576481     0.0019513582
8     0.0000000000     0.0000000000     12.6969498213     0.0000000000     -0.0001398502     0.0019632368
9     0.0000000000     0.0000000000     12.6969498213     0.0000000000     -0.0001161846     0.0019731391
10     0.0000000000     0.0000000000     12.6969498213     0.0000000000     -0.0000927368     0.0019710012
11     0.0000000000     0.0000000000     12.6969498213     0.0000000000     -0.0000703075     0.0019733458
12     0.0000000000     0.0000000000     12.6969498213     0.0000000000     -0.0000433875     0.0019897568
13     0.0000000000     0.0000000000     12.6969498213     0.0000000000     -0.0000155158     0.0020188857
14     0.0000000000     0.0000000000     12.6969498213     0.0000000000     0.0000089445     0.0020372563
15     0.0000000000     0.0000000000     12.6969498213     0.0000000000     0.0000320402     0.0020149302
16     0.0000000000     0.0000000000     12.6969498213     0.0000000000     0.0000557311     0.0019841602
17     0.0000000000     0.0000000000     12.6969498213     0.0000000000     0.0000778723     0.0019794420
18     0.0000000000     0.0000000000     12.6969498213     0.0000000000     0.0000974257     0.0019784522
19     0.0000000000     0.0000000000     12.6969498213     0.0000000000     0.0001270423     0.0019793161
20     0.0000000000     0.0000000000     12.6969498213     0.0000000000     0.0001562367     0.0019779562
21     0.0000000000     0.0000000000     12.6969498213     0.0000000000     0.0001720223     0.0019594567
22     0.0000000000     0.0000000000     12.6969498213     0.0000000000     0.0001879106     0.0019362177
23     0.0000000000     0.0000000000     12.6969498213     0.0000000000     0.0002146450     0.0019115386
24     0.0000000000     0.0000000000     12.6969498213     0.0000000000     0.0002387092     0.0018872485
25     0.0000000000     0.0000000000     12.6969498213     0.0000000000     0.0002367190     0.0018885977
26     0.0000000000     0.0000000000     12.6969498213     0.0000000000     0.0002362800     0.0018894845
27     0.0000000000     0.0000000000     -0.0000000000     0.0000000000     -0.0002337344     0.0019112325
28     0.0000000000     0.0000000000     -0.0000000000     0.0000000000     -0.0002335549     0.0019143715
29     0.0000000000     0.0000000000     -0.0000000000     0.0000000000     -0.0002342584     0.0019134761
30     0.0000000000     0.0000000000     -0.0000000000     0.0000000000     -0.0002273083     0.0019165973
31     0.0000000000     0.0000000000     -0.0000000000     0.0000000000     -0.0002090734     0.0019068263
32     0.0000000000     0.0000000000     -0.0000000000     0.0000000000     -0.0001832733     0.0018933847
33     0.0000000000     0.0000000000     -0.0000000000     0.0000000000     -0.0001593135     0.0018798289
34     0.0000000000     0.0000000000     -0.0000000000     0.0000000000     -0.0001413395     0.0018738385
35     0.0000000000     0.0000000000     -0.0000000000     0.0000000000     -0.0001202590     0.0018740332
36     0.0000000000     0.0000000000     -0.0000000000     0.0000000000     -0.0000973222     0.0018654484
37     0.0000000000     0.0000000000     -0.0000000000     0.0000000000     -0.0000747234     0.0018690205
38     0.0000000000     0.0000000000     -0.0000000000     0.0000000000     -0.0000518285     0.0018840760
39     0.0000000000     0.0000000000     -0.0000000000     0.0000000000     -0.0000219413     0.0018999605
40     0.0000000000     0.0000000000     -0.0000000000     0.0000000000     0.0000092740     0.0019270566
41     0.0000000000     0.0000000000     -0.0000000000     0.0000000000     0.0000319065     0.0019244434
42     0.0000000000     0.0000000000     -0.0000000000     0.0000000000     0.0000545808     0.0019068409
43     0.0000000000     0.0000000000     -0.0000000000     0.0000000000     0.0000828200     0.0019129526
44     0.0000000000     0.0000000000     -0.0000000000     0.0000000000     0.0001056589     0.0019108716
45     0.0000000000     0.0000000000     -0.0000000000     0.0000000000     0.0001296711     0.0018902648
46     0.0000000000     0.0000000000     -0.0000000000     0.0000000000     0.0001609529     0.0018817197
47     0.0000000000     0.0000000000     -0.0000000000     0.0000000000     0.0001823758     0.0018828407
48     0.0000000000     0.0000000000     -0.0000000000     0.0000000000     0.0002003499     0.0018719144
49     0.0000000000     0.0000000000     -0.0000000000     0.0000000000     0.0002293527     0.0018511868
50     0.0000000000     0.0000000000     -0.0000000000     0.0000000000     0.0002545811     0.0018350715
51     0.0000000000     0.0000000000     -0.0000000000     0.0000000000     0.0002526215     0.0018364562
52     0.0000000000     0.0000000000     -0.0000000000     0.0000000000     0.0002515942     0.0018355550
53     0.0000000000     0.0000000000     -0.0000000000     0.0000000000     -0.0002345328     0.0018311789
54     0.0000000000     0.0000000000     -0.0000000000     0.0000000000     -0.0002339477     0.0018343396
55     0.0000000000     0.0000000000     -0.0000000000     0.0000000000     -0.0002347445     0.0018332444
56     0.0000000000     0.0000000000     -0.0000000000     0.0000000000     -0.0002276144     0.0018385866
57     0.0000000000     0.0000000000     -0.0000000000     0.0000000000     -0.0002070461     0.0018336030
58     0.0000000000     0.0000000000     -0.0000000000     0.0000000000     -0.0001793890     0.0018170272
59     0.0000000000     0.0000000000     -0.0000000000     0.0000000000     -0.0001585020     0.0018027397
60     0.0000000000     0.0000000000     -0.0000000000     0.0000000000     -0.0001415184     0.0017969601
61     0.0000000000     0.0000000000     -0.0000000000     0.0000000000     -0.0001205729     0.0017896238
62     0.0000000000     0.0000000000     -0.0000000000     0.0000000000     -0.0000987685     0.0017750255
63     0.0000000000     0.0000000000     -0.0000000000     0.0000000000     -0.0000755433     0.0017797198
64     0.0000000000     0.0000000000     -0.0000000000     0.0000000000     -0.0000535983     0.0017843517
65     0.0000000000     0.0000000000     -0.0000000000     0.0000000000     -0.0000260081     0.0017772078
66     0.0000000000     0.0000000000     -0.0000000000     0.0000000000     0.0000035325     0.0017738296
67     0.0000000000     0.0000000000     -0.0000000000     0.0000000000     0.0000255705     0.0017841591
68     0.0000000000     0.0000000000     -0.0000000000     0.0000000000     0.0000512010     0.0018140466
69     0.0000000000     0.0000000000     -0.0000000000     0.0000000000     0.0000833082     0.0018207077
70     0.0000000000     0.0000000000     -0.0000000000     0.0000000000     0.0001095415     0.0018062298
71     0.0000000000     0.0000000000     -0.0000000000     0.0000000000     0.0001294985     0.0017823159
72     0.0000000000     0.0000000000     -0.0000000000     0.0000000000     0.0001573880     0.0017767407
73     0.0000000000     0.0000000000     -0.0000000000     0.0000000000     0.0001836530     0.0017962638
74     0.0000000000     0.0000000000     -0.0000000000     0.0000000000     0.0002050012     0.0018033241
75     0.0000000000     0.0000000000     -0.0000000000     0.0000000000     0.0002305093     0.0017940437
76     0.0000000000     0.0000000000     -0.0000000000     0.0000000000     0.0002517171     0.0017838327
77     0.0000000000     0.0000000000     -0.0000000000     0.0000000000     0.0002498936     0.0017852385
78     0.0000000000     0.0000000000     -0.0000000000     0.0000000000     0.0002501958     0.0017812286
79     0.0000000000     0.0000000000     -0.0000000000     0.0000000000     -0.0002390561     0.0017240086
80     0.0000000000     0.0000000000     -0.0000000000     0.0000000000     -0.0002390340     0.0017255655
81     0.0000000000     0.0000000000     -0.0000000000     0.0000000000     -0.0002397680     0.0017250199
82     0.0000000000     0.0000000000     -0.0000000000     0.0000000000     -0.0002331875     0.0017255574
83     0.0000000000     0.0000000000     -0.0000000000     0.0000000000     -0.0002099524     0.0017193015
84     0.0000000000     0.0000000000     -0.0000000000     0.0000000000     -0.0001780648     0.0017140220
85     0.0000000000     0.0000000000     -0.0000000000     0.0000000000     -0.0001566102     0.0017160567
86     0.0000000000     0.0000000000     -0.0000000000     0.0000000000     -0.0001410544     0.0017191278
87     0.0000000000     0.0000000000     -0.0000000000     0.0000000000     -0.0001185708     0.0017112656
88     0.0000000000     0.0000000000     -0.0000000000     0.0000000000     -0.0000970355     0.0017003452
89     0.0000000000     0.0000000000     -0.0000000000     0.0000000000     -0.0000757805     0.0017067507
90     0.0000000000     0.0000000000     -0.0000000000     0.0000000000     -0.0000529083     0.0017058829
91     0.0000000000     0.0000000000     -0.0000000000     0.0000000000     -0.0000264475     0.0016912912
92     0.0000000000     0.0000000000     -0.0000000000     0.0000000000     0.0000012558     0.0016758339
93     0.0000000000     0.0000000000     -0.0000000000     0.0000000000     0.0000248294     0.0016751221
94     0.0000000000     0.0000000000     -0.0000000000     0.0000000000     0.0000516388     0.0017021057
95     0.0000000000     0.0000000000     -0.0000000000     0.0000000000     0.0000834781     0.0017114429
96     0.0000000000     0.0000000000     -0.0000000000     0.0000000000     0.0001104233     0.0017009674
97     0.0000000000     0.0000000000     -0.0000000000     0.0000000000     0.0001327994     0.0016982757
98     0.0000000000     0.0000000000     -0.0000000000     0.0000000000     0.0001560725     0.0017020459
99     0.0000000000     0.0000000000     -0.0000000000     0.0000000000     0.0001817818     0.0017067641
100     0.0000000000     0.0000000000     -0.0000000000     0.0000000000     0.0002051805     0.0017113239
101     0.0000000000     0.0000000000     -0.0000000000     0.0000000000     0.0002297877     0.0017099848
102     0.0000000000     0.0000000000     -0.0000000000     0.0000000000     0.0002482551     0.0016992794
103     0.0000000000     0.0000000000     -0.0000000000     0.0000000000     0.0002465500     0.0017008014
104     0.0000000000     0.0000000000     -0.0000000000     0.0000000000     0.0002471164     0.0016969994
105     0.0000000000     0.0000000000     -0.0000000000     0.0000000000     -0.0002393243     0.0016106611
106     0.0000000000     0.0000000000     -0.0000000000     0.0000000000     -0.0002392697     0.0016104591
107     0.0000000000     0.0000000000     -0.0000000000     0.0000000000     -0.0002400307     0.0016104644
108     0.0000000000     0.0000000000     -0.0000000000     0.0000000000     -0.0002340085     0.0016097691
109     0.0000000000     0.0000000000     -0.0000000000     0.0000000000     -0.0002118258     0.0016052704
110     0.0000000000     0.0000000000     -0.0000000000     0.0000000000     -0.0001847231     0.0016088392
111     0.0000000000     0.0000000000     -0.0000000000     0.0000000000     -0.0001625348     0.0016168009
112     0.0000000000     0.0000000000     -0.0000000000     0.0000000000     -0.0001429133     0.0016246780
113     0.0000000000     0.0000000000     -0.0000000000     0.0000000000     -0.0001180685     0.0016263146
114     0.0000000000     0.0000000000     -0.0000000000     0.0000000000     -0.0000937410     0.0016278913
115     0.0000000000     0.0000000000     -0.0000000000     0.0000000000     -0.0000733299     0.0016317947
116     0.0000000000     0.0000000000     -0.0000000000     0.0000000000     -0.0000509061     0.0016250528
117     0.0000000000     0.0000000000     -0.0000000000     0.0000000000     -0.0000249833     0.0016127051
118     0.0000000000     0.0000000000     -0.0000000000     0.0000000000     0.0000003748     0.0016060296
119     0.0000000000     0.0000000000     -0.0000000000     0.0000000000     0.0000261299     0.0016039882
120     0.0000000000     0.0000000000     -0.0000000000     0.0000000000     0.0000537062     0.0016015034
121     0.0000000000     0.0000000000     -0.0000000000     0.0000000000     0.0000823605     0.0016053382
122     0.0000000000     0.0000000000     -0.0000000000     0.0000000000     0.0001073271     0.0016048820
123     0.0000000000     0.0000000000     -0.0000000000     0.0000000000     0.0001316445     0.0016141564
124     0.0000000000     0.0000000000     -0.0000000000     0.0000000000     0.0001565835     0.0016265277
125     0.0000000000     0.0000000000     -0.0000000000     0.0000000000     0.0001786247     0.0016191206
126     0.0000000000     0.0000000000     -0.0000000000     0.0000000000     0.0002007200     0.0016117530
127     0.0000000000     0.0000000000     -0.0000000000     0.0000000000     0.0002252531     0.0015995920
128     0.0000000000     0.0000000000     -0.0000000000     0.0000000000     0.0002435114     0.0015849002
129     0.0000000000     0.0000000000     -0.0000000000     0.0000000000     0.0002418423     0.0015861132
130     0.0000000000     0.0000000000     -0.0000000000     0.0000000000     0.0002428458     0.0015864402
131     0.0000000000     0.0000000000     -0.0000000000     0.0000000000     -0.0002338464     0.0014995150
132     0.0000000000     0.0000000000     -0.0000000000     0.0000000000     -0.0002329807     0.0014978011
133     0.0000000000     0.0000000000     -0.0000000000     0.0000000000     -0.0002340011     0.0014979537
134     0.0000000000     0.0000000000     -0.0000000000     0.0000000000     -0.0002261224     0.0014996892
135     0.0000000000     0.0000000000     -0.0000000000     0.0000000000     -0.0002082459     0.0015082864
136     0.0000000000     0.0000000000     -0.0000000000     0.0000000000     -0.0001888434     0.0015167341
137     0.0000000000     0.0000000000     -0.0000000000     0.0000000000     -0.0001691228     0.0015226006
138     0.0000000000     0.0000000000     -0.0000000000     0.0000000000     -0.0001439323     0.0015306057
139     0.0000000000     0.0000000000     -0.0000000000     0.0000000000     -0.0001161754     0.0015355897
140     0.0000000000     0.0000000000     -0.0000000000     0.0000000000     -0.0000927683     0.0015444911
141     0.0000000000     0.0000000000     -0.0000000000     0.0000000000     -0.0000718164     0.0015520172
142     0.0000000000     0.0000000000     -0.0000000000     0.0000000000     -0.0000478763     0.0015433692
143     0.0000000000     0.0000000000     -0.0000000000     0.0000000000     -0.0000221880     0.0015291473
144     0.0000000000     0.0000000000     -0.0000000000     0.0000000000     0.0000006189     0.0015243100
145     0.0000000000     0.0000000000     -0.0000000000     0.0000000000     0.0000272469     0.0015219839
146     0.0000000000     0.0000000000     -0.0000000000     0.0000000000     0.0000552721     0.0015139959
147     0.0000000000     0.0000000000     -0.0000000000     0.0000000000     0.0000836016     0.0015110364
148     0.0000000000     0.0000000000     -0.0000000000     0.0000000000     0.0001080369     0.0015021389
149     0.0000000000     0.0000000000     -0.0000000000     0.0000000000     0.0001292472     0.0015047953
150     0.0000000000     0.0000000000     -0.0000000000     0.0000000000     0.0001521210     0.0015252311
151     0.0000000000     0.0000000000     -0.0000000000     0.0000000000     0.0001757510     0.0015299103
152     0.0000000000     0.0000000000     -0.0000000000     0.0000000000     0.0001996467     0.0015192727
153     0.0000000000     0.0000000000     -0.0000000000     0.0000000000     0.0002236861     0.0015016614
154     0.0000000000     0.0000000000     -0.0000000000     0.0000000000     0.0002415848     0.0014900384
155     0.0000000000     0.0000000000     -0.0000000000     0.0000000000     0.0002399426     0.0014906275
156     0.0000000000     0.0000000000     -0.0000000000     0.0000000000     0.0002413409     0.0014917029
157     0.0000000000     0.0000000000     -0.0000000000     0.0000000000     -0.0002335131     0.0013987339
158     0.0000000000     0.0000000000     -0.0000000000     0.0000000000     -0.0002324958     0.0013964387
159     0.0000000000     0.0000000000     -0.0000000000     0.0000000000     -0.0002336906     0.0013965632
160     0.0000000000     0.0000000000     -0.0000000000     0.0000000000     -0.0002235332     0.0013984375
161     0.0000000000     0.0000000000     -0.0000000000     0.0000000000     -0.0002050945     0.0014195292
162     0.0000000000     0.0000000000     -0.0000000000     0.0000000000     -0.0001863287     0.0014304052
163     0.0000000000     0.0000000000     -0.0000000000     0.0000000000     -0.0001676509     0.0014344960
164     0.0000000000     0.0000000000     -0.0000000000     0.0000000000     -0.0001440251     0.0014383171
165     0.0000000000     0.0000000000     -0.0000000000     0.0000000000     -0.0001181679     0.0014475355
166     0.0000000000     0.0000000000     -0.0000000000     0.0000000000     -0.0000981397     0.0014642078
167     0.0000000000     0.0000000000     -0.0000000000     0.0000000000     -0.0000757225     0.0014691808
168     0.0000000000     0.0000000000     -0.0000000000     0.0000000000     -0.0000482146     0.0014541286
169     0.0000000000     0.0000000000     -0.0000000000     0.0000000000     -0.0000209739     0.0014341106
170     0.0000000000     0.0000000000     -0.0000000000     0.0000000000     0.0000012664     0.0014347083
171     0.0000000000     0.0000000000     -0.0000000000     0.0000000000     0.0000277773     0.0014255674
172     0.0000000000     0.0000000000     -0.0000000000     0.0000000000     0.0000559309     0.0014172654
173     0.0000000000     0.0000000000     -0.0000000000     0.0000000000     0.0000847057     0.0014204278
174     0.0000000000     0.0000000000     -0.0000000000     0.0000000000     0.0001122401     0.0014111852
175     0.0000000000     0.0000000000     -0.0000000000     0.0000000000     0.0001313761     0.0014100493
176     0.0000000000     0.0000000000     -0.0000000000     0.0000000000     0.0001522137     0.0014228590
177     0.0000000000     0.0000000000     -0.0000000000     0.0000000000     0.0001791709     0.0014305890
178     0.0000000000     0.0000000000     -0.0000000000     0.0000000000     0.0002041882     0.0014191409
179     0.0000000000     0.0000000000     -0.0000000000     0.0000000000     0.0002287324     0.0014091102
180     0.0000000000     0.0000000000     -0.0000000000     0.0000000000     0.0002484197     0.0014120009
181     0.0000000000     0.0000000000     -0.0000000000     0.0000000000     0.0002468523     0.0014115524
182     0.0000000000     0.0000000000     -0.0000000000     0.0000000000     0.0002471524     0.0014109482
183     0.0000000000     0.0000000000     -0.0000000000     0.0000000000     -0.0002435609     0.0013223013
184     0.0000000000     0.0000000000     -0.0000000000     0.0000000000     -0.0002433460     0.0013210355
185     0.0000000000     0.0000000000     -0.0000000000     0.0000000000     -0.0002442446     0.0013207580
186     0.0000000000     0.0000000000     -0.0000000000     0.0000000000     -0.0002364937     0.0013249934
187     0.0000000000     0.0000000000     -0.0000000000     0.0000000000     -0.0002121166     0.0013457396
188     0.0000000000     0.0000000000     -0.0000000000     0.0000000000     -0.0001875833     0.0013529220
189     0.0000000000     0.0000000000     -0.0000000000     0.0000000000     -0.0001672279     0.0013458296
190     0.0000000000     0.0000000000     -0.0000000000     0.0000000000     -0.0001502189     0.0013471194
191     0.0000000000     0.0000000000     -0.0000000000     0.0000000000     -0.0001259254     0.0013629511
192     0.0000000000     0.0000000000     -0.0000000000     0.0000000000     -0.0001001250     0.0013684644
193     0.0000000000     0.0000000000     -0.0000000000     0.0000000000     -0.0000755587     0.0013481244
194     0.0000000000     0.0000000000     -0.0000000000     0.0000000000     -0.0000480695     0.0013264248
195     0.0000000000     0.0000000000     -0.0000000000     0.0000000000     -0.0000230276     0.0013165532
196     0.0000000000     0.0000000000     -0.0000000000     0.0000000000     0.0000003341     0.0013331347
197     0.0000000000     0.0000000000     -0.0000000000     0.0000000000     0.0000265506     0.0013342297
198     0.0000000000     0.0000000000     -0.0000000000     0.0000000000     0.0000535399     0.0013298059
199     0.0000000000     0.0000000000     -0.0000000000     0.0000000000     0.0000795438     0.0013377243
200     0.0000000000     0.0000000000     -0.0000000000     0.0000000000     0.0001079865     0.0013438274
201     0.0000000000     0.0000000000     -0.0000000000     0.0000000000     0.0001318191     0.0013479599
202     0.0000000000     0.0000000000     -0.0000000000     0.0000000000     0.0001554602     0.0013394788
203     0.0000000000     0.0000000000     -0.0000000000     0.0000000000     0.0001816500     0.0013288961
204     0.0000000000     0.0000000000     -0.0000000000     0.0000000000     0.0002061757     0.0013103671
205     0.0000000000     0.0000000000     -0.0000000000     0.0000000000     0.0002300680     0.0013034908
206     0.0000000000     0.0000000000     -0.0000000000     0.0000000000     0.0002477773     0.0013154811
207     0.0000000000     0.0000000000     -0.0000000000     0.0000000000     0.0002464239     0.0013139028
208     0.0000000000     0.0000000000     -0.0000000000     0.0000000000     0.0002462603     0.0013162386
209     0.0000000000     0.0000000000     -0.0000000000     0.0000000000     -0.0002526951     0.0012600995
210     0.0000000000     0.0000000000     -0.0000000000     0.0000000000     -0.0002534779     0.0012611279
211     0.0000000000     0.0000000000     -0.0000000000     0.0000000000     -0.0002540441     0.0012604490
212     0.0000000000     0.0000000000     -0.0000000000     0.0000000000     -0.0002484269     0.0012652536
213     0.0000000000     0.0000000000     -0.0000000000     0.0000000000     -0.0002250788     0.0012776904
214     0.0000000000     0.0000000000     -0.0000000000     0.0000000000     -0.0001995130     0.0012861216
215     0.0000000000     0.0000000000     -0.0000000000     0.0000000000     -0.0001752605     0.0012798696
216     0.0000000000     0.0000000000     -0.0000000000     0.0000000000     -0.0001550896     0.0012756883
217     0.0000000000     0.0000000000     -0.0000000000     0.0000000000     -0.0001279801     0.0012785827
218     0.0000000000     0.0000000000     -0.0000000000     0.0000000000     -0.0000957973     0.0012674859
219     0.0000000000     0.0000000000     -0.0000000000     0.0000000000     -0.0000702582     0.0012412791
220     0.0000000000     0.0000000000     -0.0000000000     0.0000000000     -0.0000446464     0.0012241369
221     0.0000000000     0.0000000000     -0.0000000000     0.0000000000     -0.0000211139     0.0012232877
222     0.0000000000     0.0000000000     -0.0000000000     0.0000000000     0.0000012423     0.0012210960
223     0.0000000000     0.0000000000     -0.0000000000     0.0000000000     0.0000280788     0.0012399637
224     0.0000000000     0.0000000000     -0.0000000000     0.0000000000     0.0000544341     0.0012517220
225     0.0000000000     0.0000000000     -0.0000000000     0.0000000000     0.0000782210     0.0012490051
226     0.0000000000     0.0000000000     -0.0000000000     0.0000000000     0.0001014924     0.0012557117
227     0.0000000000     0.0000000000     -0.0000000000     0.0000000000     0.0001267717     0.0012593656
228     0.0000000000     0.0000000000     -0.0000000000     0.0000000000     0.0001550106     0.0012414009
229     0.0000000000     0.0000000000     -0.0000000000     0.0000000000     0.0001814377     0.0012262609
230     0.0000000000     0.0000000000     -0.0000000000     0.0000000000     0.0002037360     0.0012238319
231     0.0000000000     0.0000000000     -0.0000000000     0.0000000000     0.0002233594     0.0012245697
232     0.0000000000     0.0000000000     -0.0000000000     0.0000000000     0.0002358437     0.0012326457
233     0.0000000000     0.0000000000     -0.0000000000     0.0000000000     0.0002345411     0.0012315940
234     0.0000000000     0.0000000000     -0.0000000000     0.0000000000     0.0002353892     0.0012345814
235     0.0000000000     0.0000000000     -0.0000000000     0.0000000000     -0.0002510745     0.0011888765
236     0.0000000000     0.0000000000     -0.0000000000     0.0000000000     -0.0002514659     0.0011912146
237     0.0000000000     0.0000000000     -0.0000000000     0.0000000000     -0.0002520937     0.0011904915
238     0.0000000000     0.0000000000     -0.0000000000     0.0000000000     -0.0002460168     0.0011945994
239     0.0000000000     0.0000000000     -0.0000000000     0.0000000000     -0.0002262370     0.0011983438
240     0.0000000000     0.0000000000     -0.0000000000     0.0000000000     -0.0002027873     0.0012030614
241     0.0000000000     0.0000000000     -0.0000000000     0.0000000000     -0.0001748384     0.0012026259
242     0.0000000000     0.0000000000     -0.0000000000     0.0000000000     -0.0001482168     0.0011988249
243     0.0000000000     0.0000000000     -0.0000000000     0.0000000000     -0.0001227119     0.0011928268
244     0.0000000000     0.0000000000     -0.0000000000     0.0000000000     -0.0000883509     0.0011805166
245     0.0000000000     0.0000000000     -0.0000000000     0.0000000000     -0.0000585783     0.0011666272
246     0.0000000000     0.0000000000     -0.0000000000     0.0000000000     -0.0000359594     0.0011550019
247     0.0000000000     0.0000000000     -0.0000000000     0.0000000000     -0.0000151851     0.0011559826
248     0.0000000000     0.0000000000     -0.0000000000     0.0000000000     0.0000062873     0.0011489278
249     0.0000000000     0.0000000000     -0.0000000000     0.0000000000     0.0000331996     0.0011416538
250     0.0000000000     0.0000000000     -0.0000000000     0.0000000000     0.0000612615     0.0011472289
251     0.0000000000     0.0000000000     -0.0000000000     0.0000000000     0.0000839525     0.0011493622
252     0.0000000000     0.0000000000     -0.0000000000     0.0000000000     0.0001031915     0.0011559163
253     0.0000000000     0.0000000000     -0.0000000000     0.0000000000     0.0001239295     0.0011544376
254     0.0000000000     0.0000000000     -0.0000000000     0.0000000000     0.0001540827     0.0011455378
255     0.0000000000     0.0000000000     -0.0000000000     0.0000000000     0.0001811758     0.0011467182
256     0.0000000000     0.0000000000     -0.0000000000     0.0000000000     0.0001985364     0.0011665160
257     0.0000000000     0.0000000000     -0.0000000000     0.0000000000     0.0002143288     0.0011800327
258     0.0000000000     0.0000000000     -0.0000000000     0.0000000000     0.0002262482     0.0011808454
259     0.0000000000     0.0000000000     -0.0000000000     0.0000000000     0.0002247447     0.0011812189
260     0.0000000000     0.0000000000     -0.0000000000     0.0000000000     0.0002270027     0.0011785691
261     0.0000000000     0.0000000000     -0.0000000000     0.0000000000     -0.0002409569     0.0010990518
262     0.0000000000     0.0000000000     -0.0000000000     0.0000000000     -0.0002402871     0.0011008732
263     0.0000000000     0.0000000000     -0.0000000000     0.0000000000     -0.0002412695     0.0011005419
264     0.0000000000     0.0000000000     -0.0000000000     0.0000000000     -0.0002335623     0.0011007298
265     0.0000000000     0.0000000000     -0.0000000000     0.0000000000     -0.0002171338     0.0010945475
266     0.0000000000     0.0000000000     -0.0000000000     0.0000000000     -0.0001961098     0.0010911396
267     0.0000000000     0.0000000000     -0.0000000000     0.0000000000     -0.0001675575     0.0010892446
268     0.0000000000     0.0000000000     -0.0000000000     0.0000000000     -0.0001415625     0.0010913028
269     0.0000000000     0.0000000000     -0.0000000000     0.0000000000     -0.0001181628     0.0010859938
270     0.0000000000     0.0000000000     -0.0000000000     0.0000000000     -0.0000822618     0.0010687686
271     0.0000000000     0.0000000000     -0.0000000000     0.0000000000     -0.0000507687     0.0010712482
272     0.0000000000     0.0000000000     -0.0000000000     0.0000000000     -0.0000318572     0.0010781525
273     0.0000000000     0.0000000000     -0.0000000000     0.0000000000     -0.0000131703     0.0010819213
274     0.0000000000     0.0000000000     -0.0000000000     0.0000000000     0.0000130722     0.0010753088
275     0.0000000000     0.0000000000     -0.0000000000     0.0000000000     0.0000404476     0.0010532955
276     0.0000000000     0.0000000000     -0.0000000000     0.0000000000     0.0000650564     0.0010515666
277     0.0000000000     0.0000000000     -0.0000000000     0.0000000000     0.0000915362     0.0010627514
278     0.0000000000     0.0000000000     -0.0000000000     0.0000000000     0.0001135491     0.0010695080
279     0.0000000000     0.0000000000     -0.0000000000     0.0000000000     0.0001317864     0.0010643357
280     0.0000000000     0.0000000000     -0.0000000000     0.0000000000     0.0001595345     0.0010647885
281     0.0000000000     0.0000000000     -0.0000000000     0.0000000000     0.0001827504     0.0010801759
282     0.0000000000     0.0000000000     -0.0000000000     0.0000000000     0.0001981239     0.0011000842
283     0.0000000000     0.0000000000     -0.0000000000     0.0000000000     0.0002179237     0.0011044040
284     0.0000000000     0.0000000000     -0.0000000000     0.0000000000     0.0002335868     0.0010986945
285     0.0000000000     0.0000000000     -0.0000000000     0.0000000000     0.0002319866     0.0010995589
286     0.0000000000     0.0000000000     -0.0000000000     0.0000000000     0.0002338284     0.0010974304
287     0.0000000000     0.0000000000     -0.0000000000     0.0000000000     -0.0002327945     0.0009983462
288     0.0000000000     0.0000000000     -0.0000000000     0.0000000000     -0.0002316232     0.0009975267
289     0.0000000000     0.0000000000     -0.0000000000     0.0000000000     -0.0002329158     0.0009976347
290     0.0000000000     0.0000000000     -0.0000000000     0.0000000000     -0.0002227261     0.0009966426
291     0.0000000000     0.0000000000     -0.0000000000     0.0000000000     -0.0002055638     0.0009912299
292     0.0000000000     0.0000000000     -0.0000000000     0.0000000000     -0.0001886932     0.0009802413
293     0.0000000000     0.0000000000     -0.0000000000     0.0000000000     -0.0001659612     0.0009783724
294     0.0000000000     0.0000000000     -0.0000000000     0.0000000000     -0.0001421674     0.0009810136
295     0.0000000000     0.0000000000     -0.0000000000     0.0000000000     -0.0001143678     0.0009671636
296     0.0000000000     0.0000000000     -0.0000000000     0.0000000000     -0.0000832574     0.0009522187
297     0.0000000000     0.0000000000     -0.0000000000     0.0000000000     -0.0000573845     0.0009721481
298     0.0000000000     0.0000000000     -0.0000000000     0.0000000000     -0.0000352637     0.0010010628
299     0.0000000000     0.0000000000     -0.0000000000     0.0000000000     -0.0000134423     0.0010001232
300     0.0000000000     0.0000000000     -0.0000000000     0.0000000000     0.0000152684     0.0009898218
301     0.0000000000     0.0000000000     -0.0000000000     0.0000000000     0.0000427657     0.0009818373
302     0.0000000000     0.0000000000     -0.0000000000     0.0000000000     0.0000674489     0.0009819995
303     0.0000000000     0.0000000000     -0.0000000000     0.0000000000     0.0000983313     0.0009802928
304     0.0000000000     0.0000000000     -0.0000000000     0.0000000000     0.0001246952     0.0009787367
305     0.0000000000     0.0000000000     -0.0000000000     0.0000000000     0.0001435783     0.0009768687
306     0.0000000000     0.0000000000     -0.0000000000     0.0000000000     0.0001671270     0.0009819012
307     0.0000000000     0.0000000000     -0.0000000000     0.0000000000     0.0001890992     0.0009970891
308     0.0000000000     0.0000000000     -0.0000000000     0.0000000000     0.0002093607     0.0010020770
309     0.0000000000     0.0000000000     -0.0000000000     0.0000000000     0.0002331646     0.0009964387
310     0.0000000000     0.0000000000     -0.0000000000     0.0000000000     0.0002498753     0.0009952200
311     0.0000000000     0.0000000000     -0.0000000000     0.0000000000     0.0002484301     0.0009953385
312     0.0000000000     0.0000000000     -0.0000000000     0.0000000000     0.0002487245     0.0009979142
313     0.0000000000     0.0000000000     -0.0000000000     0.0000000000     -0.0002322583     0.0009057608
314     0.0000000000     0.0000000000     -0.0000000000     0.0000000000     -0.0002314409     0.0009033263
315     0.0000000000     0.0000000000     -0.0000000000     0.0000000000     -0.0002327493     0.0009033562
316     0.0000000000     0.0000000000     -0.0000000000     0.0000000000     -0.0002212887     0.0009076213
317     0.0000000000     0.0000000000     -0.0000000000     0.0000000000     -0.0001963404     0.0009243521
318     0.0000000000     0.0000000000     -0.0000000000     0.0000000000     -0.0001814203     0.0009165030
319     0.0000000000     0.0000000000     -0.0000000000     0.0000000000     -0.0001632410     0.0009051105
320     0.0000000000     0.0000000000     -0.0000000000     0.0000000000     -0.0001391632     0.0008939200
321     0.0000000000     0.0000000000     -0.0000000000     0.0000000000     -0.0001128125     0.0008725687
322     0.0000000000     0.0000000000     -0.0000000000     0.0000000000     -0.0000881101     0.0008664546
323     0.0000000000     0.0000000000     -0.0000000000     0.0000000000     -0.0000666593     0.0008799722
324     0.0000000000     0.0000000000     -0.0000000000     0.0000000000     -0.0000381080     0.0009045361
325     0.0000000000     0.0000000000     -0.0000000000     0.0000000000     -0.0000106908     0.0009099775
326     0.0000000000     0.0000000000     -0.0000000000     0.0000000000     0.0000150045     0.0009054844
327     0.0000000000     0.0000000000     -0.0000000000     0.0000000000     0.0000429371     0.0009094472
328     0.0000000000     0.0000000000     -0.0000000000     0.0000000000     0.0000736619     0.0009073326
329     0.0000000000     0.0000000000     -0.0000000000     0.0000000000     0.0001050715     0.0008920812
330     0.0000000000     0.0000000000     -0.0000000000     0.0000000000     0.0001287654     0.0008899189
331     0.0000000000     0.0000000000     -0.0000000000     0.0000000000     0.0001478191     0.0008993676
332     0.0000000000     0.0000000000     -0.0000000000     0.0000000000     0.0001709798     0.0009149643
333     0.0000000000     0.0000000000     -0.0000000000     0.0000000000     0.0001985766     0.0009279675
334     0.0000000000     0.0000000000     -0.0000000000     0.0000000000     0.0002229910     0.0009247966
335     0.0000000000     0.0000000000     -0.0000000000     0.0000000000     0.0002452641     0.0009180712
336     0.0000000000     0.0000000000     -0.0000000000     0.0000000000     0.0002617266     0.0009166488
337     0.0000000000     0.0000000000     -0.0000000000     0.0000000000     0.0002605010     0.0009166477
338     0.0000000000     0.0000000000     -0.0000000000     0.0000000000     0.0002597049     0.0009197602
339     0.0000000000     0.0000000000     -0.0000000000     0.0000000000     -0.0002369089     0.0008307373
340     0.0000000000     0.0000000000     -0.0000000000     0.0000000000     -0.0002367576     0.0008295245
341     0.0000000000     0.0000000000     -0.0000000000     0.0000000000     -0.0002378318     0.0008292695
342     0.0000000000     0.0000000000     -0.0000000000     0.0000000000     -0.0002281257     0.0008336194
343     0.0000000000     0.0000000000     -0.0000000000     0.0000000000     -0.0002003301     0.0008535223
344     0.0000000000     0.0000000000     -0.0000000000     0.0000000000     -0.0001797417     0.0008519841
345     0.0000000000     0.0000000000     -0.0000000000     0.0000000000     -0.0001584003     0.0008359181
346     0.0000000000     0.0000000000     -0.0000000000     0.0000000000     -0.0001336330     0.0008244930
347     0.0000000000     0.0000000000     -0.0000000000     0.0000000000     -0.0001122271     0.0008139488
348     0.0000000000     0.0000000000     -0.0000000000     0.0000000000     -0.0000893326     0.0008088622
349     0.0000000000     0.0000000000     -0.0000000000     0.0000000000     -0.0000658363     0.0008030682
350     0.0000000000     0.0000000000     -0.0000000000     0.0000000000     -0.0000369283     0.0008087798
351     0.0000000000     0.0000000000     -0.0000000000     0.0000000000     -0.0000070418     0.0008127343
352     0.0000000000     0.0000000000     -0.0000000000     0.0000000000     0.0000194951     0.0008090827
353     0.0000000000     0.0000000000     -0.0000000000     0.0000000000     0.0000484835     0.0008169708
354     0.0000000000     0.0000000000     -0.0000000000     0.0000000000     0.0000774288     0.0008178627
355     0.0000000000     0.0000000000     -0.0000000000     0.0000000000     0.0001034458     0.0008128500
356     0.0000000000     0.0000000000     -0.0000000000     0.0000000000     0.0001226747     0.0008257921
357     0.0000000000     0.0000000000     -0.0000000000     0.0000000000     0.0001419746     0.0008420847
358     0.0000000000     0.0000000000     -0.0000000000     0.0000000000     0.0001681617     0.0008568612
359     0.0000000000     0.0000000000     -0.0000000000     0.0000000000     0.0002003043     0.0008669164
360     0.0000000000     0.0000000000     -0.0000000000     0.0000000000     0.0002252300     0.0008710772
361     0.0000000000     0.0000000000     -0.0000000000     0.0000000000     0.0002463293     0.0008692078
362     0.0000000000     0.0000000000     -0.0000000000     0.0000000000     0.0002618622     0.0008665617
363     0.0000000000     0.0000000000     -0.0000000000     0.0000000000     0.0002607983     0.0008669349
364     0.0000000000     0.0000000000     -0.0000000000     0.0000000000     0.0002598953     0.0008668224
365     0.0000000000     0.0000000000     -0.0000000000     0.0000000000     -0.0002367745     0.0007683006
366     0.0000000000     0.0000000000     -0.0000000000     0.0000000000     -0.0002368164     0.0007685002
367     0.0000000000     0.0000000000     -0.0000000000     0.0000000000     -0.0002376954     0.0007682556
368     0.0000000000     0.0000000000     -0.0000000000     0.0000000000     -0.0002291658     0.0007707133
369     0.0000000000     0.0000000000     -0.0000000000     0.0000000000     -0.0002055806     0.0007661518
370     0.0000000000     0.0000000000     -0.0000000000     0.0000000000     -0.0001827584     0.0007591190
371     0.0000000000     0.0000000000     -0.0000000000     0.0000000000     -0.0001590978     0.0007561273
372     0.0000000000     0.0000000000     -0.0000000000     0.0000000000     -0.0001329437     0.0007535648
373     0.0000000000     0.0000000000     -0.0000000000     0.0000000000     -0.0001092037     0.0007487414
374     0.0000000000     0.0000000000     -0.0000000000     0.0000000000     -0.0000845778     0.0007413912
375     0.0000000000     0.0000000000     -0.0000000000     0.0000000000     -0.0000613421     0.0007327474
376     0.0000000000     0.0000000000     -0.0000000000     0.0000000000     -0.0000329242     0.0007283318
377     0.0000000000     0.0000000000     -0.0000000000     0.0000000000     -0.0000003565     0.0007219810
378     0.0000000000     0.0000000000     -0.0000000000     0.0000000000     0.0000248065     0.0007126393
379     0.0000000000     0.0000000000     -0.0000000000     0.0000000000     0.0000472439     0.0007160138
380     0.0000000000     0.0000000000     -0.0000000000     0.0000000000     0.0000701032     0.0007310365
381     0.0000000000     0.0000000000     -0.0000000000     0.0000000000     0.0000934161     0.0007455078
382     0.0000000000     0.0000000000     -0.0000000000     0.0000000000     0.0001124351     0.0007612242
383     0.0000000000     0.0000000000     -0.0000000000     0.0000000000     0.0001326734     0.0007725503
384     0.0000000000     0.0000000000     -0.0000000000     0.0000000000     0.0001611335     0.0007754338
385     0.0000000000     0.0000000000     -0.0000000000     0.0000000000     0.0001921632     0.0007759469
386     0.0000000000     0.0000000000     -0.0000000000     0.0000000000     0.0002167627     0.0007875135
387     0.0000000000     0.0000000000     -0.0000000000     0.0000000000     0.0002377093     0.0008043151
388     0.0000000000     0.0000000000     -0.0000000000     0.0000000000     0.0002507615     0.0008126234
389     0.0000000000     0.0000000000     -0.0000000000     0.0000000000     0.0002498540     0.0008123696
390     0.0000000000     0.0000000000     -0.0000000000     0.0000000000     0.0002490550     0.0008111562
391     0.0000000000     0.0000000000     -12.6969498213     0.0000000000     -0.0002320187     0.0006998590
392     0.0000000000     0.0000000000     -12.6969498213     0.0000000000     -0.0002320211     0.0006992669
393     0.0000000000     0.0000000000     -12.6969498213     0.0000000000     -0.0002328348     0.0006996870
394     0.0000000000     0.0000000000     -12.6969498213     0.0000000000     -0.0002237504     0.0006968565
395     0.0000000000     0.0000000000     -12.6969498213     0.0000000000     -0.0002024775     0.0006842731
396     0.0000000000     0.0000000000     -12.6969498213     0.0000000000     -0.0001817463     0.0006734952
397     0.0000000000     0.0000000000     -12.6969498213     0.0000000000     -0.0001578492     0.0006746328
398     0.0000000000     0.0000000000     -12.6969498213     0.0000000000     -0.0001242028     0.0006749699
399     0.0000000000     0.0000000000     -12.6969498213     0.0000000000     -0.0000974988     0.0006662118
400     0.0000000000     0.0000000000     -12.6969498213     0.0000000000     -0.0000786433     0.0006562273
401     0.0000000000     0.0000000000     -12.6969498213     0.0000000000     -0.0000587450     0.0006494571
402     0.0000000000     0.0000000000     -12.6969498213     0.0000000000     -0.0000328127     0.0006355148
403     0.0000000000     0.0000000000     -12.6969498213     0.0000000000     -0.0000017696     0.0006266657
404     0.0000000000     0.0000000000     -12.6969498213     0.0000000000     0.0000218491     0.0006248276
405     0.0000000000     0.0000000000     -12.6969498213     0.0000000000     0.0000387877     0.0006280869
406     0.0000000000     0.0000000000     -12.6969498213     0.0000000000     0.0000592338     0.0006494730
407     0.0000000000     0.0000000000     -12.6969498213     0.0000000000     0.0000837750     0.0006694380
408     0.0000000000     0.0000000000     -12.6969498213     0.0000000000     0.0001042832     0.0006832023
409     0.0000000000     0.0000000000     -12.6969498213     0.0000000000     0.0001246827     0.0006859897
410     0.0000000000     0.0000000000     -12.6969498213     0.0000000000     0.0001517313     0.0006800682
411     0.0000000000     0.0000000000     -12.6969498213     0.0000000000     0.0001782100     0.0006769608
412     0.0000000000     0.0000000000     -12.6969498213     0.0000000000     0.0001999306     0.0006905785
413     0.0000000000     0.0000000000     -12.6969498213     0.0000000000     0.0002182204     0.0007245059
414     0.0000000000     0.0000000000     -12.6969498213     0.0000000000     0.0002302555     0.0007451288
415     0.0000000000     0.0000000000     -12.6969498213     0.0000000000     0.0002293657     0.0007438854
416     0.0000000000     0.0000000000     -12.6969498213     0.0000000000     0.0002291843     0.0007433749
