1     0.0000000000     0.0000000000     13.7212303261     0.0000000000     -0.0002741542     0.0023599760
2     0.0000000000     0.0000000000     13.7212303261     0.0000000000     -0.0002744755     0.0023613557
3     0.0000000000     0.0000000000     13.7212303261     0.0000000000     -0.0002750831     0.0023611373
4     0.0000000000     0.0000000000     13.7212303261     0.0000000000     -0.0002694336     0.0023606204
5     0.0000000000     0.0000000000     13.7212303261     0.0000000000     -0.0002495273     0.0023538006
6     0.0000000000     0.0000000000     13.7212303261     0.0000000000     -0.0002165314     0.0023467878
7     0.0000000000     0.0000000000     13.7212303261     0.0000000000     -0.0001890086     0.0023459449
8     0.0000000000     0.0000000000     13.7212303261     0.0000000000     -0.0001696490     0.0023596987
9     0.0000000000     0.0000000000     13.7212303261     0.0000000000     -0.0001443181     0.0023704955
10     0.0000000000     0.0000000000     13.7212303261     0.0000000000     -0.0001189119     0.0023691968
11     0.0000000000     0.0000000000     13.7212303261     0.0000000000     -0.0000946785     0.0023728447
12     0.0000000000     0.0000000000     13.7212303261     0.0000000000     -0.0000657687     0.0023912840
13     0.0000000000     0.0000000000     13.7212303261     0.0000000000     -0.0000354560     0.0024243977
14     0.0000000000     0.0000000000     13.7212303261     0.0000000000     -0.0000078327     0.0024484795
15     0.0000000000     0.0000000000     13.7212303261     0.0000000000     0.0000172030     0.0024219600
16     0.0000000000     0.0000000000     13.7212303261     0.0000000000     0.0000428082     0.0023853869
17     0.0000000000     0.0000000000     13.7212303261     0.0000000000     0.0000677400     0.0023819212
18     0.0000000000     0.0000000000     13.7212303261     0.0000000000     0.0000895213     0.0023844910
19     0.0000000000     0.0000000000     13.7212303261     0.0000000000     0.0001229719     0.0023890150
20     0.0000000000     0.0000000000     13.7212303261     0.0000000000     0.0001565408     0.0023885530
21     0.0000000000     0.0000000000     13.7212303261     0.0000000000     0.0001740418     0.0023685717
22     0.0000000000     0.0000000000     13.7212303261     0.0000000000     0.0001910252     0.0023430366
23     0.0000000000     0.0000000000     13.7212303261     0.0000000000     0.0002221567     0.0023142549
24     0.0000000000     0.0000000000     13.7212303261     0.0000000000     0.0002492784     0.0022869972
25     0.0000000000     0.0000000000     13.7212303261     0.0000000000     0.0002468464     0.0022886915
26     0.0000000000     0.0000000000     13.7212303261     0.0000000000     0.0002461547     0.0022899700
27     0.0000000000     0.0000000000     -0.0000000000     0.0000000000     -0.0002728506     0.0023004154
28     0.0000000000     0.0000000000     -0.0000000000     0.0000000000     -0.0002726897     0.0023052714
29     0.0000000000     0.0000000000     -0.0000000000     0.0000000000     -0.0002735357     0.0023040839
30     0.0000000000     0.0000000000     -0.0000000000     0.0000000000     -0.0002656784     0.0023068933
31     0.0000000000     0.0000000000     -0.0000000000     0.0000000000     -0.0002452622     0.0022947056
32     0.0000000000     0.0000000000     -0.0000000000     0.0000000000     -0.0002168636     0.0022772900
33     0.0000000000     0.0000000000     -0.0000000000     0.0000000000     -0.0001910167     0.0022612518
34     0.0000000000     0.0000000000     -0.0000000000     0.0000000000     -0.0001717670     0.0022539794
35     0.0000000000     0.0000000000     -0.0000000000     0.0000000000     -0.0001490567     0.0022528373
36     0.0000000000     0.0000000000     -0.0000000000     0.0000000000     -0.0001241441     0.0022424334
37     0.0000000000     0.0000000000     -0.0000000000     0.0000000000     -0.0000999234     0.0022462155
38     0.0000000000     0.0000000000     -0.0000000000     0.0000000000     -0.0000753183     0.0022630272
39     0.0000000000     0.0000000000     -0.0000000000     0.0000000000     -0.0000423653     0.0022804681
40     0.0000000000     0.0000000000     -0.0000000000     0.0000000000     -0.0000075152     0.0023102631
41     0.0000000000     0.0000000000     -0.0000000000     0.0000000000     0.0000161664     0.0023173605
42     0.0000000000     0.0000000000     -0.0000000000     0.0000000000     0.0000403176     0.0022927006
43     0.0000000000     0.0000000000     -0.0000000000     0.0000000000     0.0000716087     0.0023008437
44     0.0000000000     0.0000000000     -0.0000000000     0.0000000000     0.0000962257     0.0023010205
45     0.0000000000     0.0000000000     -0.0000000000     0.0000000000     0.0001231137     0.0022791193
46     0.0000000000     0.0000000000     -0.0000000000     0.0000000000     0.0001585944     0.0022712964
47     0.0000000000     0.0000000000     -0.0000000000     0.0000000000     0.0001823373     0.0022758663
48     0.0000000000     0.0000000000     -0.0000000000     0.0000000000     0.0002031925     0.0022647014
49     0.0000000000     0.0000000000     -0.0000000000     0.0000000000     0.0002377506     0.0022417597
50     0.0000000000     0.0000000000     -0.0000000000     0.0000000000     0.0002659862     0.0022246772
51     0.0000000000     0.0000000000     -0.0000000000     0.0000000000     0.0002636452     0.0022264211
52     0.0000000000     0.0000000000     -0.0000000000     0.0000000000     0.0002620113     0.0022248462
53     0.0000000000     0.0000000000     -0.0000000000     0.0000000000     -0.0002727455     0.0022061229
54     0.0000000000     0.0000000000     -0.0000000000     0.0000000000     -0.0002718860     0.0022109318
55     0.0000000000     0.0000000000     -0.0000000000     0.0000000000     -0.0002728343     0.0022095065
56     0.0000000000     0.0000000000     -0.0000000000     0.0000000000     -0.0002649106     0.0022155361
57     0.0000000000     0.0000000000     -0.0000000000     0.0000000000     -0.0002426108     0.0022101443
58     0.0000000000     0.0000000000     -0.0000000000     0.0000000000     -0.0002124029     0.0021896347
59     0.0000000000     0.0000000000     -0.0000000000     0.0000000000     -0.0001899980     0.0021712087
60     0.0000000000     0.0000000000     -0.0000000000     0.0000000000     -0.0001719820     0.0021623141
61     0.0000000000     0.0000000000     -0.0000000000     0.0000000000     -0.0001493914     0.0021515453
62     0.0000000000     0.0000000000     -0.0000000000     0.0000000000     -0.0001257954     0.0021339110
63     0.0000000000     0.0000000000     -0.0000000000     0.0000000000     -0.0001006879     0.0021386626
64     0.0000000000     0.0000000000     -0.0000000000     0.0000000000     -0.0000770323     0.0021438028
65     0.0000000000     0.0000000000     -0.0000000000     0.0000000000     -0.0000466407     0.0021350249
66     0.0000000000     0.0000000000     -0.0000000000     0.0000000000     -0.0000138885     0.0021316658
67     0.0000000000     0.0000000000     -0.0000000000     0.0000000000     0.0000091439     0.0021483545
68     0.0000000000     0.0000000000     -0.0000000000     0.0000000000     0.0000359597     0.0021806282
69     0.0000000000     0.0000000000     -0.0000000000     0.0000000000     0.0000712143     0.0021914258
70     0.0000000000     0.0000000000     -0.0000000000     0.0000000000     0.0000990296     0.0021753924
71     0.0000000000     0.0000000000     -0.0000000000     0.0000000000     0.0001208202     0.0021472482
72     0.0000000000     0.0000000000     -0.0000000000     0.0000000000     0.0001521361     0.0021434994
73     0.0000000000     0.0000000000     -0.0000000000     0.0000000000     0.0001814207     0.0021694189
74     0.0000000000     0.0000000000     -0.0000000000     0.0000000000     0.0002059627     0.0021795941
75     0.0000000000     0.0000000000     -0.0000000000     0.0000000000     0.0002363608     0.0021722969
76     0.0000000000     0.0000000000     -0.0000000000     0.0000000000     0.0002599759     0.0021633583
77     0.0000000000     0.0000000000     -0.0000000000     0.0000000000     0.0002577963     0.0021651378
78     0.0000000000     0.0000000000     -0.0000000000     0.0000000000     0.0002578835     0.0021582960
79     0.0000000000     0.0000000000     -0.0000000000     0.0000000000     -0.0002773589     0.0020793829
80     0.0000000000     0.0000000000     -0.0000000000     0.0000000000     -0.0002772612     0.0020814121
81     0.0000000000     0.0000000000     -0.0000000000     0.0000000000     -0.0002781102     0.0020806614
82     0.0000000000     0.0000000000     -0.0000000000     0.0000000000     -0.0002709171     0.0020820258
83     0.0000000000     0.0000000000     -0.0000000000     0.0000000000     -0.0002458987     0.0020761182
84     0.0000000000     0.0000000000     -0.0000000000     0.0000000000     -0.0002108055     0.0020686339
85     0.0000000000     0.0000000000     -0.0000000000     0.0000000000     -0.0001875872     0.0020686120
86     0.0000000000     0.0000000000     -0.0000000000     0.0000000000     -0.0001712046     0.0020704118
87     0.0000000000     0.0000000000     -0.0000000000     0.0000000000     -0.0001469545     0.0020598154
88     0.0000000000     0.0000000000     -0.0000000000     0.0000000000     -0.0001235487     0.0020468714
89     0.0000000000     0.0000000000     -0.0000000000     0.0000000000     -0.0001002231     0.0020533958
90     0.0000000000     0.0000000000     -0.0000000000     0.0000000000     -0.0000757001     0.0020507747
91     0.0000000000     0.0000000000     -0.0000000000     0.0000000000     -0.0000472784     0.0020329229
92     0.0000000000     0.0000000000     -0.0000000000     0.0000000000     -0.0000171205     0.0020140633
93     0.0000000000     0.0000000000     -0.0000000000     0.0000000000     0.0000080548     0.0020121247
94     0.0000000000     0.0000000000     -0.0000000000     0.0000000000     0.0000363185     0.0020480851
95     0.0000000000     0.0000000000     -0.0000000000     0.0000000000     0.0000710052     0.0020618346
96     0.0000000000     0.0000000000     -0.0000000000     0.0000000000     0.0000997571     0.0020494644
97     0.0000000000     0.0000000000     -0.0000000000     0.0000000000     0.0001239199     0.0020444202
98     0.0000000000     0.0000000000     -0.0000000000     0.0000000000     0.0001498736     0.0020500636
99     0.0000000000     0.0000000000     -0.0000000000     0.0000000000     0.0001781044     0.0020589739
100     0.0000000000     0.0000000000     -0.0000000000     0.0000000000     0.0002035286     0.0020672795
101     0.0000000000     0.0000000000     -0.0000000000     0.0000000000     0.0002314540     0.0020671262
102     0.0000000000     0.0000000000     -0.0000000000     0.0000000000     0.0002516158     0.0020565147
103     0.0000000000     0.0000000000     -0.0000000000     0.0000000000     0.0002495712     0.0020584351
104     0.0000000000     0.0000000000     -0.0000000000     0.0000000000     0.0002505888     0.0020524730
105     0.0000000000     0.0000000000     -0.0000000000     0.0000000000     -0.0002778577     0.0019452999
106     0.0000000000     0.0000000000     -0.0000000000     0.0000000000     -0.0002780153     0.0019444942
107     0.0000000000     0.0000000000     -0.0000000000     0.0000000000     -0.0002788527     0.0019445338
108     0.0000000000     0.0000000000     -0.0000000000     0.0000000000     -0.0002723126     0.0019438553
109     0.0000000000     0.0000000000     -0.0000000000     0.0000000000     -0.0002483653     0.0019383378
110     0.0000000000     0.0000000000     -0.0000000000     0.0000000000     -0.0002181510     0.0019408918
111     0.0000000000     0.0000000000     -0.0000000000     0.0000000000     -0.0001938297     0.0019499689
112     0.0000000000     0.0000000000     -0.0000000000     0.0000000000     -0.0001729808     0.0019594073
113     0.0000000000     0.0000000000     -0.0000000000     0.0000000000     -0.0001459142     0.0019613205
114     0.0000000000     0.0000000000     -0.0000000000     0.0000000000     -0.0001192664     0.0019635822
115     0.0000000000     0.0000000000     -0.0000000000     0.0000000000     -0.0000971257     0.0019673466
116     0.0000000000     0.0000000000     -0.0000000000     0.0000000000     -0.0000732618     0.0019570979
117     0.0000000000     0.0000000000     -0.0000000000     0.0000000000     -0.0000460018     0.0019420514
118     0.0000000000     0.0000000000     -0.0000000000     0.0000000000     -0.0000188819     0.0019333459
119     0.0000000000     0.0000000000     -0.0000000000     0.0000000000     0.0000091572     0.0019303779
120     0.0000000000     0.0000000000     -0.0000000000     0.0000000000     0.0000388596     0.0019286610
121     0.0000000000     0.0000000000     -0.0000000000     0.0000000000     0.0000698653     0.0019333614
122     0.0000000000     0.0000000000     -0.0000000000     0.0000000000     0.0000966724     0.0019331910
123     0.0000000000     0.0000000000     -0.0000000000     0.0000000000     0.0001229026     0.0019447799
124     0.0000000000     0.0000000000     -0.0000000000     0.0000000000     0.0001501209     0.0019588558
125     0.0000000000     0.0000000000     -0.0000000000     0.0000000000     0.0001737024     0.0019516155
126     0.0000000000     0.0000000000     -0.0000000000     0.0000000000     0.0001972744     0.0019448049
127     0.0000000000     0.0000000000     -0.0000000000     0.0000000000     0.0002239778     0.0019286176
128     0.0000000000     0.0000000000     -0.0000000000     0.0000000000     0.0002431834     0.0019104430
129     0.0000000000     0.0000000000     -0.0000000000     0.0000000000     0.0002412080     0.0019121575
130     0.0000000000     0.0000000000     -0.0000000000     0.0000000000     0.0002431042     0.0019132581
131     0.0000000000     0.0000000000     -0.0000000000     0.0000000000     -0.0002713517     0.0018156928
132     0.0000000000     0.0000000000     -0.0000000000     0.0000000000     -0.0002703249     0.0018130708
133     0.0000000000     0.0000000000     -0.0000000000     0.0000000000     -0.0002714641     0.0018133424
134     0.0000000000     0.0000000000     -0.0000000000     0.0000000000     -0.0002631165     0.0018151692
135     0.0000000000     0.0000000000     -0.0000000000     0.0000000000     -0.0002442401     0.0018229071
136     0.0000000000     0.0000000000     -0.0000000000     0.0000000000     -0.0002231415     0.0018306182
137     0.0000000000     0.0000000000     -0.0000000000     0.0000000000     -0.0002012167     0.0018378029
138     0.0000000000     0.0000000000     -0.0000000000     0.0000000000     -0.0001739894     0.0018476014
139     0.0000000000     0.0000000000     -0.0000000000     0.0000000000     -0.0001440151     0.0018538467
140     0.0000000000     0.0000000000     -0.0000000000     0.0000000000     -0.0001185974     0.0018642835
141     0.0000000000     0.0000000000     -0.0000000000     0.0000000000     -0.0000961492     0.0018707547
142     0.0000000000     0.0000000000     -0.0000000000     0.0000000000     -0.0000703951     0.0018599391
143     0.0000000000     0.0000000000     -0.0000000000     0.0000000000     -0.0000431645     0.0018435202
144     0.0000000000     0.0000000000     -0.0000000000     0.0000000000     -0.0000194639     0.0018374065
145     0.0000000000     0.0000000000     -0.0000000000     0.0000000000     0.0000096099     0.0018353728
146     0.0000000000     0.0000000000     -0.0000000000     0.0000000000     0.0000401735     0.0018251781
147     0.0000000000     0.0000000000     -0.0000000000     0.0000000000     0.0000709423     0.0018186084
148     0.0000000000     0.0000000000     -0.0000000000     0.0000000000     0.0000965421     0.0018087066
149     0.0000000000     0.0000000000     -0.0000000000     0.0000000000     0.0001186153     0.0018143252
150     0.0000000000     0.0000000000     -0.0000000000     0.0000000000     0.0001438272     0.0018396602
151     0.0000000000     0.0000000000     -0.0000000000     0.0000000000     0.0001698930     0.0018456449
152     0.0000000000     0.0000000000     -0.0000000000     0.0000000000     0.0001963477     0.0018317750
153     0.0000000000     0.0000000000     -0.0000000000     0.0000000000     0.0002225314     0.0018062574
154     0.0000000000     0.0000000000     -0.0000000000     0.0000000000     0.0002409901     0.0017896842
155     0.0000000000     0.0000000000     -0.0000000000     0.0000000000     0.0002391174     0.0017907967
156     0.0000000000     0.0000000000     -0.0000000000     0.0000000000     0.0002411374     0.0017936022
157     0.0000000000     0.0000000000     -0.0000000000     0.0000000000     -0.0002703961     0.0016993071
158     0.0000000000     0.0000000000     -0.0000000000     0.0000000000     -0.0002689046     0.0016959873
159     0.0000000000     0.0000000000     -0.0000000000     0.0000000000     -0.0002702866     0.0016962033
160     0.0000000000     0.0000000000     -0.0000000000     0.0000000000     -0.0002593707     0.0016988091
161     0.0000000000     0.0000000000     -0.0000000000     0.0000000000     -0.0002396487     0.0017207491
162     0.0000000000     0.0000000000     -0.0000000000     0.0000000000     -0.0002197186     0.0017317511
163     0.0000000000     0.0000000000     -0.0000000000     0.0000000000     -0.0001991934     0.0017358821
164     0.0000000000     0.0000000000     -0.0000000000     0.0000000000     -0.0001739603     0.0017389497
165     0.0000000000     0.0000000000     -0.0000000000     0.0000000000     -0.0001467744     0.0017488353
166     0.0000000000     0.0000000000     -0.0000000000     0.0000000000     -0.0001253872     0.0017675456
167     0.0000000000     0.0000000000     -0.0000000000     0.0000000000     -0.0001013137     0.0017689855
168     0.0000000000     0.0000000000     -0.0000000000     0.0000000000     -0.0000716685     0.0017521043
169     0.0000000000     0.0000000000     -0.0000000000     0.0000000000     -0.0000426436     0.0017305441
170     0.0000000000     0.0000000000     -0.0000000000     0.0000000000     -0.0000196345     0.0017322666
171     0.0000000000     0.0000000000     -0.0000000000     0.0000000000     0.0000087845     0.0017237047
172     0.0000000000     0.0000000000     -0.0000000000     0.0000000000     0.0000394278     0.0017128307
173     0.0000000000     0.0000000000     -0.0000000000     0.0000000000     0.0000709155     0.0017128029
174     0.0000000000     0.0000000000     -0.0000000000     0.0000000000     0.0001001066     0.0016997421
175     0.0000000000     0.0000000000     -0.0000000000     0.0000000000     0.0001198105     0.0017006075
176     0.0000000000     0.0000000000     -0.0000000000     0.0000000000     0.0001426749     0.0017187099
177     0.0000000000     0.0000000000     -0.0000000000     0.0000000000     0.0001728455     0.0017282074
178     0.0000000000     0.0000000000     -0.0000000000     0.0000000000     0.0002008721     0.0017126454
179     0.0000000000     0.0000000000     -0.0000000000     0.0000000000     0.0002287093     0.0016960241
180     0.0000000000     0.0000000000     -0.0000000000     0.0000000000     0.0002501819     0.0016965479
181     0.0000000000     0.0000000000     -0.0000000000     0.0000000000     0.0002483610     0.0016963807
182     0.0000000000     0.0000000000     -0.0000000000     0.0000000000     0.0002483943     0.0016958319
183     0.0000000000     0.0000000000     -0.0000000000     0.0000000000     -0.0002817393     0.0016106113
184     0.0000000000     0.0000000000     -0.0000000000     0.0000000000     -0.0002815460     0.0016086694
185     0.0000000000     0.0000000000     -0.0000000000     0.0000000000     -0.0002826005     0.0016084582
186     0.0000000000     0.0000000000     -0.0000000000     0.0000000000     -0.0002737663     0.0016130201
187     0.0000000000     0.0000000000     -0.0000000000     0.0000000000     -0.0002468679     0.0016345501
188     0.0000000000     0.0000000000     -0.0000000000     0.0000000000     -0.0002203922     0.0016418241
189     0.0000000000     0.0000000000     -0.0000000000     0.0000000000     -0.0001984436     0.0016329233
190     0.0000000000     0.0000000000     -0.0000000000     0.0000000000     -0.0001803996     0.0016324986
191     0.0000000000     0.0000000000     -0.0000000000     0.0000000000     -0.0001545993     0.0016498808
192     0.0000000000     0.0000000000     -0.0000000000     0.0000000000     -0.0001271896     0.0016551334
193     0.0000000000     0.0000000000     -0.0000000000     0.0000000000     -0.0001014277     0.0016295075
194     0.0000000000     0.0000000000     -0.0000000000     0.0000000000     -0.0000716512     0.0016048831
195     0.0000000000     0.0000000000     -0.0000000000     0.0000000000     -0.0000448557     0.0015932864
196     0.0000000000     0.0000000000     -0.0000000000     0.0000000000     -0.0000204784     0.0016108400
197     0.0000000000     0.0000000000     -0.0000000000     0.0000000000     0.0000070304     0.0016159828
198     0.0000000000     0.0000000000     -0.0000000000     0.0000000000     0.0000354791     0.0016117733
199     0.0000000000     0.0000000000     -0.0000000000     0.0000000000     0.0000638258     0.0016181801
200     0.0000000000     0.0000000000     -0.0000000000     0.0000000000     0.0000946816     0.0016219725
201     0.0000000000     0.0000000000     -0.0000000000     0.0000000000     0.0001201827     0.0016253566
202     0.0000000000     0.0000000000     -0.0000000000     0.0000000000     0.0001455973     0.0016153405
203     0.0000000000     0.0000000000     -0.0000000000     0.0000000000     0.0001744887     0.0016025903
204     0.0000000000     0.0000000000     -0.0000000000     0.0000000000     0.0002017733     0.0015810917
205     0.0000000000     0.0000000000     -0.0000000000     0.0000000000     0.0002292944     0.0015713824
206     0.0000000000     0.0000000000     -0.0000000000     0.0000000000     0.0002490856     0.0015835153
207     0.0000000000     0.0000000000     -0.0000000000     0.0000000000     0.0002474506     0.0015818919
208     0.0000000000     0.0000000000     -0.0000000000     0.0000000000     0.0002469623     0.0015842566
209     0.0000000000     0.0000000000     -0.0000000000     0.0000000000     -0.0002917850     0.0015386083
210     0.0000000000     0.0000000000     -0.0000000000     0.0000000000     -0.0002933425     0.0015404358
211     0.0000000000     0.0000000000     -0.0000000000     0.0000000000     -0.0002940065     0.0015397994
212     0.0000000000     0.0000000000     -0.0000000000     0.0000000000     -0.0002872061     0.0015435496
213     0.0000000000     0.0000000000     -0.0000000000     0.0000000000     -0.0002610496     0.0015547264
214     0.0000000000     0.0000000000     -0.0000000000     0.0000000000     -0.0002330804     0.0015623259
215     0.0000000000     0.0000000000     -0.0000000000     0.0000000000     -0.0002066330     0.0015533788
216     0.0000000000     0.0000000000     -0.0000000000     0.0000000000     -0.0001849067     0.0015475220
217     0.0000000000     0.0000000000     -0.0000000000     0.0000000000     -0.0001557790     0.0015508460
218     0.0000000000     0.0000000000     -0.0000000000     0.0000000000     -0.0001214879     0.0015371352
219     0.0000000000     0.0000000000     -0.0000000000     0.0000000000     -0.0000947943     0.0015058346
220     0.0000000000     0.0000000000     -0.0000000000     0.0000000000     -0.0000671663     0.0014855177
221     0.0000000000     0.0000000000     -0.0000000000     0.0000000000     -0.0000420165     0.0014826047
222     0.0000000000     0.0000000000     -0.0000000000     0.0000000000     -0.0000184742     0.0014800077
223     0.0000000000     0.0000000000     -0.0000000000     0.0000000000     0.0000096315     0.0015019370
224     0.0000000000     0.0000000000     -0.0000000000     0.0000000000     0.0000370693     0.0015154561
225     0.0000000000     0.0000000000     -0.0000000000     0.0000000000     0.0000625026     0.0015121408
226     0.0000000000     0.0000000000     -0.0000000000     0.0000000000     0.0000876576     0.0015185848
227     0.0000000000     0.0000000000     -0.0000000000     0.0000000000     0.0001146846     0.0015197383
228     0.0000000000     0.0000000000     -0.0000000000     0.0000000000     0.0001446044     0.0014955592
229     0.0000000000     0.0000000000     -0.0000000000     0.0000000000     0.0001730763     0.0014756113
230     0.0000000000     0.0000000000     -0.0000000000     0.0000000000     0.0001973066     0.0014723933
231     0.0000000000     0.0000000000     -0.0000000000     0.0000000000     0.0002195581     0.0014740042
232     0.0000000000     0.0000000000     -0.0000000000     0.0000000000     0.0002335460     0.0014839951
233     0.0000000000     0.0000000000     -0.0000000000     0.0000000000     0.0002318699     0.0014828100
234     0.0000000000     0.0000000000     -0.0000000000     0.0000000000     0.0002332988     0.0014858312
235     0.0000000000     0.0000000000     -0.0000000000     0.0000000000     -0.0002875430     0.0014547894
236     0.0000000000     0.0000000000     -0.0000000000     0.0000000000     -0.0002882817     0.0014594626
237     0.0000000000     0.0000000000     -0.0000000000     0.0000000000     -0.0002890465     0.0014588263
238     0.0000000000     0.0000000000     -0.0000000000     0.0000000000     -0.0002820074     0.0014601116
239     0.0000000000     0.0000000000     -0.0000000000     0.0000000000     -0.0002605061     0.0014594570
240     0.0000000000     0.0000000000     -0.0000000000     0.0000000000     -0.0002351725     0.0014622327
241     0.0000000000     0.0000000000     -0.0000000000     0.0000000000     -0.0002046416     0.0014604785
242     0.0000000000     0.0000000000     -0.0000000000     0.0000000000     -0.0001761228     0.0014559677
243     0.0000000000     0.0000000000     -0.0000000000     0.0000000000     -0.0001489330     0.0014486426
244     0.0000000000     0.0000000000     -0.0000000000     0.0000000000     -0.0001119726     0.0014321344
245     0.0000000000     0.0000000000     -0.0000000000     0.0000000000     -0.0000805230     0.0014155993
246     0.0000000000     0.0000000000     -0.0000000000     0.0000000000     -0.0000565181     0.0014025384
247     0.0000000000     0.0000000000     -0.0000000000     0.0000000000     -0.0000344001     0.0014022825
248     0.0000000000     0.0000000000     -0.0000000000     0.0000000000     -0.0000116430     0.0013923468
249     0.0000000000     0.0000000000     -0.0000000000     0.0000000000     0.0000168900     0.0013834169
250     0.0000000000     0.0000000000     -0.0000000000     0.0000000000     0.0000464392     0.0013899945
251     0.0000000000     0.0000000000     -0.0000000000     0.0000000000     0.0000704675     0.0013916000
252     0.0000000000     0.0000000000     -0.0000000000     0.0000000000     0.0000906711     0.0013986792
253     0.0000000000     0.0000000000     -0.0000000000     0.0000000000     0.0001123741     0.0013946201
254     0.0000000000     0.0000000000     -0.0000000000     0.0000000000     0.0001443440     0.0013797811
255     0.0000000000     0.0000000000     -0.0000000000     0.0000000000     0.0001730239     0.0013780468
256     0.0000000000     0.0000000000     -0.0000000000     0.0000000000     0.0001910945     0.0014010671
257     0.0000000000     0.0000000000     -0.0000000000     0.0000000000     0.0002086477     0.0014157326
258     0.0000000000     0.0000000000     -0.0000000000     0.0000000000     0.0002220456     0.0014161686
259     0.0000000000     0.0000000000     -0.0000000000     0.0000000000     0.0002200988     0.0014167267
260     0.0000000000     0.0000000000     -0.0000000000     0.0000000000     0.0002236119     0.0014130721
261     0.0000000000     0.0000000000     -0.0000000000     0.0000000000     -0.0002728329     0.0013438354
262     0.0000000000     0.0000000000     -0.0000000000     0.0000000000     -0.0002714278     0.0013472965
263     0.0000000000     0.0000000000     -0.0000000000     0.0000000000     -0.0002726944     0.0013471007
264     0.0000000000     0.0000000000     -0.0000000000     0.0000000000     -0.0002641263     0.0013443809
265     0.0000000000     0.0000000000     -0.0000000000     0.0000000000     -0.0002467816     0.0013331676
266     0.0000000000     0.0000000000     -0.0000000000     0.0000000000     -0.0002247577     0.0013278309
267     0.0000000000     0.0000000000     -0.0000000000     0.0000000000     -0.0001942881     0.0013270714
268     0.0000000000     0.0000000000     -0.0000000000     0.0000000000     -0.0001669587     0.0013293616
269     0.0000000000     0.0000000000     -0.0000000000     0.0000000000     -0.0001424621     0.0013221966
270     0.0000000000     0.0000000000     -0.0000000000     0.0000000000     -0.0001037911     0.0013010537
271     0.0000000000     0.0000000000     -0.0000000000     0.0000000000     -0.0000705939     0.0013038235
272     0.0000000000     0.0000000000     -0.0000000000     0.0000000000     -0.0000508295     0.0013112706
273     0.0000000000     0.0000000000     -0.0000000000     0.0000000000     -0.0000308349     0.0013141886
274     0.0000000000     0.0000000000     -0.0000000000     0.0000000000     -0.0000030492     0.0013059946
275     0.0000000000     0.0000000000     -0.0000000000     0.0000000000     0.0000263534     0.0012789826
276     0.0000000000     0.0000000000     -0.0000000000     0.0000000000     0.0000528210     0.0012754562
277     0.0000000000     0.0000000000     -0.0000000000     0.0000000000     0.0000811998     0.0012871537
278     0.0000000000     0.0000000000     -0.0000000000     0.0000000000     0.0001047117     0.0012940046
279     0.0000000000     0.0000000000     -0.0000000000     0.0000000000     0.0001237533     0.0012862702
280     0.0000000000     0.0000000000     -0.0000000000     0.0000000000     0.0001536660     0.0012827484
281     0.0000000000     0.0000000000     -0.0000000000     0.0000000000     0.0001781357     0.0012983227
282     0.0000000000     0.0000000000     -0.0000000000     0.0000000000     0.0001938341     0.0013212177
283     0.0000000000     0.0000000000     -0.0000000000     0.0000000000     0.0002157813     0.0013221774
284     0.0000000000     0.0000000000     -0.0000000000     0.0000000000     0.0002331431     0.0013122589
285     0.0000000000     0.0000000000     -0.0000000000     0.0000000000     0.0002311169     0.0013137295
286     0.0000000000     0.0000000000     -0.0000000000     0.0000000000     0.0002339178     0.0013111404
287     0.0000000000     0.0000000000     -0.0000000000     0.0000000000     -0.0002623001     0.0012148523
288     0.0000000000     0.0000000000     -0.0000000000     0.0000000000     -0.0002600141     0.0012131762
289     0.0000000000     0.0000000000     -0.0000000000     0.0000000000     -0.0002617532     0.0012132611
290     0.0000000000     0.0000000000     -0.0000000000     0.0000000000     -0.0002499757     0.0012129112
291     0.0000000000     0.0000000000     -0.0000000000     0.0000000000     -0.0002312533     0.0012074943
292     0.0000000000     0.0000000000     -0.0000000000     0.0000000000     -0.0002140461     0.0011962750
293     0.0000000000     0.0000000000     -0.0000000000     0.0000000000     -0.0001903684     0.0011959252
294     0.0000000000     0.0000000000     -0.0000000000     0.0000000000     -0.0001655605     0.0011978904
295     0.0000000000     0.0000000000     -0.0000000000     0.0000000000     -0.0001364009     0.0011796247
296     0.0000000000     0.0000000000     -0.0000000000     0.0000000000     -0.0001034384     0.0011623737
297     0.0000000000     0.0000000000     -0.0000000000     0.0000000000     -0.0000763993     0.0011853952
298     0.0000000000     0.0000000000     -0.0000000000     0.0000000000     -0.0000533150     0.0012191544
299     0.0000000000     0.0000000000     -0.0000000000     0.0000000000     -0.0000297896     0.0012164286
300     0.0000000000     0.0000000000     -0.0000000000     0.0000000000     0.0000011431     0.0012034213
301     0.0000000000     0.0000000000     -0.0000000000     0.0000000000     0.0000306391     0.0011937211
302     0.0000000000     0.0000000000     -0.0000000000     0.0000000000     0.0000577102     0.0011912502
303     0.0000000000     0.0000000000     -0.0000000000     0.0000000000     0.0000919913     0.0011864317
304     0.0000000000     0.0000000000     -0.0000000000     0.0000000000     0.0001210100     0.0011831044
305     0.0000000000     0.0000000000     -0.0000000000     0.0000000000     0.0001410584     0.0011795936
306     0.0000000000     0.0000000000     -0.0000000000     0.0000000000     0.0001662148     0.0011824287
307     0.0000000000     0.0000000000     -0.0000000000     0.0000000000     0.0001895640     0.0011983484
308     0.0000000000     0.0000000000     -0.0000000000     0.0000000000     0.0002119572     0.0012017860
309     0.0000000000     0.0000000000     -0.0000000000     0.0000000000     0.0002385407     0.0011897839
310     0.0000000000     0.0000000000     -0.0000000000     0.0000000000     0.0002563324     0.0011853120
311     0.0000000000     0.0000000000     -0.0000000000     0.0000000000     0.0002546328     0.0011858161
312     0.0000000000     0.0000000000     -0.0000000000     0.0000000000     0.0002552076     0.0011895144
313     0.0000000000     0.0000000000     -0.0000000000     0.0000000000     -0.0002631657     0.0010974763
314     0.0000000000     0.0000000000     -0.0000000000     0.0000000000     -0.0002615818     0.0010929864
315     0.0000000000     0.0000000000     -0.0000000000     0.0000000000     -0.0002633286     0.0010925867
316     0.0000000000     0.0000000000     -0.0000000000     0.0000000000     -0.0002498497     0.0011020175
317     0.0000000000     0.0000000000     -0.0000000000     0.0000000000     -0.0002216985     0.0011269999
318     0.0000000000     0.0000000000     -0.0000000000     0.0000000000     -0.0002057358     0.0011208478
319     0.0000000000     0.0000000000     -0.0000000000     0.0000000000     -0.0001865683     0.0011074956
320     0.0000000000     0.0000000000     -0.0000000000     0.0000000000     -0.0001608490     0.0010926248
321     0.0000000000     0.0000000000     -0.0000000000     0.0000000000     -0.0001333503     0.0010666894
322     0.0000000000     0.0000000000     -0.0000000000     0.0000000000     -0.0001072863     0.0010588287
323     0.0000000000     0.0000000000     -0.0000000000     0.0000000000     -0.0000844303     0.0010743468
324     0.0000000000     0.0000000000     -0.0000000000     0.0000000000     -0.0000544042     0.0011033245
325     0.0000000000     0.0000000000     -0.0000000000     0.0000000000     -0.0000249461     0.0011103173
326     0.0000000000     0.0000000000     -0.0000000000     0.0000000000     0.0000032462     0.0011043878
327     0.0000000000     0.0000000000     -0.0000000000     0.0000000000     0.0000338112     0.0011061294
328     0.0000000000     0.0000000000     -0.0000000000     0.0000000000     0.0000674309     0.0010991143
329     0.0000000000     0.0000000000     -0.0000000000     0.0000000000     0.0001018698     0.0010775937
330     0.0000000000     0.0000000000     -0.0000000000     0.0000000000     0.0001283290     0.0010738767
331     0.0000000000     0.0000000000     -0.0000000000     0.0000000000     0.0001491005     0.0010838732
332     0.0000000000     0.0000000000     -0.0000000000     0.0000000000     0.0001741289     0.0011012992
333     0.0000000000     0.0000000000     -0.0000000000     0.0000000000     0.0002044155     0.0011140247
334     0.0000000000     0.0000000000     -0.0000000000     0.0000000000     0.0002323932     0.0011062053
335     0.0000000000     0.0000000000     -0.0000000000     0.0000000000     0.0002578999     0.0010933598
336     0.0000000000     0.0000000000     -0.0000000000     0.0000000000     0.0002757668     0.0010896315
337     0.0000000000     0.0000000000     -0.0000000000     0.0000000000     0.0002743878     0.0010899490
338     0.0000000000     0.0000000000     -0.0000000000     0.0000000000     0.0002729945     0.0010942334
339     0.0000000000     0.0000000000     -0.0000000000     0.0000000000     -0.0002715334     0.0010064153
340     0.0000000000     0.0000000000     -0.0000000000     0.0000000000     -0.0002713700     0.0010041957
341     0.0000000000     0.0000000000     -0.0000000000     0.0000000000     -0.0002727590     0.0010033843
342     0.0000000000     0.0000000000     -0.0000000000     0.0000000000     -0.0002612322     0.0010129369
343     0.0000000000     0.0000000000     -0.0000000000     0.0000000000     -0.0002290403     0.0010414617
344     0.0000000000     0.0000000000     -0.0000000000     0.0000000000     -0.0002055952     0.0010411273
345     0.0000000000     0.0000000000     -0.0000000000     0.0000000000     -0.0001825388     0.0010221568
346     0.0000000000     0.0000000000     -0.0000000000     0.0000000000     -0.0001552517     0.0010082907
347     0.0000000000     0.0000000000     -0.0000000000     0.0000000000     -0.0001319887     0.0009969606
348     0.0000000000     0.0000000000     -0.0000000000     0.0000000000     -0.0001072270     0.0009908414
349     0.0000000000     0.0000000000     -0.0000000000     0.0000000000     -0.0000814891     0.0009829898
350     0.0000000000     0.0000000000     -0.0000000000     0.0000000000     -0.0000503809     0.0009894429
351     0.0000000000     0.0000000000     -0.0000000000     0.0000000000     -0.0000178359     0.0009941940
352     0.0000000000     0.0000000000     -0.0000000000     0.0000000000     0.0000106611     0.0009874818
353     0.0000000000     0.0000000000     -0.0000000000     0.0000000000     0.0000421015     0.0009927050
354     0.0000000000     0.0000000000     -0.0000000000     0.0000000000     0.0000733001     0.0009908200
355     0.0000000000     0.0000000000     -0.0000000000     0.0000000000     0.0001014134     0.0009821767
356     0.0000000000     0.0000000000     -0.0000000000     0.0000000000     0.0001230270     0.0009952077
357     0.0000000000     0.0000000000     -0.0000000000     0.0000000000     0.0001446303     0.0010134950
358     0.0000000000     0.0000000000     -0.0000000000     0.0000000000     0.0001737346     0.0010288736
359     0.0000000000     0.0000000000     -0.0000000000     0.0000000000     0.0002097351     0.0010360836
360     0.0000000000     0.0000000000     -0.0000000000     0.0000000000     0.0002384400     0.0010392470
361     0.0000000000     0.0000000000     -0.0000000000     0.0000000000     0.0002631024     0.0010341568
362     0.0000000000     0.0000000000     -0.0000000000     0.0000000000     0.0002802165     0.0010286055
363     0.0000000000     0.0000000000     -0.0000000000     0.0000000000     0.0002790363     0.0010294820
364     0.0000000000     0.0000000000     -0.0000000000     0.0000000000     0.0002773147     0.0010288312
365     0.0000000000     0.0000000000     -0.0000000000     0.0000000000     -0.0002743968     0.0009312761
366     0.0000000000     0.0000000000     -0.0000000000     0.0000000000     -0.0002748448     0.0009316127
367     0.0000000000     0.0000000000     -0.0000000000     0.0000000000     -0.0002759403     0.0009310002
368     0.0000000000     0.0000000000     -0.0000000000     0.0000000000     -0.0002656953     0.0009356636
369     0.0000000000     0.0000000000     -0.0000000000     0.0000000000     -0.0002375939     0.0009334846
370     0.0000000000     0.0000000000     -0.0000000000     0.0000000000     -0.0002112528     0.0009250746
371     0.0000000000     0.0000000000     -0.0000000000     0.0000000000     -0.0001848947     0.0009215665
372     0.0000000000     0.0000000000     -0.0000000000     0.0000000000     -0.0001554799     0.0009205117
373     0.0000000000     0.0000000000     -0.0000000000     0.0000000000     -0.0001290126     0.0009166143
374     0.0000000000     0.0000000000     -0.0000000000     0.0000000000     -0.0001014420     0.0009078866
375     0.0000000000     0.0000000000     -0.0000000000     0.0000000000     -0.0000753602     0.0008962739
376     0.0000000000     0.0000000000     -0.0000000000     0.0000000000     -0.0000443918     0.0008882568
377     0.0000000000     0.0000000000     -0.0000000000     0.0000000000     -0.0000086999     0.0008782916
378     0.0000000000     0.0000000000     -0.0000000000     0.0000000000     0.0000181481     0.0008649689
379     0.0000000000     0.0000000000     -0.0000000000     0.0000000000     0.0000420833     0.0008675202
380     0.0000000000     0.0000000000     -0.0000000000     0.0000000000     0.0000667189     0.0008844895
381     0.0000000000     0.0000000000     -0.0000000000     0.0000000000     0.0000921510     0.0009006860
382     0.0000000000     0.0000000000     -0.0000000000     0.0000000000     0.0001135198     0.0009172230
383     0.0000000000     0.0000000000     -0.0000000000     0.0000000000     0.0001361195     0.0009285353
384     0.0000000000     0.0000000000     -0.0000000000     0.0000000000     0.0001677201     0.0009278140
385     0.0000000000     0.0000000000     -0.0000000000     0.0000000000     0.0002026973     0.0009228430
386     0.0000000000     0.0000000000     -0.0000000000     0.0000000000     0.0002310716     0.0009359555
387     0.0000000000     0.0000000000     -0.0000000000     0.0000000000     0.0002552468     0.0009546310
388     0.0000000000     0.0000000000     -0.0000000000     0.0000000000     0.0002693684     0.0009616781
389     0.0000000000     0.0000000000     -0.0000000000     0.0000000000     0.0002683401     0.0009617382
390     0.0000000000     0.0000000000     -0.0000000000     0.0000000000     0.0002671410     0.0009590571
391     0.0000000000     0.0000000000     -13.7212303261     0.0000000000     -0.0002704608     0.0008484115
392     0.0000000000     0.0000000000     -13.7212303261     0.0000000000     -0.0002708656     0.0008473316
393     0.0000000000     0.0000000000     -13.7212303261     0.0000000000     -0.0002718450     0.0008478105
394     0.0000000000     0.0000000000     -13.7212303261     0.0000000000     -0.0002611673     0.0008450663
395     0.0000000000     0.0000000000     -13.7212303261     0.0000000000     -0.0002360575     0.0008302434
396     0.0000000000     0.0000000000     -13.7212303261     0.0000000000     -0.0002118975     0.0008163125
397     0.0000000000     0.0000000000     -13.7212303261     0.0000000000     -0.0001842388     0.0008190932
398     0.0000000000     0.0000000000     -13.7212303261     0.0000000000     -0.0001459692     0.0008237785
399     0.0000000000     0.0000000000     -13.7212303261     0.0000000000     -0.0001157288     0.0008163145
400     0.0000000000     0.0000000000     -13.7212303261     0.0000000000     -0.0000942817     0.0008029865
401     0.0000000000     0.0000000000     -13.7212303261     0.0000000000     -0.0000721327     0.0007933664
402     0.0000000000     0.0000000000     -13.7212303261     0.0000000000     -0.0000439591     0.0007735243
403     0.0000000000     0.0000000000     -13.7212303261     0.0000000000     -0.0000097960     0.0007578814
404     0.0000000000     0.0000000000     -13.7212303261     0.0000000000     0.0000160516     0.0007532349
405     0.0000000000     0.0000000000     -13.7212303261     0.0000000000     0.0000342880     0.0007563022
406     0.0000000000     0.0000000000     -13.7212303261     0.0000000000     0.0000568642     0.0007821601
407     0.0000000000     0.0000000000     -13.7212303261     0.0000000000     0.0000841649     0.0008072267
408     0.0000000000     0.0000000000     -13.7212303261     0.0000000000     0.0001068375     0.0008211255
409     0.0000000000     0.0000000000     -13.7212303261     0.0000000000     0.0001290835     0.0008205228
410     0.0000000000     0.0000000000     -13.7212303261     0.0000000000     0.0001585884     0.0008093067
411     0.0000000000     0.0000000000     -13.7212303261     0.0000000000     0.0001882289     0.0008001928
412     0.0000000000     0.0000000000     -13.7212303261     0.0000000000     0.0002133798     0.0008141075
413     0.0000000000     0.0000000000     -13.7212303261     0.0000000000     0.0002344746     0.0008518822
414     0.0000000000     0.0000000000     -13.7212303261     0.0000000000     0.0002475192     0.0008735188
415     0.0000000000     0.0000000000     -13.7212303261     0.0000000000     0.0002464574     0.0008722675
416     0.0000000000     0.0000000000     -13.7212303261     0.0000000000     0.0002462058     0.0008712906
