1     0.0000000000     0.0000000000     14.5863318675     0.0000000000     -0.0003137743     0.0027520735
2     0.0000000000     0.0000000000     14.5863318675     0.0000000000     -0.0003143796     0.0027542887
3     0.0000000000     0.0000000000     14.5863318675     0.0000000000     -0.0003151131     0.0027541288
4     0.0000000000     0.0000000000     14.5863318675     0.0000000000     -0.0003086491     0.0027526356
5     0.0000000000     0.0000000000     14.5863318675     0.0000000000     -0.0002856054     0.0027435365
6     0.0000000000     0.0000000000     14.5863318675     0.0000000000     -0.0002484983     0.0027352719
7     0.0000000000     0.0000000000     14.5863318675     0.0000000000     -0.0002182643     0.0027353837
8     0.0000000000     0.0000000000     14.5863318675     0.0000000000     -0.0001976395     0.0027498359
9     0.0000000000     0.0000000000     14.5863318675     0.0000000000     -0.0001711793     0.0027605904
10     0.0000000000     0.0000000000     14.5863318675     0.0000000000     -0.0001441139     0.0027607186
11     0.0000000000     0.0000000000     14.5863318675     0.0000000000     -0.0001188574     0.0027653305
12     0.0000000000     0.0000000000     14.5863318675     0.0000000000     -0.0000889955     0.0027835502
13     0.0000000000     0.0000000000     14.5863318675     0.0000000000     -0.0000567361     0.0028193057
14     0.0000000000     0.0000000000     14.5863318675     0.0000000000     -0.0000261154     0.0028481330
15     0.0000000000     0.0000000000     14.5863318675     0.0000000000     0.0000009507     0.0028171558
16     0.0000000000     0.0000000000     14.5863318675     0.0000000000     0.0000278703     0.0027754099
17     0.0000000000     0.0000000000     14.5863318675     0.0000000000     0.0000554900     0.0027732905
18     0.0000000000     0.0000000000     14.5863318675     0.0000000000     0.0000792683     0.0027783703
19     0.0000000000     0.0000000000     14.5863318675     0.0000000000     0.0001159768     0.0027866662
20     0.0000000000     0.0000000000     14.5863318675     0.0000000000     0.0001531476     0.0027894857
21     0.0000000000     0.0000000000     14.5863318675     0.0000000000     0.0001714720     0.0027693966
22     0.0000000000     0.0000000000     14.5863318675     0.0000000000     0.0001895088     0.0027416126
23     0.0000000000     0.0000000000     14.5863318675     0.0000000000     0.0002248580     0.0027093130
24     0.0000000000     0.0000000000     14.5863318675     0.0000000000     0.0002548319     0.0026797116
25     0.0000000000     0.0000000000     14.5863318675     0.0000000000     0.0002519957     0.0026816582
26     0.0000000000     0.0000000000     14.5863318675     0.0000000000     0.0002509598     0.0026833343
27     0.0000000000     0.0000000000     -0.0000000000     0.0000000000     -0.0003107986     0.0026824212
28     0.0000000000     0.0000000000     -0.0000000000     0.0000000000     -0.0003105529     0.0026888497
29     0.0000000000     0.0000000000     -0.0000000000     0.0000000000     -0.0003115667     0.0026875643
30     0.0000000000     0.0000000000     -0.0000000000     0.0000000000     -0.0003027818     0.0026893041
31     0.0000000000     0.0000000000     -0.0000000000     0.0000000000     -0.0002797265     0.0026741441
32     0.0000000000     0.0000000000     -0.0000000000     0.0000000000     -0.0002480347     0.0026537866
33     0.0000000000     0.0000000000     -0.0000000000     0.0000000000     -0.0002200391     0.0026363849
34     0.0000000000     0.0000000000     -0.0000000000     0.0000000000     -0.0002002988     0.0026274654
35     0.0000000000     0.0000000000     -0.0000000000     0.0000000000     -0.0001770027     0.0026238489
36     0.0000000000     0.0000000000     -0.0000000000     0.0000000000     -0.0001504280     0.0026114547
37     0.0000000000     0.0000000000     -0.0000000000     0.0000000000     -0.0001251170     0.0026150013
38     0.0000000000     0.0000000000     -0.0000000000     0.0000000000     -0.0000992433     0.0026323949
39     0.0000000000     0.0000000000     -0.0000000000     0.0000000000     -0.0000636301     0.0026521296
40     0.0000000000     0.0000000000     -0.0000000000     0.0000000000     -0.0000254938     0.0026844870
41     0.0000000000     0.0000000000     -0.0000000000     0.0000000000     -0.0000006494     0.0026897824
42     0.0000000000     0.0000000000     -0.0000000000     0.0000000000     0.0000241999     0.0026646673
43     0.0000000000     0.0000000000     -0.0000000000     0.0000000000     0.0000581706     0.0026765067
44     0.0000000000     0.0000000000     -0.0000000000     0.0000000000     0.0000843598     0.0026780527
45     0.0000000000     0.0000000000     -0.0000000000     0.0000000000     0.0001135812     0.0026558622
46     0.0000000000     0.0000000000     -0.0000000000     0.0000000000     0.0001523802     0.0026498314
47     0.0000000000     0.0000000000     -0.0000000000     0.0000000000     0.0001773555     0.0026575763
48     0.0000000000     0.0000000000     -0.0000000000     0.0000000000     0.0002002698     0.0026471159
49     0.0000000000     0.0000000000     -0.0000000000     0.0000000000     0.0002400411     0.0026228036
50     0.0000000000     0.0000000000     -0.0000000000     0.0000000000     0.0002711047     0.0026049700
51     0.0000000000     0.0000000000     -0.0000000000     0.0000000000     0.0002683849     0.0026070051
52     0.0000000000     0.0000000000     -0.0000000000     0.0000000000     0.0002662799     0.0026047267
53     0.0000000000     0.0000000000     -0.0000000000     0.0000000000     -0.0003090472     0.0025736375
54     0.0000000000     0.0000000000     -0.0000000000     0.0000000000     -0.0003078238     0.0025800045
55     0.0000000000     0.0000000000     -0.0000000000     0.0000000000     -0.0003089328     0.0025784473
56     0.0000000000     0.0000000000     -0.0000000000     0.0000000000     -0.0003002738     0.0025841232
57     0.0000000000     0.0000000000     -0.0000000000     0.0000000000     -0.0002759950     0.0025763682
58     0.0000000000     0.0000000000     -0.0000000000     0.0000000000     -0.0002432077     0.0025510080
59     0.0000000000     0.0000000000     -0.0000000000     0.0000000000     -0.0002195670     0.0025292575
60     0.0000000000     0.0000000000     -0.0000000000     0.0000000000     -0.0002012689     0.0025185996
61     0.0000000000     0.0000000000     -0.0000000000     0.0000000000     -0.0001777595     0.0025051693
62     0.0000000000     0.0000000000     -0.0000000000     0.0000000000     -0.0001526512     0.0024839437
63     0.0000000000     0.0000000000     -0.0000000000     0.0000000000     -0.0001260488     0.0024882504
64     0.0000000000     0.0000000000     -0.0000000000     0.0000000000     -0.0001006113     0.0024934208
65     0.0000000000     0.0000000000     -0.0000000000     0.0000000000     -0.0000675072     0.0024843658
66     0.0000000000     0.0000000000     -0.0000000000     0.0000000000     -0.0000318947     0.0024820438
67     0.0000000000     0.0000000000     -0.0000000000     0.0000000000     -0.0000080044     0.0024994911
68     0.0000000000     0.0000000000     -0.0000000000     0.0000000000     0.0000195580     0.0025337403
69     0.0000000000     0.0000000000     -0.0000000000     0.0000000000     0.0000570968     0.0025482679
70     0.0000000000     0.0000000000     -0.0000000000     0.0000000000     0.0000859870     0.0025321669
71     0.0000000000     0.0000000000     -0.0000000000     0.0000000000     0.0001089542     0.0025009830
72     0.0000000000     0.0000000000     -0.0000000000     0.0000000000     0.0001427465     0.0024978026
73     0.0000000000     0.0000000000     -0.0000000000     0.0000000000     0.0001738637     0.0025287990
74     0.0000000000     0.0000000000     -0.0000000000     0.0000000000     0.0002007954     0.0025417747
75     0.0000000000     0.0000000000     -0.0000000000     0.0000000000     0.0002356729     0.0025374359
76     0.0000000000     0.0000000000     -0.0000000000     0.0000000000     0.0002614381     0.0025306173
77     0.0000000000     0.0000000000     -0.0000000000     0.0000000000     0.0002588989     0.0025325525
78     0.0000000000     0.0000000000     -0.0000000000     0.0000000000     0.0002590633     0.0025233337
79     0.0000000000     0.0000000000     -0.0000000000     0.0000000000     -0.0003130071     0.0024289440
80     0.0000000000     0.0000000000     -0.0000000000     0.0000000000     -0.0003127298     0.0024319536
81     0.0000000000     0.0000000000     -0.0000000000     0.0000000000     -0.0003136737     0.0024311235
82     0.0000000000     0.0000000000     -0.0000000000     0.0000000000     -0.0003061849     0.0024322407
83     0.0000000000     0.0000000000     -0.0000000000     0.0000000000     -0.0002798422     0.0024243567
84     0.0000000000     0.0000000000     -0.0000000000     0.0000000000     -0.0002422801     0.0024117000
85     0.0000000000     0.0000000000     -0.0000000000     0.0000000000     -0.0002179827     0.0024092678
86     0.0000000000     0.0000000000     -0.0000000000     0.0000000000     -0.0002009584     0.0024124448
87     0.0000000000     0.0000000000     -0.0000000000     0.0000000000     -0.0001751861     0.0024006561
88     0.0000000000     0.0000000000     -0.0000000000     0.0000000000     -0.0001502603     0.0023842610
89     0.0000000000     0.0000000000     -0.0000000000     0.0000000000     -0.0001249930     0.0023892270
90     0.0000000000     0.0000000000     -0.0000000000     0.0000000000     -0.0000985153     0.0023848690
91     0.0000000000     0.0000000000     -0.0000000000     0.0000000000     -0.0000683014     0.0023652830
92     0.0000000000     0.0000000000     -0.0000000000     0.0000000000     -0.0000359517     0.0023460536
93     0.0000000000     0.0000000000     -0.0000000000     0.0000000000     -0.0000090585     0.0023442926
94     0.0000000000     0.0000000000     -0.0000000000     0.0000000000     0.0000204267     0.0023840596
95     0.0000000000     0.0000000000     -0.0000000000     0.0000000000     0.0000566203     0.0023988692
96     0.0000000000     0.0000000000     -0.0000000000     0.0000000000     0.0000862100     0.0023856877
97     0.0000000000     0.0000000000     -0.0000000000     0.0000000000     0.0001113424     0.0023802709
98     0.0000000000     0.0000000000     -0.0000000000     0.0000000000     0.0001395876     0.0023874462
99     0.0000000000     0.0000000000     -0.0000000000     0.0000000000     0.0001697112     0.0023977937
100     0.0000000000     0.0000000000     -0.0000000000     0.0000000000     0.0001968584     0.0024075073
101     0.0000000000     0.0000000000     -0.0000000000     0.0000000000     0.0002278009     0.0024104041
102     0.0000000000     0.0000000000     -0.0000000000     0.0000000000     0.0002495700     0.0024020721
103     0.0000000000     0.0000000000     -0.0000000000     0.0000000000     0.0002472058     0.0024040742
104     0.0000000000     0.0000000000     -0.0000000000     0.0000000000     0.0002485261     0.0023960998
105     0.0000000000     0.0000000000     -0.0000000000     0.0000000000     -0.0003131143     0.0022743078
106     0.0000000000     0.0000000000     -0.0000000000     0.0000000000     -0.0003132727     0.0022726981
107     0.0000000000     0.0000000000     -0.0000000000     0.0000000000     -0.0003141488     0.0022728812
108     0.0000000000     0.0000000000     -0.0000000000     0.0000000000     -0.0003075699     0.0022720020
109     0.0000000000     0.0000000000     -0.0000000000     0.0000000000     -0.0002831111     0.0022652686
110     0.0000000000     0.0000000000     -0.0000000000     0.0000000000     -0.0002510707     0.0022658037
111     0.0000000000     0.0000000000     -0.0000000000     0.0000000000     -0.0002250217     0.0022746653
112     0.0000000000     0.0000000000     -0.0000000000     0.0000000000     -0.0002026776     0.0022857423
113     0.0000000000     0.0000000000     -0.0000000000     0.0000000000     -0.0001734361     0.0022877432
114     0.0000000000     0.0000000000     -0.0000000000     0.0000000000     -0.0001445445     0.0022894448
115     0.0000000000     0.0000000000     -0.0000000000     0.0000000000     -0.0001209958     0.0022917409
116     0.0000000000     0.0000000000     -0.0000000000     0.0000000000     -0.0000959319     0.0022776627
117     0.0000000000     0.0000000000     -0.0000000000     0.0000000000     -0.0000674870     0.0022608048
118     0.0000000000     0.0000000000     -0.0000000000     0.0000000000     -0.0000386080     0.0022515758
119     0.0000000000     0.0000000000     -0.0000000000     0.0000000000     -0.0000084701     0.0022489901
120     0.0000000000     0.0000000000     -0.0000000000     0.0000000000     0.0000227510     0.0022479606
121     0.0000000000     0.0000000000     -0.0000000000     0.0000000000     0.0000554630     0.0022509284
122     0.0000000000     0.0000000000     -0.0000000000     0.0000000000     0.0000832865     0.0022494932
123     0.0000000000     0.0000000000     -0.0000000000     0.0000000000     0.0001107307     0.0022626907
124     0.0000000000     0.0000000000     -0.0000000000     0.0000000000     0.0001402880     0.0022804172
125     0.0000000000     0.0000000000     -0.0000000000     0.0000000000     0.0001652166     0.0022734621
126     0.0000000000     0.0000000000     -0.0000000000     0.0000000000     0.0001896637     0.0022656801
127     0.0000000000     0.0000000000     -0.0000000000     0.0000000000     0.0002175299     0.0022446998
128     0.0000000000     0.0000000000     -0.0000000000     0.0000000000     0.0002373054     0.0022230361
129     0.0000000000     0.0000000000     -0.0000000000     0.0000000000     0.0002350831     0.0022250214
130     0.0000000000     0.0000000000     -0.0000000000     0.0000000000     0.0002379038     0.0022280816
131     0.0000000000     0.0000000000     -0.0000000000     0.0000000000     -0.0003059188     0.0021263060
132     0.0000000000     0.0000000000     -0.0000000000     0.0000000000     -0.0003047386     0.0021221377
133     0.0000000000     0.0000000000     -0.0000000000     0.0000000000     -0.0003059416     0.0021226067
134     0.0000000000     0.0000000000     -0.0000000000     0.0000000000     -0.0002974133     0.0021243048
135     0.0000000000     0.0000000000     -0.0000000000     0.0000000000     -0.0002782112     0.0021316380
136     0.0000000000     0.0000000000     -0.0000000000     0.0000000000     -0.0002560776     0.0021393447
137     0.0000000000     0.0000000000     -0.0000000000     0.0000000000     -0.0002322993     0.0021464224
138     0.0000000000     0.0000000000     -0.0000000000     0.0000000000     -0.0002033944     0.0021557560
139     0.0000000000     0.0000000000     -0.0000000000     0.0000000000     -0.0001710867     0.0021625692
140     0.0000000000     0.0000000000     -0.0000000000     0.0000000000     -0.0001436952     0.0021748511
141     0.0000000000     0.0000000000     -0.0000000000     0.0000000000     -0.0001204380     0.0021804770
142     0.0000000000     0.0000000000     -0.0000000000     0.0000000000     -0.0000935151     0.0021662452
143     0.0000000000     0.0000000000     -0.0000000000     0.0000000000     -0.0000648462     0.0021494300
144     0.0000000000     0.0000000000     -0.0000000000     0.0000000000     -0.0000401165     0.0021422249
145     0.0000000000     0.0000000000     -0.0000000000     0.0000000000     -0.0000089886     0.0021395217
146     0.0000000000     0.0000000000     -0.0000000000     0.0000000000     0.0000234550     0.0021279341
147     0.0000000000     0.0000000000     -0.0000000000     0.0000000000     0.0000562032     0.0021182419
148     0.0000000000     0.0000000000     -0.0000000000     0.0000000000     0.0000830962     0.0021065047
149     0.0000000000     0.0000000000     -0.0000000000     0.0000000000     0.0001060671     0.0021140024
150     0.0000000000     0.0000000000     -0.0000000000     0.0000000000     0.0001329988     0.0021439147
151     0.0000000000     0.0000000000     -0.0000000000     0.0000000000     0.0001608752     0.0021514891
152     0.0000000000     0.0000000000     -0.0000000000     0.0000000000     0.0001891712     0.0021358934
153     0.0000000000     0.0000000000     -0.0000000000     0.0000000000     0.0002164239     0.0021035322
154     0.0000000000     0.0000000000     -0.0000000000     0.0000000000     0.0002350668     0.0020818536
155     0.0000000000     0.0000000000     -0.0000000000     0.0000000000     0.0002330546     0.0020833932
156     0.0000000000     0.0000000000     -0.0000000000     0.0000000000     0.0002356445     0.0020879211
157     0.0000000000     0.0000000000     -0.0000000000     0.0000000000     -0.0003045137     0.0019955085
158     0.0000000000     0.0000000000     -0.0000000000     0.0000000000     -0.0003026582     0.0019910488
159     0.0000000000     0.0000000000     -0.0000000000     0.0000000000     -0.0003041327     0.0019914167
160     0.0000000000     0.0000000000     -0.0000000000     0.0000000000     -0.0002928799     0.0019942992
161     0.0000000000     0.0000000000     -0.0000000000     0.0000000000     -0.0002723802     0.0020166144
162     0.0000000000     0.0000000000     -0.0000000000     0.0000000000     -0.0002513671     0.0020275410
163     0.0000000000     0.0000000000     -0.0000000000     0.0000000000     -0.0002291704     0.0020298664
164     0.0000000000     0.0000000000     -0.0000000000     0.0000000000     -0.0002028260     0.0020308822
165     0.0000000000     0.0000000000     -0.0000000000     0.0000000000     -0.0001741973     0.0020417631
166     0.0000000000     0.0000000000     -0.0000000000     0.0000000000     -0.0001516711     0.0020613821
167     0.0000000000     0.0000000000     -0.0000000000     0.0000000000     -0.0001267453     0.0020600306
168     0.0000000000     0.0000000000     -0.0000000000     0.0000000000     -0.0000952934     0.0020411911
169     0.0000000000     0.0000000000     -0.0000000000     0.0000000000     -0.0000646676     0.0020201066
170     0.0000000000     0.0000000000     -0.0000000000     0.0000000000     -0.0000411472     0.0020207044
171     0.0000000000     0.0000000000     -0.0000000000     0.0000000000     -0.0000109789     0.0020118357
172     0.0000000000     0.0000000000     -0.0000000000     0.0000000000     0.0000216305     0.0019996147
173     0.0000000000     0.0000000000     -0.0000000000     0.0000000000     0.0000552669     0.0019975139
174     0.0000000000     0.0000000000     -0.0000000000     0.0000000000     0.0000861345     0.0019831483
175     0.0000000000     0.0000000000     -0.0000000000     0.0000000000     0.0001065243     0.0019856969
176     0.0000000000     0.0000000000     -0.0000000000     0.0000000000     0.0001307235     0.0020067853
177     0.0000000000     0.0000000000     -0.0000000000     0.0000000000     0.0001633762     0.0020165123
178     0.0000000000     0.0000000000     -0.0000000000     0.0000000000     0.0001943381     0.0019982494
179     0.0000000000     0.0000000000     -0.0000000000     0.0000000000     0.0002241127     0.0019777190
180     0.0000000000     0.0000000000     -0.0000000000     0.0000000000     0.0002463438     0.0019770188
181     0.0000000000     0.0000000000     -0.0000000000     0.0000000000     0.0002444259     0.0019770984
182     0.0000000000     0.0000000000     -0.0000000000     0.0000000000     0.0002441158     0.0019756958
183     0.0000000000     0.0000000000     -0.0000000000     0.0000000000     -0.0003164934     0.0018950217
184     0.0000000000     0.0000000000     -0.0000000000     0.0000000000     -0.0003162972     0.0018928708
185     0.0000000000     0.0000000000     -0.0000000000     0.0000000000     -0.0003174312     0.0018926953
186     0.0000000000     0.0000000000     -0.0000000000     0.0000000000     -0.0003081807     0.0018974536
187     0.0000000000     0.0000000000     -0.0000000000     0.0000000000     -0.0002795837     0.0019193918
188     0.0000000000     0.0000000000     -0.0000000000     0.0000000000     -0.0002512037     0.0019262479
189     0.0000000000     0.0000000000     -0.0000000000     0.0000000000     -0.0002275625     0.0019146873
190     0.0000000000     0.0000000000     -0.0000000000     0.0000000000     -0.0002088001     0.0019120253
191     0.0000000000     0.0000000000     -0.0000000000     0.0000000000     -0.0001822499     0.0019304885
192     0.0000000000     0.0000000000     -0.0000000000     0.0000000000     -0.0001539427     0.0019346051
193     0.0000000000     0.0000000000     -0.0000000000     0.0000000000     -0.0001272106     0.0019038704
194     0.0000000000     0.0000000000     -0.0000000000     0.0000000000     -0.0000953137     0.0018778771
195     0.0000000000     0.0000000000     -0.0000000000     0.0000000000     -0.0000671004     0.0018659469
196     0.0000000000     0.0000000000     -0.0000000000     0.0000000000     -0.0000421490     0.0018828067
197     0.0000000000     0.0000000000     -0.0000000000     0.0000000000     -0.0000133027     0.0018885956
198     0.0000000000     0.0000000000     -0.0000000000     0.0000000000     0.0000165473     0.0018832912
199     0.0000000000     0.0000000000     -0.0000000000     0.0000000000     0.0000468498     0.0018894860
200     0.0000000000     0.0000000000     -0.0000000000     0.0000000000     0.0000795708     0.0018937515
201     0.0000000000     0.0000000000     -0.0000000000     0.0000000000     0.0001061935     0.0018984814
202     0.0000000000     0.0000000000     -0.0000000000     0.0000000000     0.0001329781     0.0018860697
203     0.0000000000     0.0000000000     -0.0000000000     0.0000000000     0.0001641926     0.0018694167
204     0.0000000000     0.0000000000     -0.0000000000     0.0000000000     0.0001941725     0.0018439911
205     0.0000000000     0.0000000000     -0.0000000000     0.0000000000     0.0002237079     0.0018324378
206     0.0000000000     0.0000000000     -0.0000000000     0.0000000000     0.0002444550     0.0018456046
207     0.0000000000     0.0000000000     -0.0000000000     0.0000000000     0.0002426884     0.0018438464
208     0.0000000000     0.0000000000     -0.0000000000     0.0000000000     0.0002419550     0.0018461659
209     0.0000000000     0.0000000000     -0.0000000000     0.0000000000     -0.0003270172     0.0018113137
210     0.0000000000     0.0000000000     -0.0000000000     0.0000000000     -0.0003294707     0.0018141272
211     0.0000000000     0.0000000000     -0.0000000000     0.0000000000     -0.0003301692     0.0018135411
212     0.0000000000     0.0000000000     -0.0000000000     0.0000000000     -0.0003225550     0.0018162946
213     0.0000000000     0.0000000000     -0.0000000000     0.0000000000     -0.0002938932     0.0018262279
214     0.0000000000     0.0000000000     -0.0000000000     0.0000000000     -0.0002637972     0.0018335736
215     0.0000000000     0.0000000000     -0.0000000000     0.0000000000     -0.0002355368     0.0018222999
216     0.0000000000     0.0000000000     -0.0000000000     0.0000000000     -0.0002128741     0.0018148323
217     0.0000000000     0.0000000000     -0.0000000000     0.0000000000     -0.0001824737     0.0018187860
218     0.0000000000     0.0000000000     -0.0000000000     0.0000000000     -0.0001466525     0.0018034152
219     0.0000000000     0.0000000000     -0.0000000000     0.0000000000     -0.0001194145     0.0017664669
220     0.0000000000     0.0000000000     -0.0000000000     0.0000000000     -0.0000901732     0.0017440056
221     0.0000000000     0.0000000000     -0.0000000000     0.0000000000     -0.0000636683     0.0017415770
222     0.0000000000     0.0000000000     -0.0000000000     0.0000000000     -0.0000390636     0.0017379401
223     0.0000000000     0.0000000000     -0.0000000000     0.0000000000     -0.0000096115     0.0017596564
224     0.0000000000     0.0000000000     -0.0000000000     0.0000000000     0.0000183226     0.0017719039
225     0.0000000000     0.0000000000     -0.0000000000     0.0000000000     0.0000450317     0.0017671397
226     0.0000000000     0.0000000000     -0.0000000000     0.0000000000     0.0000714812     0.0017751020
227     0.0000000000     0.0000000000     -0.0000000000     0.0000000000     0.0000999786     0.0017755168
228     0.0000000000     0.0000000000     -0.0000000000     0.0000000000     0.0001313095     0.0017452905
229     0.0000000000     0.0000000000     -0.0000000000     0.0000000000     0.0001612461     0.0017190436
230     0.0000000000     0.0000000000     -0.0000000000     0.0000000000     0.0001867884     0.0017126282
231     0.0000000000     0.0000000000     -0.0000000000     0.0000000000     0.0002108066     0.0017147573
232     0.0000000000     0.0000000000     -0.0000000000     0.0000000000     0.0002258562     0.0017271060
233     0.0000000000     0.0000000000     -0.0000000000     0.0000000000     0.0002239116     0.0017255565
234     0.0000000000     0.0000000000     -0.0000000000     0.0000000000     0.0002258618     0.0017292662
235     0.0000000000     0.0000000000     -0.0000000000     0.0000000000     -0.0003200612     0.0017129542
236     0.0000000000     0.0000000000     -0.0000000000     0.0000000000     -0.0003211433     0.0017193656
237     0.0000000000     0.0000000000     -0.0000000000     0.0000000000     -0.0003220587     0.0017189224
238     0.0000000000     0.0000000000     -0.0000000000     0.0000000000     -0.0003141076     0.0017176096
239     0.0000000000     0.0000000000     -0.0000000000     0.0000000000     -0.0002910329     0.0017129631
240     0.0000000000     0.0000000000     -0.0000000000     0.0000000000     -0.0002645316     0.0017157841
241     0.0000000000     0.0000000000     -0.0000000000     0.0000000000     -0.0002321694     0.0017133964
242     0.0000000000     0.0000000000     -0.0000000000     0.0000000000     -0.0002025976     0.0017079804
243     0.0000000000     0.0000000000     -0.0000000000     0.0000000000     -0.0001738805     0.0017006189
244     0.0000000000     0.0000000000     -0.0000000000     0.0000000000     -0.0001346012     0.0016823030
245     0.0000000000     0.0000000000     -0.0000000000     0.0000000000     -0.0001024918     0.0016618000
246     0.0000000000     0.0000000000     -0.0000000000     0.0000000000     -0.0000777567     0.0016470759
247     0.0000000000     0.0000000000     -0.0000000000     0.0000000000     -0.0000545309     0.0016477359
248     0.0000000000     0.0000000000     -0.0000000000     0.0000000000     -0.0000306795     0.0016354829
249     0.0000000000     0.0000000000     -0.0000000000     0.0000000000     -0.0000003527     0.0016212699
250     0.0000000000     0.0000000000     -0.0000000000     0.0000000000     0.0000300699     0.0016254952
251     0.0000000000     0.0000000000     -0.0000000000     0.0000000000     0.0000545635     0.0016269757
252     0.0000000000     0.0000000000     -0.0000000000     0.0000000000     0.0000757496     0.0016351896
253     0.0000000000     0.0000000000     -0.0000000000     0.0000000000     0.0000983222     0.0016284892
254     0.0000000000     0.0000000000     -0.0000000000     0.0000000000     0.0001315786     0.0016085616
255     0.0000000000     0.0000000000     -0.0000000000     0.0000000000     0.0001613294     0.0016047101
256     0.0000000000     0.0000000000     -0.0000000000     0.0000000000     0.0001796958     0.0016294523
257     0.0000000000     0.0000000000     -0.0000000000     0.0000000000     0.0001983932     0.0016448010
258     0.0000000000     0.0000000000     -0.0000000000     0.0000000000     0.0002127366     0.0016450177
259     0.0000000000     0.0000000000     -0.0000000000     0.0000000000     0.0002104447     0.0016457667
260     0.0000000000     0.0000000000     -0.0000000000     0.0000000000     0.0002150908     0.0016412325
261     0.0000000000     0.0000000000     -0.0000000000     0.0000000000     -0.0003009825     0.0015828782
262     0.0000000000     0.0000000000     -0.0000000000     0.0000000000     -0.0002985831     0.0015878877
263     0.0000000000     0.0000000000     -0.0000000000     0.0000000000     -0.0003001823     0.0015879341
264     0.0000000000     0.0000000000     -0.0000000000     0.0000000000     -0.0002906859     0.0015818996
265     0.0000000000     0.0000000000     -0.0000000000     0.0000000000     -0.0002729869     0.0015657633
266     0.0000000000     0.0000000000     -0.0000000000     0.0000000000     -0.0002510928     0.0015603656
267     0.0000000000     0.0000000000     -0.0000000000     0.0000000000     -0.0002195133     0.0015608903
268     0.0000000000     0.0000000000     -0.0000000000     0.0000000000     -0.0001912193     0.0015635970
269     0.0000000000     0.0000000000     -0.0000000000     0.0000000000     -0.0001651737     0.0015535926
270     0.0000000000     0.0000000000     -0.0000000000     0.0000000000     -0.0001244994     0.0015291439
271     0.0000000000     0.0000000000     -0.0000000000     0.0000000000     -0.0000903853     0.0015316185
272     0.0000000000     0.0000000000     -0.0000000000     0.0000000000     -0.0000701289     0.0015397856
273     0.0000000000     0.0000000000     -0.0000000000     0.0000000000     -0.0000493584     0.0015420193
274     0.0000000000     0.0000000000     -0.0000000000     0.0000000000     -0.0000203829     0.0015308854
275     0.0000000000     0.0000000000     -0.0000000000     0.0000000000     0.0000106729     0.0014979814
276     0.0000000000     0.0000000000     -0.0000000000     0.0000000000     0.0000384707     0.0014922908
277     0.0000000000     0.0000000000     -0.0000000000     0.0000000000     0.0000681980     0.0015050268
278     0.0000000000     0.0000000000     -0.0000000000     0.0000000000     0.0000927734     0.0015115420
279     0.0000000000     0.0000000000     -0.0000000000     0.0000000000     0.0001123752     0.0015001656
280     0.0000000000     0.0000000000     -0.0000000000     0.0000000000     0.0001436914     0.0014939688
281     0.0000000000     0.0000000000     -0.0000000000     0.0000000000     0.0001691363     0.0015110357
282     0.0000000000     0.0000000000     -0.0000000000     0.0000000000     0.0001854692     0.0015361849
283     0.0000000000     0.0000000000     -0.0000000000     0.0000000000     0.0002089054     0.0015345801
284     0.0000000000     0.0000000000     -0.0000000000     0.0000000000     0.0002271675     0.0015218159
285     0.0000000000     0.0000000000     -0.0000000000     0.0000000000     0.0002248429     0.0015236944
286     0.0000000000     0.0000000000     -0.0000000000     0.0000000000     0.0002285371     0.0015203803
287     0.0000000000     0.0000000000     -0.0000000000     0.0000000000     -0.0002883593     0.0014300803
288     0.0000000000     0.0000000000     -0.0000000000     0.0000000000     -0.0002845910     0.0014281878
289     0.0000000000     0.0000000000     -0.0000000000     0.0000000000     -0.0002867607     0.0014282622
290     0.0000000000     0.0000000000     -0.0000000000     0.0000000000     -0.0002737075     0.0014279175
291     0.0000000000     0.0000000000     -0.0000000000     0.0000000000     -0.0002540569     0.0014227563
292     0.0000000000     0.0000000000     -0.0000000000     0.0000000000     -0.0002373464     0.0014117064
293     0.0000000000     0.0000000000     -0.0000000000     0.0000000000     -0.0002133465     0.0014118284
294     0.0000000000     0.0000000000     -0.0000000000     0.0000000000     -0.0001876218     0.0014126229
295     0.0000000000     0.0000000000     -0.0000000000     0.0000000000     -0.0001573083     0.0013891680
296     0.0000000000     0.0000000000     -0.0000000000     0.0000000000     -0.0001230127     0.0013682393
297     0.0000000000     0.0000000000     -0.0000000000     0.0000000000     -0.0000948912     0.0013933565
298     0.0000000000     0.0000000000     -0.0000000000     0.0000000000     -0.0000711048     0.0014299798
299     0.0000000000     0.0000000000     -0.0000000000     0.0000000000     -0.0000465363     0.0014271202
300     0.0000000000     0.0000000000     -0.0000000000     0.0000000000     -0.0000141368     0.0014125019
301     0.0000000000     0.0000000000     -0.0000000000     0.0000000000     0.0000167287     0.0013986399
302     0.0000000000     0.0000000000     -0.0000000000     0.0000000000     0.0000454658     0.0013930440
303     0.0000000000     0.0000000000     -0.0000000000     0.0000000000     0.0000820682     0.0013874196
304     0.0000000000     0.0000000000     -0.0000000000     0.0000000000     0.0001125693     0.0013820405
305     0.0000000000     0.0000000000     -0.0000000000     0.0000000000     0.0001335274     0.0013758230
306     0.0000000000     0.0000000000     -0.0000000000     0.0000000000     0.0001601750     0.0013782517
307     0.0000000000     0.0000000000     -0.0000000000     0.0000000000     0.0001847075     0.0013953240
308     0.0000000000     0.0000000000     -0.0000000000     0.0000000000     0.0002087529     0.0013976777
309     0.0000000000     0.0000000000     -0.0000000000     0.0000000000     0.0002376648     0.0013804651
310     0.0000000000     0.0000000000     -0.0000000000     0.0000000000     0.0002566543     0.0013723782
311     0.0000000000     0.0000000000     -0.0000000000     0.0000000000     0.0002547190     0.0013733954
312     0.0000000000     0.0000000000     -0.0000000000     0.0000000000     0.0002554684     0.0013778271
313     0.0000000000     0.0000000000     -0.0000000000     0.0000000000     -0.0002910793     0.0012888897
314     0.0000000000     0.0000000000     -0.0000000000     0.0000000000     -0.0002886045     0.0012822746
315     0.0000000000     0.0000000000     -0.0000000000     0.0000000000     -0.0002907812     0.0012814813
316     0.0000000000     0.0000000000     -0.0000000000     0.0000000000     -0.0002756791     0.0012957114
317     0.0000000000     0.0000000000     -0.0000000000     0.0000000000     -0.0002445370     0.0013294415
318     0.0000000000     0.0000000000     -0.0000000000     0.0000000000     -0.0002277021     0.0013237431
319     0.0000000000     0.0000000000     -0.0000000000     0.0000000000     -0.0002083258     0.0013074143
320     0.0000000000     0.0000000000     -0.0000000000     0.0000000000     -0.0001815785     0.0012884623
321     0.0000000000     0.0000000000     -0.0000000000     0.0000000000     -0.0001533507     0.0012574664
322     0.0000000000     0.0000000000     -0.0000000000     0.0000000000     -0.0001262825     0.0012485827
323     0.0000000000     0.0000000000     -0.0000000000     0.0000000000     -0.0001020039     0.0012657097
324     0.0000000000     0.0000000000     -0.0000000000     0.0000000000     -0.0000708788     0.0012978708
325     0.0000000000     0.0000000000     -0.0000000000     0.0000000000     -0.0000396389     0.0013050557
326     0.0000000000     0.0000000000     -0.0000000000     0.0000000000     -0.0000096395     0.0012973622
327     0.0000000000     0.0000000000     -0.0000000000     0.0000000000     0.0000224599     0.0012969428
328     0.0000000000     0.0000000000     -0.0000000000     0.0000000000     0.0000579727     0.0012861501
329     0.0000000000     0.0000000000     -0.0000000000     0.0000000000     0.0000943249     0.0012603757
330     0.0000000000     0.0000000000     -0.0000000000     0.0000000000     0.0001225814     0.0012543335
331     0.0000000000     0.0000000000     -0.0000000000     0.0000000000     0.0001448530     0.0012647707
332     0.0000000000     0.0000000000     -0.0000000000     0.0000000000     0.0001716556     0.0012833019
333     0.0000000000     0.0000000000     -0.0000000000     0.0000000000     0.0002040924     0.0012954603
334     0.0000000000     0.0000000000     -0.0000000000     0.0000000000     0.0002347102     0.0012837309
335     0.0000000000     0.0000000000     -0.0000000000     0.0000000000     0.0002632317     0.0012648703
336     0.0000000000     0.0000000000     -0.0000000000     0.0000000000     0.0002824268     0.0012584051
337     0.0000000000     0.0000000000     -0.0000000000     0.0000000000     0.0002809166     0.0012590730
338     0.0000000000     0.0000000000     -0.0000000000     0.0000000000     0.0002788761     0.0012646053
339     0.0000000000     0.0000000000     -0.0000000000     0.0000000000     -0.0003034606     0.0011810521
340     0.0000000000     0.0000000000     -0.0000000000     0.0000000000     -0.0003035505     0.0011776931
341     0.0000000000     0.0000000000     -0.0000000000     0.0000000000     -0.0003052135     0.0011762953
342     0.0000000000     0.0000000000     -0.0000000000     0.0000000000     -0.0002920293     0.0011904701
343     0.0000000000     0.0000000000     -0.0000000000     0.0000000000     -0.0002553541     0.0012281464
344     0.0000000000     0.0000000000     -0.0000000000     0.0000000000     -0.0002288941     0.0012275587
345     0.0000000000     0.0000000000     -0.0000000000     0.0000000000     -0.0002047592     0.0012042386
346     0.0000000000     0.0000000000     -0.0000000000     0.0000000000     -0.0001762124     0.0011882460
347     0.0000000000     0.0000000000     -0.0000000000     0.0000000000     -0.0001518915     0.0011763044
348     0.0000000000     0.0000000000     -0.0000000000     0.0000000000     -0.0001257690     0.0011703520
349     0.0000000000     0.0000000000     -0.0000000000     0.0000000000     -0.0000978135     0.0011608347
350     0.0000000000     0.0000000000     -0.0000000000     0.0000000000     -0.0000651559     0.0011664510
351     0.0000000000     0.0000000000     -0.0000000000     0.0000000000     -0.0000305077     0.0011690364
352     0.0000000000     0.0000000000     -0.0000000000     0.0000000000     -0.0000004666     0.0011575805
353     0.0000000000     0.0000000000     -0.0000000000     0.0000000000     0.0000324930     0.0011632058
354     0.0000000000     0.0000000000     -0.0000000000     0.0000000000     0.0000658536     0.0011613229
355     0.0000000000     0.0000000000     -0.0000000000     0.0000000000     0.0000951612     0.0011495951
356     0.0000000000     0.0000000000     -0.0000000000     0.0000000000     0.0001183232     0.0011621728
357     0.0000000000     0.0000000000     -0.0000000000     0.0000000000     0.0001417537     0.0011831363
358     0.0000000000     0.0000000000     -0.0000000000     0.0000000000     0.0001734468     0.0011986306
359     0.0000000000     0.0000000000     -0.0000000000     0.0000000000     0.0002127717     0.0012026556
360     0.0000000000     0.0000000000     -0.0000000000     0.0000000000     0.0002442652     0.0012031631
361     0.0000000000     0.0000000000     -0.0000000000     0.0000000000     0.0002716813     0.0011939196
362     0.0000000000     0.0000000000     -0.0000000000     0.0000000000     0.0002899282     0.0011860176
363     0.0000000000     0.0000000000     -0.0000000000     0.0000000000     0.0002886670     0.0011873834
364     0.0000000000     0.0000000000     -0.0000000000     0.0000000000     0.0002862450     0.0011858401
365     0.0000000000     0.0000000000     -0.0000000000     0.0000000000     -0.0003086830     0.0010922628
366     0.0000000000     0.0000000000     -0.0000000000     0.0000000000     -0.0003096434     0.0010929953
367     0.0000000000     0.0000000000     -0.0000000000     0.0000000000     -0.0003109207     0.0010920328
368     0.0000000000     0.0000000000     -0.0000000000     0.0000000000     -0.0002993036     0.0010984410
369     0.0000000000     0.0000000000     -0.0000000000     0.0000000000     -0.0002670467     0.0010983085
370     0.0000000000     0.0000000000     -0.0000000000     0.0000000000     -0.0002371834     0.0010879653
371     0.0000000000     0.0000000000     -0.0000000000     0.0000000000     -0.0002083932     0.0010833096
372     0.0000000000     0.0000000000     -0.0000000000     0.0000000000     -0.0001766421     0.0010824688
373     0.0000000000     0.0000000000     -0.0000000000     0.0000000000     -0.0001485603     0.0010795176
374     0.0000000000     0.0000000000     -0.0000000000     0.0000000000     -0.0001185962     0.0010700472
375     0.0000000000     0.0000000000     -0.0000000000     0.0000000000     -0.0000903036     0.0010558783
376     0.0000000000     0.0000000000     -0.0000000000     0.0000000000     -0.0000574587     0.0010434387
377     0.0000000000     0.0000000000     -0.0000000000     0.0000000000     -0.0000195615     0.0010287075
378     0.0000000000     0.0000000000     -0.0000000000     0.0000000000     0.0000082695     0.0010128053
379     0.0000000000     0.0000000000     -0.0000000000     0.0000000000     0.0000332156     0.0010162688
380     0.0000000000     0.0000000000     -0.0000000000     0.0000000000     0.0000595787     0.0010362946
381     0.0000000000     0.0000000000     -0.0000000000     0.0000000000     0.0000867166     0.0010533941
382     0.0000000000     0.0000000000     -0.0000000000     0.0000000000     0.0001096641     0.0010688439
383     0.0000000000     0.0000000000     -0.0000000000     0.0000000000     0.0001338119     0.0010786033
384     0.0000000000     0.0000000000     -0.0000000000     0.0000000000     0.0001683510     0.0010754934
385     0.0000000000     0.0000000000     -0.0000000000     0.0000000000     0.0002066360     0.0010668149
386     0.0000000000     0.0000000000     -0.0000000000     0.0000000000     0.0002379605     0.0010791200
387     0.0000000000     0.0000000000     -0.0000000000     0.0000000000     0.0002643637     0.0010977228
388     0.0000000000     0.0000000000     -0.0000000000     0.0000000000     0.0002790419     0.0011040546
389     0.0000000000     0.0000000000     -0.0000000000     0.0000000000     0.0002779367     0.0011044334
390     0.0000000000     0.0000000000     -0.0000000000     0.0000000000     0.0002764508     0.0011001618
391     0.0000000000     0.0000000000     -14.5863318675     0.0000000000     -0.0003050125     0.0009933502
392     0.0000000000     0.0000000000     -14.5863318675     0.0000000000     -0.0003057917     0.0009916179
393     0.0000000000     0.0000000000     -14.5863318675     0.0000000000     -0.0003069208     0.0009922372
394     0.0000000000     0.0000000000     -14.5863318675     0.0000000000     -0.0002950142     0.0009893290
395     0.0000000000     0.0000000000     -14.5863318675     0.0000000000     -0.0002663581     0.0009728228
396     0.0000000000     0.0000000000     -14.5863318675     0.0000000000     -0.0002390792     0.0009565579
397     0.0000000000     0.0000000000     -14.5863318675     0.0000000000     -0.0002080977     0.0009592992
398     0.0000000000     0.0000000000     -14.5863318675     0.0000000000     -0.0001654389     0.0009661949
399     0.0000000000     0.0000000000     -14.5863318675     0.0000000000     -0.0001324549     0.0009601277
400     0.0000000000     0.0000000000     -14.5863318675     0.0000000000     -0.0001094854     0.0009440510
401     0.0000000000     0.0000000000     -14.5863318675     0.0000000000     -0.0000859949     0.0009309411
402     0.0000000000     0.0000000000     -14.5863318675     0.0000000000     -0.0000559930     0.0009066802
403     0.0000000000     0.0000000000     -14.5863318675     0.0000000000     -0.0000195064     0.0008873475
404     0.0000000000     0.0000000000     -14.5863318675     0.0000000000     0.0000075287     0.0008818228
405     0.0000000000     0.0000000000     -14.5863318675     0.0000000000     0.0000268397     0.0008834635
406     0.0000000000     0.0000000000     -14.5863318675     0.0000000000     0.0000509219     0.0009113953
407     0.0000000000     0.0000000000     -14.5863318675     0.0000000000     0.0000802091     0.0009408896
408     0.0000000000     0.0000000000     -14.5863318675     0.0000000000     0.0001042367     0.0009547332
409     0.0000000000     0.0000000000     -14.5863318675     0.0000000000     0.0001279954     0.0009478332
410     0.0000000000     0.0000000000     -14.5863318675     0.0000000000     0.0001595256     0.0009321095
411     0.0000000000     0.0000000000     -14.5863318675     0.0000000000     0.0001913646     0.0009198351
412     0.0000000000     0.0000000000     -14.5863318675     0.0000000000     0.0002189737     0.0009333295
413     0.0000000000     0.0000000000     -14.5863318675     0.0000000000     0.0002421648     0.0009723298
414     0.0000000000     0.0000000000     -14.5863318675     0.0000000000     0.0002559519     0.0009939932
415     0.0000000000     0.0000000000     -14.5863318675     0.0000000000     0.0002547222     0.0009928603
416     0.0000000000     0.0000000000     -14.5863318675     0.0000000000     0.0002546267     0.0009913132
