1     0.0000000000     0.0000000000     15.7554874980     0.0000000000     -0.0003461610     0.0031357257
2     0.0000000000     0.0000000000     15.7554874980     0.0000000000     -0.0003471502     0.0031392210
3     0.0000000000     0.0000000000     15.7554874980     0.0000000000     -0.0003479744     0.0031392380
4     0.0000000000     0.0000000000     15.7554874980     0.0000000000     -0.0003408779     0.0031363402
5     0.0000000000     0.0000000000     15.7554874980     0.0000000000     -0.0003147352     0.0031234825
6     0.0000000000     0.0000000000     15.7554874980     0.0000000000     -0.0002733691     0.0031133009
7     0.0000000000     0.0000000000     15.7554874980     0.0000000000     -0.0002408306     0.0031138508
8     0.0000000000     0.0000000000     15.7554874980     0.0000000000     -0.0002195547     0.0031281725
9     0.0000000000     0.0000000000     15.7554874980     0.0000000000     -0.0001919492     0.0031382148
10     0.0000000000     0.0000000000     15.7554874980     0.0000000000     -0.0001636364     0.0031404627
11     0.0000000000     0.0000000000     15.7554874980     0.0000000000     -0.0001377889     0.0031471199
12     0.0000000000     0.0000000000     15.7554874980     0.0000000000     -0.0001074606     0.0031653324
13     0.0000000000     0.0000000000     15.7554874980     0.0000000000     -0.0000740095     0.0032025256
14     0.0000000000     0.0000000000     15.7554874980     0.0000000000     -0.0000404842     0.0032323810
15     0.0000000000     0.0000000000     15.7554874980     0.0000000000     -0.0000112683     0.0031987471
16     0.0000000000     0.0000000000     15.7554874980     0.0000000000     0.0000171076     0.0031537100
17     0.0000000000     0.0000000000     15.7554874980     0.0000000000     0.0000469528     0.0031529774
18     0.0000000000     0.0000000000     15.7554874980     0.0000000000     0.0000723704     0.0031605546
19     0.0000000000     0.0000000000     15.7554874980     0.0000000000     0.0001118207     0.0031724575
20     0.0000000000     0.0000000000     15.7554874980     0.0000000000     0.0001520666     0.0031804853
21     0.0000000000     0.0000000000     15.7554874980     0.0000000000     0.0001711265     0.0031617183
22     0.0000000000     0.0000000000     15.7554874980     0.0000000000     0.0001899493     0.0031315696
23     0.0000000000     0.0000000000     15.7554874980     0.0000000000     0.0002282233     0.0030973566
24     0.0000000000     0.0000000000     15.7554874980     0.0000000000     0.0002600061     0.0030668939
25     0.0000000000     0.0000000000     15.7554874980     0.0000000000     0.0002569268     0.0030689665
26     0.0000000000     0.0000000000     15.7554874980     0.0000000000     0.0002555644     0.0030708667
27     0.0000000000     0.0000000000     -0.0000000000     0.0000000000     -0.0003413044     0.0030536348
28     0.0000000000     0.0000000000     -0.0000000000     0.0000000000     -0.0003410168     0.0030620275
29     0.0000000000     0.0000000000     -0.0000000000     0.0000000000     -0.0003421291     0.0030608598
30     0.0000000000     0.0000000000     -0.0000000000     0.0000000000     -0.0003327843     0.0030603366
31     0.0000000000     0.0000000000     -0.0000000000     0.0000000000     -0.0003073849     0.0030404113
32     0.0000000000     0.0000000000     -0.0000000000     0.0000000000     -0.0002723734     0.0030175343
33     0.0000000000     0.0000000000     -0.0000000000     0.0000000000     -0.0002424831     0.0029990863
34     0.0000000000     0.0000000000     -0.0000000000     0.0000000000     -0.0002228223     0.0029889870
35     0.0000000000     0.0000000000     -0.0000000000     0.0000000000     -0.0001990652     0.0029828184
36     0.0000000000     0.0000000000     -0.0000000000     0.0000000000     -0.0001708515     0.0029685267
37     0.0000000000     0.0000000000     -0.0000000000     0.0000000000     -0.0001447930     0.0029725360
38     0.0000000000     0.0000000000     -0.0000000000     0.0000000000     -0.0001183078     0.0029907431
39     0.0000000000     0.0000000000     -0.0000000000     0.0000000000     -0.0000809831     0.0030130053
40     0.0000000000     0.0000000000     -0.0000000000     0.0000000000     -0.0000397575     0.0030469475
41     0.0000000000     0.0000000000     -0.0000000000     0.0000000000     -0.0000136162     0.0030496010
42     0.0000000000     0.0000000000     -0.0000000000     0.0000000000     0.0000117316     0.0030247131
43     0.0000000000     0.0000000000     -0.0000000000     0.0000000000     0.0000481220     0.0030400217
44     0.0000000000     0.0000000000     -0.0000000000     0.0000000000     0.0000757116     0.0030429880
45     0.0000000000     0.0000000000     -0.0000000000     0.0000000000     0.0001066167     0.0030210627
46     0.0000000000     0.0000000000     -0.0000000000     0.0000000000     0.0001481530     0.0030181266
47     0.0000000000     0.0000000000     -0.0000000000     0.0000000000     0.0001739385     0.0030296940
48     0.0000000000     0.0000000000     -0.0000000000     0.0000000000     0.0001981344     0.0030208084
49     0.0000000000     0.0000000000     -0.0000000000     0.0000000000     0.0002417219     0.0029971545
50     0.0000000000     0.0000000000     -0.0000000000     0.0000000000     0.0002748867     0.0029796742
51     0.0000000000     0.0000000000     -0.0000000000     0.0000000000     0.0002718798     0.0029819486
52     0.0000000000     0.0000000000     -0.0000000000     0.0000000000     0.0002694743     0.0029782979
53     0.0000000000     0.0000000000     -0.0000000000     0.0000000000     -0.0003377372     0.0029279704
54     0.0000000000     0.0000000000     -0.0000000000     0.0000000000     -0.0003361602     0.0029353819
55     0.0000000000     0.0000000000     -0.0000000000     0.0000000000     -0.0003373527     0.0029338938
56     0.0000000000     0.0000000000     -0.0000000000     0.0000000000     -0.0003284135     0.0029383628
57     0.0000000000     0.0000000000     -0.0000000000     0.0000000000     -0.0003027758     0.0029275389
58     0.0000000000     0.0000000000     -0.0000000000     0.0000000000     -0.0002676590     0.0028978620
59     0.0000000000     0.0000000000     -0.0000000000     0.0000000000     -0.0002427633     0.0028736948
60     0.0000000000     0.0000000000     -0.0000000000     0.0000000000     -0.0002246306     0.0028622863
61     0.0000000000     0.0000000000     -0.0000000000     0.0000000000     -0.0002006977     0.0028458424
62     0.0000000000     0.0000000000     -0.0000000000     0.0000000000     -0.0001739953     0.0028216836
63     0.0000000000     0.0000000000     -0.0000000000     0.0000000000     -0.0001461341     0.0028268213
64     0.0000000000     0.0000000000     -0.0000000000     0.0000000000     -0.0001196315     0.0028327184
65     0.0000000000     0.0000000000     -0.0000000000     0.0000000000     -0.0000844054     0.0028240625
66     0.0000000000     0.0000000000     -0.0000000000     0.0000000000     -0.0000462273     0.0028243074
67     0.0000000000     0.0000000000     -0.0000000000     0.0000000000     -0.0000215269     0.0028402086
68     0.0000000000     0.0000000000     -0.0000000000     0.0000000000     0.0000063402     0.0028748443
69     0.0000000000     0.0000000000     -0.0000000000     0.0000000000     0.0000459148     0.0028945141
70     0.0000000000     0.0000000000     -0.0000000000     0.0000000000     0.0000758541     0.0028787917
71     0.0000000000     0.0000000000     -0.0000000000     0.0000000000     0.0000996541     0.0028452617
72     0.0000000000     0.0000000000     -0.0000000000     0.0000000000     0.0001351725     0.0028419784
73     0.0000000000     0.0000000000     -0.0000000000     0.0000000000     0.0001677115     0.0028777787
74     0.0000000000     0.0000000000     -0.0000000000     0.0000000000     0.0001958682     0.0028958118
75     0.0000000000     0.0000000000     -0.0000000000     0.0000000000     0.0002340124     0.0028943039
76     0.0000000000     0.0000000000     -0.0000000000     0.0000000000     0.0002616591     0.0028885542
77     0.0000000000     0.0000000000     -0.0000000000     0.0000000000     0.0002587784     0.0028907409
78     0.0000000000     0.0000000000     -0.0000000000     0.0000000000     0.0002592362     0.0028792250
79     0.0000000000     0.0000000000     -0.0000000000     0.0000000000     -0.0003407937     0.0027652179
80     0.0000000000     0.0000000000     -0.0000000000     0.0000000000     -0.0003405160     0.0027687190
81     0.0000000000     0.0000000000     -0.0000000000     0.0000000000     -0.0003414470     0.0027679067
82     0.0000000000     0.0000000000     -0.0000000000     0.0000000000     -0.0003340502     0.0027689403
83     0.0000000000     0.0000000000     -0.0000000000     0.0000000000     -0.0003070123     0.0027586982
84     0.0000000000     0.0000000000     -0.0000000000     0.0000000000     -0.0002673100     0.0027403765
85     0.0000000000     0.0000000000     -0.0000000000     0.0000000000     -0.0002423229     0.0027357548
86     0.0000000000     0.0000000000     -0.0000000000     0.0000000000     -0.0002252082     0.0027399189
87     0.0000000000     0.0000000000     -0.0000000000     0.0000000000     -0.0001980685     0.0027279367
88     0.0000000000     0.0000000000     -0.0000000000     0.0000000000     -0.0001715855     0.0027091643
89     0.0000000000     0.0000000000     -0.0000000000     0.0000000000     -0.0001450174     0.0027128590
90     0.0000000000     0.0000000000     -0.0000000000     0.0000000000     -0.0001171051     0.0027071203
91     0.0000000000     0.0000000000     -0.0000000000     0.0000000000     -0.0000854488     0.0026874178
92     0.0000000000     0.0000000000     -0.0000000000     0.0000000000     -0.0000509211     0.0026701234
93     0.0000000000     0.0000000000     -0.0000000000     0.0000000000     -0.0000223373     0.0026693468
94     0.0000000000     0.0000000000     -0.0000000000     0.0000000000     0.0000078280     0.0027093431
95     0.0000000000     0.0000000000     -0.0000000000     0.0000000000     0.0000452209     0.0027250143
96     0.0000000000     0.0000000000     -0.0000000000     0.0000000000     0.0000754922     0.0027128591
97     0.0000000000     0.0000000000     -0.0000000000     0.0000000000     0.0001015225     0.0027074589
98     0.0000000000     0.0000000000     -0.0000000000     0.0000000000     0.0001314330     0.0027151372
99     0.0000000000     0.0000000000     -0.0000000000     0.0000000000     0.0001628314     0.0027265940
100     0.0000000000     0.0000000000     -0.0000000000     0.0000000000     0.0001907723     0.0027385191
101     0.0000000000     0.0000000000     -0.0000000000     0.0000000000     0.0002240580     0.0027420593
102     0.0000000000     0.0000000000     -0.0000000000     0.0000000000     0.0002472132     0.0027334427
103     0.0000000000     0.0000000000     -0.0000000000     0.0000000000     0.0002445623     0.0027355639
104     0.0000000000     0.0000000000     -0.0000000000     0.0000000000     0.0002462869     0.0027274384
105     0.0000000000     0.0000000000     -0.0000000000     0.0000000000     -0.0003398589     0.0025919030
106     0.0000000000     0.0000000000     -0.0000000000     0.0000000000     -0.0003398770     0.0025901011
107     0.0000000000     0.0000000000     -0.0000000000     0.0000000000     -0.0003407058     0.0025903129
108     0.0000000000     0.0000000000     -0.0000000000     0.0000000000     -0.0003346605     0.0025894727
109     0.0000000000     0.0000000000     -0.0000000000     0.0000000000     -0.0003107517     0.0025808439
110     0.0000000000     0.0000000000     -0.0000000000     0.0000000000     -0.0002773987     0.0025777170
111     0.0000000000     0.0000000000     -0.0000000000     0.0000000000     -0.0002503803     0.0025860356
112     0.0000000000     0.0000000000     -0.0000000000     0.0000000000     -0.0002272439     0.0025976250
113     0.0000000000     0.0000000000     -0.0000000000     0.0000000000     -0.0001958978     0.0026000012
114     0.0000000000     0.0000000000     -0.0000000000     0.0000000000     -0.0001652986     0.0026010273
115     0.0000000000     0.0000000000     -0.0000000000     0.0000000000     -0.0001410025     0.0026014790
116     0.0000000000     0.0000000000     -0.0000000000     0.0000000000     -0.0001145112     0.0025850095
117     0.0000000000     0.0000000000     -0.0000000000     0.0000000000     -0.0000849930     0.0025679718
118     0.0000000000     0.0000000000     -0.0000000000     0.0000000000     -0.0000544902     0.0025597388
119     0.0000000000     0.0000000000     -0.0000000000     0.0000000000     -0.0000220921     0.0025583859
120     0.0000000000     0.0000000000     -0.0000000000     0.0000000000     0.0000100643     0.0025568110
121     0.0000000000     0.0000000000     -0.0000000000     0.0000000000     0.0000439104     0.0025570444
122     0.0000000000     0.0000000000     -0.0000000000     0.0000000000     0.0000723748     0.0025558453
123     0.0000000000     0.0000000000     -0.0000000000     0.0000000000     0.0001006110     0.0025718636
124     0.0000000000     0.0000000000     -0.0000000000     0.0000000000     0.0001321305     0.0025929121
125     0.0000000000     0.0000000000     -0.0000000000     0.0000000000     0.0001582219     0.0025847548
126     0.0000000000     0.0000000000     -0.0000000000     0.0000000000     0.0001832878     0.0025753694
127     0.0000000000     0.0000000000     -0.0000000000     0.0000000000     0.0002126251     0.0025524907
128     0.0000000000     0.0000000000     -0.0000000000     0.0000000000     0.0002332556     0.0025293681
129     0.0000000000     0.0000000000     -0.0000000000     0.0000000000     0.0002308148     0.0025314619
130     0.0000000000     0.0000000000     -0.0000000000     0.0000000000     0.0002340633     0.0025356766
131     0.0000000000     0.0000000000     -0.0000000000     0.0000000000     -0.0003317700     0.0024254034
132     0.0000000000     0.0000000000     -0.0000000000     0.0000000000     -0.0003300414     0.0024201838
133     0.0000000000     0.0000000000     -0.0000000000     0.0000000000     -0.0003312039     0.0024207464
134     0.0000000000     0.0000000000     -0.0000000000     0.0000000000     -0.0003233325     0.0024224507
135     0.0000000000     0.0000000000     -0.0000000000     0.0000000000     -0.0003053324     0.0024290932
136     0.0000000000     0.0000000000     -0.0000000000     0.0000000000     -0.0002827650     0.0024367421
137     0.0000000000     0.0000000000     -0.0000000000     0.0000000000     -0.0002575663     0.0024439666
138     0.0000000000     0.0000000000     -0.0000000000     0.0000000000     -0.0002274799     0.0024513089
139     0.0000000000     0.0000000000     -0.0000000000     0.0000000000     -0.0001934091     0.0024572322
140     0.0000000000     0.0000000000     -0.0000000000     0.0000000000     -0.0001644645     0.0024705990
141     0.0000000000     0.0000000000     -0.0000000000     0.0000000000     -0.0001408380     0.0024748237
142     0.0000000000     0.0000000000     -0.0000000000     0.0000000000     -0.0001126083     0.0024585320
143     0.0000000000     0.0000000000     -0.0000000000     0.0000000000     -0.0000827682     0.0024420009
144     0.0000000000     0.0000000000     -0.0000000000     0.0000000000     -0.0000571022     0.0024348246
145     0.0000000000     0.0000000000     -0.0000000000     0.0000000000     -0.0000240961     0.0024323139
146     0.0000000000     0.0000000000     -0.0000000000     0.0000000000     0.0000095576     0.0024193665
147     0.0000000000     0.0000000000     -0.0000000000     0.0000000000     0.0000440208     0.0024062993
148     0.0000000000     0.0000000000     -0.0000000000     0.0000000000     0.0000719196     0.0023934156
149     0.0000000000     0.0000000000     -0.0000000000     0.0000000000     0.0000951870     0.0024040228
150     0.0000000000     0.0000000000     -0.0000000000     0.0000000000     0.0001240093     0.0024396225
151     0.0000000000     0.0000000000     -0.0000000000     0.0000000000     0.0001535054     0.0024469305
152     0.0000000000     0.0000000000     -0.0000000000     0.0000000000     0.0001830607     0.0024278312
153     0.0000000000     0.0000000000     -0.0000000000     0.0000000000     0.0002112669     0.0023913994
154     0.0000000000     0.0000000000     -0.0000000000     0.0000000000     0.0002302429     0.0023673755
155     0.0000000000     0.0000000000     -0.0000000000     0.0000000000     0.0002281051     0.0023690688
156     0.0000000000     0.0000000000     -0.0000000000     0.0000000000     0.0002310485     0.0023749118
157     0.0000000000     0.0000000000     -0.0000000000     0.0000000000     -0.0003307194     0.0022779946
158     0.0000000000     0.0000000000     -0.0000000000     0.0000000000     -0.0003284029     0.0022720127
159     0.0000000000     0.0000000000     -0.0000000000     0.0000000000     -0.0003299009     0.0022724473
160     0.0000000000     0.0000000000     -0.0000000000     0.0000000000     -0.0003187829     0.0022761062
161     0.0000000000     0.0000000000     -0.0000000000     0.0000000000     -0.0002981520     0.0023004520
162     0.0000000000     0.0000000000     -0.0000000000     0.0000000000     -0.0002764840     0.0023122932
163     0.0000000000     0.0000000000     -0.0000000000     0.0000000000     -0.0002531009     0.0023126922
164     0.0000000000     0.0000000000     -0.0000000000     0.0000000000     -0.0002260798     0.0023105624
165     0.0000000000     0.0000000000     -0.0000000000     0.0000000000     -0.0001967834     0.0023205673
166     0.0000000000     0.0000000000     -0.0000000000     0.0000000000     -0.0001730665     0.0023420778
167     0.0000000000     0.0000000000     -0.0000000000     0.0000000000     -0.0001475568     0.0023381897
168     0.0000000000     0.0000000000     -0.0000000000     0.0000000000     -0.0001149166     0.0023176820
169     0.0000000000     0.0000000000     -0.0000000000     0.0000000000     -0.0000831992     0.0022981770
170     0.0000000000     0.0000000000     -0.0000000000     0.0000000000     -0.0000592808     0.0022976794
171     0.0000000000     0.0000000000     -0.0000000000     0.0000000000     -0.0000275681     0.0022880199
172     0.0000000000     0.0000000000     -0.0000000000     0.0000000000     0.0000066352     0.0022749906
173     0.0000000000     0.0000000000     -0.0000000000     0.0000000000     0.0000419751     0.0022720693
174     0.0000000000     0.0000000000     -0.0000000000     0.0000000000     0.0000744979     0.0022543597
175     0.0000000000     0.0000000000     -0.0000000000     0.0000000000     0.0000953976     0.0022584132
176     0.0000000000     0.0000000000     -0.0000000000     0.0000000000     0.0001208011     0.0022849632
177     0.0000000000     0.0000000000     -0.0000000000     0.0000000000     0.0001554165     0.0022950602
178     0.0000000000     0.0000000000     -0.0000000000     0.0000000000     0.0001885738     0.0022732757
179     0.0000000000     0.0000000000     -0.0000000000     0.0000000000     0.0002195380     0.0022498719
180     0.0000000000     0.0000000000     -0.0000000000     0.0000000000     0.0002422208     0.0022487027
181     0.0000000000     0.0000000000     -0.0000000000     0.0000000000     0.0002402402     0.0022488363
182     0.0000000000     0.0000000000     -0.0000000000     0.0000000000     0.0002397645     0.0022470210
183     0.0000000000     0.0000000000     -0.0000000000     0.0000000000     -0.0003442376     0.0021639860
184     0.0000000000     0.0000000000     -0.0000000000     0.0000000000     -0.0003444144     0.0021610850
185     0.0000000000     0.0000000000     -0.0000000000     0.0000000000     -0.0003455479     0.0021608514
186     0.0000000000     0.0000000000     -0.0000000000     0.0000000000     -0.0003359416     0.0021664104
187     0.0000000000     0.0000000000     -0.0000000000     0.0000000000     -0.0003055946     0.0021905968
188     0.0000000000     0.0000000000     -0.0000000000     0.0000000000     -0.0002756464     0.0021971822
189     0.0000000000     0.0000000000     -0.0000000000     0.0000000000     -0.0002511128     0.0021825356
190     0.0000000000     0.0000000000     -0.0000000000     0.0000000000     -0.0002319248     0.0021780546
191     0.0000000000     0.0000000000     -0.0000000000     0.0000000000     -0.0002047142     0.0021979704
192     0.0000000000     0.0000000000     -0.0000000000     0.0000000000     -0.0001754113     0.0022032186
193     0.0000000000     0.0000000000     -0.0000000000     0.0000000000     -0.0001479678     0.0021685468
194     0.0000000000     0.0000000000     -0.0000000000     0.0000000000     -0.0001147085     0.0021402752
195     0.0000000000     0.0000000000     -0.0000000000     0.0000000000     -0.0000856841     0.0021284264
196     0.0000000000     0.0000000000     -0.0000000000     0.0000000000     -0.0000601973     0.0021446059
197     0.0000000000     0.0000000000     -0.0000000000     0.0000000000     -0.0000303225     0.0021507881
198     0.0000000000     0.0000000000     -0.0000000000     0.0000000000     0.0000006998     0.0021449803
199     0.0000000000     0.0000000000     -0.0000000000     0.0000000000     0.0000324532     0.0021507070
200     0.0000000000     0.0000000000     -0.0000000000     0.0000000000     0.0000670237     0.0021542431
201     0.0000000000     0.0000000000     -0.0000000000     0.0000000000     0.0000950320     0.0021588671
202     0.0000000000     0.0000000000     -0.0000000000     0.0000000000     0.0001225864     0.0021451875
203     0.0000000000     0.0000000000     -0.0000000000     0.0000000000     0.0001551753     0.0021253892
204     0.0000000000     0.0000000000     -0.0000000000     0.0000000000     0.0001872341     0.0020974196
205     0.0000000000     0.0000000000     -0.0000000000     0.0000000000     0.0002181990     0.0020852583
206     0.0000000000     0.0000000000     -0.0000000000     0.0000000000     0.0002395022     0.0020994821
207     0.0000000000     0.0000000000     -0.0000000000     0.0000000000     0.0002376384     0.0020975819
208     0.0000000000     0.0000000000     -0.0000000000     0.0000000000     0.0002367536     0.0020997574
209     0.0000000000     0.0000000000     -0.0000000000     0.0000000000     -0.0003551720     0.0020682643
210     0.0000000000     0.0000000000     -0.0000000000     0.0000000000     -0.0003585759     0.0020723532
211     0.0000000000     0.0000000000     -0.0000000000     0.0000000000     -0.0003592757     0.0020716993
212     0.0000000000     0.0000000000     -0.0000000000     0.0000000000     -0.0003511811     0.0020742104
213     0.0000000000     0.0000000000     -0.0000000000     0.0000000000     -0.0003204412     0.0020842087
214     0.0000000000     0.0000000000     -0.0000000000     0.0000000000     -0.0002887110     0.0020906904
215     0.0000000000     0.0000000000     -0.0000000000     0.0000000000     -0.0002596062     0.0020762940
216     0.0000000000     0.0000000000     -0.0000000000     0.0000000000     -0.0002359736     0.0020681957
217     0.0000000000     0.0000000000     -0.0000000000     0.0000000000     -0.0002043900     0.0020738660
218     0.0000000000     0.0000000000     -0.0000000000     0.0000000000     -0.0001675415     0.0020584194
219     0.0000000000     0.0000000000     -0.0000000000     0.0000000000     -0.0001394451     0.0020174995
220     0.0000000000     0.0000000000     -0.0000000000     0.0000000000     -0.0001087577     0.0019926094
221     0.0000000000     0.0000000000     -0.0000000000     0.0000000000     -0.0000812228     0.0019896774
222     0.0000000000     0.0000000000     -0.0000000000     0.0000000000     -0.0000558668     0.0019857015
223     0.0000000000     0.0000000000     -0.0000000000     0.0000000000     -0.0000255244     0.0020052496
224     0.0000000000     0.0000000000     -0.0000000000     0.0000000000     0.0000030990     0.0020160241
225     0.0000000000     0.0000000000     -0.0000000000     0.0000000000     0.0000306111     0.0020112472
226     0.0000000000     0.0000000000     -0.0000000000     0.0000000000     0.0000584126     0.0020204015
227     0.0000000000     0.0000000000     -0.0000000000     0.0000000000     0.0000879987     0.0020193477
228     0.0000000000     0.0000000000     -0.0000000000     0.0000000000     0.0001200557     0.0019840170
229     0.0000000000     0.0000000000     -0.0000000000     0.0000000000     0.0001508675     0.0019531235
230     0.0000000000     0.0000000000     -0.0000000000     0.0000000000     0.0001775616     0.0019454385
231     0.0000000000     0.0000000000     -0.0000000000     0.0000000000     0.0002027133     0.0019481708
232     0.0000000000     0.0000000000     -0.0000000000     0.0000000000     0.0002184271     0.0019620911
233     0.0000000000     0.0000000000     -0.0000000000     0.0000000000     0.0002163003     0.0019603562
234     0.0000000000     0.0000000000     -0.0000000000     0.0000000000     0.0002187141     0.0019644322
235     0.0000000000     0.0000000000     -0.0000000000     0.0000000000     -0.0003460453     0.0019549570
236     0.0000000000     0.0000000000     -0.0000000000     0.0000000000     -0.0003473063     0.0019633608
237     0.0000000000     0.0000000000     -0.0000000000     0.0000000000     -0.0003482686     0.0019630070
238     0.0000000000     0.0000000000     -0.0000000000     0.0000000000     -0.0003400880     0.0019599363
239     0.0000000000     0.0000000000     -0.0000000000     0.0000000000     -0.0003159274     0.0019523021
240     0.0000000000     0.0000000000     -0.0000000000     0.0000000000     -0.0002884527     0.0019550590
241     0.0000000000     0.0000000000     -0.0000000000     0.0000000000     -0.0002553002     0.0019521982
242     0.0000000000     0.0000000000     -0.0000000000     0.0000000000     -0.0002244618     0.0019469886
243     0.0000000000     0.0000000000     -0.0000000000     0.0000000000     -0.0001944088     0.0019392953
244     0.0000000000     0.0000000000     -0.0000000000     0.0000000000     -0.0001538265     0.0019194361
245     0.0000000000     0.0000000000     -0.0000000000     0.0000000000     -0.0001206937     0.0018970715
246     0.0000000000     0.0000000000     -0.0000000000     0.0000000000     -0.0000948279     0.0018811275
247     0.0000000000     0.0000000000     -0.0000000000     0.0000000000     -0.0000703799     0.0018818700
248     0.0000000000     0.0000000000     -0.0000000000     0.0000000000     -0.0000456884     0.0018678016
249     0.0000000000     0.0000000000     -0.0000000000     0.0000000000     -0.0000145715     0.0018480082
250     0.0000000000     0.0000000000     -0.0000000000     0.0000000000     0.0000164535     0.0018507009
251     0.0000000000     0.0000000000     -0.0000000000     0.0000000000     0.0000414516     0.0018524634
252     0.0000000000     0.0000000000     -0.0000000000     0.0000000000     0.0000634056     0.0018617071
253     0.0000000000     0.0000000000     -0.0000000000     0.0000000000     0.0000862853     0.0018526519
254     0.0000000000     0.0000000000     -0.0000000000     0.0000000000     0.0001203337     0.0018278943
255     0.0000000000     0.0000000000     -0.0000000000     0.0000000000     0.0001508284     0.0018214921
256     0.0000000000     0.0000000000     -0.0000000000     0.0000000000     0.0001695852     0.0018478423
257     0.0000000000     0.0000000000     -0.0000000000     0.0000000000     0.0001891713     0.0018633180
258     0.0000000000     0.0000000000     -0.0000000000     0.0000000000     0.0002043072     0.0018632585
259     0.0000000000     0.0000000000     -0.0000000000     0.0000000000     0.0002017603     0.0018640642
260     0.0000000000     0.0000000000     -0.0000000000     0.0000000000     0.0002072829     0.0018592093
261     0.0000000000     0.0000000000     -0.0000000000     0.0000000000     -0.0003240402     0.0018056736
262     0.0000000000     0.0000000000     -0.0000000000     0.0000000000     -0.0003207540     0.0018112853
263     0.0000000000     0.0000000000     -0.0000000000     0.0000000000     -0.0003225315     0.0018115321
264     0.0000000000     0.0000000000     -0.0000000000     0.0000000000     -0.0003128385     0.0018035360
265     0.0000000000     0.0000000000     -0.0000000000     0.0000000000     -0.0002947555     0.0017835903
266     0.0000000000     0.0000000000     -0.0000000000     0.0000000000     -0.0002725221     0.0017794259
267     0.0000000000     0.0000000000     -0.0000000000     0.0000000000     -0.0002402692     0.0017826346
268     0.0000000000     0.0000000000     -0.0000000000     0.0000000000     -0.0002109506     0.0017854922
269     0.0000000000     0.0000000000     -0.0000000000     0.0000000000     -0.0001837823     0.0017726752
270     0.0000000000     0.0000000000     -0.0000000000     0.0000000000     -0.0001414752     0.0017466281
271     0.0000000000     0.0000000000     -0.0000000000     0.0000000000     -0.0001062854     0.0017503529
272     0.0000000000     0.0000000000     -0.0000000000     0.0000000000     -0.0000853578     0.0017577371
273     0.0000000000     0.0000000000     -0.0000000000     0.0000000000     -0.0000637745     0.0017595999
274     0.0000000000     0.0000000000     -0.0000000000     0.0000000000     -0.0000340832     0.0017467220
275     0.0000000000     0.0000000000     -0.0000000000     0.0000000000     -0.0000021997     0.0017067318
276     0.0000000000     0.0000000000     -0.0000000000     0.0000000000     0.0000267394     0.0016993194
277     0.0000000000     0.0000000000     -0.0000000000     0.0000000000     0.0000575288     0.0017136125
278     0.0000000000     0.0000000000     -0.0000000000     0.0000000000     0.0000827526     0.0017195657
279     0.0000000000     0.0000000000     -0.0000000000     0.0000000000     0.0001026108     0.0017050678
280     0.0000000000     0.0000000000     -0.0000000000     0.0000000000     0.0001352043     0.0016973534
281     0.0000000000     0.0000000000     -0.0000000000     0.0000000000     0.0001615431     0.0017154803
282     0.0000000000     0.0000000000     -0.0000000000     0.0000000000     0.0001784011     0.0017418352
283     0.0000000000     0.0000000000     -0.0000000000     0.0000000000     0.0002029571     0.0017374202
284     0.0000000000     0.0000000000     -0.0000000000     0.0000000000     0.0002217167     0.0017222910
285     0.0000000000     0.0000000000     -0.0000000000     0.0000000000     0.0002192067     0.0017246164
286     0.0000000000     0.0000000000     -0.0000000000     0.0000000000     0.0002234715     0.0017206681
287     0.0000000000     0.0000000000     -0.0000000000     0.0000000000     -0.0003102693     0.0016322286
288     0.0000000000     0.0000000000     -0.0000000000     0.0000000000     -0.0003054362     0.0016293097
289     0.0000000000     0.0000000000     -0.0000000000     0.0000000000     -0.0003079103     0.0016295026
290     0.0000000000     0.0000000000     -0.0000000000     0.0000000000     -0.0002939749     0.0016290113
291     0.0000000000     0.0000000000     -0.0000000000     0.0000000000     -0.0002731923     0.0016230375
292     0.0000000000     0.0000000000     -0.0000000000     0.0000000000     -0.0002564897     0.0016128650
293     0.0000000000     0.0000000000     -0.0000000000     0.0000000000     -0.0002320429     0.0016155235
294     0.0000000000     0.0000000000     -0.0000000000     0.0000000000     -0.0002055375     0.0016150333
295     0.0000000000     0.0000000000     -0.0000000000     0.0000000000     -0.0001741652     0.0015873071
296     0.0000000000     0.0000000000     -0.0000000000     0.0000000000     -0.0001384258     0.0015658831
297     0.0000000000     0.0000000000     -0.0000000000     0.0000000000     -0.0001091394     0.0015933561
298     0.0000000000     0.0000000000     -0.0000000000     0.0000000000     -0.0000848204     0.0016307711
299     0.0000000000     0.0000000000     -0.0000000000     0.0000000000     -0.0000595309     0.0016265297
300     0.0000000000     0.0000000000     -0.0000000000     0.0000000000     -0.0000261712     0.0016104945
301     0.0000000000     0.0000000000     -0.0000000000     0.0000000000     0.0000053311     0.0015933860
302     0.0000000000     0.0000000000     -0.0000000000     0.0000000000     0.0000359796     0.0015850125
303     0.0000000000     0.0000000000     -0.0000000000     0.0000000000     0.0000741274     0.0015786649
304     0.0000000000     0.0000000000     -0.0000000000     0.0000000000     0.0001053438     0.0015722004
305     0.0000000000     0.0000000000     -0.0000000000     0.0000000000     0.0001272727     0.0015634977
306     0.0000000000     0.0000000000     -0.0000000000     0.0000000000     0.0001553971     0.0015655101
307     0.0000000000     0.0000000000     -0.0000000000     0.0000000000     0.0001809011     0.0015846741
308     0.0000000000     0.0000000000     -0.0000000000     0.0000000000     0.0002062261     0.0015866550
309     0.0000000000     0.0000000000     -0.0000000000     0.0000000000     0.0002364439     0.0015639121
310     0.0000000000     0.0000000000     -0.0000000000     0.0000000000     0.0002557593     0.0015519319
311     0.0000000000     0.0000000000     -0.0000000000     0.0000000000     0.0002537348     0.0015534975
312     0.0000000000     0.0000000000     -0.0000000000     0.0000000000     0.0002546129     0.0015583849
313     0.0000000000     0.0000000000     -0.0000000000     0.0000000000     -0.0003140846     0.0014725774
314     0.0000000000     0.0000000000     -0.0000000000     0.0000000000     -0.0003109971     0.0014645111
315     0.0000000000     0.0000000000     -0.0000000000     0.0000000000     -0.0003134734     0.0014635627
316     0.0000000000     0.0000000000     -0.0000000000     0.0000000000     -0.0002970830     0.0014799216
317     0.0000000000     0.0000000000     -0.0000000000     0.0000000000     -0.0002634652     0.0015180721
318     0.0000000000     0.0000000000     -0.0000000000     0.0000000000     -0.0002458816     0.0015119737
319     0.0000000000     0.0000000000     -0.0000000000     0.0000000000     -0.0002262897     0.0014936267
320     0.0000000000     0.0000000000     -0.0000000000     0.0000000000     -0.0001987624     0.0014728113
321     0.0000000000     0.0000000000     -0.0000000000     0.0000000000     -0.0001693905     0.0014382295
322     0.0000000000     0.0000000000     -0.0000000000     0.0000000000     -0.0001409224     0.0014286149
323     0.0000000000     0.0000000000     -0.0000000000     0.0000000000     -0.0001154277     0.0014482443
324     0.0000000000     0.0000000000     -0.0000000000     0.0000000000     -0.0000834992     0.0014816297
325     0.0000000000     0.0000000000     -0.0000000000     0.0000000000     -0.0000512016     0.0014873529
326     0.0000000000     0.0000000000     -0.0000000000     0.0000000000     -0.0000200688     0.0014765846
327     0.0000000000     0.0000000000     -0.0000000000     0.0000000000     0.0000131465     0.0014755726
328     0.0000000000     0.0000000000     -0.0000000000     0.0000000000     0.0000506573     0.0014630718
329     0.0000000000     0.0000000000     -0.0000000000     0.0000000000     0.0000882665     0.0014346945
330     0.0000000000     0.0000000000     -0.0000000000     0.0000000000     0.0001173823     0.0014278870
331     0.0000000000     0.0000000000     -0.0000000000     0.0000000000     0.0001411674     0.0014376032
332     0.0000000000     0.0000000000     -0.0000000000     0.0000000000     0.0001697097     0.0014573908
333     0.0000000000     0.0000000000     -0.0000000000     0.0000000000     0.0002038443     0.0014708624
334     0.0000000000     0.0000000000     -0.0000000000     0.0000000000     0.0002364618     0.0014562479
335     0.0000000000     0.0000000000     -0.0000000000     0.0000000000     0.0002666860     0.0014305023
336     0.0000000000     0.0000000000     -0.0000000000     0.0000000000     0.0002863643     0.0014200131
337     0.0000000000     0.0000000000     -0.0000000000     0.0000000000     0.0002848362     0.0014212622
338     0.0000000000     0.0000000000     -0.0000000000     0.0000000000     0.0002823262     0.0014276244
339     0.0000000000     0.0000000000     -0.0000000000     0.0000000000     -0.0003286671     0.0013492980
340     0.0000000000     0.0000000000     -0.0000000000     0.0000000000     -0.0003288606     0.0013455691
341     0.0000000000     0.0000000000     -0.0000000000     0.0000000000     -0.0003307437     0.0013438462
342     0.0000000000     0.0000000000     -0.0000000000     0.0000000000     -0.0003164407     0.0013605175
343     0.0000000000     0.0000000000     -0.0000000000     0.0000000000     -0.0002764164     0.0014036939
344     0.0000000000     0.0000000000     -0.0000000000     0.0000000000     -0.0002477079     0.0014019953
345     0.0000000000     0.0000000000     -0.0000000000     0.0000000000     -0.0002230503     0.0013739697
346     0.0000000000     0.0000000000     -0.0000000000     0.0000000000     -0.0001937591     0.0013556910
347     0.0000000000     0.0000000000     -0.0000000000     0.0000000000     -0.0001681732     0.0013425643
348     0.0000000000     0.0000000000     -0.0000000000     0.0000000000     -0.0001403434     0.0013362730
349     0.0000000000     0.0000000000     -0.0000000000     0.0000000000     -0.0001108841     0.0013272774
350     0.0000000000     0.0000000000     -0.0000000000     0.0000000000     -0.0000767789     0.0013331364
351     0.0000000000     0.0000000000     -0.0000000000     0.0000000000     -0.0000404315     0.0013347210
352     0.0000000000     0.0000000000     -0.0000000000     0.0000000000     -0.0000096432     0.0013185750
353     0.0000000000     0.0000000000     -0.0000000000     0.0000000000     0.0000244218     0.0013240806
354     0.0000000000     0.0000000000     -0.0000000000     0.0000000000     0.0000595449     0.0013225020
355     0.0000000000     0.0000000000     -0.0000000000     0.0000000000     0.0000900029     0.0013078352
356     0.0000000000     0.0000000000     -0.0000000000     0.0000000000     0.0001141774     0.0013193529
357     0.0000000000     0.0000000000     -0.0000000000     0.0000000000     0.0001393520     0.0013409814
358     0.0000000000     0.0000000000     -0.0000000000     0.0000000000     0.0001734523     0.0013587025
359     0.0000000000     0.0000000000     -0.0000000000     0.0000000000     0.0002153156     0.0013616099
360     0.0000000000     0.0000000000     -0.0000000000     0.0000000000     0.0002488786     0.0013578340
361     0.0000000000     0.0000000000     -0.0000000000     0.0000000000     0.0002781318     0.0013444153
362     0.0000000000     0.0000000000     -0.0000000000     0.0000000000     0.0002970526     0.0013342831
363     0.0000000000     0.0000000000     -0.0000000000     0.0000000000     0.0002957953     0.0013360774
364     0.0000000000     0.0000000000     -0.0000000000     0.0000000000     0.0002925474     0.0013339083
365     0.0000000000     0.0000000000     -0.0000000000     0.0000000000     -0.0003354141     0.0012450644
366     0.0000000000     0.0000000000     -0.0000000000     0.0000000000     -0.0003368467     0.0012463535
367     0.0000000000     0.0000000000     -0.0000000000     0.0000000000     -0.0003382394     0.0012452252
368     0.0000000000     0.0000000000     -0.0000000000     0.0000000000     -0.0003257499     0.0012522837
369     0.0000000000     0.0000000000     -0.0000000000     0.0000000000     -0.0002900581     0.0012538715
370     0.0000000000     0.0000000000     -0.0000000000     0.0000000000     -0.0002570385     0.0012422561
371     0.0000000000     0.0000000000     -0.0000000000     0.0000000000     -0.0002269813     0.0012337957
372     0.0000000000     0.0000000000     -0.0000000000     0.0000000000     -0.0001940957     0.0012311707
373     0.0000000000     0.0000000000     -0.0000000000     0.0000000000     -0.0001644003     0.0012294846
374     0.0000000000     0.0000000000     -0.0000000000     0.0000000000     -0.0001326703     0.0012205824
375     0.0000000000     0.0000000000     -0.0000000000     0.0000000000     -0.0001028668     0.0012045113
376     0.0000000000     0.0000000000     -0.0000000000     0.0000000000     -0.0000681121     0.0011908438
377     0.0000000000     0.0000000000     -0.0000000000     0.0000000000     -0.0000277694     0.0011756888
378     0.0000000000     0.0000000000     -0.0000000000     0.0000000000     0.0000000120     0.0011551539
379     0.0000000000     0.0000000000     -0.0000000000     0.0000000000     0.0000254489     0.0011581177
380     0.0000000000     0.0000000000     -0.0000000000     0.0000000000     0.0000534174     0.0011798219
381     0.0000000000     0.0000000000     -0.0000000000     0.0000000000     0.0000822458     0.0011963415
382     0.0000000000     0.0000000000     -0.0000000000     0.0000000000     0.0001063853     0.0012104015
383     0.0000000000     0.0000000000     -0.0000000000     0.0000000000     0.0001322105     0.0012185958
384     0.0000000000     0.0000000000     -0.0000000000     0.0000000000     0.0001693924     0.0012151950
385     0.0000000000     0.0000000000     -0.0000000000     0.0000000000     0.0002101300     0.0012035418
386     0.0000000000     0.0000000000     -0.0000000000     0.0000000000     0.0002430725     0.0012124217
387     0.0000000000     0.0000000000     -0.0000000000     0.0000000000     0.0002709698     0.0012305477
388     0.0000000000     0.0000000000     -0.0000000000     0.0000000000     0.0002862159     0.0012368532
389     0.0000000000     0.0000000000     -0.0000000000     0.0000000000     0.0002850841     0.0012374465
390     0.0000000000     0.0000000000     -0.0000000000     0.0000000000     0.0002830743     0.0012319302
391     0.0000000000     0.0000000000     -15.7554874980     0.0000000000     -0.0003318199     0.0011285222
392     0.0000000000     0.0000000000     -15.7554874980     0.0000000000     -0.0003331775     0.0011256752
393     0.0000000000     0.0000000000     -15.7554874980     0.0000000000     -0.0003343933     0.0011265731
394     0.0000000000     0.0000000000     -15.7554874980     0.0000000000     -0.0003215333     0.0011230994
395     0.0000000000     0.0000000000     -15.7554874980     0.0000000000     -0.0002896826     0.0011042115
396     0.0000000000     0.0000000000     -15.7554874980     0.0000000000     -0.0002596803     0.0010859651
397     0.0000000000     0.0000000000     -15.7554874980     0.0000000000     -0.0002266498     0.0010874745
398     0.0000000000     0.0000000000     -15.7554874980     0.0000000000     -0.0001811414     0.0010955513
399     0.0000000000     0.0000000000     -15.7554874980     0.0000000000     -0.0001459243     0.0010927216
400     0.0000000000     0.0000000000     -15.7554874980     0.0000000000     -0.0001220621     0.0010754171
401     0.0000000000     0.0000000000     -15.7554874980     0.0000000000     -0.0000974339     0.0010593386
402     0.0000000000     0.0000000000     -15.7554874980     0.0000000000     -0.0000659195     0.0010324078
403     0.0000000000     0.0000000000     -15.7554874980     0.0000000000     -0.0000271856     0.0010112127
404     0.0000000000     0.0000000000     -15.7554874980     0.0000000000     0.0000004007     0.0010040360
405     0.0000000000     0.0000000000     -15.7554874980     0.0000000000     0.0000202486     0.0010042625
406     0.0000000000     0.0000000000     -15.7554874980     0.0000000000     0.0000460978     0.0010329639
407     0.0000000000     0.0000000000     -15.7554874980     0.0000000000     0.0000771021     0.0010657943
408     0.0000000000     0.0000000000     -15.7554874980     0.0000000000     0.0001022387     0.0010804798
409     0.0000000000     0.0000000000     -15.7554874980     0.0000000000     0.0001272858     0.0010681923
410     0.0000000000     0.0000000000     -15.7554874980     0.0000000000     0.0001604501     0.0010476927
411     0.0000000000     0.0000000000     -15.7554874980     0.0000000000     0.0001936450     0.0010316639
412     0.0000000000     0.0000000000     -15.7554874980     0.0000000000     0.0002227220     0.0010440818
413     0.0000000000     0.0000000000     -15.7554874980     0.0000000000     0.0002471064     0.0010846198
414     0.0000000000     0.0000000000     -15.7554874980     0.0000000000     0.0002613409     0.0011068717
415     0.0000000000     0.0000000000     -15.7554874980     0.0000000000     0.0002600327     0.0011057732
416     0.0000000000     0.0000000000     -15.7554874980     0.0000000000     0.0002599407     0.0011035030
