1     0.0000000000     0.0000000000     18.3732069791     0.0000000000     -0.0003934205     0.0039005277
2     0.0000000000     0.0000000000     18.3732069791     0.0000000000     -0.0003953980     0.0039070305
3     0.0000000000     0.0000000000     18.3732069791     0.0000000000     -0.0003961950     0.0039073699
4     0.0000000000     0.0000000000     18.3732069791     0.0000000000     -0.0003887538     0.0039016304
5     0.0000000000     0.0000000000     18.3732069791     0.0000000000     -0.0003581827     0.0038791520
6     0.0000000000     0.0000000000     18.3732069791     0.0000000000     -0.0003082255     0.0038658582
7     0.0000000000     0.0000000000     18.3732069791     0.0000000000     -0.0002708701     0.0038667487
8     0.0000000000     0.0000000000     18.3732069791     0.0000000000     -0.0002486483     0.0038804499
9     0.0000000000     0.0000000000     18.3732069791     0.0000000000     -0.0002184984     0.0038906090
10     0.0000000000     0.0000000000     18.3732069791     0.0000000000     -0.0001876990     0.0038977612
11     0.0000000000     0.0000000000     18.3732069791     0.0000000000     -0.0001616405     0.0039094566
12     0.0000000000     0.0000000000     18.3732069791     0.0000000000     -0.0001313278     0.0039300419
13     0.0000000000     0.0000000000     18.3732069791     0.0000000000     -0.0000952343     0.0039704566
14     0.0000000000     0.0000000000     18.3732069791     0.0000000000     -0.0000562712     0.0039972926
15     0.0000000000     0.0000000000     18.3732069791     0.0000000000     -0.0000228735     0.0039559648
16     0.0000000000     0.0000000000     18.3732069791     0.0000000000     0.0000091158     0.0039039352
17     0.0000000000     0.0000000000     18.3732069791     0.0000000000     0.0000434203     0.0039049839
18     0.0000000000     0.0000000000     18.3732069791     0.0000000000     0.0000704509     0.0039169478
19     0.0000000000     0.0000000000     18.3732069791     0.0000000000     0.0001126481     0.0039373378
20     0.0000000000     0.0000000000     18.3732069791     0.0000000000     0.0001569146     0.0039542604
21     0.0000000000     0.0000000000     18.3732069791     0.0000000000     0.0001778967     0.0039389795
22     0.0000000000     0.0000000000     18.3732069791     0.0000000000     0.0001980357     0.0039091149
23     0.0000000000     0.0000000000     18.3732069791     0.0000000000     0.0002409527     0.0038709907
24     0.0000000000     0.0000000000     18.3732069791     0.0000000000     0.0002759942     0.0038375112
25     0.0000000000     0.0000000000     18.3732069791     0.0000000000     0.0002724292     0.0038401045
26     0.0000000000     0.0000000000     18.3732069791     0.0000000000     0.0002708224     0.0038422667
27     0.0000000000     0.0000000000     -0.0000000000     0.0000000000     -0.0003847064     0.0037897817
28     0.0000000000     0.0000000000     -0.0000000000     0.0000000000     -0.0003846243     0.0038018157
29     0.0000000000     0.0000000000     -0.0000000000     0.0000000000     -0.0003857532     0.0038010063
30     0.0000000000     0.0000000000     -0.0000000000     0.0000000000     -0.0003761705     0.0037964663
31     0.0000000000     0.0000000000     -0.0000000000     0.0000000000     -0.0003473387     0.0037646315
32     0.0000000000     0.0000000000     -0.0000000000     0.0000000000     -0.0003055775     0.0037355367
33     0.0000000000     0.0000000000     -0.0000000000     0.0000000000     -0.0002727717     0.0037144351
34     0.0000000000     0.0000000000     -0.0000000000     0.0000000000     -0.0002537696     0.0037044502
35     0.0000000000     0.0000000000     -0.0000000000     0.0000000000     -0.0002284491     0.0036954883
36     0.0000000000     0.0000000000     -0.0000000000     0.0000000000     -0.0001968682     0.0036806104
37     0.0000000000     0.0000000000     -0.0000000000     0.0000000000     -0.0001699226     0.0036877197
38     0.0000000000     0.0000000000     -0.0000000000     0.0000000000     -0.0001429061     0.0037092178
39     0.0000000000     0.0000000000     -0.0000000000     0.0000000000     -0.0001027405     0.0037362623
40     0.0000000000     0.0000000000     -0.0000000000     0.0000000000     -0.0000562587     0.0037664197
41     0.0000000000     0.0000000000     -0.0000000000     0.0000000000     -0.0000270771     0.0037599040
42     0.0000000000     0.0000000000     -0.0000000000     0.0000000000     0.0000005527     0.0037356054
43     0.0000000000     0.0000000000     -0.0000000000     0.0000000000     0.0000424503     0.0037584404
44     0.0000000000     0.0000000000     -0.0000000000     0.0000000000     0.0000717920     0.0037653390
45     0.0000000000     0.0000000000     -0.0000000000     0.0000000000     0.0001039515     0.0037468919
46     0.0000000000     0.0000000000     -0.0000000000     0.0000000000     0.0001486625     0.0037499851
47     0.0000000000     0.0000000000     -0.0000000000     0.0000000000     0.0001759740     0.0037692058
48     0.0000000000     0.0000000000     -0.0000000000     0.0000000000     0.0002018527     0.0037639335
49     0.0000000000     0.0000000000     -0.0000000000     0.0000000000     0.0002517433     0.0037385171
50     0.0000000000     0.0000000000     -0.0000000000     0.0000000000     0.0002888588     0.0037191091
51     0.0000000000     0.0000000000     -0.0000000000     0.0000000000     0.0002853139     0.0037222052
52     0.0000000000     0.0000000000     -0.0000000000     0.0000000000     0.0002824522     0.0037162933
53     0.0000000000     0.0000000000     -0.0000000000     0.0000000000     -0.0003772047     0.0036308858
54     0.0000000000     0.0000000000     -0.0000000000     0.0000000000     -0.0003755503     0.0036421663
55     0.0000000000     0.0000000000     -0.0000000000     0.0000000000     -0.0003767306     0.0036410196
56     0.0000000000     0.0000000000     -0.0000000000     0.0000000000     -0.0003678471     0.0036416601
57     0.0000000000     0.0000000000     -0.0000000000     0.0000000000     -0.0003405734     0.0036188578
58     0.0000000000     0.0000000000     -0.0000000000     0.0000000000     -0.0003009382     0.0035789014
59     0.0000000000     0.0000000000     -0.0000000000     0.0000000000     -0.0002745772     0.0035509689
60     0.0000000000     0.0000000000     -0.0000000000     0.0000000000     -0.0002573504     0.0035413674
61     0.0000000000     0.0000000000     -0.0000000000     0.0000000000     -0.0002323463     0.0035220330
62     0.0000000000     0.0000000000     -0.0000000000     0.0000000000     -0.0002023703     0.0034941905
63     0.0000000000     0.0000000000     -0.0000000000     0.0000000000     -0.0001721882     0.0034989458
64     0.0000000000     0.0000000000     -0.0000000000     0.0000000000     -0.0001437138     0.0035056112
65     0.0000000000     0.0000000000     -0.0000000000     0.0000000000     -0.0001060196     0.0035018562
66     0.0000000000     0.0000000000     -0.0000000000     0.0000000000     -0.0000635647     0.0035039160
67     0.0000000000     0.0000000000     -0.0000000000     0.0000000000     -0.0000360599     0.0035144459
68     0.0000000000     0.0000000000     -0.0000000000     0.0000000000     -0.0000066546     0.0035491862
69     0.0000000000     0.0000000000     -0.0000000000     0.0000000000     0.0000376709     0.0035768844
70     0.0000000000     0.0000000000     -0.0000000000     0.0000000000     0.0000695588     0.0035657645
71     0.0000000000     0.0000000000     -0.0000000000     0.0000000000     0.0000941224     0.0035332064
72     0.0000000000     0.0000000000     -0.0000000000     0.0000000000     0.0001326212     0.0035333043
73     0.0000000000     0.0000000000     -0.0000000000     0.0000000000     0.0001669702     0.0035753732
74     0.0000000000     0.0000000000     -0.0000000000     0.0000000000     0.0001962144     0.0035975356
75     0.0000000000     0.0000000000     -0.0000000000     0.0000000000     0.0002396328     0.0035974721
76     0.0000000000     0.0000000000     -0.0000000000     0.0000000000     0.0002706048     0.0035899070
77     0.0000000000     0.0000000000     -0.0000000000     0.0000000000     0.0002671590     0.0035928889
78     0.0000000000     0.0000000000     -0.0000000000     0.0000000000     0.0002677684     0.0035786661
79     0.0000000000     0.0000000000     -0.0000000000     0.0000000000     -0.0003767391     0.0034313221
80     0.0000000000     0.0000000000     -0.0000000000     0.0000000000     -0.0003760946     0.0034379776
81     0.0000000000     0.0000000000     -0.0000000000     0.0000000000     -0.0003769640     0.0034372666
82     0.0000000000     0.0000000000     -0.0000000000     0.0000000000     -0.0003701790     0.0034365444
83     0.0000000000     0.0000000000     -0.0000000000     0.0000000000     -0.0003437029     0.0034175578
84     0.0000000000     0.0000000000     -0.0000000000     0.0000000000     -0.0003013998     0.0033878368
85     0.0000000000     0.0000000000     -0.0000000000     0.0000000000     -0.0002756934     0.0033796628
86     0.0000000000     0.0000000000     -0.0000000000     0.0000000000     -0.0002587339     0.0033867379
87     0.0000000000     0.0000000000     -0.0000000000     0.0000000000     -0.0002301472     0.0033731967
88     0.0000000000     0.0000000000     -0.0000000000     0.0000000000     -0.0002012786     0.0033493729
89     0.0000000000     0.0000000000     -0.0000000000     0.0000000000     -0.0001719669     0.0033490086
90     0.0000000000     0.0000000000     -0.0000000000     0.0000000000     -0.0001406923     0.0033402513
91     0.0000000000     0.0000000000     -0.0000000000     0.0000000000     -0.0001070650     0.0033219037
92     0.0000000000     0.0000000000     -0.0000000000     0.0000000000     -0.0000691187     0.0033095914
93     0.0000000000     0.0000000000     -0.0000000000     0.0000000000     -0.0000370504     0.0033112088
94     0.0000000000     0.0000000000     -0.0000000000     0.0000000000     -0.0000053387     0.0033513940
95     0.0000000000     0.0000000000     -0.0000000000     0.0000000000     0.0000354459     0.0033696611
96     0.0000000000     0.0000000000     -0.0000000000     0.0000000000     0.0000672119     0.0033601555
97     0.0000000000     0.0000000000     -0.0000000000     0.0000000000     0.0000940556     0.0033557740
98     0.0000000000     0.0000000000     -0.0000000000     0.0000000000     0.0001275176     0.0033676251
99     0.0000000000     0.0000000000     -0.0000000000     0.0000000000     0.0001606048     0.0033818890
100     0.0000000000     0.0000000000     -0.0000000000     0.0000000000     0.0001885720     0.0033960549
101     0.0000000000     0.0000000000     -0.0000000000     0.0000000000     0.0002253771     0.0034009673
102     0.0000000000     0.0000000000     -0.0000000000     0.0000000000     0.0002509512     0.0033896106
103     0.0000000000     0.0000000000     -0.0000000000     0.0000000000     0.0002478091     0.0033923677
104     0.0000000000     0.0000000000     -0.0000000000     0.0000000000     0.0002501624     0.0033836503
105     0.0000000000     0.0000000000     -0.0000000000     0.0000000000     -0.0003727020     0.0032176693
106     0.0000000000     0.0000000000     -0.0000000000     0.0000000000     -0.0003714813     0.0032160538
107     0.0000000000     0.0000000000     -0.0000000000     0.0000000000     -0.0003722445     0.0032163233
108     0.0000000000     0.0000000000     -0.0000000000     0.0000000000     -0.0003673201     0.0032154646
109     0.0000000000     0.0000000000     -0.0000000000     0.0000000000     -0.0003462613     0.0032041346
110     0.0000000000     0.0000000000     -0.0000000000     0.0000000000     -0.0003123801     0.0031945515
111     0.0000000000     0.0000000000     -0.0000000000     0.0000000000     -0.0002847870     0.0032016460
112     0.0000000000     0.0000000000     -0.0000000000     0.0000000000     -0.0002608497     0.0032134784
113     0.0000000000     0.0000000000     -0.0000000000     0.0000000000     -0.0002269412     0.0032136855
114     0.0000000000     0.0000000000     -0.0000000000     0.0000000000     -0.0001939450     0.0032107793
115     0.0000000000     0.0000000000     -0.0000000000     0.0000000000     -0.0001685456     0.0032077796
116     0.0000000000     0.0000000000     -0.0000000000     0.0000000000     -0.0001388430     0.0031877863
117     0.0000000000     0.0000000000     -0.0000000000     0.0000000000     -0.0001072439     0.0031707596
118     0.0000000000     0.0000000000     -0.0000000000     0.0000000000     -0.0000738308     0.0031658793
119     0.0000000000     0.0000000000     -0.0000000000     0.0000000000     -0.0000375659     0.0031671745
120     0.0000000000     0.0000000000     -0.0000000000     0.0000000000     -0.0000035762     0.0031657646
121     0.0000000000     0.0000000000     -0.0000000000     0.0000000000     0.0000327442     0.0031625704
122     0.0000000000     0.0000000000     -0.0000000000     0.0000000000     0.0000625261     0.0031597731
123     0.0000000000     0.0000000000     -0.0000000000     0.0000000000     0.0000917258     0.0031803216
124     0.0000000000     0.0000000000     -0.0000000000     0.0000000000     0.0001268313     0.0032097418
125     0.0000000000     0.0000000000     -0.0000000000     0.0000000000     0.0001539660     0.0032002613
126     0.0000000000     0.0000000000     -0.0000000000     0.0000000000     0.0001789701     0.0031901620
127     0.0000000000     0.0000000000     -0.0000000000     0.0000000000     0.0002109621     0.0031675186
128     0.0000000000     0.0000000000     -0.0000000000     0.0000000000     0.0002334795     0.0031420329
129     0.0000000000     0.0000000000     -0.0000000000     0.0000000000     0.0002306688     0.0031445411
130     0.0000000000     0.0000000000     -0.0000000000     0.0000000000     0.0002345348     0.0031494649
131     0.0000000000     0.0000000000     -0.0000000000     0.0000000000     -0.0003630544     0.0030103922
132     0.0000000000     0.0000000000     -0.0000000000     0.0000000000     -0.0003593360     0.0030025825
133     0.0000000000     0.0000000000     -0.0000000000     0.0000000000     -0.0003604494     0.0030030674
134     0.0000000000     0.0000000000     -0.0000000000     0.0000000000     -0.0003539430     0.0030060253
135     0.0000000000     0.0000000000     -0.0000000000     0.0000000000     -0.0003396309     0.0030153688
136     0.0000000000     0.0000000000     -0.0000000000     0.0000000000     -0.0003180862     0.0030229816
137     0.0000000000     0.0000000000     -0.0000000000     0.0000000000     -0.0002921052     0.0030291375
138     0.0000000000     0.0000000000     -0.0000000000     0.0000000000     -0.0002606654     0.0030321697
139     0.0000000000     0.0000000000     -0.0000000000     0.0000000000     -0.0002241418     0.0030346952
140     0.0000000000     0.0000000000     -0.0000000000     0.0000000000     -0.0001928667     0.0030477400
141     0.0000000000     0.0000000000     -0.0000000000     0.0000000000     -0.0001691047     0.0030502966
142     0.0000000000     0.0000000000     -0.0000000000     0.0000000000     -0.0001383462     0.0030316078
143     0.0000000000     0.0000000000     -0.0000000000     0.0000000000     -0.0001060345     0.0030164027
144     0.0000000000     0.0000000000     -0.0000000000     0.0000000000     -0.0000789499     0.0030097712
145     0.0000000000     0.0000000000     -0.0000000000     0.0000000000     -0.0000428018     0.0030063870
146     0.0000000000     0.0000000000     -0.0000000000     0.0000000000     -0.0000065901     0.0029914528
147     0.0000000000     0.0000000000     -0.0000000000     0.0000000000     0.0000305791     0.0029739573
148     0.0000000000     0.0000000000     -0.0000000000     0.0000000000     0.0000608448     0.0029584898
149     0.0000000000     0.0000000000     -0.0000000000     0.0000000000     0.0000849254     0.0029754125
150     0.0000000000     0.0000000000     -0.0000000000     0.0000000000     0.0001159272     0.0030209258
151     0.0000000000     0.0000000000     -0.0000000000     0.0000000000     0.0001471123     0.0030272958
152     0.0000000000     0.0000000000     -0.0000000000     0.0000000000     0.0001786523     0.0030053103
153     0.0000000000     0.0000000000     -0.0000000000     0.0000000000     0.0002087002     0.0029657553
154     0.0000000000     0.0000000000     -0.0000000000     0.0000000000     0.0002282783     0.0029386852
155     0.0000000000     0.0000000000     -0.0000000000     0.0000000000     0.0002259940     0.0029407088
156     0.0000000000     0.0000000000     -0.0000000000     0.0000000000     0.0002292410     0.0029478410
157     0.0000000000     0.0000000000     -0.0000000000     0.0000000000     -0.0003637071     0.0028256395
158     0.0000000000     0.0000000000     -0.0000000000     0.0000000000     -0.0003598811     0.0028158904
159     0.0000000000     0.0000000000     -0.0000000000     0.0000000000     -0.0003613674     0.0028161801
160     0.0000000000     0.0000000000     -0.0000000000     0.0000000000     -0.0003511573     0.0028225992
161     0.0000000000     0.0000000000     -0.0000000000     0.0000000000     -0.0003325384     0.0028552254
162     0.0000000000     0.0000000000     -0.0000000000     0.0000000000     -0.0003111902     0.0028697578
163     0.0000000000     0.0000000000     -0.0000000000     0.0000000000     -0.0002869822     0.0028660960
164     0.0000000000     0.0000000000     -0.0000000000     0.0000000000     -0.0002587422     0.0028581355
165     0.0000000000     0.0000000000     -0.0000000000     0.0000000000     -0.0002283105     0.0028662344
166     0.0000000000     0.0000000000     -0.0000000000     0.0000000000     -0.0002030641     0.0028896448
167     0.0000000000     0.0000000000     -0.0000000000     0.0000000000     -0.0001771058     0.0028822125
168     0.0000000000     0.0000000000     -0.0000000000     0.0000000000     -0.0001421857     0.0028583619
169     0.0000000000     0.0000000000     -0.0000000000     0.0000000000     -0.0001080179     0.0028409809
170     0.0000000000     0.0000000000     -0.0000000000     0.0000000000     -0.0000836580     0.0028399389
171     0.0000000000     0.0000000000     -0.0000000000     0.0000000000     -0.0000494216     0.0028283142
172     0.0000000000     0.0000000000     -0.0000000000     0.0000000000     -0.0000125778     0.0028127753
173     0.0000000000     0.0000000000     -0.0000000000     0.0000000000     0.0000255568     0.0028077415
174     0.0000000000     0.0000000000     -0.0000000000     0.0000000000     0.0000618732     0.0027875256
175     0.0000000000     0.0000000000     -0.0000000000     0.0000000000     0.0000840443     0.0027970656
176     0.0000000000     0.0000000000     -0.0000000000     0.0000000000     0.0001102162     0.0028318138
177     0.0000000000     0.0000000000     -0.0000000000     0.0000000000     0.0001470410     0.0028398971
178     0.0000000000     0.0000000000     -0.0000000000     0.0000000000     0.0001841402     0.0028142928
179     0.0000000000     0.0000000000     -0.0000000000     0.0000000000     0.0002165797     0.0027868592
180     0.0000000000     0.0000000000     -0.0000000000     0.0000000000     0.0002388117     0.0027839288
181     0.0000000000     0.0000000000     -0.0000000000     0.0000000000     0.0002368577     0.0027841160
182     0.0000000000     0.0000000000     -0.0000000000     0.0000000000     0.0002361445     0.0027826867
183     0.0000000000     0.0000000000     -0.0000000000     0.0000000000     -0.0003818564     0.0026795199
184     0.0000000000     0.0000000000     -0.0000000000     0.0000000000     -0.0003827746     0.0026745289
185     0.0000000000     0.0000000000     -0.0000000000     0.0000000000     -0.0003838538     0.0026739589
186     0.0000000000     0.0000000000     -0.0000000000     0.0000000000     -0.0003741378     0.0026824728
187     0.0000000000     0.0000000000     -0.0000000000     0.0000000000     -0.0003421490     0.0027172913
188     0.0000000000     0.0000000000     -0.0000000000     0.0000000000     -0.0003103982     0.0027264241
189     0.0000000000     0.0000000000     -0.0000000000     0.0000000000     -0.0002847914     0.0027069456
190     0.0000000000     0.0000000000     -0.0000000000     0.0000000000     -0.0002644797     0.0026986340
191     0.0000000000     0.0000000000     -0.0000000000     0.0000000000     -0.0002368349     0.0027199609
192     0.0000000000     0.0000000000     -0.0000000000     0.0000000000     -0.0002066086     0.0027273696
193     0.0000000000     0.0000000000     -0.0000000000     0.0000000000     -0.0001780642     0.0026859509
194     0.0000000000     0.0000000000     -0.0000000000     0.0000000000     -0.0001423271     0.0026519257
195     0.0000000000     0.0000000000     -0.0000000000     0.0000000000     -0.0001112901     0.0026402027
196     0.0000000000     0.0000000000     -0.0000000000     0.0000000000     -0.0000854210     0.0026547900
197     0.0000000000     0.0000000000     -0.0000000000     0.0000000000     -0.0000537059     0.0026595336
198     0.0000000000     0.0000000000     -0.0000000000     0.0000000000     -0.0000204176     0.0026521859
199     0.0000000000     0.0000000000     -0.0000000000     0.0000000000     0.0000137314     0.0026574343
200     0.0000000000     0.0000000000     -0.0000000000     0.0000000000     0.0000513876     0.0026619168
201     0.0000000000     0.0000000000     -0.0000000000     0.0000000000     0.0000809511     0.0026697167
202     0.0000000000     0.0000000000     -0.0000000000     0.0000000000     0.0001094697     0.0026542278
203     0.0000000000     0.0000000000     -0.0000000000     0.0000000000     0.0001435507     0.0026277220
204     0.0000000000     0.0000000000     -0.0000000000     0.0000000000     0.0001794218     0.0025968615
205     0.0000000000     0.0000000000     -0.0000000000     0.0000000000     0.0002118236     0.0025839029
206     0.0000000000     0.0000000000     -0.0000000000     0.0000000000     0.0002327193     0.0025994868
207     0.0000000000     0.0000000000     -0.0000000000     0.0000000000     0.0002308294     0.0025973425
208     0.0000000000     0.0000000000     -0.0000000000     0.0000000000     0.0002299361     0.0025995554
209     0.0000000000     0.0000000000     -0.0000000000     0.0000000000     -0.0003956845     0.0025545377
210     0.0000000000     0.0000000000     -0.0000000000     0.0000000000     -0.0004015214     0.0025595766
211     0.0000000000     0.0000000000     -0.0000000000     0.0000000000     -0.0004021695     0.0025586837
212     0.0000000000     0.0000000000     -0.0000000000     0.0000000000     -0.0003933037     0.0025621101
213     0.0000000000     0.0000000000     -0.0000000000     0.0000000000     -0.0003585853     0.0025778639
214     0.0000000000     0.0000000000     -0.0000000000     0.0000000000     -0.0003240776     0.0025880281
215     0.0000000000     0.0000000000     -0.0000000000     0.0000000000     -0.0002938452     0.0025715561
216     0.0000000000     0.0000000000     -0.0000000000     0.0000000000     -0.0002687527     0.0025627477
217     0.0000000000     0.0000000000     -0.0000000000     0.0000000000     -0.0002358612     0.0025709901
218     0.0000000000     0.0000000000     -0.0000000000     0.0000000000     -0.0001976648     0.0025559415
219     0.0000000000     0.0000000000     -0.0000000000     0.0000000000     -0.0001682184     0.0025071976
220     0.0000000000     0.0000000000     -0.0000000000     0.0000000000     -0.0001350740     0.0024760629
221     0.0000000000     0.0000000000     -0.0000000000     0.0000000000     -0.0001058157     0.0024739474
222     0.0000000000     0.0000000000     -0.0000000000     0.0000000000     -0.0000801098     0.0024682578
223     0.0000000000     0.0000000000     -0.0000000000     0.0000000000     -0.0000489091     0.0024818386
224     0.0000000000     0.0000000000     -0.0000000000     0.0000000000     -0.0000183086     0.0024901335
225     0.0000000000     0.0000000000     -0.0000000000     0.0000000000     0.0000111152     0.0024860925
226     0.0000000000     0.0000000000     -0.0000000000     0.0000000000     0.0000405366     0.0024990158
227     0.0000000000     0.0000000000     -0.0000000000     0.0000000000     0.0000707069     0.0024969658
228     0.0000000000     0.0000000000     -0.0000000000     0.0000000000     0.0001039134     0.0024522520
229     0.0000000000     0.0000000000     -0.0000000000     0.0000000000     0.0001351873     0.0024110428
230     0.0000000000     0.0000000000     -0.0000000000     0.0000000000     0.0001633450     0.0024016194
231     0.0000000000     0.0000000000     -0.0000000000     0.0000000000     0.0001902051     0.0024066734
232     0.0000000000     0.0000000000     -0.0000000000     0.0000000000     0.0002066144     0.0024250296
233     0.0000000000     0.0000000000     -0.0000000000     0.0000000000     0.0002042144     0.0024227856
234     0.0000000000     0.0000000000     -0.0000000000     0.0000000000     0.0002076349     0.0024272195
235     0.0000000000     0.0000000000     -0.0000000000     0.0000000000     -0.0003845567     0.0024106659
236     0.0000000000     0.0000000000     -0.0000000000     0.0000000000     -0.0003864867     0.0024206472
237     0.0000000000     0.0000000000     -0.0000000000     0.0000000000     -0.0003875241     0.0024203521
238     0.0000000000     0.0000000000     -0.0000000000     0.0000000000     -0.0003787997     0.0024159674
239     0.0000000000     0.0000000000     -0.0000000000     0.0000000000     -0.0003521244     0.0024069446
240     0.0000000000     0.0000000000     -0.0000000000     0.0000000000     -0.0003226787     0.0024140130
241     0.0000000000     0.0000000000     -0.0000000000     0.0000000000     -0.0002884457     0.0024151903
242     0.0000000000     0.0000000000     -0.0000000000     0.0000000000     -0.0002560660     0.0024112591
243     0.0000000000     0.0000000000     -0.0000000000     0.0000000000     -0.0002239377     0.0024030274
244     0.0000000000     0.0000000000     -0.0000000000     0.0000000000     -0.0001813538     0.0023810054
245     0.0000000000     0.0000000000     -0.0000000000     0.0000000000     -0.0001464333     0.0023540651
246     0.0000000000     0.0000000000     -0.0000000000     0.0000000000     -0.0001185191     0.0023354175
247     0.0000000000     0.0000000000     -0.0000000000     0.0000000000     -0.0000926658     0.0023385254
248     0.0000000000     0.0000000000     -0.0000000000     0.0000000000     -0.0000679187     0.0023205906
249     0.0000000000     0.0000000000     -0.0000000000     0.0000000000     -0.0000363754     0.0022897851
250     0.0000000000     0.0000000000     -0.0000000000     0.0000000000     -0.0000035469     0.0022906769
251     0.0000000000     0.0000000000     -0.0000000000     0.0000000000     0.0000231113     0.0022935006
252     0.0000000000     0.0000000000     -0.0000000000     0.0000000000     0.0000463940     0.0023046851
253     0.0000000000     0.0000000000     -0.0000000000     0.0000000000     0.0000684919     0.0022915354
254     0.0000000000     0.0000000000     -0.0000000000     0.0000000000     0.0001033449     0.0022568711
255     0.0000000000     0.0000000000     -0.0000000000     0.0000000000     0.0001343067     0.0022434449
256     0.0000000000     0.0000000000     -0.0000000000     0.0000000000     0.0001530085     0.0022727544
257     0.0000000000     0.0000000000     -0.0000000000     0.0000000000     0.0001741082     0.0022889355
258     0.0000000000     0.0000000000     -0.0000000000     0.0000000000     0.0001906777     0.0022888220
259     0.0000000000     0.0000000000     -0.0000000000     0.0000000000     0.0001877038     0.0022896112
260     0.0000000000     0.0000000000     -0.0000000000     0.0000000000     0.0001948573     0.0022851123
261     0.0000000000     0.0000000000     -0.0000000000     0.0000000000     -0.0003590580     0.0022293009
262     0.0000000000     0.0000000000     -0.0000000000     0.0000000000     -0.0003547099     0.0022351370
263     0.0000000000     0.0000000000     -0.0000000000     0.0000000000     -0.0003567628     0.0022356872
264     0.0000000000     0.0000000000     -0.0000000000     0.0000000000     -0.0003464278     0.0022255577
265     0.0000000000     0.0000000000     -0.0000000000     0.0000000000     -0.0003266484     0.0022008667
266     0.0000000000     0.0000000000     -0.0000000000     0.0000000000     -0.0003034860     0.0021995657
267     0.0000000000     0.0000000000     -0.0000000000     0.0000000000     -0.0002703761     0.0022100910
268     0.0000000000     0.0000000000     -0.0000000000     0.0000000000     -0.0002394960     0.0022151718
269     0.0000000000     0.0000000000     -0.0000000000     0.0000000000     -0.0002099898     0.0021970222
270     0.0000000000     0.0000000000     -0.0000000000     0.0000000000     -0.0001658496     0.0021677898
271     0.0000000000     0.0000000000     -0.0000000000     0.0000000000     -0.0001288422     0.0021727947
272     0.0000000000     0.0000000000     -0.0000000000     0.0000000000     -0.0001064014     0.0021801271
273     0.0000000000     0.0000000000     -0.0000000000     0.0000000000     -0.0000839405     0.0021824145
274     0.0000000000     0.0000000000     -0.0000000000     0.0000000000     -0.0000538640     0.0021656484
275     0.0000000000     0.0000000000     -0.0000000000     0.0000000000     -0.0000213864     0.0021135590
276     0.0000000000     0.0000000000     -0.0000000000     0.0000000000     0.0000096383     0.0021052783
277     0.0000000000     0.0000000000     -0.0000000000     0.0000000000     0.0000425483     0.0021205695
278     0.0000000000     0.0000000000     -0.0000000000     0.0000000000     0.0000690872     0.0021250389
279     0.0000000000     0.0000000000     -0.0000000000     0.0000000000     0.0000880622     0.0021059815
280     0.0000000000     0.0000000000     -0.0000000000     0.0000000000     0.0001218529     0.0020948723
281     0.0000000000     0.0000000000     -0.0000000000     0.0000000000     0.0001498145     0.0021131837
282     0.0000000000     0.0000000000     -0.0000000000     0.0000000000     0.0001678186     0.0021412058
283     0.0000000000     0.0000000000     -0.0000000000     0.0000000000     0.0001941085     0.0021327910
284     0.0000000000     0.0000000000     -0.0000000000     0.0000000000     0.0002131672     0.0021124515
285     0.0000000000     0.0000000000     -0.0000000000     0.0000000000     0.0002103965     0.0021153148
286     0.0000000000     0.0000000000     -0.0000000000     0.0000000000     0.0002158481     0.0021117193
287     0.0000000000     0.0000000000     -0.0000000000     0.0000000000     -0.0003434277     0.0020240273
288     0.0000000000     0.0000000000     -0.0000000000     0.0000000000     -0.0003371019     0.0020200761
289     0.0000000000     0.0000000000     -0.0000000000     0.0000000000     -0.0003400049     0.0020204520
290     0.0000000000     0.0000000000     -0.0000000000     0.0000000000     -0.0003247099     0.0020190142
291     0.0000000000     0.0000000000     -0.0000000000     0.0000000000     -0.0003012544     0.0020099681
292     0.0000000000     0.0000000000     -0.0000000000     0.0000000000     -0.0002839630     0.0020001247
293     0.0000000000     0.0000000000     -0.0000000000     0.0000000000     -0.0002586822     0.0020071285
294     0.0000000000     0.0000000000     -0.0000000000     0.0000000000     -0.0002305542     0.0020069301
295     0.0000000000     0.0000000000     -0.0000000000     0.0000000000     -0.0001973073     0.0019723878
296     0.0000000000     0.0000000000     -0.0000000000     0.0000000000     -0.0001601020     0.0019484090
297     0.0000000000     0.0000000000     -0.0000000000     0.0000000000     -0.0001291211     0.0019808010
298     0.0000000000     0.0000000000     -0.0000000000     0.0000000000     -0.0001037073     0.0020183698
299     0.0000000000     0.0000000000     -0.0000000000     0.0000000000     -0.0000771580     0.0020130559
300     0.0000000000     0.0000000000     -0.0000000000     0.0000000000     -0.0000425884     0.0019952539
301     0.0000000000     0.0000000000     -0.0000000000     0.0000000000     -0.0000099873     0.0019698552
302     0.0000000000     0.0000000000     -0.0000000000     0.0000000000     0.0000233869     0.0019586140
303     0.0000000000     0.0000000000     -0.0000000000     0.0000000000     0.0000635954     0.0019524360
304     0.0000000000     0.0000000000     -0.0000000000     0.0000000000     0.0000958871     0.0019441135
305     0.0000000000     0.0000000000     -0.0000000000     0.0000000000     0.0001182132     0.0019327832
306     0.0000000000     0.0000000000     -0.0000000000     0.0000000000     0.0001481087     0.0019367872
307     0.0000000000     0.0000000000     -0.0000000000     0.0000000000     0.0001757109     0.0019578828
308     0.0000000000     0.0000000000     -0.0000000000     0.0000000000     0.0002040118     0.0019579511
309     0.0000000000     0.0000000000     -0.0000000000     0.0000000000     0.0002365387     0.0019279320
310     0.0000000000     0.0000000000     -0.0000000000     0.0000000000     0.0002558245     0.0019095256
311     0.0000000000     0.0000000000     -0.0000000000     0.0000000000     0.0002537350     0.0019120217
312     0.0000000000     0.0000000000     -0.0000000000     0.0000000000     0.0002548179     0.0019171544
313     0.0000000000     0.0000000000     -0.0000000000     0.0000000000     -0.0003478223     0.0018336071
314     0.0000000000     0.0000000000     -0.0000000000     0.0000000000     -0.0003436020     0.0018243845
315     0.0000000000     0.0000000000     -0.0000000000     0.0000000000     -0.0003465395     0.0018233558
316     0.0000000000     0.0000000000     -0.0000000000     0.0000000000     -0.0003284785     0.0018408683
317     0.0000000000     0.0000000000     -0.0000000000     0.0000000000     -0.0002906373     0.0018812855
318     0.0000000000     0.0000000000     -0.0000000000     0.0000000000     -0.0002714665     0.0018729345
319     0.0000000000     0.0000000000     -0.0000000000     0.0000000000     -0.0002509263     0.0018511355
320     0.0000000000     0.0000000000     -0.0000000000     0.0000000000     -0.0002219430     0.0018272978
321     0.0000000000     0.0000000000     -0.0000000000     0.0000000000     -0.0001913533     0.0017877515
322     0.0000000000     0.0000000000     -0.0000000000     0.0000000000     -0.0001612788     0.0017781148
323     0.0000000000     0.0000000000     -0.0000000000     0.0000000000     -0.0001341199     0.0018041125
324     0.0000000000     0.0000000000     -0.0000000000     0.0000000000     -0.0001011287     0.0018375424
325     0.0000000000     0.0000000000     -0.0000000000     0.0000000000     -0.0000661138     0.0018410111
326     0.0000000000     0.0000000000     -0.0000000000     0.0000000000     -0.0000331256     0.0018277453
327     0.0000000000     0.0000000000     -0.0000000000     0.0000000000     0.0000015879     0.0018237950
328     0.0000000000     0.0000000000     -0.0000000000     0.0000000000     0.0000418616     0.0018083392
329     0.0000000000     0.0000000000     -0.0000000000     0.0000000000     0.0000809409     0.0017762057
330     0.0000000000     0.0000000000     -0.0000000000     0.0000000000     0.0001113279     0.0017679589
331     0.0000000000     0.0000000000     -0.0000000000     0.0000000000     0.0001374529     0.0017774734
332     0.0000000000     0.0000000000     -0.0000000000     0.0000000000     0.0001689094     0.0018009821
333     0.0000000000     0.0000000000     -0.0000000000     0.0000000000     0.0002056295     0.0018149372
334     0.0000000000     0.0000000000     -0.0000000000     0.0000000000     0.0002421864     0.0017950728
335     0.0000000000     0.0000000000     -0.0000000000     0.0000000000     0.0002756267     0.0017608823
336     0.0000000000     0.0000000000     -0.0000000000     0.0000000000     0.0002957362     0.0017455726
337     0.0000000000     0.0000000000     -0.0000000000     0.0000000000     0.0002943161     0.0017476570
338     0.0000000000     0.0000000000     -0.0000000000     0.0000000000     0.0002904563     0.0017541743
339     0.0000000000     0.0000000000     -0.0000000000     0.0000000000     -0.0003648138     0.0016802282
340     0.0000000000     0.0000000000     -0.0000000000     0.0000000000     -0.0003650980     0.0016787161
341     0.0000000000     0.0000000000     -0.0000000000     0.0000000000     -0.0003672964     0.0016765779
342     0.0000000000     0.0000000000     -0.0000000000     0.0000000000     -0.0003514340     0.0016943377
343     0.0000000000     0.0000000000     -0.0000000000     0.0000000000     -0.0003058943     0.0017388068
344     0.0000000000     0.0000000000     -0.0000000000     0.0000000000     -0.0002738260     0.0017337105
345     0.0000000000     0.0000000000     -0.0000000000     0.0000000000     -0.0002483317     0.0016997502
346     0.0000000000     0.0000000000     -0.0000000000     0.0000000000     -0.0002184552     0.0016774775
347     0.0000000000     0.0000000000     -0.0000000000     0.0000000000     -0.0001917052     0.0016627691
348     0.0000000000     0.0000000000     -0.0000000000     0.0000000000     -0.0001617799     0.0016578516
349     0.0000000000     0.0000000000     -0.0000000000     0.0000000000     -0.0001300428     0.0016518347
350     0.0000000000     0.0000000000     -0.0000000000     0.0000000000     -0.0000937234     0.0016568854
351     0.0000000000     0.0000000000     -0.0000000000     0.0000000000     -0.0000534454     0.0016549680
352     0.0000000000     0.0000000000     -0.0000000000     0.0000000000     -0.0000211876     0.0016317565
353     0.0000000000     0.0000000000     -0.0000000000     0.0000000000     0.0000141986     0.0016384860
354     0.0000000000     0.0000000000     -0.0000000000     0.0000000000     0.0000516859     0.0016384651
355     0.0000000000     0.0000000000     -0.0000000000     0.0000000000     0.0000838212     0.0016189753
356     0.0000000000     0.0000000000     -0.0000000000     0.0000000000     0.0001100171     0.0016276317
357     0.0000000000     0.0000000000     -0.0000000000     0.0000000000     0.0001390790     0.0016489796
358     0.0000000000     0.0000000000     -0.0000000000     0.0000000000     0.0001771411     0.0016697012
359     0.0000000000     0.0000000000     -0.0000000000     0.0000000000     0.0002221179     0.0016697933
360     0.0000000000     0.0000000000     -0.0000000000     0.0000000000     0.0002584722     0.0016596204
361     0.0000000000     0.0000000000     -0.0000000000     0.0000000000     0.0002912255     0.0016412849
362     0.0000000000     0.0000000000     -0.0000000000     0.0000000000     0.0003113365     0.0016289598
363     0.0000000000     0.0000000000     -0.0000000000     0.0000000000     0.0003101598     0.0016313414
364     0.0000000000     0.0000000000     -0.0000000000     0.0000000000     0.0003049261     0.0016279789
365     0.0000000000     0.0000000000     -0.0000000000     0.0000000000     -0.0003734006     0.0015395019
366     0.0000000000     0.0000000000     -0.0000000000     0.0000000000     -0.0003756950     0.0015428838
367     0.0000000000     0.0000000000     -0.0000000000     0.0000000000     -0.0003772883     0.0015417654
368     0.0000000000     0.0000000000     -0.0000000000     0.0000000000     -0.0003633945     0.0015482516
369     0.0000000000     0.0000000000     -0.0000000000     0.0000000000     -0.0003220550     0.0015483262
370     0.0000000000     0.0000000000     -0.0000000000     0.0000000000     -0.0002847859     0.0015332711
371     0.0000000000     0.0000000000     -0.0000000000     0.0000000000     -0.0002533436     0.0015211143
372     0.0000000000     0.0000000000     -0.0000000000     0.0000000000     -0.0002200387     0.0015167949
373     0.0000000000     0.0000000000     -0.0000000000     0.0000000000     -0.0001886410     0.0015150931
374     0.0000000000     0.0000000000     -0.0000000000     0.0000000000     -0.0001536715     0.0015061667
375     0.0000000000     0.0000000000     -0.0000000000     0.0000000000     -0.0001211048     0.0014881889
376     0.0000000000     0.0000000000     -0.0000000000     0.0000000000     -0.0000833537     0.0014722743
377     0.0000000000     0.0000000000     -0.0000000000     0.0000000000     -0.0000389545     0.0014533828
378     0.0000000000     0.0000000000     -0.0000000000     0.0000000000     -0.0000106285     0.0014259462
379     0.0000000000     0.0000000000     -0.0000000000     0.0000000000     0.0000157518     0.0014327224
380     0.0000000000     0.0000000000     -0.0000000000     0.0000000000     0.0000460736     0.0014575917
381     0.0000000000     0.0000000000     -0.0000000000     0.0000000000     0.0000777213     0.0014735853
382     0.0000000000     0.0000000000     -0.0000000000     0.0000000000     0.0001042722     0.0014886723
383     0.0000000000     0.0000000000     -0.0000000000     0.0000000000     0.0001329104     0.0014919595
384     0.0000000000     0.0000000000     -0.0000000000     0.0000000000     0.0001733527     0.0014848746
385     0.0000000000     0.0000000000     -0.0000000000     0.0000000000     0.0002167796     0.0014685745
386     0.0000000000     0.0000000000     -0.0000000000     0.0000000000     0.0002518461     0.0014736071
387     0.0000000000     0.0000000000     -0.0000000000     0.0000000000     0.0002823173     0.0014918417
388     0.0000000000     0.0000000000     -0.0000000000     0.0000000000     0.0002984191     0.0014982816
389     0.0000000000     0.0000000000     -0.0000000000     0.0000000000     0.0002972347     0.0014991524
390     0.0000000000     0.0000000000     -0.0000000000     0.0000000000     0.0002944633     0.0014913445
391     0.0000000000     0.0000000000     -18.3732069791     0.0000000000     -0.0003698054     0.0013815879
392     0.0000000000     0.0000000000     -18.3732069791     0.0000000000     -0.0003724512     0.0013766120
393     0.0000000000     0.0000000000     -18.3732069791     0.0000000000     -0.0003737327     0.0013778472
394     0.0000000000     0.0000000000     -18.3732069791     0.0000000000     -0.0003596734     0.0013732921
395     0.0000000000     0.0000000000     -18.3732069791     0.0000000000     -0.0003228928     0.0013509554
396     0.0000000000     0.0000000000     -18.3732069791     0.0000000000     -0.0002887134     0.0013310818
397     0.0000000000     0.0000000000     -18.3732069791     0.0000000000     -0.0002531221     0.0013331412
398     0.0000000000     0.0000000000     -18.3732069791     0.0000000000     -0.0002050742     0.0013441352
399     0.0000000000     0.0000000000     -18.3732069791     0.0000000000     -0.0001670447     0.0013430920
400     0.0000000000     0.0000000000     -18.3732069791     0.0000000000     -0.0001402201     0.0013230533
401     0.0000000000     0.0000000000     -18.3732069791     0.0000000000     -0.0001130633     0.0013010645
402     0.0000000000     0.0000000000     -18.3732069791     0.0000000000     -0.0000788277     0.0012700665
403     0.0000000000     0.0000000000     -18.3732069791     0.0000000000     -0.0000366891     0.0012453574
404     0.0000000000     0.0000000000     -18.3732069791     0.0000000000     -0.0000088258     0.0012325733
405     0.0000000000     0.0000000000     -18.3732069791     0.0000000000     0.0000122290     0.0012360102
406     0.0000000000     0.0000000000     -18.3732069791     0.0000000000     0.0000408407     0.0012679211
407     0.0000000000     0.0000000000     -18.3732069791     0.0000000000     0.0000759186     0.0013057819
408     0.0000000000     0.0000000000     -18.3732069791     0.0000000000     0.0001028188     0.0013236093
409     0.0000000000     0.0000000000     -18.3732069791     0.0000000000     0.0001286450     0.0013028360
410     0.0000000000     0.0000000000     -18.3732069791     0.0000000000     0.0001635316     0.0012739836
411     0.0000000000     0.0000000000     -18.3732069791     0.0000000000     0.0001983483     0.0012519513
412     0.0000000000     0.0000000000     -18.3732069791     0.0000000000     0.0002290980     0.0012639979
413     0.0000000000     0.0000000000     -18.3732069791     0.0000000000     0.0002550267     0.0013060930
414     0.0000000000     0.0000000000     -18.3732069791     0.0000000000     0.0002697586     0.0013274778
415     0.0000000000     0.0000000000     -18.3732069791     0.0000000000     0.0002683418     0.0013266335
416     0.0000000000     0.0000000000     -18.3732069791     0.0000000000     0.0002684481     0.0013233337
