1     0.0000000000     0.0000000000     56.6308002311     0.0000000000     -0.0005351640     0.0065405488
2     0.0000000000     0.0000000000     56.6308002311     0.0000000000     -0.0005406021     0.0065431201
3     0.0000000000     0.0000000000     56.6308002311     0.0000000000     -0.0005414799     0.0065433589
4     0.0000000000     0.0000000000     56.6308002311     0.0000000000     -0.0005332425     0.0065376553
5     0.0000000000     0.0000000000     56.6308002311     0.0000000000     -0.0004846188     0.0065238104
6     0.0000000000     0.0000000000     56.6308002311     0.0000000000     -0.0004134305     0.0065037752
7     0.0000000000     0.0000000000     56.6308002311     0.0000000000     -0.0003585345     0.0064989269
8     0.0000000000     0.0000000000     56.6308002311     0.0000000000     -0.0003264378     0.0065512996
9     0.0000000000     0.0000000000     56.6308002311     0.0000000000     -0.0002793680     0.0065902247
10     0.0000000000     0.0000000000     56.6308002311     0.0000000000     -0.0002346164     0.0066093264
11     0.0000000000     0.0000000000     56.6308002311     0.0000000000     -0.0002037783     0.0066265450
12     0.0000000000     0.0000000000     56.6308002311     0.0000000000     -0.0001692600     0.0066466720
13     0.0000000000     0.0000000000     56.6308002311     0.0000000000     -0.0001215376     0.0066692528
14     0.0000000000     0.0000000000     56.6308002311     0.0000000000     -0.0000665957     0.0066717740
15     0.0000000000     0.0000000000     56.6308002311     0.0000000000     -0.0000176242     0.0066299886
16     0.0000000000     0.0000000000     56.6308002311     0.0000000000     0.0000333351     0.0065817865
17     0.0000000000     0.0000000000     56.6308002311     0.0000000000     0.0000869200     0.0065702309
18     0.0000000000     0.0000000000     56.6308002311     0.0000000000     0.0001260971     0.0065746258
19     0.0000000000     0.0000000000     56.6308002311     0.0000000000     0.0001819914     0.0065761156
20     0.0000000000     0.0000000000     56.6308002311     0.0000000000     0.0002471876     0.0065988055
21     0.0000000000     0.0000000000     56.6308002311     0.0000000000     0.0002757297     0.0066035701
22     0.0000000000     0.0000000000     56.6308002311     0.0000000000     0.0003018866     0.0065842814
23     0.0000000000     0.0000000000     56.6308002311     0.0000000000     0.0003713139     0.0065400407
24     0.0000000000     0.0000000000     56.6308002311     0.0000000000     0.0004234407     0.0065052279
25     0.0000000000     0.0000000000     56.6308002311     0.0000000000     0.0004206986     0.0065066281
26     0.0000000000     0.0000000000     56.6308002311     0.0000000000     0.0004137817     0.0065102125
27     0.0000000000     0.0000000000     -0.0000000000     0.0000000000     -0.0005173151     0.0062872230
28     0.0000000000     0.0000000000     -0.0000000000     0.0000000000     -0.0005185079     0.0062987444
29     0.0000000000     0.0000000000     -0.0000000000     0.0000000000     -0.0005196227     0.0062984721
30     0.0000000000     0.0000000000     -0.0000000000     0.0000000000     -0.0005099978     0.0062927691
31     0.0000000000     0.0000000000     -0.0000000000     0.0000000000     -0.0004714102     0.0062675817
32     0.0000000000     0.0000000000     -0.0000000000     0.0000000000     -0.0004102961     0.0062328788
33     0.0000000000     0.0000000000     -0.0000000000     0.0000000000     -0.0003655420     0.0062068795
34     0.0000000000     0.0000000000     -0.0000000000     0.0000000000     -0.0003411763     0.0062396912
35     0.0000000000     0.0000000000     -0.0000000000     0.0000000000     -0.0003001124     0.0062477516
36     0.0000000000     0.0000000000     -0.0000000000     0.0000000000     -0.0002515085     0.0062406127
37     0.0000000000     0.0000000000     -0.0000000000     0.0000000000     -0.0002152474     0.0062643300
38     0.0000000000     0.0000000000     -0.0000000000     0.0000000000     -0.0001816053     0.0062921614
39     0.0000000000     0.0000000000     -0.0000000000     0.0000000000     -0.0001289830     0.0063078881
40     0.0000000000     0.0000000000     -0.0000000000     0.0000000000     -0.0000650694     0.0063116317
41     0.0000000000     0.0000000000     -0.0000000000     0.0000000000     -0.0000208297     0.0062885940
42     0.0000000000     0.0000000000     -0.0000000000     0.0000000000     0.0000229705     0.0062681295
43     0.0000000000     0.0000000000     -0.0000000000     0.0000000000     0.0000891392     0.0062869156
44     0.0000000000     0.0000000000     -0.0000000000     0.0000000000     0.0001307812     0.0062925919
45     0.0000000000     0.0000000000     -0.0000000000     0.0000000000     0.0001695626     0.0062628118
46     0.0000000000     0.0000000000     -0.0000000000     0.0000000000     0.0002336678     0.0062722549
47     0.0000000000     0.0000000000     -0.0000000000     0.0000000000     0.0002701010     0.0063047568
48     0.0000000000     0.0000000000     -0.0000000000     0.0000000000     0.0003015218     0.0063057810
49     0.0000000000     0.0000000000     -0.0000000000     0.0000000000     0.0003778140     0.0062697675
50     0.0000000000     0.0000000000     -0.0000000000     0.0000000000     0.0004356200     0.0062341657
51     0.0000000000     0.0000000000     -0.0000000000     0.0000000000     0.0004342783     0.0062331321
52     0.0000000000     0.0000000000     -0.0000000000     0.0000000000     0.0004255882     0.0062303459
53     0.0000000000     0.0000000000     -0.0000000000     0.0000000000     -0.0005010488     0.0059968021
54     0.0000000000     0.0000000000     -0.0000000000     0.0000000000     -0.0005010433     0.0060070125
55     0.0000000000     0.0000000000     -0.0000000000     0.0000000000     -0.0005021354     0.0060067634
56     0.0000000000     0.0000000000     -0.0000000000     0.0000000000     -0.0004938234     0.0060039992
57     0.0000000000     0.0000000000     -0.0000000000     0.0000000000     -0.0004622215     0.0059826203
58     0.0000000000     0.0000000000     -0.0000000000     0.0000000000     -0.0004071077     0.0059493265
59     0.0000000000     0.0000000000     -0.0000000000     0.0000000000     -0.0003741170     0.0059253417
60     0.0000000000     0.0000000000     -0.0000000000     0.0000000000     -0.0003523133     0.0059469588
61     0.0000000000     0.0000000000     -0.0000000000     0.0000000000     -0.0003114528     0.0059306134
62     0.0000000000     0.0000000000     -0.0000000000     0.0000000000     -0.0002638239     0.0059022622
63     0.0000000000     0.0000000000     -0.0000000000     0.0000000000     -0.0002206272     0.0059263537
64     0.0000000000     0.0000000000     -0.0000000000     0.0000000000     -0.0001819740     0.0059449062
65     0.0000000000     0.0000000000     -0.0000000000     0.0000000000     -0.0001311753     0.0059396022
66     0.0000000000     0.0000000000     -0.0000000000     0.0000000000     -0.0000711646     0.0059295444
67     0.0000000000     0.0000000000     -0.0000000000     0.0000000000     -0.0000283008     0.0059180980
68     0.0000000000     0.0000000000     -0.0000000000     0.0000000000     0.0000146247     0.0059383872
69     0.0000000000     0.0000000000     -0.0000000000     0.0000000000     0.0000830617     0.0059735429
70     0.0000000000     0.0000000000     -0.0000000000     0.0000000000     0.0001294231     0.0059703834
71     0.0000000000     0.0000000000     -0.0000000000     0.0000000000     0.0001587577     0.0059310768
72     0.0000000000     0.0000000000     -0.0000000000     0.0000000000     0.0002136845     0.0059357403
73     0.0000000000     0.0000000000     -0.0000000000     0.0000000000     0.0002584951     0.0059813279
74     0.0000000000     0.0000000000     -0.0000000000     0.0000000000     0.0002934720     0.0059995722
75     0.0000000000     0.0000000000     -0.0000000000     0.0000000000     0.0003589577     0.0059870189
76     0.0000000000     0.0000000000     -0.0000000000     0.0000000000     0.0004107036     0.0059559886
77     0.0000000000     0.0000000000     -0.0000000000     0.0000000000     0.0004112482     0.0059500689
78     0.0000000000     0.0000000000     -0.0000000000     0.0000000000     0.0004069583     0.0059417879
79     0.0000000000     0.0000000000     -0.0000000000     0.0000000000     -0.0004917858     0.0056769902
80     0.0000000000     0.0000000000     -0.0000000000     0.0000000000     -0.0004913315     0.0056828093
81     0.0000000000     0.0000000000     -0.0000000000     0.0000000000     -0.0004920694     0.0056829156
82     0.0000000000     0.0000000000     -0.0000000000     0.0000000000     -0.0004870171     0.0056790864
83     0.0000000000     0.0000000000     -0.0000000000     0.0000000000     -0.0004627000     0.0056565142
84     0.0000000000     0.0000000000     -0.0000000000     0.0000000000     -0.0004084659     0.0056373981
85     0.0000000000     0.0000000000     -0.0000000000     0.0000000000     -0.0003786357     0.0056378526
86     0.0000000000     0.0000000000     -0.0000000000     0.0000000000     -0.0003549961     0.0056595519
87     0.0000000000     0.0000000000     -0.0000000000     0.0000000000     -0.0003093763     0.0056404325
88     0.0000000000     0.0000000000     -0.0000000000     0.0000000000     -0.0002648033     0.0056109706
89     0.0000000000     0.0000000000     -0.0000000000     0.0000000000     -0.0002232393     0.0056247212
90     0.0000000000     0.0000000000     -0.0000000000     0.0000000000     -0.0001790347     0.0056254640
91     0.0000000000     0.0000000000     -0.0000000000     0.0000000000     -0.0001316024     0.0056035870
92     0.0000000000     0.0000000000     -0.0000000000     0.0000000000     -0.0000761359     0.0055867036
93     0.0000000000     0.0000000000     -0.0000000000     0.0000000000     -0.0000268345     0.0055789622
94     0.0000000000     0.0000000000     -0.0000000000     0.0000000000     0.0000167997     0.0056067716
95     0.0000000000     0.0000000000     -0.0000000000     0.0000000000     0.0000784945     0.0056387700
96     0.0000000000     0.0000000000     -0.0000000000     0.0000000000     0.0001293596     0.0056332997
97     0.0000000000     0.0000000000     -0.0000000000     0.0000000000     0.0001615908     0.0056172799
98     0.0000000000     0.0000000000     -0.0000000000     0.0000000000     0.0002067505     0.0056348836
99     0.0000000000     0.0000000000     -0.0000000000     0.0000000000     0.0002504617     0.0056547403
100     0.0000000000     0.0000000000     -0.0000000000     0.0000000000     0.0002860633     0.0056626764
101     0.0000000000     0.0000000000     -0.0000000000     0.0000000000     0.0003428728     0.0056533615
102     0.0000000000     0.0000000000     -0.0000000000     0.0000000000     0.0003859419     0.0056248775
103     0.0000000000     0.0000000000     -0.0000000000     0.0000000000     0.0003869657     0.0056186034
104     0.0000000000     0.0000000000     -0.0000000000     0.0000000000     0.0003848664     0.0056143854
105     0.0000000000     0.0000000000     -0.0000000000     0.0000000000     -0.0004794609     0.0053467144
106     0.0000000000     0.0000000000     -0.0000000000     0.0000000000     -0.0004752271     0.0053449399
107     0.0000000000     0.0000000000     -0.0000000000     0.0000000000     -0.0004757269     0.0053458096
108     0.0000000000     0.0000000000     -0.0000000000     0.0000000000     -0.0004739506     0.0053416390
109     0.0000000000     0.0000000000     -0.0000000000     0.0000000000     -0.0004616104     0.0053225229
110     0.0000000000     0.0000000000     -0.0000000000     0.0000000000     -0.0004202887     0.0053213870
111     0.0000000000     0.0000000000     -0.0000000000     0.0000000000     -0.0003879913     0.0053379504
112     0.0000000000     0.0000000000     -0.0000000000     0.0000000000     -0.0003541410     0.0053528443
113     0.0000000000     0.0000000000     -0.0000000000     0.0000000000     -0.0003026589     0.0053449194
114     0.0000000000     0.0000000000     -0.0000000000     0.0000000000     -0.0002557215     0.0053390390
115     0.0000000000     0.0000000000     -0.0000000000     0.0000000000     -0.0002217547     0.0053441888
116     0.0000000000     0.0000000000     -0.0000000000     0.0000000000     -0.0001788190     0.0053274692
117     0.0000000000     0.0000000000     -0.0000000000     0.0000000000     -0.0001322002     0.0052985180
118     0.0000000000     0.0000000000     -0.0000000000     0.0000000000     -0.0000824754     0.0052866200
119     0.0000000000     0.0000000000     -0.0000000000     0.0000000000     -0.0000267477     0.0052907638
120     0.0000000000     0.0000000000     -0.0000000000     0.0000000000     0.0000192678     0.0052911452
121     0.0000000000     0.0000000000     -0.0000000000     0.0000000000     0.0000731675     0.0053006324
122     0.0000000000     0.0000000000     -0.0000000000     0.0000000000     0.0001283612     0.0052922329
123     0.0000000000     0.0000000000     -0.0000000000     0.0000000000     0.0001628216     0.0053031580
124     0.0000000000     0.0000000000     -0.0000000000     0.0000000000     0.0002029266     0.0053400173
125     0.0000000000     0.0000000000     -0.0000000000     0.0000000000     0.0002410598     0.0053347528
126     0.0000000000     0.0000000000     -0.0000000000     0.0000000000     0.0002777242     0.0053201799
127     0.0000000000     0.0000000000     -0.0000000000     0.0000000000     0.0003291310     0.0052898556
128     0.0000000000     0.0000000000     -0.0000000000     0.0000000000     0.0003656201     0.0052594932
129     0.0000000000     0.0000000000     -0.0000000000     0.0000000000     0.0003659970     0.0052569586
130     0.0000000000     0.0000000000     -0.0000000000     0.0000000000     0.0003651642     0.0052617436
131     0.0000000000     0.0000000000     -0.0000000000     0.0000000000     -0.0004642965     0.0050206114
132     0.0000000000     0.0000000000     -0.0000000000     0.0000000000     -0.0004539141     0.0050119568
133     0.0000000000     0.0000000000     -0.0000000000     0.0000000000     -0.0004547966     0.0050130100
134     0.0000000000     0.0000000000     -0.0000000000     0.0000000000     -0.0004524911     0.0050119448
135     0.0000000000     0.0000000000     -0.0000000000     0.0000000000     -0.0004502217     0.0050111295
136     0.0000000000     0.0000000000     -0.0000000000     0.0000000000     -0.0004261299     0.0050254920
137     0.0000000000     0.0000000000     -0.0000000000     0.0000000000     -0.0003942024     0.0050383334
138     0.0000000000     0.0000000000     -0.0000000000     0.0000000000     -0.0003503645     0.0050369069
139     0.0000000000     0.0000000000     -0.0000000000     0.0000000000     -0.0002979983     0.0050366024
140     0.0000000000     0.0000000000     -0.0000000000     0.0000000000     -0.0002544374     0.0050545332
141     0.0000000000     0.0000000000     -0.0000000000     0.0000000000     -0.0002234297     0.0050575837
142     0.0000000000     0.0000000000     -0.0000000000     0.0000000000     -0.0001796004     0.0050335364
143     0.0000000000     0.0000000000     -0.0000000000     0.0000000000     -0.0001318554     0.0050040030
144     0.0000000000     0.0000000000     -0.0000000000     0.0000000000     -0.0000917955     0.0049944413
145     0.0000000000     0.0000000000     -0.0000000000     0.0000000000     -0.0000363214     0.0049994651
146     0.0000000000     0.0000000000     -0.0000000000     0.0000000000     0.0000143045     0.0049867004
147     0.0000000000     0.0000000000     -0.0000000000     0.0000000000     0.0000670334     0.0049757878
148     0.0000000000     0.0000000000     -0.0000000000     0.0000000000     0.0001280594     0.0049545812
149     0.0000000000     0.0000000000     -0.0000000000     0.0000000000     0.0001561101     0.0049733837
150     0.0000000000     0.0000000000     -0.0000000000     0.0000000000     0.0001853061     0.0050205682
151     0.0000000000     0.0000000000     -0.0000000000     0.0000000000     0.0002274627     0.0050190824
152     0.0000000000     0.0000000000     -0.0000000000     0.0000000000     0.0002762546     0.0049906755
153     0.0000000000     0.0000000000     -0.0000000000     0.0000000000     0.0003261542     0.0049411137
154     0.0000000000     0.0000000000     -0.0000000000     0.0000000000     0.0003562869     0.0049172999
155     0.0000000000     0.0000000000     -0.0000000000     0.0000000000     0.0003556880     0.0049218106
156     0.0000000000     0.0000000000     -0.0000000000     0.0000000000     0.0003537878     0.0049290888
157     0.0000000000     0.0000000000     -0.0000000000     0.0000000000     -0.0004663704     0.0047118784
158     0.0000000000     0.0000000000     -0.0000000000     0.0000000000     -0.0004547236     0.0046998369
159     0.0000000000     0.0000000000     -0.0000000000     0.0000000000     -0.0004560940     0.0047002905
160     0.0000000000     0.0000000000     -0.0000000000     0.0000000000     -0.0004494598     0.0047051913
161     0.0000000000     0.0000000000     -0.0000000000     0.0000000000     -0.0004404710     0.0047349836
162     0.0000000000     0.0000000000     -0.0000000000     0.0000000000     -0.0004174079     0.0047556377
163     0.0000000000     0.0000000000     -0.0000000000     0.0000000000     -0.0003866222     0.0047473808
164     0.0000000000     0.0000000000     -0.0000000000     0.0000000000     -0.0003458115     0.0047308100
165     0.0000000000     0.0000000000     -0.0000000000     0.0000000000     -0.0003033670     0.0047414322
166     0.0000000000     0.0000000000     -0.0000000000     0.0000000000     -0.0002678044     0.0047731901
167     0.0000000000     0.0000000000     -0.0000000000     0.0000000000     -0.0002330301     0.0047594607
168     0.0000000000     0.0000000000     -0.0000000000     0.0000000000     -0.0001839506     0.0047267289
169     0.0000000000     0.0000000000     -0.0000000000     0.0000000000     -0.0001347724     0.0047031844
170     0.0000000000     0.0000000000     -0.0000000000     0.0000000000     -0.0001008020     0.0047009311
171     0.0000000000     0.0000000000     -0.0000000000     0.0000000000     -0.0000486735     0.0046964059
172     0.0000000000     0.0000000000     -0.0000000000     0.0000000000     0.0000039012     0.0046834994
173     0.0000000000     0.0000000000     -0.0000000000     0.0000000000     0.0000540273     0.0046753532
174     0.0000000000     0.0000000000     -0.0000000000     0.0000000000     0.0001219686     0.0046491883
175     0.0000000000     0.0000000000     -0.0000000000     0.0000000000     0.0001486850     0.0046673456
176     0.0000000000     0.0000000000     -0.0000000000     0.0000000000     0.0001691232     0.0046965370
177     0.0000000000     0.0000000000     -0.0000000000     0.0000000000     0.0002157239     0.0046905311
178     0.0000000000     0.0000000000     -0.0000000000     0.0000000000     0.0002724969     0.0046586583
179     0.0000000000     0.0000000000     -0.0000000000     0.0000000000     0.0003238375     0.0046124217
180     0.0000000000     0.0000000000     -0.0000000000     0.0000000000     0.0003551188     0.0046133524
181     0.0000000000     0.0000000000     -0.0000000000     0.0000000000     0.0003547747     0.0046220359
182     0.0000000000     0.0000000000     -0.0000000000     0.0000000000     0.0003493360     0.0046245947
183     0.0000000000     0.0000000000     -0.0000000000     0.0000000000     -0.0004947379     0.0044339615
184     0.0000000000     0.0000000000     -0.0000000000     0.0000000000     -0.0004934825     0.0044239905
185     0.0000000000     0.0000000000     -0.0000000000     0.0000000000     -0.0004944193     0.0044234473
186     0.0000000000     0.0000000000     -0.0000000000     0.0000000000     -0.0004858675     0.0044327927
187     0.0000000000     0.0000000000     -0.0000000000     0.0000000000     -0.0004546322     0.0044797214
188     0.0000000000     0.0000000000     -0.0000000000     0.0000000000     -0.0004165839     0.0044960569
189     0.0000000000     0.0000000000     -0.0000000000     0.0000000000     -0.0003829704     0.0044666861
190     0.0000000000     0.0000000000     -0.0000000000     0.0000000000     -0.0003508029     0.0044499136
191     0.0000000000     0.0000000000     -0.0000000000     0.0000000000     -0.0003147990     0.0044743438
192     0.0000000000     0.0000000000     -0.0000000000     0.0000000000     -0.0002746862     0.0044911842
193     0.0000000000     0.0000000000     -0.0000000000     0.0000000000     -0.0002341185     0.0044431570
194     0.0000000000     0.0000000000     -0.0000000000     0.0000000000     -0.0001832053     0.0044025643
195     0.0000000000     0.0000000000     -0.0000000000     0.0000000000     -0.0001385679     0.0043952118
196     0.0000000000     0.0000000000     -0.0000000000     0.0000000000     -0.0001050372     0.0044063848
197     0.0000000000     0.0000000000     -0.0000000000     0.0000000000     -0.0000579345     0.0044012070
198     0.0000000000     0.0000000000     -0.0000000000     0.0000000000     -0.0000095435     0.0043957688
199     0.0000000000     0.0000000000     -0.0000000000     0.0000000000     0.0000319888     0.0043955992
200     0.0000000000     0.0000000000     -0.0000000000     0.0000000000     0.0000919306     0.0043908219
201     0.0000000000     0.0000000000     -0.0000000000     0.0000000000     0.0001280722     0.0044022143
202     0.0000000000     0.0000000000     -0.0000000000     0.0000000000     0.0001561918     0.0043777634
203     0.0000000000     0.0000000000     -0.0000000000     0.0000000000     0.0001985756     0.0043446467
204     0.0000000000     0.0000000000     -0.0000000000     0.0000000000     0.0002508254     0.0043132499
205     0.0000000000     0.0000000000     -0.0000000000     0.0000000000     0.0002981809     0.0042824557
206     0.0000000000     0.0000000000     -0.0000000000     0.0000000000     0.0003286839     0.0043046052
207     0.0000000000     0.0000000000     -0.0000000000     0.0000000000     0.0003307031     0.0043128312
208     0.0000000000     0.0000000000     -0.0000000000     0.0000000000     0.0003270881     0.0043163990
209     0.0000000000     0.0000000000     -0.0000000000     0.0000000000     -0.0005194486     0.0041764539
210     0.0000000000     0.0000000000     -0.0000000000     0.0000000000     -0.0005323332     0.0041733970
211     0.0000000000     0.0000000000     -0.0000000000     0.0000000000     -0.0005328515     0.0041726437
212     0.0000000000     0.0000000000     -0.0000000000     0.0000000000     -0.0005231824     0.0041772864
213     0.0000000000     0.0000000000     -0.0000000000     0.0000000000     -0.0004782879     0.0042093323
214     0.0000000000     0.0000000000     -0.0000000000     0.0000000000     -0.0004330645     0.0042256836
215     0.0000000000     0.0000000000     -0.0000000000     0.0000000000     -0.0003927062     0.0042024114
216     0.0000000000     0.0000000000     -0.0000000000     0.0000000000     -0.0003547138     0.0041957049
217     0.0000000000     0.0000000000     -0.0000000000     0.0000000000     -0.0003136382     0.0042109895
218     0.0000000000     0.0000000000     -0.0000000000     0.0000000000     -0.0002641150     0.0041997294
219     0.0000000000     0.0000000000     -0.0000000000     0.0000000000     -0.0002203743     0.0041414517
220     0.0000000000     0.0000000000     -0.0000000000     0.0000000000     -0.0001731570     0.0041083781
221     0.0000000000     0.0000000000     -0.0000000000     0.0000000000     -0.0001328344     0.0041228583
222     0.0000000000     0.0000000000     -0.0000000000     0.0000000000     -0.0000999374     0.0041224501
223     0.0000000000     0.0000000000     -0.0000000000     0.0000000000     -0.0000563090     0.0041056058
224     0.0000000000     0.0000000000     -0.0000000000     0.0000000000     -0.0000114300     0.0041088968
225     0.0000000000     0.0000000000     -0.0000000000     0.0000000000     0.0000249431     0.0041042477
226     0.0000000000     0.0000000000     -0.0000000000     0.0000000000     0.0000653105     0.0041100592
227     0.0000000000     0.0000000000     -0.0000000000     0.0000000000     0.0001015421     0.0041051852
228     0.0000000000     0.0000000000     -0.0000000000     0.0000000000     0.0001411902     0.0040497965
229     0.0000000000     0.0000000000     -0.0000000000     0.0000000000     0.0001786295     0.0040018596
230     0.0000000000     0.0000000000     -0.0000000000     0.0000000000     0.0002140207     0.0039867675
231     0.0000000000     0.0000000000     -0.0000000000     0.0000000000     0.0002491929     0.0039794321
232     0.0000000000     0.0000000000     -0.0000000000     0.0000000000     0.0002765404     0.0040100069
233     0.0000000000     0.0000000000     -0.0000000000     0.0000000000     0.0002820348     0.0040174784
234     0.0000000000     0.0000000000     -0.0000000000     0.0000000000     0.0002858007     0.0040204607
235     0.0000000000     0.0000000000     -0.0000000000     0.0000000000     -0.0005108169     0.0039110501
236     0.0000000000     0.0000000000     -0.0000000000     0.0000000000     -0.0005200332     0.0039115849
237     0.0000000000     0.0000000000     -0.0000000000     0.0000000000     -0.0005212122     0.0039114176
238     0.0000000000     0.0000000000     -0.0000000000     0.0000000000     -0.0005109447     0.0039087272
239     0.0000000000     0.0000000000     -0.0000000000     0.0000000000     -0.0004710150     0.0039106276
240     0.0000000000     0.0000000000     -0.0000000000     0.0000000000     -0.0004309795     0.0039182420
241     0.0000000000     0.0000000000     -0.0000000000     0.0000000000     -0.0003848024     0.0039160688
242     0.0000000000     0.0000000000     -0.0000000000     0.0000000000     -0.0003377377     0.0039251246
243     0.0000000000     0.0000000000     -0.0000000000     0.0000000000     -0.0002959353     0.0039239332
244     0.0000000000     0.0000000000     -0.0000000000     0.0000000000     -0.0002403164     0.0038963453
245     0.0000000000     0.0000000000     -0.0000000000     0.0000000000     -0.0001909773     0.0038647495
246     0.0000000000     0.0000000000     -0.0000000000     0.0000000000     -0.0001528485     0.0038540871
247     0.0000000000     0.0000000000     -0.0000000000     0.0000000000     -0.0001173833     0.0038766167
248     0.0000000000     0.0000000000     -0.0000000000     0.0000000000     -0.0000854961     0.0038665988
249     0.0000000000     0.0000000000     -0.0000000000     0.0000000000     -0.0000442561     0.0038047321
250     0.0000000000     0.0000000000     -0.0000000000     0.0000000000     0.0000031806     0.0037990218
251     0.0000000000     0.0000000000     -0.0000000000     0.0000000000     0.0000383716     0.0037965226
252     0.0000000000     0.0000000000     -0.0000000000     0.0000000000     0.0000680508     0.0037996176
253     0.0000000000     0.0000000000     -0.0000000000     0.0000000000     0.0000920736     0.0037830290
254     0.0000000000     0.0000000000     -0.0000000000     0.0000000000     0.0001356693     0.0037355127
255     0.0000000000     0.0000000000     -0.0000000000     0.0000000000     0.0001729101     0.0037098832
256     0.0000000000     0.0000000000     -0.0000000000     0.0000000000     0.0001912596     0.0037240774
257     0.0000000000     0.0000000000     -0.0000000000     0.0000000000     0.0002152088     0.0037331283
258     0.0000000000     0.0000000000     -0.0000000000     0.0000000000     0.0002417426     0.0037459225
259     0.0000000000     0.0000000000     -0.0000000000     0.0000000000     0.0002494411     0.0037520709
260     0.0000000000     0.0000000000     -0.0000000000     0.0000000000     0.0002590720     0.0037479492
261     0.0000000000     0.0000000000     -0.0000000000     0.0000000000     -0.0004811770     0.0036243388
262     0.0000000000     0.0000000000     -0.0000000000     0.0000000000     -0.0004798589     0.0036227056
263     0.0000000000     0.0000000000     -0.0000000000     0.0000000000     -0.0004823180     0.0036233159
264     0.0000000000     0.0000000000     -0.0000000000     0.0000000000     -0.0004696131     0.0036152092
265     0.0000000000     0.0000000000     -0.0000000000     0.0000000000     -0.0004369173     0.0035956467
266     0.0000000000     0.0000000000     -0.0000000000     0.0000000000     -0.0004051651     0.0035882058
267     0.0000000000     0.0000000000     -0.0000000000     0.0000000000     -0.0003595521     0.0035960174
268     0.0000000000     0.0000000000     -0.0000000000     0.0000000000     -0.0003134902     0.0036170231
269     0.0000000000     0.0000000000     -0.0000000000     0.0000000000     -0.0002736117     0.0036017769
270     0.0000000000     0.0000000000     -0.0000000000     0.0000000000     -0.0002163716     0.0035647046
271     0.0000000000     0.0000000000     -0.0000000000     0.0000000000     -0.0001667637     0.0035752885
272     0.0000000000     0.0000000000     -0.0000000000     0.0000000000     -0.0001377617     0.0035940840
273     0.0000000000     0.0000000000     -0.0000000000     0.0000000000     -0.0001061075     0.0036030723
274     0.0000000000     0.0000000000     -0.0000000000     0.0000000000     -0.0000675858     0.0035894980
275     0.0000000000     0.0000000000     -0.0000000000     0.0000000000     -0.0000262058     0.0035162143
276     0.0000000000     0.0000000000     -0.0000000000     0.0000000000     0.0000196978     0.0034997894
277     0.0000000000     0.0000000000     -0.0000000000     0.0000000000     0.0000630657     0.0035023308
278     0.0000000000     0.0000000000     -0.0000000000     0.0000000000     0.0000949388     0.0034991990
279     0.0000000000     0.0000000000     -0.0000000000     0.0000000000     0.0001129597     0.0034755473
280     0.0000000000     0.0000000000     -0.0000000000     0.0000000000     0.0001561638     0.0034524270
281     0.0000000000     0.0000000000     -0.0000000000     0.0000000000     0.0001934528     0.0034653837
282     0.0000000000     0.0000000000     -0.0000000000     0.0000000000     0.0002138105     0.0034832367
283     0.0000000000     0.0000000000     -0.0000000000     0.0000000000     0.0002413576     0.0034697470
284     0.0000000000     0.0000000000     -0.0000000000     0.0000000000     0.0002669385     0.0034538954
285     0.0000000000     0.0000000000     -0.0000000000     0.0000000000     0.0002729966     0.0034571192
286     0.0000000000     0.0000000000     -0.0000000000     0.0000000000     0.0002807188     0.0034543198
287     0.0000000000     0.0000000000     -0.0000000000     0.0000000000     -0.0004597707     0.0033253741
288     0.0000000000     0.0000000000     -0.0000000000     0.0000000000     -0.0004536681     0.0033203375
289     0.0000000000     0.0000000000     -0.0000000000     0.0000000000     -0.0004573086     0.0033206549
290     0.0000000000     0.0000000000     -0.0000000000     0.0000000000     -0.0004381526     0.0033190941
291     0.0000000000     0.0000000000     -0.0000000000     0.0000000000     -0.0003998575     0.0033057964
292     0.0000000000     0.0000000000     -0.0000000000     0.0000000000     -0.0003754025     0.0032812929
293     0.0000000000     0.0000000000     -0.0000000000     0.0000000000     -0.0003384510     0.0032821502
294     0.0000000000     0.0000000000     -0.0000000000     0.0000000000     -0.0002964242     0.0032977896
295     0.0000000000     0.0000000000     -0.0000000000     0.0000000000     -0.0002533583     0.0032658377
296     0.0000000000     0.0000000000     -0.0000000000     0.0000000000     -0.0002039623     0.0032337019
297     0.0000000000     0.0000000000     -0.0000000000     0.0000000000     -0.0001627730     0.0032784920
298     0.0000000000     0.0000000000     -0.0000000000     0.0000000000     -0.0001326827     0.0033204533
299     0.0000000000     0.0000000000     -0.0000000000     0.0000000000     -0.0000973329     0.0033053932
300     0.0000000000     0.0000000000     -0.0000000000     0.0000000000     -0.0000526441     0.0032851874
301     0.0000000000     0.0000000000     -0.0000000000     0.0000000000     -0.0000094322     0.0032487657
302     0.0000000000     0.0000000000     -0.0000000000     0.0000000000     0.0000385560     0.0032307747
303     0.0000000000     0.0000000000     -0.0000000000     0.0000000000     0.0000890348     0.0032189703
304     0.0000000000     0.0000000000     -0.0000000000     0.0000000000     0.0001275986     0.0032095104
305     0.0000000000     0.0000000000     -0.0000000000     0.0000000000     0.0001511087     0.0031874537
306     0.0000000000     0.0000000000     -0.0000000000     0.0000000000     0.0001901170     0.0031817668
307     0.0000000000     0.0000000000     -0.0000000000     0.0000000000     0.0002284615     0.0032065422
308     0.0000000000     0.0000000000     -0.0000000000     0.0000000000     0.0002640994     0.0032012549
309     0.0000000000     0.0000000000     -0.0000000000     0.0000000000     0.0002987998     0.0031646929
310     0.0000000000     0.0000000000     -0.0000000000     0.0000000000     0.0003237119     0.0031414687
311     0.0000000000     0.0000000000     -0.0000000000     0.0000000000     0.0003268262     0.0031425775
312     0.0000000000     0.0000000000     -0.0000000000     0.0000000000     0.0003287709     0.0031472669
313     0.0000000000     0.0000000000     -0.0000000000     0.0000000000     -0.0004595568     0.0030385740
314     0.0000000000     0.0000000000     -0.0000000000     0.0000000000     -0.0004554042     0.0030378995
315     0.0000000000     0.0000000000     -0.0000000000     0.0000000000     -0.0004591793     0.0030366304
316     0.0000000000     0.0000000000     -0.0000000000     0.0000000000     -0.0004366989     0.0030505333
317     0.0000000000     0.0000000000     -0.0000000000     0.0000000000     -0.0003810983     0.0030738034
318     0.0000000000     0.0000000000     -0.0000000000     0.0000000000     -0.0003523500     0.0030429713
319     0.0000000000     0.0000000000     -0.0000000000     0.0000000000     -0.0003215412     0.0030108725
320     0.0000000000     0.0000000000     -0.0000000000     0.0000000000     -0.0002813967     0.0029987297
321     0.0000000000     0.0000000000     -0.0000000000     0.0000000000     -0.0002420322     0.0029601019
322     0.0000000000     0.0000000000     -0.0000000000     0.0000000000     -0.0002009582     0.0029460185
323     0.0000000000     0.0000000000     -0.0000000000     0.0000000000     -0.0001656622     0.0029912523
324     0.0000000000     0.0000000000     -0.0000000000     0.0000000000     -0.0001267763     0.0030226030
325     0.0000000000     0.0000000000     -0.0000000000     0.0000000000     -0.0000836001     0.0030020329
326     0.0000000000     0.0000000000     -0.0000000000     0.0000000000     -0.0000401436     0.0029776831
327     0.0000000000     0.0000000000     -0.0000000000     0.0000000000     0.0000065499     0.0029764272
328     0.0000000000     0.0000000000     -0.0000000000     0.0000000000     0.0000587900     0.0029622005
329     0.0000000000     0.0000000000     -0.0000000000     0.0000000000     0.0001074936     0.0029375878
330     0.0000000000     0.0000000000     -0.0000000000     0.0000000000     0.0001476275     0.0029341053
331     0.0000000000     0.0000000000     -0.0000000000     0.0000000000     0.0001803926     0.0029253604
332     0.0000000000     0.0000000000     -0.0000000000     0.0000000000     0.0002215125     0.0029345020
333     0.0000000000     0.0000000000     -0.0000000000     0.0000000000     0.0002691625     0.0029482809
334     0.0000000000     0.0000000000     -0.0000000000     0.0000000000     0.0003162084     0.0029205829
335     0.0000000000     0.0000000000     -0.0000000000     0.0000000000     0.0003575317     0.0028784707
336     0.0000000000     0.0000000000     -0.0000000000     0.0000000000     0.0003828800     0.0028567365
337     0.0000000000     0.0000000000     -0.0000000000     0.0000000000     0.0003832133     0.0028575236
338     0.0000000000     0.0000000000     -0.0000000000     0.0000000000     0.0003762692     0.0028640088
339     0.0000000000     0.0000000000     -0.0000000000     0.0000000000     -0.0004728867     0.0027704108
340     0.0000000000     0.0000000000     -0.0000000000     0.0000000000     -0.0004762255     0.0027824178
341     0.0000000000     0.0000000000     -0.0000000000     0.0000000000     -0.0004789171     0.0027803700
342     0.0000000000     0.0000000000     -0.0000000000     0.0000000000     -0.0004597249     0.0027929859
343     0.0000000000     0.0000000000     -0.0000000000     0.0000000000     -0.0003944913     0.0028117724
344     0.0000000000     0.0000000000     -0.0000000000     0.0000000000     -0.0003488143     0.0027891232
345     0.0000000000     0.0000000000     -0.0000000000     0.0000000000     -0.0003136587     0.0027462202
346     0.0000000000     0.0000000000     -0.0000000000     0.0000000000     -0.0002738191     0.0027212962
347     0.0000000000     0.0000000000     -0.0000000000     0.0000000000     -0.0002398018     0.0026993084
348     0.0000000000     0.0000000000     -0.0000000000     0.0000000000     -0.0002005559     0.0026969171
349     0.0000000000     0.0000000000     -0.0000000000     0.0000000000     -0.0001596806     0.0027054496
350     0.0000000000     0.0000000000     -0.0000000000     0.0000000000     -0.0001143595     0.0027072563
351     0.0000000000     0.0000000000     -0.0000000000     0.0000000000     -0.0000669286     0.0026893797
352     0.0000000000     0.0000000000     -0.0000000000     0.0000000000     -0.0000260841     0.0026566746
353     0.0000000000     0.0000000000     -0.0000000000     0.0000000000     0.0000211627     0.0026709841
354     0.0000000000     0.0000000000     -0.0000000000     0.0000000000     0.0000673129     0.0026745276
355     0.0000000000     0.0000000000     -0.0000000000     0.0000000000     0.0001093032     0.0026672068
356     0.0000000000     0.0000000000     -0.0000000000     0.0000000000     0.0001495133     0.0026841599
357     0.0000000000     0.0000000000     -0.0000000000     0.0000000000     0.0001895068     0.0026836917
358     0.0000000000     0.0000000000     -0.0000000000     0.0000000000     0.0002367518     0.0026812085
359     0.0000000000     0.0000000000     -0.0000000000     0.0000000000     0.0002920564     0.0026705270
360     0.0000000000     0.0000000000     -0.0000000000     0.0000000000     0.0003396199     0.0026466763
361     0.0000000000     0.0000000000     -0.0000000000     0.0000000000     0.0003884735     0.0026249128
362     0.0000000000     0.0000000000     -0.0000000000     0.0000000000     0.0004127973     0.0026109570
363     0.0000000000     0.0000000000     -0.0000000000     0.0000000000     0.0004108309     0.0026118683
364     0.0000000000     0.0000000000     -0.0000000000     0.0000000000     0.0003982432     0.0026085356
365     0.0000000000     0.0000000000     -0.0000000000     0.0000000000     -0.0004757218     0.0024959223
366     0.0000000000     0.0000000000     -0.0000000000     0.0000000000     -0.0004844021     0.0025063125
367     0.0000000000     0.0000000000     -0.0000000000     0.0000000000     -0.0004862052     0.0025060531
368     0.0000000000     0.0000000000     -0.0000000000     0.0000000000     -0.0004697160     0.0025073348
369     0.0000000000     0.0000000000     -0.0000000000     0.0000000000     -0.0004095402     0.0024831626
370     0.0000000000     0.0000000000     -0.0000000000     0.0000000000     -0.0003566983     0.0024613948
371     0.0000000000     0.0000000000     -0.0000000000     0.0000000000     -0.0003162457     0.0024429022
372     0.0000000000     0.0000000000     -0.0000000000     0.0000000000     -0.0002712675     0.0024341401
373     0.0000000000     0.0000000000     -0.0000000000     0.0000000000     -0.0002328383     0.0024305941
374     0.0000000000     0.0000000000     -0.0000000000     0.0000000000     -0.0001905706     0.0024207651
375     0.0000000000     0.0000000000     -0.0000000000     0.0000000000     -0.0001475931     0.0023931545
376     0.0000000000     0.0000000000     -0.0000000000     0.0000000000     -0.0000984436     0.0023743768
377     0.0000000000     0.0000000000     -0.0000000000     0.0000000000     -0.0000477970     0.0023607643
378     0.0000000000     0.0000000000     -0.0000000000     0.0000000000     -0.0000137004     0.0023299456
379     0.0000000000     0.0000000000     -0.0000000000     0.0000000000     0.0000235193     0.0023453915
380     0.0000000000     0.0000000000     -0.0000000000     0.0000000000     0.0000612330     0.0023698253
381     0.0000000000     0.0000000000     -0.0000000000     0.0000000000     0.0001045270     0.0023971961
382     0.0000000000     0.0000000000     -0.0000000000     0.0000000000     0.0001470350     0.0024262474
383     0.0000000000     0.0000000000     -0.0000000000     0.0000000000     0.0001846353     0.0024060498
384     0.0000000000     0.0000000000     -0.0000000000     0.0000000000     0.0002314077     0.0023683546
385     0.0000000000     0.0000000000     -0.0000000000     0.0000000000     0.0002852690     0.0023396663
386     0.0000000000     0.0000000000     -0.0000000000     0.0000000000     0.0003299770     0.0023327537
387     0.0000000000     0.0000000000     -0.0000000000     0.0000000000     0.0003761485     0.0023493769
388     0.0000000000     0.0000000000     -0.0000000000     0.0000000000     0.0003957672     0.0023543033
389     0.0000000000     0.0000000000     -0.0000000000     0.0000000000     0.0003927845     0.0023536519
390     0.0000000000     0.0000000000     -0.0000000000     0.0000000000     0.0003846068     0.0023442086
391     0.0000000000     0.0000000000     -56.6308002311     0.0000000000     -0.0004615335     0.0022010147
392     0.0000000000     0.0000000000     -56.6308002311     0.0000000000     -0.0004724834     0.0021977230
393     0.0000000000     0.0000000000     -56.6308002311     0.0000000000     -0.0004736045     0.0021998461
394     0.0000000000     0.0000000000     -56.6308002311     0.0000000000     -0.0004578536     0.0021900770
395     0.0000000000     0.0000000000     -56.6308002311     0.0000000000     -0.0004060841     0.0021322982
396     0.0000000000     0.0000000000     -56.6308002311     0.0000000000     -0.0003575606     0.0021086504
397     0.0000000000     0.0000000000     -56.6308002311     0.0000000000     -0.0003139665     0.0021100995
398     0.0000000000     0.0000000000     -56.6308002311     0.0000000000     -0.0002499975     0.0021309504
399     0.0000000000     0.0000000000     -56.6308002311     0.0000000000     -0.0002028411     0.0021479934
400     0.0000000000     0.0000000000     -56.6308002311     0.0000000000     -0.0001717963     0.0021144772
401     0.0000000000     0.0000000000     -56.6308002311     0.0000000000     -0.0001357141     0.0020611847
402     0.0000000000     0.0000000000     -56.6308002311     0.0000000000     -0.0000895418     0.0020298392
403     0.0000000000     0.0000000000     -56.6308002311     0.0000000000     -0.0000409641     0.0020228133
404     0.0000000000     0.0000000000     -56.6308002311     0.0000000000     -0.0000092977     0.0020081621
405     0.0000000000     0.0000000000     -56.6308002311     0.0000000000     0.0000212933     0.0020219065
406     0.0000000000     0.0000000000     -56.6308002311     0.0000000000     0.0000584396     0.0020529232
407     0.0000000000     0.0000000000     -56.6308002311     0.0000000000     0.0001075566     0.0021036474
408     0.0000000000     0.0000000000     -56.6308002311     0.0000000000     0.0001474607     0.0021345551
409     0.0000000000     0.0000000000     -56.6308002311     0.0000000000     0.0001769798     0.0020875140
410     0.0000000000     0.0000000000     -56.6308002311     0.0000000000     0.0002158391     0.0020228739
411     0.0000000000     0.0000000000     -56.6308002311     0.0000000000     0.0002611206     0.0019887650
412     0.0000000000     0.0000000000     -56.6308002311     0.0000000000     0.0002985053     0.0019982478
413     0.0000000000     0.0000000000     -56.6308002311     0.0000000000     0.0003328870     0.0020420164
414     0.0000000000     0.0000000000     -56.6308002311     0.0000000000     0.0003517947     0.0020607130
415     0.0000000000     0.0000000000     -56.6308002311     0.0000000000     0.0003498362     0.0020578910
416     0.0000000000     0.0000000000     -56.6308002311     0.0000000000     0.0003482932     0.0020520877
