1     0.0000000000     0.0000000000     -4.9287294161     0.0000000000     0.0000983361     -0.0011005712
2     0.0000000000     0.0000000000     -4.9287294161     0.0000000000     0.0000979534     -0.0011005831
3     0.0000000000     0.0000000000     -4.9287294161     0.0000000000     0.0000964737     -0.0010992287
4     0.0000000000     0.0000000000     -4.9287294161     0.0000000000     0.0000947055     -0.0010980257
5     0.0000000000     0.0000000000     -4.9287294161     0.0000000000     0.0000925632     -0.0010970609
6     0.0000000000     0.0000000000     -4.9287294161     0.0000000000     0.0000899705     -0.0010962403
7     0.0000000000     0.0000000000     -4.9287294161     0.0000000000     0.0000869852     -0.0010953166
8     0.0000000000     0.0000000000     -4.9287294161     0.0000000000     0.0000837279     -0.0010940455
9     0.0000000000     0.0000000000     -4.9287294161     0.0000000000     0.0000803225     -0.0010926004
10     0.0000000000     0.0000000000     -4.9287294161     0.0000000000     0.0000767846     -0.0010914028
11     0.0000000000     0.0000000000     -4.9287294161     0.0000000000     0.0000730178     -0.0010903427
12     0.0000000000     0.0000000000     -4.9287294161     0.0000000000     0.0000690204     -0.0010890130
13     0.0000000000     0.0000000000     -4.9287294161     0.0000000000     0.0000649205     -0.0010874830
14     0.0000000000     0.0000000000     -4.9287294161     0.0000000000     0.0000609318     -0.0010860231
15     0.0000000000     0.0000000000     -4.9287294161     0.0000000000     0.0000572687     -0.0010847612
16     0.0000000000     0.0000000000     -4.9287294161     0.0000000000     0.0000539580     -0.0010837598
17     0.0000000000     0.0000000000     -4.9287294161     0.0000000000     0.0000508493     -0.0010830164
18     0.0000000000     0.0000000000     -4.9287294161     0.0000000000     0.0000477464     -0.0010824114
19     0.0000000000     0.0000000000     -4.9287294161     0.0000000000     0.0000445292     -0.0010818194
20     0.0000000000     0.0000000000     -4.9287294161     0.0000000000     0.0000411819     -0.0010811395
21     0.0000000000     0.0000000000     -4.9287294161     0.0000000000     0.0000377859     -0.0010801122
22     0.0000000000     0.0000000000     -4.9287294161     0.0000000000     0.0000345219     -0.0010783880
23     0.0000000000     0.0000000000     -4.9287294161     0.0000000000     0.0000315653     -0.0010758289
24     0.0000000000     0.0000000000     -4.9287294161     0.0000000000     0.0000289366     -0.0010727308
25     0.0000000000     0.0000000000     -4.9287294161     0.0000000000     0.0000265125     -0.0010694706
26     0.0000000000     0.0000000000     -4.9287294161     0.0000000000     0.0000242264     -0.0010664276
27     0.0000000000     0.0000000000     0.0000000000     0.0000000000     0.0000973422     -0.0010829972
28     0.0000000000     0.0000000000     0.0000000000     0.0000000000     0.0000972347     -0.0010830137
29     0.0000000000     0.0000000000     0.0000000000     0.0000000000     0.0000957174     -0.0010816503
30     0.0000000000     0.0000000000     0.0000000000     0.0000000000     0.0000940638     -0.0010804202
31     0.0000000000     0.0000000000     0.0000000000     0.0000000000     0.0000919455     -0.0010794728
32     0.0000000000     0.0000000000     0.0000000000     0.0000000000     0.0000892440     -0.0010786161
33     0.0000000000     0.0000000000     0.0000000000     0.0000000000     0.0000861332     -0.0010776160
34     0.0000000000     0.0000000000     0.0000000000     0.0000000000     0.0000827818     -0.0010759237
35     0.0000000000     0.0000000000     0.0000000000     0.0000000000     0.0000794315     -0.0010738150
36     0.0000000000     0.0000000000     0.0000000000     0.0000000000     0.0000761053     -0.0010724653
37     0.0000000000     0.0000000000     0.0000000000     0.0000000000     0.0000723971     -0.0010715722
38     0.0000000000     0.0000000000     0.0000000000     0.0000000000     0.0000682865     -0.0010700064
39     0.0000000000     0.0000000000     0.0000000000     0.0000000000     0.0000639895     -0.0010682700
40     0.0000000000     0.0000000000     0.0000000000     0.0000000000     0.0000597967     -0.0010667674
41     0.0000000000     0.0000000000     0.0000000000     0.0000000000     0.0000561227     -0.0010654320
42     0.0000000000     0.0000000000     0.0000000000     0.0000000000     0.0000529214     -0.0010643659
43     0.0000000000     0.0000000000     0.0000000000     0.0000000000     0.0000499255     -0.0010636488
44     0.0000000000     0.0000000000     0.0000000000     0.0000000000     0.0000468232     -0.0010630432
45     0.0000000000     0.0000000000     0.0000000000     0.0000000000     0.0000434860     -0.0010623584
46     0.0000000000     0.0000000000     0.0000000000     0.0000000000     0.0000399359     -0.0010617314
47     0.0000000000     0.0000000000     0.0000000000     0.0000000000     0.0000362824     -0.0010607891
48     0.0000000000     0.0000000000     0.0000000000     0.0000000000     0.0000328413     -0.0010589918
49     0.0000000000     0.0000000000     0.0000000000     0.0000000000     0.0000298940     -0.0010559963
50     0.0000000000     0.0000000000     0.0000000000     0.0000000000     0.0000274464     -0.0010527096
51     0.0000000000     0.0000000000     0.0000000000     0.0000000000     0.0000251207     -0.0010495741
52     0.0000000000     0.0000000000     0.0000000000     0.0000000000     0.0000229196     -0.0010466131
53     0.0000000000     0.0000000000     0.0000000000     0.0000000000     0.0000963462     -0.0010656509
54     0.0000000000     0.0000000000     0.0000000000     0.0000000000     0.0000962743     -0.0010656801
55     0.0000000000     0.0000000000     0.0000000000     0.0000000000     0.0000948893     -0.0010646357
56     0.0000000000     0.0000000000     0.0000000000     0.0000000000     0.0000932693     -0.0010635623
57     0.0000000000     0.0000000000     0.0000000000     0.0000000000     0.0000911001     -0.0010627455
58     0.0000000000     0.0000000000     0.0000000000     0.0000000000     0.0000881198     -0.0010614091
59     0.0000000000     0.0000000000     0.0000000000     0.0000000000     0.0000848955     -0.0010598954
60     0.0000000000     0.0000000000     0.0000000000     0.0000000000     0.0000814398     -0.0010577289
61     0.0000000000     0.0000000000     0.0000000000     0.0000000000     0.0000782317     -0.0010548993
62     0.0000000000     0.0000000000     0.0000000000     0.0000000000     0.0000755152     -0.0010532661
63     0.0000000000     0.0000000000     0.0000000000     0.0000000000     0.0000719571     -0.0010523566
64     0.0000000000     0.0000000000     0.0000000000     0.0000000000     0.0000676541     -0.0010502446
65     0.0000000000     0.0000000000     0.0000000000     0.0000000000     0.0000631894     -0.0010488544
66     0.0000000000     0.0000000000     0.0000000000     0.0000000000     0.0000588469     -0.0010477239
67     0.0000000000     0.0000000000     0.0000000000     0.0000000000     0.0000553281     -0.0010462628
68     0.0000000000     0.0000000000     0.0000000000     0.0000000000     0.0000522293     -0.0010450654
69     0.0000000000     0.0000000000     0.0000000000     0.0000000000     0.0000492675     -0.0010443672
70     0.0000000000     0.0000000000     0.0000000000     0.0000000000     0.0000460222     -0.0010436810
71     0.0000000000     0.0000000000     0.0000000000     0.0000000000     0.0000424202     -0.0010425709
72     0.0000000000     0.0000000000     0.0000000000     0.0000000000     0.0000385237     -0.0010418331
73     0.0000000000     0.0000000000     0.0000000000     0.0000000000     0.0000345120     -0.0010406319
74     0.0000000000     0.0000000000     0.0000000000     0.0000000000     0.0000310082     -0.0010385342
75     0.0000000000     0.0000000000     0.0000000000     0.0000000000     0.0000281857     -0.0010344019
76     0.0000000000     0.0000000000     0.0000000000     0.0000000000     0.0000260892     -0.0010311538
77     0.0000000000     0.0000000000     0.0000000000     0.0000000000     0.0000237529     -0.0010293863
78     0.0000000000     0.0000000000     0.0000000000     0.0000000000     0.0000216642     -0.0010271349
79     0.0000000000     0.0000000000     0.0000000000     0.0000000000     0.0000955648     -0.0010482502
80     0.0000000000     0.0000000000     0.0000000000     0.0000000000     0.0000954977     -0.0010482866
81     0.0000000000     0.0000000000     0.0000000000     0.0000000000     0.0000939882     -0.0010483358
82     0.0000000000     0.0000000000     0.0000000000     0.0000000000     0.0000921975     -0.0010471301
83     0.0000000000     0.0000000000     0.0000000000     0.0000000000     0.0000898760     -0.0010463241
84     0.0000000000     0.0000000000     0.0000000000     0.0000000000     0.0000865717     -0.0010442678
85     0.0000000000     0.0000000000     0.0000000000     0.0000000000     0.0000834724     -0.0010411174
86     0.0000000000     0.0000000000     0.0000000000     0.0000000000     0.0000800642     -0.0010391947
87     0.0000000000     0.0000000000     0.0000000000     0.0000000000     0.0000769985     -0.0010377542
88     0.0000000000     0.0000000000     0.0000000000     0.0000000000     0.0000748721     -0.0010355531
89     0.0000000000     0.0000000000     0.0000000000     0.0000000000     0.0000714159     -0.0010326748
90     0.0000000000     0.0000000000     0.0000000000     0.0000000000     0.0000667214     -0.0010305298
91     0.0000000000     0.0000000000     0.0000000000     0.0000000000     0.0000622235     -0.0010306507
92     0.0000000000     0.0000000000     0.0000000000     0.0000000000     0.0000584390     -0.0010298712
93     0.0000000000     0.0000000000     0.0000000000     0.0000000000     0.0000552780     -0.0010277224
94     0.0000000000     0.0000000000     0.0000000000     0.0000000000     0.0000522191     -0.0010264790
95     0.0000000000     0.0000000000     0.0000000000     0.0000000000     0.0000488082     -0.0010257825
96     0.0000000000     0.0000000000     0.0000000000     0.0000000000     0.0000449931     -0.0010245829
97     0.0000000000     0.0000000000     0.0000000000     0.0000000000     0.0000410311     -0.0010231202
98     0.0000000000     0.0000000000     0.0000000000     0.0000000000     0.0000365346     -0.0010216569
99     0.0000000000     0.0000000000     0.0000000000     0.0000000000     0.0000322770     -0.0010198431
100     0.0000000000     0.0000000000     0.0000000000     0.0000000000     0.0000291002     -0.0010170995
101     0.0000000000     0.0000000000     0.0000000000     0.0000000000     0.0000267872     -0.0010118099
102     0.0000000000     0.0000000000     0.0000000000     0.0000000000     0.0000248489     -0.0010089538
103     0.0000000000     0.0000000000     0.0000000000     0.0000000000     0.0000226479     -0.0010098260
104     0.0000000000     0.0000000000     0.0000000000     0.0000000000     0.0000206329     -0.0010101602
105     0.0000000000     0.0000000000     0.0000000000     0.0000000000     0.0000943740     -0.0010327351
106     0.0000000000     0.0000000000     0.0000000000     0.0000000000     0.0000942845     -0.0010326814
107     0.0000000000     0.0000000000     0.0000000000     0.0000000000     0.0000924411     -0.0010309043
108     0.0000000000     0.0000000000     0.0000000000     0.0000000000     0.0000907184     -0.0010279800
109     0.0000000000     0.0000000000     0.0000000000     0.0000000000     0.0000885697     -0.0010252513
110     0.0000000000     0.0000000000     0.0000000000     0.0000000000     0.0000858218     -0.0010233696
111     0.0000000000     0.0000000000     0.0000000000     0.0000000000     0.0000831800     -0.0010226530
112     0.0000000000     0.0000000000     0.0000000000     0.0000000000     0.0000805523     -0.0010230230
113     0.0000000000     0.0000000000     0.0000000000     0.0000000000     0.0000775265     -0.0010221458
114     0.0000000000     0.0000000000     0.0000000000     0.0000000000     0.0000735299     -0.0010202252
115     0.0000000000     0.0000000000     0.0000000000     0.0000000000     0.0000689118     -0.0010184223
116     0.0000000000     0.0000000000     0.0000000000     0.0000000000     0.0000647903     -0.0010165297
117     0.0000000000     0.0000000000     0.0000000000     0.0000000000     0.0000613382     -0.0010150666
118     0.0000000000     0.0000000000     0.0000000000     0.0000000000     0.0000580998     -0.0010128587
119     0.0000000000     0.0000000000     0.0000000000     0.0000000000     0.0000555320     -0.0010104385
120     0.0000000000     0.0000000000     0.0000000000     0.0000000000     0.0000525309     -0.0010091442
121     0.0000000000     0.0000000000     0.0000000000     0.0000000000     0.0000480308     -0.0010084255
122     0.0000000000     0.0000000000     0.0000000000     0.0000000000     0.0000428575     -0.0010064363
123     0.0000000000     0.0000000000     0.0000000000     0.0000000000     0.0000384113     -0.0010049610
124     0.0000000000     0.0000000000     0.0000000000     0.0000000000     0.0000341927     -0.0010022484
125     0.0000000000     0.0000000000     0.0000000000     0.0000000000     0.0000306310     -0.0009997928
126     0.0000000000     0.0000000000     0.0000000000     0.0000000000     0.0000275665     -0.0009978642
127     0.0000000000     0.0000000000     0.0000000000     0.0000000000     0.0000253800     -0.0009958181
128     0.0000000000     0.0000000000     0.0000000000     0.0000000000     0.0000239332     -0.0009944892
129     0.0000000000     0.0000000000     0.0000000000     0.0000000000     0.0000225814     -0.0009949606
130     0.0000000000     0.0000000000     0.0000000000     0.0000000000     0.0000208987     -0.0009942198
131     0.0000000000     0.0000000000     0.0000000000     0.0000000000     0.0000925153     -0.0010139330
132     0.0000000000     0.0000000000     0.0000000000     0.0000000000     0.0000924420     -0.0010138843
133     0.0000000000     0.0000000000     0.0000000000     0.0000000000     0.0000907757     -0.0010116330
134     0.0000000000     0.0000000000     0.0000000000     0.0000000000     0.0000893826     -0.0010095069
135     0.0000000000     0.0000000000     0.0000000000     0.0000000000     0.0000874168     -0.0010076535
136     0.0000000000     0.0000000000     0.0000000000     0.0000000000     0.0000850414     -0.0010045147
137     0.0000000000     0.0000000000     0.0000000000     0.0000000000     0.0000827698     -0.0010026187
138     0.0000000000     0.0000000000     0.0000000000     0.0000000000     0.0000806917     -0.0010025250
139     0.0000000000     0.0000000000     0.0000000000     0.0000000000     0.0000776719     -0.0010012301
140     0.0000000000     0.0000000000     0.0000000000     0.0000000000     0.0000729241     -0.0010004933
141     0.0000000000     0.0000000000     0.0000000000     0.0000000000     0.0000678083     -0.0009992753
142     0.0000000000     0.0000000000     0.0000000000     0.0000000000     0.0000639977     -0.0009960634
143     0.0000000000     0.0000000000     0.0000000000     0.0000000000     0.0000609976     -0.0009935104
144     0.0000000000     0.0000000000     0.0000000000     0.0000000000     0.0000580977     -0.0009920484
145     0.0000000000     0.0000000000     0.0000000000     0.0000000000     0.0000548935     -0.0009918758
146     0.0000000000     0.0000000000     0.0000000000     0.0000000000     0.0000504778     -0.0009907690
147     0.0000000000     0.0000000000     0.0000000000     0.0000000000     0.0000455324     -0.0009892368
148     0.0000000000     0.0000000000     0.0000000000     0.0000000000     0.0000410078     -0.0009874842
149     0.0000000000     0.0000000000     0.0000000000     0.0000000000     0.0000366876     -0.0009870288
150     0.0000000000     0.0000000000     0.0000000000     0.0000000000     0.0000328530     -0.0009854652
151     0.0000000000     0.0000000000     0.0000000000     0.0000000000     0.0000301014     -0.0009812404
152     0.0000000000     0.0000000000     0.0000000000     0.0000000000     0.0000274556     -0.0009783704
153     0.0000000000     0.0000000000     0.0000000000     0.0000000000     0.0000250828     -0.0009785117
154     0.0000000000     0.0000000000     0.0000000000     0.0000000000     0.0000235045     -0.0009788963
155     0.0000000000     0.0000000000     0.0000000000     0.0000000000     0.0000221363     -0.0009779898
156     0.0000000000     0.0000000000     0.0000000000     0.0000000000     0.0000202725     -0.0009761549
157     0.0000000000     0.0000000000     0.0000000000     0.0000000000     0.0000911534     -0.0009938093
158     0.0000000000     0.0000000000     0.0000000000     0.0000000000     0.0000911018     -0.0009938683
159     0.0000000000     0.0000000000     0.0000000000     0.0000000000     0.0000897144     -0.0009932517
160     0.0000000000     0.0000000000     0.0000000000     0.0000000000     0.0000881628     -0.0009921540
161     0.0000000000     0.0000000000     0.0000000000     0.0000000000     0.0000861879     -0.0009896089
162     0.0000000000     0.0000000000     0.0000000000     0.0000000000     0.0000838600     -0.0009850008
163     0.0000000000     0.0000000000     0.0000000000     0.0000000000     0.0000813487     -0.0009810668
164     0.0000000000     0.0000000000     0.0000000000     0.0000000000     0.0000788750     -0.0009803681
165     0.0000000000     0.0000000000     0.0000000000     0.0000000000     0.0000758718     -0.0009803262
166     0.0000000000     0.0000000000     0.0000000000     0.0000000000     0.0000719933     -0.0009792853
167     0.0000000000     0.0000000000     0.0000000000     0.0000000000     0.0000677805     -0.0009772380
168     0.0000000000     0.0000000000     0.0000000000     0.0000000000     0.0000638785     -0.0009749820
169     0.0000000000     0.0000000000     0.0000000000     0.0000000000     0.0000607103     -0.0009726438
170     0.0000000000     0.0000000000     0.0000000000     0.0000000000     0.0000576427     -0.0009722173
171     0.0000000000     0.0000000000     0.0000000000     0.0000000000     0.0000536149     -0.0009732999
172     0.0000000000     0.0000000000     0.0000000000     0.0000000000     0.0000484959     -0.0009720629
173     0.0000000000     0.0000000000     0.0000000000     0.0000000000     0.0000437235     -0.0009698279
174     0.0000000000     0.0000000000     0.0000000000     0.0000000000     0.0000403578     -0.0009684601
175     0.0000000000     0.0000000000     0.0000000000     0.0000000000     0.0000362067     -0.0009687883
176     0.0000000000     0.0000000000     0.0000000000     0.0000000000     0.0000320438     -0.0009685614
177     0.0000000000     0.0000000000     0.0000000000     0.0000000000     0.0000290063     -0.0009654028
178     0.0000000000     0.0000000000     0.0000000000     0.0000000000     0.0000266429     -0.0009635853
179     0.0000000000     0.0000000000     0.0000000000     0.0000000000     0.0000248291     -0.0009641473
180     0.0000000000     0.0000000000     0.0000000000     0.0000000000     0.0000229063     -0.0009620900
181     0.0000000000     0.0000000000     0.0000000000     0.0000000000     0.0000209721     -0.0009578159
182     0.0000000000     0.0000000000     0.0000000000     0.0000000000     0.0000190481     -0.0009560071
183     0.0000000000     0.0000000000     0.0000000000     0.0000000000     0.0000900139     -0.0009744244
184     0.0000000000     0.0000000000     0.0000000000     0.0000000000     0.0000899606     -0.0009744403
185     0.0000000000     0.0000000000     0.0000000000     0.0000000000     0.0000884765     -0.0009729541
186     0.0000000000     0.0000000000     0.0000000000     0.0000000000     0.0000866671     -0.0009712173
187     0.0000000000     0.0000000000     0.0000000000     0.0000000000     0.0000846622     -0.0009677018
188     0.0000000000     0.0000000000     0.0000000000     0.0000000000     0.0000826912     -0.0009652118
189     0.0000000000     0.0000000000     0.0000000000     0.0000000000     0.0000804398     -0.0009632676
190     0.0000000000     0.0000000000     0.0000000000     0.0000000000     0.0000778389     -0.0009623477
191     0.0000000000     0.0000000000     0.0000000000     0.0000000000     0.0000741197     -0.0009618384
192     0.0000000000     0.0000000000     0.0000000000     0.0000000000     0.0000697322     -0.0009603090
193     0.0000000000     0.0000000000     0.0000000000     0.0000000000     0.0000661130     -0.0009589507
194     0.0000000000     0.0000000000     0.0000000000     0.0000000000     0.0000628151     -0.0009582879
195     0.0000000000     0.0000000000     0.0000000000     0.0000000000     0.0000595592     -0.0009560262
196     0.0000000000     0.0000000000     0.0000000000     0.0000000000     0.0000557563     -0.0009535300
197     0.0000000000     0.0000000000     0.0000000000     0.0000000000     0.0000515921     -0.0009529126
198     0.0000000000     0.0000000000     0.0000000000     0.0000000000     0.0000470293     -0.0009524072
199     0.0000000000     0.0000000000     0.0000000000     0.0000000000     0.0000429355     -0.0009509029
200     0.0000000000     0.0000000000     0.0000000000     0.0000000000     0.0000395107     -0.0009486210
201     0.0000000000     0.0000000000     0.0000000000     0.0000000000     0.0000356937     -0.0009476900
202     0.0000000000     0.0000000000     0.0000000000     0.0000000000     0.0000320972     -0.0009482943
203     0.0000000000     0.0000000000     0.0000000000     0.0000000000     0.0000289030     -0.0009481233
204     0.0000000000     0.0000000000     0.0000000000     0.0000000000     0.0000262106     -0.0009468661
205     0.0000000000     0.0000000000     0.0000000000     0.0000000000     0.0000244222     -0.0009445215
206     0.0000000000     0.0000000000     0.0000000000     0.0000000000     0.0000220750     -0.0009411171
207     0.0000000000     0.0000000000     0.0000000000     0.0000000000     0.0000191268     -0.0009400303
208     0.0000000000     0.0000000000     0.0000000000     0.0000000000     0.0000173820     -0.0009392474
209     0.0000000000     0.0000000000     0.0000000000     0.0000000000     0.0000893836     -0.0009555412
210     0.0000000000     0.0000000000     0.0000000000     0.0000000000     0.0000893229     -0.0009554629
211     0.0000000000     0.0000000000     0.0000000000     0.0000000000     0.0000875343     -0.0009528019
212     0.0000000000     0.0000000000     0.0000000000     0.0000000000     0.0000858987     -0.0009517209
213     0.0000000000     0.0000000000     0.0000000000     0.0000000000     0.0000842314     -0.0009514477
214     0.0000000000     0.0000000000     0.0000000000     0.0000000000     0.0000822843     -0.0009504959
215     0.0000000000     0.0000000000     0.0000000000     0.0000000000     0.0000797057     -0.0009497669
216     0.0000000000     0.0000000000     0.0000000000     0.0000000000     0.0000763588     -0.0009479623
217     0.0000000000     0.0000000000     0.0000000000     0.0000000000     0.0000723241     -0.0009458974
218     0.0000000000     0.0000000000     0.0000000000     0.0000000000     0.0000681718     -0.0009452857
219     0.0000000000     0.0000000000     0.0000000000     0.0000000000     0.0000648413     -0.0009422270
220     0.0000000000     0.0000000000     0.0000000000     0.0000000000     0.0000616837     -0.0009382224
221     0.0000000000     0.0000000000     0.0000000000     0.0000000000     0.0000579036     -0.0009357701
222     0.0000000000     0.0000000000     0.0000000000     0.0000000000     0.0000533217     -0.0009330716
223     0.0000000000     0.0000000000     0.0000000000     0.0000000000     0.0000493980     -0.0009307233
224     0.0000000000     0.0000000000     0.0000000000     0.0000000000     0.0000458132     -0.0009298558
225     0.0000000000     0.0000000000     0.0000000000     0.0000000000     0.0000425758     -0.0009287678
226     0.0000000000     0.0000000000     0.0000000000     0.0000000000     0.0000391175     -0.0009273889
227     0.0000000000     0.0000000000     0.0000000000     0.0000000000     0.0000351800     -0.0009258818
228     0.0000000000     0.0000000000     0.0000000000     0.0000000000     0.0000319136     -0.0009245464
229     0.0000000000     0.0000000000     0.0000000000     0.0000000000     0.0000287421     -0.0009247422
230     0.0000000000     0.0000000000     0.0000000000     0.0000000000     0.0000258702     -0.0009242408
231     0.0000000000     0.0000000000     0.0000000000     0.0000000000     0.0000237479     -0.0009212356
232     0.0000000000     0.0000000000     0.0000000000     0.0000000000     0.0000210695     -0.0009194360
233     0.0000000000     0.0000000000     0.0000000000     0.0000000000     0.0000187663     -0.0009209610
234     0.0000000000     0.0000000000     0.0000000000     0.0000000000     0.0000171080     -0.0009200450
235     0.0000000000     0.0000000000     0.0000000000     0.0000000000     0.0000892697     -0.0009387142
236     0.0000000000     0.0000000000     0.0000000000     0.0000000000     0.0000892142     -0.0009386476
237     0.0000000000     0.0000000000     0.0000000000     0.0000000000     0.0000878098     -0.0009366788
238     0.0000000000     0.0000000000     0.0000000000     0.0000000000     0.0000857720     -0.0009354066
239     0.0000000000     0.0000000000     0.0000000000     0.0000000000     0.0000836586     -0.0009343409
240     0.0000000000     0.0000000000     0.0000000000     0.0000000000     0.0000814563     -0.0009317900
241     0.0000000000     0.0000000000     0.0000000000     0.0000000000     0.0000784733     -0.0009303006
242     0.0000000000     0.0000000000     0.0000000000     0.0000000000     0.0000750348     -0.0009290780
243     0.0000000000     0.0000000000     0.0000000000     0.0000000000     0.0000710933     -0.0009275687
244     0.0000000000     0.0000000000     0.0000000000     0.0000000000     0.0000672987     -0.0009266835
245     0.0000000000     0.0000000000     0.0000000000     0.0000000000     0.0000638288     -0.0009246277
246     0.0000000000     0.0000000000     0.0000000000     0.0000000000     0.0000599989     -0.0009209717
247     0.0000000000     0.0000000000     0.0000000000     0.0000000000     0.0000558209     -0.0009181967
248     0.0000000000     0.0000000000     0.0000000000     0.0000000000     0.0000515405     -0.0009160324
249     0.0000000000     0.0000000000     0.0000000000     0.0000000000     0.0000479756     -0.0009138253
250     0.0000000000     0.0000000000     0.0000000000     0.0000000000     0.0000448728     -0.0009115414
251     0.0000000000     0.0000000000     0.0000000000     0.0000000000     0.0000419488     -0.0009091883
252     0.0000000000     0.0000000000     0.0000000000     0.0000000000     0.0000384490     -0.0009075368
253     0.0000000000     0.0000000000     0.0000000000     0.0000000000     0.0000345230     -0.0009051348
254     0.0000000000     0.0000000000     0.0000000000     0.0000000000     0.0000311237     -0.0009037068
255     0.0000000000     0.0000000000     0.0000000000     0.0000000000     0.0000281392     -0.0009039711
256     0.0000000000     0.0000000000     0.0000000000     0.0000000000     0.0000256973     -0.0009040807
257     0.0000000000     0.0000000000     0.0000000000     0.0000000000     0.0000235401     -0.0009043274
258     0.0000000000     0.0000000000     0.0000000000     0.0000000000     0.0000212156     -0.0009027729
259     0.0000000000     0.0000000000     0.0000000000     0.0000000000     0.0000196868     -0.0008997291
260     0.0000000000     0.0000000000     0.0000000000     0.0000000000     0.0000179702     -0.0008972989
261     0.0000000000     0.0000000000     0.0000000000     0.0000000000     0.0000875397     -0.0009224293
262     0.0000000000     0.0000000000     0.0000000000     0.0000000000     0.0000874957     -0.0009223488
263     0.0000000000     0.0000000000     0.0000000000     0.0000000000     0.0000861565     -0.0009196612
264     0.0000000000     0.0000000000     0.0000000000     0.0000000000     0.0000842633     -0.0009175661
265     0.0000000000     0.0000000000     0.0000000000     0.0000000000     0.0000820477     -0.0009154504
266     0.0000000000     0.0000000000     0.0000000000     0.0000000000     0.0000798367     -0.0009123997
267     0.0000000000     0.0000000000     0.0000000000     0.0000000000     0.0000766284     -0.0009102341
268     0.0000000000     0.0000000000     0.0000000000     0.0000000000     0.0000731543     -0.0009101022
269     0.0000000000     0.0000000000     0.0000000000     0.0000000000     0.0000698972     -0.0009101525
270     0.0000000000     0.0000000000     0.0000000000     0.0000000000     0.0000664941     -0.0009075274
271     0.0000000000     0.0000000000     0.0000000000     0.0000000000     0.0000627505     -0.0009054180
272     0.0000000000     0.0000000000     0.0000000000     0.0000000000     0.0000586912     -0.0009032379
273     0.0000000000     0.0000000000     0.0000000000     0.0000000000     0.0000550962     -0.0009011533
274     0.0000000000     0.0000000000     0.0000000000     0.0000000000     0.0000510970     -0.0009009816
275     0.0000000000     0.0000000000     0.0000000000     0.0000000000     0.0000469946     -0.0009004985
276     0.0000000000     0.0000000000     0.0000000000     0.0000000000     0.0000430574     -0.0008989217
277     0.0000000000     0.0000000000     0.0000000000     0.0000000000     0.0000394831     -0.0008968575
278     0.0000000000     0.0000000000     0.0000000000     0.0000000000     0.0000366045     -0.0008943249
279     0.0000000000     0.0000000000     0.0000000000     0.0000000000     0.0000338942     -0.0008918242
280     0.0000000000     0.0000000000     0.0000000000     0.0000000000     0.0000309155     -0.0008899637
281     0.0000000000     0.0000000000     0.0000000000     0.0000000000     0.0000279498     -0.0008882490
282     0.0000000000     0.0000000000     0.0000000000     0.0000000000     0.0000252051     -0.0008872842
283     0.0000000000     0.0000000000     0.0000000000     0.0000000000     0.0000228390     -0.0008871879
284     0.0000000000     0.0000000000     0.0000000000     0.0000000000     0.0000208083     -0.0008848546
285     0.0000000000     0.0000000000     0.0000000000     0.0000000000     0.0000190732     -0.0008795885
286     0.0000000000     0.0000000000     0.0000000000     0.0000000000     0.0000173975     -0.0008773148
287     0.0000000000     0.0000000000     0.0000000000     0.0000000000     0.0000864824     -0.0009035630
288     0.0000000000     0.0000000000     0.0000000000     0.0000000000     0.0000864443     -0.0009035412
289     0.0000000000     0.0000000000     0.0000000000     0.0000000000     0.0000853047     -0.0009021257
290     0.0000000000     0.0000000000     0.0000000000     0.0000000000     0.0000835380     -0.0008997648
291     0.0000000000     0.0000000000     0.0000000000     0.0000000000     0.0000809853     -0.0008954819
292     0.0000000000     0.0000000000     0.0000000000     0.0000000000     0.0000782595     -0.0008947341
293     0.0000000000     0.0000000000     0.0000000000     0.0000000000     0.0000751775     -0.0008950770
294     0.0000000000     0.0000000000     0.0000000000     0.0000000000     0.0000717530     -0.0008943628
295     0.0000000000     0.0000000000     0.0000000000     0.0000000000     0.0000684932     -0.0008931978
296     0.0000000000     0.0000000000     0.0000000000     0.0000000000     0.0000651163     -0.0008916432
297     0.0000000000     0.0000000000     0.0000000000     0.0000000000     0.0000617156     -0.0008897960
298     0.0000000000     0.0000000000     0.0000000000     0.0000000000     0.0000580036     -0.0008876808
299     0.0000000000     0.0000000000     0.0000000000     0.0000000000     0.0000546545     -0.0008862115
300     0.0000000000     0.0000000000     0.0000000000     0.0000000000     0.0000507873     -0.0008852789
301     0.0000000000     0.0000000000     0.0000000000     0.0000000000     0.0000467393     -0.0008837161
302     0.0000000000     0.0000000000     0.0000000000     0.0000000000     0.0000425958     -0.0008829654
303     0.0000000000     0.0000000000     0.0000000000     0.0000000000     0.0000385616     -0.0008812102
304     0.0000000000     0.0000000000     0.0000000000     0.0000000000     0.0000355211     -0.0008783367
305     0.0000000000     0.0000000000     0.0000000000     0.0000000000     0.0000328841     -0.0008760840
306     0.0000000000     0.0000000000     0.0000000000     0.0000000000     0.0000300004     -0.0008736441
307     0.0000000000     0.0000000000     0.0000000000     0.0000000000     0.0000266868     -0.0008708444
308     0.0000000000     0.0000000000     0.0000000000     0.0000000000     0.0000236865     -0.0008690747
309     0.0000000000     0.0000000000     0.0000000000     0.0000000000     0.0000213751     -0.0008671133
310     0.0000000000     0.0000000000     0.0000000000     0.0000000000     0.0000195307     -0.0008650481
311     0.0000000000     0.0000000000     0.0000000000     0.0000000000     0.0000178696     -0.0008627961
312     0.0000000000     0.0000000000     0.0000000000     0.0000000000     0.0000157621     -0.0008618206
313     0.0000000000     0.0000000000     0.0000000000     0.0000000000     0.0000854756     -0.0008840886
314     0.0000000000     0.0000000000     0.0000000000     0.0000000000     0.0000854319     -0.0008840907
315     0.0000000000     0.0000000000     0.0000000000     0.0000000000     0.0000843565     -0.0008839186
316     0.0000000000     0.0000000000     0.0000000000     0.0000000000     0.0000826227     -0.0008813235
317     0.0000000000     0.0000000000     0.0000000000     0.0000000000     0.0000800001     -0.0008765112
318     0.0000000000     0.0000000000     0.0000000000     0.0000000000     0.0000773179     -0.0008751078
319     0.0000000000     0.0000000000     0.0000000000     0.0000000000     0.0000744951     -0.0008754162
320     0.0000000000     0.0000000000     0.0000000000     0.0000000000     0.0000715172     -0.0008734689
321     0.0000000000     0.0000000000     0.0000000000     0.0000000000     0.0000683187     -0.0008707155
322     0.0000000000     0.0000000000     0.0000000000     0.0000000000     0.0000651638     -0.0008706932
323     0.0000000000     0.0000000000     0.0000000000     0.0000000000     0.0000622602     -0.0008709743
324     0.0000000000     0.0000000000     0.0000000000     0.0000000000     0.0000579430     -0.0008690379
325     0.0000000000     0.0000000000     0.0000000000     0.0000000000     0.0000531353     -0.0008667242
326     0.0000000000     0.0000000000     0.0000000000     0.0000000000     0.0000488856     -0.0008630676
327     0.0000000000     0.0000000000     0.0000000000     0.0000000000     0.0000448922     -0.0008606040
328     0.0000000000     0.0000000000     0.0000000000     0.0000000000     0.0000416172     -0.0008603206
329     0.0000000000     0.0000000000     0.0000000000     0.0000000000     0.0000383186     -0.0008586069
330     0.0000000000     0.0000000000     0.0000000000     0.0000000000     0.0000349991     -0.0008564558
331     0.0000000000     0.0000000000     0.0000000000     0.0000000000     0.0000316137     -0.0008554081
332     0.0000000000     0.0000000000     0.0000000000     0.0000000000     0.0000281121     -0.0008538969
333     0.0000000000     0.0000000000     0.0000000000     0.0000000000     0.0000254015     -0.0008515593
334     0.0000000000     0.0000000000     0.0000000000     0.0000000000     0.0000230114     -0.0008492920
335     0.0000000000     0.0000000000     0.0000000000     0.0000000000     0.0000206093     -0.0008482634
336     0.0000000000     0.0000000000     0.0000000000     0.0000000000     0.0000186039     -0.0008479436
337     0.0000000000     0.0000000000     0.0000000000     0.0000000000     0.0000169303     -0.0008466216
338     0.0000000000     0.0000000000     0.0000000000     0.0000000000     0.0000147297     -0.0008455603
339     0.0000000000     0.0000000000     0.0000000000     0.0000000000     0.0000838480     -0.0008682874
340     0.0000000000     0.0000000000     0.0000000000     0.0000000000     0.0000837958     -0.0008681604
341     0.0000000000     0.0000000000     0.0000000000     0.0000000000     0.0000824757     -0.0008650237
342     0.0000000000     0.0000000000     0.0000000000     0.0000000000     0.0000809083     -0.0008621689
343     0.0000000000     0.0000000000     0.0000000000     0.0000000000     0.0000785907     -0.0008613656
344     0.0000000000     0.0000000000     0.0000000000     0.0000000000     0.0000759805     -0.0008596876
345     0.0000000000     0.0000000000     0.0000000000     0.0000000000     0.0000732015     -0.0008572729
346     0.0000000000     0.0000000000     0.0000000000     0.0000000000     0.0000702403     -0.0008537717
347     0.0000000000     0.0000000000     0.0000000000     0.0000000000     0.0000671666     -0.0008505068
348     0.0000000000     0.0000000000     0.0000000000     0.0000000000     0.0000641730     -0.0008495587
349     0.0000000000     0.0000000000     0.0000000000     0.0000000000     0.0000609972     -0.0008480431
350     0.0000000000     0.0000000000     0.0000000000     0.0000000000     0.0000556897     -0.0008462095
351     0.0000000000     0.0000000000     0.0000000000     0.0000000000     0.0000508676     -0.0008456128
352     0.0000000000     0.0000000000     0.0000000000     0.0000000000     0.0000470404     -0.0008435563
353     0.0000000000     0.0000000000     0.0000000000     0.0000000000     0.0000434001     -0.0008414182
354     0.0000000000     0.0000000000     0.0000000000     0.0000000000     0.0000403313     -0.0008400742
355     0.0000000000     0.0000000000     0.0000000000     0.0000000000     0.0000373453     -0.0008383343
356     0.0000000000     0.0000000000     0.0000000000     0.0000000000     0.0000342911     -0.0008373419
357     0.0000000000     0.0000000000     0.0000000000     0.0000000000     0.0000309872     -0.0008371910
358     0.0000000000     0.0000000000     0.0000000000     0.0000000000     0.0000275687     -0.0008367052
359     0.0000000000     0.0000000000     0.0000000000     0.0000000000     0.0000246531     -0.0008341174
360     0.0000000000     0.0000000000     0.0000000000     0.0000000000     0.0000223076     -0.0008296564
361     0.0000000000     0.0000000000     0.0000000000     0.0000000000     0.0000196817     -0.0008261808
362     0.0000000000     0.0000000000     0.0000000000     0.0000000000     0.0000171344     -0.0008257358
363     0.0000000000     0.0000000000     0.0000000000     0.0000000000     0.0000150554     -0.0008265821
364     0.0000000000     0.0000000000     0.0000000000     0.0000000000     0.0000128916     -0.0008269099
365     0.0000000000     0.0000000000     4.9287294161     0.0000000000     0.0000832716     -0.0008488351
366     0.0000000000     0.0000000000     4.9287294161     0.0000000000     0.0000832181     -0.0008487965
367     0.0000000000     0.0000000000     4.9287294161     0.0000000000     0.0000817598     -0.0008466780
368     0.0000000000     0.0000000000     4.9287294161     0.0000000000     0.0000797654     -0.0008448813
369     0.0000000000     0.0000000000     4.9287294161     0.0000000000     0.0000770905     -0.0008447901
370     0.0000000000     0.0000000000     4.9287294161     0.0000000000     0.0000744692     -0.0008418378
371     0.0000000000     0.0000000000     4.9287294161     0.0000000000     0.0000716465     -0.0008386944
372     0.0000000000     0.0000000000     4.9287294161     0.0000000000     0.0000687532     -0.0008361056
373     0.0000000000     0.0000000000     4.9287294161     0.0000000000     0.0000652815     -0.0008330477
374     0.0000000000     0.0000000000     4.9287294161     0.0000000000     0.0000611873     -0.0008313472
375     0.0000000000     0.0000000000     4.9287294161     0.0000000000     0.0000574209     -0.0008300931
376     0.0000000000     0.0000000000     4.9287294161     0.0000000000     0.0000536871     -0.0008287310
377     0.0000000000     0.0000000000     4.9287294161     0.0000000000     0.0000499937     -0.0008292470
378     0.0000000000     0.0000000000     4.9287294161     0.0000000000     0.0000462346     -0.0008284413
379     0.0000000000     0.0000000000     4.9287294161     0.0000000000     0.0000428287     -0.0008266020
380     0.0000000000     0.0000000000     4.9287294161     0.0000000000     0.0000397087     -0.0008248981
381     0.0000000000     0.0000000000     4.9287294161     0.0000000000     0.0000367023     -0.0008220685
382     0.0000000000     0.0000000000     4.9287294161     0.0000000000     0.0000340224     -0.0008195735
383     0.0000000000     0.0000000000     4.9287294161     0.0000000000     0.0000304666     -0.0008180093
384     0.0000000000     0.0000000000     4.9287294161     0.0000000000     0.0000262910     -0.0008157515
385     0.0000000000     0.0000000000     4.9287294161     0.0000000000     0.0000228149     -0.0008125566
386     0.0000000000     0.0000000000     4.9287294161     0.0000000000     0.0000201765     -0.0008095878
387     0.0000000000     0.0000000000     4.9287294161     0.0000000000     0.0000179294     -0.0008076494
388     0.0000000000     0.0000000000     4.9287294161     0.0000000000     0.0000157931     -0.0008063900
389     0.0000000000     0.0000000000     4.9287294161     0.0000000000     0.0000137543     -0.0008065437
390     0.0000000000     0.0000000000     4.9287294161     0.0000000000     0.0000114611     -0.0008072974
