1     0.0000000000     0.0000000000     -31.8962815052     0.0000000000     0.0005136169     -0.0083307310
2     0.0000000000     0.0000000000     -31.8962815052     0.0000000000     0.0004993132     -0.0083300875
3     0.0000000000     0.0000000000     -31.8962815052     0.0000000000     0.0004824354     -0.0083275214
4     0.0000000000     0.0000000000     -31.8962815052     0.0000000000     0.0004637415     -0.0083249101
5     0.0000000000     0.0000000000     -31.8962815052     0.0000000000     0.0004432138     -0.0083224638
6     0.0000000000     0.0000000000     -31.8962815052     0.0000000000     0.0004208560     -0.0083201906
7     0.0000000000     0.0000000000     -31.8962815052     0.0000000000     0.0003968173     -0.0083178539
8     0.0000000000     0.0000000000     -31.8962815052     0.0000000000     0.0003713239     -0.0083151615
9     0.0000000000     0.0000000000     -31.8962815052     0.0000000000     0.0003446197     -0.0083123375
10     0.0000000000     0.0000000000     -31.8962815052     0.0000000000     0.0003168749     -0.0083099466
11     0.0000000000     0.0000000000     -31.8962815052     0.0000000000     0.0002881961     -0.0083078897
12     0.0000000000     0.0000000000     -31.8962815052     0.0000000000     0.0002587993     -0.0083056393
13     0.0000000000     0.0000000000     -31.8962815052     0.0000000000     0.0002289947     -0.0083032105
14     0.0000000000     0.0000000000     -31.8962815052     0.0000000000     0.0001991142     -0.0083008773
15     0.0000000000     0.0000000000     -31.8962815052     0.0000000000     0.0001694335     -0.0082987768
16     0.0000000000     0.0000000000     -31.8962815052     0.0000000000     0.0001400281     -0.0082969906
17     0.0000000000     0.0000000000     -31.8962815052     0.0000000000     0.0001108365     -0.0082955237
18     0.0000000000     0.0000000000     -31.8962815052     0.0000000000     0.0000818194     -0.0082942423
19     0.0000000000     0.0000000000     -31.8962815052     0.0000000000     0.0000530614     -0.0082930231
20     0.0000000000     0.0000000000     -31.8962815052     0.0000000000     0.0000247513     -0.0082917778
21     0.0000000000     0.0000000000     -31.8962815052     0.0000000000     -0.0000028628     -0.0082901998
22     0.0000000000     0.0000000000     -31.8962815052     0.0000000000     -0.0000294897     -0.0082878528
23     0.0000000000     0.0000000000     -31.8962815052     0.0000000000     -0.0000549020     -0.0082845792
24     0.0000000000     0.0000000000     -31.8962815052     0.0000000000     -0.0000790846     -0.0082807809
25     0.0000000000     0.0000000000     -31.8962815052     0.0000000000     -0.0001022206     -0.0082769375
26     0.0000000000     0.0000000000     -31.8962815052     0.0000000000     -0.0001244730     -0.0082734827
27     0.0000000000     0.0000000000     0.0000000000     0.0000000000     0.0005163362     -0.0082014529
28     0.0000000000     0.0000000000     0.0000000000     0.0000000000     0.0005029113     -0.0082008718
29     0.0000000000     0.0000000000     0.0000000000     0.0000000000     0.0004862358     -0.0081982453
30     0.0000000000     0.0000000000     0.0000000000     0.0000000000     0.0004677006     -0.0081954329
31     0.0000000000     0.0000000000     0.0000000000     0.0000000000     0.0004471083     -0.0081928069
32     0.0000000000     0.0000000000     0.0000000000     0.0000000000     0.0004244228     -0.0081903627
33     0.0000000000     0.0000000000     0.0000000000     0.0000000000     0.0003999171     -0.0081878845
34     0.0000000000     0.0000000000     0.0000000000     0.0000000000     0.0003738739     -0.0081846159
35     0.0000000000     0.0000000000     0.0000000000     0.0000000000     0.0003466451     -0.0081808572
36     0.0000000000     0.0000000000     0.0000000000     0.0000000000     0.0003184089     -0.0081781615
37     0.0000000000     0.0000000000     0.0000000000     0.0000000000     0.0002890307     -0.0081762622
38     0.0000000000     0.0000000000     0.0000000000     0.0000000000     0.0002587958     -0.0081737141
39     0.0000000000     0.0000000000     0.0000000000     0.0000000000     0.0002281537     -0.0081709967
40     0.0000000000     0.0000000000     0.0000000000     0.0000000000     0.0001975062     -0.0081685333
41     0.0000000000     0.0000000000     0.0000000000     0.0000000000     0.0001672690     -0.0081662559
42     0.0000000000     0.0000000000     0.0000000000     0.0000000000     0.0001373778     -0.0081643352
43     0.0000000000     0.0000000000     0.0000000000     0.0000000000     0.0001076203     -0.0081628712
44     0.0000000000     0.0000000000     0.0000000000     0.0000000000     0.0000778843     -0.0081615492
45     0.0000000000     0.0000000000     0.0000000000     0.0000000000     0.0000483286     -0.0081601633
46     0.0000000000     0.0000000000     0.0000000000     0.0000000000     0.0000192469     -0.0081589447
47     0.0000000000     0.0000000000     0.0000000000     0.0000000000     -0.0000090501     -0.0081574443
48     0.0000000000     0.0000000000     0.0000000000     0.0000000000     -0.0000361202     -0.0081549523
49     0.0000000000     0.0000000000     0.0000000000     0.0000000000     -0.0000616247     -0.0081510653
50     0.0000000000     0.0000000000     0.0000000000     0.0000000000     -0.0000855739     -0.0081470131
51     0.0000000000     0.0000000000     0.0000000000     0.0000000000     -0.0001084453     -0.0081433919
52     0.0000000000     0.0000000000     0.0000000000     0.0000000000     -0.0001303950     -0.0081401405
53     0.0000000000     0.0000000000     0.0000000000     0.0000000000     0.0005189910     -0.0080724017
54     0.0000000000     0.0000000000     0.0000000000     0.0000000000     0.0005064289     -0.0080719710
55     0.0000000000     0.0000000000     0.0000000000     0.0000000000     0.0004899843     -0.0080697164
56     0.0000000000     0.0000000000     0.0000000000     0.0000000000     0.0004715667     -0.0080668679
57     0.0000000000     0.0000000000     0.0000000000     0.0000000000     0.0004508626     -0.0080641128
58     0.0000000000     0.0000000000     0.0000000000     0.0000000000     0.0004276959     -0.0080609860
59     0.0000000000     0.0000000000     0.0000000000     0.0000000000     0.0004027385     -0.0080579725
60     0.0000000000     0.0000000000     0.0000000000     0.0000000000     0.0003761404     -0.0080541513
61     0.0000000000     0.0000000000     0.0000000000     0.0000000000     0.0003484540     -0.0080493287
62     0.0000000000     0.0000000000     0.0000000000     0.0000000000     0.0003200259     -0.0080460847
63     0.0000000000     0.0000000000     0.0000000000     0.0000000000     0.0002899164     -0.0080441320
64     0.0000000000     0.0000000000     0.0000000000     0.0000000000     0.0002587041     -0.0080409148
65     0.0000000000     0.0000000000     0.0000000000     0.0000000000     0.0002272746     -0.0080385107
66     0.0000000000     0.0000000000     0.0000000000     0.0000000000     0.0001959814     -0.0080363092
67     0.0000000000     0.0000000000     0.0000000000     0.0000000000     0.0001654257     -0.0080336971
68     0.0000000000     0.0000000000     0.0000000000     0.0000000000     0.0001350760     -0.0080315718
69     0.0000000000     0.0000000000     0.0000000000     0.0000000000     0.0001046153     -0.0080301984
70     0.0000000000     0.0000000000     0.0000000000     0.0000000000     0.0000739141     -0.0080288105
71     0.0000000000     0.0000000000     0.0000000000     0.0000000000     0.0000433467     -0.0080268653
72     0.0000000000     0.0000000000     0.0000000000     0.0000000000     0.0000133277     -0.0080254783
73     0.0000000000     0.0000000000     0.0000000000     0.0000000000     -0.0000157580     -0.0080236440
74     0.0000000000     0.0000000000     0.0000000000     0.0000000000     -0.0000431532     -0.0080206755
75     0.0000000000     0.0000000000     0.0000000000     0.0000000000     -0.0000685919     -0.0080151914
76     0.0000000000     0.0000000000     0.0000000000     0.0000000000     -0.0000920447     -0.0080111233
77     0.0000000000     0.0000000000     0.0000000000     0.0000000000     -0.0001146447     -0.0080093442
78     0.0000000000     0.0000000000     0.0000000000     0.0000000000     -0.0001361939     -0.0080071310
79     0.0000000000     0.0000000000     0.0000000000     0.0000000000     0.0005216601     -0.0079431396
80     0.0000000000     0.0000000000     0.0000000000     0.0000000000     0.0005099501     -0.0079428782
81     0.0000000000     0.0000000000     0.0000000000     0.0000000000     0.0004935072     -0.0079420785
82     0.0000000000     0.0000000000     0.0000000000     0.0000000000     0.0004751236     -0.0079388049
83     0.0000000000     0.0000000000     0.0000000000     0.0000000000     0.0004542620     -0.0079356183
84     0.0000000000     0.0000000000     0.0000000000     0.0000000000     0.0004305633     -0.0079315906
85     0.0000000000     0.0000000000     0.0000000000     0.0000000000     0.0004054000     -0.0079269455
86     0.0000000000     0.0000000000     0.0000000000     0.0000000000     0.0003784266     -0.0079236403
87     0.0000000000     0.0000000000     0.0000000000     0.0000000000     0.0003502941     -0.0079202182
88     0.0000000000     0.0000000000     0.0000000000     0.0000000000     0.0003215556     -0.0079159404
89     0.0000000000     0.0000000000     0.0000000000     0.0000000000     0.0002904653     -0.0079116558
90     0.0000000000     0.0000000000     0.0000000000     0.0000000000     0.0002580346     -0.0079083717
91     0.0000000000     0.0000000000     0.0000000000     0.0000000000     0.0002260753     -0.0079074524
92     0.0000000000     0.0000000000     0.0000000000     0.0000000000     0.0001949144     -0.0079052526
93     0.0000000000     0.0000000000     0.0000000000     0.0000000000     0.0001643372     -0.0079013956
94     0.0000000000     0.0000000000     0.0000000000     0.0000000000     0.0001335103     -0.0078992156
95     0.0000000000     0.0000000000     0.0000000000     0.0000000000     0.0001017643     -0.0078981939
96     0.0000000000     0.0000000000     0.0000000000     0.0000000000     0.0000695285     -0.0078964352
97     0.0000000000     0.0000000000     0.0000000000     0.0000000000     0.0000378262     -0.0078941028
98     0.0000000000     0.0000000000     0.0000000000     0.0000000000     0.0000066583     -0.0078917749
99     0.0000000000     0.0000000000     0.0000000000     0.0000000000     -0.0000230848     -0.0078891302
100     0.0000000000     0.0000000000     0.0000000000     0.0000000000     -0.0000504312     -0.0078851235
101     0.0000000000     0.0000000000     0.0000000000     0.0000000000     -0.0000753746     -0.0078777487
102     0.0000000000     0.0000000000     0.0000000000     0.0000000000     -0.0000983817     -0.0078740525
103     0.0000000000     0.0000000000     0.0000000000     0.0000000000     -0.0001204491     -0.0078759821
104     0.0000000000     0.0000000000     0.0000000000     0.0000000000     -0.0001415737     -0.0078771565
105     0.0000000000     0.0000000000     0.0000000000     0.0000000000     0.0005235902     -0.0078157230
106     0.0000000000     0.0000000000     0.0000000000     0.0000000000     0.0005126811     -0.0078154483
107     0.0000000000     0.0000000000     0.0000000000     0.0000000000     0.0004961052     -0.0078127868
108     0.0000000000     0.0000000000     0.0000000000     0.0000000000     0.0004781589     -0.0078073263
109     0.0000000000     0.0000000000     0.0000000000     0.0000000000     0.0004575321     -0.0078013755
110     0.0000000000     0.0000000000     0.0000000000     0.0000000000     0.0004340664     -0.0077976711
111     0.0000000000     0.0000000000     0.0000000000     0.0000000000     0.0004090101     -0.0077965105
112     0.0000000000     0.0000000000     0.0000000000     0.0000000000     0.0003824842     -0.0077963932
113     0.0000000000     0.0000000000     0.0000000000     0.0000000000     0.0003538658     -0.0077933960
114     0.0000000000     0.0000000000     0.0000000000     0.0000000000     0.0003222900     -0.0077892467
115     0.0000000000     0.0000000000     0.0000000000     0.0000000000     0.0002886715     -0.0077866195
116     0.0000000000     0.0000000000     0.0000000000     0.0000000000     0.0002560020     -0.0077832318
117     0.0000000000     0.0000000000     0.0000000000     0.0000000000     0.0002249816     -0.0077792856
118     0.0000000000     0.0000000000     0.0000000000     0.0000000000     0.0001940786     -0.0077746228
119     0.0000000000     0.0000000000     0.0000000000     0.0000000000     0.0001636826     -0.0077696318
120     0.0000000000     0.0000000000     0.0000000000     0.0000000000     0.0001322590     -0.0077674228
121     0.0000000000     0.0000000000     0.0000000000     0.0000000000     0.0000983975     -0.0077672669
122     0.0000000000     0.0000000000     0.0000000000     0.0000000000     0.0000637768     -0.0077654132
123     0.0000000000     0.0000000000     0.0000000000     0.0000000000     0.0000309655     -0.0077636498
124     0.0000000000     0.0000000000     0.0000000000     0.0000000000     -0.0000004251     -0.0077597055
125     0.0000000000     0.0000000000     0.0000000000     0.0000000000     -0.0000298146     -0.0077555994
126     0.0000000000     0.0000000000     0.0000000000     0.0000000000     -0.0000572803     -0.0077517928
127     0.0000000000     0.0000000000     0.0000000000     0.0000000000     -0.0000819889     -0.0077478207
128     0.0000000000     0.0000000000     0.0000000000     0.0000000000     -0.0001041098     -0.0077460876
129     0.0000000000     0.0000000000     0.0000000000     0.0000000000     -0.0001249190     -0.0077485809
130     0.0000000000     0.0000000000     0.0000000000     0.0000000000     -0.0001454276     -0.0077483387
131     0.0000000000     0.0000000000     0.0000000000     0.0000000000     0.0005244685     -0.0076837409
132     0.0000000000     0.0000000000     0.0000000000     0.0000000000     0.0005143982     -0.0076833838
133     0.0000000000     0.0000000000     0.0000000000     0.0000000000     0.0004981891     -0.0076800798
134     0.0000000000     0.0000000000     0.0000000000     0.0000000000     0.0004809525     -0.0076763724
135     0.0000000000     0.0000000000     0.0000000000     0.0000000000     0.0004606534     -0.0076728775
136     0.0000000000     0.0000000000     0.0000000000     0.0000000000     0.0004372136     -0.0076674035
137     0.0000000000     0.0000000000     0.0000000000     0.0000000000     0.0004120199     -0.0076641302
138     0.0000000000     0.0000000000     0.0000000000     0.0000000000     0.0003860375     -0.0076633598
139     0.0000000000     0.0000000000     0.0000000000     0.0000000000     0.0003570322     -0.0076603053
140     0.0000000000     0.0000000000     0.0000000000     0.0000000000     0.0003231594     -0.0076591516
141     0.0000000000     0.0000000000     0.0000000000     0.0000000000     0.0002875781     -0.0076568572
142     0.0000000000     0.0000000000     0.0000000000     0.0000000000     0.0002547414     -0.0076498527
143     0.0000000000     0.0000000000     0.0000000000     0.0000000000     0.0002246584     -0.0076434244
144     0.0000000000     0.0000000000     0.0000000000     0.0000000000     0.0001943100     -0.0076385711
145     0.0000000000     0.0000000000     0.0000000000     0.0000000000     0.0001624206     -0.0076360200
146     0.0000000000     0.0000000000     0.0000000000     0.0000000000     0.0001280600     -0.0076337869
147     0.0000000000     0.0000000000     0.0000000000     0.0000000000     0.0000925384     -0.0076334891
148     0.0000000000     0.0000000000     0.0000000000     0.0000000000     0.0000582292     -0.0076337615
149     0.0000000000     0.0000000000     0.0000000000     0.0000000000     0.0000250936     -0.0076352383
150     0.0000000000     0.0000000000     0.0000000000     0.0000000000     -0.0000064897     -0.0076333288
151     0.0000000000     0.0000000000     0.0000000000     0.0000000000     -0.0000353208     -0.0076246145
152     0.0000000000     0.0000000000     0.0000000000     0.0000000000     -0.0000624100     -0.0076176562
153     0.0000000000     0.0000000000     0.0000000000     0.0000000000     -0.0000870443     -0.0076169948
154     0.0000000000     0.0000000000     0.0000000000     0.0000000000     -0.0001090252     -0.0076184105
155     0.0000000000     0.0000000000     0.0000000000     0.0000000000     -0.0001295101     -0.0076180421
156     0.0000000000     0.0000000000     0.0000000000     0.0000000000     -0.0001499622     -0.0076161903
157     0.0000000000     0.0000000000     0.0000000000     0.0000000000     0.0005252573     -0.0075497928
158     0.0000000000     0.0000000000     0.0000000000     0.0000000000     0.0005161598     -0.0075495728
159     0.0000000000     0.0000000000     0.0000000000     0.0000000000     0.0005007876     -0.0075490399
160     0.0000000000     0.0000000000     0.0000000000     0.0000000000     0.0004835376     -0.0075488681
161     0.0000000000     0.0000000000     0.0000000000     0.0000000000     0.0004633642     -0.0075460026
162     0.0000000000     0.0000000000     0.0000000000     0.0000000000     0.0004397854     -0.0075373082
163     0.0000000000     0.0000000000     0.0000000000     0.0000000000     0.0004135283     -0.0075296541
164     0.0000000000     0.0000000000     0.0000000000     0.0000000000     0.0003861322     -0.0075286549
165     0.0000000000     0.0000000000     0.0000000000     0.0000000000     0.0003563637     -0.0075284168
166     0.0000000000     0.0000000000     0.0000000000     0.0000000000     0.0003231246     -0.0075260974
167     0.0000000000     0.0000000000     0.0000000000     0.0000000000     0.0002880075     -0.0075212640
168     0.0000000000     0.0000000000     0.0000000000     0.0000000000     0.0002544530     -0.0075152076
169     0.0000000000     0.0000000000     0.0000000000     0.0000000000     0.0002240714     -0.0075092196
170     0.0000000000     0.0000000000     0.0000000000     0.0000000000     0.0001936155     -0.0075065638
171     0.0000000000     0.0000000000     0.0000000000     0.0000000000     0.0001597676     -0.0075061931
172     0.0000000000     0.0000000000     0.0000000000     0.0000000000     0.0001228445     -0.0075038181
173     0.0000000000     0.0000000000     0.0000000000     0.0000000000     0.0000870027     -0.0075024654
174     0.0000000000     0.0000000000     0.0000000000     0.0000000000     0.0000547741     -0.0075032053
175     0.0000000000     0.0000000000     0.0000000000     0.0000000000     0.0000213250     -0.0075055083
176     0.0000000000     0.0000000000     0.0000000000     0.0000000000     -0.0000115075     -0.0075067686
177     0.0000000000     0.0000000000     0.0000000000     0.0000000000     -0.0000416067     -0.0075007411
178     0.0000000000     0.0000000000     0.0000000000     0.0000000000     -0.0000683805     -0.0074975662
179     0.0000000000     0.0000000000     0.0000000000     0.0000000000     -0.0000914254     -0.0074983435
180     0.0000000000     0.0000000000     0.0000000000     0.0000000000     -0.0001138670     -0.0074913400
181     0.0000000000     0.0000000000     0.0000000000     0.0000000000     -0.0001353165     -0.0074811413
182     0.0000000000     0.0000000000     0.0000000000     0.0000000000     -0.0001555179     -0.0074800598
183     0.0000000000     0.0000000000     0.0000000000     0.0000000000     0.0005268908     -0.0074193732
184     0.0000000000     0.0000000000     0.0000000000     0.0000000000     0.0005185959     -0.0074190096
185     0.0000000000     0.0000000000     0.0000000000     0.0000000000     0.0005033804     -0.0074175760
186     0.0000000000     0.0000000000     0.0000000000     0.0000000000     0.0004857654     -0.0074161563
187     0.0000000000     0.0000000000     0.0000000000     0.0000000000     0.0004649008     -0.0074107070
188     0.0000000000     0.0000000000     0.0000000000     0.0000000000     0.0004417180     -0.0074055819
189     0.0000000000     0.0000000000     0.0000000000     0.0000000000     0.0004162813     -0.0074011000
190     0.0000000000     0.0000000000     0.0000000000     0.0000000000     0.0003881231     -0.0073983827
191     0.0000000000     0.0000000000     0.0000000000     0.0000000000     0.0003554848     -0.0073971891
192     0.0000000000     0.0000000000     0.0000000000     0.0000000000     0.0003193460     -0.0073939308
193     0.0000000000     0.0000000000     0.0000000000     0.0000000000     0.0002851811     -0.0073907479
194     0.0000000000     0.0000000000     0.0000000000     0.0000000000     0.0002536195     -0.0073886723
195     0.0000000000     0.0000000000     0.0000000000     0.0000000000     0.0002224908     -0.0073818959
196     0.0000000000     0.0000000000     0.0000000000     0.0000000000     0.0001890964     -0.0073748563
197     0.0000000000     0.0000000000     0.0000000000     0.0000000000     0.0001543283     -0.0073720205
198     0.0000000000     0.0000000000     0.0000000000     0.0000000000     0.0001187969     -0.0073720946
199     0.0000000000     0.0000000000     0.0000000000     0.0000000000     0.0000846499     -0.0073719738
200     0.0000000000     0.0000000000     0.0000000000     0.0000000000     0.0000514611     -0.0073685738
201     0.0000000000     0.0000000000     0.0000000000     0.0000000000     0.0000175646     -0.0073675044
202     0.0000000000     0.0000000000     0.0000000000     0.0000000000     -0.0000146755     -0.0073718221
203     0.0000000000     0.0000000000     0.0000000000     0.0000000000     -0.0000457057     -0.0073734505
204     0.0000000000     0.0000000000     0.0000000000     0.0000000000     -0.0000733319     -0.0073709604
205     0.0000000000     0.0000000000     0.0000000000     0.0000000000     -0.0000959627     -0.0073660276
206     0.0000000000     0.0000000000     0.0000000000     0.0000000000     -0.0001188155     -0.0073564737
207     0.0000000000     0.0000000000     0.0000000000     0.0000000000     -0.0001417958     -0.0073527576
208     0.0000000000     0.0000000000     0.0000000000     0.0000000000     -0.0001608310     -0.0073531743
209     0.0000000000     0.0000000000     0.0000000000     0.0000000000     0.0005300986     -0.0072935614
210     0.0000000000     0.0000000000     0.0000000000     0.0000000000     0.0005224345     -0.0072924570
211     0.0000000000     0.0000000000     0.0000000000     0.0000000000     0.0005067594     -0.0072871750
212     0.0000000000     0.0000000000     0.0000000000     0.0000000000     0.0004888110     -0.0072850435
213     0.0000000000     0.0000000000     0.0000000000     0.0000000000     0.0004680252     -0.0072859162
214     0.0000000000     0.0000000000     0.0000000000     0.0000000000     0.0004441171     -0.0072829285
215     0.0000000000     0.0000000000     0.0000000000     0.0000000000     0.0004171335     -0.0072783275
216     0.0000000000     0.0000000000     0.0000000000     0.0000000000     0.0003871775     -0.0072728419
217     0.0000000000     0.0000000000     0.0000000000     0.0000000000     0.0003535166     -0.0072677360
218     0.0000000000     0.0000000000     0.0000000000     0.0000000000     0.0003178106     -0.0072660975
219     0.0000000000     0.0000000000     0.0000000000     0.0000000000     0.0002847324     -0.0072605807
220     0.0000000000     0.0000000000     0.0000000000     0.0000000000     0.0002529444     -0.0072515436
221     0.0000000000     0.0000000000     0.0000000000     0.0000000000     0.0002190004     -0.0072448086
222     0.0000000000     0.0000000000     0.0000000000     0.0000000000     0.0001823261     -0.0072419066
223     0.0000000000     0.0000000000     0.0000000000     0.0000000000     0.0001480919     -0.0072394744
224     0.0000000000     0.0000000000     0.0000000000     0.0000000000     0.0001161585     -0.0072373501
225     0.0000000000     0.0000000000     0.0000000000     0.0000000000     0.0000848212     -0.0072352011
226     0.0000000000     0.0000000000     0.0000000000     0.0000000000     0.0000499854     -0.0072315511
227     0.0000000000     0.0000000000     0.0000000000     0.0000000000     0.0000127750     -0.0072278325
228     0.0000000000     0.0000000000     0.0000000000     0.0000000000     -0.0000192436     -0.0072265925
229     0.0000000000     0.0000000000     0.0000000000     0.0000000000     -0.0000489735     -0.0072284233
230     0.0000000000     0.0000000000     0.0000000000     0.0000000000     -0.0000751919     -0.0072296134
231     0.0000000000     0.0000000000     0.0000000000     0.0000000000     -0.0000991985     -0.0072254460
232     0.0000000000     0.0000000000     0.0000000000     0.0000000000     -0.0001242089     -0.0072223198
233     0.0000000000     0.0000000000     0.0000000000     0.0000000000     -0.0001459679     -0.0072248188
234     0.0000000000     0.0000000000     0.0000000000     0.0000000000     -0.0001644599     -0.0072205399
235     0.0000000000     0.0000000000     0.0000000000     0.0000000000     0.0005324236     -0.0071666295
236     0.0000000000     0.0000000000     0.0000000000     0.0000000000     0.0005259092     -0.0071655045
237     0.0000000000     0.0000000000     0.0000000000     0.0000000000     0.0005115384     -0.0071604638
238     0.0000000000     0.0000000000     0.0000000000     0.0000000000     0.0004915054     -0.0071570775
239     0.0000000000     0.0000000000     0.0000000000     0.0000000000     0.0004683398     -0.0071550229
240     0.0000000000     0.0000000000     0.0000000000     0.0000000000     0.0004438724     -0.0071483808
241     0.0000000000     0.0000000000     0.0000000000     0.0000000000     0.0004152507     -0.0071420485
242     0.0000000000     0.0000000000     0.0000000000     0.0000000000     0.0003843803     -0.0071391289
243     0.0000000000     0.0000000000     0.0000000000     0.0000000000     0.0003518324     -0.0071349764
244     0.0000000000     0.0000000000     0.0000000000     0.0000000000     0.0003184334     -0.0071325482
245     0.0000000000     0.0000000000     0.0000000000     0.0000000000     0.0002847964     -0.0071309248
246     0.0000000000     0.0000000000     0.0000000000     0.0000000000     0.0002506590     -0.0071242797
247     0.0000000000     0.0000000000     0.0000000000     0.0000000000     0.0002146811     -0.0071176279
248     0.0000000000     0.0000000000     0.0000000000     0.0000000000     0.0001769706     -0.0071161663
249     0.0000000000     0.0000000000     0.0000000000     0.0000000000     0.0001430408     -0.0071162161
250     0.0000000000     0.0000000000     0.0000000000     0.0000000000     0.0001124953     -0.0071117836
251     0.0000000000     0.0000000000     0.0000000000     0.0000000000     0.0000828915     -0.0071044508
252     0.0000000000     0.0000000000     0.0000000000     0.0000000000     0.0000475893     -0.0070973192
253     0.0000000000     0.0000000000     0.0000000000     0.0000000000     0.0000097106     -0.0070891402
254     0.0000000000     0.0000000000     0.0000000000     0.0000000000     -0.0000231896     -0.0070875008
255     0.0000000000     0.0000000000     0.0000000000     0.0000000000     -0.0000521948     -0.0070895249
256     0.0000000000     0.0000000000     0.0000000000     0.0000000000     -0.0000770175     -0.0070907146
257     0.0000000000     0.0000000000     0.0000000000     0.0000000000     -0.0001019781     -0.0070934814
258     0.0000000000     0.0000000000     0.0000000000     0.0000000000     -0.0001278691     -0.0070924793
259     0.0000000000     0.0000000000     0.0000000000     0.0000000000     -0.0001496299     -0.0070848397
260     0.0000000000     0.0000000000     0.0000000000     0.0000000000     -0.0001688631     -0.0070773620
261     0.0000000000     0.0000000000     0.0000000000     0.0000000000     0.0005274574     -0.0070381181
262     0.0000000000     0.0000000000     0.0000000000     0.0000000000     0.0005219253     -0.0070367738
263     0.0000000000     0.0000000000     0.0000000000     0.0000000000     0.0005083425     -0.0070279431
264     0.0000000000     0.0000000000     0.0000000000     0.0000000000     0.0004897775     -0.0070180993
265     0.0000000000     0.0000000000     0.0000000000     0.0000000000     0.0004668093     -0.0070093343
266     0.0000000000     0.0000000000     0.0000000000     0.0000000000     0.0004424280     -0.0070056844
267     0.0000000000     0.0000000000     0.0000000000     0.0000000000     0.0004119236     -0.0070066557
268     0.0000000000     0.0000000000     0.0000000000     0.0000000000     0.0003789380     -0.0070087348
269     0.0000000000     0.0000000000     0.0000000000     0.0000000000     0.0003484873     -0.0070053544
270     0.0000000000     0.0000000000     0.0000000000     0.0000000000     0.0003175323     -0.0069975019
271     0.0000000000     0.0000000000     0.0000000000     0.0000000000     0.0002826145     -0.0069964502
272     0.0000000000     0.0000000000     0.0000000000     0.0000000000     0.0002475866     -0.0069944255
273     0.0000000000     0.0000000000     0.0000000000     0.0000000000     0.0002148983     -0.0069896566
274     0.0000000000     0.0000000000     0.0000000000     0.0000000000     0.0001778891     -0.0069896735
275     0.0000000000     0.0000000000     0.0000000000     0.0000000000     0.0001417150     -0.0069916725
276     0.0000000000     0.0000000000     0.0000000000     0.0000000000     0.0001082921     -0.0069884002
277     0.0000000000     0.0000000000     0.0000000000     0.0000000000     0.0000749492     -0.0069798823
278     0.0000000000     0.0000000000     0.0000000000     0.0000000000     0.0000421028     -0.0069718412
279     0.0000000000     0.0000000000     0.0000000000     0.0000000000     0.0000096442     -0.0069659667
280     0.0000000000     0.0000000000     0.0000000000     0.0000000000     -0.0000218220     -0.0069648185
281     0.0000000000     0.0000000000     0.0000000000     0.0000000000     -0.0000517962     -0.0069630649
282     0.0000000000     0.0000000000     0.0000000000     0.0000000000     -0.0000800260     -0.0069619219
283     0.0000000000     0.0000000000     0.0000000000     0.0000000000     -0.0001068619     -0.0069606460
284     0.0000000000     0.0000000000     0.0000000000     0.0000000000     -0.0001315026     -0.0069512762
285     0.0000000000     0.0000000000     0.0000000000     0.0000000000     -0.0001523044     -0.0069391474
286     0.0000000000     0.0000000000     0.0000000000     0.0000000000     -0.0001710181     -0.0069410394
287     0.0000000000     0.0000000000     0.0000000000     0.0000000000     0.0005250379     -0.0069039851
288     0.0000000000     0.0000000000     0.0000000000     0.0000000000     0.0005208021     -0.0069020709
289     0.0000000000     0.0000000000     0.0000000000     0.0000000000     0.0005085335     -0.0068964076
290     0.0000000000     0.0000000000     0.0000000000     0.0000000000     0.0004910403     -0.0068906315
291     0.0000000000     0.0000000000     0.0000000000     0.0000000000     0.0004661159     -0.0068811700
292     0.0000000000     0.0000000000     0.0000000000     0.0000000000     0.0004385294     -0.0068786413
293     0.0000000000     0.0000000000     0.0000000000     0.0000000000     0.0004087538     -0.0068797875
294     0.0000000000     0.0000000000     0.0000000000     0.0000000000     0.0003775593     -0.0068794798
295     0.0000000000     0.0000000000     0.0000000000     0.0000000000     0.0003456209     -0.0068792677
296     0.0000000000     0.0000000000     0.0000000000     0.0000000000     0.0003122954     -0.0068765451
297     0.0000000000     0.0000000000     0.0000000000     0.0000000000     0.0002789431     -0.0068721759
298     0.0000000000     0.0000000000     0.0000000000     0.0000000000     0.0002460476     -0.0068691307
299     0.0000000000     0.0000000000     0.0000000000     0.0000000000     0.0002149498     -0.0068662206
300     0.0000000000     0.0000000000     0.0000000000     0.0000000000     0.0001788668     -0.0068637043
301     0.0000000000     0.0000000000     0.0000000000     0.0000000000     0.0001428348     -0.0068631688
302     0.0000000000     0.0000000000     0.0000000000     0.0000000000     0.0001092543     -0.0068636440
303     0.0000000000     0.0000000000     0.0000000000     0.0000000000     0.0000731505     -0.0068578021
304     0.0000000000     0.0000000000     0.0000000000     0.0000000000     0.0000394852     -0.0068505453
305     0.0000000000     0.0000000000     0.0000000000     0.0000000000     0.0000072186     -0.0068493654
306     0.0000000000     0.0000000000     0.0000000000     0.0000000000     -0.0000235207     -0.0068428795
307     0.0000000000     0.0000000000     0.0000000000     0.0000000000     -0.0000537246     -0.0068318823
308     0.0000000000     0.0000000000     0.0000000000     0.0000000000     -0.0000845827     -0.0068269203
309     0.0000000000     0.0000000000     0.0000000000     0.0000000000     -0.0001112960     -0.0068237244
310     0.0000000000     0.0000000000     0.0000000000     0.0000000000     -0.0001333110     -0.0068182892
311     0.0000000000     0.0000000000     0.0000000000     0.0000000000     -0.0001525671     -0.0068112049
312     0.0000000000     0.0000000000     0.0000000000     0.0000000000     -0.0001711577     -0.0068140282
313     0.0000000000     0.0000000000     0.0000000000     0.0000000000     0.0005259623     -0.0067726022
314     0.0000000000     0.0000000000     0.0000000000     0.0000000000     0.0005230861     -0.0067709120
315     0.0000000000     0.0000000000     0.0000000000     0.0000000000     0.0005107751     -0.0067647104
316     0.0000000000     0.0000000000     0.0000000000     0.0000000000     0.0004912837     -0.0067606911
317     0.0000000000     0.0000000000     0.0000000000     0.0000000000     0.0004636197     -0.0067549191
318     0.0000000000     0.0000000000     0.0000000000     0.0000000000     0.0004331421     -0.0067481284
319     0.0000000000     0.0000000000     0.0000000000     0.0000000000     0.0004052404     -0.0067432419
320     0.0000000000     0.0000000000     0.0000000000     0.0000000000     0.0003774454     -0.0067397712
321     0.0000000000     0.0000000000     0.0000000000     0.0000000000     0.0003442927     -0.0067374899
322     0.0000000000     0.0000000000     0.0000000000     0.0000000000     0.0003119923     -0.0067421981
323     0.0000000000     0.0000000000     0.0000000000     0.0000000000     0.0002836275     -0.0067431617
324     0.0000000000     0.0000000000     0.0000000000     0.0000000000     0.0002494092     -0.0067337064
325     0.0000000000     0.0000000000     0.0000000000     0.0000000000     0.0002112411     -0.0067270693
326     0.0000000000     0.0000000000     0.0000000000     0.0000000000     0.0001748853     -0.0067236690
327     0.0000000000     0.0000000000     0.0000000000     0.0000000000     0.0001411509     -0.0067247825
328     0.0000000000     0.0000000000     0.0000000000     0.0000000000     0.0001086346     -0.0067269518
329     0.0000000000     0.0000000000     0.0000000000     0.0000000000     0.0000725642     -0.0067227999
330     0.0000000000     0.0000000000     0.0000000000     0.0000000000     0.0000382162     -0.0067191554
331     0.0000000000     0.0000000000     0.0000000000     0.0000000000     0.0000047798     -0.0067171714
332     0.0000000000     0.0000000000     0.0000000000     0.0000000000     -0.0000294878     -0.0067087464
333     0.0000000000     0.0000000000     0.0000000000     0.0000000000     -0.0000586487     -0.0067005763
334     0.0000000000     0.0000000000     0.0000000000     0.0000000000     -0.0000875851     -0.0066943492
335     0.0000000000     0.0000000000     0.0000000000     0.0000000000     -0.0001150122     -0.0066924365
336     0.0000000000     0.0000000000     0.0000000000     0.0000000000     -0.0001366483     -0.0066934448
337     0.0000000000     0.0000000000     0.0000000000     0.0000000000     -0.0001545011     -0.0066885200
338     0.0000000000     0.0000000000     0.0000000000     0.0000000000     -0.0001717134     -0.0066894544
339     0.0000000000     0.0000000000     0.0000000000     0.0000000000     0.0005225537     -0.0066499874
340     0.0000000000     0.0000000000     0.0000000000     0.0000000000     0.0005199374     -0.0066474804
341     0.0000000000     0.0000000000     0.0000000000     0.0000000000     0.0005057093     -0.0066339063
342     0.0000000000     0.0000000000     0.0000000000     0.0000000000     0.0004859842     -0.0066247660
343     0.0000000000     0.0000000000     0.0000000000     0.0000000000     0.0004603072     -0.0066227912
344     0.0000000000     0.0000000000     0.0000000000     0.0000000000     0.0004317537     -0.0066194801
345     0.0000000000     0.0000000000     0.0000000000     0.0000000000     0.0004030411     -0.0066170611
346     0.0000000000     0.0000000000     0.0000000000     0.0000000000     0.0003730212     -0.0066122713
347     0.0000000000     0.0000000000     0.0000000000     0.0000000000     0.0003406014     -0.0066057761
348     0.0000000000     0.0000000000     0.0000000000     0.0000000000     0.0003107715     -0.0066065570
349     0.0000000000     0.0000000000     0.0000000000     0.0000000000     0.0002820501     -0.0066052220
350     0.0000000000     0.0000000000     0.0000000000     0.0000000000     0.0002440370     -0.0065967260
351     0.0000000000     0.0000000000     0.0000000000     0.0000000000     0.0002050482     -0.0065927946
352     0.0000000000     0.0000000000     0.0000000000     0.0000000000     0.0001715521     -0.0065914248
353     0.0000000000     0.0000000000     0.0000000000     0.0000000000     0.0001410930     -0.0065885230
354     0.0000000000     0.0000000000     0.0000000000     0.0000000000     0.0001065018     -0.0065827121
355     0.0000000000     0.0000000000     0.0000000000     0.0000000000     0.0000692789     -0.0065788165
356     0.0000000000     0.0000000000     0.0000000000     0.0000000000     0.0000364717     -0.0065817859
357     0.0000000000     0.0000000000     0.0000000000     0.0000000000     0.0000035394     -0.0065835240
358     0.0000000000     0.0000000000     0.0000000000     0.0000000000     -0.0000311979     -0.0065824120
359     0.0000000000     0.0000000000     0.0000000000     0.0000000000     -0.0000616245     -0.0065773225
360     0.0000000000     0.0000000000     0.0000000000     0.0000000000     -0.0000891962     -0.0065647027
361     0.0000000000     0.0000000000     0.0000000000     0.0000000000     -0.0001167817     -0.0065538277
362     0.0000000000     0.0000000000     0.0000000000     0.0000000000     -0.0001409084     -0.0065554930
363     0.0000000000     0.0000000000     0.0000000000     0.0000000000     -0.0001603249     -0.0065638936
364     0.0000000000     0.0000000000     0.0000000000     0.0000000000     -0.0001774193     -0.0065725861
365     0.0000000000     0.0000000000     31.8962815052     0.0000000000     0.0005165006     -0.0065202611
366     0.0000000000     0.0000000000     31.8962815052     0.0000000000     0.0005138326     -0.0065198146
367     0.0000000000     0.0000000000     31.8962815052     0.0000000000     0.0004992825     -0.0065131860
368     0.0000000000     0.0000000000     31.8962815052     0.0000000000     0.0004802728     -0.0065038765
369     0.0000000000     0.0000000000     31.8962815052     0.0000000000     0.0004583025     -0.0064994763
370     0.0000000000     0.0000000000     31.8962815052     0.0000000000     0.0004334405     -0.0064935224
371     0.0000000000     0.0000000000     31.8962815052     0.0000000000     0.0004035610     -0.0064887929
372     0.0000000000     0.0000000000     31.8962815052     0.0000000000     0.0003713122     -0.0064829293
373     0.0000000000     0.0000000000     31.8962815052     0.0000000000     0.0003368501     -0.0064763541
374     0.0000000000     0.0000000000     31.8962815052     0.0000000000     0.0003014501     -0.0064723775
375     0.0000000000     0.0000000000     31.8962815052     0.0000000000     0.0002687483     -0.0064702661
376     0.0000000000     0.0000000000     31.8962815052     0.0000000000     0.0002366941     -0.0064715449
377     0.0000000000     0.0000000000     31.8962815052     0.0000000000     0.0002029851     -0.0064757504
378     0.0000000000     0.0000000000     31.8962815052     0.0000000000     0.0001679519     -0.0064718267
379     0.0000000000     0.0000000000     31.8962815052     0.0000000000     0.0001359579     -0.0064631855
380     0.0000000000     0.0000000000     31.8962815052     0.0000000000     0.0001025868     -0.0064577342
381     0.0000000000     0.0000000000     31.8962815052     0.0000000000     0.0000679743     -0.0064491454
382     0.0000000000     0.0000000000     31.8962815052     0.0000000000     0.0000355832     -0.0064403393
383     0.0000000000     0.0000000000     31.8962815052     0.0000000000     0.0000002118     -0.0064363645
384     0.0000000000     0.0000000000     31.8962815052     0.0000000000     -0.0000364614     -0.0064358025
385     0.0000000000     0.0000000000     31.8962815052     0.0000000000     -0.0000676595     -0.0064355641
386     0.0000000000     0.0000000000     31.8962815052     0.0000000000     -0.0000930453     -0.0064313668
387     0.0000000000     0.0000000000     31.8962815052     0.0000000000     -0.0001177515     -0.0064263738
388     0.0000000000     0.0000000000     31.8962815052     0.0000000000     -0.0001422262     -0.0064216599
389     0.0000000000     0.0000000000     31.8962815052     0.0000000000     -0.0001643617     -0.0064224481
390     0.0000000000     0.0000000000     31.8962815052     0.0000000000     -0.0001825181     -0.0064336421
