1     0.0000000000     0.0000000000     -39.5312964895     0.0000000000     0.0006084717     -0.0104074918
2     0.0000000000     0.0000000000     -39.5312964895     0.0000000000     0.0005892716     -0.0104067281
3     0.0000000000     0.0000000000     -39.5312964895     0.0000000000     0.0005673703     -0.0104039310
4     0.0000000000     0.0000000000     -39.5312964895     0.0000000000     0.0005435147     -0.0104010773
5     0.0000000000     0.0000000000     -39.5312964895     0.0000000000     0.0005176894     -0.0103983895
6     0.0000000000     0.0000000000     -39.5312964895     0.0000000000     0.0004899031     -0.0103958774
7     0.0000000000     0.0000000000     -39.5312964895     0.0000000000     0.0004603111     -0.0103932933
8     0.0000000000     0.0000000000     -39.5312964895     0.0000000000     0.0004291463     -0.0103903309
9     0.0000000000     0.0000000000     -39.5312964895     0.0000000000     0.0003966603     -0.0103872274
10     0.0000000000     0.0000000000     -39.5312964895     0.0000000000     0.0003630328     -0.0103845782
11     0.0000000000     0.0000000000     -39.5312964895     0.0000000000     0.0003283829     -0.0103822800
12     0.0000000000     0.0000000000     -39.5312964895     0.0000000000     0.0002929392     -0.0103797786
13     0.0000000000     0.0000000000     -39.5312964895     0.0000000000     0.0002570229     -0.0103770903
14     0.0000000000     0.0000000000     -39.5312964895     0.0000000000     0.0002209768     -0.0103745040
15     0.0000000000     0.0000000000     -39.5312964895     0.0000000000     0.0001850888     -0.0103721645
16     0.0000000000     0.0000000000     -39.5312964895     0.0000000000     0.0001494495     -0.0103701578
17     0.0000000000     0.0000000000     -39.5312964895     0.0000000000     0.0001140142     -0.0103684896
18     0.0000000000     0.0000000000     -39.5312964895     0.0000000000     0.0000787596     -0.0103670192
19     0.0000000000     0.0000000000     -39.5312964895     0.0000000000     0.0000437838     -0.0103656170
20     0.0000000000     0.0000000000     -39.5312964895     0.0000000000     0.0000092868     -0.0103641905
21     0.0000000000     0.0000000000     -39.5312964895     0.0000000000     -0.0000244743     -0.0103624169
22     0.0000000000     0.0000000000     -39.5312964895     0.0000000000     -0.0000572012     -0.0103598375
23     0.0000000000     0.0000000000     -39.5312964895     0.0000000000     -0.0000886596     -0.0103562871
24     0.0000000000     0.0000000000     -39.5312964895     0.0000000000     -0.0001188253     -0.0103521890
25     0.0000000000     0.0000000000     -39.5312964895     0.0000000000     -0.0001478712     -0.0103480490
26     0.0000000000     0.0000000000     -39.5312964895     0.0000000000     -0.0001759516     -0.0103443243
27     0.0000000000     0.0000000000     0.0000000000     0.0000000000     0.0006123906     -0.0102463254
28     0.0000000000     0.0000000000     0.0000000000     0.0000000000     0.0005940775     -0.0102456248
29     0.0000000000     0.0000000000     0.0000000000     0.0000000000     0.0005723771     -0.0102427605
30     0.0000000000     0.0000000000     0.0000000000     0.0000000000     0.0005486617     -0.0102396907
31     0.0000000000     0.0000000000     0.0000000000     0.0000000000     0.0005227376     -0.0102368085
32     0.0000000000     0.0000000000     0.0000000000     0.0000000000     0.0004945753     -0.0102341110
33     0.0000000000     0.0000000000     0.0000000000     0.0000000000     0.0004644532     -0.0102313725
34     0.0000000000     0.0000000000     0.0000000000     0.0000000000     0.0004326623     -0.0102277984
35     0.0000000000     0.0000000000     0.0000000000     0.0000000000     0.0003995619     -0.0102237064
36     0.0000000000     0.0000000000     0.0000000000     0.0000000000     0.0003653398     -0.0102207321
37     0.0000000000     0.0000000000     0.0000000000     0.0000000000     0.0003298797     -0.0102185965
38     0.0000000000     0.0000000000     0.0000000000     0.0000000000     0.0002934821     -0.0102157792
39     0.0000000000     0.0000000000     0.0000000000     0.0000000000     0.0002566067     -0.0102127854
40     0.0000000000     0.0000000000     0.0000000000     0.0000000000     0.0002196676     -0.0102100609
41     0.0000000000     0.0000000000     0.0000000000     0.0000000000     0.0001830926     -0.0102075346
42     0.0000000000     0.0000000000     0.0000000000     0.0000000000     0.0001468363     -0.0102053861
43     0.0000000000     0.0000000000     0.0000000000     0.0000000000     0.0001107080     -0.0102037211
44     0.0000000000     0.0000000000     0.0000000000     0.0000000000     0.0000746139     -0.0102022082
45     0.0000000000     0.0000000000     0.0000000000     0.0000000000     0.0000387272     -0.0102006308
46     0.0000000000     0.0000000000     0.0000000000     0.0000000000     0.0000033530     -0.0101992324
47     0.0000000000     0.0000000000     0.0000000000     0.0000000000     -0.0000311886     -0.0101975404
48     0.0000000000     0.0000000000     0.0000000000     0.0000000000     -0.0000644495     -0.0101948078
49     0.0000000000     0.0000000000     0.0000000000     0.0000000000     -0.0000960849     -0.0101906108
50     0.0000000000     0.0000000000     0.0000000000     0.0000000000     -0.0001260939     -0.0101862442
51     0.0000000000     0.0000000000     0.0000000000     0.0000000000     -0.0001549383     -0.0101823368
52     0.0000000000     0.0000000000     0.0000000000     0.0000000000     -0.0001827665     -0.0101788249
53     0.0000000000     0.0000000000     0.0000000000     0.0000000000     0.0006163194     -0.0100853900
54     0.0000000000     0.0000000000     0.0000000000     0.0000000000     0.0005988851     -0.0100848446
55     0.0000000000     0.0000000000     0.0000000000     0.0000000000     0.0005774181     -0.0100823676
56     0.0000000000     0.0000000000     0.0000000000     0.0000000000     0.0005538041     -0.0100792546
57     0.0000000000     0.0000000000     0.0000000000     0.0000000000     0.0005277345     -0.0100762307
58     0.0000000000     0.0000000000     0.0000000000     0.0000000000     0.0004990426     -0.0100728085
59     0.0000000000     0.0000000000     0.0000000000     0.0000000000     0.0004684009     -0.0100695004
60     0.0000000000     0.0000000000     0.0000000000     0.0000000000     0.0004359713     -0.0100653390
61     0.0000000000     0.0000000000     0.0000000000     0.0000000000     0.0004023136     -0.0100601221
62     0.0000000000     0.0000000000     0.0000000000     0.0000000000     0.0003677817     -0.0100565667
63     0.0000000000     0.0000000000     0.0000000000     0.0000000000     0.0003314684     -0.0100543718
64     0.0000000000     0.0000000000     0.0000000000     0.0000000000     0.0002939672     -0.0100508484
65     0.0000000000     0.0000000000     0.0000000000     0.0000000000     0.0002561691     -0.0100481835
66     0.0000000000     0.0000000000     0.0000000000     0.0000000000     0.0002184434     -0.0100457348
67     0.0000000000     0.0000000000     0.0000000000     0.0000000000     0.0001814033     -0.0100428567
68     0.0000000000     0.0000000000     0.0000000000     0.0000000000     0.0001445449     -0.0100404942
69     0.0000000000     0.0000000000     0.0000000000     0.0000000000     0.0001075766     -0.0100389260
70     0.0000000000     0.0000000000     0.0000000000     0.0000000000     0.0000703899     -0.0100373454
71     0.0000000000     0.0000000000     0.0000000000     0.0000000000     0.0000333717     -0.0100351808
72     0.0000000000     0.0000000000     0.0000000000     0.0000000000     -0.0000030515     -0.0100336061
73     0.0000000000     0.0000000000     0.0000000000     0.0000000000     -0.0000384852     -0.0100315632
74     0.0000000000     0.0000000000     0.0000000000     0.0000000000     -0.0000721697     -0.0100283290
75     0.0000000000     0.0000000000     0.0000000000     0.0000000000     -0.0001038319     -0.0100224501
76     0.0000000000     0.0000000000     0.0000000000     0.0000000000     -0.0001334262     -0.0100180654
77     0.0000000000     0.0000000000     0.0000000000     0.0000000000     -0.0001620597     -0.0100160952
78     0.0000000000     0.0000000000     0.0000000000     0.0000000000     -0.0001895354     -0.0100136745
79     0.0000000000     0.0000000000     0.0000000000     0.0000000000     0.0006203397     -0.0099242233
80     0.0000000000     0.0000000000     0.0000000000     0.0000000000     0.0006037833     -0.0099238529
81     0.0000000000     0.0000000000     0.0000000000     0.0000000000     0.0005823266     -0.0099229024
82     0.0000000000     0.0000000000     0.0000000000     0.0000000000     0.0005587358     -0.0099193358
83     0.0000000000     0.0000000000     0.0000000000     0.0000000000     0.0005324757     -0.0099158508
84     0.0000000000     0.0000000000     0.0000000000     0.0000000000     0.0005032015     -0.0099114732
85     0.0000000000     0.0000000000     0.0000000000     0.0000000000     0.0004722789     -0.0099064408
86     0.0000000000     0.0000000000     0.0000000000     0.0000000000     0.0004393769     -0.0099028161
87     0.0000000000     0.0000000000     0.0000000000     0.0000000000     0.0004051582     -0.0098990680
88     0.0000000000     0.0000000000     0.0000000000     0.0000000000     0.0003701887     -0.0098944204
89     0.0000000000     0.0000000000     0.0000000000     0.0000000000     0.0003327664     -0.0098897689
90     0.0000000000     0.0000000000     0.0000000000     0.0000000000     0.0002939102     -0.0098861743
91     0.0000000000     0.0000000000     0.0000000000     0.0000000000     0.0002554285     -0.0098850726
92     0.0000000000     0.0000000000     0.0000000000     0.0000000000     0.0002176695     -0.0098826270
93     0.0000000000     0.0000000000     0.0000000000     0.0000000000     0.0001804437     -0.0098784410
94     0.0000000000     0.0000000000     0.0000000000     0.0000000000     0.0001429520     -0.0098760238
95     0.0000000000     0.0000000000     0.0000000000     0.0000000000     0.0001045584     -0.0098748293
96     0.0000000000     0.0000000000     0.0000000000     0.0000000000     0.0000657072     -0.0098728619
97     0.0000000000     0.0000000000     0.0000000000     0.0000000000     0.0000274265     -0.0098702929
98     0.0000000000     0.0000000000     0.0000000000     0.0000000000     -0.0000102635     -0.0098677302
99     0.0000000000     0.0000000000     0.0000000000     0.0000000000     -0.0000464679     -0.0098648358
100     0.0000000000     0.0000000000     0.0000000000     0.0000000000     -0.0000802138     -0.0098605091
101     0.0000000000     0.0000000000     0.0000000000     0.0000000000     -0.0001114838     -0.0098526395
102     0.0000000000     0.0000000000     0.0000000000     0.0000000000     -0.0001407143     -0.0098486446
103     0.0000000000     0.0000000000     0.0000000000     0.0000000000     -0.0001688741     -0.0098505755
104     0.0000000000     0.0000000000     0.0000000000     0.0000000000     -0.0001959653     -0.0098517180
105     0.0000000000     0.0000000000     0.0000000000     0.0000000000     0.0006237028     -0.0097649886
106     0.0000000000     0.0000000000     0.0000000000     0.0000000000     0.0006079865     -0.0097646007
107     0.0000000000     0.0000000000     0.0000000000     0.0000000000     0.0005864235     -0.0097616850
108     0.0000000000     0.0000000000     0.0000000000     0.0000000000     0.0005632632     -0.0097558092
109     0.0000000000     0.0000000000     0.0000000000     0.0000000000     0.0005372062     -0.0097494064
110     0.0000000000     0.0000000000     0.0000000000     0.0000000000     0.0005080973     -0.0097453602
111     0.0000000000     0.0000000000     0.0000000000     0.0000000000     0.0004771828     -0.0097439869
112     0.0000000000     0.0000000000     0.0000000000     0.0000000000     0.0004446033     -0.0097437102
113     0.0000000000     0.0000000000     0.0000000000     0.0000000000     0.0004097734     -0.0097404039
114     0.0000000000     0.0000000000     0.0000000000     0.0000000000     0.0003718598     -0.0097358888
115     0.0000000000     0.0000000000     0.0000000000     0.0000000000     0.0003317856     -0.0097329810
116     0.0000000000     0.0000000000     0.0000000000     0.0000000000     0.0002925278     -0.0097292777
117     0.0000000000     0.0000000000     0.0000000000     0.0000000000     0.0002548000     -0.0097249919
118     0.0000000000     0.0000000000     0.0000000000     0.0000000000     0.0002171184     -0.0097199573
119     0.0000000000     0.0000000000     0.0000000000     0.0000000000     0.0001798922     -0.0097145822
120     0.0000000000     0.0000000000     0.0000000000     0.0000000000     0.0001416360     -0.0097121400
121     0.0000000000     0.0000000000     0.0000000000     0.0000000000     0.0001009883     -0.0097118628
122     0.0000000000     0.0000000000     0.0000000000     0.0000000000     0.0000596248     -0.0097098011
123     0.0000000000     0.0000000000     0.0000000000     0.0000000000     0.0000200981     -0.0097078358
124     0.0000000000     0.0000000000     0.0000000000     0.0000000000     -0.0000179557     -0.0097035757
125     0.0000000000     0.0000000000     0.0000000000     0.0000000000     -0.0000539425     -0.0096991454
126     0.0000000000     0.0000000000     0.0000000000     0.0000000000     -0.0000879190     -0.0096950303
127     0.0000000000     0.0000000000     0.0000000000     0.0000000000     -0.0001190478     -0.0096907414
128     0.0000000000     0.0000000000     0.0000000000     0.0000000000     -0.0001474767     -0.0096888104
129     0.0000000000     0.0000000000     0.0000000000     0.0000000000     -0.0001744490     -0.0096913315
130     0.0000000000     0.0000000000     0.0000000000     0.0000000000     -0.0002009700     -0.0096909793
131     0.0000000000     0.0000000000     0.0000000000     0.0000000000     0.0006261161     -0.0096009367
132     0.0000000000     0.0000000000     0.0000000000     0.0000000000     0.0006112936     -0.0096004580
133     0.0000000000     0.0000000000     0.0000000000     0.0000000000     0.0005901265     -0.0095968593
134     0.0000000000     0.0000000000     0.0000000000     0.0000000000     0.0005676609     -0.0095928194
135     0.0000000000     0.0000000000     0.0000000000     0.0000000000     0.0005418846     -0.0095889911
136     0.0000000000     0.0000000000     0.0000000000     0.0000000000     0.0005127370     -0.0095830718
137     0.0000000000     0.0000000000     0.0000000000     0.0000000000     0.0004815927     -0.0095794650
138     0.0000000000     0.0000000000     0.0000000000     0.0000000000     0.0004494247     -0.0095784927
139     0.0000000000     0.0000000000     0.0000000000     0.0000000000     0.0004140663     -0.0095751203
140     0.0000000000     0.0000000000     0.0000000000     0.0000000000     0.0003737207     -0.0095737559
141     0.0000000000     0.0000000000     0.0000000000     0.0000000000     0.0003315380     -0.0095711988
142     0.0000000000     0.0000000000     0.0000000000     0.0000000000     0.0002919355     -0.0095636909
143     0.0000000000     0.0000000000     0.0000000000     0.0000000000     0.0002549407     -0.0095567968
144     0.0000000000     0.0000000000     0.0000000000     0.0000000000     0.0002176098     -0.0095515681
145     0.0000000000     0.0000000000     0.0000000000     0.0000000000     0.0001787178     -0.0095487693
146     0.0000000000     0.0000000000     0.0000000000     0.0000000000     0.0001373799     -0.0095463108
147     0.0000000000     0.0000000000     0.0000000000     0.0000000000     0.0000949140     -0.0095458929
148     0.0000000000     0.0000000000     0.0000000000     0.0000000000     0.0000536833     -0.0095460770
149     0.0000000000     0.0000000000     0.0000000000     0.0000000000     0.0000136762     -0.0095475290
150     0.0000000000     0.0000000000     0.0000000000     0.0000000000     -0.0000247156     -0.0095454164
151     0.0000000000     0.0000000000     0.0000000000     0.0000000000     -0.0000602951     -0.0095361397
152     0.0000000000     0.0000000000     0.0000000000     0.0000000000     -0.0000940246     -0.0095287091
153     0.0000000000     0.0000000000     0.0000000000     0.0000000000     -0.0001251721     -0.0095279041
154     0.0000000000     0.0000000000     0.0000000000     0.0000000000     -0.0001535320     -0.0095292844
155     0.0000000000     0.0000000000     0.0000000000     0.0000000000     -0.0001802420     -0.0095287889
156     0.0000000000     0.0000000000     0.0000000000     0.0000000000     -0.0002067397     -0.0095267373
157     0.0000000000     0.0000000000     0.0000000000     0.0000000000     0.0006285261     -0.0094348012
158     0.0000000000     0.0000000000     0.0000000000     0.0000000000     0.0006147491     -0.0094344623
159     0.0000000000     0.0000000000     0.0000000000     0.0000000000     0.0005944456     -0.0094337720
160     0.0000000000     0.0000000000     0.0000000000     0.0000000000     0.0005719589     -0.0094334425
161     0.0000000000     0.0000000000     0.0000000000     0.0000000000     0.0005462668     -0.0094302640
162     0.0000000000     0.0000000000     0.0000000000     0.0000000000     0.0005169151     -0.0094209420
163     0.0000000000     0.0000000000     0.0000000000     0.0000000000     0.0004846222     -0.0094127123
164     0.0000000000     0.0000000000     0.0000000000     0.0000000000     0.0004509200     -0.0094114904
165     0.0000000000     0.0000000000     0.0000000000     0.0000000000     0.0004146402     -0.0094110768
166     0.0000000000     0.0000000000     0.0000000000     0.0000000000     0.0003747417     -0.0094084833
167     0.0000000000     0.0000000000     0.0000000000     0.0000000000     0.0003328277     -0.0094032551
168     0.0000000000     0.0000000000     0.0000000000     0.0000000000     0.0002923149     -0.0093967506
169     0.0000000000     0.0000000000     0.0000000000     0.0000000000     0.0002548174     -0.0093903284
170     0.0000000000     0.0000000000     0.0000000000     0.0000000000     0.0002171698     -0.0093874232
171     0.0000000000     0.0000000000     0.0000000000     0.0000000000     0.0001761440     -0.0093869316
172     0.0000000000     0.0000000000     0.0000000000     0.0000000000     0.0001320837     -0.0093843362
173     0.0000000000     0.0000000000     0.0000000000     0.0000000000     0.0000891077     -0.0093828198
174     0.0000000000     0.0000000000     0.0000000000     0.0000000000     0.0000497386     -0.0093835067
175     0.0000000000     0.0000000000     0.0000000000     0.0000000000     0.0000092497     -0.0093858384
176     0.0000000000     0.0000000000     0.0000000000     0.0000000000     -0.0000305277     -0.0093870703
177     0.0000000000     0.0000000000     0.0000000000     0.0000000000     -0.0000674954     -0.0093806277
178     0.0000000000     0.0000000000     0.0000000000     0.0000000000     -0.0001010301     -0.0093771818
179     0.0000000000     0.0000000000     0.0000000000     0.0000000000     -0.0001307068     -0.0093778899
180     0.0000000000     0.0000000000     0.0000000000     0.0000000000     -0.0001596126     -0.0093704052
181     0.0000000000     0.0000000000     0.0000000000     0.0000000000     -0.0001873442     -0.0093595568
182     0.0000000000     0.0000000000     0.0000000000     0.0000000000     -0.0002136141     -0.0093583075
183     0.0000000000     0.0000000000     0.0000000000     0.0000000000     0.0006318412     -0.0092723623
184     0.0000000000     0.0000000000     0.0000000000     0.0000000000     0.0006189651     -0.0092718675
185     0.0000000000     0.0000000000     0.0000000000     0.0000000000     0.0005988774     -0.0092702195
186     0.0000000000     0.0000000000     0.0000000000     0.0000000000     0.0005760412     -0.0092685632
187     0.0000000000     0.0000000000     0.0000000000     0.0000000000     0.0005496327     -0.0092626493
188     0.0000000000     0.0000000000     0.0000000000     0.0000000000     0.0005205745     -0.0092570678
189     0.0000000000     0.0000000000     0.0000000000     0.0000000000     0.0004889557     -0.0092521626
190     0.0000000000     0.0000000000     0.0000000000     0.0000000000     0.0004543475     -0.0092491214
191     0.0000000000     0.0000000000     0.0000000000     0.0000000000     0.0004150602     -0.0092476971
192     0.0000000000     0.0000000000     0.0000000000     0.0000000000     0.0003721106     -0.0092441155
193     0.0000000000     0.0000000000     0.0000000000     0.0000000000     0.0003309227     -0.0092406291
194     0.0000000000     0.0000000000     0.0000000000     0.0000000000     0.0002921502     -0.0092383241
195     0.0000000000     0.0000000000     0.0000000000     0.0000000000     0.0002536987     -0.0092310853
196     0.0000000000     0.0000000000     0.0000000000     0.0000000000     0.0002129431     -0.0092235817
197     0.0000000000     0.0000000000     0.0000000000     0.0000000000     0.0001707951     -0.0092205119
198     0.0000000000     0.0000000000     0.0000000000     0.0000000000     0.0001278918     -0.0092205102
199     0.0000000000     0.0000000000     0.0000000000     0.0000000000     0.0000863781     -0.0092203059
200     0.0000000000     0.0000000000     0.0000000000     0.0000000000     0.0000458629     -0.0092166505
201     0.0000000000     0.0000000000     0.0000000000     0.0000000000     0.0000047434     -0.0092154466
202     0.0000000000     0.0000000000     0.0000000000     0.0000000000     -0.0000346170     -0.0092199080
203     0.0000000000     0.0000000000     0.0000000000     0.0000000000     -0.0000726397     -0.0092215317
204     0.0000000000     0.0000000000     0.0000000000     0.0000000000     -0.0001071416     -0.0092188110
205     0.0000000000     0.0000000000     0.0000000000     0.0000000000     -0.0001365263     -0.0092135084
206     0.0000000000     0.0000000000     0.0000000000     0.0000000000     -0.0001659184     -0.0092033336
207     0.0000000000     0.0000000000     0.0000000000     0.0000000000     -0.0001951879     -0.0091992978
208     0.0000000000     0.0000000000     0.0000000000     0.0000000000     -0.0002203138     -0.0091996123
209     0.0000000000     0.0000000000     0.0000000000     0.0000000000     0.0006367756     -0.0091147528
210     0.0000000000     0.0000000000     0.0000000000     0.0000000000     0.0006246605     -0.0091134734
211     0.0000000000     0.0000000000     0.0000000000     0.0000000000     0.0006042048     -0.0091077634
212     0.0000000000     0.0000000000     0.0000000000     0.0000000000     0.0005810527     -0.0091053412
213     0.0000000000     0.0000000000     0.0000000000     0.0000000000     0.0005546517     -0.0091060623
214     0.0000000000     0.0000000000     0.0000000000     0.0000000000     0.0005247683     -0.0091027112
215     0.0000000000     0.0000000000     0.0000000000     0.0000000000     0.0004914786     -0.0090976637
216     0.0000000000     0.0000000000     0.0000000000     0.0000000000     0.0004549276     -0.0090916962
217     0.0000000000     0.0000000000     0.0000000000     0.0000000000     0.0004144407     -0.0090861476
218     0.0000000000     0.0000000000     0.0000000000     0.0000000000     0.0003716975     -0.0090842725
219     0.0000000000     0.0000000000     0.0000000000     0.0000000000     0.0003313563     -0.0090783381
220     0.0000000000     0.0000000000     0.0000000000     0.0000000000     0.0002921370     -0.0090687205
221     0.0000000000     0.0000000000     0.0000000000     0.0000000000     0.0002506838     -0.0090615462
222     0.0000000000     0.0000000000     0.0000000000     0.0000000000     0.0002064729     -0.0090584208
223     0.0000000000     0.0000000000     0.0000000000     0.0000000000     0.0001646252     -0.0090557978
224     0.0000000000     0.0000000000     0.0000000000     0.0000000000     0.0001250375     -0.0090535026
225     0.0000000000     0.0000000000     0.0000000000     0.0000000000     0.0000860687     -0.0090511829
226     0.0000000000     0.0000000000     0.0000000000     0.0000000000     0.0000437261     -0.0090472834
227     0.0000000000     0.0000000000     0.0000000000     0.0000000000     -0.0000008522     -0.0090433095
228     0.0000000000     0.0000000000     0.0000000000     0.0000000000     -0.0000401865     -0.0090419380
229     0.0000000000     0.0000000000     0.0000000000     0.0000000000     -0.0000770928     -0.0090437874
230     0.0000000000     0.0000000000     0.0000000000     0.0000000000     -0.0001103395     -0.0090449465
231     0.0000000000     0.0000000000     0.0000000000     0.0000000000     -0.0001411868     -0.0090404488
232     0.0000000000     0.0000000000     0.0000000000     0.0000000000     -0.0001727643     -0.0090370298
233     0.0000000000     0.0000000000     0.0000000000     0.0000000000     -0.0002008490     -0.0090395185
234     0.0000000000     0.0000000000     0.0000000000     0.0000000000     -0.0002254471     -0.0090348708
235     0.0000000000     0.0000000000     0.0000000000     0.0000000000     0.0006409034     -0.0089559392
236     0.0000000000     0.0000000000     0.0000000000     0.0000000000     0.0006301008     -0.0089546341
237     0.0000000000     0.0000000000     0.0000000000     0.0000000000     0.0006110290     -0.0089491642
238     0.0000000000     0.0000000000     0.0000000000     0.0000000000     0.0005858314     -0.0089454016
239     0.0000000000     0.0000000000     0.0000000000     0.0000000000     0.0005570266     -0.0089430180
240     0.0000000000     0.0000000000     0.0000000000     0.0000000000     0.0005264776     -0.0089357952
241     0.0000000000     0.0000000000     0.0000000000     0.0000000000     0.0004914039     -0.0089289038
242     0.0000000000     0.0000000000     0.0000000000     0.0000000000     0.0004537371     -0.0089256228
243     0.0000000000     0.0000000000     0.0000000000     0.0000000000     0.0004141150     -0.0089210710
244     0.0000000000     0.0000000000     0.0000000000     0.0000000000     0.0003734034     -0.0089183685
245     0.0000000000     0.0000000000     0.0000000000     0.0000000000     0.0003322633     -0.0089165490
246     0.0000000000     0.0000000000     0.0000000000     0.0000000000     0.0002904924     -0.0089094747
247     0.0000000000     0.0000000000     0.0000000000     0.0000000000     0.0002468081     -0.0089024181
248     0.0000000000     0.0000000000     0.0000000000     0.0000000000     0.0002013532     -0.0089008398
249     0.0000000000     0.0000000000     0.0000000000     0.0000000000     0.0001595821     -0.0089008578
250     0.0000000000     0.0000000000     0.0000000000     0.0000000000     0.0001211363     -0.0088961579
251     0.0000000000     0.0000000000     0.0000000000     0.0000000000     0.0000836479     -0.0088884039
252     0.0000000000     0.0000000000     0.0000000000     0.0000000000     0.0000406306     -0.0088808612
253     0.0000000000     0.0000000000     0.0000000000     0.0000000000     -0.0000048139     -0.0088722149
254     0.0000000000     0.0000000000     0.0000000000     0.0000000000     -0.0000452071     -0.0088704456
255     0.0000000000     0.0000000000     0.0000000000     0.0000000000     -0.0000815720     -0.0088725181
256     0.0000000000     0.0000000000     0.0000000000     0.0000000000     -0.0001135919     -0.0088736883
257     0.0000000000     0.0000000000     0.0000000000     0.0000000000     -0.0001454753     -0.0088764873
258     0.0000000000     0.0000000000     0.0000000000     0.0000000000     -0.0001779885     -0.0088752896
259     0.0000000000     0.0000000000     0.0000000000     0.0000000000     -0.0002061300     -0.0088670823
260     0.0000000000     0.0000000000     0.0000000000     0.0000000000     -0.0002314473     -0.0088590367
261     0.0000000000     0.0000000000     0.0000000000     0.0000000000     0.0006378553     -0.0087954309
262     0.0000000000     0.0000000000     0.0000000000     0.0000000000     0.0006282623     -0.0087938940
263     0.0000000000     0.0000000000     0.0000000000     0.0000000000     0.0006101094     -0.0087844198
264     0.0000000000     0.0000000000     0.0000000000     0.0000000000     0.0005863981     -0.0087738338
265     0.0000000000     0.0000000000     0.0000000000     0.0000000000     0.0005577243     -0.0087643559
266     0.0000000000     0.0000000000     0.0000000000     0.0000000000     0.0005270868     -0.0087602535
267     0.0000000000     0.0000000000     0.0000000000     0.0000000000     0.0004899247     -0.0087610275
268     0.0000000000     0.0000000000     0.0000000000     0.0000000000     0.0004499243     -0.0087629925
269     0.0000000000     0.0000000000     0.0000000000     0.0000000000     0.0004121103     -0.0087592452
270     0.0000000000     0.0000000000     0.0000000000     0.0000000000     0.0003735526     -0.0087508382
271     0.0000000000     0.0000000000     0.0000000000     0.0000000000     0.0003309005     -0.0087496458
272     0.0000000000     0.0000000000     0.0000000000     0.0000000000     0.0002880103     -0.0087474745
273     0.0000000000     0.0000000000     0.0000000000     0.0000000000     0.0002473301     -0.0087424446
274     0.0000000000     0.0000000000     0.0000000000     0.0000000000     0.0002023483     -0.0087424655
275     0.0000000000     0.0000000000     0.0000000000     0.0000000000     0.0001581604     -0.0087445714
276     0.0000000000     0.0000000000     0.0000000000     0.0000000000     0.0001166739     -0.0087411202
277     0.0000000000     0.0000000000     0.0000000000     0.0000000000     0.0000752941     -0.0087321399
278     0.0000000000     0.0000000000     0.0000000000     0.0000000000     0.0000344723     -0.0087236594
279     0.0000000000     0.0000000000     0.0000000000     0.0000000000     -0.0000058496     -0.0087174625
280     0.0000000000     0.0000000000     0.0000000000     0.0000000000     -0.0000450244     -0.0087162406
281     0.0000000000     0.0000000000     0.0000000000     0.0000000000     -0.0000825247     -0.0087143685
282     0.0000000000     0.0000000000     0.0000000000     0.0000000000     -0.0001180565     -0.0087131052
283     0.0000000000     0.0000000000     0.0000000000     0.0000000000     -0.0001519210     -0.0087116512
284     0.0000000000     0.0000000000     0.0000000000     0.0000000000     -0.0001833061     -0.0087016249
285     0.0000000000     0.0000000000     0.0000000000     0.0000000000     -0.0002105371     -0.0086886509
286     0.0000000000     0.0000000000     0.0000000000     0.0000000000     -0.0002352708     -0.0086904160
287     0.0000000000     0.0000000000     0.0000000000     0.0000000000     0.0006373748     -0.0086289561
288     0.0000000000     0.0000000000     0.0000000000     0.0000000000     0.0006293818     -0.0086268230
289     0.0000000000     0.0000000000     0.0000000000     0.0000000000     0.0006126583     -0.0086206663
290     0.0000000000     0.0000000000     0.0000000000     0.0000000000     0.0005899674     -0.0086143321
291     0.0000000000     0.0000000000     0.0000000000     0.0000000000     0.0005592270     -0.0086040896
292     0.0000000000     0.0000000000     0.0000000000     0.0000000000     0.0005252191     -0.0086011414
293     0.0000000000     0.0000000000     0.0000000000     0.0000000000     0.0004885289     -0.0086020760
294     0.0000000000     0.0000000000     0.0000000000     0.0000000000     0.0004500278     -0.0086015073
295     0.0000000000     0.0000000000     0.0000000000     0.0000000000     0.0004104665     -0.0086010856
296     0.0000000000     0.0000000000     0.0000000000     0.0000000000     0.0003693026     -0.0085980879
297     0.0000000000     0.0000000000     0.0000000000     0.0000000000     0.0003279457     -0.0085934361
298     0.0000000000     0.0000000000     0.0000000000     0.0000000000     0.0002869279     -0.0085902486
299     0.0000000000     0.0000000000     0.0000000000     0.0000000000     0.0002476070     -0.0085872423
300     0.0000000000     0.0000000000     0.0000000000     0.0000000000     0.0002033476     -0.0085846553
301     0.0000000000     0.0000000000     0.0000000000     0.0000000000     0.0001591099     -0.0085841373
302     0.0000000000     0.0000000000     0.0000000000     0.0000000000     0.0001172702     -0.0085846579
303     0.0000000000     0.0000000000     0.0000000000     0.0000000000     0.0000729707     -0.0085785072
304     0.0000000000     0.0000000000     0.0000000000     0.0000000000     0.0000311277     -0.0085708619
305     0.0000000000     0.0000000000     0.0000000000     0.0000000000     -0.0000092106     -0.0085696283
306     0.0000000000     0.0000000000     0.0000000000     0.0000000000     -0.0000478764     -0.0085628316
307     0.0000000000     0.0000000000     0.0000000000     0.0000000000     -0.0000858015     -0.0085512852
308     0.0000000000     0.0000000000     0.0000000000     0.0000000000     -0.0001240938     -0.0085460430
309     0.0000000000     0.0000000000     0.0000000000     0.0000000000     -0.0001579876     -0.0085425728
310     0.0000000000     0.0000000000     0.0000000000     0.0000000000     -0.0001868719     -0.0085366482
311     0.0000000000     0.0000000000     0.0000000000     0.0000000000     -0.0002125817     -0.0085289132
312     0.0000000000     0.0000000000     0.0000000000     0.0000000000     -0.0002371150     -0.0085315810
313     0.0000000000     0.0000000000     0.0000000000     0.0000000000     0.0006401973     -0.0084653019
314     0.0000000000     0.0000000000     0.0000000000     0.0000000000     0.0006339796     -0.0084634187
315     0.0000000000     0.0000000000     0.0000000000     0.0000000000     0.0006173375     -0.0084566733
316     0.0000000000     0.0000000000     0.0000000000     0.0000000000     0.0005925535     -0.0084521522
317     0.0000000000     0.0000000000     0.0000000000     0.0000000000     0.0005588806     -0.0084457679
318     0.0000000000     0.0000000000     0.0000000000     0.0000000000     0.0005217808     -0.0084383220
319     0.0000000000     0.0000000000     0.0000000000     0.0000000000     0.0004866684     -0.0084328968
320     0.0000000000     0.0000000000     0.0000000000     0.0000000000     0.0004512166     -0.0084289799
321     0.0000000000     0.0000000000     0.0000000000     0.0000000000     0.0004101694     -0.0084263542
322     0.0000000000     0.0000000000     0.0000000000     0.0000000000     0.0003697269     -0.0084311734
323     0.0000000000     0.0000000000     0.0000000000     0.0000000000     0.0003330216     -0.0084321817
324     0.0000000000     0.0000000000     0.0000000000     0.0000000000     0.0002905178     -0.0084223389
325     0.0000000000     0.0000000000     0.0000000000     0.0000000000     0.0002441047     -0.0084155084
326     0.0000000000     0.0000000000     0.0000000000     0.0000000000     0.0001994354     -0.0084120668
327     0.0000000000     0.0000000000     0.0000000000     0.0000000000     0.0001573011     -0.0084133398
328     0.0000000000     0.0000000000     0.0000000000     0.0000000000     0.0001163307     -0.0084156752
329     0.0000000000     0.0000000000     0.0000000000     0.0000000000     0.0000718578     -0.0084112995
330     0.0000000000     0.0000000000     0.0000000000     0.0000000000     0.0000291165     -0.0084074364
331     0.0000000000     0.0000000000     0.0000000000     0.0000000000     -0.0000125977     -0.0084053659
332     0.0000000000     0.0000000000     0.0000000000     0.0000000000     -0.0000549263     -0.0083965896
333     0.0000000000     0.0000000000     0.0000000000     0.0000000000     -0.0000919874     -0.0083881127
334     0.0000000000     0.0000000000     0.0000000000     0.0000000000     -0.0001285613     -0.0083816121
335     0.0000000000     0.0000000000     0.0000000000     0.0000000000     -0.0001633305     -0.0083794977
336     0.0000000000     0.0000000000     0.0000000000     0.0000000000     -0.0001919591     -0.0083802858
337     0.0000000000     0.0000000000     0.0000000000     0.0000000000     -0.0002163042     -0.0083747106
338     0.0000000000     0.0000000000     0.0000000000     0.0000000000     -0.0002393616     -0.0083752712
339     0.0000000000     0.0000000000     0.0000000000     0.0000000000     0.0006385913     -0.0083107585
340     0.0000000000     0.0000000000     0.0000000000     0.0000000000     0.0006332952     -0.0083080584
341     0.0000000000     0.0000000000     0.0000000000     0.0000000000     0.0006147873     -0.0082935033
342     0.0000000000     0.0000000000     0.0000000000     0.0000000000     0.0005895170     -0.0082835362
343     0.0000000000     0.0000000000     0.0000000000     0.0000000000     0.0005574874     -0.0082811488
344     0.0000000000     0.0000000000     0.0000000000     0.0000000000     0.0005219928     -0.0082774104
345     0.0000000000     0.0000000000     0.0000000000     0.0000000000     0.0004857777     -0.0082746377
346     0.0000000000     0.0000000000     0.0000000000     0.0000000000     0.0004478342     -0.0082693474
347     0.0000000000     0.0000000000     0.0000000000     0.0000000000     0.0004072404     -0.0082622285
348     0.0000000000     0.0000000000     0.0000000000     0.0000000000     0.0003689807     -0.0082628312
349     0.0000000000     0.0000000000     0.0000000000     0.0000000000     0.0003317156     -0.0082614511
350     0.0000000000     0.0000000000     0.0000000000     0.0000000000     0.0002853696     -0.0082527849
351     0.0000000000     0.0000000000     0.0000000000     0.0000000000     0.0002380883     -0.0082489524
352     0.0000000000     0.0000000000     0.0000000000     0.0000000000     0.0001961382     -0.0082477006
353     0.0000000000     0.0000000000     0.0000000000     0.0000000000     0.0001571116     -0.0082448110
354     0.0000000000     0.0000000000     0.0000000000     0.0000000000     0.0001139806     -0.0082388312
355     0.0000000000     0.0000000000     0.0000000000     0.0000000000     0.0000681912     -0.0082347045
356     0.0000000000     0.0000000000     0.0000000000     0.0000000000     0.0000267041     -0.0082377133
357     0.0000000000     0.0000000000     0.0000000000     0.0000000000     -0.0000147763     -0.0082395364
358     0.0000000000     0.0000000000     0.0000000000     0.0000000000     -0.0000577300     -0.0082385366
359     0.0000000000     0.0000000000     0.0000000000     0.0000000000     -0.0000961222     -0.0082334569
360     0.0000000000     0.0000000000     0.0000000000     0.0000000000     -0.0001315085     -0.0082203512
361     0.0000000000     0.0000000000     0.0000000000     0.0000000000     -0.0001666890     -0.0082087976
362     0.0000000000     0.0000000000     0.0000000000     0.0000000000     -0.0001979805     -0.0082101555
363     0.0000000000     0.0000000000     0.0000000000     0.0000000000     -0.0002238779     -0.0082184327
364     0.0000000000     0.0000000000     0.0000000000     0.0000000000     -0.0002466024     -0.0082269886
365     0.0000000000     0.0000000000     39.5312964895     0.0000000000     0.0006339840     -0.0081485096
366     0.0000000000     0.0000000000     39.5312964895     0.0000000000     0.0006296307     -0.0081480688
367     0.0000000000     0.0000000000     39.5312964895     0.0000000000     0.0006105658     -0.0081406809
368     0.0000000000     0.0000000000     39.5312964895     0.0000000000     0.0005855273     -0.0081305028
369     0.0000000000     0.0000000000     39.5312964895     0.0000000000     0.0005568135     -0.0081256681
370     0.0000000000     0.0000000000     39.5312964895     0.0000000000     0.0005247770     -0.0081192969
371     0.0000000000     0.0000000000     39.5312964895     0.0000000000     0.0004870831     -0.0081142614
372     0.0000000000     0.0000000000     39.5312964895     0.0000000000     0.0004465955     -0.0081079660
373     0.0000000000     0.0000000000     39.5312964895     0.0000000000     0.0004038310     -0.0081006961
374     0.0000000000     0.0000000000     39.5312964895     0.0000000000     0.0003599918     -0.0080960297
375     0.0000000000     0.0000000000     39.5312964895     0.0000000000     0.0003186561     -0.0080937537
376     0.0000000000     0.0000000000     39.5312964895     0.0000000000     0.0002781816     -0.0080956667
377     0.0000000000     0.0000000000     39.5312964895     0.0000000000     0.0002361696     -0.0081006243
378     0.0000000000     0.0000000000     39.5312964895     0.0000000000     0.0001925891     -0.0080965787
379     0.0000000000     0.0000000000     39.5312964895     0.0000000000     0.0001519074     -0.0080876757
380     0.0000000000     0.0000000000     39.5312964895     0.0000000000     0.0001099574     -0.0080823774
381     0.0000000000     0.0000000000     39.5312964895     0.0000000000     0.0000666825     -0.0080732951
382     0.0000000000     0.0000000000     39.5312964895     0.0000000000     0.0000253330     -0.0080637516
383     0.0000000000     0.0000000000     39.5312964895     0.0000000000     -0.0000189385     -0.0080595723
384     0.0000000000     0.0000000000     39.5312964895     0.0000000000     -0.0000640349     -0.0080591557
385     0.0000000000     0.0000000000     39.5312964895     0.0000000000     -0.0001030870     -0.0080593596
386     0.0000000000     0.0000000000     39.5312964895     0.0000000000     -0.0001364130     -0.0080552456
387     0.0000000000     0.0000000000     39.5312964895     0.0000000000     -0.0001690808     -0.0080497966
388     0.0000000000     0.0000000000     39.5312964895     0.0000000000     -0.0002009356     -0.0080442673
389     0.0000000000     0.0000000000     39.5312964895     0.0000000000     -0.0002296027     -0.0080443422
390     0.0000000000     0.0000000000     39.5312964895     0.0000000000     -0.0002530048     -0.0080552883
