1     0.0000000000     0.0000000000     -43.4795031809     0.0000000000     0.0006663828     -0.0114407757
2     0.0000000000     0.0000000000     -43.4795031809     0.0000000000     0.0006445682     -0.0114400302
3     0.0000000000     0.0000000000     -43.4795031809     0.0000000000     0.0006200077     -0.0114372010
4     0.0000000000     0.0000000000     -43.4795031809     0.0000000000     0.0005934436     -0.0114343131
5     0.0000000000     0.0000000000     -43.4795031809     0.0000000000     0.0005648617     -0.0114315938
6     0.0000000000     0.0000000000     -43.4795031809     0.0000000000     0.0005342722     -0.0114290529
7     0.0000000000     0.0000000000     -43.4795031809     0.0000000000     0.0005018321     -0.0114264363
8     0.0000000000     0.0000000000     -43.4795031809     0.0000000000     0.0004677758     -0.0114234300
9     0.0000000000     0.0000000000     -43.4795031809     0.0000000000     0.0004323560     -0.0114202769
10     0.0000000000     0.0000000000     -43.4795031809     0.0000000000     0.0003957547     -0.0114175869
11     0.0000000000     0.0000000000     -43.4795031809     0.0000000000     0.0003580943     -0.0114152541
12     0.0000000000     0.0000000000     -43.4795031809     0.0000000000     0.0003196057     -0.0114127110
13     0.0000000000     0.0000000000     -43.4795031809     0.0000000000     0.0002806123     -0.0114099746
14     0.0000000000     0.0000000000     -43.4795031809     0.0000000000     0.0002414587     -0.0114073411
15     0.0000000000     0.0000000000     -43.4795031809     0.0000000000     0.0002024352     -0.0114049593
16     0.0000000000     0.0000000000     -43.4795031809     0.0000000000     0.0001636361     -0.0114029179
17     0.0000000000     0.0000000000     -43.4795031809     0.0000000000     0.0001250215     -0.0114012232
18     0.0000000000     0.0000000000     -43.4795031809     0.0000000000     0.0000865728     -0.0113997315
19     0.0000000000     0.0000000000     -43.4795031809     0.0000000000     0.0000483916     -0.0113983107
20     0.0000000000     0.0000000000     -43.4795031809     0.0000000000     0.0000106805     -0.0113968663
21     0.0000000000     0.0000000000     -43.4795031809     0.0000000000     -0.0000263016     -0.0113950682
22     0.0000000000     0.0000000000     -43.4795031809     0.0000000000     -0.0000622550     -0.0113924466
23     0.0000000000     0.0000000000     -43.4795031809     0.0000000000     -0.0000969439     -0.0113888325
24     0.0000000000     0.0000000000     -43.4795031809     0.0000000000     -0.0001303412     -0.0113846599
25     0.0000000000     0.0000000000     -43.4795031809     0.0000000000     -0.0001626149     -0.0113804468
26     0.0000000000     0.0000000000     -43.4795031809     0.0000000000     -0.0001939154     -0.0113766618
27     0.0000000000     0.0000000000     0.0000000000     0.0000000000     0.0006705509     -0.0112638844
28     0.0000000000     0.0000000000     0.0000000000     0.0000000000     0.0006496249     -0.0112632058
29     0.0000000000     0.0000000000     0.0000000000     0.0000000000     0.0006252650     -0.0112603099
30     0.0000000000     0.0000000000     0.0000000000     0.0000000000     0.0005988354     -0.0112572025
31     0.0000000000     0.0000000000     0.0000000000     0.0000000000     0.0005701448     -0.0112542857
32     0.0000000000     0.0000000000     0.0000000000     0.0000000000     0.0005391657     -0.0112515562
33     0.0000000000     0.0000000000     0.0000000000     0.0000000000     0.0005061776     -0.0112487822
34     0.0000000000     0.0000000000     0.0000000000     0.0000000000     0.0004714733     -0.0112451495
35     0.0000000000     0.0000000000     0.0000000000     0.0000000000     0.0004354131     -0.0112409831
36     0.0000000000     0.0000000000     0.0000000000     0.0000000000     0.0003981871     -0.0112379589
37     0.0000000000     0.0000000000     0.0000000000     0.0000000000     0.0003596843     -0.0112357910
38     0.0000000000     0.0000000000     0.0000000000     0.0000000000     0.0003202082     -0.0112329219
39     0.0000000000     0.0000000000     0.0000000000     0.0000000000     0.0002802199     -0.0112298694
40     0.0000000000     0.0000000000     0.0000000000     0.0000000000     0.0002401354     -0.0112270909
41     0.0000000000     0.0000000000     0.0000000000     0.0000000000     0.0002003843     -0.0112245140
42     0.0000000000     0.0000000000     0.0000000000     0.0000000000     0.0001609268     -0.0112223233
43     0.0000000000     0.0000000000     0.0000000000     0.0000000000     0.0001215781     -0.0112206278
44     0.0000000000     0.0000000000     0.0000000000     0.0000000000     0.0000822504     -0.0112190886
45     0.0000000000     0.0000000000     0.0000000000     0.0000000000     0.0000431203     -0.0112174845
46     0.0000000000     0.0000000000     0.0000000000     0.0000000000     0.0000044951     -0.0112160657
47     0.0000000000     0.0000000000     0.0000000000     0.0000000000     -0.0000333032     -0.0112143482
48     0.0000000000     0.0000000000     0.0000000000     0.0000000000     -0.0000698263     -0.0112115674
49     0.0000000000     0.0000000000     0.0000000000     0.0000000000     -0.0001047285     -0.0112072893
50     0.0000000000     0.0000000000     0.0000000000     0.0000000000     -0.0001380047     -0.0112028406
51     0.0000000000     0.0000000000     0.0000000000     0.0000000000     -0.0001701098     -0.0111988657
52     0.0000000000     0.0000000000     0.0000000000     0.0000000000     -0.0002011883     -0.0111952993
53     0.0000000000     0.0000000000     0.0000000000     0.0000000000     0.0006747548     -0.0110872313
54     0.0000000000     0.0000000000     0.0000000000     0.0000000000     0.0006547110     -0.0110867145
55     0.0000000000     0.0000000000     0.0000000000     0.0000000000     0.0006305848     -0.0110842181
56     0.0000000000     0.0000000000     0.0000000000     0.0000000000     0.0006042513     -0.0110810688
57     0.0000000000     0.0000000000     0.0000000000     0.0000000000     0.0005754047     -0.0110780090
58     0.0000000000     0.0000000000     0.0000000000     0.0000000000     0.0005438823     -0.0110745387
59     0.0000000000     0.0000000000     0.0000000000     0.0000000000     0.0005103550     -0.0110711823
60     0.0000000000     0.0000000000     0.0000000000     0.0000000000     0.0004749878     -0.0110669482
61     0.0000000000     0.0000000000     0.0000000000     0.0000000000     0.0004383410     -0.0110616291
62     0.0000000000     0.0000000000     0.0000000000     0.0000000000     0.0004007696     -0.0110580082
63     0.0000000000     0.0000000000     0.0000000000     0.0000000000     0.0003613782     -0.0110557776
64     0.0000000000     0.0000000000     0.0000000000     0.0000000000     0.0003207620     -0.0110521821
65     0.0000000000     0.0000000000     0.0000000000     0.0000000000     0.0002798108     -0.0110494630
66     0.0000000000     0.0000000000     0.0000000000     0.0000000000     0.0002388970     -0.0110469628
67     0.0000000000     0.0000000000     0.0000000000     0.0000000000     0.0001986347     -0.0110440207
68     0.0000000000     0.0000000000     0.0000000000     0.0000000000     0.0001585294     -0.0110416057
69     0.0000000000     0.0000000000     0.0000000000     0.0000000000     0.0001182972     -0.0110400042
70     0.0000000000     0.0000000000     0.0000000000     0.0000000000     0.0000778358     -0.0110383908
71     0.0000000000     0.0000000000     0.0000000000     0.0000000000     0.0000375342     -0.0110361804
72     0.0000000000     0.0000000000     0.0000000000     0.0000000000     -0.0000021785     -0.0110345768
73     0.0000000000     0.0000000000     0.0000000000     0.0000000000     -0.0000409067     -0.0110324964
74     0.0000000000     0.0000000000     0.0000000000     0.0000000000     -0.0000778923     -0.0110291989
75     0.0000000000     0.0000000000     0.0000000000     0.0000000000     -0.0001128613     -0.0110231957
76     0.0000000000     0.0000000000     0.0000000000     0.0000000000     -0.0001457619     -0.0110187275
77     0.0000000000     0.0000000000     0.0000000000     0.0000000000     -0.0001776886     -0.0110167374
78     0.0000000000     0.0000000000     0.0000000000     0.0000000000     -0.0002084450     -0.0110142898
79     0.0000000000     0.0000000000     0.0000000000     0.0000000000     0.0006790772     -0.0109103426
80     0.0000000000     0.0000000000     0.0000000000     0.0000000000     0.0006599170     -0.0109100085
81     0.0000000000     0.0000000000     0.0000000000     0.0000000000     0.0006358032     -0.0109090793
82     0.0000000000     0.0000000000     0.0000000000     0.0000000000     0.0006094885     -0.0109054685
83     0.0000000000     0.0000000000     0.0000000000     0.0000000000     0.0005804410     -0.0109019391
84     0.0000000000     0.0000000000     0.0000000000     0.0000000000     0.0005483214     -0.0108974922
85     0.0000000000     0.0000000000     0.0000000000     0.0000000000     0.0005144902     -0.0108923707
86     0.0000000000     0.0000000000     0.0000000000     0.0000000000     0.0004786218     -0.0108886873
87     0.0000000000     0.0000000000     0.0000000000     0.0000000000     0.0004413802     -0.0108848727
88     0.0000000000     0.0000000000     0.0000000000     0.0000000000     0.0004033329     -0.0108801317
89     0.0000000000     0.0000000000     0.0000000000     0.0000000000     0.0003627952     -0.0108753817
90     0.0000000000     0.0000000000     0.0000000000     0.0000000000     0.0003207851     -0.0108717098
91     0.0000000000     0.0000000000     0.0000000000     0.0000000000     0.0002791041     -0.0108705879
92     0.0000000000     0.0000000000     0.0000000000     0.0000000000     0.0002381045     -0.0108680855
93     0.0000000000     0.0000000000     0.0000000000     0.0000000000     0.0001976039     -0.0108637975
94     0.0000000000     0.0000000000     0.0000000000     0.0000000000     0.0001568155     -0.0108613202
95     0.0000000000     0.0000000000     0.0000000000     0.0000000000     0.0001151149     -0.0108600953
96     0.0000000000     0.0000000000     0.0000000000     0.0000000000     0.0000729485     -0.0108580793
97     0.0000000000     0.0000000000     0.0000000000     0.0000000000     0.0000313425     -0.0108554488
98     0.0000000000     0.0000000000     0.0000000000     0.0000000000     -0.0000096773     -0.0108528278
99     0.0000000000     0.0000000000     0.0000000000     0.0000000000     -0.0000492178     -0.0108498708
100     0.0000000000     0.0000000000     0.0000000000     0.0000000000     -0.0000863092     -0.0108454508
101     0.0000000000     0.0000000000     0.0000000000     0.0000000000     -0.0001209315     -0.0108374056
102     0.0000000000     0.0000000000     0.0000000000     0.0000000000     -0.0001535081     -0.0108333359
103     0.0000000000     0.0000000000     0.0000000000     0.0000000000     -0.0001849944     -0.0108353433
104     0.0000000000     0.0000000000     0.0000000000     0.0000000000     -0.0002153947     -0.0108365477
105     0.0000000000     0.0000000000     0.0000000000     0.0000000000     0.0006827741     -0.0107354346
106     0.0000000000     0.0000000000     0.0000000000     0.0000000000     0.0006644625     -0.0107350865
107     0.0000000000     0.0000000000     0.0000000000     0.0000000000     0.0006402489     -0.0107321479
108     0.0000000000     0.0000000000     0.0000000000     0.0000000000     0.0006143594     -0.0107261754
109     0.0000000000     0.0000000000     0.0000000000     0.0000000000     0.0005855024     -0.0107196602
110     0.0000000000     0.0000000000     0.0000000000     0.0000000000     0.0005535257     -0.0107155560
111     0.0000000000     0.0000000000     0.0000000000     0.0000000000     0.0005196718     -0.0107141857
112     0.0000000000     0.0000000000     0.0000000000     0.0000000000     0.0004840867     -0.0107139337
113     0.0000000000     0.0000000000     0.0000000000     0.0000000000     0.0004461966     -0.0107105717
114     0.0000000000     0.0000000000     0.0000000000     0.0000000000     0.0004051799     -0.0107059650
115     0.0000000000     0.0000000000     0.0000000000     0.0000000000     0.0003619592     -0.0107029987
116     0.0000000000     0.0000000000     0.0000000000     0.0000000000     0.0003194977     -0.0106992114
117     0.0000000000     0.0000000000     0.0000000000     0.0000000000     0.0002785099     -0.0106948218
118     0.0000000000     0.0000000000     0.0000000000     0.0000000000     0.0002375297     -0.0106896605
119     0.0000000000     0.0000000000     0.0000000000     0.0000000000     0.0001969697     -0.0106841468
120     0.0000000000     0.0000000000     0.0000000000     0.0000000000     0.0001553639     -0.0106816360
121     0.0000000000     0.0000000000     0.0000000000     0.0000000000     0.0001113686     -0.0106813429
122     0.0000000000     0.0000000000     0.0000000000     0.0000000000     0.0000666526     -0.0106792227
123     0.0000000000     0.0000000000     0.0000000000     0.0000000000     0.0000237556     -0.0106772037
124     0.0000000000     0.0000000000     0.0000000000     0.0000000000     -0.0000176785     -0.0106728373
125     0.0000000000     0.0000000000     0.0000000000     0.0000000000     -0.0000570538     -0.0106683015
126     0.0000000000     0.0000000000     0.0000000000     0.0000000000     -0.0000944203     -0.0106640947
127     0.0000000000     0.0000000000     0.0000000000     0.0000000000     -0.0001289422     -0.0106597161
128     0.0000000000     0.0000000000     0.0000000000     0.0000000000     -0.0001607594     -0.0106577604
129     0.0000000000     0.0000000000     0.0000000000     0.0000000000     -0.0001910993     -0.0106603730
130     0.0000000000     0.0000000000     0.0000000000     0.0000000000     -0.0002209632     -0.0106600477
131     0.0000000000     0.0000000000     0.0000000000     0.0000000000     0.0006855596     -0.0105555919
132     0.0000000000     0.0000000000     0.0000000000     0.0000000000     0.0006681539     -0.0105551556
133     0.0000000000     0.0000000000     0.0000000000     0.0000000000     0.0006443409     -0.0105515223
134     0.0000000000     0.0000000000     0.0000000000     0.0000000000     0.0006191369     -0.0105474358
135     0.0000000000     0.0000000000     0.0000000000     0.0000000000     0.0005905432     -0.0105435632
136     0.0000000000     0.0000000000     0.0000000000     0.0000000000     0.0005585056     -0.0105375441
137     0.0000000000     0.0000000000     0.0000000000     0.0000000000     0.0005243923     -0.0105338887
138     0.0000000000     0.0000000000     0.0000000000     0.0000000000     0.0004891761     -0.0105329259
139     0.0000000000     0.0000000000     0.0000000000     0.0000000000     0.0004507147     -0.0105294966
140     0.0000000000     0.0000000000     0.0000000000     0.0000000000     0.0004072308     -0.0105281165
141     0.0000000000     0.0000000000     0.0000000000     0.0000000000     0.0003618618     -0.0105255063
142     0.0000000000     0.0000000000     0.0000000000     0.0000000000     0.0003190002     -0.0105178163
143     0.0000000000     0.0000000000     0.0000000000     0.0000000000     0.0002786784     -0.0105107479
144     0.0000000000     0.0000000000     0.0000000000     0.0000000000     0.0002379825     -0.0105053794
145     0.0000000000     0.0000000000     0.0000000000     0.0000000000     0.0001957058     -0.0105024961
146     0.0000000000     0.0000000000     0.0000000000     0.0000000000     0.0001509785     -0.0104999587
147     0.0000000000     0.0000000000     0.0000000000     0.0000000000     0.0001051167     -0.0104995116
148     0.0000000000     0.0000000000     0.0000000000     0.0000000000     0.0000604727     -0.0104996828
149     0.0000000000     0.0000000000     0.0000000000     0.0000000000     0.0000170425     -0.0105011566
150     0.0000000000     0.0000000000     0.0000000000     0.0000000000     -0.0000247812     -0.0104989830
151     0.0000000000     0.0000000000     0.0000000000     0.0000000000     -0.0000638078     -0.0104894754
152     0.0000000000     0.0000000000     0.0000000000     0.0000000000     -0.0001009802     -0.0104818670
153     0.0000000000     0.0000000000     0.0000000000     0.0000000000     -0.0001355618     -0.0104810558
154     0.0000000000     0.0000000000     0.0000000000     0.0000000000     -0.0001673461     -0.0104824925
155     0.0000000000     0.0000000000     0.0000000000     0.0000000000     -0.0001974615     -0.0104820154
156     0.0000000000     0.0000000000     0.0000000000     0.0000000000     -0.0002273316     -0.0104799513
157     0.0000000000     0.0000000000     0.0000000000     0.0000000000     0.0006883755     -0.0103736146
158     0.0000000000     0.0000000000     0.0000000000     0.0000000000     0.0006720306     -0.0103733274
159     0.0000000000     0.0000000000     0.0000000000     0.0000000000     0.0006490826     -0.0103726802
160     0.0000000000     0.0000000000     0.0000000000     0.0000000000     0.0006238510     -0.0103724014
161     0.0000000000     0.0000000000     0.0000000000     0.0000000000     0.0005953248     -0.0103692006
162     0.0000000000     0.0000000000     0.0000000000     0.0000000000     0.0005630600     -0.0103597008
163     0.0000000000     0.0000000000     0.0000000000     0.0000000000     0.0005277720     -0.0103513137
164     0.0000000000     0.0000000000     0.0000000000     0.0000000000     0.0004909871     -0.0103500980
165     0.0000000000     0.0000000000     0.0000000000     0.0000000000     0.0004515577     -0.0103497012
166     0.0000000000     0.0000000000     0.0000000000     0.0000000000     0.0004084612     -0.0103470607
167     0.0000000000     0.0000000000     0.0000000000     0.0000000000     0.0003632985     -0.0103417108
168     0.0000000000     0.0000000000     0.0000000000     0.0000000000     0.0003194683     -0.0103350431
169     0.0000000000     0.0000000000     0.0000000000     0.0000000000     0.0002785800     -0.0103284501
170     0.0000000000     0.0000000000     0.0000000000     0.0000000000     0.0002375014     -0.0103254520
171     0.0000000000     0.0000000000     0.0000000000     0.0000000000     0.0001930392     -0.0103249210
172     0.0000000000     0.0000000000     0.0000000000     0.0000000000     0.0001455433     -0.0103222313
173     0.0000000000     0.0000000000     0.0000000000     0.0000000000     0.0000991088     -0.0103206462
174     0.0000000000     0.0000000000     0.0000000000     0.0000000000     0.0000562474     -0.0103213203
175     0.0000000000     0.0000000000     0.0000000000     0.0000000000     0.0000122778     -0.0103236846
176     0.0000000000     0.0000000000     0.0000000000     0.0000000000     -0.0000309770     -0.0103249290
177     0.0000000000     0.0000000000     0.0000000000     0.0000000000     -0.0000714337     -0.0103183182
178     0.0000000000     0.0000000000     0.0000000000     0.0000000000     -0.0001084597     -0.0103147881
179     0.0000000000     0.0000000000     0.0000000000     0.0000000000     -0.0001416248     -0.0103155252
180     0.0000000000     0.0000000000     0.0000000000     0.0000000000     -0.0001739979     -0.0103078782
181     0.0000000000     0.0000000000     0.0000000000     0.0000000000     -0.0002051709     -0.0102967947
182     0.0000000000     0.0000000000     0.0000000000     0.0000000000     -0.0002348410     -0.0102955566
183     0.0000000000     0.0000000000     0.0000000000     0.0000000000     0.0006921233     -0.0101954244
184     0.0000000000     0.0000000000     0.0000000000     0.0000000000     0.0006767002     -0.0101949842
185     0.0000000000     0.0000000000     0.0000000000     0.0000000000     0.0006539779     -0.0101933632
186     0.0000000000     0.0000000000     0.0000000000     0.0000000000     0.0006283954     -0.0101917327
187     0.0000000000     0.0000000000     0.0000000000     0.0000000000     0.0005991409     -0.0101857372
188     0.0000000000     0.0000000000     0.0000000000     0.0000000000     0.0005671341     -0.0101800770
189     0.0000000000     0.0000000000     0.0000000000     0.0000000000     0.0005324713     -0.0101751020
190     0.0000000000     0.0000000000     0.0000000000     0.0000000000     0.0004947363     -0.0101720268
191     0.0000000000     0.0000000000     0.0000000000     0.0000000000     0.0004522633     -0.0101705965
192     0.0000000000     0.0000000000     0.0000000000     0.0000000000     0.0004060757     -0.0101669433
193     0.0000000000     0.0000000000     0.0000000000     0.0000000000     0.0003615660     -0.0101633746
194     0.0000000000     0.0000000000     0.0000000000     0.0000000000     0.0003193919     -0.0101610027
195     0.0000000000     0.0000000000     0.0000000000     0.0000000000     0.0002774849     -0.0101535635
196     0.0000000000     0.0000000000     0.0000000000     0.0000000000     0.0002332492     -0.0101458422
197     0.0000000000     0.0000000000     0.0000000000     0.0000000000     0.0001876003     -0.0101426553
198     0.0000000000     0.0000000000     0.0000000000     0.0000000000     0.0001411807     -0.0101426072
199     0.0000000000     0.0000000000     0.0000000000     0.0000000000     0.0000961265     -0.0101423504
200     0.0000000000     0.0000000000     0.0000000000     0.0000000000     0.0000520569     -0.0101385603
201     0.0000000000     0.0000000000     0.0000000000     0.0000000000     0.0000073935     -0.0101372882
202     0.0000000000     0.0000000000     0.0000000000     0.0000000000     -0.0000355078     -0.0101418305
203     0.0000000000     0.0000000000     0.0000000000     0.0000000000     -0.0000770626     -0.0101434770
204     0.0000000000     0.0000000000     0.0000000000     0.0000000000     -0.0001150996     -0.0101406849
205     0.0000000000     0.0000000000     0.0000000000     0.0000000000     -0.0001480270     -0.0101352611
206     0.0000000000     0.0000000000     0.0000000000     0.0000000000     -0.0001809255     -0.0101248584
207     0.0000000000     0.0000000000     0.0000000000     0.0000000000     -0.0002136500     -0.0101207591
208     0.0000000000     0.0000000000     0.0000000000     0.0000000000     -0.0002422077     -0.0101211288
209     0.0000000000     0.0000000000     0.0000000000     0.0000000000     0.0006975138     -0.0100221811
210     0.0000000000     0.0000000000     0.0000000000     0.0000000000     0.0006828792     -0.0100209445
211     0.0000000000     0.0000000000     0.0000000000     0.0000000000     0.0006598069     -0.0100151702
212     0.0000000000     0.0000000000     0.0000000000     0.0000000000     0.0006339054     -0.0100127646
213     0.0000000000     0.0000000000     0.0000000000     0.0000000000     0.0006046303     -0.0100135764
214     0.0000000000     0.0000000000     0.0000000000     0.0000000000     0.0005717648     -0.0100102103
215     0.0000000000     0.0000000000     0.0000000000     0.0000000000     0.0005353939     -0.0100050974
216     0.0000000000     0.0000000000     0.0000000000     0.0000000000     0.0004956736     -0.0099990305
217     0.0000000000     0.0000000000     0.0000000000     0.0000000000     0.0004519469     -0.0099933788
218     0.0000000000     0.0000000000     0.0000000000     0.0000000000     0.0004058937     -0.0099914746
219     0.0000000000     0.0000000000     0.0000000000     0.0000000000     0.0003621510     -0.0099853948
220     0.0000000000     0.0000000000     0.0000000000     0.0000000000     0.0003194579     -0.0099755242
221     0.0000000000     0.0000000000     0.0000000000     0.0000000000     0.0002744945     -0.0099681397
222     0.0000000000     0.0000000000     0.0000000000     0.0000000000     0.0002267535     -0.0099648890
223     0.0000000000     0.0000000000     0.0000000000     0.0000000000     0.0001813251     -0.0099621418
224     0.0000000000     0.0000000000     0.0000000000     0.0000000000     0.0001381165     -0.0099597234
225     0.0000000000     0.0000000000     0.0000000000     0.0000000000     0.0000955098     -0.0099572783
226     0.0000000000     0.0000000000     0.0000000000     0.0000000000     0.0000495541     -0.0099532188
227     0.0000000000     0.0000000000     0.0000000000     0.0000000000     0.0000013884     -0.0099490921
228     0.0000000000     0.0000000000     0.0000000000     0.0000000000     -0.0000415578     -0.0099476440
229     0.0000000000     0.0000000000     0.0000000000     0.0000000000     -0.0000820664     -0.0099495121
230     0.0000000000     0.0000000000     0.0000000000     0.0000000000     -0.0001189100     -0.0099506906
231     0.0000000000     0.0000000000     0.0000000000     0.0000000000     -0.0001533359     -0.0099460905
232     0.0000000000     0.0000000000     0.0000000000     0.0000000000     -0.0001884355     -0.0099426131
233     0.0000000000     0.0000000000     0.0000000000     0.0000000000     -0.0002200075     -0.0099452050
234     0.0000000000     0.0000000000     0.0000000000     0.0000000000     -0.0002480692     -0.0099404981
235     0.0000000000     0.0000000000     0.0000000000     0.0000000000     0.0007021406     -0.0098477013
236     0.0000000000     0.0000000000     0.0000000000     0.0000000000     0.0006888499     -0.0098464468
237     0.0000000000     0.0000000000     0.0000000000     0.0000000000     0.0006671682     -0.0098409287
238     0.0000000000     0.0000000000     0.0000000000     0.0000000000     0.0006392264     -0.0098371605
239     0.0000000000     0.0000000000     0.0000000000     0.0000000000     0.0006075372     -0.0098348028
240     0.0000000000     0.0000000000     0.0000000000     0.0000000000     0.0005739683     -0.0098274817
241     0.0000000000     0.0000000000     0.0000000000     0.0000000000     0.0005357683     -0.0098204905
242     0.0000000000     0.0000000000     0.0000000000     0.0000000000     0.0004948701     -0.0098171848
243     0.0000000000     0.0000000000     0.0000000000     0.0000000000     0.0004519267     -0.0098125607
244     0.0000000000     0.0000000000     0.0000000000     0.0000000000     0.0004078109     -0.0098098115
245     0.0000000000     0.0000000000     0.0000000000     0.0000000000     0.0003631934     -0.0098079449
246     0.0000000000     0.0000000000     0.0000000000     0.0000000000     0.0003178869     -0.0098006723
247     0.0000000000     0.0000000000     0.0000000000     0.0000000000     0.0002706294     -0.0097933957
248     0.0000000000     0.0000000000     0.0000000000     0.0000000000     0.0002215748     -0.0097917119
249     0.0000000000     0.0000000000     0.0000000000     0.0000000000     0.0001761433     -0.0097916479
250     0.0000000000     0.0000000000     0.0000000000     0.0000000000     0.0001339868     -0.0097867403
251     0.0000000000     0.0000000000     0.0000000000     0.0000000000     0.0000927670     -0.0097787009
252     0.0000000000     0.0000000000     0.0000000000     0.0000000000     0.0000460640     -0.0097708843
253     0.0000000000     0.0000000000     0.0000000000     0.0000000000     -0.0000030370     -0.0097619489
254     0.0000000000     0.0000000000     0.0000000000     0.0000000000     -0.0000471031     -0.0097600772
255     0.0000000000     0.0000000000     0.0000000000     0.0000000000     -0.0000871384     -0.0097621636
256     0.0000000000     0.0000000000     0.0000000000     0.0000000000     -0.0001228222     -0.0097633489
257     0.0000000000     0.0000000000     0.0000000000     0.0000000000     -0.0001583163     -0.0097662271
258     0.0000000000     0.0000000000     0.0000000000     0.0000000000     -0.0001943800     -0.0097650312
259     0.0000000000     0.0000000000     0.0000000000     0.0000000000     -0.0002260502     -0.0097566715
260     0.0000000000     0.0000000000     0.0000000000     0.0000000000     -0.0002548488     -0.0097484935
261     0.0000000000     0.0000000000     0.0000000000     0.0000000000     0.0006996689     -0.0096714801
262     0.0000000000     0.0000000000     0.0000000000     0.0000000000     0.0006876329     -0.0096699970
263     0.0000000000     0.0000000000     0.0000000000     0.0000000000     0.0006668890     -0.0096603874
264     0.0000000000     0.0000000000     0.0000000000     0.0000000000     0.0006404208     -0.0096496414
265     0.0000000000     0.0000000000     0.0000000000     0.0000000000     0.0006088310     -0.0096400294
266     0.0000000000     0.0000000000     0.0000000000     0.0000000000     0.0005751126     -0.0096359195
267     0.0000000000     0.0000000000     0.0000000000     0.0000000000     0.0005347609     -0.0096367948
268     0.0000000000     0.0000000000     0.0000000000     0.0000000000     0.0004914632     -0.0096388755
269     0.0000000000     0.0000000000     0.0000000000     0.0000000000     0.0004502291     -0.0096350856
270     0.0000000000     0.0000000000     0.0000000000     0.0000000000     0.0004081655     -0.0096264983
271     0.0000000000     0.0000000000     0.0000000000     0.0000000000     0.0003619611     -0.0096252739
272     0.0000000000     0.0000000000     0.0000000000     0.0000000000     0.0003154583     -0.0096230170
273     0.0000000000     0.0000000000     0.0000000000     0.0000000000     0.0002710958     -0.0096178014
274     0.0000000000     0.0000000000     0.0000000000     0.0000000000     0.0002224284     -0.0096177336
275     0.0000000000     0.0000000000     0.0000000000     0.0000000000     0.0001745197     -0.0096197807
276     0.0000000000     0.0000000000     0.0000000000     0.0000000000     0.0001292680     -0.0096161211
277     0.0000000000     0.0000000000     0.0000000000     0.0000000000     0.0000841092     -0.0096067932
278     0.0000000000     0.0000000000     0.0000000000     0.0000000000     0.0000395044     -0.0095979843
279     0.0000000000     0.0000000000     0.0000000000     0.0000000000     -0.0000045905     -0.0095915324
280     0.0000000000     0.0000000000     0.0000000000     0.0000000000     -0.0000475182     -0.0095902032
281     0.0000000000     0.0000000000     0.0000000000     0.0000000000     -0.0000887482     -0.0095882374
282     0.0000000000     0.0000000000     0.0000000000     0.0000000000     -0.0001279755     -0.0095869267
283     0.0000000000     0.0000000000     0.0000000000     0.0000000000     -0.0001654884     -0.0095854506
284     0.0000000000     0.0000000000     0.0000000000     0.0000000000     -0.0002004826     -0.0095752169
285     0.0000000000     0.0000000000     0.0000000000     0.0000000000     -0.0002312824     -0.0095619856
286     0.0000000000     0.0000000000     0.0000000000     0.0000000000     -0.0002595021     -0.0095638758
287     0.0000000000     0.0000000000     0.0000000000     0.0000000000     0.0006997996     -0.0094891415
288     0.0000000000     0.0000000000     0.0000000000     0.0000000000     0.0006894205     -0.0094870566
289     0.0000000000     0.0000000000     0.0000000000     0.0000000000     0.0006701153     -0.0094808580
290     0.0000000000     0.0000000000     0.0000000000     0.0000000000     0.0006446363     -0.0094744819
291     0.0000000000     0.0000000000     0.0000000000     0.0000000000     0.0006109412     -0.0094641006
292     0.0000000000     0.0000000000     0.0000000000     0.0000000000     0.0005737994     -0.0094611881
293     0.0000000000     0.0000000000     0.0000000000     0.0000000000     0.0005338278     -0.0094622441
294     0.0000000000     0.0000000000     0.0000000000     0.0000000000     0.0004919253     -0.0094617454
295     0.0000000000     0.0000000000     0.0000000000     0.0000000000     0.0004488604     -0.0094613761
296     0.0000000000     0.0000000000     0.0000000000     0.0000000000     0.0004041170     -0.0094583402
297     0.0000000000     0.0000000000     0.0000000000     0.0000000000     0.0003591092     -0.0094535758
298     0.0000000000     0.0000000000     0.0000000000     0.0000000000     0.0003143775     -0.0094502726
299     0.0000000000     0.0000000000     0.0000000000     0.0000000000     0.0002712793     -0.0094471141
300     0.0000000000     0.0000000000     0.0000000000     0.0000000000     0.0002232467     -0.0094443483
301     0.0000000000     0.0000000000     0.0000000000     0.0000000000     0.0001752074     -0.0094436722
302     0.0000000000     0.0000000000     0.0000000000     0.0000000000     0.0001295265     -0.0094440408
303     0.0000000000     0.0000000000     0.0000000000     0.0000000000     0.0000813952     -0.0094375710
304     0.0000000000     0.0000000000     0.0000000000     0.0000000000     0.0000356996     -0.0094295795
305     0.0000000000     0.0000000000     0.0000000000     0.0000000000     -0.0000084837     -0.0094281828
306     0.0000000000     0.0000000000     0.0000000000     0.0000000000     -0.0000509849     -0.0094211202
307     0.0000000000     0.0000000000     0.0000000000     0.0000000000     -0.0000927146     -0.0094092309
308     0.0000000000     0.0000000000     0.0000000000     0.0000000000     -0.0001347450     -0.0094038436
309     0.0000000000     0.0000000000     0.0000000000     0.0000000000     -0.0001723406     -0.0094003105
310     0.0000000000     0.0000000000     0.0000000000     0.0000000000     -0.0002048869     -0.0093942950
311     0.0000000000     0.0000000000     0.0000000000     0.0000000000     -0.0002341926     -0.0093864505
312     0.0000000000     0.0000000000     0.0000000000     0.0000000000     -0.0002622172     -0.0093892846
313     0.0000000000     0.0000000000     0.0000000000     0.0000000000     0.0007032620     -0.0093096886
314     0.0000000000     0.0000000000     0.0000000000     0.0000000000     0.0006947308     -0.0093078690
315     0.0000000000     0.0000000000     0.0000000000     0.0000000000     0.0006755250     -0.0093010795
316     0.0000000000     0.0000000000     0.0000000000     0.0000000000     0.0006479250     -0.0092965738
317     0.0000000000     0.0000000000     0.0000000000     0.0000000000     0.0006112350     -0.0092901581
318     0.0000000000     0.0000000000     0.0000000000     0.0000000000     0.0005709267     -0.0092826515
319     0.0000000000     0.0000000000     0.0000000000     0.0000000000     0.0005324136     -0.0092772096
320     0.0000000000     0.0000000000     0.0000000000     0.0000000000     0.0004934244     -0.0092733010
321     0.0000000000     0.0000000000     0.0000000000     0.0000000000     0.0004487783     -0.0092706935
322     0.0000000000     0.0000000000     0.0000000000     0.0000000000     0.0004046491     -0.0092756819
323     0.0000000000     0.0000000000     0.0000000000     0.0000000000     0.0003641616     -0.0092767253
324     0.0000000000     0.0000000000     0.0000000000     0.0000000000     0.0003178714     -0.0092666039
325     0.0000000000     0.0000000000     0.0000000000     0.0000000000     0.0002676619     -0.0092595150
326     0.0000000000     0.0000000000     0.0000000000     0.0000000000     0.0002191450     -0.0092558445
327     0.0000000000     0.0000000000     0.0000000000     0.0000000000     0.0001731137     -0.0092569583
328     0.0000000000     0.0000000000     0.0000000000     0.0000000000     0.0001282163     -0.0092591325
329     0.0000000000     0.0000000000     0.0000000000     0.0000000000     0.0000798342     -0.0092544267
330     0.0000000000     0.0000000000     0.0000000000     0.0000000000     0.0000331709     -0.0092502617
331     0.0000000000     0.0000000000     0.0000000000     0.0000000000     -0.0000124554     -0.0092479703
332     0.0000000000     0.0000000000     0.0000000000     0.0000000000     -0.0000586653     -0.0092388574
333     0.0000000000     0.0000000000     0.0000000000     0.0000000000     -0.0000996067     -0.0092301071
334     0.0000000000     0.0000000000     0.0000000000     0.0000000000     -0.0001399992     -0.0092234379
335     0.0000000000     0.0000000000     0.0000000000     0.0000000000     -0.0001785147     -0.0092213110
336     0.0000000000     0.0000000000     0.0000000000     0.0000000000     -0.0002108360     -0.0092221962
337     0.0000000000     0.0000000000     0.0000000000     0.0000000000     -0.0002388021     -0.0092165879
338     0.0000000000     0.0000000000     0.0000000000     0.0000000000     -0.0002653608     -0.0092172850
339     0.0000000000     0.0000000000     0.0000000000     0.0000000000     0.0007023588     -0.0091395655
340     0.0000000000     0.0000000000     0.0000000000     0.0000000000     0.0006948581     -0.0091369185
341     0.0000000000     0.0000000000     0.0000000000     0.0000000000     0.0006738214     -0.0091221409
342     0.0000000000     0.0000000000     0.0000000000     0.0000000000     0.0006456761     -0.0091120678
343     0.0000000000     0.0000000000     0.0000000000     0.0000000000     0.0006104943     -0.0091097555
344     0.0000000000     0.0000000000     0.0000000000     0.0000000000     0.0005716366     -0.0091060555
345     0.0000000000     0.0000000000     0.0000000000     0.0000000000     0.0005318888     -0.0091033440
346     0.0000000000     0.0000000000     0.0000000000     0.0000000000     0.0004903013     -0.0090980482
347     0.0000000000     0.0000000000     0.0000000000     0.0000000000     0.0004459942     -0.0090908623
348     0.0000000000     0.0000000000     0.0000000000     0.0000000000     0.0004039323     -0.0090915563
349     0.0000000000     0.0000000000     0.0000000000     0.0000000000     0.0003628039     -0.0090901729
350     0.0000000000     0.0000000000     0.0000000000     0.0000000000     0.0003126294     -0.0090812667
351     0.0000000000     0.0000000000     0.0000000000     0.0000000000     0.0002614916     -0.0090772426
352     0.0000000000     0.0000000000     0.0000000000     0.0000000000     0.0002156036     -0.0090757853
353     0.0000000000     0.0000000000     0.0000000000     0.0000000000     0.0001725807     -0.0090725812
354     0.0000000000     0.0000000000     0.0000000000     0.0000000000     0.0001254634     -0.0090661705
355     0.0000000000     0.0000000000     0.0000000000     0.0000000000     0.0000756984     -0.0090616506
356     0.0000000000     0.0000000000     0.0000000000     0.0000000000     0.0000302033     -0.0090644653
357     0.0000000000     0.0000000000     0.0000000000     0.0000000000     -0.0000152651     -0.0090661201
358     0.0000000000     0.0000000000     0.0000000000     0.0000000000     -0.0000621588     -0.0090649565
359     0.0000000000     0.0000000000     0.0000000000     0.0000000000     -0.0001044850     -0.0090596905
360     0.0000000000     0.0000000000     0.0000000000     0.0000000000     -0.0001437753     -0.0090462717
361     0.0000000000     0.0000000000     0.0000000000     0.0000000000     -0.0001827715     -0.0090344992
362     0.0000000000     0.0000000000     0.0000000000     0.0000000000     -0.0002177748     -0.0090359958
363     0.0000000000     0.0000000000     0.0000000000     0.0000000000     -0.0002472731     -0.0090446073
364     0.0000000000     0.0000000000     0.0000000000     0.0000000000     -0.0002734718     -0.0090535197
365     0.0000000000     0.0000000000     43.4795031809     0.0000000000     0.0006985320     -0.0089615431
366     0.0000000000     0.0000000000     43.4795031809     0.0000000000     0.0006921332     -0.0089612231
367     0.0000000000     0.0000000000     43.4795031809     0.0000000000     0.0006705222     -0.0089538133
368     0.0000000000     0.0000000000     43.4795031809     0.0000000000     0.0006424752     -0.0089435371
369     0.0000000000     0.0000000000     43.4795031809     0.0000000000     0.0006104065     -0.0089387099
370     0.0000000000     0.0000000000     43.4795031809     0.0000000000     0.0005747987     -0.0089323005
371     0.0000000000     0.0000000000     43.4795031809     0.0000000000     0.0005334235     -0.0089272718
372     0.0000000000     0.0000000000     43.4795031809     0.0000000000     0.0004891796     -0.0089209637
373     0.0000000000     0.0000000000     43.4795031809     0.0000000000     0.0004426120     -0.0089136490
374     0.0000000000     0.0000000000     43.4795031809     0.0000000000     0.0003949314     -0.0089089723
375     0.0000000000     0.0000000000     43.4795031809     0.0000000000     0.0003496958     -0.0089067005
376     0.0000000000     0.0000000000     43.4795031809     0.0000000000     0.0003052844     -0.0089086590
377     0.0000000000     0.0000000000     43.4795031809     0.0000000000     0.0002593197     -0.0089136504
378     0.0000000000     0.0000000000     43.4795031809     0.0000000000     0.0002117625     -0.0089093118
379     0.0000000000     0.0000000000     43.4795031809     0.0000000000     0.0001670396     -0.0088998913
380     0.0000000000     0.0000000000     43.4795031809     0.0000000000     0.0001210291     -0.0088940994
381     0.0000000000     0.0000000000     43.4795031809     0.0000000000     0.0000736770     -0.0088844215
382     0.0000000000     0.0000000000     43.4795031809     0.0000000000     0.0000282258     -0.0088743057
383     0.0000000000     0.0000000000     43.4795031809     0.0000000000     -0.0000200886     -0.0088697617
384     0.0000000000     0.0000000000     43.4795031809     0.0000000000     -0.0000691664     -0.0088691778
385     0.0000000000     0.0000000000     43.4795031809     0.0000000000     -0.0001121991     -0.0088693441
386     0.0000000000     0.0000000000     43.4795031809     0.0000000000     -0.0001495041     -0.0088651810
387     0.0000000000     0.0000000000     43.4795031809     0.0000000000     -0.0001860755     -0.0088597053
388     0.0000000000     0.0000000000     43.4795031809     0.0000000000     -0.0002217034     -0.0088541715
389     0.0000000000     0.0000000000     43.4795031809     0.0000000000     -0.0002539687     -0.0088543951
390     0.0000000000     0.0000000000     43.4795031809     0.0000000000     -0.0002807902     -0.0088657733
