1     0.0000000000     0.0000000000     -47.3332485856     0.0000000000     0.0007018102     -0.0124691355
2     0.0000000000     0.0000000000     -47.3332485856     0.0000000000     0.0006776275     -0.0124684097
3     0.0000000000     0.0000000000     -47.3332485856     0.0000000000     0.0006506673     -0.0124655560
4     0.0000000000     0.0000000000     -47.3332485856     0.0000000000     0.0006216679     -0.0124626479
5     0.0000000000     0.0000000000     -47.3332485856     0.0000000000     0.0005906167     -0.0124599186
6     0.0000000000     0.0000000000     -47.3332485856     0.0000000000     0.0005575265     -0.0124573781
7     0.0000000000     0.0000000000     -47.3332485856     0.0000000000     0.0005225563     -0.0124547665
8     0.0000000000     0.0000000000     -47.3332485856     0.0000000000     0.0004859424     -0.0124517622
9     0.0000000000     0.0000000000     -47.3332485856     0.0000000000     0.0004479395     -0.0124486138
10     0.0000000000     0.0000000000     -47.3332485856     0.0000000000     0.0004087320     -0.0124459458
11     0.0000000000     0.0000000000     -47.3332485856     0.0000000000     0.0003684456     -0.0124436492
12     0.0000000000     0.0000000000     -47.3332485856     0.0000000000     0.0003273145     -0.0124411428
13     0.0000000000     0.0000000000     -47.3332485856     0.0000000000     0.0002856641     -0.0124384435
14     0.0000000000     0.0000000000     -47.3332485856     0.0000000000     0.0002438413     -0.0124358540
15     0.0000000000     0.0000000000     -47.3332485856     0.0000000000     0.0002021391     -0.0124335260
16     0.0000000000     0.0000000000     -47.3332485856     0.0000000000     0.0001606555     -0.0124315497
17     0.0000000000     0.0000000000     -47.3332485856     0.0000000000     0.0001193554     -0.0124299306
18     0.0000000000     0.0000000000     -47.3332485856     0.0000000000     0.0000782243     -0.0124285208
19     0.0000000000     0.0000000000     -47.3332485856     0.0000000000     0.0000373674     -0.0124271842
20     0.0000000000     0.0000000000     -47.3332485856     0.0000000000     -0.0000030102     -0.0124258234
21     0.0000000000     0.0000000000     -47.3332485856     0.0000000000     -0.0000426476     -0.0124240997
22     0.0000000000     0.0000000000     -47.3332485856     0.0000000000     -0.0000812440     -0.0124215314
23     0.0000000000     0.0000000000     -47.3332485856     0.0000000000     -0.0001185622     -0.0124179450
24     0.0000000000     0.0000000000     -47.3332485856     0.0000000000     -0.0001545723     -0.0124137841
25     0.0000000000     0.0000000000     -47.3332485856     0.0000000000     -0.0001894391     -0.0124095785
26     0.0000000000     0.0000000000     -47.3332485856     0.0000000000     -0.0002233099     -0.0124058072
27     0.0000000000     0.0000000000     0.0000000000     0.0000000000     0.0007065031     -0.0122766374
28     0.0000000000     0.0000000000     0.0000000000     0.0000000000     0.0006831973     -0.0122759771
29     0.0000000000     0.0000000000     0.0000000000     0.0000000000     0.0006564247     -0.0122730526
30     0.0000000000     0.0000000000     0.0000000000     0.0000000000     0.0006275420     -0.0122699178
31     0.0000000000     0.0000000000     0.0000000000     0.0000000000     0.0005963608     -0.0122669850
32     0.0000000000     0.0000000000     0.0000000000     0.0000000000     0.0005628565     -0.0122642507
33     0.0000000000     0.0000000000     0.0000000000     0.0000000000     0.0005273103     -0.0122614781
34     0.0000000000     0.0000000000     0.0000000000     0.0000000000     0.0004900174     -0.0122578334
35     0.0000000000     0.0000000000     0.0000000000     0.0000000000     0.0004513398     -0.0122536496
36     0.0000000000     0.0000000000     0.0000000000     0.0000000000     0.0004114694     -0.0122506422
37     0.0000000000     0.0000000000     0.0000000000     0.0000000000     0.0003703013     -0.0122485181
38     0.0000000000     0.0000000000     0.0000000000     0.0000000000     0.0003281423     -0.0122456823
39     0.0000000000     0.0000000000     0.0000000000     0.0000000000     0.0002854554     -0.0122426646
40     0.0000000000     0.0000000000     0.0000000000     0.0000000000     0.0002426588     -0.0122399324
41     0.0000000000     0.0000000000     0.0000000000     0.0000000000     0.0002001847     -0.0122374110
42     0.0000000000     0.0000000000     0.0000000000     0.0000000000     0.0001579981     -0.0122352887
43     0.0000000000     0.0000000000     0.0000000000     0.0000000000     0.0001159208     -0.0122336758
44     0.0000000000     0.0000000000     0.0000000000     0.0000000000     0.0000738700     -0.0122322245
45     0.0000000000     0.0000000000     0.0000000000     0.0000000000     0.0000320258     -0.0122307073
46     0.0000000000     0.0000000000     0.0000000000     0.0000000000     -0.0000093021     -0.0122293795
47     0.0000000000     0.0000000000     0.0000000000     0.0000000000     -0.0000497898     -0.0122277448
48     0.0000000000     0.0000000000     0.0000000000     0.0000000000     -0.0000889885     -0.0122250199
49     0.0000000000     0.0000000000     0.0000000000     0.0000000000     -0.0001265515     -0.0122207594
50     0.0000000000     0.0000000000     0.0000000000     0.0000000000     -0.0001624704     -0.0122163213
51     0.0000000000     0.0000000000     0.0000000000     0.0000000000     -0.0001971947     -0.0122123641
52     0.0000000000     0.0000000000     0.0000000000     0.0000000000     -0.0002308658     -0.0122088205
53     0.0000000000     0.0000000000     0.0000000000     0.0000000000     0.0007112681     -0.0120843808
54     0.0000000000     0.0000000000     0.0000000000     0.0000000000     0.0006888339     -0.0120838825
55     0.0000000000     0.0000000000     0.0000000000     0.0000000000     0.0006622816     -0.0120813635
56     0.0000000000     0.0000000000     0.0000000000     0.0000000000     0.0006334770     -0.0120781833
57     0.0000000000     0.0000000000     0.0000000000     0.0000000000     0.0006021176     -0.0120751020
58     0.0000000000     0.0000000000     0.0000000000     0.0000000000     0.0005680448     -0.0120716082
59     0.0000000000     0.0000000000     0.0000000000     0.0000000000     0.0005319292     -0.0120682390
60     0.0000000000     0.0000000000     0.0000000000     0.0000000000     0.0004939395     -0.0120639795
61     0.0000000000     0.0000000000     0.0000000000     0.0000000000     0.0004546369     -0.0120586173
62     0.0000000000     0.0000000000     0.0000000000     0.0000000000     0.0004143777     -0.0120550020
63     0.0000000000     0.0000000000     0.0000000000     0.0000000000     0.0003722773     -0.0120528175
64     0.0000000000     0.0000000000     0.0000000000     0.0000000000     0.0003289345     -0.0120492429
65     0.0000000000     0.0000000000     0.0000000000     0.0000000000     0.0002852380     -0.0120465721
66     0.0000000000     0.0000000000     0.0000000000     0.0000000000     0.0002415638     -0.0120441313
67     0.0000000000     0.0000000000     0.0000000000     0.0000000000     0.0001985279     -0.0120412434
68     0.0000000000     0.0000000000     0.0000000000     0.0000000000     0.0001556443     -0.0120388991
69     0.0000000000     0.0000000000     0.0000000000     0.0000000000     0.0001126369     -0.0120373904
70     0.0000000000     0.0000000000     0.0000000000     0.0000000000     0.0000694092     -0.0120358709
71     0.0000000000     0.0000000000     0.0000000000     0.0000000000     0.0000263528     -0.0120337409
72     0.0000000000     0.0000000000     0.0000000000     0.0000000000     -0.0000161010     -0.0120322315
73     0.0000000000     0.0000000000     0.0000000000     0.0000000000     -0.0000575550     -0.0120302324
74     0.0000000000     0.0000000000     0.0000000000     0.0000000000     -0.0000972520     -0.0120269854
75     0.0000000000     0.0000000000     0.0000000000     0.0000000000     -0.0001349167     -0.0120209653
76     0.0000000000     0.0000000000     0.0000000000     0.0000000000     -0.0001704927     -0.0120165128
77     0.0000000000     0.0000000000     0.0000000000     0.0000000000     -0.0002050644     -0.0120145921
78     0.0000000000     0.0000000000     0.0000000000     0.0000000000     -0.0002384359     -0.0120121977
79     0.0000000000     0.0000000000     0.0000000000     0.0000000000     0.0007161910     -0.0118918811
80     0.0000000000     0.0000000000     0.0000000000     0.0000000000     0.0006946310     -0.0118915651
81     0.0000000000     0.0000000000     0.0000000000     0.0000000000     0.0006680784     -0.0118906465
82     0.0000000000     0.0000000000     0.0000000000     0.0000000000     0.0006392750     -0.0118869902
83     0.0000000000     0.0000000000     0.0000000000     0.0000000000     0.0006076917     -0.0118834254
84     0.0000000000     0.0000000000     0.0000000000     0.0000000000     0.0005729953     -0.0118789299
85     0.0000000000     0.0000000000     0.0000000000     0.0000000000     0.0005365424     -0.0118737529
86     0.0000000000     0.0000000000     0.0000000000     0.0000000000     0.0004980121     -0.0118700576
87     0.0000000000     0.0000000000     0.0000000000     0.0000000000     0.0004580709     -0.0118662375
88     0.0000000000     0.0000000000     0.0000000000     0.0000000000     0.0004172887     -0.0118614783
89     0.0000000000     0.0000000000     0.0000000000     0.0000000000     0.0003739967     -0.0118567186
90     0.0000000000     0.0000000000     0.0000000000     0.0000000000     0.0003292125     -0.0118530709
91     0.0000000000     0.0000000000     0.0000000000     0.0000000000     0.0002847322     -0.0118520418
92     0.0000000000     0.0000000000     0.0000000000     0.0000000000     0.0002409139     -0.0118496064
93     0.0000000000     0.0000000000     0.0000000000     0.0000000000     0.0001975823     -0.0118453488
94     0.0000000000     0.0000000000     0.0000000000     0.0000000000     0.0001539616     -0.0118429494
95     0.0000000000     0.0000000000     0.0000000000     0.0000000000     0.0001094382     -0.0118418349
96     0.0000000000     0.0000000000     0.0000000000     0.0000000000     0.0000644617     -0.0118399121
97     0.0000000000     0.0000000000     0.0000000000     0.0000000000     0.0000200570     -0.0118373607
98     0.0000000000     0.0000000000     0.0000000000     0.0000000000     -0.0000237448     -0.0118348181
99     0.0000000000     0.0000000000     0.0000000000     0.0000000000     -0.0000660514     -0.0118319296
100     0.0000000000     0.0000000000     0.0000000000     0.0000000000     -0.0001058949     -0.0118275409
101     0.0000000000     0.0000000000     0.0000000000     0.0000000000     -0.0001432527     -0.0118194374
102     0.0000000000     0.0000000000     0.0000000000     0.0000000000     -0.0001785380     -0.0118153987
103     0.0000000000     0.0000000000     0.0000000000     0.0000000000     -0.0002126958     -0.0118175749
104     0.0000000000     0.0000000000     0.0000000000     0.0000000000     -0.0002457320     -0.0118189228
105     0.0000000000     0.0000000000     0.0000000000     0.0000000000     0.0007205322     -0.0117014079
106     0.0000000000     0.0000000000     0.0000000000     0.0000000000     0.0006998139     -0.0117010718
107     0.0000000000     0.0000000000     0.0000000000     0.0000000000     0.0006731537     -0.0116980908
108     0.0000000000     0.0000000000     0.0000000000     0.0000000000     0.0006447574     -0.0116920118
109     0.0000000000     0.0000000000     0.0000000000     0.0000000000     0.0006133406     -0.0116853864
110     0.0000000000     0.0000000000     0.0000000000     0.0000000000     0.0005787526     -0.0116812392
111     0.0000000000     0.0000000000     0.0000000000     0.0000000000     0.0005422338     -0.0116799015
112     0.0000000000     0.0000000000     0.0000000000     0.0000000000     0.0005039362     -0.0116797196
113     0.0000000000     0.0000000000     0.0000000000     0.0000000000     0.0004632990     -0.0116763644
114     0.0000000000     0.0000000000     0.0000000000     0.0000000000     0.0004195105     -0.0116717451
115     0.0000000000     0.0000000000     0.0000000000     0.0000000000     0.0003734929     -0.0116688155
116     0.0000000000     0.0000000000     0.0000000000     0.0000000000     0.0003281990     -0.0116650556
117     0.0000000000     0.0000000000     0.0000000000     0.0000000000     0.0002843451     -0.0116606885
118     0.0000000000     0.0000000000     0.0000000000     0.0000000000     0.0002404818     -0.0116555395
119     0.0000000000     0.0000000000     0.0000000000     0.0000000000     0.0001970263     -0.0116500366
120     0.0000000000     0.0000000000     0.0000000000     0.0000000000     0.0001525294     -0.0116476127
121     0.0000000000     0.0000000000     0.0000000000     0.0000000000     0.0001056643     -0.0116474619
122     0.0000000000     0.0000000000     0.0000000000     0.0000000000     0.0000580952     -0.0116454420
123     0.0000000000     0.0000000000     0.0000000000     0.0000000000     0.0000123517     -0.0116435263
124     0.0000000000     0.0000000000     0.0000000000     0.0000000000     -0.0000319149     -0.0116392065
125     0.0000000000     0.0000000000     0.0000000000     0.0000000000     -0.0000741061     -0.0116347110
126     0.0000000000     0.0000000000     0.0000000000     0.0000000000     -0.0001142666     -0.0116305485
127     0.0000000000     0.0000000000     0.0000000000     0.0000000000     -0.0001515609     -0.0116262054
128     0.0000000000     0.0000000000     0.0000000000     0.0000000000     -0.0001861224     -0.0116243368
129     0.0000000000     0.0000000000     0.0000000000     0.0000000000     -0.0002191661     -0.0116271375
130     0.0000000000     0.0000000000     0.0000000000     0.0000000000     -0.0002516898     -0.0116269230
131     0.0000000000     0.0000000000     0.0000000000     0.0000000000     0.0007240178     -0.0115058821
132     0.0000000000     0.0000000000     0.0000000000     0.0000000000     0.0007042010     -0.0115054487
133     0.0000000000     0.0000000000     0.0000000000     0.0000000000     0.0006779311     -0.0115017498
134     0.0000000000     0.0000000000     0.0000000000     0.0000000000     0.0006501964     -0.0114975961
135     0.0000000000     0.0000000000     0.0000000000     0.0000000000     0.0006190115     -0.0114936713
136     0.0000000000     0.0000000000     0.0000000000     0.0000000000     0.0005843293     -0.0114875598
137     0.0000000000     0.0000000000     0.0000000000     0.0000000000     0.0005475109     -0.0114838803
138     0.0000000000     0.0000000000     0.0000000000     0.0000000000     0.0005095293     -0.0114829702
139     0.0000000000     0.0000000000     0.0000000000     0.0000000000     0.0004682673     -0.0114795473
140     0.0000000000     0.0000000000     0.0000000000     0.0000000000     0.0004219637     -0.0114782342
141     0.0000000000     0.0000000000     0.0000000000     0.0000000000     0.0003737464     -0.0114756736
142     0.0000000000     0.0000000000     0.0000000000     0.0000000000     0.0003279884     -0.0114679244
143     0.0000000000     0.0000000000     0.0000000000     0.0000000000     0.0002847258     -0.0114608234
144     0.0000000000     0.0000000000     0.0000000000     0.0000000000     0.0002410725     -0.0114554723
145     0.0000000000     0.0000000000     0.0000000000     0.0000000000     0.0001958392     -0.0114526727
146     0.0000000000     0.0000000000     0.0000000000     0.0000000000     0.0001481711     -0.0114502322
147     0.0000000000     0.0000000000     0.0000000000     0.0000000000     0.0000993840     -0.0114499350
148     0.0000000000     0.0000000000     0.0000000000     0.0000000000     0.0000518218     -0.0114502727
149     0.0000000000     0.0000000000     0.0000000000     0.0000000000     0.0000054885     -0.0114519439
150     0.0000000000     0.0000000000     0.0000000000     0.0000000000     -0.0000392208     -0.0114498796
151     0.0000000000     0.0000000000     0.0000000000     0.0000000000     -0.0000811194     -0.0114403045
152     0.0000000000     0.0000000000     0.0000000000     0.0000000000     -0.0001211347     -0.0114326687
153     0.0000000000     0.0000000000     0.0000000000     0.0000000000     -0.0001585260     -0.0114319848
154     0.0000000000     0.0000000000     0.0000000000     0.0000000000     -0.0001930855     -0.0114335946
155     0.0000000000     0.0000000000     0.0000000000     0.0000000000     -0.0002259338     -0.0114332369
156     0.0000000000     0.0000000000     0.0000000000     0.0000000000     -0.0002584838     -0.0114312454
157     0.0000000000     0.0000000000     0.0000000000     0.0000000000     0.0007275857     -0.0113081719
158     0.0000000000     0.0000000000     0.0000000000     0.0000000000     0.0007088275     -0.0113078826
159     0.0000000000     0.0000000000     0.0000000000     0.0000000000     0.0006834072     -0.0113072329
160     0.0000000000     0.0000000000     0.0000000000     0.0000000000     0.0006556226     -0.0113069702
161     0.0000000000     0.0000000000     0.0000000000     0.0000000000     0.0006244755     -0.0113037268
162     0.0000000000     0.0000000000     0.0000000000     0.0000000000     0.0005895329     -0.0112940466
163     0.0000000000     0.0000000000     0.0000000000     0.0000000000     0.0005515041     -0.0112855189
164     0.0000000000     0.0000000000     0.0000000000     0.0000000000     0.0005119076     -0.0112843482
165     0.0000000000     0.0000000000     0.0000000000     0.0000000000     0.0004696184     -0.0112840306
166     0.0000000000     0.0000000000     0.0000000000     0.0000000000     0.0004236325     -0.0112814301
167     0.0000000000     0.0000000000     0.0000000000     0.0000000000     0.0003755493     -0.0112760697
168     0.0000000000     0.0000000000     0.0000000000     0.0000000000     0.0003287523     -0.0112693744
169     0.0000000000     0.0000000000     0.0000000000     0.0000000000     0.0002848479     -0.0112627694
170     0.0000000000     0.0000000000     0.0000000000     0.0000000000     0.0002407341     -0.0112598564
171     0.0000000000     0.0000000000     0.0000000000     0.0000000000     0.0001932513     -0.0112594769
172     0.0000000000     0.0000000000     0.0000000000     0.0000000000     0.0001427571     -0.0112568927
173     0.0000000000     0.0000000000     0.0000000000     0.0000000000     0.0000933270     -0.0112554439
174     0.0000000000     0.0000000000     0.0000000000     0.0000000000     0.0000474646     -0.0112563108
175     0.0000000000     0.0000000000     0.0000000000     0.0000000000     0.0000005299     -0.0112589065
176     0.0000000000     0.0000000000     0.0000000000     0.0000000000     -0.0000456601     -0.0112603525
177     0.0000000000     0.0000000000     0.0000000000     0.0000000000     -0.0000890332     -0.0112537531
178     0.0000000000     0.0000000000     0.0000000000     0.0000000000     -0.0001289489     -0.0112503012
179     0.0000000000     0.0000000000     0.0000000000     0.0000000000     -0.0001649720     -0.0112512100
180     0.0000000000     0.0000000000     0.0000000000     0.0000000000     -0.0002001558     -0.0112435267
181     0.0000000000     0.0000000000     0.0000000000     0.0000000000     -0.0002340886     -0.0112323155
182     0.0000000000     0.0000000000     0.0000000000     0.0000000000     -0.0002664568     -0.0112311716
183     0.0000000000     0.0000000000     0.0000000000     0.0000000000     0.0007321289     -0.0111143418
184     0.0000000000     0.0000000000     0.0000000000     0.0000000000     0.0007142956     -0.0111138858
185     0.0000000000     0.0000000000     0.0000000000     0.0000000000     0.0006890959     -0.0111122292
186     0.0000000000     0.0000000000     0.0000000000     0.0000000000     0.0006609460     -0.0111105732
187     0.0000000000     0.0000000000     0.0000000000     0.0000000000     0.0006290480     -0.0111044601
188     0.0000000000     0.0000000000     0.0000000000     0.0000000000     0.0005943157     -0.0110987042
189     0.0000000000     0.0000000000     0.0000000000     0.0000000000     0.0005568522     -0.0110936651
190     0.0000000000     0.0000000000     0.0000000000     0.0000000000     0.0005162514     -0.0110905878
191     0.0000000000     0.0000000000     0.0000000000     0.0000000000     0.0004708702     -0.0110892113
192     0.0000000000     0.0000000000     0.0000000000     0.0000000000     0.0004217397     -0.0110855758
193     0.0000000000     0.0000000000     0.0000000000     0.0000000000     0.0003742240     -0.0110820446
194     0.0000000000     0.0000000000     0.0000000000     0.0000000000     0.0003289857     -0.0110797563
195     0.0000000000     0.0000000000     0.0000000000     0.0000000000     0.0002839840     -0.0110722954
196     0.0000000000     0.0000000000     0.0000000000     0.0000000000     0.0002366497     -0.0110645583
197     0.0000000000     0.0000000000     0.0000000000     0.0000000000     0.0001879026     -0.0110614737
198     0.0000000000     0.0000000000     0.0000000000     0.0000000000     0.0001383929     -0.0110616100
199     0.0000000000     0.0000000000     0.0000000000     0.0000000000     0.0000902525     -0.0110615376
200     0.0000000000     0.0000000000     0.0000000000     0.0000000000     0.0000431119     -0.0110578496
201     0.0000000000     0.0000000000     0.0000000000     0.0000000000     -0.0000045854     -0.0110567373
202     0.0000000000     0.0000000000     0.0000000000     0.0000000000     -0.0000504888     -0.0110615731
203     0.0000000000     0.0000000000     0.0000000000     0.0000000000     -0.0000950066     -0.0110634375
204     0.0000000000     0.0000000000     0.0000000000     0.0000000000     -0.0001359772     -0.0110607503
205     0.0000000000     0.0000000000     0.0000000000     0.0000000000     -0.0001718111     -0.0110553600
206     0.0000000000     0.0000000000     0.0000000000     0.0000000000     -0.0002075533     -0.0110448608
207     0.0000000000     0.0000000000     0.0000000000     0.0000000000     -0.0002430474     -0.0110408012
208     0.0000000000     0.0000000000     0.0000000000     0.0000000000     -0.0002743236     -0.0110413043
209     0.0000000000     0.0000000000     0.0000000000     0.0000000000     0.0007383553     -0.0109255813
210     0.0000000000     0.0000000000     0.0000000000     0.0000000000     0.0007213204     -0.0109242982
211     0.0000000000     0.0000000000     0.0000000000     0.0000000000     0.0006957761     -0.0109183776
212     0.0000000000     0.0000000000     0.0000000000     0.0000000000     0.0006672922     -0.0109159165
213     0.0000000000     0.0000000000     0.0000000000     0.0000000000     0.0006353324     -0.0109167626
214     0.0000000000     0.0000000000     0.0000000000     0.0000000000     0.0005996984     -0.0109133465
215     0.0000000000     0.0000000000     0.0000000000     0.0000000000     0.0005604804     -0.0109081592
216     0.0000000000     0.0000000000     0.0000000000     0.0000000000     0.0005178430     -0.0109020141
217     0.0000000000     0.0000000000     0.0000000000     0.0000000000     0.0004711445     -0.0108963138
218     0.0000000000     0.0000000000     0.0000000000     0.0000000000     0.0004220632     -0.0108944711
219     0.0000000000     0.0000000000     0.0000000000     0.0000000000     0.0003752224     -0.0108883746
220     0.0000000000     0.0000000000     0.0000000000     0.0000000000     0.0003293795     -0.0108784175
221     0.0000000000     0.0000000000     0.0000000000     0.0000000000     0.0002812477     -0.0108710239
222     0.0000000000     0.0000000000     0.0000000000     0.0000000000     0.0002303369     -0.0108678776
223     0.0000000000     0.0000000000     0.0000000000     0.0000000000     0.0001817142     -0.0108652603
224     0.0000000000     0.0000000000     0.0000000000     0.0000000000     0.0001352997     -0.0108629897
225     0.0000000000     0.0000000000     0.0000000000     0.0000000000     0.0000894994     -0.0108606970
226     0.0000000000     0.0000000000     0.0000000000     0.0000000000     0.0000404019     -0.0108567508
227     0.0000000000     0.0000000000     0.0000000000     0.0000000000     -0.0000108524     -0.0108527316
228     0.0000000000     0.0000000000     0.0000000000     0.0000000000     -0.0000568755     -0.0108514502
229     0.0000000000     0.0000000000     0.0000000000     0.0000000000     -0.0001004183     -0.0108535546
230     0.0000000000     0.0000000000     0.0000000000     0.0000000000     -0.0001402553     -0.0108549422
231     0.0000000000     0.0000000000     0.0000000000     0.0000000000     -0.0001776222     -0.0108504014
232     0.0000000000     0.0000000000     0.0000000000     0.0000000000     -0.0002155798     -0.0108469945
233     0.0000000000     0.0000000000     0.0000000000     0.0000000000     -0.0002499454     -0.0108497858
234     0.0000000000     0.0000000000     0.0000000000     0.0000000000     -0.0002807450     -0.0108450914
235     0.0000000000     0.0000000000     0.0000000000     0.0000000000     0.0007438812     -0.0107355629
236     0.0000000000     0.0000000000     0.0000000000     0.0000000000     0.0007282036     -0.0107342479
237     0.0000000000     0.0000000000     0.0000000000     0.0000000000     0.0007040433     -0.0107285756
238     0.0000000000     0.0000000000     0.0000000000     0.0000000000     0.0006735156     -0.0107247056
239     0.0000000000     0.0000000000     0.0000000000     0.0000000000     0.0006391257     -0.0107222932
240     0.0000000000     0.0000000000     0.0000000000     0.0000000000     0.0006027474     -0.0107148159
241     0.0000000000     0.0000000000     0.0000000000     0.0000000000     0.0005616497     -0.0107076955
242     0.0000000000     0.0000000000     0.0000000000     0.0000000000     0.0005177630     -0.0107043706
243     0.0000000000     0.0000000000     0.0000000000     0.0000000000     0.0004717559     -0.0106997196
244     0.0000000000     0.0000000000     0.0000000000     0.0000000000     0.0004245061     -0.0106970132
245     0.0000000000     0.0000000000     0.0000000000     0.0000000000     0.0003766953     -0.0106952360
246     0.0000000000     0.0000000000     0.0000000000     0.0000000000     0.0003281555     -0.0106879480
247     0.0000000000     0.0000000000     0.0000000000     0.0000000000     0.0002776442     -0.0106806777
248     0.0000000000     0.0000000000     0.0000000000     0.0000000000     0.0002253271     -0.0106791523
249     0.0000000000     0.0000000000     0.0000000000     0.0000000000     0.0001765997     -0.0106793021
250     0.0000000000     0.0000000000     0.0000000000     0.0000000000     0.0001311301     -0.0106745052
251     0.0000000000     0.0000000000     0.0000000000     0.0000000000     0.0000866092     -0.0106665082
252     0.0000000000     0.0000000000     0.0000000000     0.0000000000     0.0000366781     -0.0106587364
253     0.0000000000     0.0000000000     0.0000000000     0.0000000000     -0.0000155912     -0.0106498133
254     0.0000000000     0.0000000000     0.0000000000     0.0000000000     -0.0000628035     -0.0106481143
255     0.0000000000     0.0000000000     0.0000000000     0.0000000000     -0.0001059440     -0.0106504556
256     0.0000000000     0.0000000000     0.0000000000     0.0000000000     -0.0001446865     -0.0106518601
257     0.0000000000     0.0000000000     0.0000000000     0.0000000000     -0.0001831536     -0.0106549793
258     0.0000000000     0.0000000000     0.0000000000     0.0000000000     -0.0002221000     -0.0106539095
259     0.0000000000     0.0000000000     0.0000000000     0.0000000000     -0.0002565940     -0.0106454895
260     0.0000000000     0.0000000000     0.0000000000     0.0000000000     -0.0002881377     -0.0106372381
261     0.0000000000     0.0000000000     0.0000000000     0.0000000000     0.0007424065     -0.0105437744
262     0.0000000000     0.0000000000     0.0000000000     0.0000000000     0.0007280093     -0.0105422098
263     0.0000000000     0.0000000000     0.0000000000     0.0000000000     0.0007047970     -0.0105323323
264     0.0000000000     0.0000000000     0.0000000000     0.0000000000     0.0006757302     -0.0105213012
265     0.0000000000     0.0000000000     0.0000000000     0.0000000000     0.0006414123     -0.0105114448
266     0.0000000000     0.0000000000     0.0000000000     0.0000000000     0.0006048228     -0.0105072396
267     0.0000000000     0.0000000000     0.0000000000     0.0000000000     0.0005615038     -0.0105081603
268     0.0000000000     0.0000000000     0.0000000000     0.0000000000     0.0005151422     -0.0105103404
269     0.0000000000     0.0000000000     0.0000000000     0.0000000000     0.0004707365     -0.0105065380
270     0.0000000000     0.0000000000     0.0000000000     0.0000000000     0.0004254265     -0.0104978539
271     0.0000000000     0.0000000000     0.0000000000     0.0000000000     0.0003759321     -0.0104967389
272     0.0000000000     0.0000000000     0.0000000000     0.0000000000     0.0003260919     -0.0104945966
273     0.0000000000     0.0000000000     0.0000000000     0.0000000000     0.0002783413     -0.0104894539
274     0.0000000000     0.0000000000     0.0000000000     0.0000000000     0.0002262980     -0.0104896038
275     0.0000000000     0.0000000000     0.0000000000     0.0000000000     0.0001750038     -0.0104919376
276     0.0000000000     0.0000000000     0.0000000000     0.0000000000     0.0001263564     -0.0104884424
277     0.0000000000     0.0000000000     0.0000000000     0.0000000000     0.0000778238     -0.0104791499
278     0.0000000000     0.0000000000     0.0000000000     0.0000000000     0.0000298777     -0.0104703879
279     0.0000000000     0.0000000000     0.0000000000     0.0000000000     -0.0000175106     -0.0104640312
280     0.0000000000     0.0000000000     0.0000000000     0.0000000000     -0.0000636727     -0.0104629054
281     0.0000000000     0.0000000000     0.0000000000     0.0000000000     -0.0001080728     -0.0104611108
282     0.0000000000     0.0000000000     0.0000000000     0.0000000000     -0.0001503958     -0.0104599667
283     0.0000000000     0.0000000000     0.0000000000     0.0000000000     -0.0001909190     -0.0104586314
284     0.0000000000     0.0000000000     0.0000000000     0.0000000000     -0.0002288452     -0.0104483100
285     0.0000000000     0.0000000000     0.0000000000     0.0000000000     -0.0002624980     -0.0104348991
286     0.0000000000     0.0000000000     0.0000000000     0.0000000000     -0.0002934580     -0.0104369462
287     0.0000000000     0.0000000000     0.0000000000     0.0000000000     0.0007435926     -0.0103457400
288     0.0000000000     0.0000000000     0.0000000000     0.0000000000     0.0007308891     -0.0103435424
289     0.0000000000     0.0000000000     0.0000000000     0.0000000000     0.0007091158     -0.0103371384
290     0.0000000000     0.0000000000     0.0000000000     0.0000000000     0.0006810087     -0.0103305617
291     0.0000000000     0.0000000000     0.0000000000     0.0000000000     0.0006445569     -0.0103198981
292     0.0000000000     0.0000000000     0.0000000000     0.0000000000     0.0006044990     -0.0103168997
293     0.0000000000     0.0000000000     0.0000000000     0.0000000000     0.0005614741     -0.0103179882
294     0.0000000000     0.0000000000     0.0000000000     0.0000000000     0.0005164046     -0.0103175136
295     0.0000000000     0.0000000000     0.0000000000     0.0000000000     0.0004700718     -0.0103172043
296     0.0000000000     0.0000000000     0.0000000000     0.0000000000     0.0004219862     -0.0103142005
297     0.0000000000     0.0000000000     0.0000000000     0.0000000000     0.0003735680     -0.0103094648
298     0.0000000000     0.0000000000     0.0000000000     0.0000000000     0.0003253690     -0.0103062630
299     0.0000000000     0.0000000000     0.0000000000     0.0000000000     0.0002787538     -0.0103032454
300     0.0000000000     0.0000000000     0.0000000000     0.0000000000     0.0002272247     -0.0103006576
301     0.0000000000     0.0000000000     0.0000000000     0.0000000000     0.0001756862     -0.0103002318
302     0.0000000000     0.0000000000     0.0000000000     0.0000000000     0.0001265012     -0.0103008914
303     0.0000000000     0.0000000000     0.0000000000     0.0000000000     0.0000749128     -0.0102945535
304     0.0000000000     0.0000000000     0.0000000000     0.0000000000     0.0000257824     -0.0102866558
305     0.0000000000     0.0000000000     0.0000000000     0.0000000000     -0.0000217855     -0.0102854974
306     0.0000000000     0.0000000000     0.0000000000     0.0000000000     -0.0000676144     -0.0102785210
307     0.0000000000     0.0000000000     0.0000000000     0.0000000000     -0.0001125954     -0.0102665802
308     0.0000000000     0.0000000000     0.0000000000     0.0000000000     -0.0001577699     -0.0102612677
309     0.0000000000     0.0000000000     0.0000000000     0.0000000000     -0.0001984275     -0.0102578266
310     0.0000000000     0.0000000000     0.0000000000     0.0000000000     -0.0002339508     -0.0102518183
311     0.0000000000     0.0000000000     0.0000000000     0.0000000000     -0.0002661274     -0.0102439121
312     0.0000000000     0.0000000000     0.0000000000     0.0000000000     -0.0002968872     -0.0102469129
313     0.0000000000     0.0000000000     0.0000000000     0.0000000000     0.0007481534     -0.0101506818
314     0.0000000000     0.0000000000     0.0000000000     0.0000000000     0.0007373472     -0.0101487385
315     0.0000000000     0.0000000000     0.0000000000     0.0000000000     0.0007156925     -0.0101417099
316     0.0000000000     0.0000000000     0.0000000000     0.0000000000     0.0006854534     -0.0101370264
317     0.0000000000     0.0000000000     0.0000000000     0.0000000000     0.0006459664     -0.0101304003
318     0.0000000000     0.0000000000     0.0000000000     0.0000000000     0.0006026926     -0.0101226752
319     0.0000000000     0.0000000000     0.0000000000     0.0000000000     0.0005610273     -0.0101170882
320     0.0000000000     0.0000000000     0.0000000000     0.0000000000     0.0005187419     -0.0101131029
321     0.0000000000     0.0000000000     0.0000000000     0.0000000000     0.0004707229     -0.0101104874
322     0.0000000000     0.0000000000     0.0000000000     0.0000000000     0.0004231158     -0.0101156932
323     0.0000000000     0.0000000000     0.0000000000     0.0000000000     0.0003790530     -0.0101169078
324     0.0000000000     0.0000000000     0.0000000000     0.0000000000     0.0003291883     -0.0101067357
325     0.0000000000     0.0000000000     0.0000000000     0.0000000000     0.0002753977     -0.0100997110
326     0.0000000000     0.0000000000     0.0000000000     0.0000000000     0.0002232655     -0.0100962253
327     0.0000000000     0.0000000000     0.0000000000     0.0000000000     0.0001735968     -0.0100976688
328     0.0000000000     0.0000000000     0.0000000000     0.0000000000     0.0001250700     -0.0101002155
329     0.0000000000     0.0000000000     0.0000000000     0.0000000000     0.0000731192     -0.0100957205
330     0.0000000000     0.0000000000     0.0000000000     0.0000000000     0.0000229217     -0.0100917723
331     0.0000000000     0.0000000000     0.0000000000     0.0000000000     -0.0000261806     -0.0100897233
332     0.0000000000     0.0000000000     0.0000000000     0.0000000000     -0.0000757858     -0.0100806640
333     0.0000000000     0.0000000000     0.0000000000     0.0000000000     -0.0001200664     -0.0100719460
334     0.0000000000     0.0000000000     0.0000000000     0.0000000000     -0.0001636866     -0.0100653228
335     0.0000000000     0.0000000000     0.0000000000     0.0000000000     -0.0002053098     -0.0100633144
336     0.0000000000     0.0000000000     0.0000000000     0.0000000000     -0.0002406356     -0.0100643575
337     0.0000000000     0.0000000000     0.0000000000     0.0000000000     -0.0002714900     -0.0100587245
338     0.0000000000     0.0000000000     0.0000000000     0.0000000000     -0.0003007826     -0.0100595198
339     0.0000000000     0.0000000000     0.0000000000     0.0000000000     0.0007484139     -0.0099652025
340     0.0000000000     0.0000000000     0.0000000000     0.0000000000     0.0007387180     -0.0099623965
341     0.0000000000     0.0000000000     0.0000000000     0.0000000000     0.0007152865     -0.0099471717
342     0.0000000000     0.0000000000     0.0000000000     0.0000000000     0.0006844915     -0.0099367659
343     0.0000000000     0.0000000000     0.0000000000     0.0000000000     0.0006464264     -0.0099343149
344     0.0000000000     0.0000000000     0.0000000000     0.0000000000     0.0006044869     -0.0099304600
345     0.0000000000     0.0000000000     0.0000000000     0.0000000000     0.0005614736     -0.0099276413
346     0.0000000000     0.0000000000     0.0000000000     0.0000000000     0.0005164861     -0.0099222101
347     0.0000000000     0.0000000000     0.0000000000     0.0000000000     0.0004686821     -0.0099148859
348     0.0000000000     0.0000000000     0.0000000000     0.0000000000     0.0004230028     -0.0099156815
349     0.0000000000     0.0000000000     0.0000000000     0.0000000000     0.0003781790     -0.0099144083
350     0.0000000000     0.0000000000     0.0000000000     0.0000000000     0.0003243377     -0.0099054882
351     0.0000000000     0.0000000000     0.0000000000     0.0000000000     0.0002695030     -0.0099016229
352     0.0000000000     0.0000000000     0.0000000000     0.0000000000     0.0002198547     -0.0099004385
353     0.0000000000     0.0000000000     0.0000000000     0.0000000000     0.0001730471     -0.0098975057
354     0.0000000000     0.0000000000     0.0000000000     0.0000000000     0.0001221975     -0.0098913083
355     0.0000000000     0.0000000000     0.0000000000     0.0000000000     0.0000687575     -0.0098870479
356     0.0000000000     0.0000000000     0.0000000000     0.0000000000     0.0000196075     -0.0098902838
357     0.0000000000     0.0000000000     0.0000000000     0.0000000000     -0.0000294433     -0.0098923015
358     0.0000000000     0.0000000000     0.0000000000     0.0000000000     -0.0000798195     -0.0098913929
359     0.0000000000     0.0000000000     0.0000000000     0.0000000000     -0.0001255606     -0.0098862429
360     0.0000000000     0.0000000000     0.0000000000     0.0000000000     -0.0001681718     -0.0098727038
361     0.0000000000     0.0000000000     0.0000000000     0.0000000000     -0.0002103446     -0.0098608065
362     0.0000000000     0.0000000000     0.0000000000     0.0000000000     -0.0002483720     -0.0098624533
363     0.0000000000     0.0000000000     0.0000000000     0.0000000000     -0.0002807411     -0.0098713510
364     0.0000000000     0.0000000000     0.0000000000     0.0000000000     -0.0003096452     -0.0098805306
365     0.0000000000     0.0000000000     47.3332485856     0.0000000000     0.0007458346     -0.0097716702
366     0.0000000000     0.0000000000     47.3332485856     0.0000000000     0.0007373503     -0.0097712336
367     0.0000000000     0.0000000000     47.3332485856     0.0000000000     0.0007133685     -0.0097635343
368     0.0000000000     0.0000000000     47.3332485856     0.0000000000     0.0006826319     -0.0097529002
369     0.0000000000     0.0000000000     47.3332485856     0.0000000000     0.0006475662     -0.0097478496
370     0.0000000000     0.0000000000     47.3332485856     0.0000000000     0.0006087255     -0.0097411924
371     0.0000000000     0.0000000000     47.3332485856     0.0000000000     0.0005639561     -0.0097359706
372     0.0000000000     0.0000000000     47.3332485856     0.0000000000     0.0005161931     -0.0097294711
373     0.0000000000     0.0000000000     47.3332485856     0.0000000000     0.0004660159     -0.0097219855
374     0.0000000000     0.0000000000     47.3332485856     0.0000000000     0.0004146480     -0.0097172584
375     0.0000000000     0.0000000000     47.3332485856     0.0000000000     0.0003656352     -0.0097150630
376     0.0000000000     0.0000000000     47.3332485856     0.0000000000     0.0003173850     -0.0097172748
377     0.0000000000     0.0000000000     47.3332485856     0.0000000000     0.0002675598     -0.0097226650
378     0.0000000000     0.0000000000     47.3332485856     0.0000000000     0.0002161431     -0.0097185655
379     0.0000000000     0.0000000000     47.3332485856     0.0000000000     0.0001675357     -0.0097093151
380     0.0000000000     0.0000000000     47.3332485856     0.0000000000     0.0001176690     -0.0097038068
381     0.0000000000     0.0000000000     47.3332485856     0.0000000000     0.0000665056     -0.0096943221
382     0.0000000000     0.0000000000     47.3332485856     0.0000000000     0.0000172786     -0.0096843675
383     0.0000000000     0.0000000000     47.3332485856     0.0000000000     -0.0000347102     -0.0096800656
384     0.0000000000     0.0000000000     47.3332485856     0.0000000000     -0.0000873586     -0.0096797556
385     0.0000000000     0.0000000000     47.3332485856     0.0000000000     -0.0001338960     -0.0096801543
386     0.0000000000     0.0000000000     47.3332485856     0.0000000000     -0.0001746180     -0.0096760671
387     0.0000000000     0.0000000000     47.3332485856     0.0000000000     -0.0002144509     -0.0096705865
388     0.0000000000     0.0000000000     47.3332485856     0.0000000000     -0.0002531568     -0.0096650037
389     0.0000000000     0.0000000000     47.3332485856     0.0000000000     -0.0002882982     -0.0096652790
390     0.0000000000     0.0000000000     47.3332485856     0.0000000000     -0.0003177855     -0.0096769479
