1     0.0000000000     0.0000000000     9.5792370723     0.0000000000     -0.0001532513     0.0011438530
2     0.0000000000     0.0000000000     9.5792370723     0.0000000000     -0.0001533089     0.0011440700
3     0.0000000000     0.0000000000     9.5792370723     0.0000000000     -0.0001535108     0.0011439257
4     0.0000000000     0.0000000000     9.5792370723     0.0000000000     -0.0001509233     0.0011447235
5     0.0000000000     0.0000000000     9.5792370723     0.0000000000     -0.0001388425     0.0011433480
6     0.0000000000     0.0000000000     9.5792370723     0.0000000000     -0.0001172204     0.0011418603
7     0.0000000000     0.0000000000     9.5792370723     0.0000000000     -0.0000989490     0.0011401873
8     0.0000000000     0.0000000000     9.5792370723     0.0000000000     -0.0000864986     0.0011468850
9     0.0000000000     0.0000000000     9.5792370723     0.0000000000     -0.0000703793     0.0011534695
10     0.0000000000     0.0000000000     9.5792370723     0.0000000000     -0.0000539775     0.0011528507
11     0.0000000000     0.0000000000     9.5792370723     0.0000000000     -0.0000376367     0.0011535438
12     0.0000000000     0.0000000000     9.5792370723     0.0000000000     -0.0000186965     0.0011604913
13     0.0000000000     0.0000000000     9.5792370723     0.0000000000     0.0000005538     0.0011750921
14     0.0000000000     0.0000000000     9.5792370723     0.0000000000     0.0000176117     0.0011804772
15     0.0000000000     0.0000000000     9.5792370723     0.0000000000     0.0000346791     0.0011649611
16     0.0000000000     0.0000000000     9.5792370723     0.0000000000     0.0000515520     0.0011465222
17     0.0000000000     0.0000000000     9.5792370723     0.0000000000     0.0000665720     0.0011418899
18     0.0000000000     0.0000000000     9.5792370723     0.0000000000     0.0000801651     0.0011382230
19     0.0000000000     0.0000000000     9.5792370723     0.0000000000     0.0000991606     0.0011350953
20     0.0000000000     0.0000000000     9.5792370723     0.0000000000     0.0001174230     0.0011319444
21     0.0000000000     0.0000000000     9.5792370723     0.0000000000     0.0001277421     0.0011200762
22     0.0000000000     0.0000000000     9.5792370723     0.0000000000     0.0001381410     0.0011054199
23     0.0000000000     0.0000000000     9.5792370723     0.0000000000     0.0001535585     0.0010897166
24     0.0000000000     0.0000000000     9.5792370723     0.0000000000     0.0001684356     0.0010722820
25     0.0000000000     0.0000000000     9.5792370723     0.0000000000     0.0001677044     0.0010727712
26     0.0000000000     0.0000000000     9.5792370723     0.0000000000     0.0001675379     0.0010731068
27     0.0000000000     0.0000000000     -0.0000000000     0.0000000000     -0.0001515982     0.0011096621
28     0.0000000000     0.0000000000     -0.0000000000     0.0000000000     -0.0001514824     0.0011102602
29     0.0000000000     0.0000000000     -0.0000000000     0.0000000000     -0.0001517371     0.0011099771
30     0.0000000000     0.0000000000     -0.0000000000     0.0000000000     -0.0001483639     0.0011119634
31     0.0000000000     0.0000000000     -0.0000000000     0.0000000000     -0.0001362277     0.0011068873
32     0.0000000000     0.0000000000     -0.0000000000     0.0000000000     -0.0001174345     0.0011022344
33     0.0000000000     0.0000000000     -0.0000000000     0.0000000000     -0.0000999831     0.0010963360
34     0.0000000000     0.0000000000     -0.0000000000     0.0000000000     -0.0000870097     0.0010942997
35     0.0000000000     0.0000000000     -0.0000000000     0.0000000000     -0.0000722205     0.0010955371
36     0.0000000000     0.0000000000     -0.0000000000     0.0000000000     -0.0000562579     0.0010912452
37     0.0000000000     0.0000000000     -0.0000000000     0.0000000000     -0.0000397040     0.0010921028
38     0.0000000000     0.0000000000     -0.0000000000     0.0000000000     -0.0000227525     0.0010993649
39     0.0000000000     0.0000000000     -0.0000000000     0.0000000000     -0.0000021710     0.0011075591
40     0.0000000000     0.0000000000     -0.0000000000     0.0000000000     0.0000189757     0.0011144855
41     0.0000000000     0.0000000000     -0.0000000000     0.0000000000     0.0000367661     0.0011104799
42     0.0000000000     0.0000000000     -0.0000000000     0.0000000000     0.0000533618     0.0011013545
43     0.0000000000     0.0000000000     -0.0000000000     0.0000000000     0.0000719181     0.0011028755
44     0.0000000000     0.0000000000     -0.0000000000     0.0000000000     0.0000876631     0.0010993359
45     0.0000000000     0.0000000000     -0.0000000000     0.0000000000     0.0001032477     0.0010855547
46     0.0000000000     0.0000000000     -0.0000000000     0.0000000000     0.0001223906     0.0010763279
47     0.0000000000     0.0000000000     -0.0000000000     0.0000000000     0.0001363898     0.0010756585
48     0.0000000000     0.0000000000     -0.0000000000     0.0000000000     0.0001477330     0.0010684514
49     0.0000000000     0.0000000000     -0.0000000000     0.0000000000     0.0001638369     0.0010543035
50     0.0000000000     0.0000000000     -0.0000000000     0.0000000000     0.0001795163     0.0010414553
51     0.0000000000     0.0000000000     -0.0000000000     0.0000000000     0.0001787661     0.0010421047
52     0.0000000000     0.0000000000     -0.0000000000     0.0000000000     0.0001785460     0.0010419285
53     0.0000000000     0.0000000000     -0.0000000000     0.0000000000     -0.0001523064     0.0010619062
54     0.0000000000     0.0000000000     -0.0000000000     0.0000000000     -0.0001521389     0.0010626117
55     0.0000000000     0.0000000000     -0.0000000000     0.0000000000     -0.0001524286     0.0010623027
56     0.0000000000     0.0000000000     -0.0000000000     0.0000000000     -0.0001487356     0.0010650039
57     0.0000000000     0.0000000000     -0.0000000000     0.0000000000     -0.0001347603     0.0010623423
58     0.0000000000     0.0000000000     -0.0000000000     0.0000000000     -0.0001157153     0.0010563544
59     0.0000000000     0.0000000000     -0.0000000000     0.0000000000     -0.0001005690     0.0010499686
60     0.0000000000     0.0000000000     -0.0000000000     0.0000000000     -0.0000876400     0.0010480635
61     0.0000000000     0.0000000000     -0.0000000000     0.0000000000     -0.0000721049     0.0010449494
62     0.0000000000     0.0000000000     -0.0000000000     0.0000000000     -0.0000561686     0.0010361764
63     0.0000000000     0.0000000000     -0.0000000000     0.0000000000     -0.0000393750     0.0010378218
64     0.0000000000     0.0000000000     -0.0000000000     0.0000000000     -0.0000228612     0.0010404903
65     0.0000000000     0.0000000000     -0.0000000000     0.0000000000     -0.0000032108     0.0010361046
66     0.0000000000     0.0000000000     -0.0000000000     0.0000000000     0.0000178865     0.0010345956
67     0.0000000000     0.0000000000     -0.0000000000     0.0000000000     0.0000362207     0.0010407936
68     0.0000000000     0.0000000000     -0.0000000000     0.0000000000     0.0000536789     0.0010486973
69     0.0000000000     0.0000000000     -0.0000000000     0.0000000000     0.0000741360     0.0010492600
70     0.0000000000     0.0000000000     -0.0000000000     0.0000000000     0.0000919481     0.0010413249
71     0.0000000000     0.0000000000     -0.0000000000     0.0000000000     0.0001055430     0.0010270717
72     0.0000000000     0.0000000000     -0.0000000000     0.0000000000     0.0001225065     0.0010199022
73     0.0000000000     0.0000000000     -0.0000000000     0.0000000000     0.0001390131     0.0010279518
74     0.0000000000     0.0000000000     -0.0000000000     0.0000000000     0.0001524199     0.0010295456
75     0.0000000000     0.0000000000     -0.0000000000     0.0000000000     0.0001672041     0.0010213032
76     0.0000000000     0.0000000000     -0.0000000000     0.0000000000     0.0001814503     0.0010119335
77     0.0000000000     0.0000000000     -0.0000000000     0.0000000000     0.0001806726     0.0010125769
78     0.0000000000     0.0000000000     -0.0000000000     0.0000000000     0.0001808239     0.0010115529
79     0.0000000000     0.0000000000     -0.0000000000     0.0000000000     -0.0001550885     0.0009990891
80     0.0000000000     0.0000000000     -0.0000000000     0.0000000000     -0.0001550960     0.0009992399
81     0.0000000000     0.0000000000     -0.0000000000     0.0000000000     -0.0001553758     0.0009990651
82     0.0000000000     0.0000000000     -0.0000000000     0.0000000000     -0.0001521702     0.0009993584
83     0.0000000000     0.0000000000     -0.0000000000     0.0000000000     -0.0001363809     0.0009976280
84     0.0000000000     0.0000000000     -0.0000000000     0.0000000000     -0.0001150759     0.0009975156
85     0.0000000000     0.0000000000     -0.0000000000     0.0000000000     -0.0000995030     0.0009997375
86     0.0000000000     0.0000000000     -0.0000000000     0.0000000000     -0.0000873431     0.0010009632
87     0.0000000000     0.0000000000     -0.0000000000     0.0000000000     -0.0000703856     0.0009948219
88     0.0000000000     0.0000000000     -0.0000000000     0.0000000000     -0.0000543960     0.0009879795
89     0.0000000000     0.0000000000     -0.0000000000     0.0000000000     -0.0000391017     0.0009919899
90     0.0000000000     0.0000000000     -0.0000000000     0.0000000000     -0.0000219742     0.0009920196
91     0.0000000000     0.0000000000     -0.0000000000     0.0000000000     -0.0000023441     0.0009848341
92     0.0000000000     0.0000000000     -0.0000000000     0.0000000000     0.0000182049     0.0009784897
93     0.0000000000     0.0000000000     -0.0000000000     0.0000000000     0.0000365923     0.0009792476
94     0.0000000000     0.0000000000     -0.0000000000     0.0000000000     0.0000549655     0.0009888473
95     0.0000000000     0.0000000000     -0.0000000000     0.0000000000     0.0000756399     0.0009891269
96     0.0000000000     0.0000000000     -0.0000000000     0.0000000000     0.0000939515     0.0009828212
97     0.0000000000     0.0000000000     -0.0000000000     0.0000000000     0.0001091944     0.0009804143
98     0.0000000000     0.0000000000     -0.0000000000     0.0000000000     0.0001239647     0.0009798366
99     0.0000000000     0.0000000000     -0.0000000000     0.0000000000     0.0001402905     0.0009798461
100     0.0000000000     0.0000000000     -0.0000000000     0.0000000000     0.0001551246     0.0009795798
101     0.0000000000     0.0000000000     -0.0000000000     0.0000000000     0.0001699210     0.0009750340
102     0.0000000000     0.0000000000     -0.0000000000     0.0000000000     0.0001824776     0.0009658606
103     0.0000000000     0.0000000000     -0.0000000000     0.0000000000     0.0001816957     0.0009665460
104     0.0000000000     0.0000000000     -0.0000000000     0.0000000000     0.0001819515     0.0009655892
105     0.0000000000     0.0000000000     -0.0000000000     0.0000000000     -0.0001550492     0.0009365876
106     0.0000000000     0.0000000000     -0.0000000000     0.0000000000     -0.0001550787     0.0009365661
107     0.0000000000     0.0000000000     -0.0000000000     0.0000000000     -0.0001553453     0.0009366093
108     0.0000000000     0.0000000000     -0.0000000000     0.0000000000     -0.0001526021     0.0009360627
109     0.0000000000     0.0000000000     -0.0000000000     0.0000000000     -0.0001370705     0.0009333321
110     0.0000000000     0.0000000000     -0.0000000000     0.0000000000     -0.0001185850     0.0009361671
111     0.0000000000     0.0000000000     -0.0000000000     0.0000000000     -0.0001026146     0.0009404194
112     0.0000000000     0.0000000000     -0.0000000000     0.0000000000     -0.0000875803     0.0009434631
113     0.0000000000     0.0000000000     -0.0000000000     0.0000000000     -0.0000691609     0.0009424527
114     0.0000000000     0.0000000000     -0.0000000000     0.0000000000     -0.0000518434     0.0009428989
115     0.0000000000     0.0000000000     -0.0000000000     0.0000000000     -0.0000372244     0.0009463088
116     0.0000000000     0.0000000000     -0.0000000000     0.0000000000     -0.0000201919     0.0009427689
117     0.0000000000     0.0000000000     -0.0000000000     0.0000000000     -0.0000008693     0.0009359120
118     0.0000000000     0.0000000000     -0.0000000000     0.0000000000     0.0000182088     0.0009338264
119     0.0000000000     0.0000000000     -0.0000000000     0.0000000000     0.0000372222     0.0009339233
120     0.0000000000     0.0000000000     -0.0000000000     0.0000000000     0.0000564811     0.0009310730
121     0.0000000000     0.0000000000     -0.0000000000     0.0000000000     0.0000761256     0.0009320310
122     0.0000000000     0.0000000000     -0.0000000000     0.0000000000     0.0000935246     0.0009313306
123     0.0000000000     0.0000000000     -0.0000000000     0.0000000000     0.0001099165     0.0009341702
124     0.0000000000     0.0000000000     -0.0000000000     0.0000000000     0.0001263771     0.0009367933
125     0.0000000000     0.0000000000     -0.0000000000     0.0000000000     0.0001410154     0.0009310710
126     0.0000000000     0.0000000000     -0.0000000000     0.0000000000     0.0001547981     0.0009252586
127     0.0000000000     0.0000000000     -0.0000000000     0.0000000000     0.0001698777     0.0009142626
128     0.0000000000     0.0000000000     -0.0000000000     0.0000000000     0.0001827342     0.0009032594
129     0.0000000000     0.0000000000     -0.0000000000     0.0000000000     0.0001819393     0.0009038259
130     0.0000000000     0.0000000000     -0.0000000000     0.0000000000     0.0001823027     0.0009043788
131     0.0000000000     0.0000000000     -0.0000000000     0.0000000000     -0.0001503210     0.0008748495
132     0.0000000000     0.0000000000     -0.0000000000     0.0000000000     -0.0001501043     0.0008746698
133     0.0000000000     0.0000000000     -0.0000000000     0.0000000000     -0.0001504805     0.0008747343
134     0.0000000000     0.0000000000     -0.0000000000     0.0000000000     -0.0001466074     0.0008749661
135     0.0000000000     0.0000000000     -0.0000000000     0.0000000000     -0.0001337344     0.0008792556
136     0.0000000000     0.0000000000     -0.0000000000     0.0000000000     -0.0001197016     0.0008830053
137     0.0000000000     0.0000000000     -0.0000000000     0.0000000000     -0.0001057025     0.0008844679
138     0.0000000000     0.0000000000     -0.0000000000     0.0000000000     -0.0000876254     0.0008875187
139     0.0000000000     0.0000000000     -0.0000000000     0.0000000000     -0.0000676773     0.0008880533
140     0.0000000000     0.0000000000     -0.0000000000     0.0000000000     -0.0000508900     0.0008920591
141     0.0000000000     0.0000000000     -0.0000000000     0.0000000000     -0.0000355532     0.0008978070
142     0.0000000000     0.0000000000     -0.0000000000     0.0000000000     -0.0000175975     0.0008936418
143     0.0000000000     0.0000000000     -0.0000000000     0.0000000000     0.0000013932     0.0008862493
144     0.0000000000     0.0000000000     -0.0000000000     0.0000000000     0.0000191266     0.0008843392
145     0.0000000000     0.0000000000     -0.0000000000     0.0000000000     0.0000383766     0.0008839287
146     0.0000000000     0.0000000000     -0.0000000000     0.0000000000     0.0000577723     0.0008801439
147     0.0000000000     0.0000000000     -0.0000000000     0.0000000000     0.0000777185     0.0008809894
148     0.0000000000     0.0000000000     -0.0000000000     0.0000000000     0.0000955950     0.0008763327
149     0.0000000000     0.0000000000     -0.0000000000     0.0000000000     0.0001106086     0.0008752248
150     0.0000000000     0.0000000000     -0.0000000000     0.0000000000     0.0001259540     0.0008836921
151     0.0000000000     0.0000000000     -0.0000000000     0.0000000000     0.0001411517     0.0008838356
152     0.0000000000     0.0000000000     -0.0000000000     0.0000000000     0.0001559905     0.0008767827
153     0.0000000000     0.0000000000     -0.0000000000     0.0000000000     0.0001713900     0.0008647408
154     0.0000000000     0.0000000000     -0.0000000000     0.0000000000     0.0001849120     0.0008566283
155     0.0000000000     0.0000000000     -0.0000000000     0.0000000000     0.0001840673     0.0008569439
156     0.0000000000     0.0000000000     -0.0000000000     0.0000000000     0.0001844776     0.0008572896
157     0.0000000000     0.0000000000     -0.0000000000     0.0000000000     -0.0001480979     0.0008148210
158     0.0000000000     0.0000000000     -0.0000000000     0.0000000000     -0.0001477736     0.0008143361
159     0.0000000000     0.0000000000     -0.0000000000     0.0000000000     -0.0001482594     0.0008145221
160     0.0000000000     0.0000000000     -0.0000000000     0.0000000000     -0.0001434525     0.0008134121
161     0.0000000000     0.0000000000     -0.0000000000     0.0000000000     -0.0001308577     0.0008258525
162     0.0000000000     0.0000000000     -0.0000000000     0.0000000000     -0.0001165753     0.0008311289
163     0.0000000000     0.0000000000     -0.0000000000     0.0000000000     -0.0001031253     0.0008330415
164     0.0000000000     0.0000000000     -0.0000000000     0.0000000000     -0.0000864348     0.0008335412
165     0.0000000000     0.0000000000     -0.0000000000     0.0000000000     -0.0000679577     0.0008360079
166     0.0000000000     0.0000000000     -0.0000000000     0.0000000000     -0.0000531379     0.0008442009
167     0.0000000000     0.0000000000     -0.0000000000     0.0000000000     -0.0000366020     0.0008505137
168     0.0000000000     0.0000000000     -0.0000000000     0.0000000000     -0.0000168683     0.0008455166
169     0.0000000000     0.0000000000     -0.0000000000     0.0000000000     0.0000030515     0.0008329276
170     0.0000000000     0.0000000000     -0.0000000000     0.0000000000     0.0000207292     0.0008308654
171     0.0000000000     0.0000000000     -0.0000000000     0.0000000000     0.0000403845     0.0008260021
172     0.0000000000     0.0000000000     -0.0000000000     0.0000000000     0.0000596660     0.0008229714
173     0.0000000000     0.0000000000     -0.0000000000     0.0000000000     0.0000793765     0.0008286396
174     0.0000000000     0.0000000000     -0.0000000000     0.0000000000     0.0000995474     0.0008245750
175     0.0000000000     0.0000000000     -0.0000000000     0.0000000000     0.0001136533     0.0008230699
176     0.0000000000     0.0000000000     -0.0000000000     0.0000000000     0.0001275181     0.0008292441
177     0.0000000000     0.0000000000     -0.0000000000     0.0000000000     0.0001445421     0.0008322065
178     0.0000000000     0.0000000000     -0.0000000000     0.0000000000     0.0001602878     0.0008272018
179     0.0000000000     0.0000000000     -0.0000000000     0.0000000000     0.0001762811     0.0008214718
180     0.0000000000     0.0000000000     -0.0000000000     0.0000000000     0.0001912444     0.0008208869
181     0.0000000000     0.0000000000     -0.0000000000     0.0000000000     0.0001904338     0.0008209690
182     0.0000000000     0.0000000000     -0.0000000000     0.0000000000     0.0001904003     0.0008205049
183     0.0000000000     0.0000000000     -0.0000000000     0.0000000000     -0.0001528658     0.0007687743
184     0.0000000000     0.0000000000     -0.0000000000     0.0000000000     -0.0001527396     0.0007684857
185     0.0000000000     0.0000000000     -0.0000000000     0.0000000000     -0.0001531046     0.0007685103
186     0.0000000000     0.0000000000     -0.0000000000     0.0000000000     -0.0001495063     0.0007692211
187     0.0000000000     0.0000000000     -0.0000000000     0.0000000000     -0.0001332560     0.0007813892
188     0.0000000000     0.0000000000     -0.0000000000     0.0000000000     -0.0001156895     0.0007841961
189     0.0000000000     0.0000000000     -0.0000000000     0.0000000000     -0.0001012100     0.0007786514
190     0.0000000000     0.0000000000     -0.0000000000     0.0000000000     -0.0000893251     0.0007786204
191     0.0000000000     0.0000000000     -0.0000000000     0.0000000000     -0.0000717769     0.0007880165
192     0.0000000000     0.0000000000     -0.0000000000     0.0000000000     -0.0000523009     0.0007928298
193     0.0000000000     0.0000000000     -0.0000000000     0.0000000000     -0.0000339753     0.0007837183
194     0.0000000000     0.0000000000     -0.0000000000     0.0000000000     -0.0000150545     0.0007728541
195     0.0000000000     0.0000000000     -0.0000000000     0.0000000000     0.0000022719     0.0007702661
196     0.0000000000     0.0000000000     -0.0000000000     0.0000000000     0.0000202667     0.0007730322
197     0.0000000000     0.0000000000     -0.0000000000     0.0000000000     0.0000407953     0.0007735757
198     0.0000000000     0.0000000000     -0.0000000000     0.0000000000     0.0000596533     0.0007721092
199     0.0000000000     0.0000000000     -0.0000000000     0.0000000000     0.0000772741     0.0007789460
200     0.0000000000     0.0000000000     -0.0000000000     0.0000000000     0.0000974389     0.0007842930
201     0.0000000000     0.0000000000     -0.0000000000     0.0000000000     0.0001140270     0.0007875344
202     0.0000000000     0.0000000000     -0.0000000000     0.0000000000     0.0001296032     0.0007842832
203     0.0000000000     0.0000000000     -0.0000000000     0.0000000000     0.0001464875     0.0007797025
204     0.0000000000     0.0000000000     -0.0000000000     0.0000000000     0.0001621701     0.0007716439
205     0.0000000000     0.0000000000     -0.0000000000     0.0000000000     0.0001773386     0.0007667984
206     0.0000000000     0.0000000000     -0.0000000000     0.0000000000     0.0001905335     0.0007726432
207     0.0000000000     0.0000000000     -0.0000000000     0.0000000000     0.0001898489     0.0007722972
208     0.0000000000     0.0000000000     -0.0000000000     0.0000000000     0.0001897311     0.0007726305
209     0.0000000000     0.0000000000     -0.0000000000     0.0000000000     -0.0001572947     0.0007307339
210     0.0000000000     0.0000000000     -0.0000000000     0.0000000000     -0.0001573872     0.0007309188
211     0.0000000000     0.0000000000     -0.0000000000     0.0000000000     -0.0001576343     0.0007306909
212     0.0000000000     0.0000000000     -0.0000000000     0.0000000000     -0.0001548138     0.0007330240
213     0.0000000000     0.0000000000     -0.0000000000     0.0000000000     -0.0001394224     0.0007401069
214     0.0000000000     0.0000000000     -0.0000000000     0.0000000000     -0.0001220691     0.0007442756
215     0.0000000000     0.0000000000     -0.0000000000     0.0000000000     -0.0001056316     0.0007388320
216     0.0000000000     0.0000000000     -0.0000000000     0.0000000000     -0.0000919024     0.0007365060
217     0.0000000000     0.0000000000     -0.0000000000     0.0000000000     -0.0000727720     0.0007404921
218     0.0000000000     0.0000000000     -0.0000000000     0.0000000000     -0.0000493842     0.0007377691
219     0.0000000000     0.0000000000     -0.0000000000     0.0000000000     -0.0000300227     0.0007249562
220     0.0000000000     0.0000000000     -0.0000000000     0.0000000000     -0.0000121514     0.0007161366
221     0.0000000000     0.0000000000     -0.0000000000     0.0000000000     0.0000037325     0.0007193413
222     0.0000000000     0.0000000000     -0.0000000000     0.0000000000     0.0000207274     0.0007193688
223     0.0000000000     0.0000000000     -0.0000000000     0.0000000000     0.0000411511     0.0007252053
224     0.0000000000     0.0000000000     -0.0000000000     0.0000000000     0.0000605024     0.0007297568
225     0.0000000000     0.0000000000     -0.0000000000     0.0000000000     0.0000769044     0.0007285798
226     0.0000000000     0.0000000000     -0.0000000000     0.0000000000     0.0000933090     0.0007338129
227     0.0000000000     0.0000000000     -0.0000000000     0.0000000000     0.0001108155     0.0007380038
228     0.0000000000     0.0000000000     -0.0000000000     0.0000000000     0.0001299022     0.0007300232
229     0.0000000000     0.0000000000     -0.0000000000     0.0000000000     0.0001471728     0.0007232982
230     0.0000000000     0.0000000000     -0.0000000000     0.0000000000     0.0001612664     0.0007231090
231     0.0000000000     0.0000000000     -0.0000000000     0.0000000000     0.0001732482     0.0007237870
232     0.0000000000     0.0000000000     -0.0000000000     0.0000000000     0.0001820875     0.0007287961
233     0.0000000000     0.0000000000     -0.0000000000     0.0000000000     0.0001814798     0.0007285239
234     0.0000000000     0.0000000000     -0.0000000000     0.0000000000     0.0001818279     0.0007291905
235     0.0000000000     0.0000000000     -0.0000000000     0.0000000000     -0.0001567406     0.0006879650
236     0.0000000000     0.0000000000     -0.0000000000     0.0000000000     -0.0001567999     0.0006882955
237     0.0000000000     0.0000000000     -0.0000000000     0.0000000000     -0.0001570535     0.0006880116
238     0.0000000000     0.0000000000     -0.0000000000     0.0000000000     -0.0001541099     0.0006905867
239     0.0000000000     0.0000000000     -0.0000000000     0.0000000000     -0.0001403462     0.0006926641
240     0.0000000000     0.0000000000     -0.0000000000     0.0000000000     -0.0001243573     0.0006952533
241     0.0000000000     0.0000000000     -0.0000000000     0.0000000000     -0.0001059176     0.0006945266
242     0.0000000000     0.0000000000     -0.0000000000     0.0000000000     -0.0000876433     0.0006932001
243     0.0000000000     0.0000000000     -0.0000000000     0.0000000000     -0.0000698371     0.0006914356
244     0.0000000000     0.0000000000     -0.0000000000     0.0000000000     -0.0000459640     0.0006877755
245     0.0000000000     0.0000000000     -0.0000000000     0.0000000000     -0.0000241892     0.0006814481
246     0.0000000000     0.0000000000     -0.0000000000     0.0000000000     -0.0000077106     0.0006759383
247     0.0000000000     0.0000000000     -0.0000000000     0.0000000000     0.0000072631     0.0006796159
248     0.0000000000     0.0000000000     -0.0000000000     0.0000000000     0.0000232389     0.0006779519
249     0.0000000000     0.0000000000     -0.0000000000     0.0000000000     0.0000431649     0.0006723738
250     0.0000000000     0.0000000000     -0.0000000000     0.0000000000     0.0000637401     0.0006732491
251     0.0000000000     0.0000000000     -0.0000000000     0.0000000000     0.0000797331     0.0006744112
252     0.0000000000     0.0000000000     -0.0000000000     0.0000000000     0.0000936624     0.0006785344
253     0.0000000000     0.0000000000     -0.0000000000     0.0000000000     0.0001085682     0.0006793596
254     0.0000000000     0.0000000000     -0.0000000000     0.0000000000     0.0001291738     0.0006762836
255     0.0000000000     0.0000000000     -0.0000000000     0.0000000000     0.0001469699     0.0006782436
256     0.0000000000     0.0000000000     -0.0000000000     0.0000000000     0.0001586954     0.0006894321
257     0.0000000000     0.0000000000     -0.0000000000     0.0000000000     0.0001685332     0.0006977298
258     0.0000000000     0.0000000000     -0.0000000000     0.0000000000     0.0001763415     0.0006988446
259     0.0000000000     0.0000000000     -0.0000000000     0.0000000000     0.0001757336     0.0006989325
260     0.0000000000     0.0000000000     -0.0000000000     0.0000000000     0.0001763380     0.0006983890
261     0.0000000000     0.0000000000     -0.0000000000     0.0000000000     -0.0001511191     0.0006373263
262     0.0000000000     0.0000000000     -0.0000000000     0.0000000000     -0.0001510278     0.0006374026
263     0.0000000000     0.0000000000     -0.0000000000     0.0000000000     -0.0001513645     0.0006372904
264     0.0000000000     0.0000000000     -0.0000000000     0.0000000000     -0.0001476801     0.0006385174
265     0.0000000000     0.0000000000     -0.0000000000     0.0000000000     -0.0001363054     0.0006358218
266     0.0000000000     0.0000000000     -0.0000000000     0.0000000000     -0.0001214088     0.0006344436
267     0.0000000000     0.0000000000     -0.0000000000     0.0000000000     -0.0001021417     0.0006331803
268     0.0000000000     0.0000000000     -0.0000000000     0.0000000000     -0.0000839956     0.0006348171
269     0.0000000000     0.0000000000     -0.0000000000     0.0000000000     -0.0000674780     0.0006321243
270     0.0000000000     0.0000000000     -0.0000000000     0.0000000000     -0.0000426759     0.0006251146
271     0.0000000000     0.0000000000     -0.0000000000     0.0000000000     -0.0000197441     0.0006272611
272     0.0000000000     0.0000000000     -0.0000000000     0.0000000000     -0.0000054985     0.0006313325
273     0.0000000000     0.0000000000     -0.0000000000     0.0000000000     0.0000082255     0.0006348008
274     0.0000000000     0.0000000000     -0.0000000000     0.0000000000     0.0000275930     0.0006325180
275     0.0000000000     0.0000000000     -0.0000000000     0.0000000000     0.0000474249     0.0006209642
276     0.0000000000     0.0000000000     -0.0000000000     0.0000000000     0.0000645673     0.0006197509
277     0.0000000000     0.0000000000     -0.0000000000     0.0000000000     0.0000823887     0.0006270403
278     0.0000000000     0.0000000000     -0.0000000000     0.0000000000     0.0000977256     0.0006315136
279     0.0000000000     0.0000000000     -0.0000000000     0.0000000000     0.0001109743     0.0006301025
280     0.0000000000     0.0000000000     -0.0000000000     0.0000000000     0.0001294168     0.0006329363
281     0.0000000000     0.0000000000     -0.0000000000     0.0000000000     0.0001451190     0.0006430327
282     0.0000000000     0.0000000000     -0.0000000000     0.0000000000     0.0001560430     0.0006539884
283     0.0000000000     0.0000000000     -0.0000000000     0.0000000000     0.0001684937     0.0006583422
284     0.0000000000     0.0000000000     -0.0000000000     0.0000000000     0.0001786978     0.0006568571
285     0.0000000000     0.0000000000     -0.0000000000     0.0000000000     0.0001780695     0.0006570356
286     0.0000000000     0.0000000000     -0.0000000000     0.0000000000     0.0001784601     0.0006564984
287     0.0000000000     0.0000000000     -0.0000000000     0.0000000000     -0.0001455715     0.0005863559
288     0.0000000000     0.0000000000     -0.0000000000     0.0000000000     -0.0001453436     0.0005863015
289     0.0000000000     0.0000000000     -0.0000000000     0.0000000000     -0.0001457367     0.0005863055
290     0.0000000000     0.0000000000     -0.0000000000     0.0000000000     -0.0001412769     0.0005861467
291     0.0000000000     0.0000000000     -0.0000000000     0.0000000000     -0.0001298403     0.0005836518
292     0.0000000000     0.0000000000     -0.0000000000     0.0000000000     -0.0001173482     0.0005772088
293     0.0000000000     0.0000000000     -0.0000000000     0.0000000000     -0.0001016555     0.0005752521
294     0.0000000000     0.0000000000     -0.0000000000     0.0000000000     -0.0000850204     0.0005767092
295     0.0000000000     0.0000000000     -0.0000000000     0.0000000000     -0.0000654435     0.0005692363
296     0.0000000000     0.0000000000     -0.0000000000     0.0000000000     -0.0000436248     0.0005620234
297     0.0000000000     0.0000000000     -0.0000000000     0.0000000000     -0.0000244501     0.0005725372
298     0.0000000000     0.0000000000     -0.0000000000     0.0000000000     -0.0000081271     0.0005876930
299     0.0000000000     0.0000000000     -0.0000000000     0.0000000000     0.0000073475     0.0005867457
300     0.0000000000     0.0000000000     -0.0000000000     0.0000000000     0.0000280728     0.0005811060
301     0.0000000000     0.0000000000     -0.0000000000     0.0000000000     0.0000473322     0.0005773043
302     0.0000000000     0.0000000000     -0.0000000000     0.0000000000     0.0000636910     0.0005797776
303     0.0000000000     0.0000000000     -0.0000000000     0.0000000000     0.0000832213     0.0005822901
304     0.0000000000     0.0000000000     -0.0000000000     0.0000000000     0.0001003337     0.0005836733
305     0.0000000000     0.0000000000     -0.0000000000     0.0000000000     0.0001136870     0.0005845346
306     0.0000000000     0.0000000000     -0.0000000000     0.0000000000     0.0001294712     0.0005891048
307     0.0000000000     0.0000000000     -0.0000000000     0.0000000000     0.0001443251     0.0005987760
308     0.0000000000     0.0000000000     -0.0000000000     0.0000000000     0.0001576011     0.0006027933
309     0.0000000000     0.0000000000     -0.0000000000     0.0000000000     0.0001724291     0.0006038818
310     0.0000000000     0.0000000000     -0.0000000000     0.0000000000     0.0001839365     0.0006053493
311     0.0000000000     0.0000000000     -0.0000000000     0.0000000000     0.0001833308     0.0006052452
312     0.0000000000     0.0000000000     -0.0000000000     0.0000000000     0.0001833462     0.0006057616
313     0.0000000000     0.0000000000     -0.0000000000     0.0000000000     -0.0001436079     0.0005385467
314     0.0000000000     0.0000000000     -0.0000000000     0.0000000000     -0.0001434187     0.0005383643
315     0.0000000000     0.0000000000     -0.0000000000     0.0000000000     -0.0001437885     0.0005383720
316     0.0000000000     0.0000000000     -0.0000000000     0.0000000000     -0.0001390455     0.0005391646
317     0.0000000000     0.0000000000     -0.0000000000     0.0000000000     -0.0001229951     0.0005487444
318     0.0000000000     0.0000000000     -0.0000000000     0.0000000000     -0.0001120752     0.0005438241
319     0.0000000000     0.0000000000     -0.0000000000     0.0000000000     -0.0000992533     0.0005351036
320     0.0000000000     0.0000000000     -0.0000000000     0.0000000000     -0.0000828359     0.0005282664
321     0.0000000000     0.0000000000     -0.0000000000     0.0000000000     -0.0000642687     0.0005168742
322     0.0000000000     0.0000000000     -0.0000000000     0.0000000000     -0.0000469358     0.0005129648
323     0.0000000000     0.0000000000     -0.0000000000     0.0000000000     -0.0000315687     0.0005189668
324     0.0000000000     0.0000000000     -0.0000000000     0.0000000000     -0.0000116680     0.0005308290
325     0.0000000000     0.0000000000     -0.0000000000     0.0000000000     0.0000074332     0.0005342716
326     0.0000000000     0.0000000000     -0.0000000000     0.0000000000     0.0000255304     0.0005319974
327     0.0000000000     0.0000000000     -0.0000000000     0.0000000000     0.0000442052     0.0005347315
328     0.0000000000     0.0000000000     -0.0000000000     0.0000000000     0.0000642463     0.0005368730
329     0.0000000000     0.0000000000     -0.0000000000     0.0000000000     0.0000843570     0.0005337369
330     0.0000000000     0.0000000000     -0.0000000000     0.0000000000     0.0000995853     0.0005356576
331     0.0000000000     0.0000000000     -0.0000000000     0.0000000000     0.0001126949     0.0005424887
332     0.0000000000     0.0000000000     -0.0000000000     0.0000000000     0.0001280233     0.0005524976
333     0.0000000000     0.0000000000     -0.0000000000     0.0000000000     0.0001456943     0.0005609001
334     0.0000000000     0.0000000000     -0.0000000000     0.0000000000     0.0001609055     0.0005612517
335     0.0000000000     0.0000000000     -0.0000000000     0.0000000000     0.0001743417     0.0005622125
336     0.0000000000     0.0000000000     -0.0000000000     0.0000000000     0.0001854061     0.0005643484
337     0.0000000000     0.0000000000     -0.0000000000     0.0000000000     0.0001848634     0.0005641964
338     0.0000000000     0.0000000000     -0.0000000000     0.0000000000     0.0001847489     0.0005648707
339     0.0000000000     0.0000000000     -0.0000000000     0.0000000000     -0.0001448060     0.0004943913
340     0.0000000000     0.0000000000     -0.0000000000     0.0000000000     -0.0001448060     0.0004941671
341     0.0000000000     0.0000000000     -0.0000000000     0.0000000000     -0.0001451126     0.0004941740
342     0.0000000000     0.0000000000     -0.0000000000     0.0000000000     -0.0001409214     0.0004947913
343     0.0000000000     0.0000000000     -0.0000000000     0.0000000000     -0.0001239029     0.0005049458
344     0.0000000000     0.0000000000     -0.0000000000     0.0000000000     -0.0001103817     0.0005039137
345     0.0000000000     0.0000000000     -0.0000000000     0.0000000000     -0.0000956114     0.0004936008
346     0.0000000000     0.0000000000     -0.0000000000     0.0000000000     -0.0000790324     0.0004863293
347     0.0000000000     0.0000000000     -0.0000000000     0.0000000000     -0.0000640916     0.0004806362
348     0.0000000000     0.0000000000     -0.0000000000     0.0000000000     -0.0000483399     0.0004778761
349     0.0000000000     0.0000000000     -0.0000000000     0.0000000000     -0.0000323399     0.0004737618
350     0.0000000000     0.0000000000     -0.0000000000     0.0000000000     -0.0000124304     0.0004762268
351     0.0000000000     0.0000000000     -0.0000000000     0.0000000000     0.0000082666     0.0004792543
352     0.0000000000     0.0000000000     -0.0000000000     0.0000000000     0.0000263175     0.0004794297
353     0.0000000000     0.0000000000     -0.0000000000     0.0000000000     0.0000452558     0.0004853944
354     0.0000000000     0.0000000000     -0.0000000000     0.0000000000     0.0000643837     0.0004882153
355     0.0000000000     0.0000000000     -0.0000000000     0.0000000000     0.0000814434     0.0004894846
356     0.0000000000     0.0000000000     -0.0000000000     0.0000000000     0.0000942804     0.0004986596
357     0.0000000000     0.0000000000     -0.0000000000     0.0000000000     0.0001071231     0.0005089557
358     0.0000000000     0.0000000000     -0.0000000000     0.0000000000     0.0001236351     0.0005183957
359     0.0000000000     0.0000000000     -0.0000000000     0.0000000000     0.0001435828     0.0005259516
360     0.0000000000     0.0000000000     -0.0000000000     0.0000000000     0.0001586383     0.0005308788
361     0.0000000000     0.0000000000     -0.0000000000     0.0000000000     0.0001709211     0.0005336179
362     0.0000000000     0.0000000000     -0.0000000000     0.0000000000     0.0001812692     0.0005356458
363     0.0000000000     0.0000000000     -0.0000000000     0.0000000000     0.0001807985     0.0005355584
364     0.0000000000     0.0000000000     -0.0000000000     0.0000000000     0.0001806124     0.0005355853
365     0.0000000000     0.0000000000     -0.0000000000     0.0000000000     -0.0001424359     0.0004576703
366     0.0000000000     0.0000000000     -0.0000000000     0.0000000000     -0.0001424239     0.0004577129
367     0.0000000000     0.0000000000     -0.0000000000     0.0000000000     -0.0001426999     0.0004577505
368     0.0000000000     0.0000000000     -0.0000000000     0.0000000000     -0.0001388200     0.0004578964
369     0.0000000000     0.0000000000     -0.0000000000     0.0000000000     -0.0001250224     0.0004531828
370     0.0000000000     0.0000000000     -0.0000000000     0.0000000000     -0.0001107244     0.0004488157
371     0.0000000000     0.0000000000     -0.0000000000     0.0000000000     -0.0000951121     0.0004476315
372     0.0000000000     0.0000000000     -0.0000000000     0.0000000000     -0.0000781270     0.0004455302
373     0.0000000000     0.0000000000     -0.0000000000     0.0000000000     -0.0000622021     0.0004418131
374     0.0000000000     0.0000000000     -0.0000000000     0.0000000000     -0.0000458095     0.0004387395
375     0.0000000000     0.0000000000     -0.0000000000     0.0000000000     -0.0000299635     0.0004338377
376     0.0000000000     0.0000000000     -0.0000000000     0.0000000000     -0.0000112446     0.0004319382
377     0.0000000000     0.0000000000     -0.0000000000     0.0000000000     0.0000106596     0.0004302592
378     0.0000000000     0.0000000000     -0.0000000000     0.0000000000     0.0000284076     0.0004279673
379     0.0000000000     0.0000000000     -0.0000000000     0.0000000000     0.0000432884     0.0004330527
380     0.0000000000     0.0000000000     -0.0000000000     0.0000000000     0.0000584882     0.0004428259
381     0.0000000000     0.0000000000     -0.0000000000     0.0000000000     0.0000737083     0.0004523504
382     0.0000000000     0.0000000000     -0.0000000000     0.0000000000     0.0000865667     0.0004620772
383     0.0000000000     0.0000000000     -0.0000000000     0.0000000000     0.0000998841     0.0004701612
384     0.0000000000     0.0000000000     -0.0000000000     0.0000000000     0.0001172967     0.0004732877
385     0.0000000000     0.0000000000     -0.0000000000     0.0000000000     0.0001359713     0.0004769812
386     0.0000000000     0.0000000000     -0.0000000000     0.0000000000     0.0001504992     0.0004867094
387     0.0000000000     0.0000000000     -0.0000000000     0.0000000000     0.0001623612     0.0004985735
388     0.0000000000     0.0000000000     -0.0000000000     0.0000000000     0.0001709667     0.0005055697
389     0.0000000000     0.0000000000     -0.0000000000     0.0000000000     0.0001705731     0.0005053641
390     0.0000000000     0.0000000000     -0.0000000000     0.0000000000     0.0001705041     0.0005051319
391     0.0000000000     0.0000000000     -9.5792370723     0.0000000000     -0.0001375644     0.0004179682
392     0.0000000000     0.0000000000     -9.5792370723     0.0000000000     -0.0001374909     0.0004178704
393     0.0000000000     0.0000000000     -9.5792370723     0.0000000000     -0.0001377418     0.0004180063
394     0.0000000000     0.0000000000     -9.5792370723     0.0000000000     -0.0001336313     0.0004167969
395     0.0000000000     0.0000000000     -9.5792370723     0.0000000000     -0.0001208792     0.0004086639
396     0.0000000000     0.0000000000     -9.5792370723     0.0000000000     -0.0001078379     0.0004019413
397     0.0000000000     0.0000000000     -9.5792370723     0.0000000000     -0.0000923220     0.0004028756
398     0.0000000000     0.0000000000     -9.5792370723     0.0000000000     -0.0000717248     0.0004031821
399     0.0000000000     0.0000000000     -9.5792370723     0.0000000000     -0.0000545601     0.0003973598
400     0.0000000000     0.0000000000     -9.5792370723     0.0000000000     -0.0000418270     0.0003921781
401     0.0000000000     0.0000000000     -9.5792370723     0.0000000000     -0.0000286257     0.0003889137
402     0.0000000000     0.0000000000     -9.5792370723     0.0000000000     -0.0000116646     0.0003836875
403     0.0000000000     0.0000000000     -9.5792370723     0.0000000000     0.0000091686     0.0003821038
404     0.0000000000     0.0000000000     -9.5792370723     0.0000000000     0.0000256434     0.0003834590
405     0.0000000000     0.0000000000     -9.5792370723     0.0000000000     0.0000370832     0.0003871432
406     0.0000000000     0.0000000000     -9.5792370723     0.0000000000     0.0000503159     0.0003993963
407     0.0000000000     0.0000000000     -9.5792370723     0.0000000000     0.0000658407     0.0004100152
408     0.0000000000     0.0000000000     -9.5792370723     0.0000000000     0.0000796993     0.0004183683
409     0.0000000000     0.0000000000     -9.5792370723     0.0000000000     0.0000933478     0.0004228841
410     0.0000000000     0.0000000000     -9.5792370723     0.0000000000     0.0001097919     0.0004226364
411     0.0000000000     0.0000000000     -9.5792370723     0.0000000000     0.0001257291     0.0004268035
412     0.0000000000     0.0000000000     -9.5792370723     0.0000000000     0.0001386215     0.0004382981
413     0.0000000000     0.0000000000     -9.5792370723     0.0000000000     0.0001488668     0.0004575215
414     0.0000000000     0.0000000000     -9.5792370723     0.0000000000     0.0001570681     0.0004698290
415     0.0000000000     0.0000000000     -9.5792370723     0.0000000000     0.0001566959     0.0004695242
416     0.0000000000     0.0000000000     -9.5792370723     0.0000000000     0.0001567395     0.0004693657
