1     0.0000000000     0.0000000000     16.9789045343     0.0000000000     -0.0003747141     0.0035203096
2     0.0000000000     0.0000000000     16.9789045343     0.0000000000     -0.0003761738     0.0035252278
3     0.0000000000     0.0000000000     16.9789045343     0.0000000000     -0.0003769637     0.0035254819
4     0.0000000000     0.0000000000     16.9789045343     0.0000000000     -0.0003697733     0.0035208591
5     0.0000000000     0.0000000000     16.9789045343     0.0000000000     -0.0003416578     0.0035027487
6     0.0000000000     0.0000000000     16.9789045343     0.0000000000     -0.0002960170     0.0034901526
7     0.0000000000     0.0000000000     16.9789045343     0.0000000000     -0.0002610631     0.0034904404
8     0.0000000000     0.0000000000     16.9789045343     0.0000000000     -0.0002392769     0.0035046519
9     0.0000000000     0.0000000000     16.9789045343     0.0000000000     -0.0002105445     0.0035139880
10     0.0000000000     0.0000000000     16.9789045343     0.0000000000     -0.0001813539     0.0035179777
11     0.0000000000     0.0000000000     16.9789045343     0.0000000000     -0.0001553453     0.0035273147
12     0.0000000000     0.0000000000     16.9789045343     0.0000000000     -0.0001248122     0.0035461258
13     0.0000000000     0.0000000000     16.9789045343     0.0000000000     -0.0000898243     0.0035843976
14     0.0000000000     0.0000000000     16.9789045343     0.0000000000     -0.0000533262     0.0036131346
15     0.0000000000     0.0000000000     16.9789045343     0.0000000000     -0.0000219105     0.0035761223
16     0.0000000000     0.0000000000     16.9789045343     0.0000000000     0.0000081754     0.0035271959
17     0.0000000000     0.0000000000     16.9789045343     0.0000000000     0.0000401818     0.0035267913
18     0.0000000000     0.0000000000     16.9789045343     0.0000000000     0.0000667756     0.0035370755
19     0.0000000000     0.0000000000     16.9789045343     0.0000000000     0.0001080782     0.0035532830
20     0.0000000000     0.0000000000     16.9789045343     0.0000000000     0.0001503230     0.0035656767
21     0.0000000000     0.0000000000     16.9789045343     0.0000000000     0.0001702756     0.0035478652
22     0.0000000000     0.0000000000     16.9789045343     0.0000000000     0.0001899353     0.0035166134
23     0.0000000000     0.0000000000     16.9789045343     0.0000000000     0.0002304059     0.0034801980
24     0.0000000000     0.0000000000     16.9789045343     0.0000000000     0.0002636080     0.0034482578
25     0.0000000000     0.0000000000     16.9789045343     0.0000000000     0.0002603236     0.0034505569
26     0.0000000000     0.0000000000     16.9789045343     0.0000000000     0.0002588043     0.0034526797
27     0.0000000000     0.0000000000     -0.0000000000     0.0000000000     -0.0003674989     0.0034244568
28     0.0000000000     0.0000000000     -0.0000000000     0.0000000000     -0.0003671227     0.0034349059
29     0.0000000000     0.0000000000     -0.0000000000     0.0000000000     -0.0003682294     0.0034339486
30     0.0000000000     0.0000000000     -0.0000000000     0.0000000000     -0.0003589211     0.0034309725
31     0.0000000000     0.0000000000     -0.0000000000     0.0000000000     -0.0003321963     0.0034044866
32     0.0000000000     0.0000000000     -0.0000000000     0.0000000000     -0.0002938704     0.0033778567
33     0.0000000000     0.0000000000     -0.0000000000     0.0000000000     -0.0002624720     0.0033571456
34     0.0000000000     0.0000000000     -0.0000000000     0.0000000000     -0.0002430593     0.0033471547
35     0.0000000000     0.0000000000     -0.0000000000     0.0000000000     -0.0002187158     0.0033394279
36     0.0000000000     0.0000000000     -0.0000000000     0.0000000000     -0.0001891034     0.0033239110
37     0.0000000000     0.0000000000     -0.0000000000     0.0000000000     -0.0001626153     0.0033287246
38     0.0000000000     0.0000000000     -0.0000000000     0.0000000000     -0.0001357074     0.0033481704
39     0.0000000000     0.0000000000     -0.0000000000     0.0000000000     -0.0000968589     0.0033725242
40     0.0000000000     0.0000000000     -0.0000000000     0.0000000000     -0.0000527355     0.0034054127
41     0.0000000000     0.0000000000     -0.0000000000     0.0000000000     -0.0000249426     0.0034045163
42     0.0000000000     0.0000000000     -0.0000000000     0.0000000000     0.0000013402     0.0033794032
43     0.0000000000     0.0000000000     -0.0000000000     0.0000000000     0.0000404380     0.0033979179
44     0.0000000000     0.0000000000     -0.0000000000     0.0000000000     0.0000691277     0.0034024725
45     0.0000000000     0.0000000000     -0.0000000000     0.0000000000     0.0001010347     0.0033816930
46     0.0000000000     0.0000000000     -0.0000000000     0.0000000000     0.0001442675     0.0033816631
47     0.0000000000     0.0000000000     -0.0000000000     0.0000000000     0.0001709702     0.0033969639
48     0.0000000000     0.0000000000     -0.0000000000     0.0000000000     0.0001962035     0.0033889806
49     0.0000000000     0.0000000000     -0.0000000000     0.0000000000     0.0002428871     0.0033649289
50     0.0000000000     0.0000000000     -0.0000000000     0.0000000000     0.0002778928     0.0033470295
51     0.0000000000     0.0000000000     -0.0000000000     0.0000000000     0.0002746404     0.0033496513
52     0.0000000000     0.0000000000     -0.0000000000     0.0000000000     0.0002719669     0.0033448393
53     0.0000000000     0.0000000000     -0.0000000000     0.0000000000     -0.0003619434     0.0032817233
54     0.0000000000     0.0000000000     -0.0000000000     0.0000000000     -0.0003601733     0.0032907363
55     0.0000000000     0.0000000000     -0.0000000000     0.0000000000     -0.0003613339     0.0032894488
56     0.0000000000     0.0000000000     -0.0000000000     0.0000000000     -0.0003526014     0.0032918739
57     0.0000000000     0.0000000000     -0.0000000000     0.0000000000     -0.0003264962     0.0032753751
58     0.0000000000     0.0000000000     -0.0000000000     0.0000000000     -0.0002891038     0.0032406253
59     0.0000000000     0.0000000000     -0.0000000000     0.0000000000     -0.0002634096     0.0032143939
60     0.0000000000     0.0000000000     -0.0000000000     0.0000000000     -0.0002455539     0.0032034159
61     0.0000000000     0.0000000000     -0.0000000000     0.0000000000     -0.0002212204     0.0031845000
62     0.0000000000     0.0000000000     -0.0000000000     0.0000000000     -0.0001931058     0.0031578768
63     0.0000000000     0.0000000000     -0.0000000000     0.0000000000     -0.0001639705     0.0031619989
64     0.0000000000     0.0000000000     -0.0000000000     0.0000000000     -0.0001363494     0.0031676321
65     0.0000000000     0.0000000000     -0.0000000000     0.0000000000     -0.0000998764     0.0031611544
66     0.0000000000     0.0000000000     -0.0000000000     0.0000000000     -0.0000595015     0.0031630764
67     0.0000000000     0.0000000000     -0.0000000000     0.0000000000     -0.0000332917     0.0031772425
68     0.0000000000     0.0000000000     -0.0000000000     0.0000000000     -0.0000047597     0.0032111286
69     0.0000000000     0.0000000000     -0.0000000000     0.0000000000     0.0000370066     0.0032343748
70     0.0000000000     0.0000000000     -0.0000000000     0.0000000000     0.0000680867     0.0032206208
71     0.0000000000     0.0000000000     -0.0000000000     0.0000000000     0.0000925869     0.0031870914
72     0.0000000000     0.0000000000     -0.0000000000     0.0000000000     0.0001298514     0.0031853136
73     0.0000000000     0.0000000000     -0.0000000000     0.0000000000     0.0001635920     0.0032242316
74     0.0000000000     0.0000000000     -0.0000000000     0.0000000000     0.0001923190     0.0032440904
75     0.0000000000     0.0000000000     -0.0000000000     0.0000000000     0.0002331414     0.0032442640
76     0.0000000000     0.0000000000     -0.0000000000     0.0000000000     0.0002624147     0.0032383121
77     0.0000000000     0.0000000000     -0.0000000000     0.0000000000     0.0002592635     0.0032408263
78     0.0000000000     0.0000000000     -0.0000000000     0.0000000000     0.0002597511     0.0032276407
79     0.0000000000     0.0000000000     -0.0000000000     0.0000000000     -0.0003635390     0.0031001609
80     0.0000000000     0.0000000000     -0.0000000000     0.0000000000     -0.0003631348     0.0031043380
81     0.0000000000     0.0000000000     -0.0000000000     0.0000000000     -0.0003640086     0.0031036622
82     0.0000000000     0.0000000000     -0.0000000000     0.0000000000     -0.0003570274     0.0031039405
83     0.0000000000     0.0000000000     -0.0000000000     0.0000000000     -0.0003302628     0.0030901206
84     0.0000000000     0.0000000000     -0.0000000000     0.0000000000     -0.0002889853     0.0030669242
85     0.0000000000     0.0000000000     -0.0000000000     0.0000000000     -0.0002636375     0.0030608271
86     0.0000000000     0.0000000000     -0.0000000000     0.0000000000     -0.0002464822     0.0030656244
87     0.0000000000     0.0000000000     -0.0000000000     0.0000000000     -0.0002184635     0.0030513771
88     0.0000000000     0.0000000000     -0.0000000000     0.0000000000     -0.0001907215     0.0030298121
89     0.0000000000     0.0000000000     -0.0000000000     0.0000000000     -0.0001627579     0.0030314515
90     0.0000000000     0.0000000000     -0.0000000000     0.0000000000     -0.0001332820     0.0030234155
91     0.0000000000     0.0000000000     -0.0000000000     0.0000000000     -0.0001006033     0.0030043013
92     0.0000000000     0.0000000000     -0.0000000000     0.0000000000     -0.0000643294     0.0029896562
93     0.0000000000     0.0000000000     -0.0000000000     0.0000000000     -0.0000340770     0.0029897182
94     0.0000000000     0.0000000000     -0.0000000000     0.0000000000     -0.0000032361     0.0030292394
95     0.0000000000     0.0000000000     -0.0000000000     0.0000000000     0.0000357357     0.0030462637
96     0.0000000000     0.0000000000     -0.0000000000     0.0000000000     0.0000668614     0.0030350548
97     0.0000000000     0.0000000000     -0.0000000000     0.0000000000     0.0000936657     0.0030300744
98     0.0000000000     0.0000000000     -0.0000000000     0.0000000000     0.0001256038     0.0030394878
99     0.0000000000     0.0000000000     -0.0000000000     0.0000000000     0.0001578845     0.0030520195
100     0.0000000000     0.0000000000     -0.0000000000     0.0000000000     0.0001857575     0.0030648131
101     0.0000000000     0.0000000000     -0.0000000000     0.0000000000     0.0002210127     0.0030695253
102     0.0000000000     0.0000000000     -0.0000000000     0.0000000000     0.0002455247     0.0030603662
103     0.0000000000     0.0000000000     -0.0000000000     0.0000000000     0.0002426231     0.0030627004
104     0.0000000000     0.0000000000     -0.0000000000     0.0000000000     0.0002446156     0.0030541590
105     0.0000000000     0.0000000000     -0.0000000000     0.0000000000     -0.0003613343     0.0029073241
106     0.0000000000     0.0000000000     -0.0000000000     0.0000000000     -0.0003611274     0.0029051638
107     0.0000000000     0.0000000000     -0.0000000000     0.0000000000     -0.0003618798     0.0029054321
108     0.0000000000     0.0000000000     -0.0000000000     0.0000000000     -0.0003564110     0.0029046233
109     0.0000000000     0.0000000000     -0.0000000000     0.0000000000     -0.0003335097     0.0028946858
110     0.0000000000     0.0000000000     -0.0000000000     0.0000000000     -0.0002992823     0.0028884118
111     0.0000000000     0.0000000000     -0.0000000000     0.0000000000     -0.0002719806     0.0028958540
112     0.0000000000     0.0000000000     -0.0000000000     0.0000000000     -0.0002484025     0.0029072232
113     0.0000000000     0.0000000000     -0.0000000000     0.0000000000     -0.0002154561     0.0029080950
114     0.0000000000     0.0000000000     -0.0000000000     0.0000000000     -0.0001834139     0.0029069483
115     0.0000000000     0.0000000000     -0.0000000000     0.0000000000     -0.0001586261     0.0029057069
116     0.0000000000     0.0000000000     -0.0000000000     0.0000000000     -0.0001307464     0.0028872375
117     0.0000000000     0.0000000000     -0.0000000000     0.0000000000     -0.0001002939     0.0028706346
118     0.0000000000     0.0000000000     -0.0000000000     0.0000000000     -0.0000680558     0.0028642491
119     0.0000000000     0.0000000000     -0.0000000000     0.0000000000     -0.0000338080     0.0028630600
120     0.0000000000     0.0000000000     -0.0000000000     0.0000000000     -0.0000008646     0.0028608749
121     0.0000000000     0.0000000000     -0.0000000000     0.0000000000     0.0000342203     0.0028593812
122     0.0000000000     0.0000000000     -0.0000000000     0.0000000000     0.0000632463     0.0028569898
123     0.0000000000     0.0000000000     -0.0000000000     0.0000000000     0.0000923597     0.0028754490
124     0.0000000000     0.0000000000     -0.0000000000     0.0000000000     0.0001259028     0.0029004709
125     0.0000000000     0.0000000000     -0.0000000000     0.0000000000     0.0001523279     0.0028903421
126     0.0000000000     0.0000000000     -0.0000000000     0.0000000000     0.0001773229     0.0028799016
127     0.0000000000     0.0000000000     -0.0000000000     0.0000000000     0.0002080719     0.0028575464
128     0.0000000000     0.0000000000     -0.0000000000     0.0000000000     0.0002297706     0.0028337822
129     0.0000000000     0.0000000000     -0.0000000000     0.0000000000     0.0002271225     0.0028360183
130     0.0000000000     0.0000000000     -0.0000000000     0.0000000000     0.0002306837     0.0028406102
131     0.0000000000     0.0000000000     -0.0000000000     0.0000000000     -0.0003522607     0.0027217148
132     0.0000000000     0.0000000000     -0.0000000000     0.0000000000     -0.0003498775     0.0027153047
133     0.0000000000     0.0000000000     -0.0000000000     0.0000000000     -0.0003509952     0.0027159242
134     0.0000000000     0.0000000000     -0.0000000000     0.0000000000     -0.0003437902     0.0027178794
135     0.0000000000     0.0000000000     -0.0000000000     0.0000000000     -0.0003273182     0.0027246024
136     0.0000000000     0.0000000000     -0.0000000000     0.0000000000     -0.0003048066     0.0027315191
137     0.0000000000     0.0000000000     -0.0000000000     0.0000000000     -0.0002789456     0.0027376955
138     0.0000000000     0.0000000000     -0.0000000000     0.0000000000     -0.0002481174     0.0027425478
139     0.0000000000     0.0000000000     -0.0000000000     0.0000000000     -0.0002126328     0.0027467303
140     0.0000000000     0.0000000000     -0.0000000000     0.0000000000     -0.0001823521     0.0027601912
141     0.0000000000     0.0000000000     -0.0000000000     0.0000000000     -0.0001585511     0.0027640007
142     0.0000000000     0.0000000000     -0.0000000000     0.0000000000     -0.0001290657     0.0027466662
143     0.0000000000     0.0000000000     -0.0000000000     0.0000000000     -0.0000980627     0.0027308996
144     0.0000000000     0.0000000000     -0.0000000000     0.0000000000     -0.0000716718     0.0027235388
145     0.0000000000     0.0000000000     -0.0000000000     0.0000000000     -0.0000372892     0.0027199759
146     0.0000000000     0.0000000000     -0.0000000000     0.0000000000     -0.0000022428     0.0027056284
147     0.0000000000     0.0000000000     -0.0000000000     0.0000000000     0.0000337626     0.0026905006
148     0.0000000000     0.0000000000     -0.0000000000     0.0000000000     0.0000625493     0.0026761702
149     0.0000000000     0.0000000000     -0.0000000000     0.0000000000     0.0000862502     0.0026894216
150     0.0000000000     0.0000000000     -0.0000000000     0.0000000000     0.0001163655     0.0027291849
151     0.0000000000     0.0000000000     -0.0000000000     0.0000000000     0.0001468670     0.0027352322
152     0.0000000000     0.0000000000     -0.0000000000     0.0000000000     0.0001775565     0.0027142585
153     0.0000000000     0.0000000000     -0.0000000000     0.0000000000     0.0002064128     0.0026763668
154     0.0000000000     0.0000000000     -0.0000000000     0.0000000000     0.0002255741     0.0026509129
155     0.0000000000     0.0000000000     -0.0000000000     0.0000000000     0.0002233630     0.0026527598
156     0.0000000000     0.0000000000     -0.0000000000     0.0000000000     0.0002265480     0.0026592094
157     0.0000000000     0.0000000000     -0.0000000000     0.0000000000     -0.0003514592     0.0025569029
158     0.0000000000     0.0000000000     -0.0000000000     0.0000000000     -0.0003485021     0.0025495049
159     0.0000000000     0.0000000000     -0.0000000000     0.0000000000     -0.0003499654     0.0025498806
160     0.0000000000     0.0000000000     -0.0000000000     0.0000000000     -0.0003393429     0.0025545415
161     0.0000000000     0.0000000000     -0.0000000000     0.0000000000     -0.0003196496     0.0025812111
162     0.0000000000     0.0000000000     -0.0000000000     0.0000000000     -0.0002978972     0.0025933307
163     0.0000000000     0.0000000000     -0.0000000000     0.0000000000     -0.0002737413     0.0025914320
164     0.0000000000     0.0000000000     -0.0000000000     0.0000000000     -0.0002460492     0.0025860501
165     0.0000000000     0.0000000000     -0.0000000000     0.0000000000     -0.0002162441     0.0025951268
166     0.0000000000     0.0000000000     -0.0000000000     0.0000000000     -0.0001918667     0.0026174936
167     0.0000000000     0.0000000000     -0.0000000000     0.0000000000     -0.0001658146     0.0026119721
168     0.0000000000     0.0000000000     -0.0000000000     0.0000000000     -0.0001317816     0.0025898702
169     0.0000000000     0.0000000000     -0.0000000000     0.0000000000     -0.0000988973     0.0025706190
170     0.0000000000     0.0000000000     -0.0000000000     0.0000000000     -0.0000747695     0.0025693232
171     0.0000000000     0.0000000000     -0.0000000000     0.0000000000     -0.0000419085     0.0025593129
172     0.0000000000     0.0000000000     -0.0000000000     0.0000000000     -0.0000062005     0.0025452296
173     0.0000000000     0.0000000000     -0.0000000000     0.0000000000     0.0000308493     0.0025409641
174     0.0000000000     0.0000000000     -0.0000000000     0.0000000000     0.0000647825     0.0025221537
175     0.0000000000     0.0000000000     -0.0000000000     0.0000000000     0.0000860054     0.0025288133
176     0.0000000000     0.0000000000     -0.0000000000     0.0000000000     0.0001123141     0.0025581479
177     0.0000000000     0.0000000000     -0.0000000000     0.0000000000     0.0001485192     0.0025663536
178     0.0000000000     0.0000000000     -0.0000000000     0.0000000000     0.0001835771     0.0025419385
179     0.0000000000     0.0000000000     -0.0000000000     0.0000000000     0.0002147145     0.0025159060
180     0.0000000000     0.0000000000     -0.0000000000     0.0000000000     0.0002370890     0.0025134262
181     0.0000000000     0.0000000000     -0.0000000000     0.0000000000     0.0002350961     0.0025135996
182     0.0000000000     0.0000000000     -0.0000000000     0.0000000000     0.0002346367     0.0025121162
183     0.0000000000     0.0000000000     -0.0000000000     0.0000000000     -0.0003666458     0.0024275391
184     0.0000000000     0.0000000000     -0.0000000000     0.0000000000     -0.0003670876     0.0024239280
185     0.0000000000     0.0000000000     -0.0000000000     0.0000000000     -0.0003682178     0.0024235878
186     0.0000000000     0.0000000000     -0.0000000000     0.0000000000     -0.0003585123     0.0024303390
187     0.0000000000     0.0000000000     -0.0000000000     0.0000000000     -0.0003272814     0.0024584070
188     0.0000000000     0.0000000000     -0.0000000000     0.0000000000     -0.0002963960     0.0024653725
189     0.0000000000     0.0000000000     -0.0000000000     0.0000000000     -0.0002712438     0.0024477526
190     0.0000000000     0.0000000000     -0.0000000000     0.0000000000     -0.0002514976     0.0024410921
191     0.0000000000     0.0000000000     -0.0000000000     0.0000000000     -0.0002241209     0.0024612946
192     0.0000000000     0.0000000000     -0.0000000000     0.0000000000     -0.0001944501     0.0024670518
193     0.0000000000     0.0000000000     -0.0000000000     0.0000000000     -0.0001663129     0.0024290589
194     0.0000000000     0.0000000000     -0.0000000000     0.0000000000     -0.0001315628     0.0023980235
195     0.0000000000     0.0000000000     -0.0000000000     0.0000000000     -0.0001014148     0.0023858045
196     0.0000000000     0.0000000000     -0.0000000000     0.0000000000     -0.0000757911     0.0024008105
197     0.0000000000     0.0000000000     -0.0000000000     0.0000000000     -0.0000450500     0.0024063544
198     0.0000000000     0.0000000000     -0.0000000000     0.0000000000     -0.0000128213     0.0023998944
199     0.0000000000     0.0000000000     -0.0000000000     0.0000000000     0.0000203780     0.0024053656
200     0.0000000000     0.0000000000     -0.0000000000     0.0000000000     0.0000563994     0.0024087068
201     0.0000000000     0.0000000000     -0.0000000000     0.0000000000     0.0000848532     0.0024150135
202     0.0000000000     0.0000000000     -0.0000000000     0.0000000000     0.0001132272     0.0024000128
203     0.0000000000     0.0000000000     -0.0000000000     0.0000000000     0.0001472070     0.0023765018
204     0.0000000000     0.0000000000     -0.0000000000     0.0000000000     0.0001810492     0.0023461892
205     0.0000000000     0.0000000000     -0.0000000000     0.0000000000     0.0002122909     0.0023324382
206     0.0000000000     0.0000000000     -0.0000000000     0.0000000000     0.0002335133     0.0023470501
207     0.0000000000     0.0000000000     -0.0000000000     0.0000000000     0.0002316238     0.0023450754
208     0.0000000000     0.0000000000     -0.0000000000     0.0000000000     0.0002307620     0.0023471856
209     0.0000000000     0.0000000000     -0.0000000000     0.0000000000     -0.0003785209     0.0023173682
210     0.0000000000     0.0000000000     -0.0000000000     0.0000000000     -0.0003831412     0.0023221348
211     0.0000000000     0.0000000000     -0.0000000000     0.0000000000     -0.0003837972     0.0023213960
212     0.0000000000     0.0000000000     -0.0000000000     0.0000000000     -0.0003752502     0.0023240274
213     0.0000000000     0.0000000000     -0.0000000000     0.0000000000     -0.0003423391     0.0023356735
214     0.0000000000     0.0000000000     -0.0000000000     0.0000000000     -0.0003092225     0.0023431237
215     0.0000000000     0.0000000000     -0.0000000000     0.0000000000     -0.0002796518     0.0023270381
216     0.0000000000     0.0000000000     -0.0000000000     0.0000000000     -0.0002554152     0.0023186184
217     0.0000000000     0.0000000000     -0.0000000000     0.0000000000     -0.0002230418     0.0023252857
218     0.0000000000     0.0000000000     -0.0000000000     0.0000000000     -0.0001855131     0.0023097519
219     0.0000000000     0.0000000000     -0.0000000000     0.0000000000     -0.0001568898     0.0022647022
220     0.0000000000     0.0000000000     -0.0000000000     0.0000000000     -0.0001247427     0.0022363161
221     0.0000000000     0.0000000000     -0.0000000000     0.0000000000     -0.0000960329     0.0022340624
222     0.0000000000     0.0000000000     -0.0000000000     0.0000000000     -0.0000705049     0.0022289284
223     0.0000000000     0.0000000000     -0.0000000000     0.0000000000     -0.0000399347     0.0022452215
224     0.0000000000     0.0000000000     -0.0000000000     0.0000000000     -0.0000103839     0.0022548174
225     0.0000000000     0.0000000000     -0.0000000000     0.0000000000     0.0000182478     0.0022496754
226     0.0000000000     0.0000000000     -0.0000000000     0.0000000000     0.0000468683     0.0022604346
227     0.0000000000     0.0000000000     -0.0000000000     0.0000000000     0.0000767045     0.0022589517
228     0.0000000000     0.0000000000     -0.0000000000     0.0000000000     0.0001096267     0.0022184310
229     0.0000000000     0.0000000000     -0.0000000000     0.0000000000     0.0001410892     0.0021814574
230     0.0000000000     0.0000000000     -0.0000000000     0.0000000000     0.0001682327     0.0021717756
231     0.0000000000     0.0000000000     -0.0000000000     0.0000000000     0.0001943341     0.0021746523
232     0.0000000000     0.0000000000     -0.0000000000     0.0000000000     0.0002107307     0.0021907893
233     0.0000000000     0.0000000000     -0.0000000000     0.0000000000     0.0002084195     0.0021888009
234     0.0000000000     0.0000000000     -0.0000000000     0.0000000000     0.0002113139     0.0021930941
235     0.0000000000     0.0000000000     -0.0000000000     0.0000000000     -0.0003677294     0.0021884670
236     0.0000000000     0.0000000000     -0.0000000000     0.0000000000     -0.0003690879     0.0021977614
237     0.0000000000     0.0000000000     -0.0000000000     0.0000000000     -0.0003701033     0.0021974937
238     0.0000000000     0.0000000000     -0.0000000000     0.0000000000     -0.0003617156     0.0021933873
239     0.0000000000     0.0000000000     -0.0000000000     0.0000000000     -0.0003366405     0.0021835935
240     0.0000000000     0.0000000000     -0.0000000000     0.0000000000     -0.0003082546     0.0021880870
241     0.0000000000     0.0000000000     -0.0000000000     0.0000000000     -0.0002745556     0.0021874073
242     0.0000000000     0.0000000000     -0.0000000000     0.0000000000     -0.0002431392     0.0021821114
243     0.0000000000     0.0000000000     -0.0000000000     0.0000000000     -0.0002119390     0.0021738473
244     0.0000000000     0.0000000000     -0.0000000000     0.0000000000     -0.0001702800     0.0021535396
245     0.0000000000     0.0000000000     -0.0000000000     0.0000000000     -0.0001364595     0.0021286441
246     0.0000000000     0.0000000000     -0.0000000000     0.0000000000     -0.0001093133     0.0021101627
247     0.0000000000     0.0000000000     -0.0000000000     0.0000000000     -0.0000836865     0.0021119949
248     0.0000000000     0.0000000000     -0.0000000000     0.0000000000     -0.0000589424     0.0020959596
249     0.0000000000     0.0000000000     -0.0000000000     0.0000000000     -0.0000276192     0.0020702927
250     0.0000000000     0.0000000000     -0.0000000000     0.0000000000     0.0000040456     0.0020722918
251     0.0000000000     0.0000000000     -0.0000000000     0.0000000000     0.0000299463     0.0020739176
252     0.0000000000     0.0000000000     -0.0000000000     0.0000000000     0.0000527686     0.0020837658
253     0.0000000000     0.0000000000     -0.0000000000     0.0000000000     0.0000754883     0.0020723847
254     0.0000000000     0.0000000000     -0.0000000000     0.0000000000     0.0001103097     0.0020429265
255     0.0000000000     0.0000000000     -0.0000000000     0.0000000000     0.0001413540     0.0020330150
256     0.0000000000     0.0000000000     -0.0000000000     0.0000000000     0.0001599301     0.0020594028
257     0.0000000000     0.0000000000     -0.0000000000     0.0000000000     0.0001804557     0.0020740908
258     0.0000000000     0.0000000000     -0.0000000000     0.0000000000     0.0001964412     0.0020730072
259     0.0000000000     0.0000000000     -0.0000000000     0.0000000000     0.0001936772     0.0020739440
260     0.0000000000     0.0000000000     -0.0000000000     0.0000000000     0.0001999471     0.0020693930
261     0.0000000000     0.0000000000     -0.0000000000     0.0000000000     -0.0003436706     0.0020224644
262     0.0000000000     0.0000000000     -0.0000000000     0.0000000000     -0.0003397399     0.0020283442
263     0.0000000000     0.0000000000     -0.0000000000     0.0000000000     -0.0003416512     0.0020288390
264     0.0000000000     0.0000000000     -0.0000000000     0.0000000000     -0.0003317257     0.0020191651
265     0.0000000000     0.0000000000     -0.0000000000     0.0000000000     -0.0003131431     0.0019954954
266     0.0000000000     0.0000000000     -0.0000000000     0.0000000000     -0.0002905206     0.0019926533
267     0.0000000000     0.0000000000     -0.0000000000     0.0000000000     -0.0002578528     0.0019997801
268     0.0000000000     0.0000000000     -0.0000000000     0.0000000000     -0.0002278171     0.0020025633
269     0.0000000000     0.0000000000     -0.0000000000     0.0000000000     -0.0001993370     0.0019864304
270     0.0000000000     0.0000000000     -0.0000000000     0.0000000000     -0.0001560991     0.0019596481
271     0.0000000000     0.0000000000     -0.0000000000     0.0000000000     -0.0001201443     0.0019637833
272     0.0000000000     0.0000000000     -0.0000000000     0.0000000000     -0.0000982546     0.0019704846
273     0.0000000000     0.0000000000     -0.0000000000     0.0000000000     -0.0000758112     0.0019717771
274     0.0000000000     0.0000000000     -0.0000000000     0.0000000000     -0.0000458227     0.0019564675
275     0.0000000000     0.0000000000     -0.0000000000     0.0000000000     -0.0000134889     0.0019111030
276     0.0000000000     0.0000000000     -0.0000000000     0.0000000000     0.0000163835     0.0019034842
277     0.0000000000     0.0000000000     -0.0000000000     0.0000000000     0.0000483294     0.0019178339
278     0.0000000000     0.0000000000     -0.0000000000     0.0000000000     0.0000743891     0.0019231145
279     0.0000000000     0.0000000000     -0.0000000000     0.0000000000     0.0000940474     0.0019054512
280     0.0000000000     0.0000000000     -0.0000000000     0.0000000000     0.0001274811     0.0018955620
281     0.0000000000     0.0000000000     -0.0000000000     0.0000000000     0.0001548246     0.0019143561
282     0.0000000000     0.0000000000     -0.0000000000     0.0000000000     0.0001722741     0.0019415265
283     0.0000000000     0.0000000000     -0.0000000000     0.0000000000     0.0001977895     0.0019342271
284     0.0000000000     0.0000000000     -0.0000000000     0.0000000000     0.0002168058     0.0019154790
285     0.0000000000     0.0000000000     -0.0000000000     0.0000000000     0.0002141581     0.0019181921
286     0.0000000000     0.0000000000     -0.0000000000     0.0000000000     0.0002189252     0.0019143247
287     0.0000000000     0.0000000000     -0.0000000000     0.0000000000     -0.0003289386     0.0018320169
288     0.0000000000     0.0000000000     -0.0000000000     0.0000000000     -0.0003233184     0.0018286625
289     0.0000000000     0.0000000000     -0.0000000000     0.0000000000     -0.0003260132     0.0018290498
290     0.0000000000     0.0000000000     -0.0000000000     0.0000000000     -0.0003114375     0.0018275514
291     0.0000000000     0.0000000000     -0.0000000000     0.0000000000     -0.0002894889     0.0018189068
292     0.0000000000     0.0000000000     -0.0000000000     0.0000000000     -0.0002724923     0.0018090048
293     0.0000000000     0.0000000000     -0.0000000000     0.0000000000     -0.0002477195     0.0018138147
294     0.0000000000     0.0000000000     -0.0000000000     0.0000000000     -0.0002203409     0.0018126606
295     0.0000000000     0.0000000000     -0.0000000000     0.0000000000     -0.0001877250     0.0017806011
296     0.0000000000     0.0000000000     -0.0000000000     0.0000000000     -0.0001512152     0.0017578400
297     0.0000000000     0.0000000000     -0.0000000000     0.0000000000     -0.0001211442     0.0017882495
298     0.0000000000     0.0000000000     -0.0000000000     0.0000000000     -0.0000962112     0.0018260164
299     0.0000000000     0.0000000000     -0.0000000000     0.0000000000     -0.0000702162     0.0018200405
300     0.0000000000     0.0000000000     -0.0000000000     0.0000000000     -0.0000361472     0.0018025114
301     0.0000000000     0.0000000000     -0.0000000000     0.0000000000     -0.0000039219     0.0017820342
302     0.0000000000     0.0000000000     -0.0000000000     0.0000000000     0.0000284499     0.0017723976
303     0.0000000000     0.0000000000     -0.0000000000     0.0000000000     0.0000678040     0.0017667095
304     0.0000000000     0.0000000000     -0.0000000000     0.0000000000     0.0000995004     0.0017592664
305     0.0000000000     0.0000000000     -0.0000000000     0.0000000000     0.0001217870     0.0017480974
306     0.0000000000     0.0000000000     -0.0000000000     0.0000000000     0.0001508654     0.0017502941
307     0.0000000000     0.0000000000     -0.0000000000     0.0000000000     0.0001775090     0.0017708523
308     0.0000000000     0.0000000000     -0.0000000000     0.0000000000     0.0002044885     0.0017720929
309     0.0000000000     0.0000000000     -0.0000000000     0.0000000000     0.0002359720     0.0017451446
310     0.0000000000     0.0000000000     -0.0000000000     0.0000000000     0.0002553072     0.0017294384
311     0.0000000000     0.0000000000     -0.0000000000     0.0000000000     0.0002532613     0.0017316106
312     0.0000000000     0.0000000000     -0.0000000000     0.0000000000     0.0002541670     0.0017364155
313     0.0000000000     0.0000000000     -0.0000000000     0.0000000000     -0.0003331693     0.0016556277
314     0.0000000000     0.0000000000     -0.0000000000     0.0000000000     -0.0003295101     0.0016465087
315     0.0000000000     0.0000000000     -0.0000000000     0.0000000000     -0.0003322154     0.0016455793
316     0.0000000000     0.0000000000     -0.0000000000     0.0000000000     -0.0003150064     0.0016624818
317     0.0000000000     0.0000000000     -0.0000000000     0.0000000000     -0.0002792716     0.0017023971
318     0.0000000000     0.0000000000     -0.0000000000     0.0000000000     -0.0002607707     0.0016955678
319     0.0000000000     0.0000000000     -0.0000000000     0.0000000000     -0.0002407276     0.0016743320
320     0.0000000000     0.0000000000     -0.0000000000     0.0000000000     -0.0002123164     0.0016511147
321     0.0000000000     0.0000000000     -0.0000000000     0.0000000000     -0.0001820035     0.0016138431
322     0.0000000000     0.0000000000     -0.0000000000     0.0000000000     -0.0001523834     0.0016036900
323     0.0000000000     0.0000000000     -0.0000000000     0.0000000000     -0.0001261035     0.0016267722
324     0.0000000000     0.0000000000     -0.0000000000     0.0000000000     -0.0000938187     0.0016607164
325     0.0000000000     0.0000000000     -0.0000000000     0.0000000000     -0.0000601275     0.0016652073
326     0.0000000000     0.0000000000     -0.0000000000     0.0000000000     -0.0000280268     0.0016531817
327     0.0000000000     0.0000000000     -0.0000000000     0.0000000000     0.0000060429     0.0016503698
328     0.0000000000     0.0000000000     -0.0000000000     0.0000000000     0.0000453880     0.0016358536
329     0.0000000000     0.0000000000     -0.0000000000     0.0000000000     0.0000838336     0.0016058090
330     0.0000000000     0.0000000000     -0.0000000000     0.0000000000     0.0001133615     0.0015980834
331     0.0000000000     0.0000000000     -0.0000000000     0.0000000000     0.0001383185     0.0016071980
332     0.0000000000     0.0000000000     -0.0000000000     0.0000000000     0.0001684704     0.0016289992
333     0.0000000000     0.0000000000     -0.0000000000     0.0000000000     0.0002040547     0.0016430869
334     0.0000000000     0.0000000000     -0.0000000000     0.0000000000     0.0002388303     0.0016254553
335     0.0000000000     0.0000000000     -0.0000000000     0.0000000000     0.0002706461     0.0015948096
336     0.0000000000     0.0000000000     -0.0000000000     0.0000000000     0.0002904871     0.0015816013
337     0.0000000000     0.0000000000     -0.0000000000     0.0000000000     0.0002890142     0.0015833486
338     0.0000000000     0.0000000000     -0.0000000000     0.0000000000     0.0002858748     0.0015897046
339     0.0000000000     0.0000000000     -0.0000000000     0.0000000000     -0.0003491653     0.0015170624
340     0.0000000000     0.0000000000     -0.0000000000     0.0000000000     -0.0003494356     0.0015138386
341     0.0000000000     0.0000000000     -0.0000000000     0.0000000000     -0.0003514891     0.0015119424
342     0.0000000000     0.0000000000     -0.0000000000     0.0000000000     -0.0003363153     0.0015294987
343     0.0000000000     0.0000000000     -0.0000000000     0.0000000000     -0.0002933416     0.0015741308
344     0.0000000000     0.0000000000     -0.0000000000     0.0000000000     -0.0002627116     0.0015709346
345     0.0000000000     0.0000000000     -0.0000000000     0.0000000000     -0.0002375700     0.0015390775
346     0.0000000000     0.0000000000     -0.0000000000     0.0000000000     -0.0002079217     0.0015181164
347     0.0000000000     0.0000000000     -0.0000000000     0.0000000000     -0.0001813487     0.0015043848
348     0.0000000000     0.0000000000     -0.0000000000     0.0000000000     -0.0001520903     0.0014980712
349     0.0000000000     0.0000000000     -0.0000000000     0.0000000000     -0.0001216183     0.0014900712
350     0.0000000000     0.0000000000     -0.0000000000     0.0000000000     -0.0000865680     0.0014960058
351     0.0000000000     0.0000000000     -0.0000000000     0.0000000000     -0.0000480454     0.0014960644
352     0.0000000000     0.0000000000     -0.0000000000     0.0000000000     -0.0000164713     0.0014769205
353     0.0000000000     0.0000000000     -0.0000000000     0.0000000000     0.0000181951     0.0014820536
354     0.0000000000     0.0000000000     -0.0000000000     0.0000000000     0.0000545949     0.0014803931
355     0.0000000000     0.0000000000     -0.0000000000     0.0000000000     0.0000859627     0.0014632380
356     0.0000000000     0.0000000000     -0.0000000000     0.0000000000     0.0001110805     0.0014727273
357     0.0000000000     0.0000000000     -0.0000000000     0.0000000000     0.0001381579     0.0014943091
358     0.0000000000     0.0000000000     -0.0000000000     0.0000000000     0.0001746647     0.0015145609
359     0.0000000000     0.0000000000     -0.0000000000     0.0000000000     0.0002183623     0.0015163112
360     0.0000000000     0.0000000000     -0.0000000000     0.0000000000     0.0002533557     0.0015086348
361     0.0000000000     0.0000000000     -0.0000000000     0.0000000000     0.0002842563     0.0014919884
362     0.0000000000     0.0000000000     -0.0000000000     0.0000000000     0.0003037052     0.0014804242
363     0.0000000000     0.0000000000     -0.0000000000     0.0000000000     0.0003024813     0.0014825438
364     0.0000000000     0.0000000000     -0.0000000000     0.0000000000     0.0002983584     0.0014799192
365     0.0000000000     0.0000000000     -0.0000000000     0.0000000000     -0.0003569458     0.0013952217
366     0.0000000000     0.0000000000     -0.0000000000     0.0000000000     -0.0003588962     0.0013972957
367     0.0000000000     0.0000000000     -0.0000000000     0.0000000000     -0.0003604053     0.0013962110
368     0.0000000000     0.0000000000     -0.0000000000     0.0000000000     -0.0003470515     0.0014029726
369     0.0000000000     0.0000000000     -0.0000000000     0.0000000000     -0.0003082514     0.0014035920
370     0.0000000000     0.0000000000     -0.0000000000     0.0000000000     -0.0002729357     0.0013899982
371     0.0000000000     0.0000000000     -0.0000000000     0.0000000000     -0.0002420058     0.0013795096
372     0.0000000000     0.0000000000     -0.0000000000     0.0000000000     -0.0002086584     0.0013761448
373     0.0000000000     0.0000000000     -0.0000000000     0.0000000000     -0.0001777469     0.0013746165
374     0.0000000000     0.0000000000     -0.0000000000     0.0000000000     -0.0001444069     0.0013652421
375     0.0000000000     0.0000000000     -0.0000000000     0.0000000000     -0.0001133685     0.0013479771
376     0.0000000000     0.0000000000     -0.0000000000     0.0000000000     -0.0000770209     0.0013333642
377     0.0000000000     0.0000000000     -0.0000000000     0.0000000000     -0.0000343204     0.0013162136
378     0.0000000000     0.0000000000     -0.0000000000     0.0000000000     -0.0000062179     0.0012921188
379     0.0000000000     0.0000000000     -0.0000000000     0.0000000000     0.0000196804     0.0012962606
380     0.0000000000     0.0000000000     -0.0000000000     0.0000000000     0.0000487886     0.0013194001
381     0.0000000000     0.0000000000     -0.0000000000     0.0000000000     0.0000790302     0.0013357193
382     0.0000000000     0.0000000000     -0.0000000000     0.0000000000     0.0001043422     0.0013491710
383     0.0000000000     0.0000000000     -0.0000000000     0.0000000000     0.0001318147     0.0013547248
384     0.0000000000     0.0000000000     -0.0000000000     0.0000000000     0.0001711539     0.0013502937
385     0.0000000000     0.0000000000     -0.0000000000     0.0000000000     0.0002133593     0.0013366609
386     0.0000000000     0.0000000000     -0.0000000000     0.0000000000     0.0002472864     0.0013430705
387     0.0000000000     0.0000000000     -0.0000000000     0.0000000000     0.0002765983     0.0013609011
388     0.0000000000     0.0000000000     -0.0000000000     0.0000000000     0.0002923644     0.0013672972
389     0.0000000000     0.0000000000     -0.0000000000     0.0000000000     0.0002912055     0.0013680606
390     0.0000000000     0.0000000000     -0.0000000000     0.0000000000     0.0002887689     0.0013612736
391     0.0000000000     0.0000000000     -16.9789045343     0.0000000000     -0.0003532250     0.0012587204
392     0.0000000000     0.0000000000     -16.9789045343     0.0000000000     -0.0003552605     0.0012546918
393     0.0000000000     0.0000000000     -16.9789045343     0.0000000000     -0.0003565127     0.0012558505
394     0.0000000000     0.0000000000     -16.9789045343     0.0000000000     -0.0003429656     0.0012514485
395     0.0000000000     0.0000000000     -16.9789045343     0.0000000000     -0.0003084997     0.0012295775
396     0.0000000000     0.0000000000     -16.9789045343     0.0000000000     -0.0002763361     0.0012096709
397     0.0000000000     0.0000000000     -16.9789045343     0.0000000000     -0.0002417614     0.0012120075
398     0.0000000000     0.0000000000     -16.9789045343     0.0000000000     -0.0001946382     0.0012219373
399     0.0000000000     0.0000000000     -16.9789045343     0.0000000000     -0.0001577541     0.0012193641
400     0.0000000000     0.0000000000     -16.9789045343     0.0000000000     -0.0001324297     0.0012008547
401     0.0000000000     0.0000000000     -16.9789045343     0.0000000000     -0.0001065292     0.0011822341
402     0.0000000000     0.0000000000     -16.9789045343     0.0000000000     -0.0000733981     0.0011531736
403     0.0000000000     0.0000000000     -16.9789045343     0.0000000000     -0.0000327402     0.0011291171
404     0.0000000000     0.0000000000     -16.9789045343     0.0000000000     -0.0000050910     0.0011190393
405     0.0000000000     0.0000000000     -16.9789045343     0.0000000000     0.0000155635     0.0011207099
406     0.0000000000     0.0000000000     -16.9789045343     0.0000000000     0.0000428147     0.0011511866
407     0.0000000000     0.0000000000     -16.9789045343     0.0000000000     0.0000758512     0.0011872164
408     0.0000000000     0.0000000000     -16.9789045343     0.0000000000     0.0001018222     0.0012034916
409     0.0000000000     0.0000000000     -16.9789045343     0.0000000000     0.0001275833     0.0011862982
410     0.0000000000     0.0000000000     -16.9789045343     0.0000000000     0.0001619093     0.0011609082
411     0.0000000000     0.0000000000     -16.9789045343     0.0000000000     0.0001957704     0.0011418402
412     0.0000000000     0.0000000000     -16.9789045343     0.0000000000     0.0002258172     0.0011539147
413     0.0000000000     0.0000000000     -16.9789045343     0.0000000000     0.0002512816     0.0011953478
414     0.0000000000     0.0000000000     -16.9789045343     0.0000000000     0.0002658358     0.0012173794
415     0.0000000000     0.0000000000     -16.9789045343     0.0000000000     0.0002644678     0.0012164370
416     0.0000000000     0.0000000000     -16.9789045343     0.0000000000     0.0002644033     0.0012133535
