1     0.0000000000     0.0000000000     20.1902170641     0.0000000000     -0.0004118847     0.0042854381
2     0.0000000000     0.0000000000     20.1902170641     0.0000000000     -0.0004143258     0.0042939859
3     0.0000000000     0.0000000000     20.1902170641     0.0000000000     -0.0004151169     0.0042944237
4     0.0000000000     0.0000000000     20.1902170641     0.0000000000     -0.0004075869     0.0042873988
5     0.0000000000     0.0000000000     20.1902170641     0.0000000000     -0.0003747213     0.0042596600
6     0.0000000000     0.0000000000     20.1902170641     0.0000000000     -0.0003199474     0.0042450697
7     0.0000000000     0.0000000000     20.1902170641     0.0000000000     -0.0002802988     0.0042440476
8     0.0000000000     0.0000000000     20.1902170641     0.0000000000     -0.0002575861     0.0042559840
9     0.0000000000     0.0000000000     20.1902170641     0.0000000000     -0.0002257554     0.0042696285
10     0.0000000000     0.0000000000     20.1902170641     0.0000000000     -0.0001934960     0.0042816756
11     0.0000000000     0.0000000000     20.1902170641     0.0000000000     -0.0001676961     0.0042955654
12     0.0000000000     0.0000000000     20.1902170641     0.0000000000     -0.0001375485     0.0043167923
13     0.0000000000     0.0000000000     20.1902170641     0.0000000000     -0.0001008627     0.0043579659
14     0.0000000000     0.0000000000     20.1902170641     0.0000000000     -0.0000599177     0.0043824424
15     0.0000000000     0.0000000000     20.1902170641     0.0000000000     -0.0000248520     0.0043385362
16     0.0000000000     0.0000000000     20.1902170641     0.0000000000     0.0000089770     0.0042859456
17     0.0000000000     0.0000000000     20.1902170641     0.0000000000     0.0000454346     0.0042872625
18     0.0000000000     0.0000000000     20.1902170641     0.0000000000     0.0000733365     0.0043000647
19     0.0000000000     0.0000000000     20.1902170641     0.0000000000     0.0001166304     0.0043201484
20     0.0000000000     0.0000000000     20.1902170641     0.0000000000     0.0001627420     0.0043394300
21     0.0000000000     0.0000000000     20.1902170641     0.0000000000     0.0001845606     0.0043281983
22     0.0000000000     0.0000000000     20.1902170641     0.0000000000     0.0002050973     0.0043003375
23     0.0000000000     0.0000000000     20.1902170641     0.0000000000     0.0002508488     0.0042603640
24     0.0000000000     0.0000000000     20.1902170641     0.0000000000     0.0002878078     0.0042258998
25     0.0000000000     0.0000000000     20.1902170641     0.0000000000     0.0002839682     0.0042286936
26     0.0000000000     0.0000000000     20.1902170641     0.0000000000     0.0002821295     0.0042310519
27     0.0000000000     0.0000000000     -0.0000000000     0.0000000000     -0.0004007009     0.0041576007
28     0.0000000000     0.0000000000     -0.0000000000     0.0000000000     -0.0004008081     0.0041720625
29     0.0000000000     0.0000000000     -0.0000000000     0.0000000000     -0.0004019036     0.0041714800
30     0.0000000000     0.0000000000     -0.0000000000     0.0000000000     -0.0003924522     0.0041651715
31     0.0000000000     0.0000000000     -0.0000000000     0.0000000000     -0.0003626492     0.0041270020
32     0.0000000000     0.0000000000     -0.0000000000     0.0000000000     -0.0003173148     0.0040950698
33     0.0000000000     0.0000000000     -0.0000000000     0.0000000000     -0.0002830936     0.0040728105
34     0.0000000000     0.0000000000     -0.0000000000     0.0000000000     -0.0002644109     0.0040623493
35     0.0000000000     0.0000000000     -0.0000000000     0.0000000000     -0.0002377046     0.0040532880
36     0.0000000000     0.0000000000     -0.0000000000     0.0000000000     -0.0002040570     0.0040406072
37     0.0000000000     0.0000000000     -0.0000000000     0.0000000000     -0.0001768466     0.0040502269
38     0.0000000000     0.0000000000     -0.0000000000     0.0000000000     -0.0001496260     0.0040734397
39     0.0000000000     0.0000000000     -0.0000000000     0.0000000000     -0.0001085485     0.0041023022
40     0.0000000000     0.0000000000     -0.0000000000     0.0000000000     -0.0000601296     0.0041302698
41     0.0000000000     0.0000000000     -0.0000000000     0.0000000000     -0.0000297086     0.0041196456
42     0.0000000000     0.0000000000     -0.0000000000     0.0000000000     -0.0000003910     0.0040952896
43     0.0000000000     0.0000000000     -0.0000000000     0.0000000000     0.0000445549     0.0041210244
44     0.0000000000     0.0000000000     -0.0000000000     0.0000000000     0.0000745247     0.0041299506
45     0.0000000000     0.0000000000     -0.0000000000     0.0000000000     0.0001066823     0.0041119710
46     0.0000000000     0.0000000000     -0.0000000000     0.0000000000     0.0001527734     0.0041170432
47     0.0000000000     0.0000000000     -0.0000000000     0.0000000000     0.0001807535     0.0041403142
48     0.0000000000     0.0000000000     -0.0000000000     0.0000000000     0.0002069438     0.0041380459
49     0.0000000000     0.0000000000     -0.0000000000     0.0000000000     0.0002597256     0.0041109070
50     0.0000000000     0.0000000000     -0.0000000000     0.0000000000     0.0002986390     0.0040900469
51     0.0000000000     0.0000000000     -0.0000000000     0.0000000000     0.0002948162     0.0040935600
52     0.0000000000     0.0000000000     -0.0000000000     0.0000000000     0.0002919032     0.0040864676
53     0.0000000000     0.0000000000     -0.0000000000     0.0000000000     -0.0003906324     0.0039792910
54     0.0000000000     0.0000000000     -0.0000000000     0.0000000000     -0.0003889764     0.0039921023
55     0.0000000000     0.0000000000     -0.0000000000     0.0000000000     -0.0003901168     0.0039911063
56     0.0000000000     0.0000000000     -0.0000000000     0.0000000000     -0.0003814145     0.0039901869
57     0.0000000000     0.0000000000     -0.0000000000     0.0000000000     -0.0003541443     0.0039617247
58     0.0000000000     0.0000000000     -0.0000000000     0.0000000000     -0.0003127635     0.0039180296
59     0.0000000000     0.0000000000     -0.0000000000     0.0000000000     -0.0002857154     0.0038888847
60     0.0000000000     0.0000000000     -0.0000000000     0.0000000000     -0.0002688252     0.0038804438
61     0.0000000000     0.0000000000     -0.0000000000     0.0000000000     -0.0002429094     0.0038601120
62     0.0000000000     0.0000000000     -0.0000000000     0.0000000000     -0.0002108863     0.0038330203
63     0.0000000000     0.0000000000     -0.0000000000     0.0000000000     -0.0001797672     0.0038396361
64     0.0000000000     0.0000000000     -0.0000000000     0.0000000000     -0.0001506005     0.0038471194
65     0.0000000000     0.0000000000     -0.0000000000     0.0000000000     -0.0001117637     0.0038452809
66     0.0000000000     0.0000000000     -0.0000000000     0.0000000000     -0.0000674364     0.0038479320
67     0.0000000000     0.0000000000     -0.0000000000     0.0000000000     -0.0000388376     0.0038546029
68     0.0000000000     0.0000000000     -0.0000000000     0.0000000000     -0.0000081689     0.0038876003
69     0.0000000000     0.0000000000     -0.0000000000     0.0000000000     0.0000388498     0.0039202112
70     0.0000000000     0.0000000000     -0.0000000000     0.0000000000     0.0000715824     0.0039119786
71     0.0000000000     0.0000000000     -0.0000000000     0.0000000000     0.0000960211     0.0038800479
72     0.0000000000     0.0000000000     -0.0000000000     0.0000000000     0.0001353843     0.0038811993
73     0.0000000000     0.0000000000     -0.0000000000     0.0000000000     0.0001704421     0.0039257174
74     0.0000000000     0.0000000000     -0.0000000000     0.0000000000     0.0001998255     0.0039501182
75     0.0000000000     0.0000000000     -0.0000000000     0.0000000000     0.0002453904     0.0039491825
76     0.0000000000     0.0000000000     -0.0000000000     0.0000000000     0.0002778123     0.0039399118
77     0.0000000000     0.0000000000     -0.0000000000     0.0000000000     0.0002740983     0.0039433719
78     0.0000000000     0.0000000000     -0.0000000000     0.0000000000     0.0002749347     0.0039281383
79     0.0000000000     0.0000000000     -0.0000000000     0.0000000000     -0.0003877079     0.0037599314
80     0.0000000000     0.0000000000     -0.0000000000     0.0000000000     -0.0003865715     0.0037676110
81     0.0000000000     0.0000000000     -0.0000000000     0.0000000000     -0.0003874240     0.0037670400
82     0.0000000000     0.0000000000     -0.0000000000     0.0000000000     -0.0003810272     0.0037654281
83     0.0000000000     0.0000000000     -0.0000000000     0.0000000000     -0.0003556174     0.0037423779
84     0.0000000000     0.0000000000     -0.0000000000     0.0000000000     -0.0003126864     0.0037078984
85     0.0000000000     0.0000000000     -0.0000000000     0.0000000000     -0.0002871063     0.0036981249
86     0.0000000000     0.0000000000     -0.0000000000     0.0000000000     -0.0002704033     0.0037071906
87     0.0000000000     0.0000000000     -0.0000000000     0.0000000000     -0.0002408133     0.0036941997
88     0.0000000000     0.0000000000     -0.0000000000     0.0000000000     -0.0002104694     0.0036692864
89     0.0000000000     0.0000000000     -0.0000000000     0.0000000000     -0.0001802060     0.0036684475
90     0.0000000000     0.0000000000     -0.0000000000     0.0000000000     -0.0001477902     0.0036595424
91     0.0000000000     0.0000000000     -0.0000000000     0.0000000000     -0.0001129999     0.0036422487
92     0.0000000000     0.0000000000     -0.0000000000     0.0000000000     -0.0000730567     0.0036315871
93     0.0000000000     0.0000000000     -0.0000000000     0.0000000000     -0.0000393316     0.0036331704
94     0.0000000000     0.0000000000     -0.0000000000     0.0000000000     -0.0000067483     0.0036730793
95     0.0000000000     0.0000000000     -0.0000000000     0.0000000000     0.0000356482     0.0036942545
96     0.0000000000     0.0000000000     -0.0000000000     0.0000000000     0.0000686196     0.0036857406
97     0.0000000000     0.0000000000     -0.0000000000     0.0000000000     0.0000957293     0.0036818510
98     0.0000000000     0.0000000000     -0.0000000000     0.0000000000     0.0001299074     0.0036960131
99     0.0000000000     0.0000000000     -0.0000000000     0.0000000000     0.0001635611     0.0037107103
100     0.0000000000     0.0000000000     -0.0000000000     0.0000000000     0.0001914402     0.0037260665
101     0.0000000000     0.0000000000     -0.0000000000     0.0000000000     0.0002295357     0.0037305882
102     0.0000000000     0.0000000000     -0.0000000000     0.0000000000     0.0002560945     0.0037178202
103     0.0000000000     0.0000000000     -0.0000000000     0.0000000000     0.0002527632     0.0037209144
104     0.0000000000     0.0000000000     -0.0000000000     0.0000000000     0.0002554136     0.0037119322
105     0.0000000000     0.0000000000     -0.0000000000     0.0000000000     -0.0003816777     0.0035258460
106     0.0000000000     0.0000000000     -0.0000000000     0.0000000000     -0.0003792732     0.0035244086
107     0.0000000000     0.0000000000     -0.0000000000     0.0000000000     -0.0003799838     0.0035246803
108     0.0000000000     0.0000000000     -0.0000000000     0.0000000000     -0.0003757980     0.0035236371
109     0.0000000000     0.0000000000     -0.0000000000     0.0000000000     -0.0003569819     0.0035106624
110     0.0000000000     0.0000000000     -0.0000000000     0.0000000000     -0.0003234748     0.0034976611
111     0.0000000000     0.0000000000     -0.0000000000     0.0000000000     -0.0002963693     0.0035038222
112     0.0000000000     0.0000000000     -0.0000000000     0.0000000000     -0.0002723758     0.0035169678
113     0.0000000000     0.0000000000     -0.0000000000     0.0000000000     -0.0002373368     0.0035180136
114     0.0000000000     0.0000000000     -0.0000000000     0.0000000000     -0.0002033646     0.0035138715
115     0.0000000000     0.0000000000     -0.0000000000     0.0000000000     -0.0001773443     0.0035094461
116     0.0000000000     0.0000000000     -0.0000000000     0.0000000000     -0.0001463180     0.0034884751
117     0.0000000000     0.0000000000     -0.0000000000     0.0000000000     -0.0001137099     0.0034710237
118     0.0000000000     0.0000000000     -0.0000000000     0.0000000000     -0.0000785077     0.0034670867
119     0.0000000000     0.0000000000     -0.0000000000     0.0000000000     -0.0000401072     0.0034706271
120     0.0000000000     0.0000000000     -0.0000000000     0.0000000000     -0.0000054764     0.0034701191
121     0.0000000000     0.0000000000     -0.0000000000     0.0000000000     0.0000319663     0.0034673217
122     0.0000000000     0.0000000000     -0.0000000000     0.0000000000     0.0000634108     0.0034632609
123     0.0000000000     0.0000000000     -0.0000000000     0.0000000000     0.0000932999     0.0034848023
124     0.0000000000     0.0000000000     -0.0000000000     0.0000000000     0.0001290167     0.0035185180
125     0.0000000000     0.0000000000     -0.0000000000     0.0000000000     0.0001566445     0.0035091093
126     0.0000000000     0.0000000000     -0.0000000000     0.0000000000     0.0001816762     0.0034995232
127     0.0000000000     0.0000000000     -0.0000000000     0.0000000000     0.0002143400     0.0034768406
128     0.0000000000     0.0000000000     -0.0000000000     0.0000000000     0.0002372928     0.0034503224
129     0.0000000000     0.0000000000     -0.0000000000     0.0000000000     0.0002343709     0.0034531107
130     0.0000000000     0.0000000000     -0.0000000000     0.0000000000     0.0002384316     0.0034578678
131     0.0000000000     0.0000000000     -0.0000000000     0.0000000000     -0.0003712490     0.0032976225
132     0.0000000000     0.0000000000     -0.0000000000     0.0000000000     -0.0003657443     0.0032886135
133     0.0000000000     0.0000000000     -0.0000000000     0.0000000000     -0.0003668642     0.0032890888
134     0.0000000000     0.0000000000     -0.0000000000     0.0000000000     -0.0003613109     0.0032925415
135     0.0000000000     0.0000000000     -0.0000000000     0.0000000000     -0.0003500878     0.0033034343
136     0.0000000000     0.0000000000     -0.0000000000     0.0000000000     -0.0003296733     0.0033111441
137     0.0000000000     0.0000000000     -0.0000000000     0.0000000000     -0.0003040020     0.0033174201
138     0.0000000000     0.0000000000     -0.0000000000     0.0000000000     -0.0002720245     0.0033193261
139     0.0000000000     0.0000000000     -0.0000000000     0.0000000000     -0.0002346226     0.0033217033
140     0.0000000000     0.0000000000     -0.0000000000     0.0000000000     -0.0002026978     0.0033352808
141     0.0000000000     0.0000000000     -0.0000000000     0.0000000000     -0.0001785092     0.0033367355
142     0.0000000000     0.0000000000     -0.0000000000     0.0000000000     -0.0001464142     0.0033159959
143     0.0000000000     0.0000000000     -0.0000000000     0.0000000000     -0.0001131098     0.0032990437
144     0.0000000000     0.0000000000     -0.0000000000     0.0000000000     -0.0000850901     0.0032929900
145     0.0000000000     0.0000000000     -0.0000000000     0.0000000000     -0.0000473174     0.0032917415
146     0.0000000000     0.0000000000     -0.0000000000     0.0000000000     -0.0000101180     0.0032761513
147     0.0000000000     0.0000000000     -0.0000000000     0.0000000000     0.0000285255     0.0032571835
148     0.0000000000     0.0000000000     -0.0000000000     0.0000000000     0.0000610553     0.0032407709
149     0.0000000000     0.0000000000     -0.0000000000     0.0000000000     0.0000859331     0.0032602171
150     0.0000000000     0.0000000000     -0.0000000000     0.0000000000     0.0001171816     0.0033109040
151     0.0000000000     0.0000000000     -0.0000000000     0.0000000000     0.0001489579     0.0033179568
152     0.0000000000     0.0000000000     -0.0000000000     0.0000000000     0.0001811965     0.0032960156
153     0.0000000000     0.0000000000     -0.0000000000     0.0000000000     0.0002116844     0.0032539573
154     0.0000000000     0.0000000000     -0.0000000000     0.0000000000     0.0002310541     0.0032250461
155     0.0000000000     0.0000000000     -0.0000000000     0.0000000000     0.0002287744     0.0032273093
156     0.0000000000     0.0000000000     -0.0000000000     0.0000000000     0.0002320286     0.0032349681
157     0.0000000000     0.0000000000     -0.0000000000     0.0000000000     -0.0003734586     0.0030927869
158     0.0000000000     0.0000000000     -0.0000000000     0.0000000000     -0.0003684061     0.0030810733
159     0.0000000000     0.0000000000     -0.0000000000     0.0000000000     -0.0003698281     0.0030811161
160     0.0000000000     0.0000000000     -0.0000000000     0.0000000000     -0.0003604756     0.0030894625
161     0.0000000000     0.0000000000     -0.0000000000     0.0000000000     -0.0003439596     0.0031283945
162     0.0000000000     0.0000000000     -0.0000000000     0.0000000000     -0.0003231310     0.0031449689
163     0.0000000000     0.0000000000     -0.0000000000     0.0000000000     -0.0002990780     0.0031394303
164     0.0000000000     0.0000000000     -0.0000000000     0.0000000000     -0.0002701660     0.0031291321
165     0.0000000000     0.0000000000     -0.0000000000     0.0000000000     -0.0002393281     0.0031367394
166     0.0000000000     0.0000000000     -0.0000000000     0.0000000000     -0.0002136901     0.0031609499
167     0.0000000000     0.0000000000     -0.0000000000     0.0000000000     -0.0001873811     0.0031513348
168     0.0000000000     0.0000000000     -0.0000000000     0.0000000000     -0.0001511215     0.0031248758
169     0.0000000000     0.0000000000     -0.0000000000     0.0000000000     -0.0001157083     0.0031066115
170     0.0000000000     0.0000000000     -0.0000000000     0.0000000000     -0.0000908185     0.0031056675
171     0.0000000000     0.0000000000     -0.0000000000     0.0000000000     -0.0000556597     0.0030955492
172     0.0000000000     0.0000000000     -0.0000000000     0.0000000000     -0.0000178552     0.0030794592
173     0.0000000000     0.0000000000     -0.0000000000     0.0000000000     0.0000216118     0.0030716547
174     0.0000000000     0.0000000000     -0.0000000000     0.0000000000     0.0000605188     0.0030509130
175     0.0000000000     0.0000000000     -0.0000000000     0.0000000000     0.0000836567     0.0030647747
176     0.0000000000     0.0000000000     -0.0000000000     0.0000000000     0.0001096738     0.0031030330
177     0.0000000000     0.0000000000     -0.0000000000     0.0000000000     0.0001470471     0.0031115471
178     0.0000000000     0.0000000000     -0.0000000000     0.0000000000     0.0001853183     0.0030866436
179     0.0000000000     0.0000000000     -0.0000000000     0.0000000000     0.0002183682     0.0030552429
180     0.0000000000     0.0000000000     -0.0000000000     0.0000000000     0.0002404555     0.0030502193
181     0.0000000000     0.0000000000     -0.0000000000     0.0000000000     0.0002384992     0.0030505061
182     0.0000000000     0.0000000000     -0.0000000000     0.0000000000     0.0002375950     0.0030498017
183     0.0000000000     0.0000000000     -0.0000000000     0.0000000000     -0.0003950693     0.0029284445
184     0.0000000000     0.0000000000     -0.0000000000     0.0000000000     -0.0003964000     0.0029218158
185     0.0000000000     0.0000000000     -0.0000000000     0.0000000000     -0.0003974413     0.0029210542
186     0.0000000000     0.0000000000     -0.0000000000     0.0000000000     -0.0003878743     0.0029314866
187     0.0000000000     0.0000000000     -0.0000000000     0.0000000000     -0.0003555316     0.0029750077
188     0.0000000000     0.0000000000     -0.0000000000     0.0000000000     -0.0003228749     0.0029871052
189     0.0000000000     0.0000000000     -0.0000000000     0.0000000000     -0.0002973469     0.0029650974
190     0.0000000000     0.0000000000     -0.0000000000     0.0000000000     -0.0002763795     0.0029551229
191     0.0000000000     0.0000000000     -0.0000000000     0.0000000000     -0.0002483696     0.0029762799
192     0.0000000000     0.0000000000     -0.0000000000     0.0000000000     -0.0002176775     0.0029841011
193     0.0000000000     0.0000000000     -0.0000000000     0.0000000000     -0.0001887304     0.0029390800
194     0.0000000000     0.0000000000     -0.0000000000     0.0000000000     -0.0001517305     0.0029024328
195     0.0000000000     0.0000000000     -0.0000000000     0.0000000000     -0.0001194626     0.0028914927
196     0.0000000000     0.0000000000     -0.0000000000     0.0000000000     -0.0000931694     0.0029057679
197     0.0000000000     0.0000000000     -0.0000000000     0.0000000000     -0.0000609868     0.0029092628
198     0.0000000000     0.0000000000     -0.0000000000     0.0000000000     -0.0000269869     0.0029014357
199     0.0000000000     0.0000000000     -0.0000000000     0.0000000000     0.0000079756     0.0029050244
200     0.0000000000     0.0000000000     -0.0000000000     0.0000000000     0.0000475583     0.0029090043
201     0.0000000000     0.0000000000     -0.0000000000     0.0000000000     0.0000777796     0.0029197520
202     0.0000000000     0.0000000000     -0.0000000000     0.0000000000     0.0001061846     0.0029043176
203     0.0000000000     0.0000000000     -0.0000000000     0.0000000000     0.0001406615     0.0028777618
204     0.0000000000     0.0000000000     -0.0000000000     0.0000000000     0.0001777081     0.0028494434
205     0.0000000000     0.0000000000     -0.0000000000     0.0000000000     0.0002110204     0.0028342476
206     0.0000000000     0.0000000000     -0.0000000000     0.0000000000     0.0002321617     0.0028496223
207     0.0000000000     0.0000000000     -0.0000000000     0.0000000000     0.0002302132     0.0028474802
208     0.0000000000     0.0000000000     -0.0000000000     0.0000000000     0.0002293130     0.0028495162
209     0.0000000000     0.0000000000     -0.0000000000     0.0000000000     -0.0004114917     0.0027870440
210     0.0000000000     0.0000000000     -0.0000000000     0.0000000000     -0.0004191661     0.0027919104
211     0.0000000000     0.0000000000     -0.0000000000     0.0000000000     -0.0004197022     0.0027909046
212     0.0000000000     0.0000000000     -0.0000000000     0.0000000000     -0.0004105927     0.0027949396
213     0.0000000000     0.0000000000     -0.0000000000     0.0000000000     -0.0003735473     0.0028157402
214     0.0000000000     0.0000000000     -0.0000000000     0.0000000000     -0.0003371860     0.0028294917
215     0.0000000000     0.0000000000     -0.0000000000     0.0000000000     -0.0003069471     0.0028128071
216     0.0000000000     0.0000000000     -0.0000000000     0.0000000000     -0.0002810799     0.0028048489
217     0.0000000000     0.0000000000     -0.0000000000     0.0000000000     -0.0002473694     0.0028140578
218     0.0000000000     0.0000000000     -0.0000000000     0.0000000000     -0.0002084507     0.0027985594
219     0.0000000000     0.0000000000     -0.0000000000     0.0000000000     -0.0001784359     0.0027445779
220     0.0000000000     0.0000000000     -0.0000000000     0.0000000000     -0.0001442195     0.0027113013
221     0.0000000000     0.0000000000     -0.0000000000     0.0000000000     -0.0001141885     0.0027122542
222     0.0000000000     0.0000000000     -0.0000000000     0.0000000000     -0.0000880453     0.0027071872
223     0.0000000000     0.0000000000     -0.0000000000     0.0000000000     -0.0000564890     0.0027156765
224     0.0000000000     0.0000000000     -0.0000000000     0.0000000000     -0.0000253318     0.0027222646
225     0.0000000000     0.0000000000     -0.0000000000     0.0000000000     0.0000047135     0.0027190369
226     0.0000000000     0.0000000000     -0.0000000000     0.0000000000     0.0000349730     0.0027327132
227     0.0000000000     0.0000000000     -0.0000000000     0.0000000000     0.0000648986     0.0027298928
228     0.0000000000     0.0000000000     -0.0000000000     0.0000000000     0.0000982571     0.0026820387
229     0.0000000000     0.0000000000     -0.0000000000     0.0000000000     0.0001292108     0.0026380486
230     0.0000000000     0.0000000000     -0.0000000000     0.0000000000     0.0001576028     0.0026301252
231     0.0000000000     0.0000000000     -0.0000000000     0.0000000000     0.0001855342     0.0026359816
232     0.0000000000     0.0000000000     -0.0000000000     0.0000000000     0.0002027345     0.0026567879
233     0.0000000000     0.0000000000     -0.0000000000     0.0000000000     0.0002001241     0.0026543119
234     0.0000000000     0.0000000000     -0.0000000000     0.0000000000     0.0002041623     0.0026585648
235     0.0000000000     0.0000000000     -0.0000000000     0.0000000000     -0.0004001371     0.0026274255
236     0.0000000000     0.0000000000     -0.0000000000     0.0000000000     -0.0004028026     0.0026371901
237     0.0000000000     0.0000000000     -0.0000000000     0.0000000000     -0.0004038527     0.0026369018
238     0.0000000000     0.0000000000     -0.0000000000     0.0000000000     -0.0003949257     0.0026324313
239     0.0000000000     0.0000000000     -0.0000000000     0.0000000000     -0.0003666720     0.0026242243
240     0.0000000000     0.0000000000     -0.0000000000     0.0000000000     -0.0003358217     0.0026339721
241     0.0000000000     0.0000000000     -0.0000000000     0.0000000000     -0.0003010740     0.0026382760
242     0.0000000000     0.0000000000     -0.0000000000     0.0000000000     -0.0002676023     0.0026361139
243     0.0000000000     0.0000000000     -0.0000000000     0.0000000000     -0.0002347697     0.0026289656
244     0.0000000000     0.0000000000     -0.0000000000     0.0000000000     -0.0001912450     0.0026058382
245     0.0000000000     0.0000000000     -0.0000000000     0.0000000000     -0.0001554079     0.0025753371
246     0.0000000000     0.0000000000     -0.0000000000     0.0000000000     -0.0001267201     0.0025559877
247     0.0000000000     0.0000000000     -0.0000000000     0.0000000000     -0.0001001176     0.0025621272
248     0.0000000000     0.0000000000     -0.0000000000     0.0000000000     -0.0000754266     0.0025443950
249     0.0000000000     0.0000000000     -0.0000000000     0.0000000000     -0.0000439215     0.0025074117
250     0.0000000000     0.0000000000     -0.0000000000     0.0000000000     -0.0000104556     0.0025067274
251     0.0000000000     0.0000000000     -0.0000000000     0.0000000000     0.0000169395     0.0025106296
252     0.0000000000     0.0000000000     -0.0000000000     0.0000000000     0.0000408257     0.0025220108
253     0.0000000000     0.0000000000     -0.0000000000     0.0000000000     0.0000621595     0.0025073576
254     0.0000000000     0.0000000000     -0.0000000000     0.0000000000     0.0000970600     0.0024701770
255     0.0000000000     0.0000000000     -0.0000000000     0.0000000000     0.0001276606     0.0024539831
256     0.0000000000     0.0000000000     -0.0000000000     0.0000000000     0.0001461100     0.0024827561
257     0.0000000000     0.0000000000     -0.0000000000     0.0000000000     0.0001682006     0.0024985784
258     0.0000000000     0.0000000000     -0.0000000000     0.0000000000     0.0001856455     0.0024995421
259     0.0000000000     0.0000000000     -0.0000000000     0.0000000000     0.0001824274     0.0025001940
260     0.0000000000     0.0000000000     -0.0000000000     0.0000000000     0.0001904440     0.0024961702
261     0.0000000000     0.0000000000     -0.0000000000     0.0000000000     -0.0003732022     0.0024314627
262     0.0000000000     0.0000000000     -0.0000000000     0.0000000000     -0.0003685308     0.0024370660
263     0.0000000000     0.0000000000     -0.0000000000     0.0000000000     -0.0003706557     0.0024376391
264     0.0000000000     0.0000000000     -0.0000000000     0.0000000000     -0.0003601150     0.0024272617
265     0.0000000000     0.0000000000     -0.0000000000     0.0000000000     -0.0003393001     0.0024018425
266     0.0000000000     0.0000000000     -0.0000000000     0.0000000000     -0.0003154239     0.0024020060
267     0.0000000000     0.0000000000     -0.0000000000     0.0000000000     -0.0002815374     0.0024158046
268     0.0000000000     0.0000000000     -0.0000000000     0.0000000000     -0.0002493722     0.0024216722
269     0.0000000000     0.0000000000     -0.0000000000     0.0000000000     -0.0002195883     0.0024037860
270     0.0000000000     0.0000000000     -0.0000000000     0.0000000000     -0.0001746209     0.0023739171
271     0.0000000000     0.0000000000     -0.0000000000     0.0000000000     -0.0001365316     0.0023777811
272     0.0000000000     0.0000000000     -0.0000000000     0.0000000000     -0.0001135668     0.0023854008
273     0.0000000000     0.0000000000     -0.0000000000     0.0000000000     -0.0000903134     0.0023887938
274     0.0000000000     0.0000000000     -0.0000000000     0.0000000000     -0.0000605030     0.0023711960
275     0.0000000000     0.0000000000     -0.0000000000     0.0000000000     -0.0000283698     0.0023138006
276     0.0000000000     0.0000000000     -0.0000000000     0.0000000000     0.0000036025     0.0023047557
277     0.0000000000     0.0000000000     -0.0000000000     0.0000000000     0.0000375490     0.0023196318
278     0.0000000000     0.0000000000     -0.0000000000     0.0000000000     0.0000648040     0.0023237815
279     0.0000000000     0.0000000000     -0.0000000000     0.0000000000     0.0000829704     0.0023039623
280     0.0000000000     0.0000000000     -0.0000000000     0.0000000000     0.0001171196     0.0022937535
281     0.0000000000     0.0000000000     -0.0000000000     0.0000000000     0.0001457623     0.0023133671
282     0.0000000000     0.0000000000     -0.0000000000     0.0000000000     0.0001639448     0.0023392689
283     0.0000000000     0.0000000000     -0.0000000000     0.0000000000     0.0001909491     0.0023275427
284     0.0000000000     0.0000000000     -0.0000000000     0.0000000000     0.0002102881     0.0023050658
285     0.0000000000     0.0000000000     -0.0000000000     0.0000000000     0.0002073411     0.0023080439
286     0.0000000000     0.0000000000     -0.0000000000     0.0000000000     0.0002134036     0.0023049306
287     0.0000000000     0.0000000000     -0.0000000000     0.0000000000     -0.0003565223     0.0022125725
288     0.0000000000     0.0000000000     -0.0000000000     0.0000000000     -0.0003494246     0.0022088338
289     0.0000000000     0.0000000000     -0.0000000000     0.0000000000     -0.0003525225     0.0022091657
290     0.0000000000     0.0000000000     -0.0000000000     0.0000000000     -0.0003366693     0.0022076773
291     0.0000000000     0.0000000000     -0.0000000000     0.0000000000     -0.0003117229     0.0021978492
292     0.0000000000     0.0000000000     -0.0000000000     0.0000000000     -0.0002941713     0.0021875380
293     0.0000000000     0.0000000000     -0.0000000000     0.0000000000     -0.0002681855     0.0021956642
294     0.0000000000     0.0000000000     -0.0000000000     0.0000000000     -0.0002389303     0.0021954685
295     0.0000000000     0.0000000000     -0.0000000000     0.0000000000     -0.0002057279     0.0021606263
296     0.0000000000     0.0000000000     -0.0000000000     0.0000000000     -0.0001678572     0.0021360864
297     0.0000000000     0.0000000000     -0.0000000000     0.0000000000     -0.0001358864     0.0021695332
298     0.0000000000     0.0000000000     -0.0000000000     0.0000000000     -0.0001102058     0.0022074260
299     0.0000000000     0.0000000000     -0.0000000000     0.0000000000     -0.0000829422     0.0022007333
300     0.0000000000     0.0000000000     -0.0000000000     0.0000000000     -0.0000482807     0.0021810783
301     0.0000000000     0.0000000000     -0.0000000000     0.0000000000     -0.0000156724     0.0021535973
302     0.0000000000     0.0000000000     -0.0000000000     0.0000000000     0.0000191683     0.0021413909
303     0.0000000000     0.0000000000     -0.0000000000     0.0000000000     0.0000603388     0.0021339455
304     0.0000000000     0.0000000000     -0.0000000000     0.0000000000     0.0000931810     0.0021259574
305     0.0000000000     0.0000000000     -0.0000000000     0.0000000000     0.0001155702     0.0021147245
306     0.0000000000     0.0000000000     -0.0000000000     0.0000000000     0.0001461055     0.0021210489
307     0.0000000000     0.0000000000     -0.0000000000     0.0000000000     0.0001745180     0.0021430745
308     0.0000000000     0.0000000000     -0.0000000000     0.0000000000     0.0002037211     0.0021409786
309     0.0000000000     0.0000000000     -0.0000000000     0.0000000000     0.0002370669     0.0021075368
310     0.0000000000     0.0000000000     -0.0000000000     0.0000000000     0.0002564991     0.0020863240
311     0.0000000000     0.0000000000     -0.0000000000     0.0000000000     0.0002543337     0.0020891355
312     0.0000000000     0.0000000000     -0.0000000000     0.0000000000     0.0002556662     0.0020944712
313     0.0000000000     0.0000000000     -0.0000000000     0.0000000000     -0.0003609295     0.0020078502
314     0.0000000000     0.0000000000     -0.0000000000     0.0000000000     -0.0003560717     0.0019994938
315     0.0000000000     0.0000000000     -0.0000000000     0.0000000000     -0.0003592006     0.0019982745
316     0.0000000000     0.0000000000     -0.0000000000     0.0000000000     -0.0003404446     0.0020158751
317     0.0000000000     0.0000000000     -0.0000000000     0.0000000000     -0.0003006585     0.0020565758
318     0.0000000000     0.0000000000     -0.0000000000     0.0000000000     -0.0002808635     0.0020464152
319     0.0000000000     0.0000000000     -0.0000000000     0.0000000000     -0.0002597623     0.0020228338
320     0.0000000000     0.0000000000     -0.0000000000     0.0000000000     -0.0002301647     0.0019991619
321     0.0000000000     0.0000000000     -0.0000000000     0.0000000000     -0.0001993688     0.0019589982
322     0.0000000000     0.0000000000     -0.0000000000     0.0000000000     -0.0001683899     0.0019494867
323     0.0000000000     0.0000000000     -0.0000000000     0.0000000000     -0.0001405092     0.0019789092
324     0.0000000000     0.0000000000     -0.0000000000     0.0000000000     -0.0001073139     0.0020121728
325     0.0000000000     0.0000000000     -0.0000000000     0.0000000000     -0.0000716095     0.0020123778
326     0.0000000000     0.0000000000     -0.0000000000     0.0000000000     -0.0000380854     0.0019950101
327     0.0000000000     0.0000000000     -0.0000000000     0.0000000000     -0.0000027332     0.0019913788
328     0.0000000000     0.0000000000     -0.0000000000     0.0000000000     0.0000388994     0.0019762350
329     0.0000000000     0.0000000000     -0.0000000000     0.0000000000     0.0000786120     0.0019422818
330     0.0000000000     0.0000000000     -0.0000000000     0.0000000000     0.0001097360     0.0019346209
331     0.0000000000     0.0000000000     -0.0000000000     0.0000000000     0.0001369326     0.0019438884
332     0.0000000000     0.0000000000     -0.0000000000     0.0000000000     0.0001697689     0.0019689337
333     0.0000000000     0.0000000000     -0.0000000000     0.0000000000     0.0002074889     0.0019827956
334     0.0000000000     0.0000000000     -0.0000000000     0.0000000000     0.0002453334     0.0019607417
335     0.0000000000     0.0000000000     -0.0000000000     0.0000000000     0.0002802903     0.0019236626
336     0.0000000000     0.0000000000     -0.0000000000     0.0000000000     0.0003007911     0.0019063812
337     0.0000000000     0.0000000000     -0.0000000000     0.0000000000     0.0002993726     0.0019088012
338     0.0000000000     0.0000000000     -0.0000000000     0.0000000000     0.0002949149     0.0019153795
339     0.0000000000     0.0000000000     -0.0000000000     0.0000000000     -0.0003788519     0.0018376988
340     0.0000000000     0.0000000000     -0.0000000000     0.0000000000     -0.0003790195     0.0018374427
341     0.0000000000     0.0000000000     -0.0000000000     0.0000000000     -0.0003813559     0.0018350918
342     0.0000000000     0.0000000000     -0.0000000000     0.0000000000     -0.0003649537     0.0018534441
343     0.0000000000     0.0000000000     -0.0000000000     0.0000000000     -0.0003170748     0.0018996513
344     0.0000000000     0.0000000000     -0.0000000000     0.0000000000     -0.0002835080     0.0018924974
345     0.0000000000     0.0000000000     -0.0000000000     0.0000000000     -0.0002575235     0.0018553492
346     0.0000000000     0.0000000000     -0.0000000000     0.0000000000     -0.0002274503     0.0018316380
347     0.0000000000     0.0000000000     -0.0000000000     0.0000000000     -0.0002001822     0.0018155264
348     0.0000000000     0.0000000000     -0.0000000000     0.0000000000     -0.0001688844     0.0018117263
349     0.0000000000     0.0000000000     -0.0000000000     0.0000000000     -0.0001364342     0.0018093479
350     0.0000000000     0.0000000000     -0.0000000000     0.0000000000     -0.0000996235     0.0018138982
351     0.0000000000     0.0000000000     -0.0000000000     0.0000000000     -0.0000585312     0.0018095811
352     0.0000000000     0.0000000000     -0.0000000000     0.0000000000     -0.0000256883     0.0017819688
353     0.0000000000     0.0000000000     -0.0000000000     0.0000000000     0.0000104980     0.0017897198
354     0.0000000000     0.0000000000     -0.0000000000     0.0000000000     0.0000489706     0.0017908719
355     0.0000000000     0.0000000000     -0.0000000000     0.0000000000     0.0000817182     0.0017694195
356     0.0000000000     0.0000000000     -0.0000000000     0.0000000000     0.0001091355     0.0017786839
357     0.0000000000     0.0000000000     -0.0000000000     0.0000000000     0.0001398161     0.0017991139
358     0.0000000000     0.0000000000     -0.0000000000     0.0000000000     0.0001795167     0.0018201946
359     0.0000000000     0.0000000000     -0.0000000000     0.0000000000     0.0002255032     0.0018186964
360     0.0000000000     0.0000000000     -0.0000000000     0.0000000000     0.0002632658     0.0018057228
361     0.0000000000     0.0000000000     -0.0000000000     0.0000000000     0.0002981774     0.0017863565
362     0.0000000000     0.0000000000     -0.0000000000     0.0000000000     0.0003189885     0.0017736389
363     0.0000000000     0.0000000000     -0.0000000000     0.0000000000     0.0003178315     0.0017761735
364     0.0000000000     0.0000000000     -0.0000000000     0.0000000000     0.0003114665     0.0017723941
365     0.0000000000     0.0000000000     -0.0000000000     0.0000000000     -0.0003885132     0.0016773425
366     0.0000000000     0.0000000000     -0.0000000000     0.0000000000     -0.0003913644     0.0016814740
367     0.0000000000     0.0000000000     -0.0000000000     0.0000000000     -0.0003929955     0.0016801876
368     0.0000000000     0.0000000000     -0.0000000000     0.0000000000     -0.0003786406     0.0016873281
369     0.0000000000     0.0000000000     -0.0000000000     0.0000000000     -0.0003345517     0.0016903629
370     0.0000000000     0.0000000000     -0.0000000000     0.0000000000     -0.0002950560     0.0016745306
371     0.0000000000     0.0000000000     -0.0000000000     0.0000000000     -0.0002630465     0.0016593170
372     0.0000000000     0.0000000000     -0.0000000000     0.0000000000     -0.0002293681     0.0016516337
373     0.0000000000     0.0000000000     -0.0000000000     0.0000000000     -0.0001971598     0.0016487768
374     0.0000000000     0.0000000000     -0.0000000000     0.0000000000     -0.0001607641     0.0016406275
375     0.0000000000     0.0000000000     -0.0000000000     0.0000000000     -0.0001274251     0.0016232004
376     0.0000000000     0.0000000000     -0.0000000000     0.0000000000     -0.0000887529     0.0016072766
377     0.0000000000     0.0000000000     -0.0000000000     0.0000000000     -0.0000433563     0.0015894516
378     0.0000000000     0.0000000000     -0.0000000000     0.0000000000     -0.0000147669     0.0015588840
379     0.0000000000     0.0000000000     -0.0000000000     0.0000000000     0.0000122434     0.0015659024
380     0.0000000000     0.0000000000     -0.0000000000     0.0000000000     0.0000432266     0.0015919725
381     0.0000000000     0.0000000000     -0.0000000000     0.0000000000     0.0000760686     0.0016076544
382     0.0000000000     0.0000000000     -0.0000000000     0.0000000000     0.0001043669     0.0016236925
383     0.0000000000     0.0000000000     -0.0000000000     0.0000000000     0.0001341511     0.0016253440
384     0.0000000000     0.0000000000     -0.0000000000     0.0000000000     0.0001756093     0.0016173546
385     0.0000000000     0.0000000000     -0.0000000000     0.0000000000     0.0002199418     0.0015981733
386     0.0000000000     0.0000000000     -0.0000000000     0.0000000000     0.0002560219     0.0016007716
387     0.0000000000     0.0000000000     -0.0000000000     0.0000000000     0.0002881310     0.0016194450
388     0.0000000000     0.0000000000     -0.0000000000     0.0000000000     0.0003048685     0.0016262103
389     0.0000000000     0.0000000000     -0.0000000000     0.0000000000     0.0003036293     0.0016271459
390     0.0000000000     0.0000000000     -0.0000000000     0.0000000000     0.0003004131     0.0016183697
391     0.0000000000     0.0000000000     -20.1902170641     0.0000000000     -0.0003851701     0.0014987506
392     0.0000000000     0.0000000000     -20.1902170641     0.0000000000     -0.0003891016     0.0014923066
393     0.0000000000     0.0000000000     -20.1902170641     0.0000000000     -0.0003903603     0.0014936550
394     0.0000000000     0.0000000000     -20.1902170641     0.0000000000     -0.0003757333     0.0014893424
395     0.0000000000     0.0000000000     -20.1902170641     0.0000000000     -0.0003361417     0.0014678263
396     0.0000000000     0.0000000000     -20.1902170641     0.0000000000     -0.0002997865     0.0014491500
397     0.0000000000     0.0000000000     -20.1902170641     0.0000000000     -0.0002632093     0.0014502962
398     0.0000000000     0.0000000000     -20.1902170641     0.0000000000     -0.0002137069     0.0014597086
399     0.0000000000     0.0000000000     -20.1902170641     0.0000000000     -0.0001743770     0.0014605743
400     0.0000000000     0.0000000000     -20.1902170641     0.0000000000     -0.0001466330     0.0014405119
401     0.0000000000     0.0000000000     -20.1902170641     0.0000000000     -0.0001187763     0.0014159423
402     0.0000000000     0.0000000000     -20.1902170641     0.0000000000     -0.0000837628     0.0013843823
403     0.0000000000     0.0000000000     -20.1902170641     0.0000000000     -0.0000404736     0.0013613571
404     0.0000000000     0.0000000000     -20.1902170641     0.0000000000     -0.0000121019     0.0013471284
405     0.0000000000     0.0000000000     -20.1902170641     0.0000000000     0.0000093323     0.0013507175
406     0.0000000000     0.0000000000     -20.1902170641     0.0000000000     0.0000390073     0.0013836809
407     0.0000000000     0.0000000000     -20.1902170641     0.0000000000     0.0000761507     0.0014239352
408     0.0000000000     0.0000000000     -20.1902170641     0.0000000000     0.0001041644     0.0014423833
409     0.0000000000     0.0000000000     -20.1902170641     0.0000000000     0.0001299495     0.0014172829
410     0.0000000000     0.0000000000     -20.1902170641     0.0000000000     0.0001653940     0.0013847975
411     0.0000000000     0.0000000000     -20.1902170641     0.0000000000     0.0002009822     0.0013595828
412     0.0000000000     0.0000000000     -20.1902170641     0.0000000000     0.0002320922     0.0013713941
413     0.0000000000     0.0000000000     -20.1902170641     0.0000000000     0.0002588468     0.0014144153
414     0.0000000000     0.0000000000     -20.1902170641     0.0000000000     0.0002741570     0.0014355962
415     0.0000000000     0.0000000000     -20.1902170641     0.0000000000     0.0002726482     0.0014347615
416     0.0000000000     0.0000000000     -20.1902170641     0.0000000000     0.0002728299     0.0014311990
