1     0.0000000000     0.0000000000     22.4175007268     0.0000000000     -0.0004299223     0.0046678716
2     0.0000000000     0.0000000000     22.4175007268     0.0000000000     -0.0004324701     0.0046785733
3     0.0000000000     0.0000000000     22.4175007268     0.0000000000     -0.0004332733     0.0046791204
4     0.0000000000     0.0000000000     22.4175007268     0.0000000000     -0.0004256445     0.0046711440
5     0.0000000000     0.0000000000     22.4175007268     0.0000000000     -0.0003906307     0.0046379393
6     0.0000000000     0.0000000000     22.4175007268     0.0000000000     -0.0003320394     0.0046189588
7     0.0000000000     0.0000000000     22.4175007268     0.0000000000     -0.0002905672     0.0046173504
8     0.0000000000     0.0000000000     22.4175007268     0.0000000000     -0.0002675460     0.0046323510
9     0.0000000000     0.0000000000     22.4175007268     0.0000000000     -0.0002339501     0.0046497555
10     0.0000000000     0.0000000000     22.4175007268     0.0000000000     -0.0001999876     0.0046658473
11     0.0000000000     0.0000000000     22.4175007268     0.0000000000     -0.0001741249     0.0046816421
12     0.0000000000     0.0000000000     22.4175007268     0.0000000000     -0.0001441864     0.0047018988
13     0.0000000000     0.0000000000     22.4175007268     0.0000000000     -0.0001069345     0.0047426469
14     0.0000000000     0.0000000000     22.4175007268     0.0000000000     -0.0000641902     0.0047629788
15     0.0000000000     0.0000000000     22.4175007268     0.0000000000     -0.0000272958     0.0047166603
16     0.0000000000     0.0000000000     22.4175007268     0.0000000000     0.0000085307     0.0046644911
17     0.0000000000     0.0000000000     22.4175007268     0.0000000000     0.0000464775     0.0046649631
18     0.0000000000     0.0000000000     22.4175007268     0.0000000000     0.0000757880     0.0046777209
19     0.0000000000     0.0000000000     22.4175007268     0.0000000000     0.0001205722     0.0046956385
20     0.0000000000     0.0000000000     22.4175007268     0.0000000000     0.0001680075     0.0047161836
21     0.0000000000     0.0000000000     22.4175007268     0.0000000000     0.0001905336     0.0047077654
22     0.0000000000     0.0000000000     22.4175007268     0.0000000000     0.0002117470     0.0046814979
23     0.0000000000     0.0000000000     22.4175007268     0.0000000000     0.0002609798     0.0046412598
24     0.0000000000     0.0000000000     22.4175007268     0.0000000000     0.0003001954     0.0046069237
25     0.0000000000     0.0000000000     22.4175007268     0.0000000000     0.0002960706     0.0046097063
26     0.0000000000     0.0000000000     22.4175007268     0.0000000000     0.0002937108     0.0046127022
27     0.0000000000     0.0000000000     -0.0000000000     0.0000000000     -0.0004159361     0.0045207938
28     0.0000000000     0.0000000000     -0.0000000000     0.0000000000     -0.0004156857     0.0045376826
29     0.0000000000     0.0000000000     -0.0000000000     0.0000000000     -0.0004167833     0.0045372139
30     0.0000000000     0.0000000000     -0.0000000000     0.0000000000     -0.0004075153     0.0045297724
31     0.0000000000     0.0000000000     -0.0000000000     0.0000000000     -0.0003772653     0.0044855623
32     0.0000000000     0.0000000000     -0.0000000000     0.0000000000     -0.0003290149     0.0044482903
33     0.0000000000     0.0000000000     -0.0000000000     0.0000000000     -0.0002940481     0.0044235712
34     0.0000000000     0.0000000000     -0.0000000000     0.0000000000     -0.0002756993     0.0044173763
35     0.0000000000     0.0000000000     -0.0000000000     0.0000000000     -0.0002471461     0.0044107168
36     0.0000000000     0.0000000000     -0.0000000000     0.0000000000     -0.0002110893     0.0043993644
37     0.0000000000     0.0000000000     -0.0000000000     0.0000000000     -0.0001832592     0.0044116490
38     0.0000000000     0.0000000000     -0.0000000000     0.0000000000     -0.0001561639     0.0044351026
39     0.0000000000     0.0000000000     -0.0000000000     0.0000000000     -0.0001145062     0.0044659872
40     0.0000000000     0.0000000000     -0.0000000000     0.0000000000     -0.0000643672     0.0044913227
41     0.0000000000     0.0000000000     -0.0000000000     0.0000000000     -0.0000324255     0.0044764356
42     0.0000000000     0.0000000000     -0.0000000000     0.0000000000     -0.0000012914     0.0044524116
43     0.0000000000     0.0000000000     -0.0000000000     0.0000000000     0.0000462582     0.0044794427
44     0.0000000000     0.0000000000     -0.0000000000     0.0000000000     0.0000773384     0.0044895500
45     0.0000000000     0.0000000000     -0.0000000000     0.0000000000     0.0001096537     0.0044702588
46     0.0000000000     0.0000000000     -0.0000000000     0.0000000000     0.0001567150     0.0044760656
47     0.0000000000     0.0000000000     -0.0000000000     0.0000000000     0.0001852932     0.0045012835
48     0.0000000000     0.0000000000     -0.0000000000     0.0000000000     0.0002118041     0.0045003199
49     0.0000000000     0.0000000000     -0.0000000000     0.0000000000     0.0002678213     0.0044737005
50     0.0000000000     0.0000000000     -0.0000000000     0.0000000000     0.0003088610     0.0044529372
51     0.0000000000     0.0000000000     -0.0000000000     0.0000000000     0.0003047171     0.0044566358
52     0.0000000000     0.0000000000     -0.0000000000     0.0000000000     0.0003016292     0.0044485951
53     0.0000000000     0.0000000000     -0.0000000000     0.0000000000     -0.0004037476     0.0043216936
54     0.0000000000     0.0000000000     -0.0000000000     0.0000000000     -0.0004020688     0.0043351496
55     0.0000000000     0.0000000000     -0.0000000000     0.0000000000     -0.0004031749     0.0043344200
56     0.0000000000     0.0000000000     -0.0000000000     0.0000000000     -0.0003947016     0.0043321013
57     0.0000000000     0.0000000000     -0.0000000000     0.0000000000     -0.0003674600     0.0042987446
58     0.0000000000     0.0000000000     -0.0000000000     0.0000000000     -0.0003242786     0.0042524844
59     0.0000000000     0.0000000000     -0.0000000000     0.0000000000     -0.0002972856     0.0042224746
60     0.0000000000     0.0000000000     -0.0000000000     0.0000000000     -0.0002806758     0.0042173134
61     0.0000000000     0.0000000000     -0.0000000000     0.0000000000     -0.0002531955     0.0041974558
62     0.0000000000     0.0000000000     -0.0000000000     0.0000000000     -0.0002187835     0.0041697886
63     0.0000000000     0.0000000000     -0.0000000000     0.0000000000     -0.0001862132     0.0041780343
64     0.0000000000     0.0000000000     -0.0000000000     0.0000000000     -0.0001565657     0.0041853488
65     0.0000000000     0.0000000000     -0.0000000000     0.0000000000     -0.0001172742     0.0041856167
66     0.0000000000     0.0000000000     -0.0000000000     0.0000000000     -0.0000715047     0.0041895463
67     0.0000000000     0.0000000000     -0.0000000000     0.0000000000     -0.0000414482     0.0041924222
68     0.0000000000     0.0000000000     -0.0000000000     0.0000000000     -0.0000091307     0.0042227272
69     0.0000000000     0.0000000000     -0.0000000000     0.0000000000     0.0000403376     0.0042588020
70     0.0000000000     0.0000000000     -0.0000000000     0.0000000000     0.0000740858     0.0042539939
71     0.0000000000     0.0000000000     -0.0000000000     0.0000000000     0.0000986109     0.0042210062
72     0.0000000000     0.0000000000     -0.0000000000     0.0000000000     0.0001389478     0.0042220616
73     0.0000000000     0.0000000000     -0.0000000000     0.0000000000     0.0001745640     0.0042671681
74     0.0000000000     0.0000000000     -0.0000000000     0.0000000000     0.0002036268     0.0042922936
75     0.0000000000     0.0000000000     -0.0000000000     0.0000000000     0.0002506914     0.0042917500
76     0.0000000000     0.0000000000     -0.0000000000     0.0000000000     0.0002844094     0.0042817137
77     0.0000000000     0.0000000000     -0.0000000000     0.0000000000     0.0002803684     0.0042854445
78     0.0000000000     0.0000000000     -0.0000000000     0.0000000000     0.0002819199     0.0042693530
79     0.0000000000     0.0000000000     -0.0000000000     0.0000000000     -0.0003988434     0.0040824072
80     0.0000000000     0.0000000000     -0.0000000000     0.0000000000     -0.0003972626     0.0040895749
81     0.0000000000     0.0000000000     -0.0000000000     0.0000000000     -0.0003980852     0.0040892570
82     0.0000000000     0.0000000000     -0.0000000000     0.0000000000     -0.0003920864     0.0040866269
83     0.0000000000     0.0000000000     -0.0000000000     0.0000000000     -0.0003676398     0.0040602413
84     0.0000000000     0.0000000000     -0.0000000000     0.0000000000     -0.0003238500     0.0040250673
85     0.0000000000     0.0000000000     -0.0000000000     0.0000000000     -0.0002985567     0.0040156398
86     0.0000000000     0.0000000000     -0.0000000000     0.0000000000     -0.0002818549     0.0040261280
87     0.0000000000     0.0000000000     -0.0000000000     0.0000000000     -0.0002510168     0.0040122823
88     0.0000000000     0.0000000000     -0.0000000000     0.0000000000     -0.0002188854     0.0039866471
89     0.0000000000     0.0000000000     -0.0000000000     0.0000000000     -0.0001869426     0.0039861054
90     0.0000000000     0.0000000000     -0.0000000000     0.0000000000     -0.0001534682     0.0039752381
91     0.0000000000     0.0000000000     -0.0000000000     0.0000000000     -0.0001180521     0.0039575786
92     0.0000000000     0.0000000000     -0.0000000000     0.0000000000     -0.0000767466     0.0039497549
93     0.0000000000     0.0000000000     -0.0000000000     0.0000000000     -0.0000415134     0.0039504264
94     0.0000000000     0.0000000000     -0.0000000000     0.0000000000     -0.0000076508     0.0039885990
95     0.0000000000     0.0000000000     -0.0000000000     0.0000000000     0.0000366560     0.0040131779
96     0.0000000000     0.0000000000     -0.0000000000     0.0000000000     0.0000709445     0.0040070158
97     0.0000000000     0.0000000000     -0.0000000000     0.0000000000     0.0000982534     0.0040017244
98     0.0000000000     0.0000000000     -0.0000000000     0.0000000000     0.0001332990     0.0040163021
99     0.0000000000     0.0000000000     -0.0000000000     0.0000000000     0.0001674682     0.0040322223
100     0.0000000000     0.0000000000     -0.0000000000     0.0000000000     0.0001949542     0.0040483270
101     0.0000000000     0.0000000000     -0.0000000000     0.0000000000     0.0002338027     0.0040525578
102     0.0000000000     0.0000000000     -0.0000000000     0.0000000000     0.0002611630     0.0040384147
103     0.0000000000     0.0000000000     -0.0000000000     0.0000000000     0.0002575944     0.0040418008
104     0.0000000000     0.0000000000     -0.0000000000     0.0000000000     0.0002609563     0.0040326113
105     0.0000000000     0.0000000000     -0.0000000000     0.0000000000     -0.0003911367     0.0038293707
106     0.0000000000     0.0000000000     -0.0000000000     0.0000000000     -0.0003875581     0.0038270196
107     0.0000000000     0.0000000000     -0.0000000000     0.0000000000     -0.0003882776     0.0038275174
108     0.0000000000     0.0000000000     -0.0000000000     0.0000000000     -0.0003846580     0.0038258525
109     0.0000000000     0.0000000000     -0.0000000000     0.0000000000     -0.0003678166     0.0038110317
110     0.0000000000     0.0000000000     -0.0000000000     0.0000000000     -0.0003342702     0.0037978529
111     0.0000000000     0.0000000000     -0.0000000000     0.0000000000     -0.0003073201     0.0038044417
112     0.0000000000     0.0000000000     -0.0000000000     0.0000000000     -0.0002831103     0.0038171837
113     0.0000000000     0.0000000000     -0.0000000000     0.0000000000     -0.0002468660     0.0038170114
114     0.0000000000     0.0000000000     -0.0000000000     0.0000000000     -0.0002115823     0.0038128043
115     0.0000000000     0.0000000000     -0.0000000000     0.0000000000     -0.0001847219     0.0038077155
116     0.0000000000     0.0000000000     -0.0000000000     0.0000000000     -0.0001526116     0.0037850000
117     0.0000000000     0.0000000000     -0.0000000000     0.0000000000     -0.0001188056     0.0037663963
118     0.0000000000     0.0000000000     -0.0000000000     0.0000000000     -0.0000819988     0.0037631651
119     0.0000000000     0.0000000000     -0.0000000000     0.0000000000     -0.0000418645     0.0037682952
120     0.0000000000     0.0000000000     -0.0000000000     0.0000000000     -0.0000065098     0.0037684739
121     0.0000000000     0.0000000000     -0.0000000000     0.0000000000     0.0000321991     0.0037663689
122     0.0000000000     0.0000000000     -0.0000000000     0.0000000000     0.0000657583     0.0037607353
123     0.0000000000     0.0000000000     -0.0000000000     0.0000000000     0.0000958508     0.0037826507
124     0.0000000000     0.0000000000     -0.0000000000     0.0000000000     0.0001318152     0.0038198040
125     0.0000000000     0.0000000000     -0.0000000000     0.0000000000     0.0001601584     0.0038109910
126     0.0000000000     0.0000000000     -0.0000000000     0.0000000000     0.0001854904     0.0038018864
127     0.0000000000     0.0000000000     -0.0000000000     0.0000000000     0.0002189369     0.0037794824
128     0.0000000000     0.0000000000     -0.0000000000     0.0000000000     0.0002425129     0.0037516631
129     0.0000000000     0.0000000000     -0.0000000000     0.0000000000     0.0002394478     0.0037547422
130     0.0000000000     0.0000000000     -0.0000000000     0.0000000000     0.0002438259     0.0037592886
131     0.0000000000     0.0000000000     -0.0000000000     0.0000000000     -0.0003800239     0.0035826899
132     0.0000000000     0.0000000000     -0.0000000000     0.0000000000     -0.0003729576     0.0035727692
133     0.0000000000     0.0000000000     -0.0000000000     0.0000000000     -0.0003740334     0.0035733558
134     0.0000000000     0.0000000000     -0.0000000000     0.0000000000     -0.0003692802     0.0035764543
135     0.0000000000     0.0000000000     -0.0000000000     0.0000000000     -0.0003602311     0.0035872945
136     0.0000000000     0.0000000000     -0.0000000000     0.0000000000     -0.0003403582     0.0035958639
137     0.0000000000     0.0000000000     -0.0000000000     0.0000000000     -0.0003150373     0.0036010402
138     0.0000000000     0.0000000000     -0.0000000000     0.0000000000     -0.0002824095     0.0036008402
139     0.0000000000     0.0000000000     -0.0000000000     0.0000000000     -0.0002437544     0.0036024072
140     0.0000000000     0.0000000000     -0.0000000000     0.0000000000     -0.0002108190     0.0036169415
141     0.0000000000     0.0000000000     -0.0000000000     0.0000000000     -0.0001864231     0.0036166112
142     0.0000000000     0.0000000000     -0.0000000000     0.0000000000     -0.0001533846     0.0035935330
143     0.0000000000     0.0000000000     -0.0000000000     0.0000000000     -0.0001186966     0.0035761038
144     0.0000000000     0.0000000000     -0.0000000000     0.0000000000     -0.0000893303     0.0035704660
145     0.0000000000     0.0000000000     -0.0000000000     0.0000000000     -0.0000500630     0.0035707494
146     0.0000000000     0.0000000000     -0.0000000000     0.0000000000     -0.0000121689     0.0035559837
147     0.0000000000     0.0000000000     -0.0000000000     0.0000000000     0.0000277055     0.0035362234
148     0.0000000000     0.0000000000     -0.0000000000     0.0000000000     0.0000629860     0.0035172894
149     0.0000000000     0.0000000000     -0.0000000000     0.0000000000     0.0000883402     0.0035388714
150     0.0000000000     0.0000000000     -0.0000000000     0.0000000000     0.0001190946     0.0035938042
151     0.0000000000     0.0000000000     -0.0000000000     0.0000000000     0.0001518260     0.0036014927
152     0.0000000000     0.0000000000     -0.0000000000     0.0000000000     0.0001857002     0.0035795961
153     0.0000000000     0.0000000000     -0.0000000000     0.0000000000     0.0002172355     0.0035361734
154     0.0000000000     0.0000000000     -0.0000000000     0.0000000000     0.0002370292     0.0035057744
155     0.0000000000     0.0000000000     -0.0000000000     0.0000000000     0.0002346847     0.0035082651
156     0.0000000000     0.0000000000     -0.0000000000     0.0000000000     0.0002377037     0.0035159942
157     0.0000000000     0.0000000000     -0.0000000000     0.0000000000     -0.0003833142     0.0033594897
158     0.0000000000     0.0000000000     -0.0000000000     0.0000000000     -0.0003769484     0.0033468349
159     0.0000000000     0.0000000000     -0.0000000000     0.0000000000     -0.0003783940     0.0033469250
160     0.0000000000     0.0000000000     -0.0000000000     0.0000000000     -0.0003696440     0.0033555077
161     0.0000000000     0.0000000000     -0.0000000000     0.0000000000     -0.0003546919     0.0033968046
162     0.0000000000     0.0000000000     -0.0000000000     0.0000000000     -0.0003340727     0.0034153190
163     0.0000000000     0.0000000000     -0.0000000000     0.0000000000     -0.0003103832     0.0034066872
164     0.0000000000     0.0000000000     -0.0000000000     0.0000000000     -0.0002805506     0.0033932439
165     0.0000000000     0.0000000000     -0.0000000000     0.0000000000     -0.0002486336     0.0034005839
166     0.0000000000     0.0000000000     -0.0000000000     0.0000000000     -0.0002222554     0.0034262162
167     0.0000000000     0.0000000000     -0.0000000000     0.0000000000     -0.0001958651     0.0034136305
168     0.0000000000     0.0000000000     -0.0000000000     0.0000000000     -0.0001585632     0.0033839625
169     0.0000000000     0.0000000000     -0.0000000000     0.0000000000     -0.0001218433     0.0033661566
170     0.0000000000     0.0000000000     -0.0000000000     0.0000000000     -0.0000960919     0.0033657013
171     0.0000000000     0.0000000000     -0.0000000000     0.0000000000     -0.0000598457     0.0033566103
172     0.0000000000     0.0000000000     -0.0000000000     0.0000000000     -0.0000213099     0.0033409422
173     0.0000000000     0.0000000000     -0.0000000000     0.0000000000     0.0000192474     0.0033319338
174     0.0000000000     0.0000000000     -0.0000000000     0.0000000000     0.0000611405     0.0033092842
175     0.0000000000     0.0000000000     -0.0000000000     0.0000000000     0.0000851769     0.0033249924
176     0.0000000000     0.0000000000     -0.0000000000     0.0000000000     0.0001102269     0.0033667042
177     0.0000000000     0.0000000000     -0.0000000000     0.0000000000     0.0001483840     0.0033758107
178     0.0000000000     0.0000000000     -0.0000000000     0.0000000000     0.0001891433     0.0033512329
179     0.0000000000     0.0000000000     -0.0000000000     0.0000000000     0.0002237145     0.0033162617
180     0.0000000000     0.0000000000     -0.0000000000     0.0000000000     0.0002461544     0.0033095467
181     0.0000000000     0.0000000000     -0.0000000000     0.0000000000     0.0002441927     0.0033100049
182     0.0000000000     0.0000000000     -0.0000000000     0.0000000000     0.0002427210     0.0033097734
183     0.0000000000     0.0000000000     -0.0000000000     0.0000000000     -0.0004076944     0.0031764706
184     0.0000000000     0.0000000000     -0.0000000000     0.0000000000     -0.0004095195     0.0031688444
185     0.0000000000     0.0000000000     -0.0000000000     0.0000000000     -0.0004104838     0.0031680317
186     0.0000000000     0.0000000000     -0.0000000000     0.0000000000     -0.0004010559     0.0031791136
187     0.0000000000     0.0000000000     -0.0000000000     0.0000000000     -0.0003681052     0.0032273520
188     0.0000000000     0.0000000000     -0.0000000000     0.0000000000     -0.0003343146     0.0032418927
189     0.0000000000     0.0000000000     -0.0000000000     0.0000000000     -0.0003086165     0.0032167243
190     0.0000000000     0.0000000000     -0.0000000000     0.0000000000     -0.0002868492     0.0032039341
191     0.0000000000     0.0000000000     -0.0000000000     0.0000000000     -0.0002582252     0.0032254684
192     0.0000000000     0.0000000000     -0.0000000000     0.0000000000     -0.0002269348     0.0032344287
193     0.0000000000     0.0000000000     -0.0000000000     0.0000000000     -0.0001975940     0.0031855767
194     0.0000000000     0.0000000000     -0.0000000000     0.0000000000     -0.0001593257     0.0031455234
195     0.0000000000     0.0000000000     -0.0000000000     0.0000000000     -0.0001259352     0.0031352969
196     0.0000000000     0.0000000000     -0.0000000000     0.0000000000     -0.0000988796     0.0031495641
197     0.0000000000     0.0000000000     -0.0000000000     0.0000000000     -0.0000659856     0.0031527007
198     0.0000000000     0.0000000000     -0.0000000000     0.0000000000     -0.0000314195     0.0031454843
199     0.0000000000     0.0000000000     -0.0000000000     0.0000000000     0.0000042218     0.0031485640
200     0.0000000000     0.0000000000     -0.0000000000     0.0000000000     0.0000453794     0.0031525641
201     0.0000000000     0.0000000000     -0.0000000000     0.0000000000     0.0000766804     0.0031635897
202     0.0000000000     0.0000000000     -0.0000000000     0.0000000000     0.0001050824     0.0031474799
203     0.0000000000     0.0000000000     -0.0000000000     0.0000000000     0.0001397103     0.0031212562
204     0.0000000000     0.0000000000     -0.0000000000     0.0000000000     0.0001786671     0.0030938831
205     0.0000000000     0.0000000000     -0.0000000000     0.0000000000     0.0002135350     0.0030752490
206     0.0000000000     0.0000000000     -0.0000000000     0.0000000000     0.0002351842     0.0030896924
207     0.0000000000     0.0000000000     -0.0000000000     0.0000000000     0.0002331544     0.0030876205
208     0.0000000000     0.0000000000     -0.0000000000     0.0000000000     0.0002320772     0.0030901296
209     0.0000000000     0.0000000000     -0.0000000000     0.0000000000     -0.0004259912     0.0030168577
210     0.0000000000     0.0000000000     -0.0000000000     0.0000000000     -0.0004352773     0.0030207647
211     0.0000000000     0.0000000000     -0.0000000000     0.0000000000     -0.0004358333     0.0030197615
212     0.0000000000     0.0000000000     -0.0000000000     0.0000000000     -0.0004264186     0.0030241484
213     0.0000000000     0.0000000000     -0.0000000000     0.0000000000     -0.0003873325     0.0030480301
214     0.0000000000     0.0000000000     -0.0000000000     0.0000000000     -0.0003494541     0.0030650444
215     0.0000000000     0.0000000000     -0.0000000000     0.0000000000     -0.0003184754     0.0030480233
216     0.0000000000     0.0000000000     -0.0000000000     0.0000000000     -0.0002914037     0.0030382818
217     0.0000000000     0.0000000000     -0.0000000000     0.0000000000     -0.0002571250     0.0030480744
218     0.0000000000     0.0000000000     -0.0000000000     0.0000000000     -0.0002174794     0.0030327913
219     0.0000000000     0.0000000000     -0.0000000000     0.0000000000     -0.0001867169     0.0029749057
220     0.0000000000     0.0000000000     -0.0000000000     0.0000000000     -0.0001513972     0.0029391010
221     0.0000000000     0.0000000000     -0.0000000000     0.0000000000     -0.0001205433     0.0029415620
222     0.0000000000     0.0000000000     -0.0000000000     0.0000000000     -0.0000937680     0.0029370000
223     0.0000000000     0.0000000000     -0.0000000000     0.0000000000     -0.0000616949     0.0029422786
224     0.0000000000     0.0000000000     -0.0000000000     0.0000000000     -0.0000299552     0.0029484842
225     0.0000000000     0.0000000000     -0.0000000000     0.0000000000     0.0000006053     0.0029457258
226     0.0000000000     0.0000000000     -0.0000000000     0.0000000000     0.0000315251     0.0029600092
227     0.0000000000     0.0000000000     -0.0000000000     0.0000000000     0.0000618266     0.0029565836
228     0.0000000000     0.0000000000     -0.0000000000     0.0000000000     0.0000956831     0.0029071392
229     0.0000000000     0.0000000000     -0.0000000000     0.0000000000     0.0001263996     0.0028627576
230     0.0000000000     0.0000000000     -0.0000000000     0.0000000000     0.0001552368     0.0028548701
231     0.0000000000     0.0000000000     -0.0000000000     0.0000000000     0.0001840137     0.0028577567
232     0.0000000000     0.0000000000     -0.0000000000     0.0000000000     0.0002018601     0.0028786417
233     0.0000000000     0.0000000000     -0.0000000000     0.0000000000     0.0001990787     0.0028761687
234     0.0000000000     0.0000000000     -0.0000000000     0.0000000000     0.0002036758     0.0028806550
235     0.0000000000     0.0000000000     -0.0000000000     0.0000000000     -0.0004142024     0.0028406530
236     0.0000000000     0.0000000000     -0.0000000000     0.0000000000     -0.0004178304     0.0028498168
237     0.0000000000     0.0000000000     -0.0000000000     0.0000000000     -0.0004188583     0.0028496350
238     0.0000000000     0.0000000000     -0.0000000000     0.0000000000     -0.0004096492     0.0028448514
239     0.0000000000     0.0000000000     -0.0000000000     0.0000000000     -0.0003795616     0.0028365817
240     0.0000000000     0.0000000000     -0.0000000000     0.0000000000     -0.0003476789     0.0028491796
241     0.0000000000     0.0000000000     -0.0000000000     0.0000000000     -0.0003120475     0.0028550528
242     0.0000000000     0.0000000000     -0.0000000000     0.0000000000     -0.0002769347     0.0028526072
243     0.0000000000     0.0000000000     -0.0000000000     0.0000000000     -0.0002434504     0.0028458170
244     0.0000000000     0.0000000000     -0.0000000000     0.0000000000     -0.0001990735     0.0028216246
245     0.0000000000     0.0000000000     -0.0000000000     0.0000000000     -0.0001621058     0.0027885503
246     0.0000000000     0.0000000000     -0.0000000000     0.0000000000     -0.0001327935     0.0027694213
247     0.0000000000     0.0000000000     -0.0000000000     0.0000000000     -0.0001057584     0.0027781504
248     0.0000000000     0.0000000000     -0.0000000000     0.0000000000     -0.0000807310     0.0027602411
249     0.0000000000     0.0000000000     -0.0000000000     0.0000000000     -0.0000489146     0.0027177787
250     0.0000000000     0.0000000000     -0.0000000000     0.0000000000     -0.0000145918     0.0027163830
251     0.0000000000     0.0000000000     -0.0000000000     0.0000000000     0.0000135063     0.0027197345
252     0.0000000000     0.0000000000     -0.0000000000     0.0000000000     0.0000378039     0.0027312402
253     0.0000000000     0.0000000000     -0.0000000000     0.0000000000     0.0000583402     0.0027158972
254     0.0000000000     0.0000000000     -0.0000000000     0.0000000000     0.0000936455     0.0026779951
255     0.0000000000     0.0000000000     -0.0000000000     0.0000000000     0.0001244913     0.0026614092
256     0.0000000000     0.0000000000     -0.0000000000     0.0000000000     0.0001421279     0.0026885837
257     0.0000000000     0.0000000000     -0.0000000000     0.0000000000     0.0001644507     0.0027029552
258     0.0000000000     0.0000000000     -0.0000000000     0.0000000000     0.0001822423     0.0027029189
259     0.0000000000     0.0000000000     -0.0000000000     0.0000000000     0.0001787995     0.0027036894
260     0.0000000000     0.0000000000     -0.0000000000     0.0000000000     0.0001878622     0.0026998406
261     0.0000000000     0.0000000000     -0.0000000000     0.0000000000     -0.0003855388     0.0026298446
262     0.0000000000     0.0000000000     -0.0000000000     0.0000000000     -0.0003805174     0.0026352510
263     0.0000000000     0.0000000000     -0.0000000000     0.0000000000     -0.0003827541     0.0026359700
264     0.0000000000     0.0000000000     -0.0000000000     0.0000000000     -0.0003719251     0.0026249053
265     0.0000000000     0.0000000000     -0.0000000000     0.0000000000     -0.0003499196     0.0025975373
266     0.0000000000     0.0000000000     -0.0000000000     0.0000000000     -0.0003255297     0.0025986492
267     0.0000000000     0.0000000000     -0.0000000000     0.0000000000     -0.0002908592     0.0026141023
268     0.0000000000     0.0000000000     -0.0000000000     0.0000000000     -0.0002571233     0.0026209825
269     0.0000000000     0.0000000000     -0.0000000000     0.0000000000     -0.0002267334     0.0026031926
270     0.0000000000     0.0000000000     -0.0000000000     0.0000000000     -0.0001810775     0.0025719016
271     0.0000000000     0.0000000000     -0.0000000000     0.0000000000     -0.0001418045     0.0025760061
272     0.0000000000     0.0000000000     -0.0000000000     0.0000000000     -0.0001184627     0.0025852565
273     0.0000000000     0.0000000000     -0.0000000000     0.0000000000     -0.0000949743     0.0025897510
274     0.0000000000     0.0000000000     -0.0000000000     0.0000000000     -0.0000650407     0.0025709300
275     0.0000000000     0.0000000000     -0.0000000000     0.0000000000     -0.0000327525     0.0025082045
276     0.0000000000     0.0000000000     -0.0000000000     0.0000000000     0.0000004512     0.0024970705
277     0.0000000000     0.0000000000     -0.0000000000     0.0000000000     0.0000354567     0.0025106487
278     0.0000000000     0.0000000000     -0.0000000000     0.0000000000     0.0000626837     0.0025142042
279     0.0000000000     0.0000000000     -0.0000000000     0.0000000000     0.0000796219     0.0024942072
280     0.0000000000     0.0000000000     -0.0000000000     0.0000000000     0.0001145928     0.0024845003
281     0.0000000000     0.0000000000     -0.0000000000     0.0000000000     0.0001442722     0.0025043291
282     0.0000000000     0.0000000000     -0.0000000000     0.0000000000     0.0001623071     0.0025289282
283     0.0000000000     0.0000000000     -0.0000000000     0.0000000000     0.0001895580     0.0025153316
284     0.0000000000     0.0000000000     -0.0000000000     0.0000000000     0.0002088741     0.0024910917
285     0.0000000000     0.0000000000     -0.0000000000     0.0000000000     0.0002057655     0.0024942290
286     0.0000000000     0.0000000000     -0.0000000000     0.0000000000     0.0002126452     0.0024912214
287     0.0000000000     0.0000000000     -0.0000000000     0.0000000000     -0.0003674389     0.0023969716
288     0.0000000000     0.0000000000     -0.0000000000     0.0000000000     -0.0003594713     0.0023933385
289     0.0000000000     0.0000000000     -0.0000000000     0.0000000000     -0.0003627284     0.0023937315
290     0.0000000000     0.0000000000     -0.0000000000     0.0000000000     -0.0003464505     0.0023914809
291     0.0000000000     0.0000000000     -0.0000000000     0.0000000000     -0.0003202356     0.0023791992
292     0.0000000000     0.0000000000     -0.0000000000     0.0000000000     -0.0003022830     0.0023678450
293     0.0000000000     0.0000000000     -0.0000000000     0.0000000000     -0.0002756597     0.0023764368
294     0.0000000000     0.0000000000     -0.0000000000     0.0000000000     -0.0002452315     0.0023778882
295     0.0000000000     0.0000000000     -0.0000000000     0.0000000000     -0.0002115955     0.0023435530
296     0.0000000000     0.0000000000     -0.0000000000     0.0000000000     -0.0001731436     0.0023180867
297     0.0000000000     0.0000000000     -0.0000000000     0.0000000000     -0.0001402381     0.0023539896
298     0.0000000000     0.0000000000     -0.0000000000     0.0000000000     -0.0001143801     0.0023923351
299     0.0000000000     0.0000000000     -0.0000000000     0.0000000000     -0.0000868687     0.0023840027
300     0.0000000000     0.0000000000     -0.0000000000     0.0000000000     -0.0000518660     0.0023626224
301     0.0000000000     0.0000000000     -0.0000000000     0.0000000000     -0.0000189500     0.0023313326
302     0.0000000000     0.0000000000     -0.0000000000     0.0000000000     0.0000172804     0.0023166806
303     0.0000000000     0.0000000000     -0.0000000000     0.0000000000     0.0000594577     0.0023082091
304     0.0000000000     0.0000000000     -0.0000000000     0.0000000000     0.0000923260     0.0022997647
305     0.0000000000     0.0000000000     -0.0000000000     0.0000000000     0.0001138879     0.0022884972
306     0.0000000000     0.0000000000     -0.0000000000     0.0000000000     0.0001458076     0.0022965852
307     0.0000000000     0.0000000000     -0.0000000000     0.0000000000     0.0001756378     0.0023194498
308     0.0000000000     0.0000000000     -0.0000000000     0.0000000000     0.0002054832     0.0023156812
309     0.0000000000     0.0000000000     -0.0000000000     0.0000000000     0.0002394853     0.0022792668
310     0.0000000000     0.0000000000     -0.0000000000     0.0000000000     0.0002590624     0.0022557986
311     0.0000000000     0.0000000000     -0.0000000000     0.0000000000     0.0002568109     0.0022589216
312     0.0000000000     0.0000000000     -0.0000000000     0.0000000000     0.0002583802     0.0022642881
313     0.0000000000     0.0000000000     -0.0000000000     0.0000000000     -0.0003714473     0.0021776303
314     0.0000000000     0.0000000000     -0.0000000000     0.0000000000     -0.0003657587     0.0021697350
315     0.0000000000     0.0000000000     -0.0000000000     0.0000000000     -0.0003690770     0.0021684622
316     0.0000000000     0.0000000000     -0.0000000000     0.0000000000     -0.0003498351     0.0021857027
317     0.0000000000     0.0000000000     -0.0000000000     0.0000000000     -0.0003082379     0.0022254437
318     0.0000000000     0.0000000000     -0.0000000000     0.0000000000     -0.0002874183     0.0022125527
319     0.0000000000     0.0000000000     -0.0000000000     0.0000000000     -0.0002657322     0.0021870172
320     0.0000000000     0.0000000000     -0.0000000000     0.0000000000     -0.0002355241     0.0021640003
321     0.0000000000     0.0000000000     -0.0000000000     0.0000000000     -0.0002044440     0.0021239418
322     0.0000000000     0.0000000000     -0.0000000000     0.0000000000     -0.0001728451     0.0021150723
323     0.0000000000     0.0000000000     -0.0000000000     0.0000000000     -0.0001444621     0.0021483568
324     0.0000000000     0.0000000000     -0.0000000000     0.0000000000     -0.0001112263     0.0021806796
325     0.0000000000     0.0000000000     -0.0000000000     0.0000000000     -0.0000751028     0.0021762326
326     0.0000000000     0.0000000000     -0.0000000000     0.0000000000     -0.0000407193     0.0021563325
327     0.0000000000     0.0000000000     -0.0000000000     0.0000000000     -0.0000047186     0.0021536438
328     0.0000000000     0.0000000000     -0.0000000000     0.0000000000     0.0000379144     0.0021369428
329     0.0000000000     0.0000000000     -0.0000000000     0.0000000000     0.0000782643     0.0021013670
330     0.0000000000     0.0000000000     -0.0000000000     0.0000000000     0.0001102434     0.0020937061
331     0.0000000000     0.0000000000     -0.0000000000     0.0000000000     0.0001378037     0.0021026101
332     0.0000000000     0.0000000000     -0.0000000000     0.0000000000     0.0001720922     0.0021290245
333     0.0000000000     0.0000000000     -0.0000000000     0.0000000000     0.0002109530     0.0021428629
334     0.0000000000     0.0000000000     -0.0000000000     0.0000000000     0.0002501045     0.0021176195
335     0.0000000000     0.0000000000     -0.0000000000     0.0000000000     0.0002865932     0.0020772011
336     0.0000000000     0.0000000000     -0.0000000000     0.0000000000     0.0003075879     0.0020583843
337     0.0000000000     0.0000000000     -0.0000000000     0.0000000000     0.0003061491     0.0020610196
338     0.0000000000     0.0000000000     -0.0000000000     0.0000000000     0.0003011350     0.0020680266
339     0.0000000000     0.0000000000     -0.0000000000     0.0000000000     -0.0003899936     0.0019909355
340     0.0000000000     0.0000000000     -0.0000000000     0.0000000000     -0.0003899860     0.0019925985
341     0.0000000000     0.0000000000     -0.0000000000     0.0000000000     -0.0003924427     0.0019901234
342     0.0000000000     0.0000000000     -0.0000000000     0.0000000000     -0.0003755589     0.0020086051
343     0.0000000000     0.0000000000     -0.0000000000     0.0000000000     -0.0003251916     0.0020550088
344     0.0000000000     0.0000000000     -0.0000000000     0.0000000000     -0.0002897641     0.0020462833
345     0.0000000000     0.0000000000     -0.0000000000     0.0000000000     -0.0002630810     0.0020059349
346     0.0000000000     0.0000000000     -0.0000000000     0.0000000000     -0.0002327570     0.0019785074
347     0.0000000000     0.0000000000     -0.0000000000     0.0000000000     -0.0002052584     0.0019603028
348     0.0000000000     0.0000000000     -0.0000000000     0.0000000000     -0.0001732366     0.0019576701
349     0.0000000000     0.0000000000     -0.0000000000     0.0000000000     -0.0001402882     0.0019588104
350     0.0000000000     0.0000000000     -0.0000000000     0.0000000000     -0.0001032808     0.0019634332
351     0.0000000000     0.0000000000     -0.0000000000     0.0000000000     -0.0000615689     0.0019568438
352     0.0000000000     0.0000000000     -0.0000000000     0.0000000000     -0.0000278897     0.0019267659
353     0.0000000000     0.0000000000     -0.0000000000     0.0000000000     0.0000092004     0.0019354444
354     0.0000000000     0.0000000000     -0.0000000000     0.0000000000     0.0000481923     0.0019357135
355     0.0000000000     0.0000000000     -0.0000000000     0.0000000000     0.0000815425     0.0019122856
356     0.0000000000     0.0000000000     -0.0000000000     0.0000000000     0.0001107287     0.0019204944
357     0.0000000000     0.0000000000     -0.0000000000     0.0000000000     0.0001427292     0.0019404730
358     0.0000000000     0.0000000000     -0.0000000000     0.0000000000     0.0001835731     0.0019628982
359     0.0000000000     0.0000000000     -0.0000000000     0.0000000000     0.0002303729     0.0019602370
360     0.0000000000     0.0000000000     -0.0000000000     0.0000000000     0.0002694883     0.0019435138
361     0.0000000000     0.0000000000     -0.0000000000     0.0000000000     0.0003067599     0.0019221106
362     0.0000000000     0.0000000000     -0.0000000000     0.0000000000     0.0003284685     0.0019090006
363     0.0000000000     0.0000000000     -0.0000000000     0.0000000000     0.0003272740     0.0019116164
364     0.0000000000     0.0000000000     -0.0000000000     0.0000000000     0.0003198473     0.0019079164
365     0.0000000000     0.0000000000     -0.0000000000     0.0000000000     -0.0004004052     0.0018103949
366     0.0000000000     0.0000000000     -0.0000000000     0.0000000000     -0.0004038084     0.0018157212
367     0.0000000000     0.0000000000     -0.0000000000     0.0000000000     -0.0004055061     0.0018144118
368     0.0000000000     0.0000000000     -0.0000000000     0.0000000000     -0.0003906321     0.0018213477
369     0.0000000000     0.0000000000     -0.0000000000     0.0000000000     -0.0003436593     0.0018252360
370     0.0000000000     0.0000000000     -0.0000000000     0.0000000000     -0.0003018944     0.0018104190
371     0.0000000000     0.0000000000     -0.0000000000     0.0000000000     -0.0002689097     0.0017927922
372     0.0000000000     0.0000000000     -0.0000000000     0.0000000000     -0.0002348235     0.0017804765
373     0.0000000000     0.0000000000     -0.0000000000     0.0000000000     -0.0002023560     0.0017762046
374     0.0000000000     0.0000000000     -0.0000000000     0.0000000000     -0.0001651566     0.0017685112
375     0.0000000000     0.0000000000     -0.0000000000     0.0000000000     -0.0001311396     0.0017517788
376     0.0000000000     0.0000000000     -0.0000000000     0.0000000000     -0.0000919626     0.0017364494
377     0.0000000000     0.0000000000     -0.0000000000     0.0000000000     -0.0000457494     0.0017195811
378     0.0000000000     0.0000000000     -0.0000000000     0.0000000000     -0.0000166326     0.0016868664
379     0.0000000000     0.0000000000     -0.0000000000     0.0000000000     0.0000113473     0.0016943058
380     0.0000000000     0.0000000000     -0.0000000000     0.0000000000     0.0000426962     0.0017197905
381     0.0000000000     0.0000000000     -0.0000000000     0.0000000000     0.0000765422     0.0017344236
382     0.0000000000     0.0000000000     -0.0000000000     0.0000000000     0.0001068817     0.0017498758
383     0.0000000000     0.0000000000     -0.0000000000     0.0000000000     0.0001376150     0.0017494310
384     0.0000000000     0.0000000000     -0.0000000000     0.0000000000     0.0001798580     0.0017408269
385     0.0000000000     0.0000000000     -0.0000000000     0.0000000000     0.0002249242     0.0017204802
386     0.0000000000     0.0000000000     -0.0000000000     0.0000000000     0.0002619315     0.0017207182
387     0.0000000000     0.0000000000     -0.0000000000     0.0000000000     0.0002961675     0.0017385852
388     0.0000000000     0.0000000000     -0.0000000000     0.0000000000     0.0003138770     0.0017452224
389     0.0000000000     0.0000000000     -0.0000000000     0.0000000000     0.0003125537     0.0017461942
390     0.0000000000     0.0000000000     -0.0000000000     0.0000000000     0.0003086896     0.0017371053
391     0.0000000000     0.0000000000     -22.4175007268     0.0000000000     -0.0003970227     0.0016100971
392     0.0000000000     0.0000000000     -22.4175007268     0.0000000000     -0.0004019169     0.0016023185
393     0.0000000000     0.0000000000     -22.4175007268     0.0000000000     -0.0004031643     0.0016038771
394     0.0000000000     0.0000000000     -22.4175007268     0.0000000000     -0.0003881077     0.0015991378
395     0.0000000000     0.0000000000     -22.4175007268     0.0000000000     -0.0003459649     0.0015767874
396     0.0000000000     0.0000000000     -22.4175007268     0.0000000000     -0.0003075336     0.0015604618
397     0.0000000000     0.0000000000     -22.4175007268     0.0000000000     -0.0002697385     0.0015611105
398     0.0000000000     0.0000000000     -22.4175007268     0.0000000000     -0.0002191328     0.0015693237
399     0.0000000000     0.0000000000     -22.4175007268     0.0000000000     -0.0001792413     0.0015728730
400     0.0000000000     0.0000000000     -22.4175007268     0.0000000000     -0.0001507149     0.0015520687
401     0.0000000000     0.0000000000     -22.4175007268     0.0000000000     -0.0001221371     0.0015249763
402     0.0000000000     0.0000000000     -22.4175007268     0.0000000000     -0.0000863527     0.0014932432
403     0.0000000000     0.0000000000     -22.4175007268     0.0000000000     -0.0000419479     0.0014709122
404     0.0000000000     0.0000000000     -22.4175007268     0.0000000000     -0.0000133138     0.0014554953
405     0.0000000000     0.0000000000     -22.4175007268     0.0000000000     0.0000088534     0.0014600041
406     0.0000000000     0.0000000000     -22.4175007268     0.0000000000     0.0000390821     0.0014937189
407     0.0000000000     0.0000000000     -22.4175007268     0.0000000000     0.0000782857     0.0015364354
408     0.0000000000     0.0000000000     -22.4175007268     0.0000000000     0.0001077293     0.0015563897
409     0.0000000000     0.0000000000     -22.4175007268     0.0000000000     0.0001329757     0.0015251324
410     0.0000000000     0.0000000000     -22.4175007268     0.0000000000     0.0001689238     0.0014873479
411     0.0000000000     0.0000000000     -22.4175007268     0.0000000000     0.0002054236     0.0014604407
412     0.0000000000     0.0000000000     -22.4175007268     0.0000000000     0.0002370406     0.0014728603
413     0.0000000000     0.0000000000     -22.4175007268     0.0000000000     0.0002648906     0.0015164423
414     0.0000000000     0.0000000000     -22.4175007268     0.0000000000     0.0002809372     0.0015373636
415     0.0000000000     0.0000000000     -22.4175007268     0.0000000000     0.0002792784     0.0015364929
416     0.0000000000     0.0000000000     -22.4175007268     0.0000000000     0.0002795389     0.0015329247
