1     0.0000000000     0.0000000000     25.3553437758     0.0000000000     -0.0004493287     0.0050462882
2     0.0000000000     0.0000000000     25.3553437758     0.0000000000     -0.0004522098     0.0050575537
3     0.0000000000     0.0000000000     25.3553437758     0.0000000000     -0.0004530030     0.0050581371
4     0.0000000000     0.0000000000     25.3553437758     0.0000000000     -0.0004452877     0.0050500028
5     0.0000000000     0.0000000000     25.3553437758     0.0000000000     -0.0004083873     0.0050145461
6     0.0000000000     0.0000000000     25.3553437758     0.0000000000     -0.0003467993     0.0049923578
7     0.0000000000     0.0000000000     25.3553437758     0.0000000000     -0.0003031460     0.0049900190
8     0.0000000000     0.0000000000     25.3553437758     0.0000000000     -0.0002790996     0.0050085941
9     0.0000000000     0.0000000000     25.3553437758     0.0000000000     -0.0002437665     0.0050306223
10     0.0000000000     0.0000000000     25.3553437758     0.0000000000     -0.0002081929     0.0050504627
11     0.0000000000     0.0000000000     25.3553437758     0.0000000000     -0.0001821953     0.0050675904
12     0.0000000000     0.0000000000     25.3553437758     0.0000000000     -0.0001528938     0.0050890515
13     0.0000000000     0.0000000000     25.3553437758     0.0000000000     -0.0001145009     0.0051265393
14     0.0000000000     0.0000000000     25.3553437758     0.0000000000     -0.0000695607     0.0051419226
15     0.0000000000     0.0000000000     25.3553437758     0.0000000000     -0.0000310037     0.0050952967
16     0.0000000000     0.0000000000     25.3553437758     0.0000000000     0.0000069454     0.0050440393
17     0.0000000000     0.0000000000     25.3553437758     0.0000000000     0.0000464698     0.0050433623
18     0.0000000000     0.0000000000     25.3553437758     0.0000000000     0.0000768395     0.0050551573
19     0.0000000000     0.0000000000     25.3553437758     0.0000000000     0.0001231556     0.0050707790
20     0.0000000000     0.0000000000     25.3553437758     0.0000000000     0.0001725821     0.0050902865
21     0.0000000000     0.0000000000     25.3553437758     0.0000000000     0.0001959261     0.0050825577
22     0.0000000000     0.0000000000     25.3553437758     0.0000000000     0.0002175904     0.0050580388
23     0.0000000000     0.0000000000     25.3553437758     0.0000000000     0.0002706037     0.0050172201
24     0.0000000000     0.0000000000     25.3553437758     0.0000000000     0.0003123218     0.0049835507
25     0.0000000000     0.0000000000     25.3553437758     0.0000000000     0.0003082695     0.0049866938
26     0.0000000000     0.0000000000     25.3553437758     0.0000000000     0.0003051247     0.0049906448
27     0.0000000000     0.0000000000     -0.0000000000     0.0000000000     -0.0004327240     0.0048795439
28     0.0000000000     0.0000000000     -0.0000000000     0.0000000000     -0.0004323591     0.0048975786
29     0.0000000000     0.0000000000     -0.0000000000     0.0000000000     -0.0004334607     0.0048971587
30     0.0000000000     0.0000000000     -0.0000000000     0.0000000000     -0.0004242415     0.0048893141
31     0.0000000000     0.0000000000     -0.0000000000     0.0000000000     -0.0003933172     0.0048425711
32     0.0000000000     0.0000000000     -0.0000000000     0.0000000000     -0.0003426955     0.0048024283
33     0.0000000000     0.0000000000     -0.0000000000     0.0000000000     -0.0003067577     0.0047762558
34     0.0000000000     0.0000000000     -0.0000000000     0.0000000000     -0.0002883136     0.0047738943
35     0.0000000000     0.0000000000     -0.0000000000     0.0000000000     -0.0002581386     0.0047693957
36     0.0000000000     0.0000000000     -0.0000000000     0.0000000000     -0.0002198865     0.0047605608
37     0.0000000000     0.0000000000     -0.0000000000     0.0000000000     -0.0001912654     0.0047760711
38     0.0000000000     0.0000000000     -0.0000000000     0.0000000000     -0.0001645566     0.0048007653
39     0.0000000000     0.0000000000     -0.0000000000     0.0000000000     -0.0001216794     0.0048302331
40     0.0000000000     0.0000000000     -0.0000000000     0.0000000000     -0.0000693407     0.0048514538
41     0.0000000000     0.0000000000     -0.0000000000     0.0000000000     -0.0000359246     0.0048333478
42     0.0000000000     0.0000000000     -0.0000000000     0.0000000000     -0.0000031392     0.0048106982
43     0.0000000000     0.0000000000     -0.0000000000     0.0000000000     0.0000467385     0.0048378134
44     0.0000000000     0.0000000000     -0.0000000000     0.0000000000     0.0000790223     0.0048477186
45     0.0000000000     0.0000000000     -0.0000000000     0.0000000000     0.0001115233     0.0048264233
46     0.0000000000     0.0000000000     -0.0000000000     0.0000000000     0.0001598365     0.0048315294
47     0.0000000000     0.0000000000     -0.0000000000     0.0000000000     0.0001892222     0.0048569538
48     0.0000000000     0.0000000000     -0.0000000000     0.0000000000     0.0002159823     0.0048570105
49     0.0000000000     0.0000000000     -0.0000000000     0.0000000000     0.0002751347     0.0048305983
50     0.0000000000     0.0000000000     -0.0000000000     0.0000000000     0.0003193894     0.0048073849
51     0.0000000000     0.0000000000     -0.0000000000     0.0000000000     0.0003157770     0.0048099491
52     0.0000000000     0.0000000000     -0.0000000000     0.0000000000     0.0003121712     0.0048032237
53     0.0000000000     0.0000000000     -0.0000000000     0.0000000000     -0.0004183248     0.0046614429
54     0.0000000000     0.0000000000     -0.0000000000     0.0000000000     -0.0004165084     0.0046754487
55     0.0000000000     0.0000000000     -0.0000000000     0.0000000000     -0.0004175987     0.0046749667
56     0.0000000000     0.0000000000     -0.0000000000     0.0000000000     -0.0004093007     0.0046716878
57     0.0000000000     0.0000000000     -0.0000000000     0.0000000000     -0.0003821454     0.0046354028
58     0.0000000000     0.0000000000     -0.0000000000     0.0000000000     -0.0003373352     0.0045878859
59     0.0000000000     0.0000000000     -0.0000000000     0.0000000000     -0.0003102798     0.0045569173
60     0.0000000000     0.0000000000     -0.0000000000     0.0000000000     -0.0002939412     0.0045549897
61     0.0000000000     0.0000000000     -0.0000000000     0.0000000000     -0.0002649725     0.0045357056
62     0.0000000000     0.0000000000     -0.0000000000     0.0000000000     -0.0002282663     0.0045079616
63     0.0000000000     0.0000000000     -0.0000000000     0.0000000000     -0.0001942842     0.0045192142
64     0.0000000000     0.0000000000     -0.0000000000     0.0000000000     -0.0001644692     0.0045278890
65     0.0000000000     0.0000000000     -0.0000000000     0.0000000000     -0.0001240694     0.0045294785
66     0.0000000000     0.0000000000     -0.0000000000     0.0000000000     -0.0000762824     0.0045325788
67     0.0000000000     0.0000000000     -0.0000000000     0.0000000000     -0.0000447302     0.0045315367
68     0.0000000000     0.0000000000     -0.0000000000     0.0000000000     -0.0000111995     0.0045602850
69     0.0000000000     0.0000000000     -0.0000000000     0.0000000000     0.0000404456     0.0045983175
70     0.0000000000     0.0000000000     -0.0000000000     0.0000000000     0.0000757069     0.0045943582
71     0.0000000000     0.0000000000     -0.0000000000     0.0000000000     0.0001001912     0.0045595467
72     0.0000000000     0.0000000000     -0.0000000000     0.0000000000     0.0001413280     0.0045608066
73     0.0000000000     0.0000000000     -0.0000000000     0.0000000000     0.0001777570     0.0046053231
74     0.0000000000     0.0000000000     -0.0000000000     0.0000000000     0.0002070192     0.0046299177
75     0.0000000000     0.0000000000     -0.0000000000     0.0000000000     0.0002563823     0.0046295861
76     0.0000000000     0.0000000000     -0.0000000000     0.0000000000     0.0002931265     0.0046158576
77     0.0000000000     0.0000000000     -0.0000000000     0.0000000000     0.0002900117     0.0046168919
78     0.0000000000     0.0000000000     -0.0000000000     0.0000000000     0.0002912950     0.0046021768
79     0.0000000000     0.0000000000     -0.0000000000     0.0000000000     -0.0004115237     0.0044042375
80     0.0000000000     0.0000000000     -0.0000000000     0.0000000000     -0.0004096419     0.0044113469
81     0.0000000000     0.0000000000     -0.0000000000     0.0000000000     -0.0004104236     0.0044112354
82     0.0000000000     0.0000000000     -0.0000000000     0.0000000000     -0.0004047919     0.0044076681
83     0.0000000000     0.0000000000     -0.0000000000     0.0000000000     -0.0003814180     0.0043777930
84     0.0000000000     0.0000000000     -0.0000000000     0.0000000000     -0.0003365860     0.0043421115
85     0.0000000000     0.0000000000     -0.0000000000     0.0000000000     -0.0003114782     0.0043324062
86     0.0000000000     0.0000000000     -0.0000000000     0.0000000000     -0.0002947543     0.0043451222
87     0.0000000000     0.0000000000     -0.0000000000     0.0000000000     -0.0002625251     0.0043318827
88     0.0000000000     0.0000000000     -0.0000000000     0.0000000000     -0.0002286717     0.0043049487
89     0.0000000000     0.0000000000     -0.0000000000     0.0000000000     -0.0001952402     0.0043049494
90     0.0000000000     0.0000000000     -0.0000000000     0.0000000000     -0.0001608774     0.0042938538
91     0.0000000000     0.0000000000     -0.0000000000     0.0000000000     -0.0001246284     0.0042775349
92     0.0000000000     0.0000000000     -0.0000000000     0.0000000000     -0.0000815019     0.0042711671
93     0.0000000000     0.0000000000     -0.0000000000     0.0000000000     -0.0000444711     0.0042697937
94     0.0000000000     0.0000000000     -0.0000000000     0.0000000000     -0.0000097580     0.0043059273
95     0.0000000000     0.0000000000     -0.0000000000     0.0000000000     0.0000361916     0.0043343932
96     0.0000000000     0.0000000000     -0.0000000000     0.0000000000     0.0000724706     0.0043286749
97     0.0000000000     0.0000000000     -0.0000000000     0.0000000000     0.0001001052     0.0043201354
98     0.0000000000     0.0000000000     -0.0000000000     0.0000000000     0.0001358176     0.0043364648
99     0.0000000000     0.0000000000     -0.0000000000     0.0000000000     0.0001706917     0.0043528244
100     0.0000000000     0.0000000000     -0.0000000000     0.0000000000     0.0001986316     0.0043678943
101     0.0000000000     0.0000000000     -0.0000000000     0.0000000000     0.0002394638     0.0043713266
102     0.0000000000     0.0000000000     -0.0000000000     0.0000000000     0.0002690380     0.0043542239
103     0.0000000000     0.0000000000     -0.0000000000     0.0000000000     0.0002663042     0.0043550267
104     0.0000000000     0.0000000000     -0.0000000000     0.0000000000     0.0002694023     0.0043468593
105     0.0000000000     0.0000000000     -0.0000000000     0.0000000000     -0.0004021516     0.0041337972
106     0.0000000000     0.0000000000     -0.0000000000     0.0000000000     -0.0003977512     0.0041312521
107     0.0000000000     0.0000000000     -0.0000000000     0.0000000000     -0.0003984071     0.0041319645
108     0.0000000000     0.0000000000     -0.0000000000     0.0000000000     -0.0003954527     0.0041291149
109     0.0000000000     0.0000000000     -0.0000000000     0.0000000000     -0.0003808186     0.0041106220
110     0.0000000000     0.0000000000     -0.0000000000     0.0000000000     -0.0003472301     0.0040973547
111     0.0000000000     0.0000000000     -0.0000000000     0.0000000000     -0.0003202292     0.0041046452
112     0.0000000000     0.0000000000     -0.0000000000     0.0000000000     -0.0002954159     0.0041179688
113     0.0000000000     0.0000000000     -0.0000000000     0.0000000000     -0.0002577769     0.0041178280
114     0.0000000000     0.0000000000     -0.0000000000     0.0000000000     -0.0002211690     0.0041133844
115     0.0000000000     0.0000000000     -0.0000000000     0.0000000000     -0.0001934031     0.0041079865
116     0.0000000000     0.0000000000     -0.0000000000     0.0000000000     -0.0001601254     0.0040836034
117     0.0000000000     0.0000000000     -0.0000000000     0.0000000000     -0.0001251837     0.0040645572
118     0.0000000000     0.0000000000     -0.0000000000     0.0000000000     -0.0000868271     0.0040621703
119     0.0000000000     0.0000000000     -0.0000000000     0.0000000000     -0.0000448032     0.0040667053
120     0.0000000000     0.0000000000     -0.0000000000     0.0000000000     -0.0000086839     0.0040668895
121     0.0000000000     0.0000000000     -0.0000000000     0.0000000000     0.0000315413     0.0040676343
122     0.0000000000     0.0000000000     -0.0000000000     0.0000000000     0.0000678619     0.0040609087
123     0.0000000000     0.0000000000     -0.0000000000     0.0000000000     0.0000982381     0.0040808276
124     0.0000000000     0.0000000000     -0.0000000000     0.0000000000     0.0001344103     0.0041204638
125     0.0000000000     0.0000000000     -0.0000000000     0.0000000000     0.0001636270     0.0041126751
126     0.0000000000     0.0000000000     -0.0000000000     0.0000000000     0.0001901484     0.0041027450
127     0.0000000000     0.0000000000     -0.0000000000     0.0000000000     0.0002253424     0.0040791957
128     0.0000000000     0.0000000000     -0.0000000000     0.0000000000     0.0002500898     0.0040503454
129     0.0000000000     0.0000000000     -0.0000000000     0.0000000000     0.0002474883     0.0040520209
130     0.0000000000     0.0000000000     -0.0000000000     0.0000000000     0.0002515328     0.0040568736
131     0.0000000000     0.0000000000     -0.0000000000     0.0000000000     -0.0003899574     0.0038694961
132     0.0000000000     0.0000000000     -0.0000000000     0.0000000000     -0.0003815660     0.0038593319
133     0.0000000000     0.0000000000     -0.0000000000     0.0000000000     -0.0003826164     0.0038601098
134     0.0000000000     0.0000000000     -0.0000000000     0.0000000000     -0.0003786736     0.0038621579
135     0.0000000000     0.0000000000     -0.0000000000     0.0000000000     -0.0003725805     0.0038697933
136     0.0000000000     0.0000000000     -0.0000000000     0.0000000000     -0.0003534350     0.0038788044
137     0.0000000000     0.0000000000     -0.0000000000     0.0000000000     -0.0003278165     0.0038847401
138     0.0000000000     0.0000000000     -0.0000000000     0.0000000000     -0.0002941606     0.0038832194
139     0.0000000000     0.0000000000     -0.0000000000     0.0000000000     -0.0002542405     0.0038846336
140     0.0000000000     0.0000000000     -0.0000000000     0.0000000000     -0.0002203229     0.0039004832
141     0.0000000000     0.0000000000     -0.0000000000     0.0000000000     -0.0001957161     0.0038993352
142     0.0000000000     0.0000000000     -0.0000000000     0.0000000000     -0.0001614615     0.0038740083
143     0.0000000000     0.0000000000     -0.0000000000     0.0000000000     -0.0001250657     0.0038556196
144     0.0000000000     0.0000000000     -0.0000000000     0.0000000000     -0.0000944961     0.0038499301
145     0.0000000000     0.0000000000     -0.0000000000     0.0000000000     -0.0000534563     0.0038511711
146     0.0000000000     0.0000000000     -0.0000000000     0.0000000000     -0.0000146322     0.0038366149
147     0.0000000000     0.0000000000     -0.0000000000     0.0000000000     0.0000266833     0.0038166525
148     0.0000000000     0.0000000000     -0.0000000000     0.0000000000     0.0000657482     0.0037955166
149     0.0000000000     0.0000000000     -0.0000000000     0.0000000000     0.0000908187     0.0038187792
150     0.0000000000     0.0000000000     -0.0000000000     0.0000000000     0.0001209656     0.0038758666
151     0.0000000000     0.0000000000     -0.0000000000     0.0000000000     0.0001548200     0.0038826497
152     0.0000000000     0.0000000000     -0.0000000000     0.0000000000     0.0001908961     0.0038599188
153     0.0000000000     0.0000000000     -0.0000000000     0.0000000000     0.0002241211     0.0038145079
154     0.0000000000     0.0000000000     -0.0000000000     0.0000000000     0.0002441537     0.0037840829
155     0.0000000000     0.0000000000     -0.0000000000     0.0000000000     0.0002417779     0.0037869320
156     0.0000000000     0.0000000000     -0.0000000000     0.0000000000     0.0002444347     0.0037949441
157     0.0000000000     0.0000000000     -0.0000000000     0.0000000000     -0.0003934373     0.0036279043
158     0.0000000000     0.0000000000     -0.0000000000     0.0000000000     -0.0003857461     0.0036149070
159     0.0000000000     0.0000000000     -0.0000000000     0.0000000000     -0.0003871159     0.0036150441
160     0.0000000000     0.0000000000     -0.0000000000     0.0000000000     -0.0003791467     0.0036233625
161     0.0000000000     0.0000000000     -0.0000000000     0.0000000000     -0.0003665466     0.0036649326
162     0.0000000000     0.0000000000     -0.0000000000     0.0000000000     -0.0003464936     0.0036841542
163     0.0000000000     0.0000000000     -0.0000000000     0.0000000000     -0.0003225962     0.0036731318
164     0.0000000000     0.0000000000     -0.0000000000     0.0000000000     -0.0002918300     0.0036569654
165     0.0000000000     0.0000000000     -0.0000000000     0.0000000000     -0.0002590083     0.0036641674
166     0.0000000000     0.0000000000     -0.0000000000     0.0000000000     -0.0002320809     0.0036913887
167     0.0000000000     0.0000000000     -0.0000000000     0.0000000000     -0.0002057793     0.0036767517
168     0.0000000000     0.0000000000     -0.0000000000     0.0000000000     -0.0001671253     0.0036447580
169     0.0000000000     0.0000000000     -0.0000000000     0.0000000000     -0.0001285186     0.0036272371
170     0.0000000000     0.0000000000     -0.0000000000     0.0000000000     -0.0001019389     0.0036260800
171     0.0000000000     0.0000000000     -0.0000000000     0.0000000000     -0.0000640780     0.0036188351
172     0.0000000000     0.0000000000     -0.0000000000     0.0000000000     -0.0000244599     0.0036044535
173     0.0000000000     0.0000000000     -0.0000000000     0.0000000000     0.0000171393     0.0035924475
174     0.0000000000     0.0000000000     -0.0000000000     0.0000000000     0.0000629532     0.0035674119
175     0.0000000000     0.0000000000     -0.0000000000     0.0000000000     0.0000866753     0.0035866211
176     0.0000000000     0.0000000000     -0.0000000000     0.0000000000     0.0001104380     0.0036287647
177     0.0000000000     0.0000000000     -0.0000000000     0.0000000000     0.0001496306     0.0036366190
178     0.0000000000     0.0000000000     -0.0000000000     0.0000000000     0.0001931292     0.0036119512
179     0.0000000000     0.0000000000     -0.0000000000     0.0000000000     0.0002289792     0.0035748567
180     0.0000000000     0.0000000000     -0.0000000000     0.0000000000     0.0002515061     0.0035677418
181     0.0000000000     0.0000000000     -0.0000000000     0.0000000000     0.0002495506     0.0035685261
182     0.0000000000     0.0000000000     -0.0000000000     0.0000000000     0.0002478075     0.0035691057
183     0.0000000000     0.0000000000     -0.0000000000     0.0000000000     -0.0004195979     0.0034252235
184     0.0000000000     0.0000000000     -0.0000000000     0.0000000000     -0.0004210753     0.0034168000
185     0.0000000000     0.0000000000     -0.0000000000     0.0000000000     -0.0004220324     0.0034159808
186     0.0000000000     0.0000000000     -0.0000000000     0.0000000000     -0.0004128831     0.0034274442
187     0.0000000000     0.0000000000     -0.0000000000     0.0000000000     -0.0003807707     0.0034792823
188     0.0000000000     0.0000000000     -0.0000000000     0.0000000000     -0.0003465237     0.0034953724
189     0.0000000000     0.0000000000     -0.0000000000     0.0000000000     -0.0003204735     0.0034667041
190     0.0000000000     0.0000000000     -0.0000000000     0.0000000000     -0.0002978873     0.0034509408
191     0.0000000000     0.0000000000     -0.0000000000     0.0000000000     -0.0002686348     0.0034721539
192     0.0000000000     0.0000000000     -0.0000000000     0.0000000000     -0.0002369480     0.0034822620
193     0.0000000000     0.0000000000     -0.0000000000     0.0000000000     -0.0002074775     0.0034307153
194     0.0000000000     0.0000000000     -0.0000000000     0.0000000000     -0.0001678161     0.0033888313
195     0.0000000000     0.0000000000     -0.0000000000     0.0000000000     -0.0001327400     0.0033802394
196     0.0000000000     0.0000000000     -0.0000000000     0.0000000000     -0.0001051697     0.0033931374
197     0.0000000000     0.0000000000     -0.0000000000     0.0000000000     -0.0000710075     0.0033960913
198     0.0000000000     0.0000000000     -0.0000000000     0.0000000000     -0.0000353321     0.0033904716
199     0.0000000000     0.0000000000     -0.0000000000     0.0000000000     0.0000006601     0.0033904075
200     0.0000000000     0.0000000000     -0.0000000000     0.0000000000     0.0000446575     0.0033915368
201     0.0000000000     0.0000000000     -0.0000000000     0.0000000000     0.0000756783     0.0034049840
202     0.0000000000     0.0000000000     -0.0000000000     0.0000000000     0.0001032989     0.0033891080
203     0.0000000000     0.0000000000     -0.0000000000     0.0000000000     0.0001389218     0.0033633797
204     0.0000000000     0.0000000000     -0.0000000000     0.0000000000     0.0001800898     0.0033370274
205     0.0000000000     0.0000000000     -0.0000000000     0.0000000000     0.0002156549     0.0033173342
206     0.0000000000     0.0000000000     -0.0000000000     0.0000000000     0.0002378987     0.0033315863
207     0.0000000000     0.0000000000     -0.0000000000     0.0000000000     0.0002364738     0.0033290285
208     0.0000000000     0.0000000000     -0.0000000000     0.0000000000     0.0002352954     0.0033318586
209     0.0000000000     0.0000000000     -0.0000000000     0.0000000000     -0.0004398936     0.0032459309
210     0.0000000000     0.0000000000     -0.0000000000     0.0000000000     -0.0004506886     0.0032484937
211     0.0000000000     0.0000000000     -0.0000000000     0.0000000000     -0.0004511618     0.0032475344
212     0.0000000000     0.0000000000     -0.0000000000     0.0000000000     -0.0004416771     0.0032521916
213     0.0000000000     0.0000000000     -0.0000000000     0.0000000000     -0.0004013065     0.0032798268
214     0.0000000000     0.0000000000     -0.0000000000     0.0000000000     -0.0003619038     0.0032989592
215     0.0000000000     0.0000000000     -0.0000000000     0.0000000000     -0.0003302648     0.0032799972
216     0.0000000000     0.0000000000     -0.0000000000     0.0000000000     -0.0003022877     0.0032695579
217     0.0000000000     0.0000000000     -0.0000000000     0.0000000000     -0.0002672388     0.0032798480
218     0.0000000000     0.0000000000     -0.0000000000     0.0000000000     -0.0002269818     0.0032643926
219     0.0000000000     0.0000000000     -0.0000000000     0.0000000000     -0.0001956617     0.0032027200
220     0.0000000000     0.0000000000     -0.0000000000     0.0000000000     -0.0001590645     0.0031659157
221     0.0000000000     0.0000000000     -0.0000000000     0.0000000000     -0.0001270596     0.0031713056
222     0.0000000000     0.0000000000     -0.0000000000     0.0000000000     -0.0000998120     0.0031665802
223     0.0000000000     0.0000000000     -0.0000000000     0.0000000000     -0.0000670434     0.0031679785
224     0.0000000000     0.0000000000     -0.0000000000     0.0000000000     -0.0000342574     0.0031744186
225     0.0000000000     0.0000000000     -0.0000000000     0.0000000000     -0.0000032382     0.0031703106
226     0.0000000000     0.0000000000     -0.0000000000     0.0000000000     0.0000284760     0.0031833415
227     0.0000000000     0.0000000000     -0.0000000000     0.0000000000     0.0000584273     0.0031801672
228     0.0000000000     0.0000000000     -0.0000000000     0.0000000000     0.0000925803     0.0031307373
229     0.0000000000     0.0000000000     -0.0000000000     0.0000000000     0.0001241856     0.0030872304
230     0.0000000000     0.0000000000     -0.0000000000     0.0000000000     0.0001532455     0.0030788908
231     0.0000000000     0.0000000000     -0.0000000000     0.0000000000     0.0001822739     0.0030815477
232     0.0000000000     0.0000000000     -0.0000000000     0.0000000000     0.0002017551     0.0031032166
233     0.0000000000     0.0000000000     -0.0000000000     0.0000000000     0.0002004699     0.0031000196
234     0.0000000000     0.0000000000     -0.0000000000     0.0000000000     0.0002051037     0.0031044855
235     0.0000000000     0.0000000000     -0.0000000000     0.0000000000     -0.0004284035     0.0030520071
236     0.0000000000     0.0000000000     -0.0000000000     0.0000000000     -0.0004329933     0.0030598939
237     0.0000000000     0.0000000000     -0.0000000000     0.0000000000     -0.0004340566     0.0030597919
238     0.0000000000     0.0000000000     -0.0000000000     0.0000000000     -0.0004246439     0.0030550912
239     0.0000000000     0.0000000000     -0.0000000000     0.0000000000     -0.0003930751     0.0030477530
240     0.0000000000     0.0000000000     -0.0000000000     0.0000000000     -0.0003598493     0.0030610955
241     0.0000000000     0.0000000000     -0.0000000000     0.0000000000     -0.0003234218     0.0030674448
242     0.0000000000     0.0000000000     -0.0000000000     0.0000000000     -0.0002872409     0.0030666738
243     0.0000000000     0.0000000000     -0.0000000000     0.0000000000     -0.0002525887     0.0030609382
244     0.0000000000     0.0000000000     -0.0000000000     0.0000000000     -0.0002071072     0.0030357704
245     0.0000000000     0.0000000000     -0.0000000000     0.0000000000     -0.0001694734     0.0030009696
246     0.0000000000     0.0000000000     -0.0000000000     0.0000000000     -0.0001392938     0.0029821411
247     0.0000000000     0.0000000000     -0.0000000000     0.0000000000     -0.0001113979     0.0029930975
248     0.0000000000     0.0000000000     -0.0000000000     0.0000000000     -0.0000859609     0.0029750334
249     0.0000000000     0.0000000000     -0.0000000000     0.0000000000     -0.0000538839     0.0029281774
250     0.0000000000     0.0000000000     -0.0000000000     0.0000000000     -0.0000184536     0.0029256661
251     0.0000000000     0.0000000000     -0.0000000000     0.0000000000     0.0000102481     0.0029272818
252     0.0000000000     0.0000000000     -0.0000000000     0.0000000000     0.0000344816     0.0029381106
253     0.0000000000     0.0000000000     -0.0000000000     0.0000000000     0.0000542029     0.0029230351
254     0.0000000000     0.0000000000     -0.0000000000     0.0000000000     0.0000903105     0.0028843200
255     0.0000000000     0.0000000000     -0.0000000000     0.0000000000     0.0001220639     0.0028674486
256     0.0000000000     0.0000000000     -0.0000000000     0.0000000000     0.0001386212     0.0028930285
257     0.0000000000     0.0000000000     -0.0000000000     0.0000000000     0.0001610588     0.0029066515
258     0.0000000000     0.0000000000     -0.0000000000     0.0000000000     0.0001807339     0.0029073738
259     0.0000000000     0.0000000000     -0.0000000000     0.0000000000     0.0001792105     0.0029071729
260     0.0000000000     0.0000000000     -0.0000000000     0.0000000000     0.0001883932     0.0029038347
261     0.0000000000     0.0000000000     -0.0000000000     0.0000000000     -0.0003988825     0.0028259548
262     0.0000000000     0.0000000000     -0.0000000000     0.0000000000     -0.0003938516     0.0028304105
263     0.0000000000     0.0000000000     -0.0000000000     0.0000000000     -0.0003961294     0.0028312054
264     0.0000000000     0.0000000000     -0.0000000000     0.0000000000     -0.0003850539     0.0028199877
265     0.0000000000     0.0000000000     -0.0000000000     0.0000000000     -0.0003618622     0.0027915073
266     0.0000000000     0.0000000000     -0.0000000000     0.0000000000     -0.0003367024     0.0027924589
267     0.0000000000     0.0000000000     -0.0000000000     0.0000000000     -0.0003012508     0.0028093498
268     0.0000000000     0.0000000000     -0.0000000000     0.0000000000     -0.0002663553     0.0028182630
269     0.0000000000     0.0000000000     -0.0000000000     0.0000000000     -0.0002346800     0.0028013647
270     0.0000000000     0.0000000000     -0.0000000000     0.0000000000     -0.0001877088     0.0027697281
271     0.0000000000     0.0000000000     -0.0000000000     0.0000000000     -0.0001478339     0.0027750911
272     0.0000000000     0.0000000000     -0.0000000000     0.0000000000     -0.0001240734     0.0027846631
273     0.0000000000     0.0000000000     -0.0000000000     0.0000000000     -0.0000997437     0.0027889930
274     0.0000000000     0.0000000000     -0.0000000000     0.0000000000     -0.0000693222     0.0027698297
275     0.0000000000     0.0000000000     -0.0000000000     0.0000000000     -0.0000368877     0.0027031572
276     0.0000000000     0.0000000000     -0.0000000000     0.0000000000     -0.0000023950     0.0026897961
277     0.0000000000     0.0000000000     -0.0000000000     0.0000000000     0.0000334513     0.0026999496
278     0.0000000000     0.0000000000     -0.0000000000     0.0000000000     0.0000605240     0.0027030997
279     0.0000000000     0.0000000000     -0.0000000000     0.0000000000     0.0000762635     0.0026839456
280     0.0000000000     0.0000000000     -0.0000000000     0.0000000000     0.0001124802     0.0026733990
281     0.0000000000     0.0000000000     -0.0000000000     0.0000000000     0.0001435620     0.0026938231
282     0.0000000000     0.0000000000     -0.0000000000     0.0000000000     0.0001611059     0.0027183866
283     0.0000000000     0.0000000000     -0.0000000000     0.0000000000     0.0001883726     0.0027026913
284     0.0000000000     0.0000000000     -0.0000000000     0.0000000000     0.0002084632     0.0026770912
285     0.0000000000     0.0000000000     -0.0000000000     0.0000000000     0.0002067927     0.0026792734
286     0.0000000000     0.0000000000     -0.0000000000     0.0000000000     0.0002137675     0.0026768941
287     0.0000000000     0.0000000000     -0.0000000000     0.0000000000     -0.0003798845     0.0025795460
288     0.0000000000     0.0000000000     -0.0000000000     0.0000000000     -0.0003713968     0.0025755168
289     0.0000000000     0.0000000000     -0.0000000000     0.0000000000     -0.0003747905     0.0025758929
290     0.0000000000     0.0000000000     -0.0000000000     0.0000000000     -0.0003579905     0.0025733324
291     0.0000000000     0.0000000000     -0.0000000000     0.0000000000     -0.0003302205     0.0025597082
292     0.0000000000     0.0000000000     -0.0000000000     0.0000000000     -0.0003118591     0.0025469874
293     0.0000000000     0.0000000000     -0.0000000000     0.0000000000     -0.0002845955     0.0025557413
294     0.0000000000     0.0000000000     -0.0000000000     0.0000000000     -0.0002530917     0.0025584372
295     0.0000000000     0.0000000000     -0.0000000000     0.0000000000     -0.0002185030     0.0025247663
296     0.0000000000     0.0000000000     -0.0000000000     0.0000000000     -0.0001789517     0.0024997508
297     0.0000000000     0.0000000000     -0.0000000000     0.0000000000     -0.0001454369     0.0025377880
298     0.0000000000     0.0000000000     -0.0000000000     0.0000000000     -0.0001194445     0.0025753031
299     0.0000000000     0.0000000000     -0.0000000000     0.0000000000     -0.0000910970     0.0025645516
300     0.0000000000     0.0000000000     -0.0000000000     0.0000000000     -0.0000555481     0.0025428924
301     0.0000000000     0.0000000000     -0.0000000000     0.0000000000     -0.0000221621     0.0025095932
302     0.0000000000     0.0000000000     -0.0000000000     0.0000000000     0.0000155736     0.0024921933
303     0.0000000000     0.0000000000     -0.0000000000     0.0000000000     0.0000584594     0.0024815352
304     0.0000000000     0.0000000000     -0.0000000000     0.0000000000     0.0000915255     0.0024735412
305     0.0000000000     0.0000000000     -0.0000000000     0.0000000000     0.0001126046     0.0024622791
306     0.0000000000     0.0000000000     -0.0000000000     0.0000000000     0.0001456886     0.0024698295
307     0.0000000000     0.0000000000     -0.0000000000     0.0000000000     0.0001766249     0.0024940801
308     0.0000000000     0.0000000000     -0.0000000000     0.0000000000     0.0002068608     0.0024898599
309     0.0000000000     0.0000000000     -0.0000000000     0.0000000000     0.0002408877     0.0024505980
310     0.0000000000     0.0000000000     -0.0000000000     0.0000000000     0.0002609019     0.0024248187
311     0.0000000000     0.0000000000     -0.0000000000     0.0000000000     0.0002593919     0.0024273940
312     0.0000000000     0.0000000000     -0.0000000000     0.0000000000     0.0002610241     0.0024331753
313     0.0000000000     0.0000000000     -0.0000000000     0.0000000000     -0.0003835666     0.0023466484
314     0.0000000000     0.0000000000     -0.0000000000     0.0000000000     -0.0003773396     0.0023399135
315     0.0000000000     0.0000000000     -0.0000000000     0.0000000000     -0.0003808209     0.0023385808
316     0.0000000000     0.0000000000     -0.0000000000     0.0000000000     -0.0003609688     0.0023557134
317     0.0000000000     0.0000000000     -0.0000000000     0.0000000000     -0.0003172617     0.0023943444
318     0.0000000000     0.0000000000     -0.0000000000     0.0000000000     -0.0002955176     0.0023787077
319     0.0000000000     0.0000000000     -0.0000000000     0.0000000000     -0.0002732005     0.0023513019
320     0.0000000000     0.0000000000     -0.0000000000     0.0000000000     -0.0002421558     0.0023272859
321     0.0000000000     0.0000000000     -0.0000000000     0.0000000000     -0.0002105908     0.0022865003
322     0.0000000000     0.0000000000     -0.0000000000     0.0000000000     -0.0001783070     0.0022783364
323     0.0000000000     0.0000000000     -0.0000000000     0.0000000000     -0.0001492762     0.0023150431
324     0.0000000000     0.0000000000     -0.0000000000     0.0000000000     -0.0001157650     0.0023471664
325     0.0000000000     0.0000000000     -0.0000000000     0.0000000000     -0.0000787919     0.0023392888
326     0.0000000000     0.0000000000     -0.0000000000     0.0000000000     -0.0000439099     0.0023178742
327     0.0000000000     0.0000000000     -0.0000000000     0.0000000000     -0.0000072637     0.0023143890
328     0.0000000000     0.0000000000     -0.0000000000     0.0000000000     0.0000367564     0.0022961776
329     0.0000000000     0.0000000000     -0.0000000000     0.0000000000     0.0000777123     0.0022604958
330     0.0000000000     0.0000000000     -0.0000000000     0.0000000000     0.0001106569     0.0022537787
331     0.0000000000     0.0000000000     -0.0000000000     0.0000000000     0.0001388322     0.0022613523
332     0.0000000000     0.0000000000     -0.0000000000     0.0000000000     0.0001741346     0.0022868065
333     0.0000000000     0.0000000000     -0.0000000000     0.0000000000     0.0002137823     0.0023007943
334     0.0000000000     0.0000000000     -0.0000000000     0.0000000000     0.0002538457     0.0022737317
335     0.0000000000     0.0000000000     -0.0000000000     0.0000000000     0.0002911579     0.0022301438
336     0.0000000000     0.0000000000     -0.0000000000     0.0000000000     0.0003123899     0.0022093091
337     0.0000000000     0.0000000000     -0.0000000000     0.0000000000     0.0003110460     0.0022116609
338     0.0000000000     0.0000000000     -0.0000000000     0.0000000000     0.0003057714     0.0022191793
339     0.0000000000     0.0000000000     -0.0000000000     0.0000000000     -0.0004024071     0.0021434344
340     0.0000000000     0.0000000000     -0.0000000000     0.0000000000     -0.0004024658     0.0021480740
341     0.0000000000     0.0000000000     -0.0000000000     0.0000000000     -0.0004050000     0.0021454354
342     0.0000000000     0.0000000000     -0.0000000000     0.0000000000     -0.0003877080     0.0021634960
343     0.0000000000     0.0000000000     -0.0000000000     0.0000000000     -0.0003349352     0.0022085683
344     0.0000000000     0.0000000000     -0.0000000000     0.0000000000     -0.0002975647     0.0021981512
345     0.0000000000     0.0000000000     -0.0000000000     0.0000000000     -0.0002697906     0.0021555975
346     0.0000000000     0.0000000000     -0.0000000000     0.0000000000     -0.0002386903     0.0021242306
347     0.0000000000     0.0000000000     -0.0000000000     0.0000000000     -0.0002111117     0.0021033252
348     0.0000000000     0.0000000000     -0.0000000000     0.0000000000     -0.0001787717     0.0021019548
349     0.0000000000     0.0000000000     -0.0000000000     0.0000000000     -0.0001449724     0.0021065260
350     0.0000000000     0.0000000000     -0.0000000000     0.0000000000     -0.0001071808     0.0021124488
351     0.0000000000     0.0000000000     -0.0000000000     0.0000000000     -0.0000646845     0.0021041530
352     0.0000000000     0.0000000000     -0.0000000000     0.0000000000     -0.0000306543     0.0020711664
353     0.0000000000     0.0000000000     -0.0000000000     0.0000000000     0.0000071424     0.0020793467
354     0.0000000000     0.0000000000     -0.0000000000     0.0000000000     0.0000468760     0.0020794307
355     0.0000000000     0.0000000000     -0.0000000000     0.0000000000     0.0000810540     0.0020565300
356     0.0000000000     0.0000000000     -0.0000000000     0.0000000000     0.0001118328     0.0020656802
357     0.0000000000     0.0000000000     -0.0000000000     0.0000000000     0.0001452510     0.0020829855
358     0.0000000000     0.0000000000     -0.0000000000     0.0000000000     0.0001871313     0.0021034650
359     0.0000000000     0.0000000000     -0.0000000000     0.0000000000     0.0002346390     0.0020990355
360     0.0000000000     0.0000000000     -0.0000000000     0.0000000000     0.0002747507     0.0020794829
361     0.0000000000     0.0000000000     -0.0000000000     0.0000000000     0.0003143481     0.0020561484
362     0.0000000000     0.0000000000     -0.0000000000     0.0000000000     0.0003359788     0.0020412334
363     0.0000000000     0.0000000000     -0.0000000000     0.0000000000     0.0003343117     0.0020431741
364     0.0000000000     0.0000000000     -0.0000000000     0.0000000000     0.0003261538     0.0020402822
365     0.0000000000     0.0000000000     -0.0000000000     0.0000000000     -0.0004130241     0.0019419176
366     0.0000000000     0.0000000000     -0.0000000000     0.0000000000     -0.0004170655     0.0019477612
367     0.0000000000     0.0000000000     -0.0000000000     0.0000000000     -0.0004187846     0.0019466405
368     0.0000000000     0.0000000000     -0.0000000000     0.0000000000     -0.0004035857     0.0019528312
369     0.0000000000     0.0000000000     -0.0000000000     0.0000000000     -0.0003542226     0.0019557234
370     0.0000000000     0.0000000000     -0.0000000000     0.0000000000     -0.0003100265     0.0019424999
371     0.0000000000     0.0000000000     -0.0000000000     0.0000000000     -0.0002755241     0.0019235066
372     0.0000000000     0.0000000000     -0.0000000000     0.0000000000     -0.0002404281     0.0019080623
373     0.0000000000     0.0000000000     -0.0000000000     0.0000000000     -0.0002080677     0.0019021791
374     0.0000000000     0.0000000000     -0.0000000000     0.0000000000     -0.0001705795     0.0018950145
375     0.0000000000     0.0000000000     -0.0000000000     0.0000000000     -0.0001355358     0.0018785059
376     0.0000000000     0.0000000000     -0.0000000000     0.0000000000     -0.0000953656     0.0018640091
377     0.0000000000     0.0000000000     -0.0000000000     0.0000000000     -0.0000484475     0.0018473576
378     0.0000000000     0.0000000000     -0.0000000000     0.0000000000     -0.0000190213     0.0018128490
379     0.0000000000     0.0000000000     -0.0000000000     0.0000000000     0.0000096894     0.0018208021
380     0.0000000000     0.0000000000     -0.0000000000     0.0000000000     0.0000414850     0.0018468015
381     0.0000000000     0.0000000000     -0.0000000000     0.0000000000     0.0000764234     0.0018634926
382     0.0000000000     0.0000000000     -0.0000000000     0.0000000000     0.0001086031     0.0018809339
383     0.0000000000     0.0000000000     -0.0000000000     0.0000000000     0.0001403987     0.0018755440
384     0.0000000000     0.0000000000     -0.0000000000     0.0000000000     0.0001830728     0.0018614881
385     0.0000000000     0.0000000000     -0.0000000000     0.0000000000     0.0002291228     0.0018396540
386     0.0000000000     0.0000000000     -0.0000000000     0.0000000000     0.0002672702     0.0018383520
387     0.0000000000     0.0000000000     -0.0000000000     0.0000000000     0.0003037451     0.0018549251
388     0.0000000000     0.0000000000     -0.0000000000     0.0000000000     0.0003216139     0.0018595848
389     0.0000000000     0.0000000000     -0.0000000000     0.0000000000     0.0003197883     0.0018595649
390     0.0000000000     0.0000000000     -0.0000000000     0.0000000000     0.0003152869     0.0018513616
391     0.0000000000     0.0000000000     -25.3553437758     0.0000000000     -0.0004091768     0.0017201327
392     0.0000000000     0.0000000000     -25.3553437758     0.0000000000     -0.0004151848     0.0017107619
393     0.0000000000     0.0000000000     -25.3553437758     0.0000000000     -0.0004164071     0.0017126001
394     0.0000000000     0.0000000000     -25.3553437758     0.0000000000     -0.0004011081     0.0017068901
395     0.0000000000     0.0000000000     -25.3553437758     0.0000000000     -0.0003569149     0.0016821013
396     0.0000000000     0.0000000000     -25.3553437758     0.0000000000     -0.0003162360     0.0016686345
397     0.0000000000     0.0000000000     -25.3553437758     0.0000000000     -0.0002768739     0.0016689204
398     0.0000000000     0.0000000000     -25.3553437758     0.0000000000     -0.0002248046     0.0016767948
399     0.0000000000     0.0000000000     -25.3553437758     0.0000000000     -0.0001847365     0.0016821989
400     0.0000000000     0.0000000000     -25.3553437758     0.0000000000     -0.0001557622     0.0016607704
401     0.0000000000     0.0000000000     -25.3553437758     0.0000000000     -0.0001261973     0.0016299381
402     0.0000000000     0.0000000000     -25.3553437758     0.0000000000     -0.0000894236     0.0015981485
403     0.0000000000     0.0000000000     -25.3553437758     0.0000000000     -0.0000442948     0.0015773583
404     0.0000000000     0.0000000000     -25.3553437758     0.0000000000     -0.0000153099     0.0015608615
405     0.0000000000     0.0000000000     -25.3553437758     0.0000000000     0.0000077250     0.0015675356
406     0.0000000000     0.0000000000     -25.3553437758     0.0000000000     0.0000382933     0.0016029957
407     0.0000000000     0.0000000000     -25.3553437758     0.0000000000     0.0000788599     0.0016493418
408     0.0000000000     0.0000000000     -25.3553437758     0.0000000000     0.0001099791     0.0016717756
409     0.0000000000     0.0000000000     -25.3553437758     0.0000000000     0.0001355080     0.0016344426
410     0.0000000000     0.0000000000     -25.3553437758     0.0000000000     0.0001710925     0.0015881686
411     0.0000000000     0.0000000000     -25.3553437758     0.0000000000     0.0002088401     0.0015598673
412     0.0000000000     0.0000000000     -25.3553437758     0.0000000000     0.0002416204     0.0015731120
413     0.0000000000     0.0000000000     -25.3553437758     0.0000000000     0.0002706286     0.0016162125
414     0.0000000000     0.0000000000     -25.3553437758     0.0000000000     0.0002870373     0.0016353603
415     0.0000000000     0.0000000000     -25.3553437758     0.0000000000     0.0002853102     0.0016335621
416     0.0000000000     0.0000000000     -25.3553437758     0.0000000000     0.0002852664     0.0016305074
