1     0.0000000000     0.0000000000     29.2326913258     0.0000000000     -0.0004669214     0.0054219163
2     0.0000000000     0.0000000000     29.2326913258     0.0000000000     -0.0004697987     0.0054338958
3     0.0000000000     0.0000000000     29.2326913258     0.0000000000     -0.0004706208     0.0054344191
4     0.0000000000     0.0000000000     29.2326913258     0.0000000000     -0.0004628079     0.0054264724
5     0.0000000000     0.0000000000     29.2326913258     0.0000000000     -0.0004241968     0.0053907061
6     0.0000000000     0.0000000000     29.2326913258     0.0000000000     -0.0003604367     0.0053652478
7     0.0000000000     0.0000000000     29.2326913258     0.0000000000     -0.0003142995     0.0053593673
8     0.0000000000     0.0000000000     29.2326913258     0.0000000000     -0.0002887455     0.0053843035
9     0.0000000000     0.0000000000     29.2326913258     0.0000000000     -0.0002519555     0.0054118246
10     0.0000000000     0.0000000000     29.2326913258     0.0000000000     -0.0002151696     0.0054357017
11     0.0000000000     0.0000000000     29.2326913258     0.0000000000     -0.0001883907     0.0054557984
12     0.0000000000     0.0000000000     29.2326913258     0.0000000000     -0.0001592631     0.0054771694
13     0.0000000000     0.0000000000     29.2326913258     0.0000000000     -0.0001193956     0.0055108103
14     0.0000000000     0.0000000000     29.2326913258     0.0000000000     -0.0000725021     0.0055236384
15     0.0000000000     0.0000000000     29.2326913258     0.0000000000     -0.0000324585     0.0054779153
16     0.0000000000     0.0000000000     29.2326913258     0.0000000000     0.0000077685     0.0054241267
17     0.0000000000     0.0000000000     29.2326913258     0.0000000000     0.0000494614     0.0054222408
18     0.0000000000     0.0000000000     29.2326913258     0.0000000000     0.0000812064     0.0054334284
19     0.0000000000     0.0000000000     29.2326913258     0.0000000000     0.0001285801     0.0054454339
20     0.0000000000     0.0000000000     29.2326913258     0.0000000000     0.0001806653     0.0054648372
21     0.0000000000     0.0000000000     29.2326913258     0.0000000000     0.0002048801     0.0054599430
22     0.0000000000     0.0000000000     29.2326913258     0.0000000000     0.0002272178     0.0054363274
23     0.0000000000     0.0000000000     29.2326913258     0.0000000000     0.0002837276     0.0053929277
24     0.0000000000     0.0000000000     29.2326913258     0.0000000000     0.0003277214     0.0053589486
25     0.0000000000     0.0000000000     29.2326913258     0.0000000000     0.0003238233     0.0053620959
26     0.0000000000     0.0000000000     29.2326913258     0.0000000000     0.0003197951     0.0053666424
27     0.0000000000     0.0000000000     -0.0000000000     0.0000000000     -0.0004481172     0.0052348877
28     0.0000000000     0.0000000000     -0.0000000000     0.0000000000     -0.0004475467     0.0052530237
29     0.0000000000     0.0000000000     -0.0000000000     0.0000000000     -0.0004486476     0.0052527483
30     0.0000000000     0.0000000000     -0.0000000000     0.0000000000     -0.0004393698     0.0052448231
31     0.0000000000     0.0000000000     -0.0000000000     0.0000000000     -0.0004075936     0.0051981420
32     0.0000000000     0.0000000000     -0.0000000000     0.0000000000     -0.0003552802     0.0051562695
33     0.0000000000     0.0000000000     -0.0000000000     0.0000000000     -0.0003179760     0.0051278707
34     0.0000000000     0.0000000000     -0.0000000000     0.0000000000     -0.0002989479     0.0051314646
35     0.0000000000     0.0000000000     -0.0000000000     0.0000000000     -0.0002673112     0.0051299634
36     0.0000000000     0.0000000000     -0.0000000000     0.0000000000     -0.0002271455     0.0051252165
37     0.0000000000     0.0000000000     -0.0000000000     0.0000000000     -0.0001972285     0.0051451833
38     0.0000000000     0.0000000000     -0.0000000000     0.0000000000     -0.0001704356     0.0051701225
39     0.0000000000     0.0000000000     -0.0000000000     0.0000000000     -0.0001259331     0.0051957526
40     0.0000000000     0.0000000000     -0.0000000000     0.0000000000     -0.0000714972     0.0052131691
41     0.0000000000     0.0000000000     -0.0000000000     0.0000000000     -0.0000368389     0.0051929242
42     0.0000000000     0.0000000000     -0.0000000000     0.0000000000     -0.0000021511     0.0051686297
43     0.0000000000     0.0000000000     -0.0000000000     0.0000000000     0.0000505103     0.0051958848
44     0.0000000000     0.0000000000     -0.0000000000     0.0000000000     0.0000839274     0.0052063782
45     0.0000000000     0.0000000000     -0.0000000000     0.0000000000     0.0001165446     0.0051823254
46     0.0000000000     0.0000000000     -0.0000000000     0.0000000000     0.0001668003     0.0051864557
47     0.0000000000     0.0000000000     -0.0000000000     0.0000000000     0.0001972196     0.0052134858
48     0.0000000000     0.0000000000     -0.0000000000     0.0000000000     0.0002245362     0.0052147017
49     0.0000000000     0.0000000000     -0.0000000000     0.0000000000     0.0002868218     0.0051860477
50     0.0000000000     0.0000000000     -0.0000000000     0.0000000000     0.0003341122     0.0051599191
51     0.0000000000     0.0000000000     -0.0000000000     0.0000000000     0.0003309947     0.0051616882
52     0.0000000000     0.0000000000     -0.0000000000     0.0000000000     0.0003266791     0.0051561621
53     0.0000000000     0.0000000000     -0.0000000000     0.0000000000     -0.0004319829     0.0049983405
54     0.0000000000     0.0000000000     -0.0000000000     0.0000000000     -0.0004301175     0.0050120992
55     0.0000000000     0.0000000000     -0.0000000000     0.0000000000     -0.0004311987     0.0050117425
56     0.0000000000     0.0000000000     -0.0000000000     0.0000000000     -0.0004230238     0.0050079830
57     0.0000000000     0.0000000000     -0.0000000000     0.0000000000     -0.0003957789     0.0049714365
58     0.0000000000     0.0000000000     -0.0000000000     0.0000000000     -0.0003497449     0.0049265762
59     0.0000000000     0.0000000000     -0.0000000000     0.0000000000     -0.0003223995     0.0048957395
60     0.0000000000     0.0000000000     -0.0000000000     0.0000000000     -0.0003056925     0.0048962845
61     0.0000000000     0.0000000000     -0.0000000000     0.0000000000     -0.0002749416     0.0048763320
62     0.0000000000     0.0000000000     -0.0000000000     0.0000000000     -0.0002358782     0.0048504204
63     0.0000000000     0.0000000000     -0.0000000000     0.0000000000     -0.0002003497     0.0048661776
64     0.0000000000     0.0000000000     -0.0000000000     0.0000000000     -0.0001699371     0.0048760441
65     0.0000000000     0.0000000000     -0.0000000000     0.0000000000     -0.0001276825     0.0048756862
66     0.0000000000     0.0000000000     -0.0000000000     0.0000000000     -0.0000778559     0.0048763262
67     0.0000000000     0.0000000000     -0.0000000000     0.0000000000     -0.0000452090     0.0048713827
68     0.0000000000     0.0000000000     -0.0000000000     0.0000000000     -0.0000103158     0.0048968661
69     0.0000000000     0.0000000000     -0.0000000000     0.0000000000     0.0000440739     0.0049362826
70     0.0000000000     0.0000000000     -0.0000000000     0.0000000000     0.0000806512     0.0049344651
71     0.0000000000     0.0000000000     -0.0000000000     0.0000000000     0.0001049366     0.0048981135
72     0.0000000000     0.0000000000     -0.0000000000     0.0000000000     0.0001472767     0.0048977011
73     0.0000000000     0.0000000000     -0.0000000000     0.0000000000     0.0001851148     0.0049425628
74     0.0000000000     0.0000000000     -0.0000000000     0.0000000000     0.0002150343     0.0049674601
75     0.0000000000     0.0000000000     -0.0000000000     0.0000000000     0.0002666351     0.0049663236
76     0.0000000000     0.0000000000     -0.0000000000     0.0000000000     0.0003065076     0.0049484057
77     0.0000000000     0.0000000000     -0.0000000000     0.0000000000     0.0003043327     0.0049471821
78     0.0000000000     0.0000000000     -0.0000000000     0.0000000000     0.0003051454     0.0049337367
79     0.0000000000     0.0000000000     -0.0000000000     0.0000000000     -0.0004236367     0.0047246706
80     0.0000000000     0.0000000000     -0.0000000000     0.0000000000     -0.0004215993     0.0047320806
81     0.0000000000     0.0000000000     -0.0000000000     0.0000000000     -0.0004223444     0.0047321410
82     0.0000000000     0.0000000000     -0.0000000000     0.0000000000     -0.0004171043     0.0047278490
83     0.0000000000     0.0000000000     -0.0000000000     0.0000000000     -0.0003948951     0.0046962753
84     0.0000000000     0.0000000000     -0.0000000000     0.0000000000     -0.0003489197     0.0046637353
85     0.0000000000     0.0000000000     -0.0000000000     0.0000000000     -0.0003237493     0.0046552115
86     0.0000000000     0.0000000000     -0.0000000000     0.0000000000     -0.0003063844     0.0046677074
87     0.0000000000     0.0000000000     -0.0000000000     0.0000000000     -0.0002722633     0.0046519842
88     0.0000000000     0.0000000000     -0.0000000000     0.0000000000     -0.0002363803     0.0046251406
89     0.0000000000     0.0000000000     -0.0000000000     0.0000000000     -0.0002017886     0.0046286419
90     0.0000000000     0.0000000000     -0.0000000000     0.0000000000     -0.0001663261     0.0046188704
91     0.0000000000     0.0000000000     -0.0000000000     0.0000000000     -0.0001280086     0.0046010602
92     0.0000000000     0.0000000000     -0.0000000000     0.0000000000     -0.0000829366     0.0045927031
93     0.0000000000     0.0000000000     -0.0000000000     0.0000000000     -0.0000445783     0.0045895582
94     0.0000000000     0.0000000000     -0.0000000000     0.0000000000     -0.0000086359     0.0046236007
95     0.0000000000     0.0000000000     -0.0000000000     0.0000000000     0.0000393366     0.0046533321
96     0.0000000000     0.0000000000     -0.0000000000     0.0000000000     0.0000775390     0.0046484076
97     0.0000000000     0.0000000000     -0.0000000000     0.0000000000     0.0001052602     0.0046387553
98     0.0000000000     0.0000000000     -0.0000000000     0.0000000000     0.0001414761     0.0046553071
99     0.0000000000     0.0000000000     -0.0000000000     0.0000000000     0.0001779079     0.0046719861
100     0.0000000000     0.0000000000     -0.0000000000     0.0000000000     0.0002068231     0.0046866470
101     0.0000000000     0.0000000000     -0.0000000000     0.0000000000     0.0002497321     0.0046895793
102     0.0000000000     0.0000000000     -0.0000000000     0.0000000000     0.0002818390     0.0046693949
103     0.0000000000     0.0000000000     -0.0000000000     0.0000000000     0.0002799702     0.0046676682
104     0.0000000000     0.0000000000     -0.0000000000     0.0000000000     0.0002826300     0.0046602748
105     0.0000000000     0.0000000000     -0.0000000000     0.0000000000     -0.0004128063     0.0044381382
106     0.0000000000     0.0000000000     -0.0000000000     0.0000000000     -0.0004078897     0.0044364045
107     0.0000000000     0.0000000000     -0.0000000000     0.0000000000     -0.0004084584     0.0044372367
108     0.0000000000     0.0000000000     -0.0000000000     0.0000000000     -0.0004061763     0.0044334536
109     0.0000000000     0.0000000000     -0.0000000000     0.0000000000     -0.0003938490     0.0044118211
110     0.0000000000     0.0000000000     -0.0000000000     0.0000000000     -0.0003593345     0.0044002223
111     0.0000000000     0.0000000000     -0.0000000000     0.0000000000     -0.0003321197     0.0044083530
112     0.0000000000     0.0000000000     -0.0000000000     0.0000000000     -0.0003063448     0.0044203941
113     0.0000000000     0.0000000000     -0.0000000000     0.0000000000     -0.0002668006     0.0044182165
114     0.0000000000     0.0000000000     -0.0000000000     0.0000000000     -0.0002286265     0.0044136588
115     0.0000000000     0.0000000000     -0.0000000000     0.0000000000     -0.0002003705     0.0044098677
116     0.0000000000     0.0000000000     -0.0000000000     0.0000000000     -0.0001658426     0.0043858502
117     0.0000000000     0.0000000000     -0.0000000000     0.0000000000     -0.0001288411     0.0043646322
118     0.0000000000     0.0000000000     -0.0000000000     0.0000000000     -0.0000887345     0.0043600096
119     0.0000000000     0.0000000000     -0.0000000000     0.0000000000     -0.0000447751     0.0043656264
120     0.0000000000     0.0000000000     -0.0000000000     0.0000000000     -0.0000073284     0.0043661773
121     0.0000000000     0.0000000000     -0.0000000000     0.0000000000     0.0000341640     0.0043681228
122     0.0000000000     0.0000000000     -0.0000000000     0.0000000000     0.0000731406     0.0043600316
123     0.0000000000     0.0000000000     -0.0000000000     0.0000000000     0.0001040230     0.0043793223
124     0.0000000000     0.0000000000     -0.0000000000     0.0000000000     0.0001399783     0.0044212744
125     0.0000000000     0.0000000000     -0.0000000000     0.0000000000     0.0001707049     0.0044132533
126     0.0000000000     0.0000000000     -0.0000000000     0.0000000000     0.0001986558     0.0044022468
127     0.0000000000     0.0000000000     -0.0000000000     0.0000000000     0.0002359162     0.0043793928
128     0.0000000000     0.0000000000     -0.0000000000     0.0000000000     0.0002625996     0.0043495742
129     0.0000000000     0.0000000000     -0.0000000000     0.0000000000     0.0002605625     0.0043492650
130     0.0000000000     0.0000000000     -0.0000000000     0.0000000000     0.0002641264     0.0043541216
131     0.0000000000     0.0000000000     -0.0000000000     0.0000000000     -0.0003994178     0.0041568422
132     0.0000000000     0.0000000000     -0.0000000000     0.0000000000     -0.0003898643     0.0041473274
133     0.0000000000     0.0000000000     -0.0000000000     0.0000000000     -0.0003908223     0.0041482680
134     0.0000000000     0.0000000000     -0.0000000000     0.0000000000     -0.0003877911     0.0041489492
135     0.0000000000     0.0000000000     -0.0000000000     0.0000000000     -0.0003844021     0.0041529946
136     0.0000000000     0.0000000000     -0.0000000000     0.0000000000     -0.0003652390     0.0041626443
137     0.0000000000     0.0000000000     -0.0000000000     0.0000000000     -0.0003392764     0.0041683472
138     0.0000000000     0.0000000000     -0.0000000000     0.0000000000     -0.0003045885     0.0041649625
139     0.0000000000     0.0000000000     -0.0000000000     0.0000000000     -0.0002629157     0.0041665496
140     0.0000000000     0.0000000000     -0.0000000000     0.0000000000     -0.0002275393     0.0041832867
141     0.0000000000     0.0000000000     -0.0000000000     0.0000000000     -0.0002026055     0.0041812781
142     0.0000000000     0.0000000000     -0.0000000000     0.0000000000     -0.0001672696     0.0041549309
143     0.0000000000     0.0000000000     -0.0000000000     0.0000000000     -0.0001290366     0.0041348369
144     0.0000000000     0.0000000000     -0.0000000000     0.0000000000     -0.0000969567     0.0041284126
145     0.0000000000     0.0000000000     -0.0000000000     0.0000000000     -0.0000537523     0.0041311834
146     0.0000000000     0.0000000000     -0.0000000000     0.0000000000     -0.0000133364     0.0041177015
147     0.0000000000     0.0000000000     -0.0000000000     0.0000000000     0.0000289047     0.0040986605
148     0.0000000000     0.0000000000     -0.0000000000     0.0000000000     0.0000711062     0.0040752321
149     0.0000000000     0.0000000000     -0.0000000000     0.0000000000     0.0000967179     0.0040992649
150     0.0000000000     0.0000000000     -0.0000000000     0.0000000000     0.0001259358     0.0041580910
151     0.0000000000     0.0000000000     -0.0000000000     0.0000000000     0.0001610436     0.0041630420
152     0.0000000000     0.0000000000     -0.0000000000     0.0000000000     0.0001992870     0.0041383731
153     0.0000000000     0.0000000000     -0.0000000000     0.0000000000     0.0002346930     0.0040929136
154     0.0000000000     0.0000000000     -0.0000000000     0.0000000000     0.0002560428     0.0040633961
155     0.0000000000     0.0000000000     -0.0000000000     0.0000000000     0.0002539042     0.0040655857
156     0.0000000000     0.0000000000     -0.0000000000     0.0000000000     0.0002560515     0.0040736400
157     0.0000000000     0.0000000000     -0.0000000000     0.0000000000     -0.0004026569     0.0038966984
158     0.0000000000     0.0000000000     -0.0000000000     0.0000000000     -0.0003934486     0.0038838028
159     0.0000000000     0.0000000000     -0.0000000000     0.0000000000     -0.0003948147     0.0038840401
160     0.0000000000     0.0000000000     -0.0000000000     0.0000000000     -0.0003875299     0.0038915160
161     0.0000000000     0.0000000000     -0.0000000000     0.0000000000     -0.0003774673     0.0039306342
162     0.0000000000     0.0000000000     -0.0000000000     0.0000000000     -0.0003578234     0.0039505436
163     0.0000000000     0.0000000000     -0.0000000000     0.0000000000     -0.0003335223     0.0039382361
164     0.0000000000     0.0000000000     -0.0000000000     0.0000000000     -0.0003018511     0.0039197500
165     0.0000000000     0.0000000000     -0.0000000000     0.0000000000     -0.0002676900     0.0039284179
166     0.0000000000     0.0000000000     -0.0000000000     0.0000000000     -0.0002394885     0.0039572957
167     0.0000000000     0.0000000000     -0.0000000000     0.0000000000     -0.0002126465     0.0039404332
168     0.0000000000     0.0000000000     -0.0000000000     0.0000000000     -0.0001727846     0.0039068201
169     0.0000000000     0.0000000000     -0.0000000000     0.0000000000     -0.0001325432     0.0038890324
170     0.0000000000     0.0000000000     -0.0000000000     0.0000000000     -0.0001047754     0.0038878136
171     0.0000000000     0.0000000000     -0.0000000000     0.0000000000     -0.0000648733     0.0038811826
172     0.0000000000     0.0000000000     -0.0000000000     0.0000000000     -0.0000235899     0.0038674058
173     0.0000000000     0.0000000000     -0.0000000000     0.0000000000     0.0000183781     0.0038557365
174     0.0000000000     0.0000000000     -0.0000000000     0.0000000000     0.0000675313     0.0038273860
175     0.0000000000     0.0000000000     -0.0000000000     0.0000000000     0.0000917017     0.0038479921
176     0.0000000000     0.0000000000     -0.0000000000     0.0000000000     0.0001143041     0.0038911462
177     0.0000000000     0.0000000000     -0.0000000000     0.0000000000     0.0001544515     0.0038964400
178     0.0000000000     0.0000000000     -0.0000000000     0.0000000000     0.0002002576     0.0038701098
179     0.0000000000     0.0000000000     -0.0000000000     0.0000000000     0.0002382958     0.0038307498
180     0.0000000000     0.0000000000     -0.0000000000     0.0000000000     0.0002617433     0.0038243024
181     0.0000000000     0.0000000000     -0.0000000000     0.0000000000     0.0002599885     0.0038257769
182     0.0000000000     0.0000000000     -0.0000000000     0.0000000000     0.0002578539     0.0038271372
183     0.0000000000     0.0000000000     -0.0000000000     0.0000000000     -0.0004300768     0.0036736307
184     0.0000000000     0.0000000000     -0.0000000000     0.0000000000     -0.0004309325     0.0036645878
185     0.0000000000     0.0000000000     -0.0000000000     0.0000000000     -0.0004318355     0.0036637912
186     0.0000000000     0.0000000000     -0.0000000000     0.0000000000     -0.0004229817     0.0036751290
187     0.0000000000     0.0000000000     -0.0000000000     0.0000000000     -0.0003918016     0.0037286063
188     0.0000000000     0.0000000000     -0.0000000000     0.0000000000     -0.0003575730     0.0037455444
189     0.0000000000     0.0000000000     -0.0000000000     0.0000000000     -0.0003308832     0.0037153036
190     0.0000000000     0.0000000000     -0.0000000000     0.0000000000     -0.0003074745     0.0036972981
191     0.0000000000     0.0000000000     -0.0000000000     0.0000000000     -0.0002774238     0.0037194966
192     0.0000000000     0.0000000000     -0.0000000000     0.0000000000     -0.0002447364     0.0037317502
193     0.0000000000     0.0000000000     -0.0000000000     0.0000000000     -0.0002143990     0.0036781544
194     0.0000000000     0.0000000000     -0.0000000000     0.0000000000     -0.0001731524     0.0036347419
195     0.0000000000     0.0000000000     -0.0000000000     0.0000000000     -0.0001365623     0.0036272936
196     0.0000000000     0.0000000000     -0.0000000000     0.0000000000     -0.0001080601     0.0036395448
197     0.0000000000     0.0000000000     -0.0000000000     0.0000000000     -0.0000723450     0.0036395335
198     0.0000000000     0.0000000000     -0.0000000000     0.0000000000     -0.0000354840     0.0036338653
199     0.0000000000     0.0000000000     -0.0000000000     0.0000000000     0.0000005515     0.0036340761
200     0.0000000000     0.0000000000     -0.0000000000     0.0000000000     0.0000461943     0.0036329913
201     0.0000000000     0.0000000000     -0.0000000000     0.0000000000     0.0000780251     0.0036464971
202     0.0000000000     0.0000000000     -0.0000000000     0.0000000000     0.0001058688     0.0036302146
203     0.0000000000     0.0000000000     -0.0000000000     0.0000000000     0.0001422577     0.0036039322
204     0.0000000000     0.0000000000     -0.0000000000     0.0000000000     0.0001850185     0.0035779492
205     0.0000000000     0.0000000000     -0.0000000000     0.0000000000     0.0002222598     0.0035562168
206     0.0000000000     0.0000000000     -0.0000000000     0.0000000000     0.0002456311     0.0035701418
207     0.0000000000     0.0000000000     -0.0000000000     0.0000000000     0.0002448403     0.0035680656
208     0.0000000000     0.0000000000     -0.0000000000     0.0000000000     0.0002434299     0.0035714262
209     0.0000000000     0.0000000000     -0.0000000000     0.0000000000     -0.0004521717     0.0034736286
210     0.0000000000     0.0000000000     -0.0000000000     0.0000000000     -0.0004636238     0.0034748318
211     0.0000000000     0.0000000000     -0.0000000000     0.0000000000     -0.0004641475     0.0034738923
212     0.0000000000     0.0000000000     -0.0000000000     0.0000000000     -0.0004545325     0.0034788818
213     0.0000000000     0.0000000000     -0.0000000000     0.0000000000     -0.0004133069     0.0035097651
214     0.0000000000     0.0000000000     -0.0000000000     0.0000000000     -0.0003733514     0.0035299240
215     0.0000000000     0.0000000000     -0.0000000000     0.0000000000     -0.0003406625     0.0035102677
216     0.0000000000     0.0000000000     -0.0000000000     0.0000000000     -0.0003115065     0.0034990720
217     0.0000000000     0.0000000000     -0.0000000000     0.0000000000     -0.0002756617     0.0035107984
218     0.0000000000     0.0000000000     -0.0000000000     0.0000000000     -0.0002343907     0.0034968175
219     0.0000000000     0.0000000000     -0.0000000000     0.0000000000     -0.0002021418     0.0034335208
220     0.0000000000     0.0000000000     -0.0000000000     0.0000000000     -0.0001639321     0.0033955035
221     0.0000000000     0.0000000000     -0.0000000000     0.0000000000     -0.0001305327     0.0034027845
222     0.0000000000     0.0000000000     -0.0000000000     0.0000000000     -0.0001026702     0.0033985230
223     0.0000000000     0.0000000000     -0.0000000000     0.0000000000     -0.0000688483     0.0033944791
224     0.0000000000     0.0000000000     -0.0000000000     0.0000000000     -0.0000350939     0.0033990708
225     0.0000000000     0.0000000000     -0.0000000000     0.0000000000     -0.0000039258     0.0033952861
226     0.0000000000     0.0000000000     -0.0000000000     0.0000000000     0.0000283575     0.0034068754
227     0.0000000000     0.0000000000     -0.0000000000     0.0000000000     0.0000588399     0.0034037887
228     0.0000000000     0.0000000000     -0.0000000000     0.0000000000     0.0000940781     0.0033535084
229     0.0000000000     0.0000000000     -0.0000000000     0.0000000000     0.0001263136     0.0033100913
230     0.0000000000     0.0000000000     -0.0000000000     0.0000000000     0.0001558259     0.0033029148
231     0.0000000000     0.0000000000     -0.0000000000     0.0000000000     0.0001855619     0.0033043036
232     0.0000000000     0.0000000000     -0.0000000000     0.0000000000     0.0002065618     0.0033250851
233     0.0000000000     0.0000000000     -0.0000000000     0.0000000000     0.0002066862     0.0033212752
234     0.0000000000     0.0000000000     -0.0000000000     0.0000000000     0.0002112631     0.0033258832
235     0.0000000000     0.0000000000     -0.0000000000     0.0000000000     -0.0004417222     0.0032609392
236     0.0000000000     0.0000000000     -0.0000000000     0.0000000000     -0.0004474718     0.0032671270
237     0.0000000000     0.0000000000     -0.0000000000     0.0000000000     -0.0004485189     0.0032670569
238     0.0000000000     0.0000000000     -0.0000000000     0.0000000000     -0.0004388368     0.0032628932
239     0.0000000000     0.0000000000     -0.0000000000     0.0000000000     -0.0004053916     0.0032587111
240     0.0000000000     0.0000000000     -0.0000000000     0.0000000000     -0.0003713912     0.0032733212
241     0.0000000000     0.0000000000     -0.0000000000     0.0000000000     -0.0003336956     0.0032789739
242     0.0000000000     0.0000000000     -0.0000000000     0.0000000000     -0.0002958993     0.0032790355
243     0.0000000000     0.0000000000     -0.0000000000     0.0000000000     -0.0002601248     0.0032747369
244     0.0000000000     0.0000000000     -0.0000000000     0.0000000000     -0.0002134063     0.0032493003
245     0.0000000000     0.0000000000     -0.0000000000     0.0000000000     -0.0001748493     0.0032138674
246     0.0000000000     0.0000000000     -0.0000000000     0.0000000000     -0.0001436570     0.0031951621
247     0.0000000000     0.0000000000     -0.0000000000     0.0000000000     -0.0001145369     0.0032078446
248     0.0000000000     0.0000000000     -0.0000000000     0.0000000000     -0.0000887207     0.0031913713
249     0.0000000000     0.0000000000     -0.0000000000     0.0000000000     -0.0000559490     0.0031401270
250     0.0000000000     0.0000000000     -0.0000000000     0.0000000000     -0.0000193271     0.0031347679
251     0.0000000000     0.0000000000     -0.0000000000     0.0000000000     0.0000101610     0.0031346177
252     0.0000000000     0.0000000000     -0.0000000000     0.0000000000     0.0000347489     0.0031439894
253     0.0000000000     0.0000000000     -0.0000000000     0.0000000000     0.0000540022     0.0031295043
254     0.0000000000     0.0000000000     -0.0000000000     0.0000000000     0.0000912053     0.0030899615
255     0.0000000000     0.0000000000     -0.0000000000     0.0000000000     0.0001236446     0.0030724417
256     0.0000000000     0.0000000000     -0.0000000000     0.0000000000     0.0001397861     0.0030977534
257     0.0000000000     0.0000000000     -0.0000000000     0.0000000000     0.0001621093     0.0031103618
258     0.0000000000     0.0000000000     -0.0000000000     0.0000000000     0.0001832673     0.0031101706
259     0.0000000000     0.0000000000     -0.0000000000     0.0000000000     0.0001838305     0.0031085544
260     0.0000000000     0.0000000000     -0.0000000000     0.0000000000     0.0001931094     0.0031057416
261     0.0000000000     0.0000000000     -0.0000000000     0.0000000000     -0.0004121821     0.0030190147
262     0.0000000000     0.0000000000     -0.0000000000     0.0000000000     -0.0004075916     0.0030216294
263     0.0000000000     0.0000000000     -0.0000000000     0.0000000000     -0.0004099595     0.0030223261
264     0.0000000000     0.0000000000     -0.0000000000     0.0000000000     -0.0003983517     0.0030119524
265     0.0000000000     0.0000000000     -0.0000000000     0.0000000000     -0.0003732050     0.0029867390
266     0.0000000000     0.0000000000     -0.0000000000     0.0000000000     -0.0003474572     0.0029884987
267     0.0000000000     0.0000000000     -0.0000000000     0.0000000000     -0.0003107372     0.0030045122
268     0.0000000000     0.0000000000     -0.0000000000     0.0000000000     -0.0002741659     0.0030146434
269     0.0000000000     0.0000000000     -0.0000000000     0.0000000000     -0.0002411466     0.0029976066
270     0.0000000000     0.0000000000     -0.0000000000     0.0000000000     -0.0001928424     0.0029646787
271     0.0000000000     0.0000000000     -0.0000000000     0.0000000000     -0.0001521587     0.0029709396
272     0.0000000000     0.0000000000     -0.0000000000     0.0000000000     -0.0001280745     0.0029818244
273     0.0000000000     0.0000000000     -0.0000000000     0.0000000000     -0.0001027642     0.0029867214
274     0.0000000000     0.0000000000     -0.0000000000     0.0000000000     -0.0000716952     0.0029687125
275     0.0000000000     0.0000000000     -0.0000000000     0.0000000000     -0.0000386648     0.0028998843
276     0.0000000000     0.0000000000     -0.0000000000     0.0000000000     -0.0000026614     0.0028833737
277     0.0000000000     0.0000000000     -0.0000000000     0.0000000000     0.0000343430     0.0028899173
278     0.0000000000     0.0000000000     -0.0000000000     0.0000000000     0.0000617262     0.0028919702
279     0.0000000000     0.0000000000     -0.0000000000     0.0000000000     0.0000766092     0.0028727973
280     0.0000000000     0.0000000000     -0.0000000000     0.0000000000     0.0001137013     0.0028607225
281     0.0000000000     0.0000000000     -0.0000000000     0.0000000000     0.0001457094     0.0028808997
282     0.0000000000     0.0000000000     -0.0000000000     0.0000000000     0.0001632532     0.0029052494
283     0.0000000000     0.0000000000     -0.0000000000     0.0000000000     0.0001901177     0.0028886540
284     0.0000000000     0.0000000000     -0.0000000000     0.0000000000     0.0002112139     0.0028619398
285     0.0000000000     0.0000000000     -0.0000000000     0.0000000000     0.0002113589     0.0028627172
286     0.0000000000     0.0000000000     -0.0000000000     0.0000000000     0.0002184750     0.0028609358
287     0.0000000000     0.0000000000     -0.0000000000     0.0000000000     -0.0003927207     0.0027593141
288     0.0000000000     0.0000000000     -0.0000000000     0.0000000000     -0.0003841261     0.0027545479
289     0.0000000000     0.0000000000     -0.0000000000     0.0000000000     -0.0003876474     0.0027549027
290     0.0000000000     0.0000000000     -0.0000000000     0.0000000000     -0.0003701478     0.0027527648
291     0.0000000000     0.0000000000     -0.0000000000     0.0000000000     -0.0003402038     0.0027405486
292     0.0000000000     0.0000000000     -0.0000000000     0.0000000000     -0.0003213984     0.0027274589
293     0.0000000000     0.0000000000     -0.0000000000     0.0000000000     -0.0002929523     0.0027353632
294     0.0000000000     0.0000000000     -0.0000000000     0.0000000000     -0.0002599849     0.0027392622
295     0.0000000000     0.0000000000     -0.0000000000     0.0000000000     -0.0002240423     0.0027041952
296     0.0000000000     0.0000000000     -0.0000000000     0.0000000000     -0.0001831370     0.0026768065
297     0.0000000000     0.0000000000     -0.0000000000     0.0000000000     -0.0001490484     0.0027178738
298     0.0000000000     0.0000000000     -0.0000000000     0.0000000000     -0.0001231702     0.0027569712
299     0.0000000000     0.0000000000     -0.0000000000     0.0000000000     -0.0000939488     0.0027451613
300     0.0000000000     0.0000000000     -0.0000000000     0.0000000000     -0.0000573547     0.0027236071
301     0.0000000000     0.0000000000     -0.0000000000     0.0000000000     -0.0000231406     0.0026888198
302     0.0000000000     0.0000000000     -0.0000000000     0.0000000000     0.0000163648     0.0026690176
303     0.0000000000     0.0000000000     -0.0000000000     0.0000000000     0.0000601309     0.0026556825
304     0.0000000000     0.0000000000     -0.0000000000     0.0000000000     0.0000937215     0.0026476231
305     0.0000000000     0.0000000000     -0.0000000000     0.0000000000     0.0001143467     0.0026345587
306     0.0000000000     0.0000000000     -0.0000000000     0.0000000000     0.0001481058     0.0026400219
307     0.0000000000     0.0000000000     -0.0000000000     0.0000000000     0.0001801678     0.0026656825
308     0.0000000000     0.0000000000     -0.0000000000     0.0000000000     0.0002112613     0.0026616127
309     0.0000000000     0.0000000000     -0.0000000000     0.0000000000     0.0002449622     0.0026206385
310     0.0000000000     0.0000000000     -0.0000000000     0.0000000000     0.0002655496     0.0025927246
311     0.0000000000     0.0000000000     -0.0000000000     0.0000000000     0.0002650437     0.0025944634
312     0.0000000000     0.0000000000     -0.0000000000     0.0000000000     0.0002668121     0.0026005355
313     0.0000000000     0.0000000000     -0.0000000000     0.0000000000     -0.0003960686     0.0025134096
314     0.0000000000     0.0000000000     -0.0000000000     0.0000000000     -0.0003897776     0.0025087662
315     0.0000000000     0.0000000000     -0.0000000000     0.0000000000     -0.0003933650     0.0025073294
316     0.0000000000     0.0000000000     -0.0000000000     0.0000000000     -0.0003728669     0.0025239986
317     0.0000000000     0.0000000000     -0.0000000000     0.0000000000     -0.0003268746     0.0025605673
318     0.0000000000     0.0000000000     -0.0000000000     0.0000000000     -0.0003038738     0.0025428576
319     0.0000000000     0.0000000000     -0.0000000000     0.0000000000     -0.0002802666     0.0025147013
320     0.0000000000     0.0000000000     -0.0000000000     0.0000000000     -0.0002481771     0.0024912315
321     0.0000000000     0.0000000000     -0.0000000000     0.0000000000     -0.0002155709     0.0024484794
322     0.0000000000     0.0000000000     -0.0000000000     0.0000000000     -0.0001819732     0.0024381805
323     0.0000000000     0.0000000000     -0.0000000000     0.0000000000     -0.0001526677     0.0024797703
324     0.0000000000     0.0000000000     -0.0000000000     0.0000000000     -0.0001189807     0.0025135721
325     0.0000000000     0.0000000000     -0.0000000000     0.0000000000     -0.0000812446     0.0025022907
326     0.0000000000     0.0000000000     -0.0000000000     0.0000000000     -0.0000451799     0.0024787528
327     0.0000000000     0.0000000000     -0.0000000000     0.0000000000     -0.0000072856     0.0024752275
328     0.0000000000     0.0000000000     -0.0000000000     0.0000000000     0.0000380327     0.0024568434
329     0.0000000000     0.0000000000     -0.0000000000     0.0000000000     0.0000797015     0.0024210957
330     0.0000000000     0.0000000000     -0.0000000000     0.0000000000     0.0001134878     0.0024147578
331     0.0000000000     0.0000000000     -0.0000000000     0.0000000000     0.0001419895     0.0024193612
332     0.0000000000     0.0000000000     -0.0000000000     0.0000000000     0.0001782344     0.0024425061
333     0.0000000000     0.0000000000     -0.0000000000     0.0000000000     0.0002191204     0.0024559426
334     0.0000000000     0.0000000000     -0.0000000000     0.0000000000     0.0002606399     0.0024277187
335     0.0000000000     0.0000000000     -0.0000000000     0.0000000000     0.0002986088     0.0023818344
336     0.0000000000     0.0000000000     -0.0000000000     0.0000000000     0.0003199134     0.0023588329
337     0.0000000000     0.0000000000     -0.0000000000     0.0000000000     0.0003187015     0.0023607204
338     0.0000000000     0.0000000000     -0.0000000000     0.0000000000     0.0003132343     0.0023686314
339     0.0000000000     0.0000000000     -0.0000000000     0.0000000000     -0.0004146730     0.0022934613
340     0.0000000000     0.0000000000     -0.0000000000     0.0000000000     -0.0004151470     0.0023010515
341     0.0000000000     0.0000000000     -0.0000000000     0.0000000000     -0.0004177362     0.0022984493
342     0.0000000000     0.0000000000     -0.0000000000     0.0000000000     -0.0004000727     0.0023152433
343     0.0000000000     0.0000000000     -0.0000000000     0.0000000000     -0.0003449547     0.0023560388
344     0.0000000000     0.0000000000     -0.0000000000     0.0000000000     -0.0003054214     0.0023440224
345     0.0000000000     0.0000000000     -0.0000000000     0.0000000000     -0.0002760964     0.0023013956
346     0.0000000000     0.0000000000     -0.0000000000     0.0000000000     -0.0002441918     0.0022698200
347     0.0000000000     0.0000000000     -0.0000000000     0.0000000000     -0.0002160889     0.0022462407
348     0.0000000000     0.0000000000     -0.0000000000     0.0000000000     -0.0001825411     0.0022440657
349     0.0000000000     0.0000000000     -0.0000000000     0.0000000000     -0.0001482105     0.0022527552
350     0.0000000000     0.0000000000     -0.0000000000     0.0000000000     -0.0001095858     0.0022594024
351     0.0000000000     0.0000000000     -0.0000000000     0.0000000000     -0.0000664860     0.0022477817
352     0.0000000000     0.0000000000     -0.0000000000     0.0000000000     -0.0000313755     0.0022126749
353     0.0000000000     0.0000000000     -0.0000000000     0.0000000000     0.0000078203     0.0022225814
354     0.0000000000     0.0000000000     -0.0000000000     0.0000000000     0.0000483142     0.0022237323
355     0.0000000000     0.0000000000     -0.0000000000     0.0000000000     0.0000832032     0.0022026115
356     0.0000000000     0.0000000000     -0.0000000000     0.0000000000     0.0001153535     0.0022130607
357     0.0000000000     0.0000000000     -0.0000000000     0.0000000000     0.0001496550     0.0022268030
358     0.0000000000     0.0000000000     -0.0000000000     0.0000000000     0.0001924221     0.0022429783
359     0.0000000000     0.0000000000     -0.0000000000     0.0000000000     0.0002412059     0.0022351285
360     0.0000000000     0.0000000000     -0.0000000000     0.0000000000     0.0002832228     0.0022130821
361     0.0000000000     0.0000000000     -0.0000000000     0.0000000000     0.0003249763     0.0021878217
362     0.0000000000     0.0000000000     -0.0000000000     0.0000000000     0.0003461096     0.0021711634
363     0.0000000000     0.0000000000     -0.0000000000     0.0000000000     0.0003440264     0.0021725533
364     0.0000000000     0.0000000000     -0.0000000000     0.0000000000     0.0003351368     0.0021704795
365     0.0000000000     0.0000000000     -0.0000000000     0.0000000000     -0.0004246853     0.0020715827
366     0.0000000000     0.0000000000     -0.0000000000     0.0000000000     -0.0004297577     0.0020779951
367     0.0000000000     0.0000000000     -0.0000000000     0.0000000000     -0.0004314483     0.0020770528
368     0.0000000000     0.0000000000     -0.0000000000     0.0000000000     -0.0004160163     0.0020822852
369     0.0000000000     0.0000000000     -0.0000000000     0.0000000000     -0.0003644753     0.0020824124
370     0.0000000000     0.0000000000     -0.0000000000     0.0000000000     -0.0003177371     0.0020695202
371     0.0000000000     0.0000000000     -0.0000000000     0.0000000000     -0.0002817313     0.0020502648
372     0.0000000000     0.0000000000     -0.0000000000     0.0000000000     -0.0002457891     0.0020349409
373     0.0000000000     0.0000000000     -0.0000000000     0.0000000000     -0.0002131782     0.0020269198
374     0.0000000000     0.0000000000     -0.0000000000     0.0000000000     -0.0001746084     0.0020193412
375     0.0000000000     0.0000000000     -0.0000000000     0.0000000000     -0.0001382987     0.0020019604
376     0.0000000000     0.0000000000     -0.0000000000     0.0000000000     -0.0000967404     0.0019869739
377     0.0000000000     0.0000000000     -0.0000000000     0.0000000000     -0.0000494700     0.0019709650
378     0.0000000000     0.0000000000     -0.0000000000     0.0000000000     -0.0000191976     0.0019355755
379     0.0000000000     0.0000000000     -0.0000000000     0.0000000000     0.0000108445     0.0019458489
380     0.0000000000     0.0000000000     -0.0000000000     0.0000000000     0.0000430505     0.0019726648
381     0.0000000000     0.0000000000     -0.0000000000     0.0000000000     0.0000791196     0.0019916084
382     0.0000000000     0.0000000000     -0.0000000000     0.0000000000     0.0001133542     0.0020124446
383     0.0000000000     0.0000000000     -0.0000000000     0.0000000000     0.0001457132     0.0020034727
384     0.0000000000     0.0000000000     -0.0000000000     0.0000000000     0.0001884364     0.0019828886
385     0.0000000000     0.0000000000     -0.0000000000     0.0000000000     0.0002359852     0.0019574569
386     0.0000000000     0.0000000000     -0.0000000000     0.0000000000     0.0002760194     0.0019543923
387     0.0000000000     0.0000000000     -0.0000000000     0.0000000000     0.0003147357     0.0019696882
388     0.0000000000     0.0000000000     -0.0000000000     0.0000000000     0.0003322587     0.0019718469
389     0.0000000000     0.0000000000     -0.0000000000     0.0000000000     0.0003298190     0.0019708314
390     0.0000000000     0.0000000000     -0.0000000000     0.0000000000     0.0003245886     0.0019632648
391     0.0000000000     0.0000000000     -29.2326913258     0.0000000000     -0.0004194327     0.0018295646
392     0.0000000000     0.0000000000     -29.2326913258     0.0000000000     -0.0004267921     0.0018201968
393     0.0000000000     0.0000000000     -29.2326913258     0.0000000000     -0.0004279747     0.0018221101
394     0.0000000000     0.0000000000     -29.2326913258     0.0000000000     -0.0004125659     0.0018155303
395     0.0000000000     0.0000000000     -29.2326913258     0.0000000000     -0.0003666875     0.0017873704
396     0.0000000000     0.0000000000     -29.2326913258     0.0000000000     -0.0003236945     0.0017743092
397     0.0000000000     0.0000000000     -29.2326913258     0.0000000000     -0.0002831786     0.0017743839
398     0.0000000000     0.0000000000     -29.2326913258     0.0000000000     -0.0002299778     0.0017836506
399     0.0000000000     0.0000000000     -29.2326913258     0.0000000000     -0.0001891686     0.0017897032
400     0.0000000000     0.0000000000     -29.2326913258     0.0000000000     -0.0001593635     0.0017664061
401     0.0000000000     0.0000000000     -29.2326913258     0.0000000000     -0.0001285347     0.0017307824
402     0.0000000000     0.0000000000     -29.2326913258     0.0000000000     -0.0000900703     0.0016986055
403     0.0000000000     0.0000000000     -29.2326913258     0.0000000000     -0.0000446339     0.0016812763
404     0.0000000000     0.0000000000     -29.2326913258     0.0000000000     -0.0000149828     0.0016636910
405     0.0000000000     0.0000000000     -29.2326913258     0.0000000000     0.0000093000     0.0016733996
406     0.0000000000     0.0000000000     -29.2326913258     0.0000000000     0.0000401776     0.0017096040
407     0.0000000000     0.0000000000     -29.2326913258     0.0000000000     0.0000820339     0.0017575913
408     0.0000000000     0.0000000000     -29.2326913258     0.0000000000     0.0001151066     0.0017837343
409     0.0000000000     0.0000000000     -29.2326913258     0.0000000000     0.0001409883     0.0017434337
410     0.0000000000     0.0000000000     -29.2326913258     0.0000000000     0.0001760879     0.0016909017
411     0.0000000000     0.0000000000     -29.2326913258     0.0000000000     0.0002154027     0.0016596365
412     0.0000000000     0.0000000000     -29.2326913258     0.0000000000     0.0002496660     0.0016724415
413     0.0000000000     0.0000000000     -29.2326913258     0.0000000000     0.0002799474     0.0017151593
414     0.0000000000     0.0000000000     -29.2326913258     0.0000000000     0.0002962685     0.0017315902
415     0.0000000000     0.0000000000     -29.2326913258     0.0000000000     0.0002942142     0.0017283447
416     0.0000000000     0.0000000000     -29.2326913258     0.0000000000     0.0002937538     0.0017254802
