1     0.0000000000     0.0000000000     34.6704013077     0.0000000000     -0.0004877970     0.0058006369
2     0.0000000000     0.0000000000     34.6704013077     0.0000000000     -0.0004913003     0.0058114818
3     0.0000000000     0.0000000000     34.6704013077     0.0000000000     -0.0004921530     0.0058119495
4     0.0000000000     0.0000000000     34.6704013077     0.0000000000     -0.0004841995     0.0058045958
5     0.0000000000     0.0000000000     34.6704013077     0.0000000000     -0.0004434286     0.0057721451
6     0.0000000000     0.0000000000     34.6704013077     0.0000000000     -0.0003777359     0.0057452195
7     0.0000000000     0.0000000000     34.6704013077     0.0000000000     -0.0003290410     0.0057370596
8     0.0000000000     0.0000000000     34.6704013077     0.0000000000     -0.0003011006     0.0057696352
9     0.0000000000     0.0000000000     34.6704013077     0.0000000000     -0.0002620154     0.0058026479
10     0.0000000000     0.0000000000     34.6704013077     0.0000000000     -0.0002243548     0.0058267812
11     0.0000000000     0.0000000000     34.6704013077     0.0000000000     -0.0001968780     0.0058474516
12     0.0000000000     0.0000000000     34.6704013077     0.0000000000     -0.0001662340     0.0058683183
13     0.0000000000     0.0000000000     34.6704013077     0.0000000000     -0.0001242919     0.0058990725
14     0.0000000000     0.0000000000     34.6704013077     0.0000000000     -0.0000752739     0.0059101605
15     0.0000000000     0.0000000000     34.6704013077     0.0000000000     -0.0000334043     0.0058656190
16     0.0000000000     0.0000000000     34.6704013077     0.0000000000     0.0000093592     0.0058104272
17     0.0000000000     0.0000000000     34.6704013077     0.0000000000     0.0000538918     0.0058058448
18     0.0000000000     0.0000000000     34.6704013077     0.0000000000     0.0000877245     0.0058152336
19     0.0000000000     0.0000000000     34.6704013077     0.0000000000     0.0001365590     0.0058241546
20     0.0000000000     0.0000000000     34.6704013077     0.0000000000     0.0001921737     0.0058455918
21     0.0000000000     0.0000000000     34.6704013077     0.0000000000     0.0002177852     0.0058438049
22     0.0000000000     0.0000000000     34.6704013077     0.0000000000     0.0002412744     0.0058208506
23     0.0000000000     0.0000000000     34.6704013077     0.0000000000     0.0003017704     0.0057764770
24     0.0000000000     0.0000000000     34.6704013077     0.0000000000     0.0003479710     0.0057392119
25     0.0000000000     0.0000000000     34.6704013077     0.0000000000     0.0003442282     0.0057408003
26     0.0000000000     0.0000000000     34.6704013077     0.0000000000     0.0003391647     0.0057456165
27     0.0000000000     0.0000000000     -0.0000000000     0.0000000000     -0.0004676787     0.0055924773
28     0.0000000000     0.0000000000     -0.0000000000     0.0000000000     -0.0004671604     0.0056102935
29     0.0000000000     0.0000000000     -0.0000000000     0.0000000000     -0.0004682583     0.0056101178
30     0.0000000000     0.0000000000     -0.0000000000     0.0000000000     -0.0004589488     0.0056024516
31     0.0000000000     0.0000000000     -0.0000000000     0.0000000000     -0.0004261313     0.0055579104
32     0.0000000000     0.0000000000     -0.0000000000     0.0000000000     -0.0003721472     0.0055152409
33     0.0000000000     0.0000000000     -0.0000000000     0.0000000000     -0.0003330037     0.0054847907
34     0.0000000000     0.0000000000     -0.0000000000     0.0000000000     -0.0003119620     0.0054973583
35     0.0000000000     0.0000000000     -0.0000000000     0.0000000000     -0.0002783066     0.0055004602
36     0.0000000000     0.0000000000     -0.0000000000     0.0000000000     -0.0002370835     0.0054966654
37     0.0000000000     0.0000000000     -0.0000000000     0.0000000000     -0.0002059540     0.0055190976
38     0.0000000000     0.0000000000     -0.0000000000     0.0000000000     -0.0001773921     0.0055441826
39     0.0000000000     0.0000000000     -0.0000000000     0.0000000000     -0.0001307879     0.0055664122
40     0.0000000000     0.0000000000     -0.0000000000     0.0000000000     -0.0000739229     0.0055807081
41     0.0000000000     0.0000000000     -0.0000000000     0.0000000000     -0.0000374242     0.0055602831
42     0.0000000000     0.0000000000     -0.0000000000     0.0000000000     -0.0000006988     0.0055340962
43     0.0000000000     0.0000000000     -0.0000000000     0.0000000000     0.0000553771     0.0055598963
44     0.0000000000     0.0000000000     -0.0000000000     0.0000000000     0.0000910755     0.0055693476
45     0.0000000000     0.0000000000     -0.0000000000     0.0000000000     0.0001244142     0.0055428056
46     0.0000000000     0.0000000000     -0.0000000000     0.0000000000     0.0001779430     0.0055488870
47     0.0000000000     0.0000000000     -0.0000000000     0.0000000000     0.0002098599     0.0055782897
48     0.0000000000     0.0000000000     -0.0000000000     0.0000000000     0.0002381606     0.0055794427
49     0.0000000000     0.0000000000     -0.0000000000     0.0000000000     0.0003043470     0.0055483764
50     0.0000000000     0.0000000000     -0.0000000000     0.0000000000     0.0003542349     0.0055177199
51     0.0000000000     0.0000000000     -0.0000000000     0.0000000000     0.0003515000     0.0055177543
52     0.0000000000     0.0000000000     -0.0000000000     0.0000000000     0.0003462812     0.0055131345
53     0.0000000000     0.0000000000     -0.0000000000     0.0000000000     -0.0004503556     0.0053374701
54     0.0000000000     0.0000000000     -0.0000000000     0.0000000000     -0.0004486076     0.0053511537
55     0.0000000000     0.0000000000     -0.0000000000     0.0000000000     -0.0004496700     0.0053508971
56     0.0000000000     0.0000000000     -0.0000000000     0.0000000000     -0.0004415368     0.0053468857
57     0.0000000000     0.0000000000     -0.0000000000     0.0000000000     -0.0004139342     0.0053105007
58     0.0000000000     0.0000000000     -0.0000000000     0.0000000000     -0.0003664117     0.0052682436
59     0.0000000000     0.0000000000     -0.0000000000     0.0000000000     -0.0003381365     0.0052386021
60     0.0000000000     0.0000000000     -0.0000000000     0.0000000000     -0.0003197735     0.0052445139
61     0.0000000000     0.0000000000     -0.0000000000     0.0000000000     -0.0002866193     0.0052263817
62     0.0000000000     0.0000000000     -0.0000000000     0.0000000000     -0.0002461132     0.0052009582
63     0.0000000000     0.0000000000     -0.0000000000     0.0000000000     -0.0002091461     0.0052196076
64     0.0000000000     0.0000000000     -0.0000000000     0.0000000000     -0.0001766947     0.0052309412
65     0.0000000000     0.0000000000     -0.0000000000     0.0000000000     -0.0001323977     0.0052281389
66     0.0000000000     0.0000000000     -0.0000000000     0.0000000000     -0.0000800818     0.0052261687
67     0.0000000000     0.0000000000     -0.0000000000     0.0000000000     -0.0000453860     0.0052195810
68     0.0000000000     0.0000000000     -0.0000000000     0.0000000000     -0.0000088178     0.0052408278
69     0.0000000000     0.0000000000     -0.0000000000     0.0000000000     0.0000489516     0.0052814668
70     0.0000000000     0.0000000000     -0.0000000000     0.0000000000     0.0000878820     0.0052798426
71     0.0000000000     0.0000000000     -0.0000000000     0.0000000000     0.0001130521     0.0052413890
72     0.0000000000     0.0000000000     -0.0000000000     0.0000000000     0.0001581100     0.0052424663
73     0.0000000000     0.0000000000     -0.0000000000     0.0000000000     0.0001974698     0.0052883906
74     0.0000000000     0.0000000000     -0.0000000000     0.0000000000     0.0002282768     0.0053114558
75     0.0000000000     0.0000000000     -0.0000000000     0.0000000000     0.0002831205     0.0053073401
76     0.0000000000     0.0000000000     -0.0000000000     0.0000000000     0.0003257103     0.0052849206
77     0.0000000000     0.0000000000     -0.0000000000     0.0000000000     0.0003242273     0.0052813717
78     0.0000000000     0.0000000000     -0.0000000000     0.0000000000     0.0003243774     0.0052692970
79     0.0000000000     0.0000000000     -0.0000000000     0.0000000000     -0.0004409012     0.0050472678
80     0.0000000000     0.0000000000     -0.0000000000     0.0000000000     -0.0004389411     0.0050546267
81     0.0000000000     0.0000000000     -0.0000000000     0.0000000000     -0.0004396661     0.0050548162
82     0.0000000000     0.0000000000     -0.0000000000     0.0000000000     -0.0004346316     0.0050499472
83     0.0000000000     0.0000000000     -0.0000000000     0.0000000000     -0.0004127554     0.0050174261
84     0.0000000000     0.0000000000     -0.0000000000     0.0000000000     -0.0003655150     0.0049893967
85     0.0000000000     0.0000000000     -0.0000000000     0.0000000000     -0.0003398703     0.0049838003
86     0.0000000000     0.0000000000     -0.0000000000     0.0000000000     -0.0003209522     0.0049974747
87     0.0000000000     0.0000000000     -0.0000000000     0.0000000000     -0.0002840326     0.0049804737
88     0.0000000000     0.0000000000     -0.0000000000     0.0000000000     -0.0002463445     0.0049534336
89     0.0000000000     0.0000000000     -0.0000000000     0.0000000000     -0.0002104742     0.0049599634
90     0.0000000000     0.0000000000     -0.0000000000     0.0000000000     -0.0001729000     0.0049520724
91     0.0000000000     0.0000000000     -0.0000000000     0.0000000000     -0.0001325868     0.0049314273
92     0.0000000000     0.0000000000     -0.0000000000     0.0000000000     -0.0000850445     0.0049203372
93     0.0000000000     0.0000000000     -0.0000000000     0.0000000000     -0.0000442914     0.0049159202
94     0.0000000000     0.0000000000     -0.0000000000     0.0000000000     -0.0000069148     0.0049471123
95     0.0000000000     0.0000000000     -0.0000000000     0.0000000000     0.0000442605     0.0049801058
96     0.0000000000     0.0000000000     -0.0000000000     0.0000000000     0.0000853713     0.0049755272
97     0.0000000000     0.0000000000     -0.0000000000     0.0000000000     0.0001139157     0.0049627394
98     0.0000000000     0.0000000000     -0.0000000000     0.0000000000     0.0001519856     0.0049796231
99     0.0000000000     0.0000000000     -0.0000000000     0.0000000000     0.0001899258     0.0049983767
100     0.0000000000     0.0000000000     -0.0000000000     0.0000000000     0.0002200612     0.0050115181
101     0.0000000000     0.0000000000     -0.0000000000     0.0000000000     0.0002660639     0.0050112660
102     0.0000000000     0.0000000000     -0.0000000000     0.0000000000     0.0003004248     0.0049879899
103     0.0000000000     0.0000000000     -0.0000000000     0.0000000000     0.0002992064     0.0049840285
104     0.0000000000     0.0000000000     -0.0000000000     0.0000000000     0.0003012613     0.0049776960
105     0.0000000000     0.0000000000     -0.0000000000     0.0000000000     -0.0004289408     0.0047448020
106     0.0000000000     0.0000000000     -0.0000000000     0.0000000000     -0.0004239070     0.0047432056
107     0.0000000000     0.0000000000     -0.0000000000     0.0000000000     -0.0004244526     0.0047441731
108     0.0000000000     0.0000000000     -0.0000000000     0.0000000000     -0.0004225083     0.0047395751
109     0.0000000000     0.0000000000     -0.0000000000     0.0000000000     -0.0004112566     0.0047157166
110     0.0000000000     0.0000000000     -0.0000000000     0.0000000000     -0.0003757863     0.0047078830
111     0.0000000000     0.0000000000     -0.0000000000     0.0000000000     -0.0003479420     0.0047188630
112     0.0000000000     0.0000000000     -0.0000000000     0.0000000000     -0.0003204465     0.0047302510
113     0.0000000000     0.0000000000     -0.0000000000     0.0000000000     -0.0002781528     0.0047255926
114     0.0000000000     0.0000000000     -0.0000000000     0.0000000000     -0.0002380669     0.0047213764
115     0.0000000000     0.0000000000     -0.0000000000     0.0000000000     -0.0002089325     0.0047205733
116     0.0000000000     0.0000000000     -0.0000000000     0.0000000000     -0.0001724884     0.0046975692
117     0.0000000000     0.0000000000     -0.0000000000     0.0000000000     -0.0001333705     0.0046720481
118     0.0000000000     0.0000000000     -0.0000000000     0.0000000000     -0.0000910929     0.0046648519
119     0.0000000000     0.0000000000     -0.0000000000     0.0000000000     -0.0000443280     0.0046711053
120     0.0000000000     0.0000000000     -0.0000000000     0.0000000000     -0.0000050692     0.0046714777
121     0.0000000000     0.0000000000     -0.0000000000     0.0000000000     0.0000390629     0.0046758321
122     0.0000000000     0.0000000000     -0.0000000000     0.0000000000     0.0000821845     0.0046674876
123     0.0000000000     0.0000000000     -0.0000000000     0.0000000000     0.0001132826     0.0046844879
124     0.0000000000     0.0000000000     -0.0000000000     0.0000000000     0.0001497136     0.0047257300
125     0.0000000000     0.0000000000     -0.0000000000     0.0000000000     0.0001820337     0.0047191283
126     0.0000000000     0.0000000000     -0.0000000000     0.0000000000     0.0002119743     0.0047078986
127     0.0000000000     0.0000000000     -0.0000000000     0.0000000000     0.0002524860     0.0046833220
128     0.0000000000     0.0000000000     -0.0000000000     0.0000000000     0.0002808416     0.0046521989
129     0.0000000000     0.0000000000     -0.0000000000     0.0000000000     0.0002791255     0.0046503609
130     0.0000000000     0.0000000000     -0.0000000000     0.0000000000     0.0002820533     0.0046554989
131     0.0000000000     0.0000000000     -0.0000000000     0.0000000000     -0.0004144200     0.0044471485
132     0.0000000000     0.0000000000     -0.0000000000     0.0000000000     -0.0004042764     0.0044381510
133     0.0000000000     0.0000000000     -0.0000000000     0.0000000000     -0.0004051860     0.0044392253
134     0.0000000000     0.0000000000     -0.0000000000     0.0000000000     -0.0004026270     0.0044387975
135     0.0000000000     0.0000000000     -0.0000000000     0.0000000000     -0.0004007607     0.0044392735
136     0.0000000000     0.0000000000     -0.0000000000     0.0000000000     -0.0003810294     0.0044507643
137     0.0000000000     0.0000000000     -0.0000000000     0.0000000000     -0.0003542789     0.0044584158
138     0.0000000000     0.0000000000     -0.0000000000     0.0000000000     -0.0003179032     0.0044542735
139     0.0000000000     0.0000000000     -0.0000000000     0.0000000000     -0.0002739518     0.0044543794
140     0.0000000000     0.0000000000     -0.0000000000     0.0000000000     -0.0002368657     0.0044722995
141     0.0000000000     0.0000000000     -0.0000000000     0.0000000000     -0.0002111840     0.0044721508
142     0.0000000000     0.0000000000     -0.0000000000     0.0000000000     -0.0001739135     0.0044457396
143     0.0000000000     0.0000000000     -0.0000000000     0.0000000000     -0.0001334698     0.0044212095
144     0.0000000000     0.0000000000     -0.0000000000     0.0000000000     -0.0000997001     0.0044134921
145     0.0000000000     0.0000000000     -0.0000000000     0.0000000000     -0.0000534585     0.0044188005
146     0.0000000000     0.0000000000     -0.0000000000     0.0000000000     -0.0000108032     0.0044053047
147     0.0000000000     0.0000000000     -0.0000000000     0.0000000000     0.0000334051     0.0043869649
148     0.0000000000     0.0000000000     -0.0000000000     0.0000000000     0.0000809746     0.0043632942
149     0.0000000000     0.0000000000     -0.0000000000     0.0000000000     0.0001059478     0.0043873570
150     0.0000000000     0.0000000000     -0.0000000000     0.0000000000     0.0001341785     0.0044438211
151     0.0000000000     0.0000000000     -0.0000000000     0.0000000000     0.0001708437     0.0044470040
152     0.0000000000     0.0000000000     -0.0000000000     0.0000000000     0.0002120440     0.0044226186
153     0.0000000000     0.0000000000     -0.0000000000     0.0000000000     0.0002509687     0.0043769282
154     0.0000000000     0.0000000000     -0.0000000000     0.0000000000     0.0002735282     0.0043470456
155     0.0000000000     0.0000000000     -0.0000000000     0.0000000000     0.0002712744     0.0043487590
156     0.0000000000     0.0000000000     -0.0000000000     0.0000000000     0.0002727716     0.0043570617
157     0.0000000000     0.0000000000     -0.0000000000     0.0000000000     -0.0004169001     0.0041691688
158     0.0000000000     0.0000000000     -0.0000000000     0.0000000000     -0.0004063007     0.0041571903
159     0.0000000000     0.0000000000     -0.0000000000     0.0000000000     -0.0004076500     0.0041575354
160     0.0000000000     0.0000000000     -0.0000000000     0.0000000000     -0.0004008355     0.0041638720
161     0.0000000000     0.0000000000     -0.0000000000     0.0000000000     -0.0003922659     0.0041995934
162     0.0000000000     0.0000000000     -0.0000000000     0.0000000000     -0.0003726145     0.0042196141
163     0.0000000000     0.0000000000     -0.0000000000     0.0000000000     -0.0003475397     0.0042074162
164     0.0000000000     0.0000000000     -0.0000000000     0.0000000000     -0.0003144411     0.0041881355
165     0.0000000000     0.0000000000     -0.0000000000     0.0000000000     -0.0002788410     0.0041967344
166     0.0000000000     0.0000000000     -0.0000000000     0.0000000000     -0.0002492745     0.0042271642
167     0.0000000000     0.0000000000     -0.0000000000     0.0000000000     -0.0002213027     0.0042111020
168     0.0000000000     0.0000000000     -0.0000000000     0.0000000000     -0.0001791918     0.0041774426
169     0.0000000000     0.0000000000     -0.0000000000     0.0000000000     -0.0001367112     0.0041574032
170     0.0000000000     0.0000000000     -0.0000000000     0.0000000000     -0.0001077842     0.0041553232
171     0.0000000000     0.0000000000     -0.0000000000     0.0000000000     -0.0000650425     0.0041505546
172     0.0000000000     0.0000000000     -0.0000000000     0.0000000000     -0.0000213334     0.0041373030
173     0.0000000000     0.0000000000     -0.0000000000     0.0000000000     0.0000219268     0.0041246028
174     0.0000000000     0.0000000000     -0.0000000000     0.0000000000     0.0000764205     0.0040956496
175     0.0000000000     0.0000000000     -0.0000000000     0.0000000000     0.0000998401     0.0041174578
176     0.0000000000     0.0000000000     -0.0000000000     0.0000000000     0.0001204806     0.0041571022
177     0.0000000000     0.0000000000     -0.0000000000     0.0000000000     0.0001620386     0.0041593183
178     0.0000000000     0.0000000000     -0.0000000000     0.0000000000     0.0002113715     0.0041333834
179     0.0000000000     0.0000000000     -0.0000000000     0.0000000000     0.0002526034     0.0040939404
180     0.0000000000     0.0000000000     -0.0000000000     0.0000000000     0.0002769827     0.0040869510
181     0.0000000000     0.0000000000     -0.0000000000     0.0000000000     0.0002751148     0.0040885909
182     0.0000000000     0.0000000000     -0.0000000000     0.0000000000     0.0002724776     0.0040908244
183     0.0000000000     0.0000000000     -0.0000000000     0.0000000000     -0.0004448327     0.0039255137
184     0.0000000000     0.0000000000     -0.0000000000     0.0000000000     -0.0004442592     0.0039167645
185     0.0000000000     0.0000000000     -0.0000000000     0.0000000000     -0.0004452028     0.0039160322
186     0.0000000000     0.0000000000     -0.0000000000     0.0000000000     -0.0004365800     0.0039267762
187     0.0000000000     0.0000000000     -0.0000000000     0.0000000000     -0.0004065296     0.0039788343
188     0.0000000000     0.0000000000     -0.0000000000     0.0000000000     -0.0003721804     0.0039959019
189     0.0000000000     0.0000000000     -0.0000000000     0.0000000000     -0.0003445120     0.0039649274
190     0.0000000000     0.0000000000     -0.0000000000     0.0000000000     -0.0003197456     0.0039459193
191     0.0000000000     0.0000000000     -0.0000000000     0.0000000000     -0.0002891041     0.0039688228
192     0.0000000000     0.0000000000     -0.0000000000     0.0000000000     -0.0002551473     0.0039828522
193     0.0000000000     0.0000000000     -0.0000000000     0.0000000000     -0.0002228890     0.0039299533
194     0.0000000000     0.0000000000     -0.0000000000     0.0000000000     -0.0001792091     0.0038873174
195     0.0000000000     0.0000000000     -0.0000000000     0.0000000000     -0.0001405446     0.0038800053
196     0.0000000000     0.0000000000     -0.0000000000     0.0000000000     -0.0001113167     0.0038917147
197     0.0000000000     0.0000000000     -0.0000000000     0.0000000000     -0.0000733401     0.0038906396
198     0.0000000000     0.0000000000     -0.0000000000     0.0000000000     -0.0000339725     0.0038849848
199     0.0000000000     0.0000000000     -0.0000000000     0.0000000000     0.0000025417     0.0038834717
200     0.0000000000     0.0000000000     -0.0000000000     0.0000000000     0.0000522953     0.0038795726
201     0.0000000000     0.0000000000     -0.0000000000     0.0000000000     0.0000837544     0.0038941653
202     0.0000000000     0.0000000000     -0.0000000000     0.0000000000     0.0001101922     0.0038763752
203     0.0000000000     0.0000000000     -0.0000000000     0.0000000000     0.0001478996     0.0038487537
204     0.0000000000     0.0000000000     -0.0000000000     0.0000000000     0.0001937718     0.0038233425
205     0.0000000000     0.0000000000     -0.0000000000     0.0000000000     0.0002332807     0.0038012944
206     0.0000000000     0.0000000000     -0.0000000000     0.0000000000     0.0002575483     0.0038148677
207     0.0000000000     0.0000000000     -0.0000000000     0.0000000000     0.0002572396     0.0038131335
208     0.0000000000     0.0000000000     -0.0000000000     0.0000000000     0.0002555897     0.0038170308
209     0.0000000000     0.0000000000     -0.0000000000     0.0000000000     -0.0004685910     0.0037036242
210     0.0000000000     0.0000000000     -0.0000000000     0.0000000000     -0.0004804120     0.0037029364
211     0.0000000000     0.0000000000     -0.0000000000     0.0000000000     -0.0004808988     0.0037021048
212     0.0000000000     0.0000000000     -0.0000000000     0.0000000000     -0.0004713007     0.0037070877
213     0.0000000000     0.0000000000     -0.0000000000     0.0000000000     -0.0004293754     0.0037405871
214     0.0000000000     0.0000000000     -0.0000000000     0.0000000000     -0.0003885353     0.0037613213
215     0.0000000000     0.0000000000     -0.0000000000     0.0000000000     -0.0003545225     0.0037404317
216     0.0000000000     0.0000000000     -0.0000000000     0.0000000000     -0.0003237057     0.0037293305
217     0.0000000000     0.0000000000     -0.0000000000     0.0000000000     -0.0002875835     0.0037427313
218     0.0000000000     0.0000000000     -0.0000000000     0.0000000000     -0.0002448594     0.0037293595
219     0.0000000000     0.0000000000     -0.0000000000     0.0000000000     -0.0002100273     0.0036655975
220     0.0000000000     0.0000000000     -0.0000000000     0.0000000000     -0.0001695869     0.0036289957
221     0.0000000000     0.0000000000     -0.0000000000     0.0000000000     -0.0001345697     0.0036392195
222     0.0000000000     0.0000000000     -0.0000000000     0.0000000000     -0.0001060434     0.0036367622
223     0.0000000000     0.0000000000     -0.0000000000     0.0000000000     -0.0000708580     0.0036285577
224     0.0000000000     0.0000000000     -0.0000000000     0.0000000000     -0.0000346853     0.0036320673
225     0.0000000000     0.0000000000     -0.0000000000     0.0000000000     -0.0000025449     0.0036265400
226     0.0000000000     0.0000000000     -0.0000000000     0.0000000000     0.0000312453     0.0036353189
227     0.0000000000     0.0000000000     -0.0000000000     0.0000000000     0.0000621221     0.0036326793
228     0.0000000000     0.0000000000     -0.0000000000     0.0000000000     0.0000975404     0.0035824236
229     0.0000000000     0.0000000000     -0.0000000000     0.0000000000     0.0001307157     0.0035387166
230     0.0000000000     0.0000000000     -0.0000000000     0.0000000000     0.0001616825     0.0035306925
231     0.0000000000     0.0000000000     -0.0000000000     0.0000000000     0.0001923123     0.0035312906
232     0.0000000000     0.0000000000     -0.0000000000     0.0000000000     0.0002144030     0.0035525091
233     0.0000000000     0.0000000000     -0.0000000000     0.0000000000     0.0002161714     0.0035488526
234     0.0000000000     0.0000000000     -0.0000000000     0.0000000000     0.0002207715     0.0035536369
235     0.0000000000     0.0000000000     -0.0000000000     0.0000000000     -0.0004594878     0.0034712436
236     0.0000000000     0.0000000000     -0.0000000000     0.0000000000     -0.0004663180     0.0034745324
237     0.0000000000     0.0000000000     -0.0000000000     0.0000000000     -0.0004674360     0.0034743545
238     0.0000000000     0.0000000000     -0.0000000000     0.0000000000     -0.0004574792     0.0034709968
239     0.0000000000     0.0000000000     -0.0000000000     0.0000000000     -0.0004222042     0.0034712840
240     0.0000000000     0.0000000000     -0.0000000000     0.0000000000     -0.0003869201     0.0034861373
241     0.0000000000     0.0000000000     -0.0000000000     0.0000000000     -0.0003475021     0.0034905400
242     0.0000000000     0.0000000000     -0.0000000000     0.0000000000     -0.0003076831     0.0034924443
243     0.0000000000     0.0000000000     -0.0000000000     0.0000000000     -0.0002711636     0.0034890122
244     0.0000000000     0.0000000000     -0.0000000000     0.0000000000     -0.0002227354     0.0034621439
245     0.0000000000     0.0000000000     -0.0000000000     0.0000000000     -0.0001819108     0.0034268729
246     0.0000000000     0.0000000000     -0.0000000000     0.0000000000     -0.0001491678     0.0034109651
247     0.0000000000     0.0000000000     -0.0000000000     0.0000000000     -0.0001187480     0.0034275816
248     0.0000000000     0.0000000000     -0.0000000000     0.0000000000     -0.0000919889     0.0034137624
249     0.0000000000     0.0000000000     -0.0000000000     0.0000000000     -0.0000582920     0.0033587309
250     0.0000000000     0.0000000000     -0.0000000000     0.0000000000     -0.0000191931     0.0033521631
251     0.0000000000     0.0000000000     -0.0000000000     0.0000000000     0.0000115396     0.0033493960
252     0.0000000000     0.0000000000     -0.0000000000     0.0000000000     0.0000363472     0.0033563941
253     0.0000000000     0.0000000000     -0.0000000000     0.0000000000     0.0000559852     0.0033421522
254     0.0000000000     0.0000000000     -0.0000000000     0.0000000000     0.0000942829     0.0033018288
255     0.0000000000     0.0000000000     -0.0000000000     0.0000000000     0.0001274266     0.0032830764
256     0.0000000000     0.0000000000     -0.0000000000     0.0000000000     0.0001434126     0.0033060008
257     0.0000000000     0.0000000000     -0.0000000000     0.0000000000     0.0001656707     0.0033176355
258     0.0000000000     0.0000000000     -0.0000000000     0.0000000000     0.0001880064     0.0033190557
259     0.0000000000     0.0000000000     -0.0000000000     0.0000000000     0.0001911214     0.0033169197
260     0.0000000000     0.0000000000     -0.0000000000     0.0000000000     0.0002005582     0.0033146027
261     0.0000000000     0.0000000000     -0.0000000000     0.0000000000     -0.0004304315     0.0032133004
262     0.0000000000     0.0000000000     -0.0000000000     0.0000000000     -0.0004267441     0.0032136567
263     0.0000000000     0.0000000000     -0.0000000000     0.0000000000     -0.0004291258     0.0032143451
264     0.0000000000     0.0000000000     -0.0000000000     0.0000000000     -0.0004171315     0.0032049887
265     0.0000000000     0.0000000000     -0.0000000000     0.0000000000     -0.0003898379     0.0031835542
266     0.0000000000     0.0000000000     -0.0000000000     0.0000000000     -0.0003627569     0.0031848704
267     0.0000000000     0.0000000000     -0.0000000000     0.0000000000     -0.0003240037     0.0032001957
268     0.0000000000     0.0000000000     -0.0000000000     0.0000000000     -0.0002852880     0.0032131794
269     0.0000000000     0.0000000000     -0.0000000000     0.0000000000     -0.0002509229     0.0031956056
270     0.0000000000     0.0000000000     -0.0000000000     0.0000000000     -0.0002007405     0.0031602636
271     0.0000000000     0.0000000000     -0.0000000000     0.0000000000     -0.0001586782     0.0031693269
272     0.0000000000     0.0000000000     -0.0000000000     0.0000000000     -0.0001338188     0.0031835548
273     0.0000000000     0.0000000000     -0.0000000000     0.0000000000     -0.0001071170     0.0031900588
274     0.0000000000     0.0000000000     -0.0000000000     0.0000000000     -0.0000745716     0.0031738972
275     0.0000000000     0.0000000000     -0.0000000000     0.0000000000     -0.0000404051     0.0031028294
276     0.0000000000     0.0000000000     -0.0000000000     0.0000000000     -0.0000020903     0.0030847116
277     0.0000000000     0.0000000000     -0.0000000000     0.0000000000     0.0000363487     0.0030875397
278     0.0000000000     0.0000000000     -0.0000000000     0.0000000000     0.0000637829     0.0030876776
279     0.0000000000     0.0000000000     -0.0000000000     0.0000000000     0.0000785918     0.0030683364
280     0.0000000000     0.0000000000     -0.0000000000     0.0000000000     0.0001167918     0.0030545141
281     0.0000000000     0.0000000000     -0.0000000000     0.0000000000     0.0001496660     0.0030738429
282     0.0000000000     0.0000000000     -0.0000000000     0.0000000000     0.0001676941     0.0030967449
283     0.0000000000     0.0000000000     -0.0000000000     0.0000000000     0.0001944030     0.0030799446
284     0.0000000000     0.0000000000     -0.0000000000     0.0000000000     0.0002162541     0.0030540183
285     0.0000000000     0.0000000000     -0.0000000000     0.0000000000     0.0002182811     0.0030540485
286     0.0000000000     0.0000000000     -0.0000000000     0.0000000000     0.0002256490     0.0030526873
287     0.0000000000     0.0000000000     -0.0000000000     0.0000000000     -0.0004107701     0.0029402516
288     0.0000000000     0.0000000000     -0.0000000000     0.0000000000     -0.0004026981     0.0029353765
289     0.0000000000     0.0000000000     -0.0000000000     0.0000000000     -0.0004062739     0.0029356583
290     0.0000000000     0.0000000000     -0.0000000000     0.0000000000     -0.0003881982     0.0029340253
291     0.0000000000     0.0000000000     -0.0000000000     0.0000000000     -0.0003559798     0.0029231333
292     0.0000000000     0.0000000000     -0.0000000000     0.0000000000     -0.0003357127     0.0029082314
293     0.0000000000     0.0000000000     -0.0000000000     0.0000000000     -0.0003052509     0.0029155022
294     0.0000000000     0.0000000000     -0.0000000000     0.0000000000     -0.0002704789     0.0029228044
295     0.0000000000     0.0000000000     -0.0000000000     0.0000000000     -0.0002328541     0.0028872000
296     0.0000000000     0.0000000000     -0.0000000000     0.0000000000     -0.0001900023     0.0028572205
297     0.0000000000     0.0000000000     -0.0000000000     0.0000000000     -0.0001553354     0.0029025379
298     0.0000000000     0.0000000000     -0.0000000000     0.0000000000     -0.0001289874     0.0029434527
299     0.0000000000     0.0000000000     -0.0000000000     0.0000000000     -0.0000983095     0.0029299921
300     0.0000000000     0.0000000000     -0.0000000000     0.0000000000     -0.0000599590     0.0029089654
301     0.0000000000     0.0000000000     -0.0000000000     0.0000000000     -0.0000242149     0.0028732219
302     0.0000000000     0.0000000000     -0.0000000000     0.0000000000     0.0000173082     0.0028523850
303     0.0000000000     0.0000000000     -0.0000000000     0.0000000000     0.0000625641     0.0028370654
304     0.0000000000     0.0000000000     -0.0000000000     0.0000000000     0.0000965148     0.0028281693
305     0.0000000000     0.0000000000     -0.0000000000     0.0000000000     0.0001171061     0.0028137783
306     0.0000000000     0.0000000000     -0.0000000000     0.0000000000     0.0001518364     0.0028172747
307     0.0000000000     0.0000000000     -0.0000000000     0.0000000000     0.0001851953     0.0028434689
308     0.0000000000     0.0000000000     -0.0000000000     0.0000000000     0.0002177109     0.0028389474
309     0.0000000000     0.0000000000     -0.0000000000     0.0000000000     0.0002513989     0.0027976059
310     0.0000000000     0.0000000000     -0.0000000000     0.0000000000     0.0002724076     0.0027691488
311     0.0000000000     0.0000000000     -0.0000000000     0.0000000000     0.0002728197     0.0027702216
312     0.0000000000     0.0000000000     -0.0000000000     0.0000000000     0.0002747524     0.0027762920
313     0.0000000000     0.0000000000     -0.0000000000     0.0000000000     -0.0004135265     0.0026804913
314     0.0000000000     0.0000000000     -0.0000000000     0.0000000000     -0.0004075060     0.0026776799
315     0.0000000000     0.0000000000     -0.0000000000     0.0000000000     -0.0004111657     0.0026761484
316     0.0000000000     0.0000000000     -0.0000000000     0.0000000000     -0.0003900815     0.0026922580
317     0.0000000000     0.0000000000     -0.0000000000     0.0000000000     -0.0003414086     0.0027268632
318     0.0000000000     0.0000000000     -0.0000000000     0.0000000000     -0.0003166230     0.0027060531
319     0.0000000000     0.0000000000     -0.0000000000     0.0000000000     -0.0002913469     0.0026773364
320     0.0000000000     0.0000000000     -0.0000000000     0.0000000000     -0.0002581002     0.0026576009
321     0.0000000000     0.0000000000     -0.0000000000     0.0000000000     -0.0002238223     0.0026144813
322     0.0000000000     0.0000000000     -0.0000000000     0.0000000000     -0.0001883253     0.0026019447
323     0.0000000000     0.0000000000     -0.0000000000     0.0000000000     -0.0001588368     0.0026482255
324     0.0000000000     0.0000000000     -0.0000000000     0.0000000000     -0.0001244355     0.0026818418
325     0.0000000000     0.0000000000     -0.0000000000     0.0000000000     -0.0000853676     0.0026655646
326     0.0000000000     0.0000000000     -0.0000000000     0.0000000000     -0.0000476234     0.0026416984
327     0.0000000000     0.0000000000     -0.0000000000     0.0000000000     -0.0000080075     0.0026399925
328     0.0000000000     0.0000000000     -0.0000000000     0.0000000000     0.0000387526     0.0026216208
329     0.0000000000     0.0000000000     -0.0000000000     0.0000000000     0.0000818939     0.0025877167
330     0.0000000000     0.0000000000     -0.0000000000     0.0000000000     0.0001167313     0.0025818203
331     0.0000000000     0.0000000000     -0.0000000000     0.0000000000     0.0001459307     0.0025833450
332     0.0000000000     0.0000000000     -0.0000000000     0.0000000000     0.0001830944     0.0026031048
333     0.0000000000     0.0000000000     -0.0000000000     0.0000000000     0.0002256570     0.0026169817
334     0.0000000000     0.0000000000     -0.0000000000     0.0000000000     0.0002693358     0.0025882467
335     0.0000000000     0.0000000000     -0.0000000000     0.0000000000     0.0003080535     0.0025413587
336     0.0000000000     0.0000000000     -0.0000000000     0.0000000000     0.0003292843     0.0025174120
337     0.0000000000     0.0000000000     -0.0000000000     0.0000000000     0.0003281811     0.0025188488
338     0.0000000000     0.0000000000     -0.0000000000     0.0000000000     0.0003225103     0.0025266979
339     0.0000000000     0.0000000000     -0.0000000000     0.0000000000     -0.0004313075     0.0024435795
340     0.0000000000     0.0000000000     -0.0000000000     0.0000000000     -0.0004324073     0.0024522206
341     0.0000000000     0.0000000000     -0.0000000000     0.0000000000     -0.0004350479     0.0024498076
342     0.0000000000     0.0000000000     -0.0000000000     0.0000000000     -0.0004168982     0.0024655093
343     0.0000000000     0.0000000000     -0.0000000000     0.0000000000     -0.0003589670     0.0025026678
344     0.0000000000     0.0000000000     -0.0000000000     0.0000000000     -0.0003173601     0.0024895854
345     0.0000000000     0.0000000000     -0.0000000000     0.0000000000     -0.0002864719     0.0024471946
346     0.0000000000     0.0000000000     -0.0000000000     0.0000000000     -0.0002535105     0.0024168724
347     0.0000000000     0.0000000000     -0.0000000000     0.0000000000     -0.0002243359     0.0023916294
348     0.0000000000     0.0000000000     -0.0000000000     0.0000000000     -0.0001891866     0.0023888145
349     0.0000000000     0.0000000000     -0.0000000000     0.0000000000     -0.0001539182     0.0023995928
350     0.0000000000     0.0000000000     -0.0000000000     0.0000000000     -0.0001141219     0.0024049363
351     0.0000000000     0.0000000000     -0.0000000000     0.0000000000     -0.0000700702     0.0023897613
352     0.0000000000     0.0000000000     -0.0000000000     0.0000000000     -0.0000336477     0.0023560208
353     0.0000000000     0.0000000000     -0.0000000000     0.0000000000     0.0000073080     0.0023688305
354     0.0000000000     0.0000000000     -0.0000000000     0.0000000000     0.0000488667     0.0023701005
355     0.0000000000     0.0000000000     -0.0000000000     0.0000000000     0.0000852050     0.0023521169
356     0.0000000000     0.0000000000     -0.0000000000     0.0000000000     0.0001191149     0.0023645208
357     0.0000000000     0.0000000000     -0.0000000000     0.0000000000     0.0001546951     0.0023746481
358     0.0000000000     0.0000000000     -0.0000000000     0.0000000000     0.0001982968     0.0023854587
359     0.0000000000     0.0000000000     -0.0000000000     0.0000000000     0.0002490046     0.0023765779
360     0.0000000000     0.0000000000     -0.0000000000     0.0000000000     0.0002935086     0.0023534522
361     0.0000000000     0.0000000000     -0.0000000000     0.0000000000     0.0003372121     0.0023270527
362     0.0000000000     0.0000000000     -0.0000000000     0.0000000000     0.0003577039     0.0023095783
363     0.0000000000     0.0000000000     -0.0000000000     0.0000000000     0.0003551620     0.0023105617
364     0.0000000000     0.0000000000     -0.0000000000     0.0000000000     0.0003454988     0.0023088971
365     0.0000000000     0.0000000000     -0.0000000000     0.0000000000     -0.0004400122     0.0022032503
366     0.0000000000     0.0000000000     -0.0000000000     0.0000000000     -0.0004461629     0.0022098015
367     0.0000000000     0.0000000000     -0.0000000000     0.0000000000     -0.0004478527     0.0022089850
368     0.0000000000     0.0000000000     -0.0000000000     0.0000000000     -0.0004320931     0.0022132511
369     0.0000000000     0.0000000000     -0.0000000000     0.0000000000     -0.0003779129     0.0022099233
370     0.0000000000     0.0000000000     -0.0000000000     0.0000000000     -0.0003292104     0.0021973483
371     0.0000000000     0.0000000000     -0.0000000000     0.0000000000     -0.0002917935     0.0021784511
372     0.0000000000     0.0000000000     -0.0000000000     0.0000000000     -0.0002542832     0.0021633330
373     0.0000000000     0.0000000000     -0.0000000000     0.0000000000     -0.0002210714     0.0021541005
374     0.0000000000     0.0000000000     -0.0000000000     0.0000000000     -0.0001814912     0.0021462650
375     0.0000000000     0.0000000000     -0.0000000000     0.0000000000     -0.0001434269     0.0021258947
376     0.0000000000     0.0000000000     -0.0000000000     0.0000000000     -0.0001002545     0.0021096050
377     0.0000000000     0.0000000000     -0.0000000000     0.0000000000     -0.0000524458     0.0020937560
378     0.0000000000     0.0000000000     -0.0000000000     0.0000000000     -0.0000212900     0.0020609127
379     0.0000000000     0.0000000000     -0.0000000000     0.0000000000     0.0000105376     0.0020745409
380     0.0000000000     0.0000000000     -0.0000000000     0.0000000000     0.0000436220     0.0021002681
381     0.0000000000     0.0000000000     -0.0000000000     0.0000000000     0.0000812233     0.0021205773
382     0.0000000000     0.0000000000     -0.0000000000     0.0000000000     0.0001175503     0.0021451215
383     0.0000000000     0.0000000000     -0.0000000000     0.0000000000     0.0001512185     0.0021339679
384     0.0000000000     0.0000000000     -0.0000000000     0.0000000000     0.0001945904     0.0021078110
385     0.0000000000     0.0000000000     -0.0000000000     0.0000000000     0.0002440727     0.0020805601
386     0.0000000000     0.0000000000     -0.0000000000     0.0000000000     0.0002863286     0.0020761094
387     0.0000000000     0.0000000000     -0.0000000000     0.0000000000     0.0003274108     0.0020903773
388     0.0000000000     0.0000000000     -0.0000000000     0.0000000000     0.0003441834     0.0020912053
389     0.0000000000     0.0000000000     -0.0000000000     0.0000000000     0.0003410673     0.0020896596
390     0.0000000000     0.0000000000     -0.0000000000     0.0000000000     0.0003349762     0.0020825405
391     0.0000000000     0.0000000000     -34.6704013077     0.0000000000     -0.0004327719     0.0019433505
392     0.0000000000     0.0000000000     -34.6704013077     0.0000000000     -0.0004412457     0.0019346875
393     0.0000000000     0.0000000000     -34.6704013077     0.0000000000     -0.0004424463     0.0019366988
394     0.0000000000     0.0000000000     -34.6704013077     0.0000000000     -0.0004268210     0.0019291358
395     0.0000000000     0.0000000000     -34.6704013077     0.0000000000     -0.0003789672     0.0018954795
396     0.0000000000     0.0000000000     -34.6704013077     0.0000000000     -0.0003343995     0.0018814287
397     0.0000000000     0.0000000000     -34.6704013077     0.0000000000     -0.0002928804     0.0018818562
398     0.0000000000     0.0000000000     -34.6704013077     0.0000000000     -0.0002372410     0.0018939480
399     0.0000000000     0.0000000000     -34.6704013077     0.0000000000     -0.0001955294     0.0019025147
400     0.0000000000     0.0000000000     -34.6704013077     0.0000000000     -0.0001656967     0.0018751818
401     0.0000000000     0.0000000000     -34.6704013077     0.0000000000     -0.0001333322     0.0018336127
402     0.0000000000     0.0000000000     -34.6704013077     0.0000000000     -0.0000929860     0.0018014809
403     0.0000000000     0.0000000000     -34.6704013077     0.0000000000     -0.0000470170     0.0017865889
404     0.0000000000     0.0000000000     -34.6704013077     0.0000000000     -0.0000168373     0.0017705960
405     0.0000000000     0.0000000000     -34.6704013077     0.0000000000     0.0000091024     0.0017831940
406     0.0000000000     0.0000000000     -34.6704013077     0.0000000000     0.0000410035     0.0018180471
407     0.0000000000     0.0000000000     -34.6704013077     0.0000000000     0.0000844168     0.0018657296
408     0.0000000000     0.0000000000     -34.6704013077     0.0000000000     0.0001193690     0.0018954126
409     0.0000000000     0.0000000000     -34.6704013077     0.0000000000     0.0001462163     0.0018544840
410     0.0000000000     0.0000000000     -34.6704013077     0.0000000000     0.0001818715     0.0017975263
411     0.0000000000     0.0000000000     -34.6704013077     0.0000000000     0.0002229226     0.0017643454
412     0.0000000000     0.0000000000     -34.6704013077     0.0000000000     0.0002587520     0.0017761032
413     0.0000000000     0.0000000000     -34.6704013077     0.0000000000     0.0002903707     0.0018186623
414     0.0000000000     0.0000000000     -34.6704013077     0.0000000000     0.0003064406     0.0018339087
415     0.0000000000     0.0000000000     -34.6704013077     0.0000000000     0.0003040074     0.0018298099
416     0.0000000000     0.0000000000     -34.6704013077     0.0000000000     0.0003030246     0.0018270317
