1     0.0000000000     0.0000000000     43.1579695139     0.0000000000     -0.0005047676     0.0061735739
2     0.0000000000     0.0000000000     43.1579695139     0.0000000000     -0.0005092289     0.0061812702
3     0.0000000000     0.0000000000     43.1579695139     0.0000000000     -0.0005101135     0.0061815649
4     0.0000000000     0.0000000000     43.1579695139     0.0000000000     -0.0005019409     0.0061751080
5     0.0000000000     0.0000000000     43.1579695139     0.0000000000     -0.0004574936     0.0061506806
6     0.0000000000     0.0000000000     43.1579695139     0.0000000000     -0.0003895447     0.0061279025
7     0.0000000000     0.0000000000     43.1579695139     0.0000000000     -0.0003381865     0.0061222521
8     0.0000000000     0.0000000000     43.1579695139     0.0000000000     -0.0003083919     0.0061627364
9     0.0000000000     0.0000000000     43.1579695139     0.0000000000     -0.0002661161     0.0061999591
10     0.0000000000     0.0000000000     43.1579695139     0.0000000000     -0.0002259897     0.0062215469
11     0.0000000000     0.0000000000     43.1579695139     0.0000000000     -0.0001971407     0.0062407124
12     0.0000000000     0.0000000000     43.1579695139     0.0000000000     -0.0001643828     0.0062620178
13     0.0000000000     0.0000000000     43.1579695139     0.0000000000     -0.0001200579     0.0062893920
14     0.0000000000     0.0000000000     43.1579695139     0.0000000000     -0.0000686436     0.0062961921
15     0.0000000000     0.0000000000     43.1579695139     0.0000000000     -0.0000234924     0.0062513745
16     0.0000000000     0.0000000000     43.1579695139     0.0000000000     0.0000229833     0.0061982842
17     0.0000000000     0.0000000000     43.1579695139     0.0000000000     0.0000713143     0.0061908306
18     0.0000000000     0.0000000000     43.1579695139     0.0000000000     0.0001073955     0.0061991275
19     0.0000000000     0.0000000000     43.1579695139     0.0000000000     0.0001590844     0.0062047597
20     0.0000000000     0.0000000000     43.1579695139     0.0000000000     0.0002190136     0.0062279447
21     0.0000000000     0.0000000000     43.1579695139     0.0000000000     0.0002460664     0.0062297606
22     0.0000000000     0.0000000000     43.1579695139     0.0000000000     0.0002704379     0.0062086985
23     0.0000000000     0.0000000000     43.1579695139     0.0000000000     0.0003353601     0.0061642155
24     0.0000000000     0.0000000000     43.1579695139     0.0000000000     0.0003850977     0.0061263997
25     0.0000000000     0.0000000000     43.1579695139     0.0000000000     0.0003819444     0.0061276574
26     0.0000000000     0.0000000000     43.1579695139     0.0000000000     0.0003756623     0.0061324530
27     0.0000000000     0.0000000000     -0.0000000000     0.0000000000     -0.0004853168     0.0059428937
28     0.0000000000     0.0000000000     -0.0000000000     0.0000000000     -0.0004853972     0.0059582746
29     0.0000000000     0.0000000000     -0.0000000000     0.0000000000     -0.0004865028     0.0059581096
30     0.0000000000     0.0000000000     -0.0000000000     0.0000000000     -0.0004770416     0.0059512657
31     0.0000000000     0.0000000000     -0.0000000000     0.0000000000     -0.0004416093     0.0059153164
32     0.0000000000     0.0000000000     -0.0000000000     0.0000000000     -0.0003849109     0.0058772198
33     0.0000000000     0.0000000000     -0.0000000000     0.0000000000     -0.0003433177     0.0058481878
34     0.0000000000     0.0000000000     -0.0000000000     0.0000000000     -0.0003209042     0.0058698662
35     0.0000000000     0.0000000000     -0.0000000000     0.0000000000     -0.0002846641     0.0058764991
36     0.0000000000     0.0000000000     -0.0000000000     0.0000000000     -0.0002408847     0.0058707771
37     0.0000000000     0.0000000000     -0.0000000000     0.0000000000     -0.0002073730     0.0058945506
38     0.0000000000     0.0000000000     -0.0000000000     0.0000000000     -0.0001762654     0.0059216935
39     0.0000000000     0.0000000000     -0.0000000000     0.0000000000     -0.0001272252     0.0059412310
40     0.0000000000     0.0000000000     -0.0000000000     0.0000000000     -0.0000675159     0.0059504982
41     0.0000000000     0.0000000000     -0.0000000000     0.0000000000     -0.0000275559     0.0059270353
42     0.0000000000     0.0000000000     -0.0000000000     0.0000000000     0.0000121827     0.0059031115
43     0.0000000000     0.0000000000     -0.0000000000     0.0000000000     0.0000725664     0.0059259660
44     0.0000000000     0.0000000000     -0.0000000000     0.0000000000     0.0001110030     0.0059342610
45     0.0000000000     0.0000000000     -0.0000000000     0.0000000000     0.0001463402     0.0059062651
46     0.0000000000     0.0000000000     -0.0000000000     0.0000000000     0.0002043782     0.0059153984
47     0.0000000000     0.0000000000     -0.0000000000     0.0000000000     0.0002383921     0.0059475858
48     0.0000000000     0.0000000000     -0.0000000000     0.0000000000     0.0002677522     0.0059492778
49     0.0000000000     0.0000000000     -0.0000000000     0.0000000000     0.0003386265     0.0059159580
50     0.0000000000     0.0000000000     -0.0000000000     0.0000000000     0.0003921293     0.0058823072
51     0.0000000000     0.0000000000     -0.0000000000     0.0000000000     0.0003899671     0.0058817463
52     0.0000000000     0.0000000000     -0.0000000000     0.0000000000     0.0003834555     0.0058775851
53     0.0000000000     0.0000000000     -0.0000000000     0.0000000000     -0.0004681957     0.0056698358
54     0.0000000000     0.0000000000     -0.0000000000     0.0000000000     -0.0004670506     0.0056823550
55     0.0000000000     0.0000000000     -0.0000000000     0.0000000000     -0.0004681426     0.0056820900
56     0.0000000000     0.0000000000     -0.0000000000     0.0000000000     -0.0004599024     0.0056786974
57     0.0000000000     0.0000000000     -0.0000000000     0.0000000000     -0.0004307157     0.0056486040
58     0.0000000000     0.0000000000     -0.0000000000     0.0000000000     -0.0003804344     0.0056113064
59     0.0000000000     0.0000000000     -0.0000000000     0.0000000000     -0.0003500368     0.0055835214
60     0.0000000000     0.0000000000     -0.0000000000     0.0000000000     -0.0003302866     0.0055968326
61     0.0000000000     0.0000000000     -0.0000000000     0.0000000000     -0.0002943992     0.0055804349
62     0.0000000000     0.0000000000     -0.0000000000     0.0000000000     -0.0002513394     0.0055532879
63     0.0000000000     0.0000000000     -0.0000000000     0.0000000000     -0.0002115344     0.0055751681
64     0.0000000000     0.0000000000     -0.0000000000     0.0000000000     -0.0001762775     0.0055903217
65     0.0000000000     0.0000000000     -0.0000000000     0.0000000000     -0.0001293286     0.0055866121
66     0.0000000000     0.0000000000     -0.0000000000     0.0000000000     -0.0000738878     0.0055811792
67     0.0000000000     0.0000000000     -0.0000000000     0.0000000000     -0.0000356959     0.0055710030
68     0.0000000000     0.0000000000     -0.0000000000     0.0000000000     0.0000034642     0.0055911193
69     0.0000000000     0.0000000000     -0.0000000000     0.0000000000     0.0000659088     0.0056299521
70     0.0000000000     0.0000000000     -0.0000000000     0.0000000000     0.0001084316     0.0056276259
71     0.0000000000     0.0000000000     -0.0000000000     0.0000000000     0.0001349920     0.0055888286
72     0.0000000000     0.0000000000     -0.0000000000     0.0000000000     0.0001838473     0.0055931073
73     0.0000000000     0.0000000000     -0.0000000000     0.0000000000     0.0002256442     0.0056403483
74     0.0000000000     0.0000000000     -0.0000000000     0.0000000000     0.0002580598     0.0056614600
75     0.0000000000     0.0000000000     -0.0000000000     0.0000000000     0.0003174310     0.0056546599
76     0.0000000000     0.0000000000     -0.0000000000     0.0000000000     0.0003634840     0.0056285629
77     0.0000000000     0.0000000000     -0.0000000000     0.0000000000     0.0003626827     0.0056234739
78     0.0000000000     0.0000000000     -0.0000000000     0.0000000000     0.0003616341     0.0056121298
79     0.0000000000     0.0000000000     -0.0000000000     0.0000000000     -0.0004586287     0.0053642567
80     0.0000000000     0.0000000000     -0.0000000000     0.0000000000     -0.0004572061     0.0053714006
81     0.0000000000     0.0000000000     -0.0000000000     0.0000000000     -0.0004579188     0.0053715448
82     0.0000000000     0.0000000000     -0.0000000000     0.0000000000     -0.0004528924     0.0053670867
83     0.0000000000     0.0000000000     -0.0000000000     0.0000000000     -0.0004303781     0.0053385504
84     0.0000000000     0.0000000000     -0.0000000000     0.0000000000     -0.0003806643     0.0053152031
85     0.0000000000     0.0000000000     -0.0000000000     0.0000000000     -0.0003532496     0.0053123343
86     0.0000000000     0.0000000000     -0.0000000000     0.0000000000     -0.0003324886     0.0053299711
87     0.0000000000     0.0000000000     -0.0000000000     0.0000000000     -0.0002920080     0.0053124352
88     0.0000000000     0.0000000000     -0.0000000000     0.0000000000     -0.0002515454     0.0052840813
89     0.0000000000     0.0000000000     -0.0000000000     0.0000000000     -0.0002133928     0.0052938876
90     0.0000000000     0.0000000000     -0.0000000000     0.0000000000     -0.0001731582     0.0052898610
91     0.0000000000     0.0000000000     -0.0000000000     0.0000000000     -0.0001299477     0.0052687239
92     0.0000000000     0.0000000000     -0.0000000000     0.0000000000     -0.0000791152     0.0052555730
93     0.0000000000     0.0000000000     -0.0000000000     0.0000000000     -0.0000347821     0.0052491213
94     0.0000000000     0.0000000000     -0.0000000000     0.0000000000     0.0000049461     0.0052781617
95     0.0000000000     0.0000000000     -0.0000000000     0.0000000000     0.0000610768     0.0053118630
96     0.0000000000     0.0000000000     -0.0000000000     0.0000000000     0.0001067615     0.0053064312
97     0.0000000000     0.0000000000     -0.0000000000     0.0000000000     0.0001363558     0.0052918863
98     0.0000000000     0.0000000000     -0.0000000000     0.0000000000     0.0001768163     0.0053104092
99     0.0000000000     0.0000000000     -0.0000000000     0.0000000000     0.0002173530     0.0053311199
100     0.0000000000     0.0000000000     -0.0000000000     0.0000000000     0.0002497205     0.0053416813
101     0.0000000000     0.0000000000     -0.0000000000     0.0000000000     0.0003001257     0.0053395124
102     0.0000000000     0.0000000000     -0.0000000000     0.0000000000     0.0003376543     0.0053143560
103     0.0000000000     0.0000000000     -0.0000000000     0.0000000000     0.0003371444     0.0053083574
104     0.0000000000     0.0000000000     -0.0000000000     0.0000000000     0.0003380917     0.0053022870
105     0.0000000000     0.0000000000     -0.0000000000     0.0000000000     -0.0004463367     0.0050471211
106     0.0000000000     0.0000000000     -0.0000000000     0.0000000000     -0.0004413809     0.0050458310
107     0.0000000000     0.0000000000     -0.0000000000     0.0000000000     -0.0004418984     0.0050467628
108     0.0000000000     0.0000000000     -0.0000000000     0.0000000000     -0.0004401107     0.0050421893
109     0.0000000000     0.0000000000     -0.0000000000     0.0000000000     -0.0004289658     0.0050198993
110     0.0000000000     0.0000000000     -0.0000000000     0.0000000000     -0.0003916683     0.0050151996
111     0.0000000000     0.0000000000     -0.0000000000     0.0000000000     -0.0003619628     0.0050291658
112     0.0000000000     0.0000000000     -0.0000000000     0.0000000000     -0.0003319778     0.0050427060
113     0.0000000000     0.0000000000     -0.0000000000     0.0000000000     -0.0002858391     0.0050369587
114     0.0000000000     0.0000000000     -0.0000000000     0.0000000000     -0.0002428541     0.0050318123
115     0.0000000000     0.0000000000     -0.0000000000     0.0000000000     -0.0002119252     0.0050333493
116     0.0000000000     0.0000000000     -0.0000000000     0.0000000000     -0.0001731157     0.0050127967
117     0.0000000000     0.0000000000     -0.0000000000     0.0000000000     -0.0001310037     0.0049855119
118     0.0000000000     0.0000000000     -0.0000000000     0.0000000000     -0.0000855693     0.0049770164
119     0.0000000000     0.0000000000     -0.0000000000     0.0000000000     -0.0000350652     0.0049824457
120     0.0000000000     0.0000000000     -0.0000000000     0.0000000000     0.0000067246     0.0049827625
121     0.0000000000     0.0000000000     -0.0000000000     0.0000000000     0.0000556905     0.0049903850
122     0.0000000000     0.0000000000     -0.0000000000     0.0000000000     0.0001041714     0.0049814221
123     0.0000000000     0.0000000000     -0.0000000000     0.0000000000     0.0001361230     0.0049953488
124     0.0000000000     0.0000000000     -0.0000000000     0.0000000000     0.0001734878     0.0050355262
125     0.0000000000     0.0000000000     -0.0000000000     0.0000000000     0.0002083889     0.0050305784
126     0.0000000000     0.0000000000     -0.0000000000     0.0000000000     0.0002411016     0.0050172292
127     0.0000000000     0.0000000000     -0.0000000000     0.0000000000     0.0002860520     0.0049924630
128     0.0000000000     0.0000000000     -0.0000000000     0.0000000000     0.0003173721     0.0049625205
129     0.0000000000     0.0000000000     -0.0000000000     0.0000000000     0.0003162708     0.0049590420
130     0.0000000000     0.0000000000     -0.0000000000     0.0000000000     0.0003181187     0.0049637593
131     0.0000000000     0.0000000000     -0.0000000000     0.0000000000     -0.0004314414     0.0047342886
132     0.0000000000     0.0000000000     -0.0000000000     0.0000000000     -0.0004207613     0.0047257062
133     0.0000000000     0.0000000000     -0.0000000000     0.0000000000     -0.0004216782     0.0047267922
134     0.0000000000     0.0000000000     -0.0000000000     0.0000000000     -0.0004193297     0.0047258737
135     0.0000000000     0.0000000000     -0.0000000000     0.0000000000     -0.0004180103     0.0047246905
136     0.0000000000     0.0000000000     -0.0000000000     0.0000000000     -0.0003971419     0.0047370656
137     0.0000000000     0.0000000000     -0.0000000000     0.0000000000     -0.0003682195     0.0047483416
138     0.0000000000     0.0000000000     -0.0000000000     0.0000000000     -0.0003288686     0.0047462846
139     0.0000000000     0.0000000000     -0.0000000000     0.0000000000     -0.0002815632     0.0047466949
140     0.0000000000     0.0000000000     -0.0000000000     0.0000000000     -0.0002418231     0.0047644723
141     0.0000000000     0.0000000000     -0.0000000000     0.0000000000     -0.0002141590     0.0047654702
142     0.0000000000     0.0000000000     -0.0000000000     0.0000000000     -0.0001745351     0.0047398982
143     0.0000000000     0.0000000000     -0.0000000000     0.0000000000     -0.0001311411     0.0047125750
144     0.0000000000     0.0000000000     -0.0000000000     0.0000000000     -0.0000947401     0.0047052430
145     0.0000000000     0.0000000000     -0.0000000000     0.0000000000     -0.0000446179     0.0047111079
146     0.0000000000     0.0000000000     -0.0000000000     0.0000000000     0.0000013406     0.0046977180
147     0.0000000000     0.0000000000     -0.0000000000     0.0000000000     0.0000495015     0.0046828338
148     0.0000000000     0.0000000000     -0.0000000000     0.0000000000     0.0001029708     0.0046598758
149     0.0000000000     0.0000000000     -0.0000000000     0.0000000000     0.0001287462     0.0046817758
150     0.0000000000     0.0000000000     -0.0000000000     0.0000000000     0.0001566903     0.0047347252
151     0.0000000000     0.0000000000     -0.0000000000     0.0000000000     0.0001957171     0.0047360843
152     0.0000000000     0.0000000000     -0.0000000000     0.0000000000     0.0002400272     0.0047089354
153     0.0000000000     0.0000000000     -0.0000000000     0.0000000000     0.0002835409     0.0046629652
154     0.0000000000     0.0000000000     -0.0000000000     0.0000000000     0.0003088689     0.0046364420
155     0.0000000000     0.0000000000     -0.0000000000     0.0000000000     0.0003070103     0.0046382585
156     0.0000000000     0.0000000000     -0.0000000000     0.0000000000     0.0003074634     0.0046463808
157     0.0000000000     0.0000000000     -0.0000000000     0.0000000000     -0.0004338876     0.0044397926
158     0.0000000000     0.0000000000     -0.0000000000     0.0000000000     -0.0004224191     0.0044279331
159     0.0000000000     0.0000000000     -0.0000000000     0.0000000000     -0.0004237869     0.0044283315
160     0.0000000000     0.0000000000     -0.0000000000     0.0000000000     -0.0004171608     0.0044338915
161     0.0000000000     0.0000000000     -0.0000000000     0.0000000000     -0.0004091764     0.0044661812
162     0.0000000000     0.0000000000     -0.0000000000     0.0000000000     -0.0003885736     0.0044866012
163     0.0000000000     0.0000000000     -0.0000000000     0.0000000000     -0.0003612168     0.0044776916
164     0.0000000000     0.0000000000     -0.0000000000     0.0000000000     -0.0003250437     0.0044603713
165     0.0000000000     0.0000000000     -0.0000000000     0.0000000000     -0.0002869113     0.0044699878
166     0.0000000000     0.0000000000     -0.0000000000     0.0000000000     -0.0002550589     0.0045006230
167     0.0000000000     0.0000000000     -0.0000000000     0.0000000000     -0.0002244521     0.0044852373
168     0.0000000000     0.0000000000     -0.0000000000     0.0000000000     -0.0001796643     0.0044522374
169     0.0000000000     0.0000000000     -0.0000000000     0.0000000000     -0.0001343906     0.0044304564
170     0.0000000000     0.0000000000     -0.0000000000     0.0000000000     -0.0001033956     0.0044293340
171     0.0000000000     0.0000000000     -0.0000000000     0.0000000000     -0.0000567020     0.0044254652
172     0.0000000000     0.0000000000     -0.0000000000     0.0000000000     -0.0000092289     0.0044117932
173     0.0000000000     0.0000000000     -0.0000000000     0.0000000000     0.0000366951     0.0044004964
174     0.0000000000     0.0000000000     -0.0000000000     0.0000000000     0.0000971458     0.0043727115
175     0.0000000000     0.0000000000     -0.0000000000     0.0000000000     0.0001215102     0.0043936134
176     0.0000000000     0.0000000000     -0.0000000000     0.0000000000     0.0001414876     0.0044290302
177     0.0000000000     0.0000000000     -0.0000000000     0.0000000000     0.0001850718     0.0044275934
178     0.0000000000     0.0000000000     -0.0000000000     0.0000000000     0.0002374147     0.0043982971
179     0.0000000000     0.0000000000     -0.0000000000     0.0000000000     0.0002829834     0.0043559729
180     0.0000000000     0.0000000000     -0.0000000000     0.0000000000     0.0003098906     0.0043518872
181     0.0000000000     0.0000000000     -0.0000000000     0.0000000000     0.0003084030     0.0043558566
182     0.0000000000     0.0000000000     -0.0000000000     0.0000000000     0.0003049223     0.0043590325
183     0.0000000000     0.0000000000     -0.0000000000     0.0000000000     -0.0004624694     0.0041777067
184     0.0000000000     0.0000000000     -0.0000000000     0.0000000000     -0.0004613724     0.0041683106
185     0.0000000000     0.0000000000     -0.0000000000     0.0000000000     -0.0004622877     0.0041676651
186     0.0000000000     0.0000000000     -0.0000000000     0.0000000000     -0.0004537898     0.0041777298
187     0.0000000000     0.0000000000     -0.0000000000     0.0000000000     -0.0004237758     0.0042283662
188     0.0000000000     0.0000000000     -0.0000000000     0.0000000000     -0.0003881228     0.0042461967
189     0.0000000000     0.0000000000     -0.0000000000     0.0000000000     -0.0003582112     0.0042167474
190     0.0000000000     0.0000000000     -0.0000000000     0.0000000000     -0.0003304844     0.0041988792
191     0.0000000000     0.0000000000     -0.0000000000     0.0000000000     -0.0002980378     0.0042220475
192     0.0000000000     0.0000000000     -0.0000000000     0.0000000000     -0.0002618767     0.0042370302
193     0.0000000000     0.0000000000     -0.0000000000     0.0000000000     -0.0002262668     0.0041859004
194     0.0000000000     0.0000000000     -0.0000000000     0.0000000000     -0.0001795188     0.0041446601
195     0.0000000000     0.0000000000     -0.0000000000     0.0000000000     -0.0001383025     0.0041381260
196     0.0000000000     0.0000000000     -0.0000000000     0.0000000000     -0.0001074162     0.0041499477
197     0.0000000000     0.0000000000     -0.0000000000     0.0000000000     -0.0000656282     0.0041471261
198     0.0000000000     0.0000000000     -0.0000000000     0.0000000000     -0.0000225599     0.0041412401
199     0.0000000000     0.0000000000     -0.0000000000     0.0000000000     0.0000154084     0.0041389246
200     0.0000000000     0.0000000000     -0.0000000000     0.0000000000     0.0000689833     0.0041351819
201     0.0000000000     0.0000000000     -0.0000000000     0.0000000000     0.0001023796     0.0041491144
202     0.0000000000     0.0000000000     -0.0000000000     0.0000000000     0.0001295431     0.0041284548
203     0.0000000000     0.0000000000     -0.0000000000     0.0000000000     0.0001689851     0.0040989271
204     0.0000000000     0.0000000000     -0.0000000000     0.0000000000     0.0002174345     0.0040710379
205     0.0000000000     0.0000000000     -0.0000000000     0.0000000000     0.0002602408     0.0040449732
206     0.0000000000     0.0000000000     -0.0000000000     0.0000000000     0.0002869562     0.0040604811
207     0.0000000000     0.0000000000     -0.0000000000     0.0000000000     0.0002875695     0.0040618411
208     0.0000000000     0.0000000000     -0.0000000000     0.0000000000     0.0002853387     0.0040665790
209     0.0000000000     0.0000000000     -0.0000000000     0.0000000000     -0.0004872954     0.0039367764
210     0.0000000000     0.0000000000     -0.0000000000     0.0000000000     -0.0004994117     0.0039345494
211     0.0000000000     0.0000000000     -0.0000000000     0.0000000000     -0.0004999362     0.0039337360
212     0.0000000000     0.0000000000     -0.0000000000     0.0000000000     -0.0004903038     0.0039386883
213     0.0000000000     0.0000000000     -0.0000000000     0.0000000000     -0.0004475101     0.0039732492
214     0.0000000000     0.0000000000     -0.0000000000     0.0000000000     -0.0004050539     0.0039930588
215     0.0000000000     0.0000000000     -0.0000000000     0.0000000000     -0.0003685774     0.0039715936
216     0.0000000000     0.0000000000     -0.0000000000     0.0000000000     -0.0003347828     0.0039622838
217     0.0000000000     0.0000000000     -0.0000000000     0.0000000000     -0.0002968419     0.0039762426
218     0.0000000000     0.0000000000     -0.0000000000     0.0000000000     -0.0002517095     0.0039637673
219     0.0000000000     0.0000000000     -0.0000000000     0.0000000000     -0.0002134415     0.0039027509
220     0.0000000000     0.0000000000     -0.0000000000     0.0000000000     -0.0001698733     0.0038683566
221     0.0000000000     0.0000000000     -0.0000000000     0.0000000000     -0.0001324664     0.0038814079
222     0.0000000000     0.0000000000     -0.0000000000     0.0000000000     -0.0001024763     0.0038801754
223     0.0000000000     0.0000000000     -0.0000000000     0.0000000000     -0.0000637945     0.0038678964
224     0.0000000000     0.0000000000     -0.0000000000     0.0000000000     -0.0000240829     0.0038704806
225     0.0000000000     0.0000000000     -0.0000000000     0.0000000000     0.0000089385     0.0038637617
226     0.0000000000     0.0000000000     -0.0000000000     0.0000000000     0.0000449240     0.0038718064
227     0.0000000000     0.0000000000     -0.0000000000     0.0000000000     0.0000780944     0.0038691074
228     0.0000000000     0.0000000000     -0.0000000000     0.0000000000     0.0001153127     0.0038166898
229     0.0000000000     0.0000000000     -0.0000000000     0.0000000000     0.0001499893     0.0037719806
230     0.0000000000     0.0000000000     -0.0000000000     0.0000000000     0.0001827890     0.0037619829
231     0.0000000000     0.0000000000     -0.0000000000     0.0000000000     0.0002152150     0.0037586773
232     0.0000000000     0.0000000000     -0.0000000000     0.0000000000     0.0002396021     0.0037816580
233     0.0000000000     0.0000000000     -0.0000000000     0.0000000000     0.0002432599     0.0037805432
234     0.0000000000     0.0000000000     -0.0000000000     0.0000000000     0.0002475391     0.0037855841
235     0.0000000000     0.0000000000     -0.0000000000     0.0000000000     -0.0004790696     0.0036869680
236     0.0000000000     0.0000000000     -0.0000000000     0.0000000000     -0.0004869521     0.0036884957
237     0.0000000000     0.0000000000     -0.0000000000     0.0000000000     -0.0004880745     0.0036883280
238     0.0000000000     0.0000000000     -0.0000000000     0.0000000000     -0.0004779793     0.0036854590
239     0.0000000000     0.0000000000     -0.0000000000     0.0000000000     -0.0004408750     0.0036883097
240     0.0000000000     0.0000000000     -0.0000000000     0.0000000000     -0.0004038150     0.0037003876
241     0.0000000000     0.0000000000     -0.0000000000     0.0000000000     -0.0003616232     0.0037016956
242     0.0000000000     0.0000000000     -0.0000000000     0.0000000000     -0.0003187041     0.0037070646
243     0.0000000000     0.0000000000     -0.0000000000     0.0000000000     -0.0002800126     0.0037047350
244     0.0000000000     0.0000000000     -0.0000000000     0.0000000000     -0.0002289664     0.0036773882
245     0.0000000000     0.0000000000     -0.0000000000     0.0000000000     -0.0001850709     0.0036452255
246     0.0000000000     0.0000000000     -0.0000000000     0.0000000000     -0.0001497732     0.0036326768
247     0.0000000000     0.0000000000     -0.0000000000     0.0000000000     -0.0001169337     0.0036520466
248     0.0000000000     0.0000000000     -0.0000000000     0.0000000000     -0.0000884466     0.0036407593
249     0.0000000000     0.0000000000     -0.0000000000     0.0000000000     -0.0000518679     0.0035825924
250     0.0000000000     0.0000000000     -0.0000000000     0.0000000000     -0.0000093256     0.0035746094
251     0.0000000000     0.0000000000     -0.0000000000     0.0000000000     0.0000228081     0.0035705760
252     0.0000000000     0.0000000000     -0.0000000000     0.0000000000     0.0000492872     0.0035760846
253     0.0000000000     0.0000000000     -0.0000000000     0.0000000000     0.0000704187     0.0035615555
254     0.0000000000     0.0000000000     -0.0000000000     0.0000000000     0.0001106111     0.0035186927
255     0.0000000000     0.0000000000     -0.0000000000     0.0000000000     0.0001452000     0.0034979016
256     0.0000000000     0.0000000000     -0.0000000000     0.0000000000     0.0001623284     0.0035181733
257     0.0000000000     0.0000000000     -0.0000000000     0.0000000000     0.0001852367     0.0035284225
258     0.0000000000     0.0000000000     -0.0000000000     0.0000000000     0.0002094283     0.0035323271
259     0.0000000000     0.0000000000     -0.0000000000     0.0000000000     0.0002151044     0.0035312346
260     0.0000000000     0.0000000000     -0.0000000000     0.0000000000     0.0002245182     0.0035292026
261     0.0000000000     0.0000000000     -0.0000000000     0.0000000000     -0.0004503206     0.0034140412
262     0.0000000000     0.0000000000     -0.0000000000     0.0000000000     -0.0004476338     0.0034132511
263     0.0000000000     0.0000000000     -0.0000000000     0.0000000000     -0.0004500491     0.0034138748
264     0.0000000000     0.0000000000     -0.0000000000     0.0000000000     -0.0004376849     0.0034053536
265     0.0000000000     0.0000000000     -0.0000000000     0.0000000000     -0.0004081094     0.0033863664
266     0.0000000000     0.0000000000     -0.0000000000     0.0000000000     -0.0003792097     0.0033837704
267     0.0000000000     0.0000000000     -0.0000000000     0.0000000000     -0.0003375689     0.0033953386
268     0.0000000000     0.0000000000     -0.0000000000     0.0000000000     -0.0002957090     0.0034124446
269     0.0000000000     0.0000000000     -0.0000000000     0.0000000000     -0.0002590708     0.0033962642
270     0.0000000000     0.0000000000     -0.0000000000     0.0000000000     -0.0002062650     0.0033599924
271     0.0000000000     0.0000000000     -0.0000000000     0.0000000000     -0.0001615663     0.0033714277
272     0.0000000000     0.0000000000     -0.0000000000     0.0000000000     -0.0001348208     0.0033886948
273     0.0000000000     0.0000000000     -0.0000000000     0.0000000000     -0.0001057643     0.0033956629
274     0.0000000000     0.0000000000     -0.0000000000     0.0000000000     -0.0000711114     0.0033812046
275     0.0000000000     0.0000000000     -0.0000000000     0.0000000000     -0.0000343780     0.0033094367
276     0.0000000000     0.0000000000     -0.0000000000     0.0000000000     0.0000073269     0.0032906425
277     0.0000000000     0.0000000000     -0.0000000000     0.0000000000     0.0000477484     0.0032921483
278     0.0000000000     0.0000000000     -0.0000000000     0.0000000000     0.0000766475     0.0032907665
279     0.0000000000     0.0000000000     -0.0000000000     0.0000000000     0.0000921755     0.0032702774
280     0.0000000000     0.0000000000     -0.0000000000     0.0000000000     0.0001321136     0.0032531694
281     0.0000000000     0.0000000000     -0.0000000000     0.0000000000     0.0001666861     0.0032705579
282     0.0000000000     0.0000000000     -0.0000000000     0.0000000000     0.0001858675     0.0032918772
283     0.0000000000     0.0000000000     -0.0000000000     0.0000000000     0.0002128127     0.0032767207
284     0.0000000000     0.0000000000     -0.0000000000     0.0000000000     0.0002361964     0.0032535581
285     0.0000000000     0.0000000000     -0.0000000000     0.0000000000     0.0002406016     0.0032534486
286     0.0000000000     0.0000000000     -0.0000000000     0.0000000000     0.0002479549     0.0032521151
287     0.0000000000     0.0000000000     -0.0000000000     0.0000000000     -0.0004303943     0.0031275998
288     0.0000000000     0.0000000000     -0.0000000000     0.0000000000     -0.0004230080     0.0031224751
289     0.0000000000     0.0000000000     -0.0000000000     0.0000000000     -0.0004266445     0.0031227038
290     0.0000000000     0.0000000000     -0.0000000000     0.0000000000     -0.0004079800     0.0031213862
291     0.0000000000     0.0000000000     -0.0000000000     0.0000000000     -0.0003729722     0.0031107252
292     0.0000000000     0.0000000000     -0.0000000000     0.0000000000     -0.0003510482     0.0030913506
293     0.0000000000     0.0000000000     -0.0000000000     0.0000000000     -0.0003178774     0.0030955516
294     0.0000000000     0.0000000000     -0.0000000000     0.0000000000     -0.0002800815     0.0031075531
295     0.0000000000     0.0000000000     -0.0000000000     0.0000000000     -0.0002402820     0.0030739196
296     0.0000000000     0.0000000000     -0.0000000000     0.0000000000     -0.0001949622     0.0030426243
297     0.0000000000     0.0000000000     -0.0000000000     0.0000000000     -0.0001580274     0.0030888492
298     0.0000000000     0.0000000000     -0.0000000000     0.0000000000     -0.0001301353     0.0031312344
299     0.0000000000     0.0000000000     -0.0000000000     0.0000000000     -0.0000973698     0.0031154201
300     0.0000000000     0.0000000000     -0.0000000000     0.0000000000     -0.0000566455     0.0030943696
301     0.0000000000     0.0000000000     -0.0000000000     0.0000000000     -0.0000181055     0.0030598887
302     0.0000000000     0.0000000000     -0.0000000000     0.0000000000     0.0000264566     0.0030393244
303     0.0000000000     0.0000000000     -0.0000000000     0.0000000000     0.0000739392     0.0030249912
304     0.0000000000     0.0000000000     -0.0000000000     0.0000000000     0.0001092263     0.0030161297
305     0.0000000000     0.0000000000     -0.0000000000     0.0000000000     0.0001305558     0.0029987614
306     0.0000000000     0.0000000000     -0.0000000000     0.0000000000     0.0001668270     0.0029990563
307     0.0000000000     0.0000000000     -0.0000000000     0.0000000000     0.0002021762     0.0030256710
308     0.0000000000     0.0000000000     -0.0000000000     0.0000000000     0.0002362106     0.0030212177
309     0.0000000000     0.0000000000     -0.0000000000     0.0000000000     0.0002700788     0.0029817881
310     0.0000000000     0.0000000000     -0.0000000000     0.0000000000     0.0002926378     0.0029549399
311     0.0000000000     0.0000000000     -0.0000000000     0.0000000000     0.0002945560     0.0029557003
312     0.0000000000     0.0000000000     -0.0000000000     0.0000000000     0.0002964614     0.0029611346
313     0.0000000000     0.0000000000     -0.0000000000     0.0000000000     -0.0004324492     0.0028540059
314     0.0000000000     0.0000000000     -0.0000000000     0.0000000000     -0.0004271979     0.0028516722
315     0.0000000000     0.0000000000     -0.0000000000     0.0000000000     -0.0004309240     0.0028502549
316     0.0000000000     0.0000000000     -0.0000000000     0.0000000000     -0.0004091090     0.0028655473
317     0.0000000000     0.0000000000     -0.0000000000     0.0000000000     -0.0003569337     0.0028964926
318     0.0000000000     0.0000000000     -0.0000000000     0.0000000000     -0.0003304123     0.0028715045
319     0.0000000000     0.0000000000     -0.0000000000     0.0000000000     -0.0003028690     0.0028414660
320     0.0000000000     0.0000000000     -0.0000000000     0.0000000000     -0.0002668552     0.0028260961
321     0.0000000000     0.0000000000     -0.0000000000     0.0000000000     -0.0002306492     0.0027848023
322     0.0000000000     0.0000000000     -0.0000000000     0.0000000000     -0.0001929687     0.0027707269
323     0.0000000000     0.0000000000     -0.0000000000     0.0000000000     -0.0001613219     0.0028168686
324     0.0000000000     0.0000000000     -0.0000000000     0.0000000000     -0.0001250638     0.0028502234
325     0.0000000000     0.0000000000     -0.0000000000     0.0000000000     -0.0000843454     0.0028308665
326     0.0000000000     0.0000000000     -0.0000000000     0.0000000000     -0.0000444465     0.0028063359
327     0.0000000000     0.0000000000     -0.0000000000     0.0000000000     -0.0000020257     0.0028062235
328     0.0000000000     0.0000000000     -0.0000000000     0.0000000000     0.0000473713     0.0027891899
329     0.0000000000     0.0000000000     -0.0000000000     0.0000000000     0.0000928622     0.0027591544
330     0.0000000000     0.0000000000     -0.0000000000     0.0000000000     0.0001293613     0.0027551189
331     0.0000000000     0.0000000000     -0.0000000000     0.0000000000     0.0001597032     0.0027521120
332     0.0000000000     0.0000000000     -0.0000000000     0.0000000000     0.0001983360     0.0027680312
333     0.0000000000     0.0000000000     -0.0000000000     0.0000000000     0.0002431010     0.0027833435
334     0.0000000000     0.0000000000     -0.0000000000     0.0000000000     0.0002884233     0.0027552465
335     0.0000000000     0.0000000000     -0.0000000000     0.0000000000     0.0003279952     0.0027096917
336     0.0000000000     0.0000000000     -0.0000000000     0.0000000000     0.0003505300     0.0026866188
337     0.0000000000     0.0000000000     -0.0000000000     0.0000000000     0.0003500217     0.0026879066
338     0.0000000000     0.0000000000     -0.0000000000     0.0000000000     0.0003439983     0.0026948211
339     0.0000000000     0.0000000000     -0.0000000000     0.0000000000     -0.0004489138     0.0026015065
340     0.0000000000     0.0000000000     -0.0000000000     0.0000000000     -0.0004513072     0.0026110663
341     0.0000000000     0.0000000000     -0.0000000000     0.0000000000     -0.0004539660     0.0026088072
342     0.0000000000     0.0000000000     -0.0000000000     0.0000000000     -0.0004352319     0.0026232686
343     0.0000000000     0.0000000000     -0.0000000000     0.0000000000     -0.0003733541     0.0026538201
344     0.0000000000     0.0000000000     -0.0000000000     0.0000000000     -0.0003297854     0.0026373784
345     0.0000000000     0.0000000000     -0.0000000000     0.0000000000     -0.0002970958     0.0025950422
346     0.0000000000     0.0000000000     -0.0000000000     0.0000000000     -0.0002614915     0.0025667931
347     0.0000000000     0.0000000000     -0.0000000000     0.0000000000     -0.0002306939     0.0025420175
348     0.0000000000     0.0000000000     -0.0000000000     0.0000000000     -0.0001938543     0.0025391177
349     0.0000000000     0.0000000000     -0.0000000000     0.0000000000     -0.0001560847     0.0025483678
350     0.0000000000     0.0000000000     -0.0000000000     0.0000000000     -0.0001137284     0.0025524213
351     0.0000000000     0.0000000000     -0.0000000000     0.0000000000     -0.0000685606     0.0025367218
352     0.0000000000     0.0000000000     -0.0000000000     0.0000000000     -0.0000305689     0.0025035154
353     0.0000000000     0.0000000000     -0.0000000000     0.0000000000     0.0000128453     0.0025173420
354     0.0000000000     0.0000000000     -0.0000000000     0.0000000000     0.0000565450     0.0025192172
355     0.0000000000     0.0000000000     -0.0000000000     0.0000000000     0.0000952559     0.0025054383
356     0.0000000000     0.0000000000     -0.0000000000     0.0000000000     0.0001316200     0.0025212082
357     0.0000000000     0.0000000000     -0.0000000000     0.0000000000     0.0001688946     0.0025270143
358     0.0000000000     0.0000000000     -0.0000000000     0.0000000000     0.0002139045     0.0025326228
359     0.0000000000     0.0000000000     -0.0000000000     0.0000000000     0.0002666979     0.0025237776
360     0.0000000000     0.0000000000     -0.0000000000     0.0000000000     0.0003126227     0.0025002986
361     0.0000000000     0.0000000000     -0.0000000000     0.0000000000     0.0003586030     0.0024754147
362     0.0000000000     0.0000000000     -0.0000000000     0.0000000000     0.0003797862     0.0024590083
363     0.0000000000     0.0000000000     -0.0000000000     0.0000000000     0.0003771461     0.0024598450
364     0.0000000000     0.0000000000     -0.0000000000     0.0000000000     0.0003666062     0.0024576689
365     0.0000000000     0.0000000000     -0.0000000000     0.0000000000     -0.0004554332     0.0023444919
366     0.0000000000     0.0000000000     -0.0000000000     0.0000000000     -0.0004630426     0.0023524541
367     0.0000000000     0.0000000000     -0.0000000000     0.0000000000     -0.0004647895     0.0023519093
368     0.0000000000     0.0000000000     -0.0000000000     0.0000000000     -0.0004486004     0.0023547022
369     0.0000000000     0.0000000000     -0.0000000000     0.0000000000     -0.0003910879     0.0023428176
370     0.0000000000     0.0000000000     -0.0000000000     0.0000000000     -0.0003403792     0.0023267902
371     0.0000000000     0.0000000000     -0.0000000000     0.0000000000     -0.0003016492     0.0023081107
372     0.0000000000     0.0000000000     -0.0000000000     0.0000000000     -0.0002613509     0.0022944104
373     0.0000000000     0.0000000000     -0.0000000000     0.0000000000     -0.0002264490     0.0022864394
374     0.0000000000     0.0000000000     -0.0000000000     0.0000000000     -0.0001856280     0.0022787517
375     0.0000000000     0.0000000000     -0.0000000000     0.0000000000     -0.0001451068     0.0022547758
376     0.0000000000     0.0000000000     -0.0000000000     0.0000000000     -0.0000989839     0.0022373914
377     0.0000000000     0.0000000000     -0.0000000000     0.0000000000     -0.0000503870     0.0022241104
378     0.0000000000     0.0000000000     -0.0000000000     0.0000000000     -0.0000182842     0.0021924806
379     0.0000000000     0.0000000000     -0.0000000000     0.0000000000     0.0000156387     0.0022069855
380     0.0000000000     0.0000000000     -0.0000000000     0.0000000000     0.0000506133     0.0022315439
381     0.0000000000     0.0000000000     -0.0000000000     0.0000000000     0.0000905627     0.0022541024
382     0.0000000000     0.0000000000     -0.0000000000     0.0000000000     0.0001296352     0.0022821611
383     0.0000000000     0.0000000000     -0.0000000000     0.0000000000     0.0001650017     0.0022678181
384     0.0000000000     0.0000000000     -0.0000000000     0.0000000000     0.0002096875     0.0022368261
385     0.0000000000     0.0000000000     -0.0000000000     0.0000000000     0.0002612084     0.0022094546
386     0.0000000000     0.0000000000     -0.0000000000     0.0000000000     0.0003044612     0.0022036938
387     0.0000000000     0.0000000000     -0.0000000000     0.0000000000     0.0003480900     0.0022189197
388     0.0000000000     0.0000000000     -0.0000000000     0.0000000000     0.0003654374     0.0022206621
389     0.0000000000     0.0000000000     -0.0000000000     0.0000000000     0.0003620934     0.0022190506
390     0.0000000000     0.0000000000     -0.0000000000     0.0000000000     0.0003549990     0.0022117755
391     0.0000000000     0.0000000000     -43.1579695139     0.0000000000     -0.0004452584     0.0020676268
392     0.0000000000     0.0000000000     -43.1579695139     0.0000000000     -0.0004551163     0.0020612947
393     0.0000000000     0.0000000000     -43.1579695139     0.0000000000     -0.0004562971     0.0020634105
394     0.0000000000     0.0000000000     -43.1579695139     0.0000000000     -0.0004405200     0.0020545406
395     0.0000000000     0.0000000000     -43.1579695139     0.0000000000     -0.0003904792     0.0020093644
396     0.0000000000     0.0000000000     -43.1579695139     0.0000000000     -0.0003440218     0.0019911136
397     0.0000000000     0.0000000000     -43.1579695139     0.0000000000     -0.0003016576     0.0019917589
398     0.0000000000     0.0000000000     -43.1579695139     0.0000000000     -0.0002428472     0.0020058628
399     0.0000000000     0.0000000000     -43.1579695139     0.0000000000     -0.0001991846     0.0020180000
400     0.0000000000     0.0000000000     -43.1579695139     0.0000000000     -0.0001686946     0.0019893162
401     0.0000000000     0.0000000000     -43.1579695139     0.0000000000     -0.0001344549     0.0019424624
402     0.0000000000     0.0000000000     -43.1579695139     0.0000000000     -0.0000912087     0.0019108791
403     0.0000000000     0.0000000000     -43.1579695139     0.0000000000     -0.0000444075     0.0019010682
404     0.0000000000     0.0000000000     -43.1579695139     0.0000000000     -0.0000138773     0.0018858603
405     0.0000000000     0.0000000000     -43.1579695139     0.0000000000     0.0000138632     0.0018989231
406     0.0000000000     0.0000000000     -43.1579695139     0.0000000000     0.0000478386     0.0019316868
407     0.0000000000     0.0000000000     -43.1579695139     0.0000000000     0.0000936235     0.0019798480
408     0.0000000000     0.0000000000     -43.1579695139     0.0000000000     0.0001307633     0.0020107880
409     0.0000000000     0.0000000000     -43.1579695139     0.0000000000     0.0001588152     0.0019680627
410     0.0000000000     0.0000000000     -43.1579695139     0.0000000000     0.0001957340     0.0019077247
411     0.0000000000     0.0000000000     -43.1579695139     0.0000000000     0.0002388163     0.0018746862
412     0.0000000000     0.0000000000     -43.1579695139     0.0000000000     0.0002751360     0.0018853675
413     0.0000000000     0.0000000000     -43.1579695139     0.0000000000     0.0003079989     0.0019288164
414     0.0000000000     0.0000000000     -43.1579695139     0.0000000000     0.0003251791     0.0019450860
415     0.0000000000     0.0000000000     -43.1579695139     0.0000000000     0.0003228651     0.0019410057
416     0.0000000000     0.0000000000     -43.1579695139     0.0000000000     0.0003211722     0.0019379574
