1     0.0000000000     0.0000000000     78.6048648267     0.0000000000     -0.0005834449     0.0069057391
2     0.0000000000     0.0000000000     78.6048648267     0.0000000000     -0.0005921790     0.0069044625
3     0.0000000000     0.0000000000     78.6048648267     0.0000000000     -0.0005932506     0.0069045882
4     0.0000000000     0.0000000000     78.6048648267     0.0000000000     -0.0005837059     0.0068966905
5     0.0000000000     0.0000000000     78.6048648267     0.0000000000     -0.0005293581     0.0068922530
6     0.0000000000     0.0000000000     78.6048648267     0.0000000000     -0.0004515810     0.0068726419
7     0.0000000000     0.0000000000     78.6048648267     0.0000000000     -0.0003918351     0.0068650448
8     0.0000000000     0.0000000000     78.6048648267     0.0000000000     -0.0003570963     0.0069336851
9     0.0000000000     0.0000000000     78.6048648267     0.0000000000     -0.0003036450     0.0069709449
10     0.0000000000     0.0000000000     78.6048648267     0.0000000000     -0.0002529346     0.0069862061
11     0.0000000000     0.0000000000     78.6048648267     0.0000000000     -0.0002192975     0.0070005464
12     0.0000000000     0.0000000000     78.6048648267     0.0000000000     -0.0001819808     0.0070195473
13     0.0000000000     0.0000000000     78.6048648267     0.0000000000     -0.0001292614     0.0070401780
14     0.0000000000     0.0000000000     78.6048648267     0.0000000000     -0.0000688288     0.0070395793
15     0.0000000000     0.0000000000     78.6048648267     0.0000000000     -0.0000145946     0.0069995816
16     0.0000000000     0.0000000000     78.6048648267     0.0000000000     0.0000404137     0.0069578959
17     0.0000000000     0.0000000000     78.6048648267     0.0000000000     0.0000999748     0.0069389966
18     0.0000000000     0.0000000000     78.6048648267     0.0000000000     0.0001437332     0.0069376109
19     0.0000000000     0.0000000000     78.6048648267     0.0000000000     0.0002057579     0.0069369364
20     0.0000000000     0.0000000000     78.6048648267     0.0000000000     0.0002779903     0.0069577561
21     0.0000000000     0.0000000000     78.6048648267     0.0000000000     0.0003092526     0.0069640453
22     0.0000000000     0.0000000000     78.6048648267     0.0000000000     0.0003379206     0.0069481116
23     0.0000000000     0.0000000000     78.6048648267     0.0000000000     0.0004119574     0.0069045602
24     0.0000000000     0.0000000000     78.6048648267     0.0000000000     0.0004684221     0.0068652178
25     0.0000000000     0.0000000000     78.6048648267     0.0000000000     0.0004665038     0.0068648499
26     0.0000000000     0.0000000000     78.6048648267     0.0000000000     0.0004576297     0.0068720705
27     0.0000000000     0.0000000000     -0.0000000000     0.0000000000     -0.0005682288     0.0066312263
28     0.0000000000     0.0000000000     -0.0000000000     0.0000000000     -0.0005724858     0.0066384337
29     0.0000000000     0.0000000000     -0.0000000000     0.0000000000     -0.0005737051     0.0066379316
30     0.0000000000     0.0000000000     -0.0000000000     0.0000000000     -0.0005629051     0.0066305651
31     0.0000000000     0.0000000000     -0.0000000000     0.0000000000     -0.0005194239     0.0066145779
32     0.0000000000     0.0000000000     -0.0000000000     0.0000000000     -0.0004511735     0.0065823092
33     0.0000000000     0.0000000000     -0.0000000000     0.0000000000     -0.0004012426     0.0065548786
34     0.0000000000     0.0000000000     -0.0000000000     0.0000000000     -0.0003739005     0.0066021304
35     0.0000000000     0.0000000000     -0.0000000000     0.0000000000     -0.0003265549     0.0066099183
36     0.0000000000     0.0000000000     -0.0000000000     0.0000000000     -0.0002717007     0.0066009482
37     0.0000000000     0.0000000000     -0.0000000000     0.0000000000     -0.0002316465     0.0066238088
38     0.0000000000     0.0000000000     -0.0000000000     0.0000000000     -0.0001943205     0.0066521953
39     0.0000000000     0.0000000000     -0.0000000000     0.0000000000     -0.0001364525     0.0066660826
40     0.0000000000     0.0000000000     -0.0000000000     0.0000000000     -0.0000663276     0.0066655930
41     0.0000000000     0.0000000000     -0.0000000000     0.0000000000     -0.0000162181     0.0066417200
42     0.0000000000     0.0000000000     -0.0000000000     0.0000000000     0.0000319429     0.0066252986
43     0.0000000000     0.0000000000     -0.0000000000     0.0000000000     0.0001046698     0.0066390553
44     0.0000000000     0.0000000000     -0.0000000000     0.0000000000     0.0001515969     0.0066405126
45     0.0000000000     0.0000000000     -0.0000000000     0.0000000000     0.0001954727     0.0066091871
46     0.0000000000     0.0000000000     -0.0000000000     0.0000000000     0.0002664260     0.0066168661
47     0.0000000000     0.0000000000     -0.0000000000     0.0000000000     0.0003069623     0.0066486706
48     0.0000000000     0.0000000000     -0.0000000000     0.0000000000     0.0003422032     0.0066493714
49     0.0000000000     0.0000000000     -0.0000000000     0.0000000000     0.0004243404     0.0066091939
50     0.0000000000     0.0000000000     -0.0000000000     0.0000000000     0.0004863413     0.0065675424
51     0.0000000000     0.0000000000     -0.0000000000     0.0000000000     0.0004855675     0.0065652301
52     0.0000000000     0.0000000000     -0.0000000000     0.0000000000     0.0004739765     0.0065675588
53     0.0000000000     0.0000000000     -0.0000000000     0.0000000000     -0.0005533289     0.0063243021
54     0.0000000000     0.0000000000     -0.0000000000     0.0000000000     -0.0005559547     0.0063310370
55     0.0000000000     0.0000000000     -0.0000000000     0.0000000000     -0.0005570625     0.0063306597
56     0.0000000000     0.0000000000     -0.0000000000     0.0000000000     -0.0005476102     0.0063265717
57     0.0000000000     0.0000000000     -0.0000000000     0.0000000000     -0.0005120137     0.0063118550
58     0.0000000000     0.0000000000     -0.0000000000     0.0000000000     -0.0004498294     0.0062819972
59     0.0000000000     0.0000000000     -0.0000000000     0.0000000000     -0.0004120938     0.0062589107
60     0.0000000000     0.0000000000     -0.0000000000     0.0000000000     -0.0003866474     0.0062894044
61     0.0000000000     0.0000000000     -0.0000000000     0.0000000000     -0.0003392899     0.0062735452
62     0.0000000000     0.0000000000     -0.0000000000     0.0000000000     -0.0002856256     0.0062444329
63     0.0000000000     0.0000000000     -0.0000000000     0.0000000000     -0.0002378037     0.0062693405
64     0.0000000000     0.0000000000     -0.0000000000     0.0000000000     -0.0001944827     0.0062909043
65     0.0000000000     0.0000000000     -0.0000000000     0.0000000000     -0.0001383046     0.0062850078
66     0.0000000000     0.0000000000     -0.0000000000     0.0000000000     -0.0000717285     0.0062715362
67     0.0000000000     0.0000000000     -0.0000000000     0.0000000000     -0.0000224660     0.0062573325
68     0.0000000000     0.0000000000     -0.0000000000     0.0000000000     0.0000253575     0.0062772340
69     0.0000000000     0.0000000000     -0.0000000000     0.0000000000     0.0001002596     0.0063107651
70     0.0000000000     0.0000000000     -0.0000000000     0.0000000000     0.0001527774     0.0063047603
71     0.0000000000     0.0000000000     -0.0000000000     0.0000000000     0.0001866975     0.0062643285
72     0.0000000000     0.0000000000     -0.0000000000     0.0000000000     0.0002477710     0.0062669610
73     0.0000000000     0.0000000000     -0.0000000000     0.0000000000     0.0002976429     0.0063098216
74     0.0000000000     0.0000000000     -0.0000000000     0.0000000000     0.0003376369     0.0063239439
75     0.0000000000     0.0000000000     -0.0000000000     0.0000000000     0.0004100296     0.0063038087
76     0.0000000000     0.0000000000     -0.0000000000     0.0000000000     0.0004661265     0.0062659302
77     0.0000000000     0.0000000000     -0.0000000000     0.0000000000     0.0004673718     0.0062587567
78     0.0000000000     0.0000000000     -0.0000000000     0.0000000000     0.0004592362     0.0062568650
79     0.0000000000     0.0000000000     -0.0000000000     0.0000000000     -0.0005446419     0.0059912738
80     0.0000000000     0.0000000000     -0.0000000000     0.0000000000     -0.0005464843     0.0059945277
81     0.0000000000     0.0000000000     -0.0000000000     0.0000000000     -0.0005471544     0.0059945888
82     0.0000000000     0.0000000000     -0.0000000000     0.0000000000     -0.0005409304     0.0059894169
83     0.0000000000     0.0000000000     -0.0000000000     0.0000000000     -0.0005132731     0.0059716492
84     0.0000000000     0.0000000000     -0.0000000000     0.0000000000     -0.0004523653     0.0059559944
85     0.0000000000     0.0000000000     -0.0000000000     0.0000000000     -0.0004180826     0.0059574451
86     0.0000000000     0.0000000000     -0.0000000000     0.0000000000     -0.0003899932     0.0059827249
87     0.0000000000     0.0000000000     -0.0000000000     0.0000000000     -0.0003376370     0.0059634674
88     0.0000000000     0.0000000000     -0.0000000000     0.0000000000     -0.0002875484     0.0059331826
89     0.0000000000     0.0000000000     -0.0000000000     0.0000000000     -0.0002408318     0.0059491646
90     0.0000000000     0.0000000000     -0.0000000000     0.0000000000     -0.0001911072     0.0059545527
91     0.0000000000     0.0000000000     -0.0000000000     0.0000000000     -0.0001381665     0.0059325859
92     0.0000000000     0.0000000000     -0.0000000000     0.0000000000     -0.0000759380     0.0059129157
93     0.0000000000     0.0000000000     -0.0000000000     0.0000000000     -0.0000196363     0.0059014429
94     0.0000000000     0.0000000000     -0.0000000000     0.0000000000     0.0000291367     0.0059278784
95     0.0000000000     0.0000000000     -0.0000000000     0.0000000000     0.0000969270     0.0059616678
96     0.0000000000     0.0000000000     -0.0000000000     0.0000000000     0.0001549051     0.0059542057
97     0.0000000000     0.0000000000     -0.0000000000     0.0000000000     0.0001918387     0.0059355871
98     0.0000000000     0.0000000000     -0.0000000000     0.0000000000     0.0002421113     0.0059497279
99     0.0000000000     0.0000000000     -0.0000000000     0.0000000000     0.0002911023     0.0059672653
100     0.0000000000     0.0000000000     -0.0000000000     0.0000000000     0.0003322371     0.0059693617
101     0.0000000000     0.0000000000     -0.0000000000     0.0000000000     0.0003962637     0.0059516981
102     0.0000000000     0.0000000000     -0.0000000000     0.0000000000     0.0004437164     0.0059190851
103     0.0000000000     0.0000000000     -0.0000000000     0.0000000000     0.0004456164     0.0059119377
104     0.0000000000     0.0000000000     -0.0000000000     0.0000000000     0.0004395235     0.0059130519
105     0.0000000000     0.0000000000     -0.0000000000     0.0000000000     -0.0005324784     0.0056492025
106     0.0000000000     0.0000000000     -0.0000000000     0.0000000000     -0.0005302618     0.0056458973
107     0.0000000000     0.0000000000     -0.0000000000     0.0000000000     -0.0005306357     0.0056465650
108     0.0000000000     0.0000000000     -0.0000000000     0.0000000000     -0.0005275465     0.0056407874
109     0.0000000000     0.0000000000     -0.0000000000     0.0000000000     -0.0005123220     0.0056243961
110     0.0000000000     0.0000000000     -0.0000000000     0.0000000000     -0.0004651038     0.0056256792
111     0.0000000000     0.0000000000     -0.0000000000     0.0000000000     -0.0004280724     0.0056427136
112     0.0000000000     0.0000000000     -0.0000000000     0.0000000000     -0.0003888333     0.0056584745
113     0.0000000000     0.0000000000     -0.0000000000     0.0000000000     -0.0003305496     0.0056501271
114     0.0000000000     0.0000000000     -0.0000000000     0.0000000000     -0.0002783159     0.0056433192
115     0.0000000000     0.0000000000     -0.0000000000     0.0000000000     -0.0002390421     0.0056503654
116     0.0000000000     0.0000000000     -0.0000000000     0.0000000000     -0.0001902301     0.0056375062
117     0.0000000000     0.0000000000     -0.0000000000     0.0000000000     -0.0001378646     0.0056077006
118     0.0000000000     0.0000000000     -0.0000000000     0.0000000000     -0.0000817665     0.0055933064
119     0.0000000000     0.0000000000     -0.0000000000     0.0000000000     -0.0000186881     0.0055935630
120     0.0000000000     0.0000000000     -0.0000000000     0.0000000000     0.0000330603     0.0055944025
121     0.0000000000     0.0000000000     -0.0000000000     0.0000000000     0.0000925121     0.0056085025
122     0.0000000000     0.0000000000     -0.0000000000     0.0000000000     0.0001557516     0.0055991048
123     0.0000000000     0.0000000000     -0.0000000000     0.0000000000     0.0001951421     0.0056060111
124     0.0000000000     0.0000000000     -0.0000000000     0.0000000000     0.0002390665     0.0056374248
125     0.0000000000     0.0000000000     -0.0000000000     0.0000000000     0.0002824061     0.0056298786
126     0.0000000000     0.0000000000     -0.0000000000     0.0000000000     0.0003248384     0.0056087169
127     0.0000000000     0.0000000000     -0.0000000000     0.0000000000     0.0003834229     0.0055720122
128     0.0000000000     0.0000000000     -0.0000000000     0.0000000000     0.0004242072     0.0055426217
129     0.0000000000     0.0000000000     -0.0000000000     0.0000000000     0.0004254854     0.0055402152
130     0.0000000000     0.0000000000     -0.0000000000     0.0000000000     0.0004210134     0.0055478460
131     0.0000000000     0.0000000000     -0.0000000000     0.0000000000     -0.0005171523     0.0053115973
132     0.0000000000     0.0000000000     -0.0000000000     0.0000000000     -0.0005085824     0.0053022819
133     0.0000000000     0.0000000000     -0.0000000000     0.0000000000     -0.0005092743     0.0053030823
134     0.0000000000     0.0000000000     -0.0000000000     0.0000000000     -0.0005054869     0.0052996938
135     0.0000000000     0.0000000000     -0.0000000000     0.0000000000     -0.0005006597     0.0052988201
136     0.0000000000     0.0000000000     -0.0000000000     0.0000000000     -0.0004713496     0.0053140955
137     0.0000000000     0.0000000000     -0.0000000000     0.0000000000     -0.0004342580     0.0053275173
138     0.0000000000     0.0000000000     -0.0000000000     0.0000000000     -0.0003843156     0.0053261879
139     0.0000000000     0.0000000000     -0.0000000000     0.0000000000     -0.0003252515     0.0053261799
140     0.0000000000     0.0000000000     -0.0000000000     0.0000000000     -0.0002763401     0.0053435813
141     0.0000000000     0.0000000000     -0.0000000000     0.0000000000     -0.0002398495     0.0053470569
142     0.0000000000     0.0000000000     -0.0000000000     0.0000000000     -0.0001901614     0.0053247552
143     0.0000000000     0.0000000000     -0.0000000000     0.0000000000     -0.0001365155     0.0052932762
144     0.0000000000     0.0000000000     -0.0000000000     0.0000000000     -0.0000908739     0.0052824068
145     0.0000000000     0.0000000000     -0.0000000000     0.0000000000     -0.0000280259     0.0052848038
146     0.0000000000     0.0000000000     -0.0000000000     0.0000000000     0.0000292982     0.0052722088
147     0.0000000000     0.0000000000     -0.0000000000     0.0000000000     0.0000869578     0.0052675401
148     0.0000000000     0.0000000000     -0.0000000000     0.0000000000     0.0001568918     0.0052468070
149     0.0000000000     0.0000000000     -0.0000000000     0.0000000000     0.0001898364     0.0052617804
150     0.0000000000     0.0000000000     -0.0000000000     0.0000000000     0.0002216036     0.0053019997
151     0.0000000000     0.0000000000     -0.0000000000     0.0000000000     0.0002688772     0.0052956436
152     0.0000000000     0.0000000000     -0.0000000000     0.0000000000     0.0003235025     0.0052591530
153     0.0000000000     0.0000000000     -0.0000000000     0.0000000000     0.0003805581     0.0052053138
154     0.0000000000     0.0000000000     -0.0000000000     0.0000000000     0.0004147640     0.0051884273
155     0.0000000000     0.0000000000     -0.0000000000     0.0000000000     0.0004149587     0.0051948288
156     0.0000000000     0.0000000000     -0.0000000000     0.0000000000     0.0004098906     0.0052024444
157     0.0000000000     0.0000000000     -0.0000000000     0.0000000000     -0.0005186081     0.0049908734
158     0.0000000000     0.0000000000     -0.0000000000     0.0000000000     -0.0005087582     0.0049787311
159     0.0000000000     0.0000000000     -0.0000000000     0.0000000000     -0.0005099606     0.0049789116
160     0.0000000000     0.0000000000     -0.0000000000     0.0000000000     -0.0005019278     0.0049807804
161     0.0000000000     0.0000000000     -0.0000000000     0.0000000000     -0.0004902735     0.0050079685
162     0.0000000000     0.0000000000     -0.0000000000     0.0000000000     -0.0004623603     0.0050281577
163     0.0000000000     0.0000000000     -0.0000000000     0.0000000000     -0.0004259630     0.0050201808
164     0.0000000000     0.0000000000     -0.0000000000     0.0000000000     -0.0003788045     0.0050038141
165     0.0000000000     0.0000000000     -0.0000000000     0.0000000000     -0.0003301434     0.0050151518
166     0.0000000000     0.0000000000     -0.0000000000     0.0000000000     -0.0002889461     0.0050466826
167     0.0000000000     0.0000000000     -0.0000000000     0.0000000000     -0.0002482654     0.0050331632
168     0.0000000000     0.0000000000     -0.0000000000     0.0000000000     -0.0001936528     0.0050012164
169     0.0000000000     0.0000000000     -0.0000000000     0.0000000000     -0.0001387023     0.0049762193
170     0.0000000000     0.0000000000     -0.0000000000     0.0000000000     -0.0000996030     0.0049729784
171     0.0000000000     0.0000000000     -0.0000000000     0.0000000000     -0.0000401549     0.0049662031
172     0.0000000000     0.0000000000     -0.0000000000     0.0000000000     0.0000196680     0.0049530774
173     0.0000000000     0.0000000000     -0.0000000000     0.0000000000     0.0000743491     0.0049496381
174     0.0000000000     0.0000000000     -0.0000000000     0.0000000000     0.0001514677     0.0049245697
175     0.0000000000     0.0000000000     -0.0000000000     0.0000000000     0.0001829338     0.0049394811
176     0.0000000000     0.0000000000     -0.0000000000     0.0000000000     0.0002054339     0.0049618945
177     0.0000000000     0.0000000000     -0.0000000000     0.0000000000     0.0002569369     0.0049491572
178     0.0000000000     0.0000000000     -0.0000000000     0.0000000000     0.0003190577     0.0049079579
179     0.0000000000     0.0000000000     -0.0000000000     0.0000000000     0.0003771291     0.0048581306
180     0.0000000000     0.0000000000     -0.0000000000     0.0000000000     0.0004121531     0.0048700390
181     0.0000000000     0.0000000000     -0.0000000000     0.0000000000     0.0004125325     0.0048823870
182     0.0000000000     0.0000000000     -0.0000000000     0.0000000000     0.0004045785     0.0048838162
183     0.0000000000     0.0000000000     -0.0000000000     0.0000000000     -0.0005456850     0.0046996820
184     0.0000000000     0.0000000000     -0.0000000000     0.0000000000     -0.0005464240     0.0046898032
185     0.0000000000     0.0000000000     -0.0000000000     0.0000000000     -0.0005473221     0.0046891654
186     0.0000000000     0.0000000000     -0.0000000000     0.0000000000     -0.0005378314     0.0046950519
187     0.0000000000     0.0000000000     -0.0000000000     0.0000000000     -0.0005034764     0.0047382148
188     0.0000000000     0.0000000000     -0.0000000000     0.0000000000     -0.0004607472     0.0047527269
189     0.0000000000     0.0000000000     -0.0000000000     0.0000000000     -0.0004212281     0.0047228182
190     0.0000000000     0.0000000000     -0.0000000000     0.0000000000     -0.0003827809     0.0047059722
191     0.0000000000     0.0000000000     -0.0000000000     0.0000000000     -0.0003411555     0.0047308130
192     0.0000000000     0.0000000000     -0.0000000000     0.0000000000     -0.0002949038     0.0047487821
193     0.0000000000     0.0000000000     -0.0000000000     0.0000000000     -0.0002478930     0.0047026388
194     0.0000000000     0.0000000000     -0.0000000000     0.0000000000     -0.0001919757     0.0046628139
195     0.0000000000     0.0000000000     -0.0000000000     0.0000000000     -0.0001419371     0.0046552638
196     0.0000000000     0.0000000000     -0.0000000000     0.0000000000     -0.0001034006     0.0046650187
197     0.0000000000     0.0000000000     -0.0000000000     0.0000000000     -0.0000489963     0.0046556314
198     0.0000000000     0.0000000000     -0.0000000000     0.0000000000     0.0000067067     0.0046503588
199     0.0000000000     0.0000000000     -0.0000000000     0.0000000000     0.0000525118     0.0046521425
200     0.0000000000     0.0000000000     -0.0000000000     0.0000000000     0.0001205186     0.0046470410
201     0.0000000000     0.0000000000     -0.0000000000     0.0000000000     0.0001613577     0.0046556232
202     0.0000000000     0.0000000000     -0.0000000000     0.0000000000     0.0001923560     0.0046265734
203     0.0000000000     0.0000000000     -0.0000000000     0.0000000000     0.0002394484     0.0045874679
204     0.0000000000     0.0000000000     -0.0000000000     0.0000000000     0.0002961440     0.0045465676
205     0.0000000000     0.0000000000     -0.0000000000     0.0000000000     0.0003490455     0.0045127060
206     0.0000000000     0.0000000000     -0.0000000000     0.0000000000     0.0003832298     0.0045459157
207     0.0000000000     0.0000000000     -0.0000000000     0.0000000000     0.0003861896     0.0045594066
208     0.0000000000     0.0000000000     -0.0000000000     0.0000000000     0.0003807819     0.0045616167
209     0.0000000000     0.0000000000     -0.0000000000     0.0000000000     -0.0005684126     0.0044281003
210     0.0000000000     0.0000000000     -0.0000000000     0.0000000000     -0.0005834459     0.0044252395
211     0.0000000000     0.0000000000     -0.0000000000     0.0000000000     -0.0005840713     0.0044245501
212     0.0000000000     0.0000000000     -0.0000000000     0.0000000000     -0.0005739341     0.0044256668
213     0.0000000000     0.0000000000     -0.0000000000     0.0000000000     -0.0005257975     0.0044537614
214     0.0000000000     0.0000000000     -0.0000000000     0.0000000000     -0.0004759889     0.0044664723
215     0.0000000000     0.0000000000     -0.0000000000     0.0000000000     -0.0004297736     0.0044416589
216     0.0000000000     0.0000000000     -0.0000000000     0.0000000000     -0.0003856092     0.0044350554
217     0.0000000000     0.0000000000     -0.0000000000     0.0000000000     -0.0003391255     0.0044508451
218     0.0000000000     0.0000000000     -0.0000000000     0.0000000000     -0.0002829950     0.0044416964
219     0.0000000000     0.0000000000     -0.0000000000     0.0000000000     -0.0002322030     0.0043864352
220     0.0000000000     0.0000000000     -0.0000000000     0.0000000000     -0.0001805462     0.0043538632
221     0.0000000000     0.0000000000     -0.0000000000     0.0000000000     -0.0001354037     0.0043686835
222     0.0000000000     0.0000000000     -0.0000000000     0.0000000000     -0.0000976144     0.0043677347
223     0.0000000000     0.0000000000     -0.0000000000     0.0000000000     -0.0000468007     0.0043456201
224     0.0000000000     0.0000000000     -0.0000000000     0.0000000000     0.0000051489     0.0043494261
225     0.0000000000     0.0000000000     -0.0000000000     0.0000000000     0.0000454429     0.0043457643
226     0.0000000000     0.0000000000     -0.0000000000     0.0000000000     0.0000925532     0.0043501287
227     0.0000000000     0.0000000000     -0.0000000000     0.0000000000     0.0001333483     0.0043431065
228     0.0000000000     0.0000000000     -0.0000000000     0.0000000000     0.0001768615     0.0042836735
229     0.0000000000     0.0000000000     -0.0000000000     0.0000000000     0.0002190370     0.0042301188
230     0.0000000000     0.0000000000     -0.0000000000     0.0000000000     0.0002578248     0.0042049985
231     0.0000000000     0.0000000000     -0.0000000000     0.0000000000     0.0002967492     0.0041950025
232     0.0000000000     0.0000000000     -0.0000000000     0.0000000000     0.0003276837     0.0042355947
233     0.0000000000     0.0000000000     -0.0000000000     0.0000000000     0.0003346514     0.0042489079
234     0.0000000000     0.0000000000     -0.0000000000     0.0000000000     0.0003373442     0.0042508832
235     0.0000000000     0.0000000000     -0.0000000000     0.0000000000     -0.0005573703     0.0041492654
236     0.0000000000     0.0000000000     -0.0000000000     0.0000000000     -0.0005687412     0.0041505453
237     0.0000000000     0.0000000000     -0.0000000000     0.0000000000     -0.0005700118     0.0041503076
238     0.0000000000     0.0000000000     -0.0000000000     0.0000000000     -0.0005595266     0.0041440016
239     0.0000000000     0.0000000000     -0.0000000000     0.0000000000     -0.0005165945     0.0041421735
240     0.0000000000     0.0000000000     -0.0000000000     0.0000000000     -0.0004721713     0.0041450335
241     0.0000000000     0.0000000000     -0.0000000000     0.0000000000     -0.0004203034     0.0041404235
242     0.0000000000     0.0000000000     -0.0000000000     0.0000000000     -0.0003672896     0.0041504673
243     0.0000000000     0.0000000000     -0.0000000000     0.0000000000     -0.0003200531     0.0041493118
244     0.0000000000     0.0000000000     -0.0000000000     0.0000000000     -0.0002575058     0.0041234939
245     0.0000000000     0.0000000000     -0.0000000000     0.0000000000     -0.0002003690     0.0040949116
246     0.0000000000     0.0000000000     -0.0000000000     0.0000000000     -0.0001583025     0.0040843307
247     0.0000000000     0.0000000000     -0.0000000000     0.0000000000     -0.0001189518     0.0041059687
248     0.0000000000     0.0000000000     -0.0000000000     0.0000000000     -0.0000820125     0.0040959059
249     0.0000000000     0.0000000000     -0.0000000000     0.0000000000     -0.0000340994     0.0040315336
250     0.0000000000     0.0000000000     -0.0000000000     0.0000000000     0.0000196528     0.0040271230
251     0.0000000000     0.0000000000     -0.0000000000     0.0000000000     0.0000590436     0.0040256029
252     0.0000000000     0.0000000000     -0.0000000000     0.0000000000     0.0000943204     0.0040268000
253     0.0000000000     0.0000000000     -0.0000000000     0.0000000000     0.0001226063     0.0040074659
254     0.0000000000     0.0000000000     -0.0000000000     0.0000000000     0.0001706153     0.0039545431
255     0.0000000000     0.0000000000     -0.0000000000     0.0000000000     0.0002125634     0.0039221977
256     0.0000000000     0.0000000000     -0.0000000000     0.0000000000     0.0002336250     0.0039277208
257     0.0000000000     0.0000000000     -0.0000000000     0.0000000000     0.0002597399     0.0039360477
258     0.0000000000     0.0000000000     -0.0000000000     0.0000000000     0.0002893591     0.0039571584
259     0.0000000000     0.0000000000     -0.0000000000     0.0000000000     0.0002987491     0.0039674919
260     0.0000000000     0.0000000000     -0.0000000000     0.0000000000     0.0003079668     0.0039630131
261     0.0000000000     0.0000000000     -0.0000000000     0.0000000000     -0.0005250135     0.0038503394
262     0.0000000000     0.0000000000     -0.0000000000     0.0000000000     -0.0005258068     0.0038504117
263     0.0000000000     0.0000000000     -0.0000000000     0.0000000000     -0.0005282239     0.0038508534
264     0.0000000000     0.0000000000     -0.0000000000     0.0000000000     -0.0005154112     0.0038392534
265     0.0000000000     0.0000000000     -0.0000000000     0.0000000000     -0.0004799798     0.0038155401
266     0.0000000000     0.0000000000     -0.0000000000     0.0000000000     -0.0004441687     0.0038027256
267     0.0000000000     0.0000000000     -0.0000000000     0.0000000000     -0.0003930738     0.0038078599
268     0.0000000000     0.0000000000     -0.0000000000     0.0000000000     -0.0003413423     0.0038303089
269     0.0000000000     0.0000000000     -0.0000000000     0.0000000000     -0.0002961760     0.0038149885
270     0.0000000000     0.0000000000     -0.0000000000     0.0000000000     -0.0002319304     0.0037796050
271     0.0000000000     0.0000000000     -0.0000000000     0.0000000000     -0.0001742013     0.0037920785
272     0.0000000000     0.0000000000     -0.0000000000     0.0000000000     -0.0001416173     0.0038094718
273     0.0000000000     0.0000000000     -0.0000000000     0.0000000000     -0.0001067338     0.0038166397
274     0.0000000000     0.0000000000     -0.0000000000     0.0000000000     -0.0000629701     0.0038030199
275     0.0000000000     0.0000000000     -0.0000000000     0.0000000000     -0.0000153644     0.0037287504
276     0.0000000000     0.0000000000     -0.0000000000     0.0000000000     0.0000359426     0.0037151295
277     0.0000000000     0.0000000000     -0.0000000000     0.0000000000     0.0000837952     0.0037190134
278     0.0000000000     0.0000000000     -0.0000000000     0.0000000000     0.0001205305     0.0037136949
279     0.0000000000     0.0000000000     -0.0000000000     0.0000000000     0.0001424721     0.0036859928
280     0.0000000000     0.0000000000     -0.0000000000     0.0000000000     0.0001902864     0.0036554842
281     0.0000000000     0.0000000000     -0.0000000000     0.0000000000     0.0002321296     0.0036622914
282     0.0000000000     0.0000000000     -0.0000000000     0.0000000000     0.0002553366     0.0036762780
283     0.0000000000     0.0000000000     -0.0000000000     0.0000000000     0.0002844818     0.0036647753
284     0.0000000000     0.0000000000     -0.0000000000     0.0000000000     0.0003126364     0.0036548101
285     0.0000000000     0.0000000000     -0.0000000000     0.0000000000     0.0003200106     0.0036596651
286     0.0000000000     0.0000000000     -0.0000000000     0.0000000000     0.0003275221     0.0036564361
287     0.0000000000     0.0000000000     -0.0000000000     0.0000000000     -0.0005003792     0.0035395059
288     0.0000000000     0.0000000000     -0.0000000000     0.0000000000     -0.0004963337     0.0035373714
289     0.0000000000     0.0000000000     -0.0000000000     0.0000000000     -0.0004999371     0.0035374647
290     0.0000000000     0.0000000000     -0.0000000000     0.0000000000     -0.0004804009     0.0035329497
291     0.0000000000     0.0000000000     -0.0000000000     0.0000000000     -0.0004394531     0.0035130311
292     0.0000000000     0.0000000000     -0.0000000000     0.0000000000     -0.0004113992     0.0034824313
293     0.0000000000     0.0000000000     -0.0000000000     0.0000000000     -0.0003694473     0.0034807950
294     0.0000000000     0.0000000000     -0.0000000000     0.0000000000     -0.0003222627     0.0034988482
295     0.0000000000     0.0000000000     -0.0000000000     0.0000000000     -0.0002741524     0.0034677999
296     0.0000000000     0.0000000000     -0.0000000000     0.0000000000     -0.0002180350     0.0034370199
297     0.0000000000     0.0000000000     -0.0000000000     0.0000000000     -0.0001692026     0.0034815821
298     0.0000000000     0.0000000000     -0.0000000000     0.0000000000     -0.0001354308     0.0035201888
299     0.0000000000     0.0000000000     -0.0000000000     0.0000000000     -0.0000970662     0.0035036234
300     0.0000000000     0.0000000000     -0.0000000000     0.0000000000     -0.0000471102     0.0034831515
301     0.0000000000     0.0000000000     -0.0000000000     0.0000000000     0.0000020457     0.0034458001
302     0.0000000000     0.0000000000     -0.0000000000     0.0000000000     0.0000545841     0.0034311709
303     0.0000000000     0.0000000000     -0.0000000000     0.0000000000     0.0001096426     0.0034230375
304     0.0000000000     0.0000000000     -0.0000000000     0.0000000000     0.0001527701     0.0034118033
305     0.0000000000     0.0000000000     -0.0000000000     0.0000000000     0.0001800471     0.0033838103
306     0.0000000000     0.0000000000     -0.0000000000     0.0000000000     0.0002234046     0.0033693702
307     0.0000000000     0.0000000000     -0.0000000000     0.0000000000     0.0002663892     0.0033903821
308     0.0000000000     0.0000000000     -0.0000000000     0.0000000000     0.0003051466     0.0033849751
309     0.0000000000     0.0000000000     -0.0000000000     0.0000000000     0.0003413415     0.0033518293
310     0.0000000000     0.0000000000     -0.0000000000     0.0000000000     0.0003686979     0.0033324881
311     0.0000000000     0.0000000000     -0.0000000000     0.0000000000     0.0003727346     0.0033340567
312     0.0000000000     0.0000000000     -0.0000000000     0.0000000000     0.0003742311     0.0033374648
313     0.0000000000     0.0000000000     -0.0000000000     0.0000000000     -0.0004959323     0.0032391208
314     0.0000000000     0.0000000000     -0.0000000000     0.0000000000     -0.0004937365     0.0032420579
315     0.0000000000     0.0000000000     -0.0000000000     0.0000000000     -0.0004974843     0.0032406846
316     0.0000000000     0.0000000000     -0.0000000000     0.0000000000     -0.0004744115     0.0032517230
317     0.0000000000     0.0000000000     -0.0000000000     0.0000000000     -0.0004153267     0.0032635683
318     0.0000000000     0.0000000000     -0.0000000000     0.0000000000     -0.0003836031     0.0032254820
319     0.0000000000     0.0000000000     -0.0000000000     0.0000000000     -0.0003490846     0.0031923004
320     0.0000000000     0.0000000000     -0.0000000000     0.0000000000     -0.0003045954     0.0031855000
321     0.0000000000     0.0000000000     -0.0000000000     0.0000000000     -0.0002603891     0.0031490258
322     0.0000000000     0.0000000000     -0.0000000000     0.0000000000     -0.0002132492     0.0031353077
323     0.0000000000     0.0000000000     -0.0000000000     0.0000000000     -0.0001712823     0.0031787489
324     0.0000000000     0.0000000000     -0.0000000000     0.0000000000     -0.0001285684     0.0032060975
325     0.0000000000     0.0000000000     -0.0000000000     0.0000000000     -0.0000823599     0.0031839957
326     0.0000000000     0.0000000000     -0.0000000000     0.0000000000     -0.0000338403     0.0031596465
327     0.0000000000     0.0000000000     -0.0000000000     0.0000000000     0.0000185557     0.0031577385
328     0.0000000000     0.0000000000     -0.0000000000     0.0000000000     0.0000746611     0.0031469045
329     0.0000000000     0.0000000000     -0.0000000000     0.0000000000     0.0001278904     0.0031287870
330     0.0000000000     0.0000000000     -0.0000000000     0.0000000000     0.0001725023     0.0031241196
331     0.0000000000     0.0000000000     -0.0000000000     0.0000000000     0.0002089342     0.0031074015
332     0.0000000000     0.0000000000     -0.0000000000     0.0000000000     0.0002538372     0.0031059239
333     0.0000000000     0.0000000000     -0.0000000000     0.0000000000     0.0003062912     0.0031181478
334     0.0000000000     0.0000000000     -0.0000000000     0.0000000000     0.0003564672     0.0030922242
335     0.0000000000     0.0000000000     -0.0000000000     0.0000000000     0.0003996070     0.0030537961
336     0.0000000000     0.0000000000     -0.0000000000     0.0000000000     0.0004277173     0.0030353307
337     0.0000000000     0.0000000000     -0.0000000000     0.0000000000     0.0004287613     0.0030364628
338     0.0000000000     0.0000000000     -0.0000000000     0.0000000000     0.0004205213     0.0030405582
339     0.0000000000     0.0000000000     -0.0000000000     0.0000000000     -0.0005037974     0.0029545262
340     0.0000000000     0.0000000000     -0.0000000000     0.0000000000     -0.0005086218     0.0029693885
341     0.0000000000     0.0000000000     -0.0000000000     0.0000000000     -0.0005115101     0.0029676721
342     0.0000000000     0.0000000000     -0.0000000000     0.0000000000     -0.0004921708     0.0029768962
343     0.0000000000     0.0000000000     -0.0000000000     0.0000000000     -0.0004229164     0.0029825596
344     0.0000000000     0.0000000000     -0.0000000000     0.0000000000     -0.0003747242     0.0029521330
345     0.0000000000     0.0000000000     -0.0000000000     0.0000000000     -0.0003375747     0.0029088132
346     0.0000000000     0.0000000000     -0.0000000000     0.0000000000     -0.0002935493     0.0028917577
347     0.0000000000     0.0000000000     -0.0000000000     0.0000000000     -0.0002544452     0.0028728678
348     0.0000000000     0.0000000000     -0.0000000000     0.0000000000     -0.0002103420     0.0028694629
349     0.0000000000     0.0000000000     -0.0000000000     0.0000000000     -0.0001640655     0.0028751580
350     0.0000000000     0.0000000000     -0.0000000000     0.0000000000     -0.0001149965     0.0028732748
351     0.0000000000     0.0000000000     -0.0000000000     0.0000000000     -0.0000645422     0.0028547646
352     0.0000000000     0.0000000000     -0.0000000000     0.0000000000     -0.0000192346     0.0028235860
353     0.0000000000     0.0000000000     -0.0000000000     0.0000000000     0.0000332996     0.0028380142
354     0.0000000000     0.0000000000     -0.0000000000     0.0000000000     0.0000832038     0.0028439923
355     0.0000000000     0.0000000000     -0.0000000000     0.0000000000     0.0001294323     0.0028433781
356     0.0000000000     0.0000000000     -0.0000000000     0.0000000000     0.0001739008     0.0028598759
357     0.0000000000     0.0000000000     -0.0000000000     0.0000000000     0.0002174374     0.0028504995
358     0.0000000000     0.0000000000     -0.0000000000     0.0000000000     0.0002679837     0.0028366285
359     0.0000000000     0.0000000000     -0.0000000000     0.0000000000     0.0003277754     0.0028250587
360     0.0000000000     0.0000000000     -0.0000000000     0.0000000000     0.0003781129     0.0028028469
361     0.0000000000     0.0000000000     -0.0000000000     0.0000000000     0.0004290914     0.0027842155
362     0.0000000000     0.0000000000     -0.0000000000     0.0000000000     0.0004566720     0.0027740399
363     0.0000000000     0.0000000000     -0.0000000000     0.0000000000     0.0004552883     0.0027756392
364     0.0000000000     0.0000000000     -0.0000000000     0.0000000000     0.0004407920     0.0027687782
365     0.0000000000     0.0000000000     -0.0000000000     0.0000000000     -0.0005006042     0.0026623892
366     0.0000000000     0.0000000000     -0.0000000000     0.0000000000     -0.0005104617     0.0026753800
367     0.0000000000     0.0000000000     -0.0000000000     0.0000000000     -0.0005122956     0.0026750501
368     0.0000000000     0.0000000000     -0.0000000000     0.0000000000     -0.0004963416     0.0026724679
369     0.0000000000     0.0000000000     -0.0000000000     0.0000000000     -0.0004330598     0.0026374884
370     0.0000000000     0.0000000000     -0.0000000000     0.0000000000     -0.0003782593     0.0026096576
371     0.0000000000     0.0000000000     -0.0000000000     0.0000000000     -0.0003364639     0.0025900430
372     0.0000000000     0.0000000000     -0.0000000000     0.0000000000     -0.0002865181     0.0025906443
373     0.0000000000     0.0000000000     -0.0000000000     0.0000000000     -0.0002425897     0.0025911287
374     0.0000000000     0.0000000000     -0.0000000000     0.0000000000     -0.0001973464     0.0025778919
375     0.0000000000     0.0000000000     -0.0000000000     0.0000000000     -0.0001504209     0.0025447215
376     0.0000000000     0.0000000000     -0.0000000000     0.0000000000     -0.0000978243     0.0025223521
377     0.0000000000     0.0000000000     -0.0000000000     0.0000000000     -0.0000442604     0.0025099812
378     0.0000000000     0.0000000000     -0.0000000000     0.0000000000     -0.0000065122     0.0024820090
379     0.0000000000     0.0000000000     -0.0000000000     0.0000000000     0.0000354583     0.0024988293
380     0.0000000000     0.0000000000     -0.0000000000     0.0000000000     0.0000770443     0.0025237215
381     0.0000000000     0.0000000000     -0.0000000000     0.0000000000     0.0001242275     0.0025553594
382     0.0000000000     0.0000000000     -0.0000000000     0.0000000000     0.0001706487     0.0025849945
383     0.0000000000     0.0000000000     -0.0000000000     0.0000000000     0.0002116244     0.0025573559
384     0.0000000000     0.0000000000     -0.0000000000     0.0000000000     0.0002613360     0.0025098750
385     0.0000000000     0.0000000000     -0.0000000000     0.0000000000     0.0003190427     0.0024801026
386     0.0000000000     0.0000000000     -0.0000000000     0.0000000000     0.0003658855     0.0024739348
387     0.0000000000     0.0000000000     -0.0000000000     0.0000000000     0.0004136708     0.0024921814
388     0.0000000000     0.0000000000     -0.0000000000     0.0000000000     0.0004368060     0.0025005429
389     0.0000000000     0.0000000000     -0.0000000000     0.0000000000     0.0004346117     0.0025010763
390     0.0000000000     0.0000000000     -0.0000000000     0.0000000000     0.0004249798     0.0024868645
391     0.0000000000     0.0000000000     -78.6048648267     0.0000000000     -0.0004803980     0.0023500141
392     0.0000000000     0.0000000000     -78.6048648267     0.0000000000     -0.0004922539     0.0023497422
393     0.0000000000     0.0000000000     -78.6048648267     0.0000000000     -0.0004933091     0.0023515956
394     0.0000000000     0.0000000000     -78.6048648267     0.0000000000     -0.0004774714     0.0023359408
395     0.0000000000     0.0000000000     -78.6048648267     0.0000000000     -0.0004248450     0.0022698183
396     0.0000000000     0.0000000000     -78.6048648267     0.0000000000     -0.0003750175     0.0022435840
397     0.0000000000     0.0000000000     -78.6048648267     0.0000000000     -0.0003298775     0.0022456712
398     0.0000000000     0.0000000000     -78.6048648267     0.0000000000     -0.0002590375     0.0022790853
399     0.0000000000     0.0000000000     -78.6048648267     0.0000000000     -0.0002065229     0.0022991882
400     0.0000000000     0.0000000000     -78.6048648267     0.0000000000     -0.0001752066     0.0022572460
401     0.0000000000     0.0000000000     -78.6048648267     0.0000000000     -0.0001368270     0.0021939893
402     0.0000000000     0.0000000000     -78.6048648267     0.0000000000     -0.0000877604     0.0021592647
403     0.0000000000     0.0000000000     -78.6048648267     0.0000000000     -0.0000365022     0.0021556443
404     0.0000000000     0.0000000000     -78.6048648267     0.0000000000     -0.0000018744     0.0021443360
405     0.0000000000     0.0000000000     -78.6048648267     0.0000000000     0.0000329280     0.0021606903
406     0.0000000000     0.0000000000     -78.6048648267     0.0000000000     0.0000737430     0.0021901818
407     0.0000000000     0.0000000000     -78.6048648267     0.0000000000     0.0001263343     0.0022422217
408     0.0000000000     0.0000000000     -78.6048648267     0.0000000000     0.0001702091     0.0022739560
409     0.0000000000     0.0000000000     -78.6048648267     0.0000000000     0.0002027047     0.0022219255
410     0.0000000000     0.0000000000     -78.6048648267     0.0000000000     0.0002440472     0.0021502526
411     0.0000000000     0.0000000000     -78.6048648267     0.0000000000     0.0002924421     0.0021149643
412     0.0000000000     0.0000000000     -78.6048648267     0.0000000000     0.0003310052     0.0021244087
413     0.0000000000     0.0000000000     -78.6048648267     0.0000000000     0.0003660282     0.0021680198
414     0.0000000000     0.0000000000     -78.6048648267     0.0000000000     0.0003896174     0.0021882932
415     0.0000000000     0.0000000000     -78.6048648267     0.0000000000     0.0003894383     0.0021868773
416     0.0000000000     0.0000000000     -78.6048648267     0.0000000000     0.0003865531     0.0021763968
